[0.014s] Invoking command in '/home/robogait/catkin_ws/build/pkg_navigation': CMAKE_PREFIX_PATH=${CMAKE_PREFIX_PATH}:/home/robogait/nav2_ws/install/nav2_gazebo_spawner:/home/robogait/ros2_serial/install/ourbotmanager:/home/robogait/ros2_ws/install/nav2_project:/opt/ros/foxy /bin/cmake --build /home/robogait/catkin_ws/build/pkg_navigation -- -j8 -l8
[0.063s] [35m[1mScanning dependencies of target tf2_broadcaster_camera[0m
[0.091s] [ 10%] Built target tf2_broadcaster_person
[0.091s] [ 30%] Built target publisher_initial_pose
[0.091s] [ 30%] Built target tf2_broadcaster
[0.092s] [ 40%] Built target robot_controller
[0.093s] [ 50%] Built target publisher_subscriber
[0.094s] [ 60%] Built target robot_odom_tf2_listener
[0.102s] [ 65%] [32mBuilding CXX object CMakeFiles/tf2_broadcaster_camera.dir/src/tf2_broadcaster_camera.cpp.o[0m
[0.103s] [ 75%] Built target robot_controller_position
[0.122s] [ 85%] Built target robot_controller_straight
[0.123s] [ 95%] Built target person_odom_tf2_listener
[0.976s] [01m[K/home/robogait/catkin_ws/src/pkg_navigation/src/tf2_broadcaster_camera.cpp:[m[K In member function ‘[01m[Kvoid FramePublisher::handle_camera_pose(std::shared_ptr<std_msgs::msg::Float32_<std::allocator<void> > >)[m[K’:
[0.976s] [01m[K/home/robogait/catkin_ws/src/pkg_navigation/src/tf2_broadcaster_camera.cpp:60:38:[m[K [01;31m[Kerror: [m[Kbase operand of ‘[01m[K->[m[K’ has non-pointer type ‘[01m[Ktf2::Quaternion[m[K’
[0.976s]    60 |     t.transform.rotation.x = q_camera[01;31m[K->[m[Kx;
[0.976s]       |                                      [01;31m[K^~[m[K
[0.977s] [01m[K/home/robogait/catkin_ws/src/pkg_navigation/src/tf2_broadcaster_camera.cpp:61:38:[m[K [01;31m[Kerror: [m[Kbase operand of ‘[01m[K->[m[K’ has non-pointer type ‘[01m[Ktf2::Quaternion[m[K’
[0.977s]    61 |     t.transform.rotation.y = q_camera[01;31m[K->[m[Ky;
[0.977s]       |                                      [01;31m[K^~[m[K
[0.977s] [01m[K/home/robogait/catkin_ws/src/pkg_navigation/src/tf2_broadcaster_camera.cpp:62:38:[m[K [01;31m[Kerror: [m[Kbase operand of ‘[01m[K->[m[K’ has non-pointer type ‘[01m[Ktf2::Quaternion[m[K’
[0.977s]    62 |     t.transform.rotation.z = q_camera[01;31m[K->[m[Kz;
[0.977s]       |                                      [01;31m[K^~[m[K
[0.977s] [01m[K/home/robogait/catkin_ws/src/pkg_navigation/src/tf2_broadcaster_camera.cpp:63:38:[m[K [01;31m[Kerror: [m[Kbase operand of ‘[01m[K->[m[K’ has non-pointer type ‘[01m[Ktf2::Quaternion[m[K’
[0.977s]    63 |     t.transform.rotation.w = q_camera[01;31m[K->[m[Kw;
[0.977s]       |                                      [01;31m[K^~[m[K
[2.012s] make[2]: *** [CMakeFiles/tf2_broadcaster_camera.dir/build.make:63: CMakeFiles/tf2_broadcaster_camera.dir/src/tf2_broadcaster_camera.cpp.o] Error 1
[2.012s] make[1]: *** [CMakeFiles/Makefile2:123: CMakeFiles/tf2_broadcaster_camera.dir/all] Error 2
[2.012s] make: *** [Makefile:141: all] Error 2
[2.014s] Invoked command in '/home/robogait/catkin_ws/build/pkg_navigation' returned '2': CMAKE_PREFIX_PATH=${CMAKE_PREFIX_PATH}:/home/robogait/nav2_ws/install/nav2_gazebo_spawner:/home/robogait/ros2_serial/install/ourbotmanager:/home/robogait/ros2_ws/install/nav2_project:/opt/ros/foxy /bin/cmake --build /home/robogait/catkin_ws/build/pkg_navigation -- -j8 -l8
