-- Found ament_cmake: 0.9.9 (/opt/ros/foxy/share/ament_cmake/cmake)
-- Found PythonInterp: /usr/bin/python3 (found suitable version "3.8.10", minimum required is "3") 
-- Using PYTHON_EXECUTABLE: /usr/bin/python3
-- Found rclcpp: 2.4.1 (/opt/ros/foxy/share/rclcpp/cmake)
-- Using all available rosidl_typesupport_c: rosidl_typesupport_fastrtps_c;rosidl_typesupport_introspection_c
-- Found rosidl_adapter: 1.2.1 (/opt/ros/foxy/share/rosidl_adapter/cmake)
-- Using all available rosidl_typesupport_cpp: rosidl_typesupport_fastrtps_cpp;rosidl_typesupport_introspection_cpp
-- Found rmw_implementation_cmake: 1.0.3 (/opt/ros/foxy/share/rmw_implementation_cmake/cmake)
-- Using RMW implementation 'rmw_fastrtps_cpp' as default
-- Found body_tracking: 0.0.0 (/home/robogait/azure_kinect_ws/install/body_tracking/share/body_tracking/cmake)
-- Found rosidl_default_generators: 1.0.1 (/opt/ros/foxy/share/rosidl_default_generators/cmake)
-- Found PythonInterp: /usr/bin/python3 (found version "3.8.10") 
-- Found ament_cmake_ros: 0.9.2 (/opt/ros/foxy/share/ament_cmake_ros/cmake)
-- Using all available rosidl_typesupport_c: rosidl_typesupport_fastrtps_c;rosidl_typesupport_introspection_c
-- Using all available rosidl_typesupport_cpp: rosidl_typesupport_fastrtps_cpp;rosidl_typesupport_introspection_cpp
-- Found PythonInterp: /usr/bin/python3 (found suitable version "3.8.10", minimum required is "3.5") 
-- Found python_cmake_module: 0.8.1 (/opt/ros/foxy/share/python_cmake_module/cmake)
-- Using PYTHON_EXECUTABLE: /usr/bin/python3
-- Using PYTHON_INCLUDE_DIRS: /usr/include/python3.8
-- Using PYTHON_LIBRARIES: /usr/lib/x86_64-linux-gnu/libpython3.8.so
-- Found ament_lint_auto: 0.9.6 (/opt/ros/foxy/share/ament_lint_auto/cmake)
-- Added test 'copyright' to check source files copyright and LICENSE
-- Added test 'cppcheck' to perform static code analysis on C / C++ code
-- Configured cppcheck include dirs: $<BUILD_INTERFACE:/home/robogait/azure_kinect_ws/src/body_tracking/include>
-- Configured cppcheck exclude dirs and/or files: 
-- Added test 'cpplint' to check C / C++ code against the Google style
-- Configured cpplint exclude dirs and/or files: 
-- Added test 'lint_cmake' to check CMake code style
-- Added test 'uncrustify' to check C / C++ code style
-- Configured uncrustify additional arguments: 
-- Added test 'xmllint' to check XML markup files
-- Configuring done
-- Generating done
-- Build files have been written to: /home/robogait/azure_kinect_ws/build/body_tracking
[35m[1mScanning dependencies of target prueba_talker[0m
[  7%] Built target body_tracking__cpp
[ 10%] [32mBuilding CXX object CMakeFiles/prueba_talker.dir/src/main.cpp.o[0m
[ 10%] Built target body_tracking_node
[ 17%] Built target body_tracking__rosidl_generator_c
[ 20%] [32m[1mLinking CXX executable listener[0m
[ 23%] [32m[1mLinking CXX executable talker[0m
[ 46%] Built target body_tracking__rosidl_typesupport_introspection_cpp
[ 53%] Built target body_tracking__rosidl_typesupport_cpp
[ 46%] Built target body_tracking__rosidl_typesupport_c
[ 46%] Built target body_tracking__rosidl_typesupport_introspection_c
[ 61%] Built target body_tracking__rosidl_typesupport_fastrtps_cpp
[ 69%] Built target body_tracking__rosidl_typesupport_fastrtps_c
[ 69%] Built target body_tracking
[ 71%] Built target body_tracking__py
[ 76%] Built target body_tracking__python
[ 82%] Built target body_tracking__rosidl_typesupport_c__pyext
[ 92%] Built target body_tracking__rosidl_typesupport_fastrtps_c__pyext
[ 92%] Built target body_tracking__rosidl_typesupport_introspection_c__pyext
[ 94%] Built target talker
[ 97%] Built target listener
[100%] [32m[1mLinking CXX executable prueba_talker[0m
