[0.011s] Invoking command in '/home/robogait/azure_kinect_ws/build/body_tracking': CMAKE_PREFIX_PATH=${CMAKE_PREFIX_PATH}:/home/robogait/ros2_serial/install/ourbotmanager:/opt/ros/foxy /usr/bin/cmake --build /home/robogait/azure_kinect_ws/build/body_tracking -- -j8 -l8
[0.029s] -- Found ament_cmake: 0.9.9 (/opt/ros/foxy/share/ament_cmake/cmake)
[0.044s] -- Found PythonInterp: /usr/bin/python3 (found suitable version "3.8.10", minimum required is "3") 
[0.044s] -- Using PYTHON_EXECUTABLE: /usr/bin/python3
[0.147s] -- Found rclcpp: 2.4.1 (/opt/ros/foxy/share/rclcpp/cmake)
[0.166s] -- Using all available rosidl_typesupport_c: rosidl_typesupport_fastrtps_c;rosidl_typesupport_introspection_c
[0.168s] -- Found rosidl_adapter: 1.2.1 (/opt/ros/foxy/share/rosidl_adapter/cmake)
[0.238s] -- Using all available rosidl_typesupport_cpp: rosidl_typesupport_fastrtps_cpp;rosidl_typesupport_introspection_cpp
[0.266s] -- Found rmw_implementation_cmake: 1.0.3 (/opt/ros/foxy/share/rmw_implementation_cmake/cmake)
[0.267s] -- Using RMW implementation 'rmw_fastrtps_cpp' as default
[0.350s] -- Found body_tracking: 0.0.0 (/home/robogait/azure_kinect_ws/install/body_tracking/share/body_tracking/cmake)
[0.368s] -- Found rosidl_default_generators: 1.0.1 (/opt/ros/foxy/share/rosidl_default_generators/cmake)
[0.390s] -- Found PythonInterp: /usr/bin/python3 (found version "3.8.10") 
[0.483s] -- Found ament_cmake_ros: 0.9.2 (/opt/ros/foxy/share/ament_cmake_ros/cmake)
[0.583s] -- Using all available rosidl_typesupport_c: rosidl_typesupport_fastrtps_c;rosidl_typesupport_introspection_c
[0.617s] -- Using all available rosidl_typesupport_cpp: rosidl_typesupport_fastrtps_cpp;rosidl_typesupport_introspection_cpp
[0.633s] -- Found PythonInterp: /usr/bin/python3 (found suitable version "3.8.10", minimum required is "3.5") 
[0.633s] -- Found python_cmake_module: 0.8.1 (/opt/ros/foxy/share/python_cmake_module/cmake)
[0.648s] -- Using PYTHON_EXECUTABLE: /usr/bin/python3
[0.648s] -- Using PYTHON_INCLUDE_DIRS: /usr/include/python3.8
[0.648s] -- Using PYTHON_LIBRARIES: /usr/lib/x86_64-linux-gnu/libpython3.8.so
[0.669s] -- Found ament_lint_auto: 0.9.6 (/opt/ros/foxy/share/ament_lint_auto/cmake)
[0.674s] -- Added test 'copyright' to check source files copyright and LICENSE
[0.675s] -- Added test 'cppcheck' to perform static code analysis on C / C++ code
[0.676s] -- Configured cppcheck include dirs: $<BUILD_INTERFACE:/home/robogait/azure_kinect_ws/src/body_tracking/include>
[0.676s] -- Configured cppcheck exclude dirs and/or files: 
[0.676s] -- Added test 'cpplint' to check C / C++ code against the Google style
[0.676s] -- Configured cpplint exclude dirs and/or files: 
[0.676s] -- Added test 'lint_cmake' to check CMake code style
[0.677s] -- Added test 'uncrustify' to check C / C++ code style
[0.677s] -- Configured uncrustify additional arguments: 
[0.677s] -- Added test 'xmllint' to check XML markup files
[0.680s] -- Configuring done
[0.708s] -- Generating done
[0.710s] -- Build files have been written to: /home/robogait/azure_kinect_ws/build/body_tracking
[0.730s] [35m[1mScanning dependencies of target prueba_talker[0m
[0.737s] [  7%] Built target body_tracking__cpp
[0.738s] [ 10%] [32mBuilding CXX object CMakeFiles/prueba_talker.dir/src/main.cpp.o[0m
[0.738s] [ 10%] Built target body_tracking_node
[0.738s] [ 17%] Built target body_tracking__rosidl_generator_c
[0.740s] [ 20%] [32m[1mLinking CXX executable listener[0m
[0.743s] [ 23%] [32m[1mLinking CXX executable talker[0m
[0.758s] [ 46%] Built target body_tracking__rosidl_typesupport_introspection_cpp
[0.758s] [ 53%] Built target body_tracking__rosidl_typesupport_cpp
[0.759s] [ 46%] Built target body_tracking__rosidl_typesupport_c
[0.759s] [ 46%] Built target body_tracking__rosidl_typesupport_introspection_c
[0.762s] [ 61%] Built target body_tracking__rosidl_typesupport_fastrtps_cpp
[0.781s] [ 69%] Built target body_tracking__rosidl_typesupport_fastrtps_c
[0.796s] [ 69%] Built target body_tracking
[0.814s] [ 71%] Built target body_tracking__py
[0.834s] [ 76%] Built target body_tracking__python
[0.859s] [ 82%] Built target body_tracking__rosidl_typesupport_c__pyext
[0.860s] [ 92%] Built target body_tracking__rosidl_typesupport_fastrtps_c__pyext
[0.860s] [ 92%] Built target body_tracking__rosidl_typesupport_introspection_c__pyext
[0.868s] [ 94%] Built target talker
[0.913s] [ 97%] Built target listener
[0.961s] [100%] [32m[1mLinking CXX executable prueba_talker[0m
[0.984s] /usr/bin/ld: CMakeFiles/prueba_talker.dir/src/main.cpp.o: in function `print_body_index_map_middle_line(_k4a_image_t*)':
[0.985s] main.cpp:(.text+0x12a): undefined reference to `k4a_image_get_buffer'
[0.985s] /usr/bin/ld: main.cpp:(.text+0x13a): undefined reference to `k4a_image_get_stride_bytes'
[0.985s] /usr/bin/ld: main.cpp:(.text+0x148): undefined reference to `k4a_image_get_width_pixels'
[0.985s] /usr/bin/ld: main.cpp:(.text+0x177): undefined reference to `k4a_image_get_height_pixels'
[0.985s] /usr/bin/ld: main.cpp:(.text+0x18f): undefined reference to `k4a_image_get_width_pixels'
[0.985s] /usr/bin/ld: main.cpp:(.text+0x1c2): undefined reference to `k4a_image_get_width_pixels'
[0.985s] /usr/bin/ld: CMakeFiles/prueba_talker.dir/src/main.cpp.o: in function `main':
[0.985s] main.cpp:(.text+0x27f): undefined reference to `k4a_device_get_installed_count'
[0.985s] /usr/bin/ld: main.cpp:(.text+0x2b2): undefined reference to `k4a_device_open'
[0.985s] /usr/bin/ld: main.cpp:(.text+0x2ea): undefined reference to `k4a_device_start_cameras'
[0.985s] /usr/bin/ld: main.cpp:(.text+0x32d): undefined reference to `k4a_device_get_calibration'
[0.985s] /usr/bin/ld: main.cpp:(.text+0x3c5): undefined reference to `k4abt_tracker_create'
[0.985s] /usr/bin/ld: main.cpp:(.text+0x430): undefined reference to `k4a_device_get_capture'
[0.985s] /usr/bin/ld: main.cpp:(.text+0x48d): undefined reference to `k4abt_tracker_enqueue_capture'
[0.985s] /usr/bin/ld: main.cpp:(.text+0x4a2): undefined reference to `k4a_capture_release'
[0.985s] /usr/bin/ld: main.cpp:(.text+0x4ff): undefined reference to `k4abt_tracker_pop_result'
[0.985s] /usr/bin/ld: main.cpp:(.text+0x590): undefined reference to `k4abt_frame_get_num_bodies'
[0.985s] /usr/bin/ld: main.cpp:(.text+0x5f9): undefined reference to `k4abt_frame_get_body_skeleton'
[0.985s] /usr/bin/ld: main.cpp:(.text+0x62f): undefined reference to `k4abt_frame_get_body_id'
[0.985s] /usr/bin/ld: main.cpp:(.text+0x694): undefined reference to `k4abt_frame_get_body_index_map'
[0.985s] /usr/bin/ld: main.cpp:(.text+0x6c3): undefined reference to `k4a_image_release'
[0.985s] /usr/bin/ld: main.cpp:(.text+0x6e0): undefined reference to `k4abt_frame_release'
[0.985s] /usr/bin/ld: main.cpp:(.text+0x7e0): undefined reference to `k4abt_tracker_shutdown'
[0.985s] /usr/bin/ld: main.cpp:(.text+0x7ef): undefined reference to `k4abt_tracker_destroy'
[0.985s] /usr/bin/ld: main.cpp:(.text+0x7fe): undefined reference to `k4a_device_stop_cameras'
[0.985s] /usr/bin/ld: main.cpp:(.text+0x80d): undefined reference to `k4a_device_close'
[0.986s] collect2: error: ld returned 1 exit status
[0.986s] make[2]: *** [CMakeFiles/prueba_talker.dir/build.make:106: prueba_talker] Error 1
[0.986s] make[1]: *** [CMakeFiles/Makefile2:325: CMakeFiles/prueba_talker.dir/all] Error 2
[0.986s] make: *** [Makefile:141: all] Error 2
[0.989s] Invoked command in '/home/robogait/azure_kinect_ws/build/body_tracking' returned '2': CMAKE_PREFIX_PATH=${CMAKE_PREFIX_PATH}:/home/robogait/ros2_serial/install/ourbotmanager:/opt/ros/foxy /usr/bin/cmake --build /home/robogait/azure_kinect_ws/build/body_tracking -- -j8 -l8
