[0.013s] Invoking command in '/home/robogait/catkin_ws/build/pkg_navigation': CMAKE_PREFIX_PATH=${CMAKE_PREFIX_PATH}:/home/robogait/ros2_ws/install/nav2_project:/home/robogait/nav2_ws/install/nav2_gazebo_spawner:/home/robogait/ros2_serial/install/ourbotmanager:/opt/ros/foxy /usr/bin/cmake --build /home/robogait/catkin_ws/build/pkg_navigation -- -j8 -l8
[0.042s] -- Found ament_cmake: 0.9.9 (/opt/ros/foxy/share/ament_cmake/cmake)
[0.061s] -- Using PYTHON_EXECUTABLE: /usr/bin/python3
[0.165s] -- Override CMake install command with custom implementation using symlinks instead of copying resources
[0.169s] -- Found rclcpp: 2.4.1 (/opt/ros/foxy/share/rclcpp/cmake)
[0.192s] -- Using all available rosidl_typesupport_c: rosidl_typesupport_fastrtps_c;rosidl_typesupport_introspection_c
[0.194s] -- Found rosidl_adapter: 1.2.1 (/opt/ros/foxy/share/rosidl_adapter/cmake)
[0.278s] -- Using all available rosidl_typesupport_cpp: rosidl_typesupport_fastrtps_cpp;rosidl_typesupport_introspection_cpp
[0.307s] -- Found rmw_implementation_cmake: 1.0.3 (/opt/ros/foxy/share/rmw_implementation_cmake/cmake)
[0.309s] -- Using RMW implementation 'rmw_fastrtps_cpp' as default
[0.392s] -- Found geometry_msgs: 2.0.5 (/opt/ros/foxy/share/geometry_msgs/cmake)
[0.414s] -- Found nav_msgs: 2.0.5 (/opt/ros/foxy/share/nav_msgs/cmake)
[0.457s] -- Found sensor_msgs: 2.0.5 (/opt/ros/foxy/share/sensor_msgs/cmake)
[0.499s] -- Found tf2: 0.13.13 (/opt/ros/foxy/share/tf2/cmake)
[0.505s] -- Found tf2_ros: 0.13.13 (/opt/ros/foxy/share/tf2_ros/cmake)
[0.705s] -- Found turtlesim: 1.2.5 (/home/robogait/tutorials_ros2/install/turtlesim/share/turtlesim/cmake)
[0.786s] -- Configuring done
[0.802s] -- Generating done
[0.803s] -- Build files have been written to: /home/robogait/catkin_ws/build/pkg_navigation
[0.826s] [35m[1mScanning dependencies of target robot_controller[0m
[0.837s] [ 12%] [32mBuilding CXX object CMakeFiles/robot_controller.dir/src/robot_controller.cpp.o[0m
[0.844s] [ 87%] Built target publisher_subscriber
[0.844s] [ 87%] Built target tf2_broadcaster
[0.844s] [ 87%] Built target publisher_initial_pose
[0.865s] [01m[K/home/robogait/catkin_ws/src/pkg_navigation/src/robot_controller.cpp:7:10:[m[K [01;31m[Kfatal error: [m[Krclcpp/rclcpp.hpp: No such file or directory
[0.865s]     7 | #include [01;31m[K"rclcpp/rclcpp.hpp"[m[K
[0.865s]       |          [01;31m[K^~~~~~~~~~~~~~~~~~~[m[K
[0.865s] compilation terminated.
[0.866s] make[2]: *** [CMakeFiles/robot_controller.dir/build.make:63: CMakeFiles/robot_controller.dir/src/robot_controller.cpp.o] Error 1
[0.866s] make[1]: *** [CMakeFiles/Makefile2:84: CMakeFiles/robot_controller.dir/all] Error 2
[0.866s] make: *** [Makefile:141: all] Error 2
[0.868s] Invoked command in '/home/robogait/catkin_ws/build/pkg_navigation' returned '2': CMAKE_PREFIX_PATH=${CMAKE_PREFIX_PATH}:/home/robogait/ros2_ws/install/nav2_project:/home/robogait/nav2_ws/install/nav2_gazebo_spawner:/home/robogait/ros2_serial/install/ourbotmanager:/opt/ros/foxy /usr/bin/cmake --build /home/robogait/catkin_ws/build/pkg_navigation -- -j8 -l8
