-- Found ament_cmake: 0.9.9 (/opt/ros/foxy/share/ament_cmake/cmake)
-- Found PythonInterp: /usr/bin/python3 (found suitable version "3.8.10", minimum required is "3") 
-- Using PYTHON_EXECUTABLE: /usr/bin/python3
-- Override CMake install command with custom implementation using symlinks instead of copying resources
-- Found rclcpp: 2.4.1 (/opt/ros/foxy/share/rclcpp/cmake)
-- Using all available rosidl_typesupport_c: rosidl_typesupport_fastrtps_c;rosidl_typesupport_introspection_c
-- Found rosidl_adapter: 1.2.1 (/opt/ros/foxy/share/rosidl_adapter/cmake)
-- Using all available rosidl_typesupport_cpp: rosidl_typesupport_fastrtps_cpp;rosidl_typesupport_introspection_cpp
-- Found rmw_implementation_cmake: 1.0.3 (/opt/ros/foxy/share/rmw_implementation_cmake/cmake)
-- Using RMW implementation 'rmw_fastrtps_cpp' as default
-- Found geometry_msgs: 2.0.5 (/opt/ros/foxy/share/geometry_msgs/cmake)
-- Found PythonInterp: /usr/bin/python3 (found version "3.8.10") 
-- Found ament_cmake_cppcheck: 0.9.6 (/opt/ros/foxy/share/ament_cmake_cppcheck/cmake)
-- Found ament_cmake_cpplint: 0.9.6 (/opt/ros/foxy/share/ament_cmake_cpplint/cmake)
-- Found ament_cmake_uncrustify: 0.9.6 (/opt/ros/foxy/share/ament_cmake_uncrustify/cmake)
-- Found ament_cmake_ros: 0.9.2 (/opt/ros/foxy/share/ament_cmake_ros/cmake)
-- Using all available rosidl_typesupport_c: rosidl_typesupport_fastrtps_c;rosidl_typesupport_introspection_c
-- Using all available rosidl_typesupport_cpp: rosidl_typesupport_fastrtps_cpp;rosidl_typesupport_introspection_cpp
-- Found ament_lint_auto: 0.9.6 (/opt/ros/foxy/share/ament_lint_auto/cmake)
-- Added test 'copyright' to check source files copyright and LICENSE
-- Added test 'lint_cmake' to check CMake code style
-- Added test 'xmllint' to check XML markup files
-- Configuring done
-- Generating done
-- Build files have been written to: /home/robogait/azure_kinect_ws/build/body_tracker_msgs
[  2%] Built target body_tracker_msgs__cpp
[ 16%] Built target body_tracker_msgs__rosidl_generator_c
[ 30%] Built target body_tracker_msgs__rosidl_typesupport_c
[ 44%] Built target body_tracker_msgs__rosidl_typesupport_cpp
[ 58%] Built target body_tracker_msgs__rosidl_typesupport_introspection_cpp
[ 72%] Built target body_tracker_msgs__rosidl_typesupport_introspection_c
[ 86%] Built target body_tracker_msgs__rosidl_typesupport_fastrtps_cpp
[100%] Built target body_tracker_msgs__rosidl_typesupport_fastrtps_c
[100%] Built target body_tracker_msgs
-- Install configuration: ""
-- Execute custom install script
-- Up-to-date symlink: /home/robogait/azure_kinect_ws/install/body_tracker_msgs/share/ament_index/resource_index/rosidl_interfaces/body_tracker_msgs
-- Up-to-date symlink: /home/robogait/azure_kinect_ws/install/body_tracker_msgs/include/body_tracker_msgs/msg/detail/hip_coordinates__functions.h
-- Up-to-date symlink: /home/robogait/azure_kinect_ws/install/body_tracker_msgs/include/body_tracker_msgs/msg/detail/hip_coordinates__struct.h
-- Up-to-date symlink: /home/robogait/azure_kinect_ws/install/body_tracker_msgs/include/body_tracker_msgs/msg/detail/hip_coordinates__type_support.h
-- Up-to-date symlink: /home/robogait/azure_kinect_ws/install/body_tracker_msgs/include/body_tracker_msgs/msg/detail/skeleton__functions.h
-- Up-to-date symlink: /home/robogait/azure_kinect_ws/install/body_tracker_msgs/include/body_tracker_msgs/msg/detail/skeleton__struct.h
-- Up-to-date symlink: /home/robogait/azure_kinect_ws/install/body_tracker_msgs/include/body_tracker_msgs/msg/detail/skeleton__type_support.h
-- Up-to-date symlink: /home/robogait/azure_kinect_ws/install/body_tracker_msgs/include/body_tracker_msgs/msg/detail/spine_bottom__functions.h
-- Up-to-date symlink: /home/robogait/azure_kinect_ws/install/body_tracker_msgs/include/body_tracker_msgs/msg/detail/spine_bottom__struct.h
-- Up-to-date symlink: /home/robogait/azure_kinect_ws/install/body_tracker_msgs/include/body_tracker_msgs/msg/detail/spine_bottom__type_support.h
-- Up-to-date symlink: /home/robogait/azure_kinect_ws/install/body_tracker_msgs/include/body_tracker_msgs/msg/hip_coordinates.h
-- Up-to-date symlink: /home/robogait/azure_kinect_ws/install/body_tracker_msgs/include/body_tracker_msgs/msg/rosidl_generator_c__visibility_control.h
-- Up-to-date symlink: /home/robogait/azure_kinect_ws/install/body_tracker_msgs/include/body_tracker_msgs/msg/skeleton.h
-- Up-to-date symlink: /home/robogait/azure_kinect_ws/install/body_tracker_msgs/include/body_tracker_msgs/msg/spine_bottom.h
-- Up-to-date symlink: /home/robogait/azure_kinect_ws/install/body_tracker_msgs/share/body_tracker_msgs/environment/library_path.sh
-- Up-to-date symlink: /home/robogait/azure_kinect_ws/install/body_tracker_msgs/share/body_tracker_msgs/environment/library_path.dsv
-- Up-to-date symlink: /home/robogait/azure_kinect_ws/install/body_tracker_msgs/include/body_tracker_msgs/msg/detail/hip_coordinates__rosidl_typesupport_fastrtps_c.h
-- Up-to-date symlink: /home/robogait/azure_kinect_ws/install/body_tracker_msgs/include/body_tracker_msgs/msg/detail/skeleton__rosidl_typesupport_fastrtps_c.h
-- Up-to-date symlink: /home/robogait/azure_kinect_ws/install/body_tracker_msgs/include/body_tracker_msgs/msg/detail/spine_bottom__rosidl_typesupport_fastrtps_c.h
-- Up-to-date symlink: /home/robogait/azure_kinect_ws/install/body_tracker_msgs/include/body_tracker_msgs/msg/rosidl_typesupport_fastrtps_c__visibility_control.h
-- Up-to-date symlink: /home/robogait/azure_kinect_ws/install/body_tracker_msgs/lib/libbody_tracker_msgs__rosidl_typesupport_fastrtps_c.so
-- Up-to-date symlink: /home/robogait/azure_kinect_ws/install/body_tracker_msgs/include/body_tracker_msgs/msg/detail/hip_coordinates__rosidl_typesupport_fastrtps_cpp.hpp
-- Up-to-date symlink: /home/robogait/azure_kinect_ws/install/body_tracker_msgs/include/body_tracker_msgs/msg/detail/skeleton__rosidl_typesupport_fastrtps_cpp.hpp
-- Up-to-date symlink: /home/robogait/azure_kinect_ws/install/body_tracker_msgs/include/body_tracker_msgs/msg/detail/spine_bottom__rosidl_typesupport_fastrtps_cpp.hpp
-- Up-to-date symlink: /home/robogait/azure_kinect_ws/install/body_tracker_msgs/include/body_tracker_msgs/msg/rosidl_typesupport_fastrtps_cpp__visibility_control.h
-- Up-to-date symlink: /home/robogait/azure_kinect_ws/install/body_tracker_msgs/lib/libbody_tracker_msgs__rosidl_typesupport_fastrtps_cpp.so
-- Up-to-date symlink: /home/robogait/azure_kinect_ws/install/body_tracker_msgs/include/body_tracker_msgs/msg/detail/hip_coordinates__rosidl_typesupport_introspection_c.h
-- Up-to-date symlink: /home/robogait/azure_kinect_ws/install/body_tracker_msgs/include/body_tracker_msgs/msg/detail/skeleton__rosidl_typesupport_introspection_c.h
-- Up-to-date symlink: /home/robogait/azure_kinect_ws/install/body_tracker_msgs/include/body_tracker_msgs/msg/detail/spine_bottom__rosidl_typesupport_introspection_c.h
-- Up-to-date symlink: /home/robogait/azure_kinect_ws/install/body_tracker_msgs/include/body_tracker_msgs/msg/rosidl_typesupport_introspection_c__visibility_control.h
-- Up-to-date symlink: /home/robogait/azure_kinect_ws/install/body_tracker_msgs/include/body_tracker_msgs/msg/detail/hip_coordinates__builder.hpp
-- Up-to-date symlink: /home/robogait/azure_kinect_ws/install/body_tracker_msgs/include/body_tracker_msgs/msg/detail/hip_coordinates__struct.hpp
-- Up-to-date symlink: /home/robogait/azure_kinect_ws/install/body_tracker_msgs/include/body_tracker_msgs/msg/detail/hip_coordinates__traits.hpp
-- Up-to-date symlink: /home/robogait/azure_kinect_ws/install/body_tracker_msgs/include/body_tracker_msgs/msg/detail/skeleton__builder.hpp
-- Up-to-date symlink: /home/robogait/azure_kinect_ws/install/body_tracker_msgs/include/body_tracker_msgs/msg/detail/skeleton__struct.hpp
-- Up-to-date symlink: /home/robogait/azure_kinect_ws/install/body_tracker_msgs/include/body_tracker_msgs/msg/detail/skeleton__traits.hpp
-- Up-to-date symlink: /home/robogait/azure_kinect_ws/install/body_tracker_msgs/include/body_tracker_msgs/msg/detail/spine_bottom__builder.hpp
-- Up-to-date symlink: /home/robogait/azure_kinect_ws/install/body_tracker_msgs/include/body_tracker_msgs/msg/detail/spine_bottom__struct.hpp
-- Up-to-date symlink: /home/robogait/azure_kinect_ws/install/body_tracker_msgs/include/body_tracker_msgs/msg/detail/spine_bottom__traits.hpp
-- Up-to-date symlink: /home/robogait/azure_kinect_ws/install/body_tracker_msgs/include/body_tracker_msgs/msg/hip_coordinates.hpp
-- Up-to-date symlink: /home/robogait/azure_kinect_ws/install/body_tracker_msgs/include/body_tracker_msgs/msg/skeleton.hpp
-- Up-to-date symlink: /home/robogait/azure_kinect_ws/install/body_tracker_msgs/include/body_tracker_msgs/msg/spine_bottom.hpp
-- Up-to-date symlink: /home/robogait/azure_kinect_ws/install/body_tracker_msgs/include/body_tracker_msgs/msg/detail/hip_coordinates__rosidl_typesupport_introspection_cpp.hpp
-- Up-to-date symlink: /home/robogait/azure_kinect_ws/install/body_tracker_msgs/include/body_tracker_msgs/msg/detail/skeleton__rosidl_typesupport_introspection_cpp.hpp
-- Up-to-date symlink: /home/robogait/azure_kinect_ws/install/body_tracker_msgs/include/body_tracker_msgs/msg/detail/spine_bottom__rosidl_typesupport_introspection_cpp.hpp
-- Up-to-date symlink: /home/robogait/azure_kinect_ws/install/body_tracker_msgs/share/body_tracker_msgs/msg/HipCoordinates.idl
-- Up-to-date symlink: /home/robogait/azure_kinect_ws/install/body_tracker_msgs/share/body_tracker_msgs/msg/Skeleton.idl
-- Up-to-date symlink: /home/robogait/azure_kinect_ws/install/body_tracker_msgs/share/body_tracker_msgs/msg/SpineBottom.idl
-- Up-to-date symlink: /home/robogait/azure_kinect_ws/install/body_tracker_msgs/share/body_tracker_msgs/msg/HipCoordinates.msg
-- Up-to-date symlink: /home/robogait/azure_kinect_ws/install/body_tracker_msgs/share/body_tracker_msgs/msg/Skeleton.msg
-- Up-to-date symlink: /home/robogait/azure_kinect_ws/install/body_tracker_msgs/share/body_tracker_msgs/msg/SpineBottom.msg
-- Up-to-date symlink: /home/robogait/azure_kinect_ws/install/body_tracker_msgs/share/ament_index/resource_index/package_run_dependencies/body_tracker_msgs
-- Up-to-date symlink: /home/robogait/azure_kinect_ws/install/body_tracker_msgs/share/ament_index/resource_index/parent_prefix_path/body_tracker_msgs
-- Up-to-date symlink: /home/robogait/azure_kinect_ws/install/body_tracker_msgs/share/body_tracker_msgs/environment/ament_prefix_path.sh
-- Up-to-date symlink: /home/robogait/azure_kinect_ws/install/body_tracker_msgs/share/body_tracker_msgs/environment/ament_prefix_path.dsv
-- Up-to-date symlink: /home/robogait/azure_kinect_ws/install/body_tracker_msgs/share/body_tracker_msgs/environment/path.sh
-- Up-to-date symlink: /home/robogait/azure_kinect_ws/install/body_tracker_msgs/share/body_tracker_msgs/environment/path.dsv
-- Up-to-date symlink: /home/robogait/azure_kinect_ws/install/body_tracker_msgs/share/body_tracker_msgs/local_setup.bash
-- Up-to-date symlink: /home/robogait/azure_kinect_ws/install/body_tracker_msgs/share/body_tracker_msgs/local_setup.sh
-- Up-to-date symlink: /home/robogait/azure_kinect_ws/install/body_tracker_msgs/share/body_tracker_msgs/local_setup.zsh
-- Up-to-date symlink: /home/robogait/azure_kinect_ws/install/body_tracker_msgs/share/body_tracker_msgs/local_setup.dsv
-- Symlinking: /home/robogait/azure_kinect_ws/install/body_tracker_msgs/share/body_tracker_msgs/package.dsv
-- Up-to-date symlink: /home/robogait/azure_kinect_ws/install/body_tracker_msgs/share/ament_index/resource_index/packages/body_tracker_msgs
-- Up-to-date symlink: /home/robogait/azure_kinect_ws/install/body_tracker_msgs/share/body_tracker_msgs/cmake/rosidl_cmake-extras.cmake
-- Up-to-date symlink: /home/robogait/azure_kinect_ws/install/body_tracker_msgs/share/body_tracker_msgs/cmake/ament_cmake_export_dependencies-extras.cmake
-- Up-to-date symlink: /home/robogait/azure_kinect_ws/install/body_tracker_msgs/share/body_tracker_msgs/cmake/ament_cmake_export_libraries-extras.cmake
-- Up-to-date symlink: /home/robogait/azure_kinect_ws/install/body_tracker_msgs/share/body_tracker_msgs/cmake/ament_cmake_export_targets-extras.cmake
-- Up-to-date symlink: /home/robogait/azure_kinect_ws/install/body_tracker_msgs/share/body_tracker_msgs/cmake/ament_cmake_export_include_directories-extras.cmake
-- Up-to-date symlink: /home/robogait/azure_kinect_ws/install/body_tracker_msgs/share/body_tracker_msgs/cmake/rosidl_cmake_export_typesupport_libraries-extras.cmake
-- Up-to-date symlink: /home/robogait/azure_kinect_ws/install/body_tracker_msgs/share/body_tracker_msgs/cmake/rosidl_cmake_export_typesupport_targets-extras.cmake
-- Up-to-date symlink: /home/robogait/azure_kinect_ws/install/body_tracker_msgs/share/body_tracker_msgs/cmake/body_tracker_msgsConfig.cmake
-- Up-to-date symlink: /home/robogait/azure_kinect_ws/install/body_tracker_msgs/share/body_tracker_msgs/cmake/body_tracker_msgsConfig-version.cmake
-- Up-to-date symlink: /home/robogait/azure_kinect_ws/install/body_tracker_msgs/share/body_tracker_msgs/package.xml
-- Up-to-date: /home/robogait/azure_kinect_ws/install/body_tracker_msgs/lib/libbody_tracker_msgs__rosidl_generator_c.so
-- Up-to-date: /home/robogait/azure_kinect_ws/install/body_tracker_msgs/lib/libbody_tracker_msgs__rosidl_typesupport_introspection_c.so
-- Up-to-date: /home/robogait/azure_kinect_ws/install/body_tracker_msgs/lib/libbody_tracker_msgs__rosidl_typesupport_c.so
-- Up-to-date: /home/robogait/azure_kinect_ws/install/body_tracker_msgs/lib/libbody_tracker_msgs__rosidl_typesupport_introspection_cpp.so
-- Up-to-date: /home/robogait/azure_kinect_ws/install/body_tracker_msgs/lib/libbody_tracker_msgs__rosidl_typesupport_cpp.so
-- Up-to-date: /home/robogait/azure_kinect_ws/install/body_tracker_msgs/share/body_tracker_msgs/cmake/body_tracker_msgs__rosidl_generator_cExport.cmake
-- Installing: /home/robogait/azure_kinect_ws/install/body_tracker_msgs/share/body_tracker_msgs/cmake/body_tracker_msgs__rosidl_generator_cExport-noconfig.cmake
-- Up-to-date: /home/robogait/azure_kinect_ws/install/body_tracker_msgs/share/body_tracker_msgs/cmake/body_tracker_msgs__rosidl_typesupport_introspection_cExport.cmake
-- Installing: /home/robogait/azure_kinect_ws/install/body_tracker_msgs/share/body_tracker_msgs/cmake/body_tracker_msgs__rosidl_typesupport_introspection_cExport-noconfig.cmake
-- Up-to-date: /home/robogait/azure_kinect_ws/install/body_tracker_msgs/share/body_tracker_msgs/cmake/body_tracker_msgs__rosidl_typesupport_cExport.cmake
-- Installing: /home/robogait/azure_kinect_ws/install/body_tracker_msgs/share/body_tracker_msgs/cmake/body_tracker_msgs__rosidl_typesupport_cExport-noconfig.cmake
-- Up-to-date: /home/robogait/azure_kinect_ws/install/body_tracker_msgs/share/body_tracker_msgs/cmake/body_tracker_msgs__rosidl_generator_cppExport.cmake
-- Up-to-date: /home/robogait/azure_kinect_ws/install/body_tracker_msgs/share/body_tracker_msgs/cmake/body_tracker_msgs__rosidl_typesupport_introspection_cppExport.cmake
-- Installing: /home/robogait/azure_kinect_ws/install/body_tracker_msgs/share/body_tracker_msgs/cmake/body_tracker_msgs__rosidl_typesupport_introspection_cppExport-noconfig.cmake
-- Up-to-date: /home/robogait/azure_kinect_ws/install/body_tracker_msgs/share/body_tracker_msgs/cmake/body_tracker_msgs__rosidl_typesupport_cppExport.cmake
-- Installing: /home/robogait/azure_kinect_ws/install/body_tracker_msgs/share/body_tracker_msgs/cmake/body_tracker_msgs__rosidl_typesupport_cppExport-noconfig.cmake
