[0.030s] Invoking command in '/home/robogait/azure_kinect_ws/build/body_tracker_msgs': CMAKE_PREFIX_PATH=${CMAKE_PREFIX_PATH}:/home/robogait/ros2_ws/install/nav2_project:/home/robogait/nav2_ws/install/nav2_gazebo_spawner:/home/robogait/ros2_serial/install/ourbotmanager:/opt/ros/foxy /usr/bin/cmake --build /home/robogait/azure_kinect_ws/build/body_tracker_msgs -- -j8 -l8
[0.057s] -- Found ament_cmake: 0.9.9 (/opt/ros/foxy/share/ament_cmake/cmake)
[0.079s] -- Found PythonInterp: /usr/bin/python3 (found suitable version "3.8.10", minimum required is "3") 
[0.079s] -- Using PYTHON_EXECUTABLE: /usr/bin/python3
[0.198s] -- Override CMake install command with custom implementation using symlinks instead of copying resources
[0.203s] -- Found rclcpp: 2.4.1 (/opt/ros/foxy/share/rclcpp/cmake)
[0.229s] -- Using all available rosidl_typesupport_c: rosidl_typesupport_fastrtps_c;rosidl_typesupport_introspection_c
[0.231s] -- Found rosidl_adapter: 1.2.1 (/opt/ros/foxy/share/rosidl_adapter/cmake)
[0.324s] -- Using all available rosidl_typesupport_cpp: rosidl_typesupport_fastrtps_cpp;rosidl_typesupport_introspection_cpp
[0.356s] -- Found rmw_implementation_cmake: 1.0.3 (/opt/ros/foxy/share/rmw_implementation_cmake/cmake)
[0.358s] -- Using RMW implementation 'rmw_fastrtps_cpp' as default
[0.449s] -- Found geometry_msgs: 2.0.5 (/opt/ros/foxy/share/geometry_msgs/cmake)
[0.491s] -- Found PythonInterp: /usr/bin/python3 (found version "3.8.10") 
[0.663s] -- Found ament_cmake_cppcheck: 0.9.6 (/opt/ros/foxy/share/ament_cmake_cppcheck/cmake)
[0.664s] -- Found ament_cmake_cpplint: 0.9.6 (/opt/ros/foxy/share/ament_cmake_cpplint/cmake)
[0.665s] -- Found ament_cmake_uncrustify: 0.9.6 (/opt/ros/foxy/share/ament_cmake_uncrustify/cmake)
[0.666s] -- Found ament_cmake_ros: 0.9.2 (/opt/ros/foxy/share/ament_cmake_ros/cmake)
[0.852s] -- Using all available rosidl_typesupport_c: rosidl_typesupport_fastrtps_c;rosidl_typesupport_introspection_c
[0.926s] -- Using all available rosidl_typesupport_cpp: rosidl_typesupport_fastrtps_cpp;rosidl_typesupport_introspection_cpp
[0.935s] -- Found ament_lint_auto: 0.9.6 (/opt/ros/foxy/share/ament_lint_auto/cmake)
[0.941s] -- Added test 'copyright' to check source files copyright and LICENSE
[0.941s] -- Added test 'lint_cmake' to check CMake code style
[0.942s] -- Added test 'xmllint' to check XML markup files
[0.945s] -- Configuring done
[0.965s] -- Generating done
[0.966s] -- Build files have been written to: /home/robogait/azure_kinect_ws/build/body_tracker_msgs
[1.001s] [  2%] Built target body_tracker_msgs__cpp
[1.002s] [ 16%] Built target body_tracker_msgs__rosidl_generator_c
[1.025s] [ 30%] Built target body_tracker_msgs__rosidl_typesupport_c
[1.026s] [ 44%] Built target body_tracker_msgs__rosidl_typesupport_cpp
[1.027s] [ 58%] Built target body_tracker_msgs__rosidl_typesupport_introspection_cpp
[1.029s] [ 72%] Built target body_tracker_msgs__rosidl_typesupport_introspection_c
[1.031s] [ 86%] Built target body_tracker_msgs__rosidl_typesupport_fastrtps_cpp
[1.058s] [100%] Built target body_tracker_msgs__rosidl_typesupport_fastrtps_c
[1.078s] [100%] Built target body_tracker_msgs
[1.089s] Invoked command in '/home/robogait/azure_kinect_ws/build/body_tracker_msgs' returned '0': CMAKE_PREFIX_PATH=${CMAKE_PREFIX_PATH}:/home/robogait/ros2_ws/install/nav2_project:/home/robogait/nav2_ws/install/nav2_gazebo_spawner:/home/robogait/ros2_serial/install/ourbotmanager:/opt/ros/foxy /usr/bin/cmake --build /home/robogait/azure_kinect_ws/build/body_tracker_msgs -- -j8 -l8
[1.185s] Invoking command in '/home/robogait/azure_kinect_ws/build/body_tracker_msgs': CMAKE_PREFIX_PATH=${CMAKE_PREFIX_PATH}:/home/robogait/ros2_ws/install/nav2_project:/home/robogait/nav2_ws/install/nav2_gazebo_spawner:/home/robogait/ros2_serial/install/ourbotmanager:/opt/ros/foxy /usr/bin/cmake --install /home/robogait/azure_kinect_ws/build/body_tracker_msgs
[1.194s] -- Install configuration: ""
[1.195s] -- Execute custom install script
[1.195s] -- Up-to-date symlink: /home/robogait/azure_kinect_ws/install/body_tracker_msgs/share/ament_index/resource_index/rosidl_interfaces/body_tracker_msgs
[1.195s] -- Up-to-date symlink: /home/robogait/azure_kinect_ws/install/body_tracker_msgs/include/body_tracker_msgs/msg/detail/hip_coordinates__functions.h
[1.195s] -- Up-to-date symlink: /home/robogait/azure_kinect_ws/install/body_tracker_msgs/include/body_tracker_msgs/msg/detail/hip_coordinates__struct.h
[1.196s] -- Up-to-date symlink: /home/robogait/azure_kinect_ws/install/body_tracker_msgs/include/body_tracker_msgs/msg/detail/hip_coordinates__type_support.h
[1.196s] -- Up-to-date symlink: /home/robogait/azure_kinect_ws/install/body_tracker_msgs/include/body_tracker_msgs/msg/detail/skeleton__functions.h
[1.196s] -- Up-to-date symlink: /home/robogait/azure_kinect_ws/install/body_tracker_msgs/include/body_tracker_msgs/msg/detail/skeleton__struct.h
[1.196s] -- Up-to-date symlink: /home/robogait/azure_kinect_ws/install/body_tracker_msgs/include/body_tracker_msgs/msg/detail/skeleton__type_support.h
[1.196s] -- Up-to-date symlink: /home/robogait/azure_kinect_ws/install/body_tracker_msgs/include/body_tracker_msgs/msg/detail/spine_bottom__functions.h
[1.196s] -- Up-to-date symlink: /home/robogait/azure_kinect_ws/install/body_tracker_msgs/include/body_tracker_msgs/msg/detail/spine_bottom__struct.h
[1.196s] -- Up-to-date symlink: /home/robogait/azure_kinect_ws/install/body_tracker_msgs/include/body_tracker_msgs/msg/detail/spine_bottom__type_support.h
[1.196s] -- Up-to-date symlink: /home/robogait/azure_kinect_ws/install/body_tracker_msgs/include/body_tracker_msgs/msg/hip_coordinates.h
[1.196s] -- Up-to-date symlink: /home/robogait/azure_kinect_ws/install/body_tracker_msgs/include/body_tracker_msgs/msg/rosidl_generator_c__visibility_control.h
[1.196s] -- Up-to-date symlink: /home/robogait/azure_kinect_ws/install/body_tracker_msgs/include/body_tracker_msgs/msg/skeleton.h
[1.196s] -- Up-to-date symlink: /home/robogait/azure_kinect_ws/install/body_tracker_msgs/include/body_tracker_msgs/msg/spine_bottom.h
[1.196s] -- Up-to-date symlink: /home/robogait/azure_kinect_ws/install/body_tracker_msgs/share/body_tracker_msgs/environment/library_path.sh
[1.196s] -- Up-to-date symlink: /home/robogait/azure_kinect_ws/install/body_tracker_msgs/share/body_tracker_msgs/environment/library_path.dsv
[1.197s] -- Up-to-date symlink: /home/robogait/azure_kinect_ws/install/body_tracker_msgs/include/body_tracker_msgs/msg/detail/hip_coordinates__rosidl_typesupport_fastrtps_c.h
[1.197s] -- Up-to-date symlink: /home/robogait/azure_kinect_ws/install/body_tracker_msgs/include/body_tracker_msgs/msg/detail/skeleton__rosidl_typesupport_fastrtps_c.h
[1.197s] -- Up-to-date symlink: /home/robogait/azure_kinect_ws/install/body_tracker_msgs/include/body_tracker_msgs/msg/detail/spine_bottom__rosidl_typesupport_fastrtps_c.h
[1.197s] -- Up-to-date symlink: /home/robogait/azure_kinect_ws/install/body_tracker_msgs/include/body_tracker_msgs/msg/rosidl_typesupport_fastrtps_c__visibility_control.h
[1.197s] -- Up-to-date symlink: /home/robogait/azure_kinect_ws/install/body_tracker_msgs/lib/libbody_tracker_msgs__rosidl_typesupport_fastrtps_c.so
[1.198s] -- Up-to-date symlink: /home/robogait/azure_kinect_ws/install/body_tracker_msgs/include/body_tracker_msgs/msg/detail/hip_coordinates__rosidl_typesupport_fastrtps_cpp.hpp
[1.198s] -- Up-to-date symlink: /home/robogait/azure_kinect_ws/install/body_tracker_msgs/include/body_tracker_msgs/msg/detail/skeleton__rosidl_typesupport_fastrtps_cpp.hpp
[1.198s] -- Up-to-date symlink: /home/robogait/azure_kinect_ws/install/body_tracker_msgs/include/body_tracker_msgs/msg/detail/spine_bottom__rosidl_typesupport_fastrtps_cpp.hpp
[1.198s] -- Up-to-date symlink: /home/robogait/azure_kinect_ws/install/body_tracker_msgs/include/body_tracker_msgs/msg/rosidl_typesupport_fastrtps_cpp__visibility_control.h
[1.198s] -- Up-to-date symlink: /home/robogait/azure_kinect_ws/install/body_tracker_msgs/lib/libbody_tracker_msgs__rosidl_typesupport_fastrtps_cpp.so
[1.198s] -- Up-to-date symlink: /home/robogait/azure_kinect_ws/install/body_tracker_msgs/include/body_tracker_msgs/msg/detail/hip_coordinates__rosidl_typesupport_introspection_c.h
[1.198s] -- Up-to-date symlink: /home/robogait/azure_kinect_ws/install/body_tracker_msgs/include/body_tracker_msgs/msg/detail/skeleton__rosidl_typesupport_introspection_c.h
[1.199s] -- Up-to-date symlink: /home/robogait/azure_kinect_ws/install/body_tracker_msgs/include/body_tracker_msgs/msg/detail/spine_bottom__rosidl_typesupport_introspection_c.h
[1.199s] -- Up-to-date symlink: /home/robogait/azure_kinect_ws/install/body_tracker_msgs/include/body_tracker_msgs/msg/rosidl_typesupport_introspection_c__visibility_control.h
[1.199s] -- Up-to-date symlink: /home/robogait/azure_kinect_ws/install/body_tracker_msgs/include/body_tracker_msgs/msg/detail/hip_coordinates__builder.hpp
[1.199s] -- Up-to-date symlink: /home/robogait/azure_kinect_ws/install/body_tracker_msgs/include/body_tracker_msgs/msg/detail/hip_coordinates__struct.hpp
[1.199s] -- Up-to-date symlink: /home/robogait/azure_kinect_ws/install/body_tracker_msgs/include/body_tracker_msgs/msg/detail/hip_coordinates__traits.hpp
[1.199s] -- Up-to-date symlink: /home/robogait/azure_kinect_ws/install/body_tracker_msgs/include/body_tracker_msgs/msg/detail/skeleton__builder.hpp
[1.199s] -- Up-to-date symlink: /home/robogait/azure_kinect_ws/install/body_tracker_msgs/include/body_tracker_msgs/msg/detail/skeleton__struct.hpp
[1.199s] -- Up-to-date symlink: /home/robogait/azure_kinect_ws/install/body_tracker_msgs/include/body_tracker_msgs/msg/detail/skeleton__traits.hpp
[1.200s] -- Up-to-date symlink: /home/robogait/azure_kinect_ws/install/body_tracker_msgs/include/body_tracker_msgs/msg/detail/spine_bottom__builder.hpp
[1.200s] -- Up-to-date symlink: /home/robogait/azure_kinect_ws/install/body_tracker_msgs/include/body_tracker_msgs/msg/detail/spine_bottom__struct.hpp
[1.200s] -- Up-to-date symlink: /home/robogait/azure_kinect_ws/install/body_tracker_msgs/include/body_tracker_msgs/msg/detail/spine_bottom__traits.hpp
[1.200s] -- Up-to-date symlink: /home/robogait/azure_kinect_ws/install/body_tracker_msgs/include/body_tracker_msgs/msg/hip_coordinates.hpp
[1.200s] -- Up-to-date symlink: /home/robogait/azure_kinect_ws/install/body_tracker_msgs/include/body_tracker_msgs/msg/skeleton.hpp
[1.200s] -- Up-to-date symlink: /home/robogait/azure_kinect_ws/install/body_tracker_msgs/include/body_tracker_msgs/msg/spine_bottom.hpp
[1.200s] -- Up-to-date symlink: /home/robogait/azure_kinect_ws/install/body_tracker_msgs/include/body_tracker_msgs/msg/detail/hip_coordinates__rosidl_typesupport_introspection_cpp.hpp
[1.200s] -- Up-to-date symlink: /home/robogait/azure_kinect_ws/install/body_tracker_msgs/include/body_tracker_msgs/msg/detail/skeleton__rosidl_typesupport_introspection_cpp.hpp
[1.200s] -- Up-to-date symlink: /home/robogait/azure_kinect_ws/install/body_tracker_msgs/include/body_tracker_msgs/msg/detail/spine_bottom__rosidl_typesupport_introspection_cpp.hpp
[1.201s] -- Up-to-date symlink: /home/robogait/azure_kinect_ws/install/body_tracker_msgs/share/body_tracker_msgs/msg/HipCoordinates.idl
[1.201s] -- Up-to-date symlink: /home/robogait/azure_kinect_ws/install/body_tracker_msgs/share/body_tracker_msgs/msg/Skeleton.idl
[1.201s] -- Up-to-date symlink: /home/robogait/azure_kinect_ws/install/body_tracker_msgs/share/body_tracker_msgs/msg/SpineBottom.idl
[1.201s] -- Up-to-date symlink: /home/robogait/azure_kinect_ws/install/body_tracker_msgs/share/body_tracker_msgs/msg/HipCoordinates.msg
[1.201s] -- Up-to-date symlink: /home/robogait/azure_kinect_ws/install/body_tracker_msgs/share/body_tracker_msgs/msg/Skeleton.msg
[1.201s] -- Up-to-date symlink: /home/robogait/azure_kinect_ws/install/body_tracker_msgs/share/body_tracker_msgs/msg/SpineBottom.msg
[1.201s] -- Up-to-date symlink: /home/robogait/azure_kinect_ws/install/body_tracker_msgs/share/ament_index/resource_index/package_run_dependencies/body_tracker_msgs
[1.202s] -- Up-to-date symlink: /home/robogait/azure_kinect_ws/install/body_tracker_msgs/share/ament_index/resource_index/parent_prefix_path/body_tracker_msgs
[1.202s] -- Up-to-date symlink: /home/robogait/azure_kinect_ws/install/body_tracker_msgs/share/body_tracker_msgs/environment/ament_prefix_path.sh
[1.202s] -- Up-to-date symlink: /home/robogait/azure_kinect_ws/install/body_tracker_msgs/share/body_tracker_msgs/environment/ament_prefix_path.dsv
[1.202s] -- Up-to-date symlink: /home/robogait/azure_kinect_ws/install/body_tracker_msgs/share/body_tracker_msgs/environment/path.sh
[1.202s] -- Up-to-date symlink: /home/robogait/azure_kinect_ws/install/body_tracker_msgs/share/body_tracker_msgs/environment/path.dsv
[1.202s] -- Up-to-date symlink: /home/robogait/azure_kinect_ws/install/body_tracker_msgs/share/body_tracker_msgs/local_setup.bash
[1.202s] -- Up-to-date symlink: /home/robogait/azure_kinect_ws/install/body_tracker_msgs/share/body_tracker_msgs/local_setup.sh
[1.202s] -- Up-to-date symlink: /home/robogait/azure_kinect_ws/install/body_tracker_msgs/share/body_tracker_msgs/local_setup.zsh
[1.203s] -- Up-to-date symlink: /home/robogait/azure_kinect_ws/install/body_tracker_msgs/share/body_tracker_msgs/local_setup.dsv
[1.203s] -- Symlinking: /home/robogait/azure_kinect_ws/install/body_tracker_msgs/share/body_tracker_msgs/package.dsv
[1.212s] -- Up-to-date symlink: /home/robogait/azure_kinect_ws/install/body_tracker_msgs/share/ament_index/resource_index/packages/body_tracker_msgs
[1.212s] -- Up-to-date symlink: /home/robogait/azure_kinect_ws/install/body_tracker_msgs/share/body_tracker_msgs/cmake/rosidl_cmake-extras.cmake
[1.212s] -- Up-to-date symlink: /home/robogait/azure_kinect_ws/install/body_tracker_msgs/share/body_tracker_msgs/cmake/ament_cmake_export_dependencies-extras.cmake
[1.212s] -- Up-to-date symlink: /home/robogait/azure_kinect_ws/install/body_tracker_msgs/share/body_tracker_msgs/cmake/ament_cmake_export_libraries-extras.cmake
[1.212s] -- Up-to-date symlink: /home/robogait/azure_kinect_ws/install/body_tracker_msgs/share/body_tracker_msgs/cmake/ament_cmake_export_targets-extras.cmake
[1.212s] -- Up-to-date symlink: /home/robogait/azure_kinect_ws/install/body_tracker_msgs/share/body_tracker_msgs/cmake/ament_cmake_export_include_directories-extras.cmake
[1.212s] -- Up-to-date symlink: /home/robogait/azure_kinect_ws/install/body_tracker_msgs/share/body_tracker_msgs/cmake/rosidl_cmake_export_typesupport_libraries-extras.cmake
[1.212s] -- Up-to-date symlink: /home/robogait/azure_kinect_ws/install/body_tracker_msgs/share/body_tracker_msgs/cmake/rosidl_cmake_export_typesupport_targets-extras.cmake
[1.213s] -- Up-to-date symlink: /home/robogait/azure_kinect_ws/install/body_tracker_msgs/share/body_tracker_msgs/cmake/body_tracker_msgsConfig.cmake
[1.213s] -- Up-to-date symlink: /home/robogait/azure_kinect_ws/install/body_tracker_msgs/share/body_tracker_msgs/cmake/body_tracker_msgsConfig-version.cmake
[1.213s] -- Up-to-date symlink: /home/robogait/azure_kinect_ws/install/body_tracker_msgs/share/body_tracker_msgs/package.xml
[1.213s] -- Up-to-date: /home/robogait/azure_kinect_ws/install/body_tracker_msgs/lib/libbody_tracker_msgs__rosidl_generator_c.so
[1.213s] -- Up-to-date: /home/robogait/azure_kinect_ws/install/body_tracker_msgs/lib/libbody_tracker_msgs__rosidl_typesupport_introspection_c.so
[1.213s] -- Up-to-date: /home/robogait/azure_kinect_ws/install/body_tracker_msgs/lib/libbody_tracker_msgs__rosidl_typesupport_c.so
[1.214s] -- Up-to-date: /home/robogait/azure_kinect_ws/install/body_tracker_msgs/lib/libbody_tracker_msgs__rosidl_typesupport_introspection_cpp.so
[1.214s] -- Up-to-date: /home/robogait/azure_kinect_ws/install/body_tracker_msgs/lib/libbody_tracker_msgs__rosidl_typesupport_cpp.so
[1.214s] -- Up-to-date: /home/robogait/azure_kinect_ws/install/body_tracker_msgs/share/body_tracker_msgs/cmake/body_tracker_msgs__rosidl_generator_cExport.cmake
[1.214s] -- Installing: /home/robogait/azure_kinect_ws/install/body_tracker_msgs/share/body_tracker_msgs/cmake/body_tracker_msgs__rosidl_generator_cExport-noconfig.cmake
[1.214s] -- Up-to-date: /home/robogait/azure_kinect_ws/install/body_tracker_msgs/share/body_tracker_msgs/cmake/body_tracker_msgs__rosidl_typesupport_introspection_cExport.cmake
[1.214s] -- Installing: /home/robogait/azure_kinect_ws/install/body_tracker_msgs/share/body_tracker_msgs/cmake/body_tracker_msgs__rosidl_typesupport_introspection_cExport-noconfig.cmake
[1.214s] -- Up-to-date: /home/robogait/azure_kinect_ws/install/body_tracker_msgs/share/body_tracker_msgs/cmake/body_tracker_msgs__rosidl_typesupport_cExport.cmake
[1.214s] -- Installing: /home/robogait/azure_kinect_ws/install/body_tracker_msgs/share/body_tracker_msgs/cmake/body_tracker_msgs__rosidl_typesupport_cExport-noconfig.cmake
[1.215s] -- Up-to-date: /home/robogait/azure_kinect_ws/install/body_tracker_msgs/share/body_tracker_msgs/cmake/body_tracker_msgs__rosidl_generator_cppExport.cmake
[1.215s] -- Up-to-date: /home/robogait/azure_kinect_ws/install/body_tracker_msgs/share/body_tracker_msgs/cmake/body_tracker_msgs__rosidl_typesupport_introspection_cppExport.cmake
[1.215s] -- Installing: /home/robogait/azure_kinect_ws/install/body_tracker_msgs/share/body_tracker_msgs/cmake/body_tracker_msgs__rosidl_typesupport_introspection_cppExport-noconfig.cmake
[1.215s] -- Up-to-date: /home/robogait/azure_kinect_ws/install/body_tracker_msgs/share/body_tracker_msgs/cmake/body_tracker_msgs__rosidl_typesupport_cppExport.cmake
[1.215s] -- Installing: /home/robogait/azure_kinect_ws/install/body_tracker_msgs/share/body_tracker_msgs/cmake/body_tracker_msgs__rosidl_typesupport_cppExport-noconfig.cmake
[1.217s] Invoked command in '/home/robogait/azure_kinect_ws/build/body_tracker_msgs' returned '0': CMAKE_PREFIX_PATH=${CMAKE_PREFIX_PATH}:/home/robogait/ros2_ws/install/nav2_project:/home/robogait/nav2_ws/install/nav2_gazebo_spawner:/home/robogait/ros2_serial/install/ourbotmanager:/opt/ros/foxy /usr/bin/cmake --install /home/robogait/azure_kinect_ws/build/body_tracker_msgs
