-- Found ament_cmake: 0.9.9 (/opt/ros/foxy/share/ament_cmake/cmake)
-- Using PYTHON_EXECUTABLE: /usr/bin/python3
-- Found rclcpp: 2.4.1 (/opt/ros/foxy/share/rclcpp/cmake)
-- Using all available rosidl_typesupport_c: rosidl_typesupport_fastrtps_c;rosidl_typesupport_introspection_c
-- Found rosidl_adapter: 1.2.1 (/opt/ros/foxy/share/rosidl_adapter/cmake)
-- Using all available rosidl_typesupport_cpp: rosidl_typesupport_fastrtps_cpp;rosidl_typesupport_introspection_cpp
-- Found rmw_implementation_cmake: 1.0.3 (/opt/ros/foxy/share/rmw_implementation_cmake/cmake)
-- Using RMW implementation 'rmw_fastrtps_cpp' as default
-- Found geometry_msgs: 2.0.5 (/opt/ros/foxy/share/geometry_msgs/cmake)
-- Found nav_msgs: 2.0.5 (/opt/ros/foxy/share/nav_msgs/cmake)
-- Found sensor_msgs: 2.0.5 (/opt/ros/foxy/share/sensor_msgs/cmake)
-- Found tf2: 0.13.13 (/opt/ros/foxy/share/tf2/cmake)
-- Found tf2_ros: 0.13.13 (/opt/ros/foxy/share/tf2_ros/cmake)
-- Found turtlesim: 1.2.5 (/home/robogait/tutorials_ros2/install/turtlesim/share/turtlesim/cmake)
-- Configuring done
-- Generating done
-- Build files have been written to: /home/robogait/catkin_ws/build/pkg_navigation
[35m[1mScanning dependencies of target tf2_broadcaster[0m
[35m[1mScanning dependencies of target publisher_subscriber[0m
[ 50%] [32mBuilding CXX object CMakeFiles/publisher_subscriber.dir/src/publisher_subscriber.cpp.o[0m
[ 50%] [32mBuilding CXX object CMakeFiles/tf2_broadcaster.dir/src/tf2_broadcaster.cpp.o[0m
[ 75%] [32m[1mLinking CXX executable tf2_broadcaster[0m
[ 75%] Built target tf2_broadcaster
[100%] [32m[1mLinking CXX executable publisher_subscriber[0m
[100%] Built target publisher_subscriber
-- Install configuration: ""
-- Installing: /home/robogait/catkin_ws/install/pkg_navigation/lib/pkg_navigation/publisher_subscriber
-- Set runtime path of "/home/robogait/catkin_ws/install/pkg_navigation/lib/pkg_navigation/publisher_subscriber" to ""
-- Installing: /home/robogait/catkin_ws/install/pkg_navigation/lib/pkg_navigation/tf2_broadcaster
-- Set runtime path of "/home/robogait/catkin_ws/install/pkg_navigation/lib/pkg_navigation/tf2_broadcaster" to ""
