[01m[K/home/robogait/catkin_ws/src/pkg_navigation/src/publisher_initial_pose.cpp:18:31:[m[K [01;31m[Kerror: [m[K‘[01m[KPoseWithCovarianceStamped[m[K’ is not a member of ‘[01m[Kgeometry_msgs::msg[m[K’
   18 | Publisher<geometry_msgs::msg::[01;31m[KPoseWithCovarianceStamped[m[K>::SharedPtr publisher1;
      |                               [01;31m[K^~~~~~~~~~~~~~~~~~~~~~~~~[m[K
[01m[K/home/robogait/catkin_ws/src/pkg_navigation/src/publisher_initial_pose.cpp:18:31:[m[K [01;31m[Kerror: [m[K‘[01m[KPoseWithCovarianceStamped[m[K’ is not a member of ‘[01m[Kgeometry_msgs::msg[m[K’
[01m[K/home/robogait/catkin_ws/src/pkg_navigation/src/publisher_initial_pose.cpp:18:56:[m[K [01;31m[Kerror: [m[Ktemplate argument 1 is invalid
   18 | Publisher<geometry_msgs::msg::PoseWithCovarianceStamped[01;31m[K>[m[K::SharedPtr publisher1;
      |                                                        [01;31m[K^[m[K
[01m[K/home/robogait/catkin_ws/src/pkg_navigation/src/publisher_initial_pose.cpp:18:59:[m[K [01;31m[Kerror: [m[Kexpected ‘[01m[K;[m[K’ at end of member declaration
   18 | Publisher<geometry_msgs::msg::PoseWithCovarianceStamped>::[01;31m[KSharedPtr[m[K publisher1;
      |                                                           [01;31m[K^~~~~~~~~[m[K
      |                                                                    [32m[K;[m[K
[01m[K/home/robogait/catkin_ws/src/pkg_navigation/src/publisher_initial_pose.cpp:18:69:[m[K [01;31m[Kerror: [m[K‘[01m[Kpublisher1[m[K’ does not name a type
   18 | Publisher<geometry_msgs::msg::PoseWithCovarianceStamped>::SharedPtr [01;31m[Kpublisher1[m[K;
      |                                                                     [01;31m[K^~~~~~~~~~[m[K
[01m[K/home/robogait/catkin_ws/src/pkg_navigation/src/publisher_initial_pose.cpp:19:21:[m[K [01;31m[Kerror: [m[K‘[01m[KPoseWithCovarianceStamped[m[K’ in namespace ‘[01m[Kgeometry_msgs::msg[m[K’ does not name a type
   19 | geometry_msgs::msg::[01;31m[KPoseWithCovarianceStamped[m[K initialpose;
      |                     [01;31m[K^~~~~~~~~~~~~~~~~~~~~~~~~[m[K
[01m[K/home/robogait/catkin_ws/src/pkg_navigation/src/publisher_initial_pose.cpp:[m[K In constructor ‘[01m[Kgeneric::generic()[m[K’:
[01m[K/home/robogait/catkin_ws/src/pkg_navigation/src/publisher_initial_pose.cpp:26:3:[m[K [01;31m[Kerror: [m[K‘[01m[Kpublisher1[m[K’ was not declared in this scope
   26 |   [01;31m[Kpublisher1[m[K = this->create_publisher<std_msgs::msg::String>("initialpose", 10);
      |   [01;31m[K^~~~~~~~~~[m[K
[01m[K/home/robogait/catkin_ws/src/pkg_navigation/src/publisher_initial_pose.cpp:26:39:[m[K [01;31m[Kerror: [m[K‘[01m[Kstd_msgs[m[K’ was not declared in this scope
   26 |   publisher1 = this->create_publisher<[01;31m[Kstd_msgs[m[K::msg::String>("initialpose", 10);
      |                                       [01;31m[K^~~~~~~~[m[K
[01m[K/home/robogait/catkin_ws/src/pkg_navigation/src/publisher_initial_pose.cpp:26:22:[m[K [01;31m[Kerror: [m[Kparse error in template argument list
   26 |   publisher1 = this->[01;31m[Kcreate_publisher<std_msgs::msg::String>[m[K("initialpose", 10);
      |                      [01;31m[K^~~~~~~~~~~~~~~~~~~~~~~~~~~~~~~~~~~~~~~[m[K
[01m[K/home/robogait/catkin_ws/src/pkg_navigation/src/publisher_initial_pose.cpp:26:79:[m[K [01;31m[Kerror: [m[Kno matching function for call to ‘[01m[Kgeneric::create_publisher<<expression error> >(const char [12], int)[m[K’
   26 | is->create_publisher<std_msgs::msg::String>("initialpose", 10[01;31m[K)[m[K;
      |                                                              [01;31m[K^[m[K

In file included from [01m[K/opt/ros/foxy/include/rclcpp/executors/single_threaded_executor.hpp:28[m[K,
                 from [01m[K/opt/ros/foxy/include/rclcpp/executors.hpp:22[m[K,
                 from [01m[K/opt/ros/foxy/include/rclcpp/rclcpp.hpp:146[m[K,
                 from [01m[K/home/robogait/catkin_ws/src/pkg_navigation/src/publisher_initial_pose.cpp:7[m[K:
[01m[K/opt/ros/foxy/include/rclcpp/node.hpp:184:3:[m[K [01;36m[Knote: [m[Kcandidate: ‘[01m[Ktemplate<class MessageT, class AllocatorT, class PublisherT> std::shared_ptr<PublisherT> rclcpp::Node::create_publisher(const string&, const rclcpp::QoS&, const rclcpp::PublisherOptionsWithAllocator<AllocatorT>&)[m[K’
  184 |   [01;36m[Kcreate_publisher[m[K(
      |   [01;36m[K^~~~~~~~~~~~~~~~[m[K
[01m[K/opt/ros/foxy/include/rclcpp/node.hpp:184:3:[m[K [01;36m[Knote: [m[K  template argument deduction/substitution failed:
[01m[K/home/robogait/catkin_ws/src/pkg_navigation/src/publisher_initial_pose.cpp:26:79:[m[K [01;31m[Kerror: [m[Ktemplate argument 1 is invalid
   26 | is->create_publisher<std_msgs::msg::String>("initialpose", 10[01;31m[K)[m[K;
      |                                                              [01;31m[K^[m[K

[01m[K/home/robogait/catkin_ws/src/pkg_navigation/src/publisher_initial_pose.cpp:27:3:[m[K [01;31m[Kerror: [m[K‘[01m[Kinitialpose[m[K’ was not declared in this scope
   27 |   [01;31m[Kinitialpose[m[K.header.frame_id="map";
      |   [01;31m[K^~~~~~~~~~~[m[K
[01m[K/home/robogait/catkin_ws/src/pkg_navigation/src/publisher_initial_pose.cpp:34:23:[m[K [01;31m[Kerror: [m[K‘[01m[Kmessage[m[K’ was not declared in this scope
   34 |   publisher1->publish([01;31m[Kmessage[m[K);
      |                       [01;31m[K^~~~~~~[m[K
make[2]: *** [CMakeFiles/publisher_initial_pose.dir/build.make:63: CMakeFiles/publisher_initial_pose.dir/src/publisher_initial_pose.cpp.o] Error 1
make[1]: *** [CMakeFiles/Makefile2:82: CMakeFiles/publisher_initial_pose.dir/all] Error 2
make: *** [Makefile:141: all] Error 2
