[0.015s] Invoking command in '/home/robogait/catkin_ws/build/pkg_navigation': CMAKE_PREFIX_PATH=${CMAKE_PREFIX_PATH}:/home/robogait/ros2_ws/install/nav2_project:/home/robogait/nav2_ws/install/nav2_gazebo_spawner:/home/robogait/ros2_serial/install/ourbotmanager:/opt/ros/foxy /usr/bin/cmake --build /home/robogait/catkin_ws/build/pkg_navigation -- -j8 -l8
[0.037s] -- Found ament_cmake: 0.9.9 (/opt/ros/foxy/share/ament_cmake/cmake)
[0.056s] -- Using PYTHON_EXECUTABLE: /usr/bin/python3
[0.171s] -- Found rclcpp: 2.4.1 (/opt/ros/foxy/share/rclcpp/cmake)
[0.200s] -- Using all available rosidl_typesupport_c: rosidl_typesupport_fastrtps_c;rosidl_typesupport_introspection_c
[0.202s] -- Found rosidl_adapter: 1.2.1 (/opt/ros/foxy/share/rosidl_adapter/cmake)
[0.294s] -- Using all available rosidl_typesupport_cpp: rosidl_typesupport_fastrtps_cpp;rosidl_typesupport_introspection_cpp
[0.330s] -- Found rmw_implementation_cmake: 1.0.3 (/opt/ros/foxy/share/rmw_implementation_cmake/cmake)
[0.332s] -- Using RMW implementation 'rmw_fastrtps_cpp' as default
[0.424s] -- Found geometry_msgs: 2.0.5 (/opt/ros/foxy/share/geometry_msgs/cmake)
[0.445s] -- Found nav_msgs: 2.0.5 (/opt/ros/foxy/share/nav_msgs/cmake)
[0.488s] -- Found sensor_msgs: 2.0.5 (/opt/ros/foxy/share/sensor_msgs/cmake)
[0.531s] -- Found tf2: 0.13.13 (/opt/ros/foxy/share/tf2/cmake)
[0.537s] -- Found tf2_ros: 0.13.13 (/opt/ros/foxy/share/tf2_ros/cmake)
[0.738s] -- Found turtlesim: 1.2.5 (/home/robogait/tutorials_ros2/install/turtlesim/share/turtlesim/cmake)
[0.818s] -- Configuring done
[0.834s] -- Generating done
[0.834s] -- Build files have been written to: /home/robogait/catkin_ws/build/pkg_navigation
[0.858s] [35m[1mScanning dependencies of target publisher_initial_pose[0m
[0.874s] [ 33%] Built target tf2_broadcaster
[0.874s] [ 66%] Built target publisher_subscriber
[0.907s] [ 83%] [32mBuilding CXX object CMakeFiles/publisher_initial_pose.dir/src/publisher_initial_pose.cpp.o[0m
[1.675s] [01m[K/home/robogait/catkin_ws/src/pkg_navigation/src/publisher_initial_pose.cpp:18:31:[m[K [01;31m[Kerror: [m[K‘[01m[KPoseWithCovarianceStamped[m[K’ is not a member of ‘[01m[Kgeometry_msgs::msg[m[K’
[1.675s]    18 | Publisher<geometry_msgs::msg::[01;31m[KPoseWithCovarianceStamped[m[K>::SharedPtr publisher1;
[1.675s]       |                               [01;31m[K^~~~~~~~~~~~~~~~~~~~~~~~~[m[K
[1.675s] [01m[K/home/robogait/catkin_ws/src/pkg_navigation/src/publisher_initial_pose.cpp:18:31:[m[K [01;31m[Kerror: [m[K‘[01m[KPoseWithCovarianceStamped[m[K’ is not a member of ‘[01m[Kgeometry_msgs::msg[m[K’
[1.675s] [01m[K/home/robogait/catkin_ws/src/pkg_navigation/src/publisher_initial_pose.cpp:18:56:[m[K [01;31m[Kerror: [m[Ktemplate argument 1 is invalid
[1.675s]    18 | Publisher<geometry_msgs::msg::PoseWithCovarianceStamped[01;31m[K>[m[K::SharedPtr publisher1;
[1.675s]       |                                                        [01;31m[K^[m[K
[1.675s] [01m[K/home/robogait/catkin_ws/src/pkg_navigation/src/publisher_initial_pose.cpp:18:59:[m[K [01;31m[Kerror: [m[Kexpected ‘[01m[K;[m[K’ at end of member declaration
[1.675s]    18 | Publisher<geometry_msgs::msg::PoseWithCovarianceStamped>::[01;31m[KSharedPtr[m[K publisher1;
[1.675s]       |                                                           [01;31m[K^~~~~~~~~[m[K
[1.675s]       |                                                                    [32m[K;[m[K
[1.676s] [01m[K/home/robogait/catkin_ws/src/pkg_navigation/src/publisher_initial_pose.cpp:18:69:[m[K [01;31m[Kerror: [m[K‘[01m[Kpublisher1[m[K’ does not name a type
[1.676s]    18 | Publisher<geometry_msgs::msg::PoseWithCovarianceStamped>::SharedPtr [01;31m[Kpublisher1[m[K;
[1.676s]       |                                                                     [01;31m[K^~~~~~~~~~[m[K
[1.676s] [01m[K/home/robogait/catkin_ws/src/pkg_navigation/src/publisher_initial_pose.cpp:19:21:[m[K [01;31m[Kerror: [m[K‘[01m[KPoseWithCovarianceStamped[m[K’ in namespace ‘[01m[Kgeometry_msgs::msg[m[K’ does not name a type
[1.676s]    19 | geometry_msgs::msg::[01;31m[KPoseWithCovarianceStamped[m[K initialpose;
[1.676s]       |                     [01;31m[K^~~~~~~~~~~~~~~~~~~~~~~~~[m[K
[1.678s] [01m[K/home/robogait/catkin_ws/src/pkg_navigation/src/publisher_initial_pose.cpp:[m[K In constructor ‘[01m[Kgeneric::generic()[m[K’:
[1.678s] [01m[K/home/robogait/catkin_ws/src/pkg_navigation/src/publisher_initial_pose.cpp:26:3:[m[K [01;31m[Kerror: [m[K‘[01m[Kpublisher1[m[K’ was not declared in this scope
[1.678s]    26 |   [01;31m[Kpublisher1[m[K = this->create_publisher<std_msgs::msg::String>("initialpose", 10);
[1.678s]       |   [01;31m[K^~~~~~~~~~[m[K
[1.679s] [01m[K/home/robogait/catkin_ws/src/pkg_navigation/src/publisher_initial_pose.cpp:26:39:[m[K [01;31m[Kerror: [m[K‘[01m[Kstd_msgs[m[K’ was not declared in this scope
[1.679s]    26 |   publisher1 = this->create_publisher<[01;31m[Kstd_msgs[m[K::msg::String>("initialpose", 10);
[1.679s]       |                                       [01;31m[K^~~~~~~~[m[K
[1.679s] [01m[K/home/robogait/catkin_ws/src/pkg_navigation/src/publisher_initial_pose.cpp:26:22:[m[K [01;31m[Kerror: [m[Kparse error in template argument list
[1.679s]    26 |   publisher1 = this->[01;31m[Kcreate_publisher<std_msgs::msg::String>[m[K("initialpose", 10);
[1.679s]       |                      [01;31m[K^~~~~~~~~~~~~~~~~~~~~~~~~~~~~~~~~~~~~~~[m[K
[1.679s] [01m[K/home/robogait/catkin_ws/src/pkg_navigation/src/publisher_initial_pose.cpp:26:79:[m[K [01;31m[Kerror: [m[Kno matching function for call to ‘[01m[Kgeneric::create_publisher<<expression error> >(const char [12], int)[m[K’
[1.680s]    26 | is->create_publisher<std_msgs::msg::String>("initialpose", 10[01;31m[K)[m[K;
[1.680s]       |                                                              [01;31m[K^[m[K
[1.680s] 
[1.680s] In file included from [01m[K/opt/ros/foxy/include/rclcpp/executors/single_threaded_executor.hpp:28[m[K,
[1.680s]                  from [01m[K/opt/ros/foxy/include/rclcpp/executors.hpp:22[m[K,
[1.680s]                  from [01m[K/opt/ros/foxy/include/rclcpp/rclcpp.hpp:146[m[K,
[1.680s]                  from [01m[K/home/robogait/catkin_ws/src/pkg_navigation/src/publisher_initial_pose.cpp:7[m[K:
[1.680s] [01m[K/opt/ros/foxy/include/rclcpp/node.hpp:184:3:[m[K [01;36m[Knote: [m[Kcandidate: ‘[01m[Ktemplate<class MessageT, class AllocatorT, class PublisherT> std::shared_ptr<PublisherT> rclcpp::Node::create_publisher(const string&, const rclcpp::QoS&, const rclcpp::PublisherOptionsWithAllocator<AllocatorT>&)[m[K’
[1.680s]   184 |   [01;36m[Kcreate_publisher[m[K(
[1.680s]       |   [01;36m[K^~~~~~~~~~~~~~~~[m[K
[1.680s] [01m[K/opt/ros/foxy/include/rclcpp/node.hpp:184:3:[m[K [01;36m[Knote: [m[K  template argument deduction/substitution failed:
[1.680s] [01m[K/home/robogait/catkin_ws/src/pkg_navigation/src/publisher_initial_pose.cpp:26:79:[m[K [01;31m[Kerror: [m[Ktemplate argument 1 is invalid
[1.680s]    26 | is->create_publisher<std_msgs::msg::String>("initialpose", 10[01;31m[K)[m[K;
[1.680s]       |                                                              [01;31m[K^[m[K
[1.680s] 
[1.681s] [01m[K/home/robogait/catkin_ws/src/pkg_navigation/src/publisher_initial_pose.cpp:27:3:[m[K [01;31m[Kerror: [m[K‘[01m[Kinitialpose[m[K’ was not declared in this scope
[1.681s]    27 |   [01;31m[Kinitialpose[m[K.header.frame_id="map";
[1.681s]       |   [01;31m[K^~~~~~~~~~~[m[K
[1.682s] [01m[K/home/robogait/catkin_ws/src/pkg_navigation/src/publisher_initial_pose.cpp:34:23:[m[K [01;31m[Kerror: [m[K‘[01m[Kmessage[m[K’ was not declared in this scope
[1.682s]    34 |   publisher1->publish([01;31m[Kmessage[m[K);
[1.682s]       |                       [01;31m[K^~~~~~~[m[K
[1.910s] make[2]: *** [CMakeFiles/publisher_initial_pose.dir/build.make:63: CMakeFiles/publisher_initial_pose.dir/src/publisher_initial_pose.cpp.o] Error 1
[1.910s] make[1]: *** [CMakeFiles/Makefile2:82: CMakeFiles/publisher_initial_pose.dir/all] Error 2
[1.910s] make: *** [Makefile:141: all] Error 2
[1.913s] Invoked command in '/home/robogait/catkin_ws/build/pkg_navigation' returned '2': CMAKE_PREFIX_PATH=${CMAKE_PREFIX_PATH}:/home/robogait/ros2_ws/install/nav2_project:/home/robogait/nav2_ws/install/nav2_gazebo_spawner:/home/robogait/ros2_serial/install/ourbotmanager:/opt/ros/foxy /usr/bin/cmake --build /home/robogait/catkin_ws/build/pkg_navigation -- -j8 -l8
