-- Found ament_cmake: 0.9.9 (/opt/ros/foxy/share/ament_cmake/cmake)
-- Using PYTHON_EXECUTABLE: /usr/bin/python3
-- Found rclcpp: 2.4.1 (/opt/ros/foxy/share/rclcpp/cmake)
-- Using all available rosidl_typesupport_c: rosidl_typesupport_fastrtps_c;rosidl_typesupport_introspection_c
-- Found rosidl_adapter: 1.2.1 (/opt/ros/foxy/share/rosidl_adapter/cmake)
-- Using all available rosidl_typesupport_cpp: rosidl_typesupport_fastrtps_cpp;rosidl_typesupport_introspection_cpp
-- Found rmw_implementation_cmake: 1.0.3 (/opt/ros/foxy/share/rmw_implementation_cmake/cmake)
-- Using RMW implementation 'rmw_fastrtps_cpp' as default
-- Found geometry_msgs: 2.0.5 (/opt/ros/foxy/share/geometry_msgs/cmake)
-- Found nav_msgs: 2.0.5 (/opt/ros/foxy/share/nav_msgs/cmake)
-- Found sensor_msgs: 2.0.5 (/opt/ros/foxy/share/sensor_msgs/cmake)
-- Found body_tracker_msgs: 0.0.0 (/home/robogait/azure_kinect_ws/install/body_tracker_msgs/share/body_tracker_msgs/cmake)
-- Found ament_lint_auto: 0.9.6 (/opt/ros/foxy/share/ament_lint_auto/cmake)
-- Added test 'copyright' to check source files copyright and LICENSE
-- Added test 'cppcheck' to perform static code analysis on C / C++ code
-- Configured cppcheck include dirs: 
-- Configured cppcheck exclude dirs and/or files: 
-- Added test 'cpplint' to check C / C++ code against the Google style
-- Configured cpplint exclude dirs and/or files: 
-- Added test 'flake8' to check Python code syntax and style conventions
-- Added test 'lint_cmake' to check CMake code style
-- Added test 'pep257' to check Python code against some of the style conventions in PEP 257
-- Added test 'uncrustify' to check C / C++ code style
-- Configured uncrustify additional arguments: 
-- Added test 'xmllint' to check XML markup files
-- Configuring done
-- Generating done
-- Build files have been written to: /home/robogait/ros2_serial_cpp/build/ros2_serial_cpp
[35m[1mScanning dependencies of target modelado[0m
[ 50%] Built target driver_controller
[ 75%] [32mBuilding CXX object CMakeFiles/modelado.dir/src/modelado.cpp.o[0m
[100%] [32m[1mLinking CXX executable modelado[0m
[100%] Built target modelado
-- Install configuration: ""
-- Up-to-date: /home/robogait/ros2_serial_cpp/install/ros2_serial_cpp/lib/ros2_serial_cpp/driver_controller
-- Installing: /home/robogait/ros2_serial_cpp/install/ros2_serial_cpp/lib/ros2_serial_cpp/modelado
-- Set runtime path of "/home/robogait/ros2_serial_cpp/install/ros2_serial_cpp/lib/ros2_serial_cpp/modelado" to ""
-- Up-to-date: /home/robogait/ros2_serial_cpp/install/ros2_serial_cpp/share/ament_index/resource_index/package_run_dependencies/ros2_serial_cpp
-- Up-to-date: /home/robogait/ros2_serial_cpp/install/ros2_serial_cpp/share/ament_index/resource_index/parent_prefix_path/ros2_serial_cpp
-- Up-to-date: /home/robogait/ros2_serial_cpp/install/ros2_serial_cpp/share/ros2_serial_cpp/environment/ament_prefix_path.sh
-- Installing: /home/robogait/ros2_serial_cpp/install/ros2_serial_cpp/share/ros2_serial_cpp/environment/ament_prefix_path.dsv
-- Up-to-date: /home/robogait/ros2_serial_cpp/install/ros2_serial_cpp/share/ros2_serial_cpp/environment/path.sh
-- Installing: /home/robogait/ros2_serial_cpp/install/ros2_serial_cpp/share/ros2_serial_cpp/environment/path.dsv
-- Up-to-date: /home/robogait/ros2_serial_cpp/install/ros2_serial_cpp/share/ros2_serial_cpp/local_setup.bash
-- Up-to-date: /home/robogait/ros2_serial_cpp/install/ros2_serial_cpp/share/ros2_serial_cpp/local_setup.sh
-- Up-to-date: /home/robogait/ros2_serial_cpp/install/ros2_serial_cpp/share/ros2_serial_cpp/local_setup.zsh
-- Installing: /home/robogait/ros2_serial_cpp/install/ros2_serial_cpp/share/ros2_serial_cpp/local_setup.dsv
-- Installing: /home/robogait/ros2_serial_cpp/install/ros2_serial_cpp/share/ros2_serial_cpp/package.dsv
-- Up-to-date: /home/robogait/ros2_serial_cpp/install/ros2_serial_cpp/share/ament_index/resource_index/packages/ros2_serial_cpp
-- Up-to-date: /home/robogait/ros2_serial_cpp/install/ros2_serial_cpp/share/ros2_serial_cpp/cmake/ros2_serial_cppConfig.cmake
-- Up-to-date: /home/robogait/ros2_serial_cpp/install/ros2_serial_cpp/share/ros2_serial_cpp/cmake/ros2_serial_cppConfig-version.cmake
-- Up-to-date: /home/robogait/ros2_serial_cpp/install/ros2_serial_cpp/share/ros2_serial_cpp/package.xml
