[0.028s] Invoking command in '/home/robogait/azure_kinect_ws/build/body_tracker_msgs': CMAKE_PREFIX_PATH=${CMAKE_PREFIX_PATH}:/home/robogait/ros2_ws/install/nav2_project:/home/robogait/nav2_ws/install/nav2_gazebo_spawner:/home/robogait/ros2_serial/install/ourbotmanager:/opt/ros/foxy /usr/bin/cmake --build /home/robogait/azure_kinect_ws/build/body_tracker_msgs -- -j8 -l8
[0.054s] -- Found ament_cmake: 0.9.9 (/opt/ros/foxy/share/ament_cmake/cmake)
[0.076s] -- Found PythonInterp: /usr/bin/python3 (found suitable version "3.8.10", minimum required is "3") 
[0.076s] -- Using PYTHON_EXECUTABLE: /usr/bin/python3
[0.193s] -- Override CMake install command with custom implementation using symlinks instead of copying resources
[0.198s] -- Found rclcpp: 2.4.1 (/opt/ros/foxy/share/rclcpp/cmake)
[0.223s] -- Using all available rosidl_typesupport_c: rosidl_typesupport_fastrtps_c;rosidl_typesupport_introspection_c
[0.225s] -- Found rosidl_adapter: 1.2.1 (/opt/ros/foxy/share/rosidl_adapter/cmake)
[0.314s] -- Using all available rosidl_typesupport_cpp: rosidl_typesupport_fastrtps_cpp;rosidl_typesupport_introspection_cpp
[0.344s] -- Found rmw_implementation_cmake: 1.0.3 (/opt/ros/foxy/share/rmw_implementation_cmake/cmake)
[0.346s] -- Using RMW implementation 'rmw_fastrtps_cpp' as default
[0.429s] -- Found geometry_msgs: 2.0.5 (/opt/ros/foxy/share/geometry_msgs/cmake)
[0.468s] -- Found PythonInterp: /usr/bin/python3 (found version "3.8.10") 
[0.595s] -- Found ament_cmake_ros: 0.9.2 (/opt/ros/foxy/share/ament_cmake_ros/cmake)
[0.763s] -- Using all available rosidl_typesupport_c: rosidl_typesupport_fastrtps_c;rosidl_typesupport_introspection_c
[0.833s] -- Using all available rosidl_typesupport_cpp: rosidl_typesupport_fastrtps_cpp;rosidl_typesupport_introspection_cpp
[0.841s] -- Found ament_lint_auto: 0.9.6 (/opt/ros/foxy/share/ament_lint_auto/cmake)
[0.847s] -- Added test 'copyright' to check source files copyright and LICENSE
[0.848s] -- Added test 'lint_cmake' to check CMake code style
[0.848s] -- Added test 'xmllint' to check XML markup files
[0.851s] -- Configuring done
[0.871s] -- Generating done
[0.872s] -- Build files have been written to: /home/robogait/azure_kinect_ws/build/body_tracker_msgs
[0.896s] [  2%] [34m[1mGenerating C code for ROS interfaces[0m
[0.896s] [35m[1mScanning dependencies of target body_tracker_msgs__cpp[0m
[0.907s] [  5%] [34m[1mGenerating C++ code for ROS interfaces[0m
[1.232s] [  5%] Built target body_tracker_msgs__cpp
[1.237s] [35m[1mScanning dependencies of target body_tracker_msgs__rosidl_generator_c[0m
[1.244s] [  8%] [34m[1mGenerating C++ introspection for ROS interfaces[0m
[1.244s] [ 11%] [34m[1mGenerating C++ type support for eProsima Fast-RTPS[0m
[1.244s] [ 13%] [34m[1mGenerating C++ type support dispatch for ROS interfaces[0m
[1.252s] [ 16%] [32mBuilding C object CMakeFiles/body_tracker_msgs__rosidl_generator_c.dir/rosidl_generator_c/body_tracker_msgs/msg/detail/skeleton__functions.c.o[0m
[1.254s] [ 19%] [32mBuilding C object CMakeFiles/body_tracker_msgs__rosidl_generator_c.dir/rosidl_generator_c/body_tracker_msgs/msg/detail/hip_coordinates__functions.c.o[0m
[1.255s] [ 22%] [32mBuilding C object CMakeFiles/body_tracker_msgs__rosidl_generator_c.dir/rosidl_generator_c/body_tracker_msgs/msg/detail/spine_bottom__functions.c.o[0m
[1.296s] [ 25%] [32m[1mLinking C shared library libbody_tracker_msgs__rosidl_generator_c.so[0m
[1.329s] [ 25%] Built target body_tracker_msgs__rosidl_generator_c
[1.341s] [ 27%] [34m[1mGenerating C introspection for ROS interfaces[0m
[1.345s] [ 30%] [34m[1mGenerating C type support dispatch for ROS interfaces[0m
[1.549s] [35m[1mScanning dependencies of target body_tracker_msgs__rosidl_typesupport_cpp[0m
[1.564s] [ 33%] [32mBuilding CXX object CMakeFiles/body_tracker_msgs__rosidl_typesupport_cpp.dir/rosidl_typesupport_cpp/body_tracker_msgs/msg/hip_coordinates__type_support.cpp.o[0m
[1.567s] [ 36%] [32mBuilding CXX object CMakeFiles/body_tracker_msgs__rosidl_typesupport_cpp.dir/rosidl_typesupport_cpp/body_tracker_msgs/msg/skeleton__type_support.cpp.o[0m
[1.568s] [ 38%] [32mBuilding CXX object CMakeFiles/body_tracker_msgs__rosidl_typesupport_cpp.dir/rosidl_typesupport_cpp/body_tracker_msgs/msg/spine_bottom__type_support.cpp.o[0m
[1.581s] [35m[1mScanning dependencies of target body_tracker_msgs__rosidl_typesupport_introspection_cpp[0m
[1.601s] [ 44%] [32mBuilding CXX object CMakeFiles/body_tracker_msgs__rosidl_typesupport_introspection_cpp.dir/rosidl_typesupport_introspection_cpp/body_tracker_msgs/msg/detail/skeleton__type_support.cpp.o[0m
[1.601s] [ 44%] [32mBuilding CXX object CMakeFiles/body_tracker_msgs__rosidl_typesupport_introspection_cpp.dir/rosidl_typesupport_introspection_cpp/body_tracker_msgs/msg/detail/hip_coordinates__type_support.cpp.o[0m
[1.801s] [35m[1mScanning dependencies of target body_tracker_msgs__rosidl_typesupport_introspection_c[0m
[1.828s] [ 47%] [32mBuilding C object CMakeFiles/body_tracker_msgs__rosidl_typesupport_introspection_c.dir/rosidl_typesupport_introspection_c/body_tracker_msgs/msg/detail/hip_coordinates__type_support.c.o[0m
[1.848s] [ 50%] [32mBuilding C object CMakeFiles/body_tracker_msgs__rosidl_typesupport_introspection_c.dir/rosidl_typesupport_introspection_c/body_tracker_msgs/msg/detail/skeleton__type_support.c.o[0m
[1.850s] [ 52%] [32mBuilding CXX object CMakeFiles/body_tracker_msgs__rosidl_typesupport_introspection_cpp.dir/rosidl_typesupport_introspection_cpp/body_tracker_msgs/msg/detail/spine_bottom__type_support.cpp.o[0m
[1.850s] [35m[1mScanning dependencies of target body_tracker_msgs__rosidl_typesupport_fastrtps_cpp[0m
[1.870s] [ 61%] [32m[1mLinking CXX shared library libbody_tracker_msgs__rosidl_typesupport_cpp.so[0m
[1.871s] [ 61%] [32mBuilding C object CMakeFiles/body_tracker_msgs__rosidl_typesupport_introspection_c.dir/rosidl_typesupport_introspection_c/body_tracker_msgs/msg/detail/spine_bottom__type_support.c.o[0m
[1.871s] [ 61%] [32mBuilding CXX object CMakeFiles/body_tracker_msgs__rosidl_typesupport_fastrtps_cpp.dir/rosidl_typesupport_fastrtps_cpp/body_tracker_msgs/msg/detail/dds_fastrtps/hip_coordinates__type_support.cpp.o[0m
[1.878s] [35m[1mScanning dependencies of target body_tracker_msgs__rosidl_typesupport_c[0m
[1.893s] [ 63%] [32mBuilding CXX object CMakeFiles/body_tracker_msgs__rosidl_typesupport_fastrtps_cpp.dir/rosidl_typesupport_fastrtps_cpp/body_tracker_msgs/msg/detail/dds_fastrtps/skeleton__type_support.cpp.o[0m
[1.896s] [ 66%] [32mBuilding CXX object CMakeFiles/body_tracker_msgs__rosidl_typesupport_c.dir/rosidl_typesupport_c/body_tracker_msgs/msg/hip_coordinates__type_support.cpp.o[0m
[1.904s] [ 69%] [32mBuilding CXX object CMakeFiles/body_tracker_msgs__rosidl_typesupport_fastrtps_cpp.dir/rosidl_typesupport_fastrtps_cpp/body_tracker_msgs/msg/detail/dds_fastrtps/spine_bottom__type_support.cpp.o[0m
[1.905s] [ 72%] [32mBuilding CXX object CMakeFiles/body_tracker_msgs__rosidl_typesupport_c.dir/rosidl_typesupport_c/body_tracker_msgs/msg/skeleton__type_support.cpp.o[0m
[1.911s] [ 75%] [32m[1mLinking C shared library libbody_tracker_msgs__rosidl_typesupport_introspection_c.so[0m
[1.928s] [ 75%] Built target body_tracker_msgs__rosidl_typesupport_cpp
[1.940s] [ 77%] [32mBuilding CXX object CMakeFiles/body_tracker_msgs__rosidl_typesupport_c.dir/rosidl_typesupport_c/body_tracker_msgs/msg/spine_bottom__type_support.cpp.o[0m
[1.949s] [ 77%] Built target body_tracker_msgs__rosidl_typesupport_introspection_c
[1.974s] [ 80%] [32m[1mLinking CXX shared library libbody_tracker_msgs__rosidl_typesupport_c.so[0m
[2.009s] [ 80%] Built target body_tracker_msgs__rosidl_typesupport_c
[2.072s] [ 83%] [32m[1mLinking CXX shared library libbody_tracker_msgs__rosidl_typesupport_introspection_cpp.so[0m
[2.124s] [ 83%] Built target body_tracker_msgs__rosidl_typesupport_introspection_cpp
[2.220s] [ 86%] [32m[1mLinking CXX shared library libbody_tracker_msgs__rosidl_typesupport_fastrtps_cpp.so[0m
[2.282s] [ 86%] Built target body_tracker_msgs__rosidl_typesupport_fastrtps_cpp
[2.293s] [ 88%] [34m[1mGenerating C type support for eProsima Fast-RTPS[0m
[2.590s] [35m[1mScanning dependencies of target body_tracker_msgs__rosidl_typesupport_fastrtps_c[0m
[2.604s] [ 94%] [32mBuilding CXX object CMakeFiles/body_tracker_msgs__rosidl_typesupport_fastrtps_c.dir/rosidl_typesupport_fastrtps_c/body_tracker_msgs/msg/detail/hip_coordinates__type_support_c.cpp.o[0m
[2.604s] [ 94%] [32mBuilding CXX object CMakeFiles/body_tracker_msgs__rosidl_typesupport_fastrtps_c.dir/rosidl_typesupport_fastrtps_c/body_tracker_msgs/msg/detail/spine_bottom__type_support_c.cpp.o[0m
[2.604s] [ 97%] [32mBuilding CXX object CMakeFiles/body_tracker_msgs__rosidl_typesupport_fastrtps_c.dir/rosidl_typesupport_fastrtps_c/body_tracker_msgs/msg/detail/skeleton__type_support_c.cpp.o[0m
[2.825s] [100%] [32m[1mLinking CXX shared library libbody_tracker_msgs__rosidl_typesupport_fastrtps_c.so[0m
[2.886s] [100%] Built target body_tracker_msgs__rosidl_typesupport_fastrtps_c
[2.907s] [100%] Built target body_tracker_msgs
