[0.018s] Invoking command in '/home/robogait/azure_kinect_ws/build/kinectAzure_body_tracker': CMAKE_PREFIX_PATH=${CMAKE_PREFIX_PATH}:/home/robogait/ros2_ws/install/nav2_project:/home/robogait/nav2_ws/install/nav2_gazebo_spawner:/home/robogait/ros2_serial/install/ourbotmanager:/opt/ros/foxy /usr/bin/cmake /home/robogait/azure_kinect_ws/src/kinectAzure_body_tracker -DCMAKE_INSTALL_PREFIX=/home/robogait/azure_kinect_ws/install/kinectAzure_body_tracker
[0.103s] -- The C compiler identification is GNU 9.4.0
[0.156s] -- The CXX compiler identification is GNU 9.4.0
[0.162s] -- Check for working C compiler: /usr/bin/cc
[0.220s] -- Check for working C compiler: /usr/bin/cc -- works
[0.221s] -- Detecting C compiler ABI info
[0.278s] -- Detecting C compiler ABI info - done
[0.285s] -- Detecting C compile features
[0.285s] -- Detecting C compile features - done
[0.287s] -- Check for working CXX compiler: /usr/bin/c++
[0.353s] -- Check for working CXX compiler: /usr/bin/c++ -- works
[0.353s] -- Detecting CXX compiler ABI info
[0.417s] -- Detecting CXX compiler ABI info - done
[0.425s] -- Detecting CXX compile features
[0.425s] -- Detecting CXX compile features - done
[0.429s] -- Found ament_cmake: 0.9.9 (/opt/ros/foxy/share/ament_cmake/cmake)
[0.454s] -- Found PythonInterp: /usr/bin/python3 (found suitable version "3.8.10", minimum required is "3") 
[0.454s] -- Using PYTHON_EXECUTABLE: /usr/bin/python3
[0.598s] -- Found ament_lint_auto: 0.9.6 (/opt/ros/foxy/share/ament_lint_auto/cmake)
[0.632s] WARNING: Package name "kinectAzure_body_tracker" does not follow the naming conventions. It should start with a lower case letter and only contain lower case letters, digits, underscores, and dashes.
[0.662s] -- Added test 'copyright' to check source files copyright and LICENSE
[0.663s] -- Added test 'lint_cmake' to check CMake code style
[0.664s] -- Added test 'xmllint' to check XML markup files
[0.666s] -- Configuring done
[0.670s] -- Generating done
[0.670s] -- Build files have been written to: /home/robogait/azure_kinect_ws/build/kinectAzure_body_tracker
[0.674s] Invoked command in '/home/robogait/azure_kinect_ws/build/kinectAzure_body_tracker' returned '0': CMAKE_PREFIX_PATH=${CMAKE_PREFIX_PATH}:/home/robogait/ros2_ws/install/nav2_project:/home/robogait/nav2_ws/install/nav2_gazebo_spawner:/home/robogait/ros2_serial/install/ourbotmanager:/opt/ros/foxy /usr/bin/cmake /home/robogait/azure_kinect_ws/src/kinectAzure_body_tracker -DCMAKE_INSTALL_PREFIX=/home/robogait/azure_kinect_ws/install/kinectAzure_body_tracker
[0.675s] Invoking command in '/home/robogait/azure_kinect_ws/build/kinectAzure_body_tracker': CMAKE_PREFIX_PATH=${CMAKE_PREFIX_PATH}:/home/robogait/ros2_ws/install/nav2_project:/home/robogait/nav2_ws/install/nav2_gazebo_spawner:/home/robogait/ros2_serial/install/ourbotmanager:/opt/ros/foxy /usr/bin/cmake --build /home/robogait/azure_kinect_ws/build/kinectAzure_body_tracker -- -j8 -l8
[0.710s] Invoked command in '/home/robogait/azure_kinect_ws/build/kinectAzure_body_tracker' returned '0': CMAKE_PREFIX_PATH=${CMAKE_PREFIX_PATH}:/home/robogait/ros2_ws/install/nav2_project:/home/robogait/nav2_ws/install/nav2_gazebo_spawner:/home/robogait/ros2_serial/install/ourbotmanager:/opt/ros/foxy /usr/bin/cmake --build /home/robogait/azure_kinect_ws/build/kinectAzure_body_tracker -- -j8 -l8
[0.737s] Invoking command in '/home/robogait/azure_kinect_ws/build/kinectAzure_body_tracker': CMAKE_PREFIX_PATH=${CMAKE_PREFIX_PATH}:/home/robogait/ros2_ws/install/nav2_project:/home/robogait/nav2_ws/install/nav2_gazebo_spawner:/home/robogait/ros2_serial/install/ourbotmanager:/opt/ros/foxy /usr/bin/cmake --install /home/robogait/azure_kinect_ws/build/kinectAzure_body_tracker
[0.744s] -- Install configuration: ""
[0.744s] -- Installing: /home/robogait/azure_kinect_ws/install/kinectAzure_body_tracker/share/ament_index/resource_index/package_run_dependencies/kinectAzure_body_tracker
[0.745s] -- Installing: /home/robogait/azure_kinect_ws/install/kinectAzure_body_tracker/share/ament_index/resource_index/parent_prefix_path/kinectAzure_body_tracker
[0.745s] -- Installing: /home/robogait/azure_kinect_ws/install/kinectAzure_body_tracker/share/kinectAzure_body_tracker/environment/ament_prefix_path.sh
[0.745s] -- Installing: /home/robogait/azure_kinect_ws/install/kinectAzure_body_tracker/share/kinectAzure_body_tracker/environment/ament_prefix_path.dsv
[0.745s] -- Installing: /home/robogait/azure_kinect_ws/install/kinectAzure_body_tracker/share/kinectAzure_body_tracker/environment/path.sh
[0.745s] -- Installing: /home/robogait/azure_kinect_ws/install/kinectAzure_body_tracker/share/kinectAzure_body_tracker/environment/path.dsv
[0.745s] -- Installing: /home/robogait/azure_kinect_ws/install/kinectAzure_body_tracker/share/kinectAzure_body_tracker/local_setup.bash
[0.745s] -- Installing: /home/robogait/azure_kinect_ws/install/kinectAzure_body_tracker/share/kinectAzure_body_tracker/local_setup.sh
[0.745s] -- Installing: /home/robogait/azure_kinect_ws/install/kinectAzure_body_tracker/share/kinectAzure_body_tracker/local_setup.zsh
[0.745s] -- Installing: /home/robogait/azure_kinect_ws/install/kinectAzure_body_tracker/share/kinectAzure_body_tracker/local_setup.dsv
[0.745s] -- Installing: /home/robogait/azure_kinect_ws/install/kinectAzure_body_tracker/share/kinectAzure_body_tracker/package.dsv
[0.745s] -- Installing: /home/robogait/azure_kinect_ws/install/kinectAzure_body_tracker/share/ament_index/resource_index/packages/kinectAzure_body_tracker
[0.745s] -- Installing: /home/robogait/azure_kinect_ws/install/kinectAzure_body_tracker/share/kinectAzure_body_tracker/cmake/kinectAzure_body_trackerConfig.cmake
[0.745s] -- Installing: /home/robogait/azure_kinect_ws/install/kinectAzure_body_tracker/share/kinectAzure_body_tracker/cmake/kinectAzure_body_trackerConfig-version.cmake
[0.745s] -- Installing: /home/robogait/azure_kinect_ws/install/kinectAzure_body_tracker/share/kinectAzure_body_tracker/package.xml
[0.747s] Invoked command in '/home/robogait/azure_kinect_ws/build/kinectAzure_body_tracker' returned '0': CMAKE_PREFIX_PATH=${CMAKE_PREFIX_PATH}:/home/robogait/ros2_ws/install/nav2_project:/home/robogait/nav2_ws/install/nav2_gazebo_spawner:/home/robogait/ros2_serial/install/ourbotmanager:/opt/ros/foxy /usr/bin/cmake --install /home/robogait/azure_kinect_ws/build/kinectAzure_body_tracker
