[0.014s] Invoking command in '/home/robogait/azure_kinect_ws/build/body_tracking': CMAKE_PREFIX_PATH=${CMAKE_PREFIX_PATH}:/home/robogait/ros2_serial/install/ourbotmanager:/opt/ros/foxy /usr/bin/cmake --build /home/robogait/azure_kinect_ws/build/body_tracking -- -j8 -l8
[0.041s] [35m[1mScanning dependencies of target body_tracking_recording_node[0m
[0.054s] [ 50%] Built target body_tracking_node
[0.061s] [ 75%] [32mBuilding CXX object CMakeFiles/body_tracking_recording_node.dir/src/kinectAzure_body_tracker_node_plus_recording.cpp.o[0m
[1.904s] [100%] [32m[1mLinking CXX executable body_tracking_recording_node[0m
[2.000s] [100%] Built target body_tracking_recording_node
[2.008s] Invoked command in '/home/robogait/azure_kinect_ws/build/body_tracking' returned '0': CMAKE_PREFIX_PATH=${CMAKE_PREFIX_PATH}:/home/robogait/ros2_serial/install/ourbotmanager:/opt/ros/foxy /usr/bin/cmake --build /home/robogait/azure_kinect_ws/build/body_tracking -- -j8 -l8
[2.029s] Invoking command in '/home/robogait/azure_kinect_ws/build/body_tracking': CMAKE_PREFIX_PATH=${CMAKE_PREFIX_PATH}:/home/robogait/ros2_serial/install/ourbotmanager:/opt/ros/foxy /usr/bin/cmake --install /home/robogait/azure_kinect_ws/build/body_tracking
[2.036s] -- Install configuration: ""
[2.036s] -- Execute custom install script
[2.036s] -- Up-to-date symlink: /home/robogait/azure_kinect_ws/install/body_tracking/lib/body_tracking/body_tracking_node
[2.036s] -- Up-to-date symlink: /home/robogait/azure_kinect_ws/install/body_tracking/lib/body_tracking/body_tracking_recording_node
[2.036s] -- Up-to-date symlink: /home/robogait/azure_kinect_ws/install/body_tracking/lib/body_tracking/body_tracking_node
[2.036s] -- Up-to-date symlink: /home/robogait/azure_kinect_ws/install/body_tracking/lib/body_tracking/body_tracking_recording_node
[2.037s] -- Up-to-date symlink: /home/robogait/azure_kinect_ws/install/body_tracking/share/ament_index/resource_index/package_run_dependencies/body_tracking
[2.037s] -- Up-to-date symlink: /home/robogait/azure_kinect_ws/install/body_tracking/share/ament_index/resource_index/parent_prefix_path/body_tracking
[2.037s] -- Up-to-date symlink: /home/robogait/azure_kinect_ws/install/body_tracking/share/body_tracking/environment/ament_prefix_path.sh
[2.037s] -- Up-to-date symlink: /home/robogait/azure_kinect_ws/install/body_tracking/share/body_tracking/environment/ament_prefix_path.dsv
[2.037s] -- Up-to-date symlink: /home/robogait/azure_kinect_ws/install/body_tracking/share/body_tracking/environment/path.sh
[2.037s] -- Up-to-date symlink: /home/robogait/azure_kinect_ws/install/body_tracking/share/body_tracking/environment/path.dsv
[2.037s] -- Up-to-date symlink: /home/robogait/azure_kinect_ws/install/body_tracking/share/body_tracking/local_setup.bash
[2.038s] -- Up-to-date symlink: /home/robogait/azure_kinect_ws/install/body_tracking/share/body_tracking/local_setup.sh
[2.038s] -- Up-to-date symlink: /home/robogait/azure_kinect_ws/install/body_tracking/share/body_tracking/local_setup.zsh
[2.038s] -- Up-to-date symlink: /home/robogait/azure_kinect_ws/install/body_tracking/share/body_tracking/local_setup.dsv
[2.038s] -- Symlinking: /home/robogait/azure_kinect_ws/install/body_tracking/share/body_tracking/package.dsv
[2.044s] -- Up-to-date symlink: /home/robogait/azure_kinect_ws/install/body_tracking/share/ament_index/resource_index/packages/body_tracking
[2.044s] -- Up-to-date symlink: /home/robogait/azure_kinect_ws/install/body_tracking/share/body_tracking/cmake/body_trackingConfig.cmake
[2.044s] -- Up-to-date symlink: /home/robogait/azure_kinect_ws/install/body_tracking/share/body_tracking/cmake/body_trackingConfig-version.cmake
[2.045s] -- Up-to-date symlink: /home/robogait/azure_kinect_ws/install/body_tracking/share/body_tracking/package.xml
[2.047s] Invoked command in '/home/robogait/azure_kinect_ws/build/body_tracking' returned '0': CMAKE_PREFIX_PATH=${CMAKE_PREFIX_PATH}:/home/robogait/ros2_serial/install/ourbotmanager:/opt/ros/foxy /usr/bin/cmake --install /home/robogait/azure_kinect_ws/build/body_tracking
