[0.010s] Invoking command in '/home/robogait/azure_kinect_ws/build/body_tracking': CMAKE_PREFIX_PATH=${CMAKE_PREFIX_PATH}:/home/robogait/ros2_serial/install/ourbotmanager:/opt/ros/foxy /usr/bin/cmake --build /home/robogait/azure_kinect_ws/build/body_tracking -- -j8 -l8
[0.048s] [  5%] Built target body_tracking_node
[0.049s] [ 13%] Built target body_tracking__rosidl_generator_c
[0.049s] [ 18%] Built target body_tracking__cpp
[0.049s] [ 18%] [32mBuilding CXX object CMakeFiles/listener.dir/src/subscriber_member_function.cpp.o[0m
[0.055s] [ 24%] Built target talker
[0.064s] [ 32%] Built target body_tracking__rosidl_typesupport_introspection_cpp
[0.065s] [ 40%] Built target body_tracking__rosidl_typesupport_cpp
[0.065s] [ 48%] Built target body_tracking__rosidl_typesupport_introspection_c
[0.066s] [ 56%] Built target body_tracking__rosidl_typesupport_c
[0.069s] [ 64%] Built target body_tracking__rosidl_typesupport_fastrtps_cpp
[0.085s] [ 72%] Built target body_tracking__rosidl_typesupport_fastrtps_c
[0.098s] [ 72%] Built target body_tracking
[0.111s] [ 75%] Built target body_tracking__py
[0.130s] [ 81%] Built target body_tracking__python
[0.148s] [ 91%] Built target body_tracking__rosidl_typesupport_introspection_c__pyext
[0.148s] [ 91%] Built target body_tracking__rosidl_typesupport_c__pyext
[0.151s] [ 97%] Built target body_tracking__rosidl_typesupport_fastrtps_c__pyext
[0.798s] In file included from [01m[K/opt/ros/foxy/include/rclcpp/client.hpp:40[m[K,
[0.799s]                  from [01m[K/opt/ros/foxy/include/rclcpp/callback_group.hpp:23[m[K,
[0.799s]                  from [01m[K/opt/ros/foxy/include/rclcpp/any_executable.hpp:20[m[K,
[0.799s]                  from [01m[K/opt/ros/foxy/include/rclcpp/memory_strategy.hpp:24[m[K,
[0.799s]                  from [01m[K/opt/ros/foxy/include/rclcpp/memory_strategies.hpp:18[m[K,
[0.799s]                  from [01m[K/opt/ros/foxy/include/rclcpp/executor_options.hpp:20[m[K,
[0.799s]                  from [01m[K/opt/ros/foxy/include/rclcpp/executor.hpp:33[m[K,
[0.799s]                  from [01m[K/opt/ros/foxy/include/rclcpp/executors/multi_threaded_executor.hpp:26[m[K,
[0.799s]                  from [01m[K/opt/ros/foxy/include/rclcpp/executors.hpp:21[m[K,
[0.799s]                  from [01m[K/opt/ros/foxy/include/rclcpp/rclcpp.hpp:146[m[K,
[0.799s]                  from [01m[K/home/robogait/azure_kinect_ws/src/body_tracking/src/subscriber_member_function.cpp:3[m[K:
[0.799s] [01m[K/home/robogait/azure_kinect_ws/src/body_tracking/src/subscriber_member_function.cpp:[m[K In member function ‘[01m[Kvoid MinimalSubscriber::topic_callback(body_tracking::msg::HipCoordinates_<std::allocator<void> >::SharedPtr) const[m[K’:
[0.799s] [01m[K/home/robogait/azure_kinect_ws/src/body_tracking/src/subscriber_member_function.cpp:23:77:[m[K [01;31m[Kerror: [m[K‘[01m[Kconst SharedPtr[m[K’ {aka ‘[01m[Kconst class std::shared_ptr<body_tracking::msg::HipCoordinates_<std::allocator<void> > >[m[K’} has no member named ‘[01m[Kx[m[K’
[0.799s]    23 |     RCLCPP_INFO(this->get_logger(), "I heard hip coordinates: x->'%f'", msg.[01;31m[Kx[m[K);
[0.799s]       |                                                                             [01;31m[K^[m[K
[1.709s] make[2]: *** [CMakeFiles/listener.dir/build.make:63: CMakeFiles/listener.dir/src/subscriber_member_function.cpp.o] Error 1
[1.709s] make[1]: *** [CMakeFiles/Makefile2:296: CMakeFiles/listener.dir/all] Error 2
[1.709s] make: *** [Makefile:141: all] Error 2
[1.712s] Invoked command in '/home/robogait/azure_kinect_ws/build/body_tracking' returned '2': CMAKE_PREFIX_PATH=${CMAKE_PREFIX_PATH}:/home/robogait/ros2_serial/install/ourbotmanager:/opt/ros/foxy /usr/bin/cmake --build /home/robogait/azure_kinect_ws/build/body_tracking -- -j8 -l8
