[0.021s] Invoking command in '/home/robogait/azure_kinect_ws/build/kinect_azure_body_tracker': CMAKE_PREFIX_PATH=${CMAKE_PREFIX_PATH}:/home/robogait/nav2_ws/install/nav2_gazebo_spawner:/home/robogait/ros2_serial/install/ourbotmanager:/home/robogait/ros2_ws/install/nav2_project:/opt/ros/foxy /usr/bin/cmake --build /home/robogait/azure_kinect_ws/build/kinect_azure_body_tracker -- -j8 -l8
[0.081s] [35m[1mScanning dependencies of target kinect_azure_body_tracker_recording_node_simplified[0m
[0.098s] [ 14%] Built target kinect_azure_body_tracker_node_full_processing
[0.108s] [ 28%] Built target kinect_azure_body_tracker_node_plus_recording_test
[0.112s] [ 42%] Built target kinect_azure_body_tracker_node
[0.124s] [ 57%] Built target kinect_azure_body_tracker_node_finite
[0.124s] [ 71%] Built target kinect_azure_body_tracker_recording_node
[0.132s] [ 78%] [32mBuilding CXX object CMakeFiles/kinect_azure_body_tracker_recording_node_simplified.dir/src/kinectAzure_body_tracker_node_plus_recording_simplified.cpp.o[0m
[0.135s] [ 92%] Built target kinect_azure_body_tracker_node_simplified
[1.856s] [100%] [32m[1mLinking CXX executable kinect_azure_body_tracker_recording_node_simplified[0m
[1.964s] [100%] Built target kinect_azure_body_tracker_recording_node_simplified
[1.974s] Invoked command in '/home/robogait/azure_kinect_ws/build/kinect_azure_body_tracker' returned '0': CMAKE_PREFIX_PATH=${CMAKE_PREFIX_PATH}:/home/robogait/nav2_ws/install/nav2_gazebo_spawner:/home/robogait/ros2_serial/install/ourbotmanager:/home/robogait/ros2_ws/install/nav2_project:/opt/ros/foxy /usr/bin/cmake --build /home/robogait/azure_kinect_ws/build/kinect_azure_body_tracker -- -j8 -l8
[2.025s] Invoking command in '/home/robogait/azure_kinect_ws/build/kinect_azure_body_tracker': CMAKE_PREFIX_PATH=${CMAKE_PREFIX_PATH}:/home/robogait/nav2_ws/install/nav2_gazebo_spawner:/home/robogait/ros2_serial/install/ourbotmanager:/home/robogait/ros2_ws/install/nav2_project:/opt/ros/foxy /usr/bin/cmake --install /home/robogait/azure_kinect_ws/build/kinect_azure_body_tracker
[2.035s] -- Install configuration: ""
[2.035s] -- Up-to-date: /home/robogait/azure_kinect_ws/install/kinect_azure_body_tracker/lib/kinect_azure_body_tracker/kinect_azure_body_tracker_node
[2.035s] -- Up-to-date: /home/robogait/azure_kinect_ws/install/kinect_azure_body_tracker/lib/kinect_azure_body_tracker/kinect_azure_body_tracker_recording_node
[2.036s] -- Up-to-date: /home/robogait/azure_kinect_ws/install/kinect_azure_body_tracker/lib/kinect_azure_body_tracker/kinect_azure_body_tracker_node_simplified
[2.036s] -- Installing: /home/robogait/azure_kinect_ws/install/kinect_azure_body_tracker/lib/kinect_azure_body_tracker/kinect_azure_body_tracker_recording_node_simplified
[2.036s] -- Set runtime path of "/home/robogait/azure_kinect_ws/install/kinect_azure_body_tracker/lib/kinect_azure_body_tracker/kinect_azure_body_tracker_recording_node_simplified" to ""
[2.037s] -- Up-to-date: /home/robogait/azure_kinect_ws/install/kinect_azure_body_tracker/lib/kinect_azure_body_tracker/kinect_azure_body_tracker_node_full_processing
[2.037s] -- Up-to-date: /home/robogait/azure_kinect_ws/install/kinect_azure_body_tracker/lib/kinect_azure_body_tracker/kinect_azure_body_tracker_node_finite
[2.037s] -- Up-to-date: /home/robogait/azure_kinect_ws/install/kinect_azure_body_tracker/lib/kinect_azure_body_tracker/kinect_azure_body_tracker_node_plus_recording_test
[2.037s] -- Up-to-date: /home/robogait/azure_kinect_ws/install/kinect_azure_body_tracker/lib/kinect_azure_body_tracker/kinect_azure_body_tracker_node
[2.037s] -- Up-to-date: /home/robogait/azure_kinect_ws/install/kinect_azure_body_tracker/lib/kinect_azure_body_tracker/kinect_azure_body_tracker_recording_node
[2.038s] -- Up-to-date: /home/robogait/azure_kinect_ws/install/kinect_azure_body_tracker/lib/kinect_azure_body_tracker/kinect_azure_body_tracker_node_simplified
[2.038s] -- Up-to-date: /home/robogait/azure_kinect_ws/install/kinect_azure_body_tracker/lib/kinect_azure_body_tracker/kinect_azure_body_tracker_recording_node_simplified
[2.038s] -- Up-to-date: /home/robogait/azure_kinect_ws/install/kinect_azure_body_tracker/lib/kinect_azure_body_tracker/kinect_azure_body_tracker_node_full_processing
[2.038s] -- Up-to-date: /home/robogait/azure_kinect_ws/install/kinect_azure_body_tracker/lib/kinect_azure_body_tracker/kinect_azure_body_tracker_node_finite
[2.039s] -- Up-to-date: /home/robogait/azure_kinect_ws/install/kinect_azure_body_tracker/lib/kinect_azure_body_tracker/kinect_azure_body_tracker_node_plus_recording_test
[2.039s] -- Up-to-date: /home/robogait/azure_kinect_ws/install/kinect_azure_body_tracker/share/ament_index/resource_index/package_run_dependencies/kinect_azure_body_tracker
[2.039s] -- Up-to-date: /home/robogait/azure_kinect_ws/install/kinect_azure_body_tracker/share/ament_index/resource_index/parent_prefix_path/kinect_azure_body_tracker
[2.039s] -- Up-to-date: /home/robogait/azure_kinect_ws/install/kinect_azure_body_tracker/share/kinect_azure_body_tracker/environment/ament_prefix_path.sh
[2.039s] -- Up-to-date: /home/robogait/azure_kinect_ws/install/kinect_azure_body_tracker/share/kinect_azure_body_tracker/environment/ament_prefix_path.dsv
[2.039s] -- Up-to-date: /home/robogait/azure_kinect_ws/install/kinect_azure_body_tracker/share/kinect_azure_body_tracker/environment/path.sh
[2.039s] -- Up-to-date: /home/robogait/azure_kinect_ws/install/kinect_azure_body_tracker/share/kinect_azure_body_tracker/environment/path.dsv
[2.039s] -- Up-to-date: /home/robogait/azure_kinect_ws/install/kinect_azure_body_tracker/share/kinect_azure_body_tracker/local_setup.bash
[2.039s] -- Up-to-date: /home/robogait/azure_kinect_ws/install/kinect_azure_body_tracker/share/kinect_azure_body_tracker/local_setup.sh
[2.039s] -- Up-to-date: /home/robogait/azure_kinect_ws/install/kinect_azure_body_tracker/share/kinect_azure_body_tracker/local_setup.zsh
[2.039s] -- Up-to-date: /home/robogait/azure_kinect_ws/install/kinect_azure_body_tracker/share/kinect_azure_body_tracker/local_setup.dsv
[2.039s] -- Installing: /home/robogait/azure_kinect_ws/install/kinect_azure_body_tracker/share/kinect_azure_body_tracker/package.dsv
[2.039s] -- Up-to-date: /home/robogait/azure_kinect_ws/install/kinect_azure_body_tracker/share/ament_index/resource_index/packages/kinect_azure_body_tracker
[2.039s] -- Up-to-date: /home/robogait/azure_kinect_ws/install/kinect_azure_body_tracker/share/kinect_azure_body_tracker/cmake/kinect_azure_body_trackerConfig.cmake
[2.039s] -- Up-to-date: /home/robogait/azure_kinect_ws/install/kinect_azure_body_tracker/share/kinect_azure_body_tracker/cmake/kinect_azure_body_trackerConfig-version.cmake
[2.040s] -- Up-to-date: /home/robogait/azure_kinect_ws/install/kinect_azure_body_tracker/share/kinect_azure_body_tracker/package.xml
[2.041s] Invoked command in '/home/robogait/azure_kinect_ws/build/kinect_azure_body_tracker' returned '0': CMAKE_PREFIX_PATH=${CMAKE_PREFIX_PATH}:/home/robogait/nav2_ws/install/nav2_gazebo_spawner:/home/robogait/ros2_serial/install/ourbotmanager:/home/robogait/ros2_ws/install/nav2_project:/opt/ros/foxy /usr/bin/cmake --install /home/robogait/azure_kinect_ws/build/kinect_azure_body_tracker
