-- Found ament_cmake: 0.9.9 (/opt/ros/foxy/share/ament_cmake/cmake)
-- Using PYTHON_EXECUTABLE: /usr/bin/python3
-- Override CMake install command with custom implementation using symlinks instead of copying resources
-- Found rclcpp: 2.4.1 (/opt/ros/foxy/share/rclcpp/cmake)
-- Using all available rosidl_typesupport_c: rosidl_typesupport_fastrtps_c;rosidl_typesupport_introspection_c
-- Found rosidl_adapter: 1.2.1 (/opt/ros/foxy/share/rosidl_adapter/cmake)
-- Using all available rosidl_typesupport_cpp: rosidl_typesupport_fastrtps_cpp;rosidl_typesupport_introspection_cpp
-- Found rmw_implementation_cmake: 1.0.3 (/opt/ros/foxy/share/rmw_implementation_cmake/cmake)
-- Using RMW implementation 'rmw_fastrtps_cpp' as default
-- Found geometry_msgs: 2.0.5 (/opt/ros/foxy/share/geometry_msgs/cmake)
-- Found body_tracker_msgs: 0.0.0 (/home/robogait/azure_kinect_ws/install/body_tracker_msgs/share/body_tracker_msgs/cmake)
-- Found rosidl_default_generators: 1.0.1 (/opt/ros/foxy/share/rosidl_default_generators/cmake)
-- Found ament_lint_auto: 0.9.6 (/opt/ros/foxy/share/ament_lint_auto/cmake)
-- Added test 'copyright' to check source files copyright and LICENSE
-- Added test 'cppcheck' to perform static code analysis on C / C++ code
-- Configured cppcheck include dirs: 
-- Configured cppcheck exclude dirs and/or files: 
-- Added test 'cpplint' to check C / C++ code against the Google style
-- Configured cpplint exclude dirs and/or files: 
-- Added test 'lint_cmake' to check CMake code style
-- Added test 'uncrustify' to check C / C++ code style
-- Configured uncrustify additional arguments: 
-- Added test 'xmllint' to check XML markup files
-- Configuring done
-- Generating done
-- Build files have been written to: /home/robogait/azure_kinect_ws/build/body_tracking
[35m[1mScanning dependencies of target body_tracking_recording_node[0m
[ 25%] [32mBuilding CXX object CMakeFiles/body_tracking_recording_node.dir/src/kinectAzure_body_tracker_node_plus_recording.cpp.o[0m
[ 50%] [32m[1mLinking CXX executable body_tracking_node[0m
[ 75%] Built target body_tracking_node
[01m[K/home/robogait/azure_kinect_ws/src/body_tracking/src/kinectAzure_body_tracker_node_plus_recording.cpp:356:2:[m[K [01;31m[Kerror: [m[K‘[01m[Kk4a_record_t[m[K’ does not name a type; did you mean ‘[01m[Kk4a_result_t[m[K’?
  356 |  [01;31m[Kk4a_record_t[m[K recording_handle;
      |  [01;31m[K^~~~~~~~~~~~[m[K
      |  [32m[Kk4a_result_t[m[K
[01m[K/home/robogait/azure_kinect_ws/src/body_tracking/src/kinectAzure_body_tracker_node_plus_recording.cpp:[m[K In member function ‘[01m[Kvoid MinimalPublisher::Init()[m[K’:
[01m[K/home/robogait/azure_kinect_ws/src/body_tracking/src/kinectAzure_body_tracker_node_plus_recording.cpp:326:68:[m[K [01;31m[Kerror: [m[K‘[01m[Krecording_handle[m[K’ was not declared in this scope
  326 | 4a_record_create("~/output_test.mkv", device, device_config, [01;31m[Krecording_handle[m[K)){
      |                                                              [01;31m[K^~~~~~~~~~~~~~~~[m[K

[01m[K/home/robogait/azure_kinect_ws/src/body_tracking/src/kinectAzure_body_tracker_node_plus_recording.cpp:326:6:[m[K [01;31m[Kerror: [m[K‘[01m[Kk4a_record_create[m[K’ was not declared in this scope
  326 |   if([01;31m[Kk4a_record_create[m[K("~/output_test.mkv", device, device_config, recording_handle)){
      |      [01;31m[K^~~~~~~~~~~~~~~~~[m[K
[01m[K/home/robogait/azure_kinect_ws/src/body_tracking/src/kinectAzure_body_tracker_node_plus_recording.cpp:[m[K In member function ‘[01m[Kvoid MinimalPublisher::close()[m[K’:
[01m[K/home/robogait/azure_kinect_ws/src/body_tracking/src/kinectAzure_body_tracker_node_plus_recording.cpp:338:20:[m[K [01;31m[Kerror: [m[K‘[01m[Krecording_handle[m[K’ was not declared in this scope
  338 |   k4a_record_close([01;31m[Krecording_handle[m[K);
      |                    [01;31m[K^~~~~~~~~~~~~~~~[m[K
[01m[K/home/robogait/azure_kinect_ws/src/body_tracking/src/kinectAzure_body_tracker_node_plus_recording.cpp:338:3:[m[K [01;31m[Kerror: [m[K‘[01m[Kk4a_record_close[m[K’ was not declared in this scope; did you mean ‘[01m[Kk4a_device_close[m[K’?
  338 |   [01;31m[Kk4a_record_close[m[K(recording_handle);
      |   [01;31m[K^~~~~~~~~~~~~~~~[m[K
      |   [32m[Kk4a_device_close[m[K
At global scope:
[01m[Kcc1plus:[m[K [01;35m[Kwarning: [m[Kunrecognized command line option ‘[01m[K-Wno-dev[m[K’
make[2]: *** [CMakeFiles/body_tracking_recording_node.dir/build.make:63: CMakeFiles/body_tracking_recording_node.dir/src/kinectAzure_body_tracker_node_plus_recording.cpp.o] Error 1
make[1]: *** [CMakeFiles/Makefile2:80: CMakeFiles/body_tracking_recording_node.dir/all] Error 2
make: *** [Makefile:141: all] Error 2
