[0.016s] Invoking command in '/home/robogait/azure_kinect_ws/build/body_tracking': CMAKE_PREFIX_PATH=${CMAKE_PREFIX_PATH}:/home/robogait/ros2_ws/install/nav2_project:/home/robogait/nav2_ws/install/nav2_gazebo_spawner:/home/robogait/ros2_serial/install/ourbotmanager:/opt/ros/foxy /usr/bin/cmake /home/robogait/azure_kinect_ws/src/body_tracking -DCMAKE_INSTALL_PREFIX=/home/robogait/azure_kinect_ws/install/body_tracking
[0.027s] -- Found ament_cmake: 0.9.9 (/opt/ros/foxy/share/ament_cmake/cmake)
[0.048s] -- Using PYTHON_EXECUTABLE: /usr/bin/python3
[0.167s] -- Override CMake install command with custom implementation using symlinks instead of copying resources
[0.171s] -- Found rclcpp: 2.4.1 (/opt/ros/foxy/share/rclcpp/cmake)
[0.197s] -- Using all available rosidl_typesupport_c: rosidl_typesupport_fastrtps_c;rosidl_typesupport_introspection_c
[0.199s] -- Found rosidl_adapter: 1.2.1 (/opt/ros/foxy/share/rosidl_adapter/cmake)
[0.296s] -- Using all available rosidl_typesupport_cpp: rosidl_typesupport_fastrtps_cpp;rosidl_typesupport_introspection_cpp
[0.327s] -- Found rmw_implementation_cmake: 1.0.3 (/opt/ros/foxy/share/rmw_implementation_cmake/cmake)
[0.330s] -- Using RMW implementation 'rmw_fastrtps_cpp' as default
[0.419s] -- Found geometry_msgs: 2.0.5 (/opt/ros/foxy/share/geometry_msgs/cmake)
[0.438s] -- Found body_tracker_msgs: 0.0.0 (/home/robogait/azure_kinect_ws/install/body_tracker_msgs/share/body_tracker_msgs/cmake)
[0.472s] -- Found rosidl_default_generators: 1.0.1 (/opt/ros/foxy/share/rosidl_default_generators/cmake)
[0.481s] CMake Error at CMakeLists.txt:35 (include):
[0.481s]   include could not find load file:
[0.481s] 
[0.481s]     ../../build/kinectAzure_body_tracker/CMakeFiles/Export/share/kinect/cmake/Findk4abt.cmake
[0.482s] 
[0.482s] 
[0.482s] CMake Error at CMakeLists.txt:36 (include):
[0.482s]   include could not find load file:
[0.482s] 
[0.482s]     ../../build/kinectAzure_body_tracker/CMakeFiles/Export/share/kinect/cmake/Findk4a.cmake
[0.482s] 
[0.482s] 
[0.486s] CMake Error at /opt/ros/foxy/share/ament_cmake_target_dependencies/cmake/ament_target_dependencies.cmake:77 (message):
[0.486s]   ament_target_dependencies() the passed package name 'K4ABT' was not found
[0.486s]   before
[0.486s] Call Stack (most recent call first):
[0.486s]   CMakeLists.txt:54 (ament_target_dependencies)
[0.486s] 
[0.486s] 
[0.487s] -- Configuring incomplete, errors occurred!
[0.487s] See also "/home/robogait/azure_kinect_ws/build/body_tracking/CMakeFiles/CMakeOutput.log".
[0.487s] See also "/home/robogait/azure_kinect_ws/build/body_tracking/CMakeFiles/CMakeError.log".
[0.492s] Invoked command in '/home/robogait/azure_kinect_ws/build/body_tracking' returned '1': CMAKE_PREFIX_PATH=${CMAKE_PREFIX_PATH}:/home/robogait/ros2_ws/install/nav2_project:/home/robogait/nav2_ws/install/nav2_gazebo_spawner:/home/robogait/ros2_serial/install/ourbotmanager:/opt/ros/foxy /usr/bin/cmake /home/robogait/azure_kinect_ws/src/body_tracking -DCMAKE_INSTALL_PREFIX=/home/robogait/azure_kinect_ws/install/body_tracking
