[01m[K/home/robogait/azure_kinect_ws/src/body_tracking/src/main.cpp:214:2:[m[K [01;31m[Kerror: [m[Knon-static data member declared with placeholder ‘[01m[Kauto[m[K’
  214 |  [01;31m[Kauto[m[K message = body_tracking::msg::HipCoordinates();
      |  [01;31m[K^~~~[m[K
[01m[K/home/robogait/azure_kinect_ws/src/body_tracking/src/main.cpp:[m[K In member function ‘[01m[Kvoid MinimalPublisher::timer_callback()[m[K’:
[01m[K/home/robogait/azure_kinect_ws/src/body_tracking/src/main.cpp:55:11:[m[K [01;31m[Kerror: [m[Kbreak statement not within loop or switch
   55 |           [01;31m[Kbreak[m[K;
      |           [01;31m[K^~~~~[m[K
[01m[K/home/robogait/azure_kinect_ws/src/body_tracking/src/main.cpp:60:11:[m[K [01;31m[Kerror: [m[Kbreak statement not within loop or switch
   60 |           [01;31m[Kbreak[m[K;
      |           [01;31m[K^~~~~[m[K
[01m[K/home/robogait/azure_kinect_ws/src/body_tracking/src/main.cpp:69:11:[m[K [01;31m[Kerror: [m[K‘[01m[Ktotal_success_tracker_time[m[K’ was not declared in this scope
   69 |           [01;31m[Ktotal_success_tracker_time[m[K += time_spent;
      |           [01;31m[K^~~~~~~~~~~~~~~~~~~~~~~~~~[m[K
[01m[K/home/robogait/azure_kinect_ws/src/body_tracking/src/main.cpp:70:11:[m[K [01;31m[Kerror: [m[K‘[01m[Ksuccess_frame_count[m[K’ was not declared in this scope
   70 |           [01;31m[Ksuccess_frame_count[m[K++;
      |           [01;31m[K^~~~~~~~~~~~~~~~~~~[m[K
[01m[K/home/robogait/azure_kinect_ws/src/body_tracking/src/main.cpp:76:11:[m[K [01;31m[Kerror: [m[K‘[01m[Ktotal_success_body_count[m[K’ was not declared in this scope
   76 |           [01;31m[Ktotal_success_body_count[m[K += num_bodies;
      |           [01;31m[K^~~~~~~~~~~~~~~~~~~~~~~~[m[K
[01m[K/home/robogait/azure_kinect_ws/src/body_tracking/src/main.cpp:107:11:[m[K [01;31m[Kerror: [m[Kbreak statement not within loop or switch
  107 |           [01;31m[Kbreak[m[K;
      |           [01;31m[K^~~~~[m[K
[01m[K/home/robogait/azure_kinect_ws/src/body_tracking/src/main.cpp:112:11:[m[K [01;31m[Kerror: [m[Kbreak statement not within loop or switch
  112 |           [01;31m[Kbreak[m[K;
      |           [01;31m[K^~~~~[m[K
[01m[K/home/robogait/azure_kinect_ws/src/body_tracking/src/main.cpp:119:7:[m[K [01;31m[Kerror: [m[Kbreak statement not within loop or switch
  119 |       [01;31m[Kbreak[m[K;
      |       [01;31m[K^~~~~[m[K
[01m[K/home/robogait/azure_kinect_ws/src/body_tracking/src/main.cpp:124:7:[m[K [01;31m[Kerror: [m[Kbreak statement not within loop or switch
  124 |       [01;31m[Kbreak[m[K;
      |       [01;31m[K^~~~~[m[K
[01m[K/home/robogait/azure_kinect_ws/src/body_tracking/src/main.cpp:129:27:[m[K [01;31m[Kerror: [m[K‘[01m[Kbody[m[K’ was not declared in this scope
  129 |   k4a_float3_t position = [01;31m[Kbody[m[K.skeleton.joints[coordenadaCadera].position;
      |                           [01;31m[K^~~~[m[K
make[2]: *** [CMakeFiles/prueba_talker.dir/build.make:63: CMakeFiles/prueba_talker.dir/src/main.cpp.o] Error 1
make[1]: *** [CMakeFiles/Makefile2:325: CMakeFiles/prueba_talker.dir/all] Error 2
make: *** [Makefile:141: all] Error 2
