[0.010s] Invoking command in '/home/robogait/azure_kinect_ws/build/body_tracking': CMAKE_PREFIX_PATH=${CMAKE_PREFIX_PATH}:/home/robogait/ros2_serial/install/ourbotmanager:/opt/ros/foxy /usr/bin/cmake --build /home/robogait/azure_kinect_ws/build/body_tracking -- -j8 -l8
[0.038s] [35m[1mScanning dependencies of target body_tracking_node[0m
[0.044s] [ 12%] Built target body_tracking__cpp
[0.044s] [ 12%] Built target body_tracking__rosidl_generator_c
[0.056s] [ 15%] [32mBuilding CXX object CMakeFiles/body_tracking_node.dir/src/kinectAzure_body_tracker_node.cpp.o[0m
[0.059s] [ 24%] Built target body_tracking__rosidl_typesupport_introspection_cpp
[0.060s] [ 33%] Built target body_tracking__rosidl_typesupport_cpp
[0.060s] [ 42%] Built target body_tracking__rosidl_typesupport_c
[0.061s] [ 51%] Built target body_tracking__rosidl_typesupport_introspection_c
[0.063s] [ 60%] Built target body_tracking__rosidl_typesupport_fastrtps_cpp
[0.079s] [ 69%] Built target body_tracking__rosidl_typesupport_fastrtps_c
[0.092s] [ 69%] Built target body_tracking
[0.105s] [ 72%] Built target body_tracking__py
[0.123s] [ 78%] Built target body_tracking__python
[0.141s] [ 96%] Built target body_tracking__rosidl_typesupport_fastrtps_c__pyext
[0.141s] [ 96%] Built target body_tracking__rosidl_typesupport_c__pyext
[0.141s] [ 96%] Built target body_tracking__rosidl_typesupport_introspection_c__pyext
[0.791s] In file included from [01m[K/opt/ros/foxy/include/rclcpp/service.hpp:34[m[K,
[0.791s]                  from [01m[K/opt/ros/foxy/include/rclcpp/callback_group.hpp:25[m[K,
[0.791s]                  from [01m[K/opt/ros/foxy/include/rclcpp/any_executable.hpp:20[m[K,
[0.791s]                  from [01m[K/opt/ros/foxy/include/rclcpp/memory_strategy.hpp:24[m[K,
[0.791s]                  from [01m[K/opt/ros/foxy/include/rclcpp/memory_strategies.hpp:18[m[K,
[0.791s]                  from [01m[K/opt/ros/foxy/include/rclcpp/executor_options.hpp:20[m[K,
[0.791s]                  from [01m[K/opt/ros/foxy/include/rclcpp/executor.hpp:33[m[K,
[0.791s]                  from [01m[K/opt/ros/foxy/include/rclcpp/executors/multi_threaded_executor.hpp:26[m[K,
[0.791s]                  from [01m[K/opt/ros/foxy/include/rclcpp/executors.hpp:21[m[K,
[0.791s]                  from [01m[K/opt/ros/foxy/include/rclcpp/rclcpp.hpp:146[m[K,
[0.791s]                  from [01m[K/home/robogait/azure_kinect_ws/src/body_tracking/src/kinectAzure_body_tracker_node.cpp:16[m[K:
[0.791s] [01m[K/home/robogait/azure_kinect_ws/src/body_tracking/src/kinectAzure_body_tracker_node.cpp:[m[K In member function ‘[01m[Kvoid MinimalPublisher::Run()[m[K’:
[0.792s] [01m[K/home/robogait/azure_kinect_ws/src/body_tracking/src/kinectAzure_body_tracker_node.cpp:49:4:[m[K [01;31m[Kerror: [m[Kstatic assertion failed: First argument to logging macros must be an rclcpp::Logger
[0.792s]    49 |    [01;31m[KRCLCPP_INFO[m[K("Waiting for person to be detected...");
[0.792s]       |    [01;31m[K^~~~~~~~~~~[m[K
[0.792s] In file included from [01m[K/opt/ros/foxy/include/rclcpp/client.hpp:40[m[K,
[0.792s]                  from [01m[K/opt/ros/foxy/include/rclcpp/callback_group.hpp:23[m[K,
[0.792s]                  from [01m[K/opt/ros/foxy/include/rclcpp/any_executable.hpp:20[m[K,
[0.792s]                  from [01m[K/opt/ros/foxy/include/rclcpp/memory_strategy.hpp:24[m[K,
[0.792s]                  from [01m[K/opt/ros/foxy/include/rclcpp/memory_strategies.hpp:18[m[K,
[0.792s]                  from [01m[K/opt/ros/foxy/include/rclcpp/executor_options.hpp:20[m[K,
[0.792s]                  from [01m[K/opt/ros/foxy/include/rclcpp/executor.hpp:33[m[K,
[0.792s]                  from [01m[K/opt/ros/foxy/include/rclcpp/executors/multi_threaded_executor.hpp:26[m[K,
[0.792s]                  from [01m[K/opt/ros/foxy/include/rclcpp/executors.hpp:21[m[K,
[0.792s]                  from [01m[K/opt/ros/foxy/include/rclcpp/rclcpp.hpp:146[m[K,
[0.792s]                  from [01m[K/home/robogait/azure_kinect_ws/src/body_tracking/src/kinectAzure_body_tracker_node.cpp:16[m[K:
[0.792s] [01m[K/home/robogait/azure_kinect_ws/src/body_tracking/src/kinectAzure_body_tracker_node.cpp:49:4:[m[K [01;31m[Kerror: [m[Krequest for member ‘[01m[Kget_name[m[K’ in ‘[01m[K"Waiting for person to be detected..."[m[K’, which is of non-class type ‘[01m[Kconst char [37][m[K’
[0.792s]    49 |    [01;31m[KRCLCPP_INFO[m[K("Waiting for person to be detected...");
[0.792s]       |    [01;31m[K^~~~~~~~~~~[m[K
[0.793s] [01m[K/home/robogait/azure_kinect_ws/src/body_tracking/src/kinectAzure_body_tracker_node.cpp:49:4:[m[K [01;31m[Kerror: [m[Krequest for member ‘[01m[Kget_name[m[K’ in ‘[01m[K"Waiting for person to be detected..."[m[K’, which is of non-class type ‘[01m[Kconst char [37][m[K’
[0.793s]    49 |    [01;31m[KRCLCPP_INFO[m[K("Waiting for person to be detected...");
[0.793s]       |    [01;31m[K^~~~~~~~~~~[m[K
[0.793s] [01m[K/home/robogait/azure_kinect_ws/src/body_tracking/src/kinectAzure_body_tracker_node.cpp:49:4:[m[K [01;31m[Kerror: [m[Kno matching function for call to ‘[01m[Kget_c_string()[m[K’
[0.793s]    49 |    [01;31m[KRCLCPP_INFO[m[K("Waiting for person to be detected...");
[0.793s]       |    [01;31m[K^~~~~~~~~~~[m[K
[0.793s] In file included from [01m[K/opt/ros/foxy/include/rclcpp/client.hpp:36[m[K,
[0.793s]                  from [01m[K/opt/ros/foxy/include/rclcpp/callback_group.hpp:23[m[K,
[0.793s]                  from [01m[K/opt/ros/foxy/include/rclcpp/any_executable.hpp:20[m[K,
[0.793s]                  from [01m[K/opt/ros/foxy/include/rclcpp/memory_strategy.hpp:24[m[K,
[0.793s]                  from [01m[K/opt/ros/foxy/include/rclcpp/memory_strategies.hpp:18[m[K,
[0.793s]                  from [01m[K/opt/ros/foxy/include/rclcpp/executor_options.hpp:20[m[K,
[0.793s]                  from [01m[K/opt/ros/foxy/include/rclcpp/executor.hpp:33[m[K,
[0.793s]                  from [01m[K/opt/ros/foxy/include/rclcpp/executors/multi_threaded_executor.hpp:26[m[K,
[0.793s]                  from [01m[K/opt/ros/foxy/include/rclcpp/executors.hpp:21[m[K,
[0.793s]                  from [01m[K/opt/ros/foxy/include/rclcpp/rclcpp.hpp:146[m[K,
[0.793s]                  from [01m[K/home/robogait/azure_kinect_ws/src/body_tracking/src/kinectAzure_body_tracker_node.cpp:16[m[K:
[0.794s] [01m[K/opt/ros/foxy/include/rclcpp/utilities.hpp:296:1:[m[K [01;36m[Knote: [m[Kcandidate: ‘[01m[Kconst char* rclcpp::get_c_string(const char*)[m[K’
[0.794s]   296 | [01;36m[Kget_c_string[m[K(const char * string_in);
[0.794s]       | [01;36m[K^~~~~~~~~~~~[m[K
[0.794s] [01m[K/opt/ros/foxy/include/rclcpp/utilities.hpp:296:1:[m[K [01;36m[Knote: [m[K  candidate expects 1 argument, 0 provided
[0.794s] [01m[K/opt/ros/foxy/include/rclcpp/utilities.hpp:305:1:[m[K [01;36m[Knote: [m[Kcandidate: ‘[01m[Kconst char* rclcpp::get_c_string(const string&)[m[K’
[0.794s]   305 | [01;36m[Kget_c_string[m[K(const std::string & string_in);
[0.794s]       | [01;36m[K^~~~~~~~~~~~[m[K
[0.794s] [01m[K/opt/ros/foxy/include/rclcpp/utilities.hpp:305:1:[m[K [01;36m[Knote: [m[K  candidate expects 1 argument, 0 provided
[1.308s] At global scope:
[1.308s] [01m[Kcc1plus:[m[K [01;35m[Kwarning: [m[Kunrecognized command line option ‘[01m[K-Wno-dev[m[K’
[1.315s] make[2]: *** [CMakeFiles/body_tracking_node.dir/build.make:63: CMakeFiles/body_tracking_node.dir/src/kinectAzure_body_tracker_node.cpp.o] Error 1
[1.315s] make[1]: *** [CMakeFiles/Makefile2:208: CMakeFiles/body_tracking_node.dir/all] Error 2
[1.315s] make: *** [Makefile:141: all] Error 2
[1.317s] Invoked command in '/home/robogait/azure_kinect_ws/build/body_tracking' returned '2': CMAKE_PREFIX_PATH=${CMAKE_PREFIX_PATH}:/home/robogait/ros2_serial/install/ourbotmanager:/opt/ros/foxy /usr/bin/cmake --build /home/robogait/azure_kinect_ws/build/body_tracking -- -j8 -l8
