[0.014s] Invoking command in '/home/robogait/ros2_serial_cpp/build/ros2_serial_cpp': CMAKE_PREFIX_PATH=${CMAKE_PREFIX_PATH}:/home/robogait/nav2_ws/install/nav2_gazebo_spawner:/home/robogait/ros2_serial/install/ourbotmanager:/home/robogait/ros2_ws/install/nav2_project:/opt/ros/foxy /usr/bin/cmake --build /home/robogait/ros2_serial_cpp/build/ros2_serial_cpp -- -j8 -l8
[0.056s] [35m[1mScanning dependencies of target driver_controller[0m
[0.073s] [ 50%] Built target modelado
[0.075s] [ 75%] [32mBuilding CXX object CMakeFiles/driver_controller.dir/src/driver_controller.cpp.o[0m
[0.898s] [01m[K/home/robogait/ros2_serial_cpp/src/driver_controller.cpp:[m[K In constructor ‘[01m[Kdriver_controller::driver_controller()[m[K’:
[0.898s] [01m[K/home/robogait/ros2_serial_cpp/src/driver_controller.cpp:94:147:[m[K [01;31m[Kerror: [m[Kno match for ‘[01m[Koperator=[m[K’ (operand types are ‘[01m[Krclcpp::Subscription<std_msgs::msg::Float32_<std::allocator<void> > >::SharedPtr[m[K’ {aka ‘[01m[Kstd::shared_ptr<rclcpp::Subscription<std_msgs::msg::Float32_<std::allocator<void> > > >[m[K’} and ‘[01m[Kstd::shared_ptr<rclcpp::Subscription<geometry_msgs::msg::Twist_<std::allocator<void> > > >[m[K’)
[0.898s]    94 |   subscription_servo = this->create_subscription<std_msgs::msg::Float32>("cmd_servo", 10, bind(&driver_controller::topic_callback_servo, this, _1)[01;31m[K)[m[K;
[0.898s]       |                                                                                                                                                   [01;31m[K^[m[K
[0.898s] In file included from [01m[K/usr/include/c++/9/memory:81[m[K,
[0.898s]                  from [01m[K/opt/ros/foxy/include/rclcpp/rclcpp.hpp:144[m[K,
[0.899s]                  from [01m[K/home/robogait/ros2_serial_cpp/src/driver_controller.cpp:13[m[K:
[0.899s] [01m[K/usr/include/c++/9/bits/shared_ptr.h:309:19:[m[K [01;36m[Knote: [m[Kcandidate: ‘[01m[Kstd::shared_ptr<_Tp>& std::shared_ptr<_Tp>::operator=(const std::shared_ptr<_Tp>&) [with _Tp = rclcpp::Subscription<std_msgs::msg::Float32_<std::allocator<void> > >][m[K’
[0.899s]   309 |       shared_ptr& [01;36m[Koperator[m[K=(const shared_ptr&) noexcept = default;
[0.899s]       |                   [01;36m[K^~~~~~~~[m[K
[0.899s] [01m[K/usr/include/c++/9/bits/shared_ptr.h:309:29:[m[K [01;36m[Knote: [m[K  no known conversion for argument 1 from ‘[01m[Kstd::shared_ptr<rclcpp::Subscription<geometry_msgs::msg::Twist_<std::allocator<void> > > >[m[K’ to ‘[01m[Kconst std::shared_ptr<rclcpp::Subscription<std_msgs::msg::Float32_<std::allocator<void> > > >&[m[K’
[0.899s]   309 |       shared_ptr& operator=([01;36m[Kconst shared_ptr&[m[K) noexcept = default;
[0.899s]       |                             [01;36m[K^~~~~~~~~~~~~~~~~[m[K
[0.899s] [01m[K/usr/include/c++/9/bits/shared_ptr.h:313:2:[m[K [01;36m[Knote: [m[Kcandidate: ‘[01m[Ktemplate<class _Yp> std::shared_ptr<_Tp>::_Assignable<const std::shared_ptr<_Yp>&> std::shared_ptr<_Tp>::operator=(const std::shared_ptr<_Yp>&) [with _Yp = _Yp; _Tp = rclcpp::Subscription<std_msgs::msg::Float32_<std::allocator<void> > >][m[K’
[0.899s]   313 |  [01;36m[Koperator[m[K=(const shared_ptr<_Yp>& __r) noexcept
[0.899s]       |  [01;36m[K^~~~~~~~[m[K
[0.899s] [01m[K/usr/include/c++/9/bits/shared_ptr.h:313:2:[m[K [01;36m[Knote: [m[K  template argument deduction/substitution failed:
[0.899s] /usr/include/c++/9/bits/shared_ptr.h: In substitution of ‘[01m[Ktemplate<class _Tp> template<class _Arg> using _Assignable = typename std::enable_if<std::is_assignable<std::__shared_ptr<_Tp>&, _Arg>::value, std::shared_ptr<_Tp>&>::type [with _Arg = const std::shared_ptr<rclcpp::Subscription<geometry_msgs::msg::Twist_<std::allocator<void> > > >&; _Tp = rclcpp::Subscription<std_msgs::msg::Float32_<std::allocator<void> > >][m[K’:
[0.899s] [01m[K/usr/include/c++/9/bits/shared_ptr.h:313:2:[m[K   required by substitution of ‘[01m[Ktemplate<class _Yp> std::shared_ptr<rclcpp::Subscription<std_msgs::msg::Float32_<std::allocator<void> > > >::_Assignable<const std::shared_ptr<_Tp>&> std::shared_ptr<rclcpp::Subscription<std_msgs::msg::Float32_<std::allocator<void> > > >::operator=<_Yp>(const std::shared_ptr<_Tp>&) [with _Yp = rclcpp::Subscription<geometry_msgs::msg::Twist_<std::allocator<void> > >][m[K’
[0.899s] [01m[K/home/robogait/ros2_serial_cpp/src/driver_controller.cpp:94:147:[m[K   required from here
[0.899s] [01m[K/usr/include/c++/9/bits/shared_ptr.h:111:8:[m[K [01;31m[Kerror: [m[Kno type named ‘[01m[Ktype[m[K’ in ‘[01m[Kstruct std::enable_if<false, std::shared_ptr<rclcpp::Subscription<std_msgs::msg::Float32_<std::allocator<void> > > >&>[m[K’
[0.899s]   111 |  using [01;31m[K_Assignable[m[K = typename enable_if<
[0.899s]       |        [01;31m[K^~~~~~~~~~~[m[K
[0.899s] [01m[K/usr/include/c++/9/bits/shared_ptr.h:324:2:[m[K [01;36m[Knote: [m[Kcandidate: ‘[01m[Ktemplate<class _Yp> std::shared_ptr<_Tp>::_Assignable<std::auto_ptr<_Up> > std::shared_ptr<_Tp>::operator=(std::auto_ptr<_Up>&&) [with _Yp = _Yp; _Tp = rclcpp::Subscription<std_msgs::msg::Float32_<std::allocator<void> > >][m[K’
[0.899s]   324 |  [01;36m[Koperator[m[K=(auto_ptr<_Yp>&& __r)
[0.899s]       |  [01;36m[K^~~~~~~~[m[K
[0.899s] [01m[K/usr/include/c++/9/bits/shared_ptr.h:324:2:[m[K [01;36m[Knote: [m[K  template argument deduction/substitution failed:
[0.899s] [01m[K/home/robogait/ros2_serial_cpp/src/driver_controller.cpp:94:147:[m[K [01;36m[Knote: [m[K  ‘[01m[Kstd::shared_ptr<rclcpp::Subscription<geometry_msgs::msg::Twist_<std::allocator<void> > > >[m[K’ is not derived from ‘[01m[Kstd::auto_ptr<_Up>[m[K’
[0.899s]    94 |   subscription_servo = this->create_subscription<std_msgs::msg::Float32>("cmd_servo", 10, bind(&driver_controller::topic_callback_servo, this, _1)[01;36m[K)[m[K;
[0.899s]       |                                                                                                                                                   [01;36m[K^[m[K
[0.900s] In file included from [01m[K/usr/include/c++/9/memory:81[m[K,
[0.900s]                  from [01m[K/opt/ros/foxy/include/rclcpp/rclcpp.hpp:144[m[K,
[0.900s]                  from [01m[K/home/robogait/ros2_serial_cpp/src/driver_controller.cpp:13[m[K:
[0.900s] [01m[K/usr/include/c++/9/bits/shared_ptr.h:333:7:[m[K [01;36m[Knote: [m[Kcandidate: ‘[01m[Kstd::shared_ptr<_Tp>& std::shared_ptr<_Tp>::operator=(std::shared_ptr<_Tp>&&) [with _Tp = rclcpp::Subscription<std_msgs::msg::Float32_<std::allocator<void> > >][m[K’
[0.900s]   333 |       [01;36m[Koperator[m[K=(shared_ptr&& __r) noexcept
[0.900s]       |       [01;36m[K^~~~~~~~[m[K
[0.900s] [01m[K/usr/include/c++/9/bits/shared_ptr.h:333:30:[m[K [01;36m[Knote: [m[K  no known conversion for argument 1 from ‘[01m[Kstd::shared_ptr<rclcpp::Subscription<geometry_msgs::msg::Twist_<std::allocator<void> > > >[m[K’ to ‘[01m[Kstd::shared_ptr<rclcpp::Subscription<std_msgs::msg::Float32_<std::allocator<void> > > >&&[m[K’
[0.900s]   333 |       operator=([01;36m[Kshared_ptr&& __r[m[K) noexcept
[0.900s]       |                 [01;36m[K~~~~~~~~~~~~~^~~[m[K
[0.900s] [01m[K/usr/include/c++/9/bits/shared_ptr.h:341:2:[m[K [01;36m[Knote: [m[Kcandidate: ‘[01m[Ktemplate<class _Yp> std::shared_ptr<_Tp>::_Assignable<std::shared_ptr<_Yp> > std::shared_ptr<_Tp>::operator=(std::shared_ptr<_Yp>&&) [with _Yp = _Yp; _Tp = rclcpp::Subscription<std_msgs::msg::Float32_<std::allocator<void> > >][m[K’
[0.900s]   341 |  [01;36m[Koperator[m[K=(shared_ptr<_Yp>&& __r) noexcept
[0.900s]       |  [01;36m[K^~~~~~~~[m[K
[0.900s] [01m[K/usr/include/c++/9/bits/shared_ptr.h:341:2:[m[K [01;36m[Knote: [m[K  template argument deduction/substitution failed:
[0.900s] /usr/include/c++/9/bits/shared_ptr.h: In substitution of ‘[01m[Ktemplate<class _Tp> template<class _Arg> using _Assignable = typename std::enable_if<std::is_assignable<std::__shared_ptr<_Tp>&, _Arg>::value, std::shared_ptr<_Tp>&>::type [with _Arg = std::shared_ptr<rclcpp::Subscription<geometry_msgs::msg::Twist_<std::allocator<void> > > >; _Tp = rclcpp::Subscription<std_msgs::msg::Float32_<std::allocator<void> > >][m[K’:
[0.900s] [01m[K/usr/include/c++/9/bits/shared_ptr.h:341:2:[m[K   required by substitution of ‘[01m[Ktemplate<class _Yp> std::shared_ptr<rclcpp::Subscription<std_msgs::msg::Float32_<std::allocator<void> > > >::_Assignable<std::shared_ptr<_Tp> > std::shared_ptr<rclcpp::Subscription<std_msgs::msg::Float32_<std::allocator<void> > > >::operator=<_Yp>(std::shared_ptr<_Tp>&&) [with _Yp = rclcpp::Subscription<geometry_msgs::msg::Twist_<std::allocator<void> > >][m[K’
[0.900s] [01m[K/home/robogait/ros2_serial_cpp/src/driver_controller.cpp:94:147:[m[K   required from here
[0.900s] [01m[K/usr/include/c++/9/bits/shared_ptr.h:111:8:[m[K [01;31m[Kerror: [m[Kno type named ‘[01m[Ktype[m[K’ in ‘[01m[Kstruct std::enable_if<false, std::shared_ptr<rclcpp::Subscription<std_msgs::msg::Float32_<std::allocator<void> > > >&>[m[K’
[0.900s]   111 |  using [01;31m[K_Assignable[m[K = typename enable_if<
[0.900s]       |        [01;31m[K^~~~~~~~~~~[m[K
[0.900s] [01m[K/usr/include/c++/9/bits/shared_ptr.h:349:2:[m[K [01;36m[Knote: [m[Kcandidate: ‘[01m[Ktemplate<class _Yp, class _Del> std::shared_ptr<_Tp>::_Assignable<std::unique_ptr<_Up, _Ep> > std::shared_ptr<_Tp>::operator=(std::unique_ptr<_Up, _Ep>&&) [with _Yp = _Yp; _Del = _Del; _Tp = rclcpp::Subscription<std_msgs::msg::Float32_<std::allocator<void> > >][m[K’
[0.900s]   349 |  [01;36m[Koperator[m[K=(unique_ptr<_Yp, _Del>&& __r)
[0.900s]       |  [01;36m[K^~~~~~~~[m[K
[0.900s] [01m[K/usr/include/c++/9/bits/shared_ptr.h:349:2:[m[K [01;36m[Knote: [m[K  template argument deduction/substitution failed:
[0.900s] [01m[K/home/robogait/ros2_serial_cpp/src/driver_controller.cpp:94:147:[m[K [01;36m[Knote: [m[K  ‘[01m[Kstd::shared_ptr<rclcpp::Subscription<geometry_msgs::msg::Twist_<std::allocator<void> > > >[m[K’ is not derived from ‘[01m[Kstd::unique_ptr<_Tp, _Dp>[m[K’
[0.900s]    94 |   subscription_servo = this->create_subscription<std_msgs::msg::Float32>("cmd_servo", 10, bind(&driver_controller::topic_callback_servo, this, _1)[01;36m[K)[m[K;
[0.900s]       |                                                                                                                                                   [01;36m[K^[m[K
[2.109s] make[2]: *** [CMakeFiles/driver_controller.dir/build.make:63: CMakeFiles/driver_controller.dir/src/driver_controller.cpp.o] Error 1
[2.109s] make[1]: *** [CMakeFiles/Makefile2:107: CMakeFiles/driver_controller.dir/all] Error 2
[2.109s] make: *** [Makefile:141: all] Error 2
[2.112s] Invoked command in '/home/robogait/ros2_serial_cpp/build/ros2_serial_cpp' returned '2': CMAKE_PREFIX_PATH=${CMAKE_PREFIX_PATH}:/home/robogait/nav2_ws/install/nav2_gazebo_spawner:/home/robogait/ros2_serial/install/ourbotmanager:/home/robogait/ros2_ws/install/nav2_project:/opt/ros/foxy /usr/bin/cmake --build /home/robogait/ros2_serial_cpp/build/ros2_serial_cpp -- -j8 -l8
