[0.012s] Invoking command in '/home/robogait/azure_kinect_ws/build/body_tracking': CMAKE_PREFIX_PATH=${CMAKE_PREFIX_PATH}:/home/robogait/ros2_serial/install/ourbotmanager:/opt/ros/foxy /usr/bin/cmake --build /home/robogait/azure_kinect_ws/build/body_tracking -- -j8 -l8
[0.029s] -- Found ament_cmake: 0.9.9 (/opt/ros/foxy/share/ament_cmake/cmake)
[0.044s] -- Using PYTHON_EXECUTABLE: /usr/bin/python3
[0.154s] -- Override CMake install command with custom implementation using symlinks instead of copying resources
[0.158s] -- Found rclcpp: 2.4.1 (/opt/ros/foxy/share/rclcpp/cmake)
[0.180s] -- Using all available rosidl_typesupport_c: rosidl_typesupport_fastrtps_c;rosidl_typesupport_introspection_c
[0.182s] -- Found rosidl_adapter: 1.2.1 (/opt/ros/foxy/share/rosidl_adapter/cmake)
[0.255s] -- Using all available rosidl_typesupport_cpp: rosidl_typesupport_fastrtps_cpp;rosidl_typesupport_introspection_cpp
[0.283s] -- Found rmw_implementation_cmake: 1.0.3 (/opt/ros/foxy/share/rmw_implementation_cmake/cmake)
[0.284s] -- Using RMW implementation 'rmw_fastrtps_cpp' as default
[0.367s] -- Found geometry_msgs: 2.0.5 (/opt/ros/foxy/share/geometry_msgs/cmake)
[0.385s] -- Found body_tracker_msgs: 0.0.0 (/home/robogait/azure_kinect_ws/install/body_tracker_msgs/share/body_tracker_msgs/cmake)
[0.418s] -- Found rosidl_default_generators: 1.0.1 (/opt/ros/foxy/share/rosidl_default_generators/cmake)
[0.428s] -- Found ament_lint_auto: 0.9.6 (/opt/ros/foxy/share/ament_lint_auto/cmake)
[0.466s] -- Added test 'copyright' to check source files copyright and LICENSE
[0.467s] -- Added test 'cppcheck' to perform static code analysis on C / C++ code
[0.467s] -- Configured cppcheck include dirs: 
[0.467s] -- Configured cppcheck exclude dirs and/or files: 
[0.467s] -- Added test 'cpplint' to check C / C++ code against the Google style
[0.467s] -- Configured cpplint exclude dirs and/or files: 
[0.467s] -- Added test 'lint_cmake' to check CMake code style
[0.468s] -- Added test 'uncrustify' to check C / C++ code style
[0.468s] -- Configured uncrustify additional arguments: 
[0.468s] -- Added test 'xmllint' to check XML markup files
[0.470s] -- Configuring done
[0.477s] -- Generating done
[0.478s] -- Build files have been written to: /home/robogait/azure_kinect_ws/build/body_tracking
[0.496s] [35m[1mScanning dependencies of target body_tracking_recording_node[0m
[0.508s] [ 50%] Built target body_tracking_node
[0.510s] [ 75%] [32mBuilding CXX object CMakeFiles/body_tracking_recording_node.dir/src/kinectAzure_body_tracker_node_plus_recording.cpp.o[0m
[2.182s] [100%] [32m[1mLinking CXX executable body_tracking_recording_node[0m
[2.277s] [100%] Built target body_tracking_recording_node
[2.285s] Invoked command in '/home/robogait/azure_kinect_ws/build/body_tracking' returned '0': CMAKE_PREFIX_PATH=${CMAKE_PREFIX_PATH}:/home/robogait/ros2_serial/install/ourbotmanager:/opt/ros/foxy /usr/bin/cmake --build /home/robogait/azure_kinect_ws/build/body_tracking -- -j8 -l8
[2.305s] Invoking command in '/home/robogait/azure_kinect_ws/build/body_tracking': CMAKE_PREFIX_PATH=${CMAKE_PREFIX_PATH}:/home/robogait/ros2_serial/install/ourbotmanager:/opt/ros/foxy /usr/bin/cmake --install /home/robogait/azure_kinect_ws/build/body_tracking
[2.311s] -- Install configuration: ""
[2.312s] -- Execute custom install script
[2.312s] -- Up-to-date symlink: /home/robogait/azure_kinect_ws/install/body_tracking/lib/body_tracking/body_tracking_node
[2.312s] -- Up-to-date symlink: /home/robogait/azure_kinect_ws/install/body_tracking/lib/body_tracking/body_tracking_node
[2.312s] -- Up-to-date symlink: /home/robogait/azure_kinect_ws/install/body_tracking/share/ament_index/resource_index/package_run_dependencies/body_tracking
[2.313s] -- Up-to-date symlink: /home/robogait/azure_kinect_ws/install/body_tracking/share/ament_index/resource_index/parent_prefix_path/body_tracking
[2.313s] -- Up-to-date symlink: /home/robogait/azure_kinect_ws/install/body_tracking/share/body_tracking/environment/ament_prefix_path.sh
[2.313s] -- Up-to-date symlink: /home/robogait/azure_kinect_ws/install/body_tracking/share/body_tracking/environment/ament_prefix_path.dsv
[2.313s] -- Up-to-date symlink: /home/robogait/azure_kinect_ws/install/body_tracking/share/body_tracking/environment/path.sh
[2.313s] -- Up-to-date symlink: /home/robogait/azure_kinect_ws/install/body_tracking/share/body_tracking/environment/path.dsv
[2.313s] -- Up-to-date symlink: /home/robogait/azure_kinect_ws/install/body_tracking/share/body_tracking/local_setup.bash
[2.313s] -- Up-to-date symlink: /home/robogait/azure_kinect_ws/install/body_tracking/share/body_tracking/local_setup.sh
[2.313s] -- Up-to-date symlink: /home/robogait/azure_kinect_ws/install/body_tracking/share/body_tracking/local_setup.zsh
[2.314s] -- Up-to-date symlink: /home/robogait/azure_kinect_ws/install/body_tracking/share/body_tracking/local_setup.dsv
[2.314s] -- Symlinking: /home/robogait/azure_kinect_ws/install/body_tracking/share/body_tracking/package.dsv
[2.319s] -- Up-to-date symlink: /home/robogait/azure_kinect_ws/install/body_tracking/share/ament_index/resource_index/packages/body_tracking
[2.319s] -- Up-to-date symlink: /home/robogait/azure_kinect_ws/install/body_tracking/share/body_tracking/cmake/body_trackingConfig.cmake
[2.320s] -- Up-to-date symlink: /home/robogait/azure_kinect_ws/install/body_tracking/share/body_tracking/cmake/body_trackingConfig-version.cmake
[2.320s] -- Up-to-date symlink: /home/robogait/azure_kinect_ws/install/body_tracking/share/body_tracking/package.xml
[2.321s] Invoked command in '/home/robogait/azure_kinect_ws/build/body_tracking' returned '0': CMAKE_PREFIX_PATH=${CMAKE_PREFIX_PATH}:/home/robogait/ros2_serial/install/ourbotmanager:/opt/ros/foxy /usr/bin/cmake --install /home/robogait/azure_kinect_ws/build/body_tracking
