-- Found ament_cmake: 0.9.9 (/opt/ros/foxy/share/ament_cmake/cmake)
-- Using PYTHON_EXECUTABLE: /usr/bin/python3
-- Found rclcpp: 2.4.1 (/opt/ros/foxy/share/rclcpp/cmake)
-- Using all available rosidl_typesupport_c: rosidl_typesupport_fastrtps_c;rosidl_typesupport_introspection_c
-- Found rosidl_adapter: 1.2.1 (/opt/ros/foxy/share/rosidl_adapter/cmake)
-- Using all available rosidl_typesupport_cpp: rosidl_typesupport_fastrtps_cpp;rosidl_typesupport_introspection_cpp
-- Found rmw_implementation_cmake: 1.0.3 (/opt/ros/foxy/share/rmw_implementation_cmake/cmake)
-- Using RMW implementation 'rmw_fastrtps_cpp' as default
-- Found geometry_msgs: 2.0.5 (/opt/ros/foxy/share/geometry_msgs/cmake)
-- Found body_tracker_msgs: 0.0.0 (/home/robogait/azure_kinect_ws/install/body_tracker_msgs/share/body_tracker_msgs/cmake)
-- Found rosidl_default_generators: 1.0.1 (/opt/ros/foxy/share/rosidl_default_generators/cmake)
-- Found ament_lint_auto: 0.9.6 (/opt/ros/foxy/share/ament_lint_auto/cmake)
-- Added test 'copyright' to check source files copyright and LICENSE
-- Added test 'cppcheck' to perform static code analysis on C / C++ code
-- Configured cppcheck include dirs: 
-- Configured cppcheck exclude dirs and/or files: 
-- Added test 'cpplint' to check C / C++ code against the Google style
-- Configured cpplint exclude dirs and/or files: 
-- Added test 'lint_cmake' to check CMake code style
-- Added test 'uncrustify' to check C / C++ code style
-- Configured uncrustify additional arguments: 
-- Added test 'xmllint' to check XML markup files
-- Configuring done
-- Generating done
-- Build files have been written to: /home/robogait/azure_kinect_ws/build/kinect_azure_body_tracker
[35m[1mScanning dependencies of target kinect_azure_body_tracker_node_finite[0m
[ 16%] Built target kinect_azure_body_tracker_node_full_processing
[ 33%] Built target kinect_azure_body_tracker_recording_node
[ 50%] Built target kinect_azure_body_tracker_node
[ 66%] Built target kinect_azure_body_tracker_node_simplified
[ 75%] [32mBuilding CXX object CMakeFiles/kinect_azure_body_tracker_node_finite.dir/src/kinectAzure_body_tracker_node_finite.cpp.o[0m
[ 91%] Built target kinect_azure_body_tracker_recording_node_simplified
[01m[K/home/robogait/azure_kinect_ws/src/kinect_azure_body_tracker/src/kinectAzure_body_tracker_node_finite.cpp:[m[K In member function ‘[01m[Kint MinimalPublisher::getch()[m[K’:
[01m[K/home/robogait/azure_kinect_ws/src/kinect_azure_body_tracker/src/kinectAzure_body_tracker_node_finite.cpp:222:25:[m[K [01;31m[Kerror: [m[Kaggregate ‘[01m[KMinimalPublisher::getch()::termios oldt[m[K’ has incomplete type and cannot be defined
  222 |   static struct termios [01;31m[Koldt[m[K, newt;
      |                         [01;31m[K^~~~[m[K
[01m[K/home/robogait/azure_kinect_ws/src/kinect_azure_body_tracker/src/kinectAzure_body_tracker_node_finite.cpp:222:31:[m[K [01;31m[Kerror: [m[Kaggregate ‘[01m[KMinimalPublisher::getch()::termios newt[m[K’ has incomplete type and cannot be defined
  222 |   static struct termios oldt, [01;31m[Knewt[m[K;
      |                               [01;31m[K^~~~[m[K
[01m[K/home/robogait/azure_kinect_ws/src/kinect_azure_body_tracker/src/kinectAzure_body_tracker_node_finite.cpp:223:14:[m[K [01;31m[Kerror: [m[K‘[01m[KSTDIN_FILENO[m[K’ was not declared in this scope
  223 |   tcgetattr( [01;31m[KSTDIN_FILENO[m[K, &oldt);           // save old settings
      |              [01;31m[K^~~~~~~~~~~~[m[K
[01m[K/home/robogait/azure_kinect_ws/src/kinect_azure_body_tracker/src/kinectAzure_body_tracker_node_finite.cpp:223:3:[m[K [01;31m[Kerror: [m[K‘[01m[Ktcgetattr[m[K’ was not declared in this scope
  223 |   [01;31m[Ktcgetattr[m[K( STDIN_FILENO, &oldt);           // save old settings
      |   [01;31m[K^~~~~~~~~[m[K
[01m[K/home/robogait/azure_kinect_ws/src/kinect_azure_body_tracker/src/kinectAzure_body_tracker_node_finite.cpp:225:21:[m[K [01;31m[Kerror: [m[K‘[01m[KICANON[m[K’ was not declared in this scope
  225 |   newt.c_lflag &= ~([01;31m[KICANON[m[K);                 // disable buffering
      |                     [01;31m[K^~~~~~[m[K
[01m[K/home/robogait/azure_kinect_ws/src/kinect_azure_body_tracker/src/kinectAzure_body_tracker_node_finite.cpp:226:28:[m[K [01;31m[Kerror: [m[K‘[01m[KTCSANOW[m[K’ was not declared in this scope
  226 |   tcsetattr( STDIN_FILENO, [01;31m[KTCSANOW[m[K, &newt);  // apply new settings
      |                            [01;31m[K^~~~~~~[m[K
[01m[K/home/robogait/azure_kinect_ws/src/kinect_azure_body_tracker/src/kinectAzure_body_tracker_node_finite.cpp:226:3:[m[K [01;31m[Kerror: [m[K‘[01m[Ktcsetattr[m[K’ was not declared in this scope
  226 |   [01;31m[Ktcsetattr[m[K( STDIN_FILENO, TCSANOW, &newt);  // apply new settings
      |   [01;31m[K^~~~~~~~~[m[K
At global scope:
[01m[Kcc1plus:[m[K [01;35m[Kwarning: [m[Kunrecognized command line option ‘[01m[K-Wno-dev[m[K’
make[2]: *** [CMakeFiles/kinect_azure_body_tracker_node_finite.dir/build.make:63: CMakeFiles/kinect_azure_body_tracker_node_finite.dir/src/kinectAzure_body_tracker_node_finite.cpp.o] Error 1
make[1]: *** [CMakeFiles/Makefile2:223: CMakeFiles/kinect_azure_body_tracker_node_finite.dir/all] Error 2
make: *** [Makefile:141: all] Error 2
