[0.010s] Invoking command in '/home/robogait/azure_kinect_ws/build/body_tracking': CMAKE_PREFIX_PATH=${CMAKE_PREFIX_PATH}:/home/robogait/ros2_serial/install/ourbotmanager:/opt/ros/foxy /usr/bin/cmake --build /home/robogait/azure_kinect_ws/build/body_tracking -- -j8 -l8
[0.028s] -- Found ament_cmake: 0.9.9 (/opt/ros/foxy/share/ament_cmake/cmake)
[0.042s] -- Found PythonInterp: /usr/bin/python3 (found suitable version "3.8.10", minimum required is "3") 
[0.042s] -- Using PYTHON_EXECUTABLE: /usr/bin/python3
[0.141s] -- Found rclcpp: 2.4.1 (/opt/ros/foxy/share/rclcpp/cmake)
[0.163s] -- Using all available rosidl_typesupport_c: rosidl_typesupport_fastrtps_c;rosidl_typesupport_introspection_c
[0.165s] -- Found rosidl_adapter: 1.2.1 (/opt/ros/foxy/share/rosidl_adapter/cmake)
[0.238s] -- Using all available rosidl_typesupport_cpp: rosidl_typesupport_fastrtps_cpp;rosidl_typesupport_introspection_cpp
[0.266s] -- Found rmw_implementation_cmake: 1.0.3 (/opt/ros/foxy/share/rmw_implementation_cmake/cmake)
[0.267s] -- Using RMW implementation 'rmw_fastrtps_cpp' as default
[0.350s] -- Found body_tracking: 0.0.0 (/home/robogait/azure_kinect_ws/install/body_tracking/share/body_tracking/cmake)
[0.354s] -- Found rosidl_default_generators: 1.0.1 (/opt/ros/foxy/share/rosidl_default_generators/cmake)
[0.361s] Tenemos la info en /home/robogait/azure_kinect_ws/src/body_tracking || /home/robogait/azure_kinect_ws/src/body_tracking;/opt/ros/foxy/share/fastrtps_cmake_module/cmake/Modules
[0.362s] CMake Warning (dev) at CMakeLists.txt:41 (find_package):
[0.362s]   Policy CMP0074 is not set: find_package uses <PackageName>_ROOT variables.
[0.362s]   Run "cmake --help-policy CMP0074" for policy details.  Use the cmake_policy
[0.362s]   command to set the policy and suppress this warning.
[0.362s] 
[0.362s]   CMake variable k4abt_ROOT is set to:
[0.362s] 
[0.362s]     /usr
[0.362s] 
[0.362s]   For compatibility, CMake is ignoring the variable.
[0.363s] This warning is for project developers.  Use -Wno-dev to suppress it.
[0.363s] 
[0.379s] -- Found PythonInterp: /usr/bin/python3 (found version "3.8.10") 
[0.449s] -- Found ament_cmake_ros: 0.9.2 (/opt/ros/foxy/share/ament_cmake_ros/cmake)
[0.505s] -- Using all available rosidl_typesupport_c: rosidl_typesupport_fastrtps_c;rosidl_typesupport_introspection_c
[0.509s] -- Using all available rosidl_typesupport_cpp: rosidl_typesupport_fastrtps_cpp;rosidl_typesupport_introspection_cpp
[0.523s] -- Found PythonInterp: /usr/bin/python3 (found suitable version "3.8.10", minimum required is "3.5") 
[0.523s] -- Found python_cmake_module: 0.8.1 (/opt/ros/foxy/share/python_cmake_module/cmake)
[0.538s] -- Using PYTHON_EXECUTABLE: /usr/bin/python3
[0.538s] -- Using PYTHON_INCLUDE_DIRS: /usr/include/python3.8
[0.538s] -- Using PYTHON_LIBRARIES: /usr/lib/x86_64-linux-gnu/libpython3.8.so
[0.547s] -- Found ament_lint_auto: 0.9.6 (/opt/ros/foxy/share/ament_lint_auto/cmake)
[0.552s] -- Added test 'copyright' to check source files copyright and LICENSE
[0.553s] -- Added test 'cppcheck' to perform static code analysis on C / C++ code
[0.554s] -- Configured cppcheck include dirs: $<BUILD_INTERFACE:/home/robogait/azure_kinect_ws/src/body_tracking/include>
[0.554s] -- Configured cppcheck exclude dirs and/or files: 
[0.554s] -- Added test 'cpplint' to check C / C++ code against the Google style
[0.554s] -- Configured cpplint exclude dirs and/or files: 
[0.555s] -- Added test 'lint_cmake' to check CMake code style
[0.555s] -- Added test 'uncrustify' to check C / C++ code style
[0.555s] -- Configured uncrustify additional arguments: 
[0.555s] -- Added test 'xmllint' to check XML markup files
[0.558s] -- Configuring done
[0.579s] -- Generating done
[0.581s] -- Build files have been written to: /home/robogait/azure_kinect_ws/build/body_tracking
[0.608s] [  2%] [32mBuilding CXX object CMakeFiles/talker.dir/src/publisher_member_function.cpp.o[0m
[0.609s] [  5%] [32mBuilding CXX object CMakeFiles/body_tracking_node.dir/src/body_tracking_node.cpp.o[0m
[0.609s] [ 10%] Built target body_tracking__cpp
[0.609s] [ 10%] [32mBuilding CXX object CMakeFiles/listener.dir/src/subscriber_member_function.cpp.o[0m
[0.612s] [ 17%] Built target body_tracking__rosidl_generator_c
[0.613s] [ 20%] [32mBuilding CXX object CMakeFiles/prueba_talker.dir/src/main.cpp.o[0m
[0.626s] [35m[1mScanning dependencies of target body_tracking__rosidl_typesupport_introspection_c[0m
[0.630s] [ 35%] Built target body_tracking__rosidl_typesupport_cpp
[0.630s] [ 35%] Built target body_tracking__rosidl_typesupport_introspection_cpp
[0.633s] [ 38%] [32mBuilding CXX object CMakeFiles/body_tracking__rosidl_typesupport_fastrtps_cpp.dir/rosidl_typesupport_fastrtps_cpp/body_tracking/msg/detail/dds_fastrtps/hip_coordinates__type_support.cpp.o[0m
[0.636s] [ 41%] [32mBuilding C object CMakeFiles/body_tracking__rosidl_typesupport_introspection_c.dir/rosidl_typesupport_introspection_c/body_tracking/msg/detail/hip_coordinates__type_support.c.o[0m
[0.636s] [ 43%] [32m[1mLinking CXX executable body_tracking_node[0m
[0.639s] [35m[1mScanning dependencies of target body_tracking__rosidl_typesupport_c[0m
[0.649s] [ 46%] [32mBuilding CXX object CMakeFiles/body_tracking__rosidl_typesupport_c.dir/rosidl_typesupport_c/body_tracking/msg/hip_coordinates__type_support.cpp.o[0m
[0.665s] [ 48%] [32m[1mLinking C shared library libbody_tracking__rosidl_typesupport_introspection_c.so[0m
[0.669s] [ 48%] Built target body_tracking_node
[0.679s] [ 51%] [32m[1mLinking CXX shared library libbody_tracking__rosidl_typesupport_c.so[0m
[0.686s] [ 53%] Built target body_tracking__rosidl_typesupport_introspection_c
[0.704s] [ 56%] Built target body_tracking__rosidl_typesupport_c
[0.921s] [ 58%] [32m[1mLinking CXX shared library libbody_tracking__rosidl_typesupport_fastrtps_cpp.so[0m
[0.980s] [ 61%] Built target body_tracking__rosidl_typesupport_fastrtps_cpp
[0.988s] [35m[1mScanning dependencies of target body_tracking__rosidl_typesupport_fastrtps_c[0m
[0.996s] [ 64%] [32mBuilding CXX object CMakeFiles/body_tracking__rosidl_typesupport_fastrtps_c.dir/rosidl_typesupport_fastrtps_c/body_tracking/msg/detail/hip_coordinates__type_support_c.cpp.o[0m
[1.209s] [ 66%] [32m[1mLinking CXX shared library libbody_tracking__rosidl_typesupport_fastrtps_c.so[0m
[1.268s] [ 69%] Built target body_tracking__rosidl_typesupport_fastrtps_c
[1.282s] [ 69%] Built target body_tracking
[1.296s] [ 71%] Built target body_tracking__py
[1.305s] [35m[1mScanning dependencies of target body_tracking__python[0m
[1.315s] [ 74%] [32mBuilding C object CMakeFiles/body_tracking__python.dir/rosidl_generator_py/body_tracking/msg/_hip_coordinates_s.c.o[0m
[1.416s] [ 76%] [32m[1mLinking C shared library rosidl_generator_py/body_tracking/libbody_tracking__python.so[0m
[1.443s] [ 76%] Built target body_tracking__python
[1.453s] [35m[1mScanning dependencies of target body_tracking__rosidl_typesupport_fastrtps_c__pyext[0m
[1.453s] [35m[1mScanning dependencies of target body_tracking__rosidl_typesupport_c__pyext[0m
[1.453s] [35m[1mScanning dependencies of target body_tracking__rosidl_typesupport_introspection_c__pyext[0m
[1.464s] [ 82%] [32mBuilding C object CMakeFiles/body_tracking__rosidl_typesupport_c__pyext.dir/rosidl_generator_py/body_tracking/_body_tracking_s.ep.rosidl_typesupport_c.c.o[0m
[1.465s] [ 82%] [32mBuilding C object CMakeFiles/body_tracking__rosidl_typesupport_fastrtps_c__pyext.dir/rosidl_generator_py/body_tracking/_body_tracking_s.ep.rosidl_typesupport_fastrtps_c.c.o[0m
[1.465s] [ 84%] [32mBuilding C object CMakeFiles/body_tracking__rosidl_typesupport_introspection_c__pyext.dir/rosidl_generator_py/body_tracking/_body_tracking_s.ep.rosidl_typesupport_introspection_c.c.o[0m
[1.516s] [ 87%] [32m[1mLinking C shared library rosidl_generator_py/body_tracking/body_tracking_s__rosidl_typesupport_introspection_c.cpython-38-x86_64-linux-gnu.so[0m
[1.539s] [ 87%] Built target body_tracking__rosidl_typesupport_introspection_c__pyext
[1.547s] [ 89%] [32m[1mLinking C shared library rosidl_generator_py/body_tracking/body_tracking_s__rosidl_typesupport_c.cpython-38-x86_64-linux-gnu.so[0m
[1.556s] [ 92%] [32m[1mLinking CXX shared library rosidl_generator_py/body_tracking/body_tracking_s__rosidl_typesupport_fastrtps_c.cpython-38-x86_64-linux-gnu.so[0m
[1.569s] [ 92%] Built target body_tracking__rosidl_typesupport_c__pyext
[1.622s] [ 92%] Built target body_tracking__rosidl_typesupport_fastrtps_c__pyext
[2.724s] [ 94%] [32m[1mLinking CXX executable talker[0m
[2.844s] [ 94%] Built target talker
[2.922s] [ 97%] [32m[1mLinking CXX executable prueba_talker[0m
[3.015s] /usr/bin/ld: CMakeFiles/prueba_talker.dir/src/main.cpp.o: in function `MinimalPublisher::timer_callback()':
[3.015s] main.cpp:(.text._ZN16MinimalPublisher14timer_callbackEv[_ZN16MinimalPublisher14timer_callbackEv]+0x50): undefined reference to `k4a_device_get_capture'
[3.015s] /usr/bin/ld: main.cpp:(.text._ZN16MinimalPublisher14timer_callbackEv[_ZN16MinimalPublisher14timer_callbackEv]+0xaa): undefined reference to `k4abt_tracker_enqueue_capture'
[3.015s] /usr/bin/ld: main.cpp:(.text._ZN16MinimalPublisher14timer_callbackEv[_ZN16MinimalPublisher14timer_callbackEv]+0xc6): undefined reference to `k4a_capture_release'
[3.015s] /usr/bin/ld: main.cpp:(.text._ZN16MinimalPublisher14timer_callbackEv[_ZN16MinimalPublisher14timer_callbackEv]+0x12a): undefined reference to `k4abt_tracker_pop_result'
[3.016s] /usr/bin/ld: main.cpp:(.text._ZN16MinimalPublisher14timer_callbackEv[_ZN16MinimalPublisher14timer_callbackEv]+0x19c): undefined reference to `k4abt_frame_get_num_bodies'
[3.016s] /usr/bin/ld: main.cpp:(.text._ZN16MinimalPublisher14timer_callbackEv[_ZN16MinimalPublisher14timer_callbackEv]+0x1e3): undefined reference to `k4abt_frame_get_body_skeleton'
[3.016s] /usr/bin/ld: main.cpp:(.text._ZN16MinimalPublisher14timer_callbackEv[_ZN16MinimalPublisher14timer_callbackEv]+0x219): undefined reference to `k4abt_frame_get_body_id'
[3.016s] /usr/bin/ld: main.cpp:(.text._ZN16MinimalPublisher14timer_callbackEv[_ZN16MinimalPublisher14timer_callbackEv]+0x28a): undefined reference to `k4abt_frame_get_body_index_map'
[3.016s] /usr/bin/ld: main.cpp:(.text._ZN16MinimalPublisher14timer_callbackEv[_ZN16MinimalPublisher14timer_callbackEv]+0x2c3): undefined reference to `k4a_image_release'
[3.016s] /usr/bin/ld: main.cpp:(.text._ZN16MinimalPublisher14timer_callbackEv[_ZN16MinimalPublisher14timer_callbackEv]+0x2e0): undefined reference to `k4abt_frame_release'
[3.016s] /usr/bin/ld: CMakeFiles/prueba_talker.dir/src/main.cpp.o: in function `MinimalPublisher::print_body_index_map_middle_line(_k4a_image_t*)':
[3.016s] main.cpp:(.text._ZN16MinimalPublisher32print_body_index_map_middle_lineEP12_k4a_image_t[_ZN16MinimalPublisher32print_body_index_map_middle_lineEP12_k4a_image_t]+0x1d): undefined reference to `k4a_image_get_buffer'
[3.016s] /usr/bin/ld: main.cpp:(.text._ZN16MinimalPublisher32print_body_index_map_middle_lineEP12_k4a_image_t[_ZN16MinimalPublisher32print_body_index_map_middle_lineEP12_k4a_image_t]+0x2d): undefined reference to `k4a_image_get_stride_bytes'
[3.016s] /usr/bin/ld: main.cpp:(.text._ZN16MinimalPublisher32print_body_index_map_middle_lineEP12_k4a_image_t[_ZN16MinimalPublisher32print_body_index_map_middle_lineEP12_k4a_image_t]+0x3b): undefined reference to `k4a_image_get_width_pixels'
[3.016s] /usr/bin/ld: main.cpp:(.text._ZN16MinimalPublisher32print_body_index_map_middle_lineEP12_k4a_image_t[_ZN16MinimalPublisher32print_body_index_map_middle_lineEP12_k4a_image_t]+0x6a): undefined reference to `k4a_image_get_height_pixels'
[3.016s] /usr/bin/ld: main.cpp:(.text._ZN16MinimalPublisher32print_body_index_map_middle_lineEP12_k4a_image_t[_ZN16MinimalPublisher32print_body_index_map_middle_lineEP12_k4a_image_t]+0x82): undefined reference to `k4a_image_get_width_pixels'
[3.016s] /usr/bin/ld: main.cpp:(.text._ZN16MinimalPublisher32print_body_index_map_middle_lineEP12_k4a_image_t[_ZN16MinimalPublisher32print_body_index_map_middle_lineEP12_k4a_image_t]+0xb5): undefined reference to `k4a_image_get_width_pixels'
[3.016s] /usr/bin/ld: CMakeFiles/prueba_talker.dir/src/main.cpp.o: in function `MinimalPublisher::Init()':
[3.016s] main.cpp:(.text._ZN16MinimalPublisher4InitEv[_ZN16MinimalPublisher4InitEv]+0x79): undefined reference to `k4a_device_open'
[3.016s] /usr/bin/ld: main.cpp:(.text._ZN16MinimalPublisher4InitEv[_ZN16MinimalPublisher4InitEv]+0xb9): undefined reference to `k4a_device_start_cameras'
[3.016s] /usr/bin/ld: main.cpp:(.text._ZN16MinimalPublisher4InitEv[_ZN16MinimalPublisher4InitEv]+0x108): undefined reference to `k4a_device_get_calibration'
[3.016s] /usr/bin/ld: main.cpp:(.text._ZN16MinimalPublisher4InitEv[_ZN16MinimalPublisher4InitEv]+0x1c4): undefined reference to `k4abt_tracker_create'
[3.017s] collect2: error: ld returned 1 exit status
[3.019s] make[2]: *** [CMakeFiles/prueba_talker.dir/build.make:136: prueba_talker] Error 1
[3.019s] make[1]: *** [CMakeFiles/Makefile2:325: CMakeFiles/prueba_talker.dir/all] Error 2
[3.019s] make[1]: *** Waiting for unfinished jobs....
[4.055s] [100%] [32m[1mLinking CXX executable listener[0m
[4.196s] [100%] Built target listener
[4.196s] make: *** [Makefile:141: all] Error 2
[4.198s] Invoked command in '/home/robogait/azure_kinect_ws/build/body_tracking' returned '2': CMAKE_PREFIX_PATH=${CMAKE_PREFIX_PATH}:/home/robogait/ros2_serial/install/ourbotmanager:/opt/ros/foxy /usr/bin/cmake --build /home/robogait/azure_kinect_ws/build/body_tracking -- -j8 -l8
