-- Found ament_cmake: 0.9.9 (/opt/ros/foxy/share/ament_cmake/cmake)
-- Using PYTHON_EXECUTABLE: /usr/bin/python3
-- Override CMake install command with custom implementation using symlinks instead of copying resources
-- Found rclcpp: 2.4.1 (/opt/ros/foxy/share/rclcpp/cmake)
-- Using all available rosidl_typesupport_c: rosidl_typesupport_fastrtps_c;rosidl_typesupport_introspection_c
-- Found rosidl_adapter: 1.2.1 (/opt/ros/foxy/share/rosidl_adapter/cmake)
-- Using all available rosidl_typesupport_cpp: rosidl_typesupport_fastrtps_cpp;rosidl_typesupport_introspection_cpp
-- Found rmw_implementation_cmake: 1.0.3 (/opt/ros/foxy/share/rmw_implementation_cmake/cmake)
-- Using RMW implementation 'rmw_fastrtps_cpp' as default
-- Found geometry_msgs: 2.0.5 (/opt/ros/foxy/share/geometry_msgs/cmake)
-- Found nav_msgs: 2.0.5 (/opt/ros/foxy/share/nav_msgs/cmake)
-- Found sensor_msgs: 2.0.5 (/opt/ros/foxy/share/sensor_msgs/cmake)
-- Found tf2: 0.13.13 (/opt/ros/foxy/share/tf2/cmake)
-- Found tf2_ros: 0.13.13 (/opt/ros/foxy/share/tf2_ros/cmake)
-- Found turtlesim: 1.2.5 (/home/robogait/tutorials_ros2/install/turtlesim/share/turtlesim/cmake)
-- Found body_tracker_msgs: 0.0.0 (/home/robogait/azure_kinect_ws/install/body_tracker_msgs/share/body_tracker_msgs/cmake)
-- Configuring done
-- Generating done
-- Build files have been written to: /home/robogait/catkin_ws/build/pkg_navigation
[35m[1mScanning dependencies of target tf2_broadcaster_person[0m
[ 42%] Built target robot_controller
[ 42%] Built target tf2_broadcaster
[ 42%] Built target robot_odom_tf2_listener
[ 57%] Built target publisher_initial_pose
[ 71%] Built target publisher_subscriber
[ 85%] Built target robot_controller_position
[ 92%] [32mBuilding CXX object CMakeFiles/tf2_broadcaster_person.dir/src/tf2_broadcaster_person.cpp.o[0m
[01m[K/home/robogait/catkin_ws/src/pkg_navigation/src/tf2_broadcaster_person.cpp:75:1:[m[K [01;31m[Kerror: [m[Kexpected ‘[01m[K}[m[K’ at end of input
   75 | [01;31m[K}[m[K
      | [01;31m[K^[m[K
[01m[K/home/robogait/catkin_ws/src/pkg_navigation/src/tf2_broadcaster_person.cpp:17:1:[m[K [01;36m[Knote: [m[Kto match this ‘[01m[K{[m[K’
   17 | [01;36m[K{[m[K
      | [01;36m[K^[m[K
[01m[K/home/robogait/catkin_ws/src/pkg_navigation/src/tf2_broadcaster_person.cpp:[m[K In constructor ‘[01m[KFramePublisher::FramePublisher()[m[K’:
[01m[K/home/robogait/catkin_ws/src/pkg_navigation/src/tf2_broadcaster_person.cpp:26:5:[m[K [01;31m[Kerror: [m[K‘[01m[Ktf_broadcaster_[m[K’ was not declared in this scope
   26 |     [01;31m[Ktf_broadcaster_[m[K =
      |     [01;31m[K^~~~~~~~~~~~~~~[m[K
[01m[K/home/robogait/catkin_ws/src/pkg_navigation/src/tf2_broadcaster_person.cpp:30:6:[m[K [01;31m[Kerror: [m[K‘[01m[Ksubscription_spine_bottom[m[K’ was not declared in this scope
   30 |      [01;31m[Ksubscription_spine_bottom[m[K = this->create_subscription<body_tracker_msgs::msg::SpineBottom>("body_tracker_simplified", 10, bind(&FramePublisher::handle_person_pose, this,
      |      [01;31m[K^~~~~~~~~~~~~~~~~~~~~~~~~[m[K
[01m[K/home/robogait/catkin_ws/src/pkg_navigation/src/tf2_broadcaster_person.cpp:30:150:[m[K [01;31m[Kerror: [m[K‘[01m[Khandle_person_pose[m[K’ is not a member of ‘[01m[KFramePublisher[m[K’
   30 | Bottom>("body_tracker_simplified", 10, bind(&FramePublisher::[01;31m[Khandle_person_pose[m[K, this,
      |                                                              [01;31m[K^~~~~~~~~~~~~~~~~~[m[K

[01m[K/home/robogait/catkin_ws/src/pkg_navigation/src/tf2_broadcaster_person.cpp:32:3:[m[K [01;31m[Kerror: [m[Kexpected primary-expression before ‘[01m[K}[m[K’ token
   32 |   [01;31m[K}[m[K
      |   [01;31m[K^[m[K
[01m[K/home/robogait/catkin_ws/src/pkg_navigation/src/tf2_broadcaster_person.cpp:[m[K At global scope:
[01m[K/home/robogait/catkin_ws/src/pkg_navigation/src/tf2_broadcaster_person.cpp:75:1:[m[K [01;31m[Kerror: [m[Kexpected unqualified-id at end of input
   75 | [01;31m[K}[m[K
      | [01;31m[K^[m[K
make[2]: *** [CMakeFiles/tf2_broadcaster_person.dir/build.make:63: CMakeFiles/tf2_broadcaster_person.dir/src/tf2_broadcaster_person.cpp.o] Error 1
make[1]: *** [CMakeFiles/Makefile2:144: CMakeFiles/tf2_broadcaster_person.dir/all] Error 2
make: *** [Makefile:141: all] Error 2
