[0.033s] Invoking command in '/home/robogait/azure_kinect_ws/build/body_tracker_msgs': CMAKE_PREFIX_PATH=${CMAKE_PREFIX_PATH}:/home/robogait/ros2_ws/install/nav2_project:/home/robogait/nav2_ws/install/nav2_gazebo_spawner:/home/robogait/ros2_serial/install/ourbotmanager:/opt/ros/foxy /usr/bin/cmake --build /home/robogait/azure_kinect_ws/build/body_tracker_msgs -- -j8 -l8
[0.057s] -- Found ament_cmake: 0.9.9 (/opt/ros/foxy/share/ament_cmake/cmake)
[0.084s] -- Found PythonInterp: /usr/bin/python3 (found suitable version "3.8.10", minimum required is "3") 
[0.084s] -- Using PYTHON_EXECUTABLE: /usr/bin/python3
[0.217s] -- Override CMake install command with custom implementation using symlinks instead of copying resources
[0.222s] -- Found rclcpp: 2.4.1 (/opt/ros/foxy/share/rclcpp/cmake)
[0.248s] -- Using all available rosidl_typesupport_c: rosidl_typesupport_fastrtps_c;rosidl_typesupport_introspection_c
[0.250s] -- Found rosidl_adapter: 1.2.1 (/opt/ros/foxy/share/rosidl_adapter/cmake)
[0.340s] -- Using all available rosidl_typesupport_cpp: rosidl_typesupport_fastrtps_cpp;rosidl_typesupport_introspection_cpp
[0.369s] -- Found rmw_implementation_cmake: 1.0.3 (/opt/ros/foxy/share/rmw_implementation_cmake/cmake)
[0.372s] -- Using RMW implementation 'rmw_fastrtps_cpp' as default
[0.455s] -- Found geometry_msgs: 2.0.5 (/opt/ros/foxy/share/geometry_msgs/cmake)
[0.493s] -- Found PythonInterp: /usr/bin/python3 (found version "3.8.10") 
[0.623s] -- Found ament_cmake_cppcheck: 0.9.6 (/opt/ros/foxy/share/ament_cmake_cppcheck/cmake)
[0.624s] -- Found ament_cmake_cpplint: 0.9.6 (/opt/ros/foxy/share/ament_cmake_cpplint/cmake)
[0.624s] -- Found ament_cmake_uncrustify: 0.9.6 (/opt/ros/foxy/share/ament_cmake_uncrustify/cmake)
[0.625s] -- Found ament_cmake_ros: 0.9.2 (/opt/ros/foxy/share/ament_cmake_ros/cmake)
[0.794s] -- Using all available rosidl_typesupport_c: rosidl_typesupport_fastrtps_c;rosidl_typesupport_introspection_c
[0.868s] -- Using all available rosidl_typesupport_cpp: rosidl_typesupport_fastrtps_cpp;rosidl_typesupport_introspection_cpp
[0.876s] -- Found ament_lint_auto: 0.9.6 (/opt/ros/foxy/share/ament_lint_auto/cmake)
[0.882s] -- Added test 'copyright' to check source files copyright and LICENSE
[0.883s] -- Added test 'lint_cmake' to check CMake code style
[0.883s] -- Added test 'xmllint' to check XML markup files
[0.886s] -- Configuring done
[0.907s] -- Generating done
[0.908s] -- Build files have been written to: /home/robogait/azure_kinect_ws/build/body_tracker_msgs
[0.933s] [  2%] [34m[1mGenerating C code for ROS interfaces[0m
[0.944s] [  5%] [34m[1mGenerating C++ code for ROS interfaces[0m
[1.273s] [35m[1mScanning dependencies of target body_tracker_msgs__rosidl_generator_c[0m
[1.280s] [  5%] Built target body_tracker_msgs__cpp
[1.286s] [  8%] [32mBuilding C object CMakeFiles/body_tracker_msgs__rosidl_generator_c.dir/rosidl_generator_c/body_tracker_msgs/msg/detail/hip_coordinates__functions.c.o[0m
[1.287s] [ 11%] [32mBuilding C object CMakeFiles/body_tracker_msgs__rosidl_generator_c.dir/rosidl_generator_c/body_tracker_msgs/msg/detail/skeleton__functions.c.o[0m
[1.287s] [ 13%] [32mBuilding C object CMakeFiles/body_tracker_msgs__rosidl_generator_c.dir/rosidl_generator_c/body_tracker_msgs/msg/detail/spine_bottom__functions.c.o[0m
[1.294s] [ 16%] [34m[1mGenerating C++ type support dispatch for ROS interfaces[0m
[1.296s] [ 19%] [34m[1mGenerating C++ introspection for ROS interfaces[0m
[1.296s] [ 22%] [34m[1mGenerating C++ type support for eProsima Fast-RTPS[0m
[1.328s] [ 25%] [32m[1mLinking C shared library libbody_tracker_msgs__rosidl_generator_c.so[0m
[1.363s] [ 25%] Built target body_tracker_msgs__rosidl_generator_c
[1.374s] [ 30%] [34m[1mGenerating C type support dispatch for ROS interfaces[0m
[1.374s] [ 30%] [34m[1mGenerating C introspection for ROS interfaces[0m
[1.673s] [35m[1mScanning dependencies of target body_tracker_msgs__rosidl_typesupport_c[0m
[1.690s] [ 38%] [32mBuilding CXX object CMakeFiles/body_tracker_msgs__rosidl_typesupport_c.dir/rosidl_typesupport_c/body_tracker_msgs/msg/skeleton__type_support.cpp.o[0m
[1.690s] [ 38%] [32mBuilding CXX object CMakeFiles/body_tracker_msgs__rosidl_typesupport_c.dir/rosidl_typesupport_c/body_tracker_msgs/msg/hip_coordinates__type_support.cpp.o[0m
[1.690s] [ 38%] [32mBuilding CXX object CMakeFiles/body_tracker_msgs__rosidl_typesupport_c.dir/rosidl_typesupport_c/body_tracker_msgs/msg/spine_bottom__type_support.cpp.o[0m
[1.726s] [ 41%] [32m[1mLinking CXX shared library libbody_tracker_msgs__rosidl_typesupport_c.so[0m
[1.752s] [35m[1mScanning dependencies of target body_tracker_msgs__rosidl_typesupport_introspection_cpp[0m
[1.769s] [ 44%] [32mBuilding CXX object CMakeFiles/body_tracker_msgs__rosidl_typesupport_introspection_cpp.dir/rosidl_typesupport_introspection_cpp/body_tracker_msgs/msg/detail/hip_coordinates__type_support.cpp.o[0m
[1.769s] [ 47%] [32mBuilding CXX object CMakeFiles/body_tracker_msgs__rosidl_typesupport_introspection_cpp.dir/rosidl_typesupport_introspection_cpp/body_tracker_msgs/msg/detail/spine_bottom__type_support.cpp.o[0m
[1.769s] [ 47%] Built target body_tracker_msgs__rosidl_typesupport_c
[1.770s] [ 50%] [32mBuilding CXX object CMakeFiles/body_tracker_msgs__rosidl_typesupport_introspection_cpp.dir/rosidl_typesupport_introspection_cpp/body_tracker_msgs/msg/detail/skeleton__type_support.cpp.o[0m
[1.817s] [35m[1mScanning dependencies of target body_tracker_msgs__rosidl_typesupport_cpp[0m
[1.838s] [ 52%] [32mBuilding CXX object CMakeFiles/body_tracker_msgs__rosidl_typesupport_cpp.dir/rosidl_typesupport_cpp/body_tracker_msgs/msg/hip_coordinates__type_support.cpp.o[0m
[1.846s] [ 55%] [32mBuilding CXX object CMakeFiles/body_tracker_msgs__rosidl_typesupport_cpp.dir/rosidl_typesupport_cpp/body_tracker_msgs/msg/skeleton__type_support.cpp.o[0m
[1.855s] [ 58%] [32mBuilding CXX object CMakeFiles/body_tracker_msgs__rosidl_typesupport_cpp.dir/rosidl_typesupport_cpp/body_tracker_msgs/msg/spine_bottom__type_support.cpp.o[0m
[1.855s] [35m[1mScanning dependencies of target body_tracker_msgs__rosidl_typesupport_introspection_c[0m
[1.876s] [ 61%] [32mBuilding C object CMakeFiles/body_tracker_msgs__rosidl_typesupport_introspection_c.dir/rosidl_typesupport_introspection_c/body_tracker_msgs/msg/detail/hip_coordinates__type_support.c.o[0m
[1.922s] [ 63%] [32mBuilding C object CMakeFiles/body_tracker_msgs__rosidl_typesupport_introspection_c.dir/rosidl_typesupport_introspection_c/body_tracker_msgs/msg/detail/skeleton__type_support.c.o[0m
[1.932s] [35m[1mScanning dependencies of target body_tracker_msgs__rosidl_typesupport_fastrtps_cpp[0m
[1.955s] [ 66%] [32mBuilding CXX object CMakeFiles/body_tracker_msgs__rosidl_typesupport_fastrtps_cpp.dir/rosidl_typesupport_fastrtps_cpp/body_tracker_msgs/msg/detail/dds_fastrtps/hip_coordinates__type_support.cpp.o[0m
[1.971s] [ 69%] [32mBuilding C object CMakeFiles/body_tracker_msgs__rosidl_typesupport_introspection_c.dir/rosidl_typesupport_introspection_c/body_tracker_msgs/msg/detail/spine_bottom__type_support.c.o[0m
[2.033s] [ 72%] [32m[1mLinking C shared library libbody_tracker_msgs__rosidl_typesupport_introspection_c.so[0m
[2.063s] [ 75%] [32mBuilding CXX object CMakeFiles/body_tracker_msgs__rosidl_typesupport_fastrtps_cpp.dir/rosidl_typesupport_fastrtps_cpp/body_tracker_msgs/msg/detail/dds_fastrtps/skeleton__type_support.cpp.o[0m
[2.080s] [ 77%] [32mBuilding CXX object CMakeFiles/body_tracker_msgs__rosidl_typesupport_fastrtps_cpp.dir/rosidl_typesupport_fastrtps_cpp/body_tracker_msgs/msg/detail/dds_fastrtps/spine_bottom__type_support.cpp.o[0m
[2.084s] [ 77%] Built target body_tracker_msgs__rosidl_typesupport_introspection_c
[2.084s] [ 80%] [32m[1mLinking CXX shared library libbody_tracker_msgs__rosidl_typesupport_introspection_cpp.so[0m
[2.142s] [ 83%] [32m[1mLinking CXX shared library libbody_tracker_msgs__rosidl_typesupport_cpp.so[0m
[2.165s] [ 83%] Built target body_tracker_msgs__rosidl_typesupport_introspection_cpp
[2.180s] [ 83%] Built target body_tracker_msgs__rosidl_typesupport_cpp
[2.423s] [ 86%] [32m[1mLinking CXX shared library libbody_tracker_msgs__rosidl_typesupport_fastrtps_cpp.so[0m
[2.487s] [ 86%] Built target body_tracker_msgs__rosidl_typesupport_fastrtps_cpp
[2.498s] [ 88%] [34m[1mGenerating C type support for eProsima Fast-RTPS[0m
[2.801s] [35m[1mScanning dependencies of target body_tracker_msgs__rosidl_typesupport_fastrtps_c[0m
[2.815s] [ 97%] [32mBuilding CXX object CMakeFiles/body_tracker_msgs__rosidl_typesupport_fastrtps_c.dir/rosidl_typesupport_fastrtps_c/body_tracker_msgs/msg/detail/spine_bottom__type_support_c.cpp.o[0m
[2.816s] [ 97%] [32mBuilding CXX object CMakeFiles/body_tracker_msgs__rosidl_typesupport_fastrtps_c.dir/rosidl_typesupport_fastrtps_c/body_tracker_msgs/msg/detail/hip_coordinates__type_support_c.cpp.o[0m
[2.816s] [ 97%] [32mBuilding CXX object CMakeFiles/body_tracker_msgs__rosidl_typesupport_fastrtps_c.dir/rosidl_typesupport_fastrtps_c/body_tracker_msgs/msg/detail/skeleton__type_support_c.cpp.o[0m
[3.043s] [100%] [32m[1mLinking CXX shared library libbody_tracker_msgs__rosidl_typesupport_fastrtps_c.so[0m
[3.106s] [100%] Built target body_tracker_msgs__rosidl_typesupport_fastrtps_c
[3.126s] [100%] Built target body_tracker_msgs
[3.137s] Invoked command in '/home/robogait/azure_kinect_ws/build/body_tracker_msgs' returned '0': CMAKE_PREFIX_PATH=${CMAKE_PREFIX_PATH}:/home/robogait/ros2_ws/install/nav2_project:/home/robogait/nav2_ws/install/nav2_gazebo_spawner:/home/robogait/ros2_serial/install/ourbotmanager:/opt/ros/foxy /usr/bin/cmake --build /home/robogait/azure_kinect_ws/build/body_tracker_msgs -- -j8 -l8
[3.229s] Invoking command in '/home/robogait/azure_kinect_ws/build/body_tracker_msgs': CMAKE_PREFIX_PATH=${CMAKE_PREFIX_PATH}:/home/robogait/ros2_ws/install/nav2_project:/home/robogait/nav2_ws/install/nav2_gazebo_spawner:/home/robogait/ros2_serial/install/ourbotmanager:/opt/ros/foxy /usr/bin/cmake --install /home/robogait/azure_kinect_ws/build/body_tracker_msgs
[3.237s] -- Install configuration: ""
[3.238s] -- Execute custom install script
[3.238s] -- Up-to-date symlink: /home/robogait/azure_kinect_ws/install/body_tracker_msgs/share/ament_index/resource_index/rosidl_interfaces/body_tracker_msgs
[3.238s] -- Up-to-date symlink: /home/robogait/azure_kinect_ws/install/body_tracker_msgs/include/body_tracker_msgs/msg/detail/hip_coordinates__functions.h
[3.238s] -- Up-to-date symlink: /home/robogait/azure_kinect_ws/install/body_tracker_msgs/include/body_tracker_msgs/msg/detail/hip_coordinates__struct.h
[3.238s] -- Up-to-date symlink: /home/robogait/azure_kinect_ws/install/body_tracker_msgs/include/body_tracker_msgs/msg/detail/hip_coordinates__type_support.h
[3.238s] -- Up-to-date symlink: /home/robogait/azure_kinect_ws/install/body_tracker_msgs/include/body_tracker_msgs/msg/detail/skeleton__functions.h
[3.239s] -- Up-to-date symlink: /home/robogait/azure_kinect_ws/install/body_tracker_msgs/include/body_tracker_msgs/msg/detail/skeleton__struct.h
[3.239s] -- Up-to-date symlink: /home/robogait/azure_kinect_ws/install/body_tracker_msgs/include/body_tracker_msgs/msg/detail/skeleton__type_support.h
[3.239s] -- Up-to-date symlink: /home/robogait/azure_kinect_ws/install/body_tracker_msgs/include/body_tracker_msgs/msg/detail/spine_bottom__functions.h
[3.239s] -- Up-to-date symlink: /home/robogait/azure_kinect_ws/install/body_tracker_msgs/include/body_tracker_msgs/msg/detail/spine_bottom__struct.h
[3.239s] -- Up-to-date symlink: /home/robogait/azure_kinect_ws/install/body_tracker_msgs/include/body_tracker_msgs/msg/detail/spine_bottom__type_support.h
[3.239s] -- Up-to-date symlink: /home/robogait/azure_kinect_ws/install/body_tracker_msgs/include/body_tracker_msgs/msg/hip_coordinates.h
[3.239s] -- Up-to-date symlink: /home/robogait/azure_kinect_ws/install/body_tracker_msgs/include/body_tracker_msgs/msg/rosidl_generator_c__visibility_control.h
[3.239s] -- Up-to-date symlink: /home/robogait/azure_kinect_ws/install/body_tracker_msgs/include/body_tracker_msgs/msg/skeleton.h
[3.239s] -- Up-to-date symlink: /home/robogait/azure_kinect_ws/install/body_tracker_msgs/include/body_tracker_msgs/msg/spine_bottom.h
[3.239s] -- Up-to-date symlink: /home/robogait/azure_kinect_ws/install/body_tracker_msgs/share/body_tracker_msgs/environment/library_path.sh
[3.240s] -- Up-to-date symlink: /home/robogait/azure_kinect_ws/install/body_tracker_msgs/share/body_tracker_msgs/environment/library_path.dsv
[3.240s] -- Up-to-date symlink: /home/robogait/azure_kinect_ws/install/body_tracker_msgs/include/body_tracker_msgs/msg/detail/hip_coordinates__rosidl_typesupport_fastrtps_c.h
[3.240s] -- Up-to-date symlink: /home/robogait/azure_kinect_ws/install/body_tracker_msgs/include/body_tracker_msgs/msg/detail/skeleton__rosidl_typesupport_fastrtps_c.h
[3.240s] -- Up-to-date symlink: /home/robogait/azure_kinect_ws/install/body_tracker_msgs/include/body_tracker_msgs/msg/detail/spine_bottom__rosidl_typesupport_fastrtps_c.h
[3.240s] -- Up-to-date symlink: /home/robogait/azure_kinect_ws/install/body_tracker_msgs/include/body_tracker_msgs/msg/rosidl_typesupport_fastrtps_c__visibility_control.h
[3.240s] -- Up-to-date symlink: /home/robogait/azure_kinect_ws/install/body_tracker_msgs/lib/libbody_tracker_msgs__rosidl_typesupport_fastrtps_c.so
[3.241s] -- Up-to-date symlink: /home/robogait/azure_kinect_ws/install/body_tracker_msgs/include/body_tracker_msgs/msg/detail/hip_coordinates__rosidl_typesupport_fastrtps_cpp.hpp
[3.241s] -- Up-to-date symlink: /home/robogait/azure_kinect_ws/install/body_tracker_msgs/include/body_tracker_msgs/msg/detail/skeleton__rosidl_typesupport_fastrtps_cpp.hpp
[3.241s] -- Up-to-date symlink: /home/robogait/azure_kinect_ws/install/body_tracker_msgs/include/body_tracker_msgs/msg/detail/spine_bottom__rosidl_typesupport_fastrtps_cpp.hpp
[3.241s] -- Up-to-date symlink: /home/robogait/azure_kinect_ws/install/body_tracker_msgs/include/body_tracker_msgs/msg/rosidl_typesupport_fastrtps_cpp__visibility_control.h
[3.241s] -- Up-to-date symlink: /home/robogait/azure_kinect_ws/install/body_tracker_msgs/lib/libbody_tracker_msgs__rosidl_typesupport_fastrtps_cpp.so
[3.242s] -- Up-to-date symlink: /home/robogait/azure_kinect_ws/install/body_tracker_msgs/include/body_tracker_msgs/msg/detail/hip_coordinates__rosidl_typesupport_introspection_c.h
[3.242s] -- Up-to-date symlink: /home/robogait/azure_kinect_ws/install/body_tracker_msgs/include/body_tracker_msgs/msg/detail/skeleton__rosidl_typesupport_introspection_c.h
[3.242s] -- Up-to-date symlink: /home/robogait/azure_kinect_ws/install/body_tracker_msgs/include/body_tracker_msgs/msg/detail/spine_bottom__rosidl_typesupport_introspection_c.h
[3.242s] -- Up-to-date symlink: /home/robogait/azure_kinect_ws/install/body_tracker_msgs/include/body_tracker_msgs/msg/rosidl_typesupport_introspection_c__visibility_control.h
[3.242s] -- Up-to-date symlink: /home/robogait/azure_kinect_ws/install/body_tracker_msgs/include/body_tracker_msgs/msg/detail/hip_coordinates__builder.hpp
[3.242s] -- Up-to-date symlink: /home/robogait/azure_kinect_ws/install/body_tracker_msgs/include/body_tracker_msgs/msg/detail/hip_coordinates__struct.hpp
[3.243s] -- Up-to-date symlink: /home/robogait/azure_kinect_ws/install/body_tracker_msgs/include/body_tracker_msgs/msg/detail/hip_coordinates__traits.hpp
[3.243s] -- Up-to-date symlink: /home/robogait/azure_kinect_ws/install/body_tracker_msgs/include/body_tracker_msgs/msg/detail/skeleton__builder.hpp
[3.243s] -- Up-to-date symlink: /home/robogait/azure_kinect_ws/install/body_tracker_msgs/include/body_tracker_msgs/msg/detail/skeleton__struct.hpp
[3.243s] -- Up-to-date symlink: /home/robogait/azure_kinect_ws/install/body_tracker_msgs/include/body_tracker_msgs/msg/detail/skeleton__traits.hpp
[3.243s] -- Up-to-date symlink: /home/robogait/azure_kinect_ws/install/body_tracker_msgs/include/body_tracker_msgs/msg/detail/spine_bottom__builder.hpp
[3.243s] -- Up-to-date symlink: /home/robogait/azure_kinect_ws/install/body_tracker_msgs/include/body_tracker_msgs/msg/detail/spine_bottom__struct.hpp
[3.243s] -- Up-to-date symlink: /home/robogait/azure_kinect_ws/install/body_tracker_msgs/include/body_tracker_msgs/msg/detail/spine_bottom__traits.hpp
[3.243s] -- Up-to-date symlink: /home/robogait/azure_kinect_ws/install/body_tracker_msgs/include/body_tracker_msgs/msg/hip_coordinates.hpp
[3.243s] -- Up-to-date symlink: /home/robogait/azure_kinect_ws/install/body_tracker_msgs/include/body_tracker_msgs/msg/skeleton.hpp
[3.243s] -- Up-to-date symlink: /home/robogait/azure_kinect_ws/install/body_tracker_msgs/include/body_tracker_msgs/msg/spine_bottom.hpp
[3.244s] -- Up-to-date symlink: /home/robogait/azure_kinect_ws/install/body_tracker_msgs/include/body_tracker_msgs/msg/detail/hip_coordinates__rosidl_typesupport_introspection_cpp.hpp
[3.244s] -- Up-to-date symlink: /home/robogait/azure_kinect_ws/install/body_tracker_msgs/include/body_tracker_msgs/msg/detail/skeleton__rosidl_typesupport_introspection_cpp.hpp
[3.244s] -- Up-to-date symlink: /home/robogait/azure_kinect_ws/install/body_tracker_msgs/include/body_tracker_msgs/msg/detail/spine_bottom__rosidl_typesupport_introspection_cpp.hpp
[3.244s] -- Up-to-date symlink: /home/robogait/azure_kinect_ws/install/body_tracker_msgs/share/body_tracker_msgs/msg/HipCoordinates.idl
[3.244s] -- Up-to-date symlink: /home/robogait/azure_kinect_ws/install/body_tracker_msgs/share/body_tracker_msgs/msg/Skeleton.idl
[3.244s] -- Up-to-date symlink: /home/robogait/azure_kinect_ws/install/body_tracker_msgs/share/body_tracker_msgs/msg/SpineBottom.idl
[3.244s] -- Up-to-date symlink: /home/robogait/azure_kinect_ws/install/body_tracker_msgs/share/body_tracker_msgs/msg/HipCoordinates.msg
[3.245s] -- Up-to-date symlink: /home/robogait/azure_kinect_ws/install/body_tracker_msgs/share/body_tracker_msgs/msg/Skeleton.msg
[3.245s] -- Up-to-date symlink: /home/robogait/azure_kinect_ws/install/body_tracker_msgs/share/body_tracker_msgs/msg/SpineBottom.msg
[3.245s] -- Up-to-date symlink: /home/robogait/azure_kinect_ws/install/body_tracker_msgs/share/ament_index/resource_index/package_run_dependencies/body_tracker_msgs
[3.245s] -- Up-to-date symlink: /home/robogait/azure_kinect_ws/install/body_tracker_msgs/share/ament_index/resource_index/parent_prefix_path/body_tracker_msgs
[3.245s] -- Up-to-date symlink: /home/robogait/azure_kinect_ws/install/body_tracker_msgs/share/body_tracker_msgs/environment/ament_prefix_path.sh
[3.246s] -- Up-to-date symlink: /home/robogait/azure_kinect_ws/install/body_tracker_msgs/share/body_tracker_msgs/environment/ament_prefix_path.dsv
[3.246s] -- Up-to-date symlink: /home/robogait/azure_kinect_ws/install/body_tracker_msgs/share/body_tracker_msgs/environment/path.sh
[3.246s] -- Up-to-date symlink: /home/robogait/azure_kinect_ws/install/body_tracker_msgs/share/body_tracker_msgs/environment/path.dsv
[3.246s] -- Up-to-date symlink: /home/robogait/azure_kinect_ws/install/body_tracker_msgs/share/body_tracker_msgs/local_setup.bash
[3.246s] -- Up-to-date symlink: /home/robogait/azure_kinect_ws/install/body_tracker_msgs/share/body_tracker_msgs/local_setup.sh
[3.246s] -- Up-to-date symlink: /home/robogait/azure_kinect_ws/install/body_tracker_msgs/share/body_tracker_msgs/local_setup.zsh
[3.246s] -- Up-to-date symlink: /home/robogait/azure_kinect_ws/install/body_tracker_msgs/share/body_tracker_msgs/local_setup.dsv
[3.247s] -- Symlinking: /home/robogait/azure_kinect_ws/install/body_tracker_msgs/share/body_tracker_msgs/package.dsv
[3.255s] -- Up-to-date symlink: /home/robogait/azure_kinect_ws/install/body_tracker_msgs/share/ament_index/resource_index/packages/body_tracker_msgs
[3.255s] -- Up-to-date symlink: /home/robogait/azure_kinect_ws/install/body_tracker_msgs/share/body_tracker_msgs/cmake/rosidl_cmake-extras.cmake
[3.255s] -- Up-to-date symlink: /home/robogait/azure_kinect_ws/install/body_tracker_msgs/share/body_tracker_msgs/cmake/ament_cmake_export_dependencies-extras.cmake
[3.256s] -- Up-to-date symlink: /home/robogait/azure_kinect_ws/install/body_tracker_msgs/share/body_tracker_msgs/cmake/ament_cmake_export_libraries-extras.cmake
[3.256s] -- Up-to-date symlink: /home/robogait/azure_kinect_ws/install/body_tracker_msgs/share/body_tracker_msgs/cmake/ament_cmake_export_targets-extras.cmake
[3.256s] -- Up-to-date symlink: /home/robogait/azure_kinect_ws/install/body_tracker_msgs/share/body_tracker_msgs/cmake/ament_cmake_export_include_directories-extras.cmake
[3.256s] -- Up-to-date symlink: /home/robogait/azure_kinect_ws/install/body_tracker_msgs/share/body_tracker_msgs/cmake/rosidl_cmake_export_typesupport_libraries-extras.cmake
[3.256s] -- Up-to-date symlink: /home/robogait/azure_kinect_ws/install/body_tracker_msgs/share/body_tracker_msgs/cmake/rosidl_cmake_export_typesupport_targets-extras.cmake
[3.256s] -- Up-to-date symlink: /home/robogait/azure_kinect_ws/install/body_tracker_msgs/share/body_tracker_msgs/cmake/body_tracker_msgsConfig.cmake
[3.256s] -- Up-to-date symlink: /home/robogait/azure_kinect_ws/install/body_tracker_msgs/share/body_tracker_msgs/cmake/body_tracker_msgsConfig-version.cmake
[3.256s] -- Up-to-date symlink: /home/robogait/azure_kinect_ws/install/body_tracker_msgs/share/body_tracker_msgs/package.xml
[3.257s] -- Installing: /home/robogait/azure_kinect_ws/install/body_tracker_msgs/lib/libbody_tracker_msgs__rosidl_generator_c.so
[3.257s] -- Set runtime path of "/home/robogait/azure_kinect_ws/install/body_tracker_msgs/lib/libbody_tracker_msgs__rosidl_generator_c.so" to ""
[3.257s] -- Installing: /home/robogait/azure_kinect_ws/install/body_tracker_msgs/lib/libbody_tracker_msgs__rosidl_typesupport_introspection_c.so
[3.257s] -- Set runtime path of "/home/robogait/azure_kinect_ws/install/body_tracker_msgs/lib/libbody_tracker_msgs__rosidl_typesupport_introspection_c.so" to ""
[3.257s] -- Installing: /home/robogait/azure_kinect_ws/install/body_tracker_msgs/lib/libbody_tracker_msgs__rosidl_typesupport_c.so
[3.257s] -- Set runtime path of "/home/robogait/azure_kinect_ws/install/body_tracker_msgs/lib/libbody_tracker_msgs__rosidl_typesupport_c.so" to ""
[3.258s] -- Installing: /home/robogait/azure_kinect_ws/install/body_tracker_msgs/lib/libbody_tracker_msgs__rosidl_typesupport_introspection_cpp.so
[3.258s] -- Set runtime path of "/home/robogait/azure_kinect_ws/install/body_tracker_msgs/lib/libbody_tracker_msgs__rosidl_typesupport_introspection_cpp.so" to ""
[3.258s] -- Installing: /home/robogait/azure_kinect_ws/install/body_tracker_msgs/lib/libbody_tracker_msgs__rosidl_typesupport_cpp.so
[3.258s] -- Set runtime path of "/home/robogait/azure_kinect_ws/install/body_tracker_msgs/lib/libbody_tracker_msgs__rosidl_typesupport_cpp.so" to ""
[3.258s] -- Up-to-date: /home/robogait/azure_kinect_ws/install/body_tracker_msgs/share/body_tracker_msgs/cmake/body_tracker_msgs__rosidl_generator_cExport.cmake
[3.258s] -- Installing: /home/robogait/azure_kinect_ws/install/body_tracker_msgs/share/body_tracker_msgs/cmake/body_tracker_msgs__rosidl_generator_cExport-noconfig.cmake
[3.258s] -- Up-to-date: /home/robogait/azure_kinect_ws/install/body_tracker_msgs/share/body_tracker_msgs/cmake/body_tracker_msgs__rosidl_typesupport_introspection_cExport.cmake
[3.259s] -- Installing: /home/robogait/azure_kinect_ws/install/body_tracker_msgs/share/body_tracker_msgs/cmake/body_tracker_msgs__rosidl_typesupport_introspection_cExport-noconfig.cmake
[3.259s] -- Up-to-date: /home/robogait/azure_kinect_ws/install/body_tracker_msgs/share/body_tracker_msgs/cmake/body_tracker_msgs__rosidl_typesupport_cExport.cmake
[3.259s] -- Installing: /home/robogait/azure_kinect_ws/install/body_tracker_msgs/share/body_tracker_msgs/cmake/body_tracker_msgs__rosidl_typesupport_cExport-noconfig.cmake
[3.259s] -- Up-to-date: /home/robogait/azure_kinect_ws/install/body_tracker_msgs/share/body_tracker_msgs/cmake/body_tracker_msgs__rosidl_generator_cppExport.cmake
[3.259s] -- Up-to-date: /home/robogait/azure_kinect_ws/install/body_tracker_msgs/share/body_tracker_msgs/cmake/body_tracker_msgs__rosidl_typesupport_introspection_cppExport.cmake
[3.259s] -- Installing: /home/robogait/azure_kinect_ws/install/body_tracker_msgs/share/body_tracker_msgs/cmake/body_tracker_msgs__rosidl_typesupport_introspection_cppExport-noconfig.cmake
[3.259s] -- Up-to-date: /home/robogait/azure_kinect_ws/install/body_tracker_msgs/share/body_tracker_msgs/cmake/body_tracker_msgs__rosidl_typesupport_cppExport.cmake
[3.259s] -- Installing: /home/robogait/azure_kinect_ws/install/body_tracker_msgs/share/body_tracker_msgs/cmake/body_tracker_msgs__rosidl_typesupport_cppExport-noconfig.cmake
[3.262s] Invoked command in '/home/robogait/azure_kinect_ws/build/body_tracker_msgs' returned '0': CMAKE_PREFIX_PATH=${CMAKE_PREFIX_PATH}:/home/robogait/ros2_ws/install/nav2_project:/home/robogait/nav2_ws/install/nav2_gazebo_spawner:/home/robogait/ros2_serial/install/ourbotmanager:/opt/ros/foxy /usr/bin/cmake --install /home/robogait/azure_kinect_ws/build/body_tracker_msgs
