[0.016s] Invoking command in '/home/robogait/catkin_ws/build/pkg_navigation': CMAKE_PREFIX_PATH=${CMAKE_PREFIX_PATH}:/home/robogait/nav2_ws/install/nav2_gazebo_spawner:/home/robogait/ros2_serial/install/ourbotmanager:/home/robogait/ros2_ws/install/nav2_project:/opt/ros/foxy /usr/bin/cmake --build /home/robogait/catkin_ws/build/pkg_navigation -- -j8 -l8
[0.087s] [  9%] Built target publisher_initial_pose
[0.088s] [ 50%] Built target tf2_broadcaster_person
[0.088s] [ 54%] Built target tf2_broadcaster_camera
[0.088s] [ 50%] Built target robot_controller_position
[0.088s] [ 54%] Built target robot_controller
[0.088s] [ 50%] Built target robot_odom_tf2_listener
[0.088s] [ 63%] Built target publisher_subscriber
[0.089s] [ 72%] Built target tf2_broadcaster
[0.100s] [35m[1mScanning dependencies of target camera_controller[0m
[0.119s] [ 90%] Built target robot_controller_straight
[0.119s] [ 90%] Built target person_odom_tf2_listener
[0.123s] [ 95%] [32mBuilding CXX object CMakeFiles/camera_controller.dir/src/camera_controller.cpp.o[0m
[0.918s] [01m[K/home/robogait/catkin_ws/src/pkg_navigation/src/camera_controller.cpp:[m[K In member function ‘[01m[Kvoid generic::controller()[m[K’:
[0.918s] [01m[K/home/robogait/catkin_ws/src/pkg_navigation/src/camera_controller.cpp:90:21:[m[K [01;31m[Kerror: [m[K‘[01m[Kmax_speed[m[K’ was not declared in this scope
[0.918s]    90 |         if(control<-[01;31m[Kmax_speed[m[K){
[0.918s]       |                     [01;31m[K^~~~~~~~~[m[K
[2.121s] make[2]: *** [CMakeFiles/camera_controller.dir/build.make:63: CMakeFiles/camera_controller.dir/src/camera_controller.cpp.o] Error 1
[2.121s] make[1]: *** [CMakeFiles/Makefile2:422: CMakeFiles/camera_controller.dir/all] Error 2
[2.121s] make: *** [Makefile:141: all] Error 2
[2.123s] Invoked command in '/home/robogait/catkin_ws/build/pkg_navigation' returned '2': CMAKE_PREFIX_PATH=${CMAKE_PREFIX_PATH}:/home/robogait/nav2_ws/install/nav2_gazebo_spawner:/home/robogait/ros2_serial/install/ourbotmanager:/home/robogait/ros2_ws/install/nav2_project:/opt/ros/foxy /usr/bin/cmake --build /home/robogait/catkin_ws/build/pkg_navigation -- -j8 -l8
