[0.013s] Invoking command in '/home/robogait/catkin_ws/build/pkg_navigation': CMAKE_PREFIX_PATH=${CMAKE_PREFIX_PATH}:/home/robogait/ros2_ws/install/nav2_project:/home/robogait/nav2_ws/install/nav2_gazebo_spawner:/home/robogait/ros2_serial/install/ourbotmanager:/opt/ros/foxy /usr/bin/cmake --build /home/robogait/catkin_ws/build/pkg_navigation -- -j8 -l8
[0.057s] [35m[1mScanning dependencies of target publisher_subscriber[0m
[0.059s] [35m[1mScanning dependencies of target robot_controller[0m
[0.073s] [ 20%] Built target publisher_initial_pose
[0.075s] [ 40%] Built target tf2_broadcaster
[0.078s] [ 60%] Built target robot_odom_tf2_listener
[0.079s] [ 70%] [32mBuilding CXX object CMakeFiles/robot_controller.dir/src/robot_controller.cpp.o[0m
[0.080s] [ 80%] [32mBuilding CXX object CMakeFiles/publisher_subscriber.dir/src/publisher_subscriber.cpp.o[0m
[3.319s] [ 90%] [32m[1mLinking CXX executable robot_controller[0m
[3.485s] [ 90%] Built target robot_controller
[3.815s] [100%] [32m[1mLinking CXX executable publisher_subscriber[0m
[3.994s] [100%] Built target publisher_subscriber
[4.004s] Invoked command in '/home/robogait/catkin_ws/build/pkg_navigation' returned '0': CMAKE_PREFIX_PATH=${CMAKE_PREFIX_PATH}:/home/robogait/ros2_ws/install/nav2_project:/home/robogait/nav2_ws/install/nav2_gazebo_spawner:/home/robogait/ros2_serial/install/ourbotmanager:/opt/ros/foxy /usr/bin/cmake --build /home/robogait/catkin_ws/build/pkg_navigation -- -j8 -l8
[4.059s] Invoking command in '/home/robogait/catkin_ws/build/pkg_navigation': CMAKE_PREFIX_PATH=${CMAKE_PREFIX_PATH}:/home/robogait/ros2_ws/install/nav2_project:/home/robogait/nav2_ws/install/nav2_gazebo_spawner:/home/robogait/ros2_serial/install/ourbotmanager:/opt/ros/foxy /usr/bin/cmake --install /home/robogait/catkin_ws/build/pkg_navigation
[4.068s] -- Install configuration: ""
[4.068s] -- Execute custom install script
[4.068s] -- Up-to-date symlink: /home/robogait/catkin_ws/install/pkg_navigation/lib/pkg_navigation/publisher_subscriber
[4.069s] -- Up-to-date symlink: /home/robogait/catkin_ws/install/pkg_navigation/lib/pkg_navigation/tf2_broadcaster
[4.069s] -- Up-to-date symlink: /home/robogait/catkin_ws/install/pkg_navigation/lib/pkg_navigation/publisher_initial_pose
[4.069s] -- Up-to-date symlink: /home/robogait/catkin_ws/install/pkg_navigation/lib/pkg_navigation/robot_odom_tf2_listener
[4.069s] -- Up-to-date symlink: /home/robogait/catkin_ws/install/pkg_navigation/lib/pkg_navigation/robot_controller
[4.070s] -- Up-to-date symlink: /home/robogait/catkin_ws/install/pkg_navigation/share/pkg_navigation/launch/__pycache__/turtlesim_mimic_launch.cpython-38.pyc
[4.070s] -- Up-to-date symlink: /home/robogait/catkin_ws/install/pkg_navigation/share/pkg_navigation/launch/realsense_pointcloud_launch.py
[4.070s] -- Up-to-date symlink: /home/robogait/catkin_ws/install/pkg_navigation/share/pkg_navigation/launch/robogait_launch_states.py
[4.070s] -- Up-to-date symlink: /home/robogait/catkin_ws/install/pkg_navigation/share/pkg_navigation/launch/robogait_map_server_launch.py
[4.070s] -- Up-to-date symlink: /home/robogait/catkin_ws/install/pkg_navigation/share/pkg_navigation/launch/robogait_mapping_launch (copy).py
[4.070s] -- Up-to-date symlink: /home/robogait/catkin_ws/install/pkg_navigation/share/pkg_navigation/launch/robogait_mapping_launch.py
[4.070s] -- Up-to-date symlink: /home/robogait/catkin_ws/install/pkg_navigation/share/pkg_navigation/launch/robogait_online_async_launch.py
[4.070s] -- Up-to-date symlink: /home/robogait/catkin_ws/install/pkg_navigation/share/pkg_navigation/launch/robogait_state_publisher.py
[4.070s] -- Up-to-date symlink: /home/robogait/catkin_ws/install/pkg_navigation/share/pkg_navigation/launch/rviz_launch.py
[4.070s] -- Up-to-date symlink: /home/robogait/catkin_ws/install/pkg_navigation/share/pkg_navigation/launch/teb_nav2_bringup_launch.py
[4.071s] -- Up-to-date symlink: /home/robogait/catkin_ws/install/pkg_navigation/share/pkg_navigation/launch/teb_tb3_simulation_launch.py
[4.071s] -- Up-to-date symlink: /home/robogait/catkin_ws/install/pkg_navigation/share/pkg_navigation/rviz/rviz_config.rviz
[4.071s] -- Up-to-date symlink: /home/robogait/catkin_ws/install/pkg_navigation/share/pkg_navigation/rviz/rviz_config_map_server.rviz
[4.071s] -- Up-to-date symlink: /home/robogait/catkin_ws/install/pkg_navigation/share/pkg_navigation/rviz/rviz_config_nav2_teb.rviz
[4.071s] -- Up-to-date symlink: /home/robogait/catkin_ws/install/pkg_navigation/share/pkg_navigation/config/map_server_params.yaml
[4.071s] -- Up-to-date symlink: /home/robogait/catkin_ws/install/pkg_navigation/share/pkg_navigation/config/mapper_params_online_async.yaml
[4.071s] -- Up-to-date symlink: /home/robogait/catkin_ws/install/pkg_navigation/share/pkg_navigation/config/nav2.yaml
[4.071s] -- Up-to-date symlink: /home/robogait/catkin_ws/install/pkg_navigation/share/pkg_navigation/config/nav2_params.yaml
[4.071s] -- Up-to-date symlink: /home/robogait/catkin_ws/install/pkg_navigation/share/pkg_navigation/config/teb_params (copy).yaml
[4.072s] -- Up-to-date symlink: /home/robogait/catkin_ws/install/pkg_navigation/share/pkg_navigation/config/teb_params.yaml
[4.072s] -- Up-to-date symlink: /home/robogait/catkin_ws/install/pkg_navigation/share/pkg_navigation/maps/map.pgm
[4.072s] -- Up-to-date symlink: /home/robogait/catkin_ws/install/pkg_navigation/share/pkg_navigation/maps/map.yaml
[4.072s] -- Up-to-date symlink: /home/robogait/catkin_ws/install/pkg_navigation/share/pkg_navigation/maps/map_laboratory.pgm
[4.072s] -- Up-to-date symlink: /home/robogait/catkin_ws/install/pkg_navigation/share/pkg_navigation/maps/map_laboratory.yaml
[4.072s] -- Up-to-date symlink: /home/robogait/catkin_ws/install/pkg_navigation/share/ament_index/resource_index/package_run_dependencies/pkg_navigation
[4.072s] -- Up-to-date symlink: /home/robogait/catkin_ws/install/pkg_navigation/share/ament_index/resource_index/parent_prefix_path/pkg_navigation
[4.072s] -- Up-to-date symlink: /home/robogait/catkin_ws/install/pkg_navigation/share/pkg_navigation/environment/ament_prefix_path.sh
[4.073s] -- Up-to-date symlink: /home/robogait/catkin_ws/install/pkg_navigation/share/pkg_navigation/environment/ament_prefix_path.dsv
[4.073s] -- Up-to-date symlink: /home/robogait/catkin_ws/install/pkg_navigation/share/pkg_navigation/environment/path.sh
[4.073s] -- Up-to-date symlink: /home/robogait/catkin_ws/install/pkg_navigation/share/pkg_navigation/environment/path.dsv
[4.073s] -- Up-to-date symlink: /home/robogait/catkin_ws/install/pkg_navigation/share/pkg_navigation/local_setup.bash
[4.073s] -- Up-to-date symlink: /home/robogait/catkin_ws/install/pkg_navigation/share/pkg_navigation/local_setup.sh
[4.073s] -- Up-to-date symlink: /home/robogait/catkin_ws/install/pkg_navigation/share/pkg_navigation/local_setup.zsh
[4.073s] -- Up-to-date symlink: /home/robogait/catkin_ws/install/pkg_navigation/share/pkg_navigation/local_setup.dsv
[4.073s] -- Symlinking: /home/robogait/catkin_ws/install/pkg_navigation/share/pkg_navigation/package.dsv
[4.082s] -- Up-to-date symlink: /home/robogait/catkin_ws/install/pkg_navigation/share/ament_index/resource_index/packages/pkg_navigation
[4.082s] -- Up-to-date symlink: /home/robogait/catkin_ws/install/pkg_navigation/share/pkg_navigation/cmake/pkg_navigationConfig.cmake
[4.082s] -- Up-to-date symlink: /home/robogait/catkin_ws/install/pkg_navigation/share/pkg_navigation/cmake/pkg_navigationConfig-version.cmake
[4.082s] -- Up-to-date symlink: /home/robogait/catkin_ws/install/pkg_navigation/share/pkg_navigation/package.xml
[4.084s] Invoked command in '/home/robogait/catkin_ws/build/pkg_navigation' returned '0': CMAKE_PREFIX_PATH=${CMAKE_PREFIX_PATH}:/home/robogait/ros2_ws/install/nav2_project:/home/robogait/nav2_ws/install/nav2_gazebo_spawner:/home/robogait/ros2_serial/install/ourbotmanager:/opt/ros/foxy /usr/bin/cmake --install /home/robogait/catkin_ws/build/pkg_navigation
