[0.021s] Invoking command in '/home/robogait/azure_kinect_ws/build/kinect_azure_body_tracker': CMAKE_PREFIX_PATH=${CMAKE_PREFIX_PATH}:/home/robogait/nav2_ws/install/nav2_gazebo_spawner:/home/robogait/ros2_serial/install/ourbotmanager:/home/robogait/ros2_ws/install/nav2_project:/opt/ros/foxy /usr/bin/cmake --build /home/robogait/azure_kinect_ws/build/kinect_azure_body_tracker -- -j8 -l8
[0.076s] [35m[1mScanning dependencies of target kinect_azure_body_tracker_node_finite[0m
[0.104s] [ 33%] Built target kinect_azure_body_tracker_recording_node_simplified
[0.104s] [ 33%] Built target kinect_azure_body_tracker_node
[0.109s] [ 50%] Built target kinect_azure_body_tracker_node_full_processing
[0.118s] [ 66%] Built target kinect_azure_body_tracker_node_simplified
[0.118s] [ 83%] Built target kinect_azure_body_tracker_recording_node
[0.121s] [ 91%] [32mBuilding CXX object CMakeFiles/kinect_azure_body_tracker_node_finite.dir/src/kinectAzure_body_tracker_node_finite.cpp.o[0m
[1.020s] [01m[K/home/robogait/azure_kinect_ws/src/kinect_azure_body_tracker/src/kinectAzure_body_tracker_node_finite.cpp:[m[K In member function ‘[01m[Kvoid MinimalPublisher::close()[m[K’:
[1.020s] [01m[K/home/robogait/azure_kinect_ws/src/kinect_azure_body_tracker/src/kinectAzure_body_tracker_node_finite.cpp:279:21:[m[K [01;31m[Kerror: [m[K‘[01m[Kbody_index_map[m[K’ was not declared in this scope
[1.020s]   279 |   k4a_image_release([01;31m[Kbody_index_map[m[K);
[1.020s]       |                     [01;31m[K^~~~~~~~~~~~~~[m[K
[1.021s] [01m[K/home/robogait/azure_kinect_ws/src/kinect_azure_body_tracker/src/kinectAzure_body_tracker_node_finite.cpp:280:23:[m[K [01;31m[Kerror: [m[K‘[01m[Kbody_frame[m[K’ was not declared in this scope
[1.021s]   280 |   k4abt_frame_release([01;31m[Kbody_frame[m[K);
[1.021s]       |                       [01;31m[K^~~~~~~~~~[m[K
[1.577s] At global scope:
[1.577s] [01m[Kcc1plus:[m[K [01;35m[Kwarning: [m[Kunrecognized command line option ‘[01m[K-Wno-dev[m[K’
[1.584s] make[2]: *** [CMakeFiles/kinect_azure_body_tracker_node_finite.dir/build.make:63: CMakeFiles/kinect_azure_body_tracker_node_finite.dir/src/kinectAzure_body_tracker_node_finite.cpp.o] Error 1
[1.584s] make[1]: *** [CMakeFiles/Makefile2:223: CMakeFiles/kinect_azure_body_tracker_node_finite.dir/all] Error 2
[1.584s] make: *** [Makefile:141: all] Error 2
[1.585s] Invoked command in '/home/robogait/azure_kinect_ws/build/kinect_azure_body_tracker' returned '2': CMAKE_PREFIX_PATH=${CMAKE_PREFIX_PATH}:/home/robogait/nav2_ws/install/nav2_gazebo_spawner:/home/robogait/ros2_serial/install/ourbotmanager:/home/robogait/ros2_ws/install/nav2_project:/opt/ros/foxy /usr/bin/cmake --build /home/robogait/azure_kinect_ws/build/kinect_azure_body_tracker -- -j8 -l8
