[35m[1mScanning dependencies of target robot_controller[0m
[ 20%] Built target tf2_broadcaster
[ 40%] Built target publisher_initial_pose
[ 60%] [32mBuilding CXX object CMakeFiles/robot_controller.dir/src/robot_controller.cpp.o[0m
[ 70%] Built target robot_odom_tf2_listener
[ 90%] Built target publisher_subscriber
[01m[K/home/robogait/catkin_ws/src/pkg_navigation/src/robot_controller.cpp:[m[K In member function ‘[01m[Kvoid generic::lane_controller()[m[K’:
[01m[K/home/robogait/catkin_ws/src/pkg_navigation/src/robot_controller.cpp:75:69:[m[K [01;31m[Kerror: [m[Kno matching function for call to ‘[01m[Ktf2::Quaternion::Quaternion(geometry_msgs::msg::Pose_<std::allocator<void> >::_orientation_type&)[m[K’
   75 |        tf2::Quaternion q(path_local.poses[use_pose].pose.orientation[01;31m[K)[m[K;
      |                                                                     [01;31m[K^[m[K
In file included from [01m[K/home/robogait/catkin_ws/src/pkg_navigation/src/robot_controller.cpp:16[m[K:
[01m[K/opt/ros/foxy/include/tf2/LinearMath/Quaternion.h:46:2:[m[K [01;36m[Knote: [m[Kcandidate: ‘[01m[Ktf2::Quaternion::Quaternion(const tf2::Vector3&, const tf2Scalar&)[m[K’
   46 |  [01;36m[KQuaternion[m[K(const Vector3& axis, const tf2Scalar& angle)
      |  [01;36m[K^~~~~~~~~~[m[K
[01m[K/opt/ros/foxy/include/tf2/LinearMath/Quaternion.h:46:2:[m[K [01;36m[Knote: [m[K  candidate expects 2 arguments, 1 provided
[01m[K/opt/ros/foxy/include/tf2/LinearMath/Quaternion.h:39:2:[m[K [01;36m[Knote: [m[Kcandidate: ‘[01m[Ktf2::Quaternion::Quaternion(const tf2Scalar&, const tf2Scalar&, const tf2Scalar&, const tf2Scalar&)[m[K’
   39 |  [01;36m[KQuaternion[m[K(const tf2Scalar& x, const tf2Scalar& y, const tf2Scalar& z, const tf2Scalar& w)
      |  [01;36m[K^~~~~~~~~~[m[K
[01m[K/opt/ros/foxy/include/tf2/LinearMath/Quaternion.h:39:2:[m[K [01;36m[Knote: [m[K  candidate expects 4 arguments, 1 provided
[01m[K/opt/ros/foxy/include/tf2/LinearMath/Quaternion.h:33:2:[m[K [01;36m[Knote: [m[Kcandidate: ‘[01m[Ktf2::Quaternion::Quaternion()[m[K’
   33 |  [01;36m[KQuaternion[m[K() {}
      |  [01;36m[K^~~~~~~~~~[m[K
[01m[K/opt/ros/foxy/include/tf2/LinearMath/Quaternion.h:33:2:[m[K [01;36m[Knote: [m[K  candidate expects 0 arguments, 1 provided
[01m[K/opt/ros/foxy/include/tf2/LinearMath/Quaternion.h:29:7:[m[K [01;36m[Knote: [m[Kcandidate: ‘[01m[Kconstexpr tf2::Quaternion::Quaternion(const tf2::Quaternion&)[m[K’
   29 | class [01;36m[KQuaternion[m[K : public QuadWord {
      |       [01;36m[K^~~~~~~~~~[m[K
[01m[K/opt/ros/foxy/include/tf2/LinearMath/Quaternion.h:29:7:[m[K [01;36m[Knote: [m[K  no known conversion for argument 1 from ‘[01m[Kgeometry_msgs::msg::Pose_<std::allocator<void> >::_orientation_type[m[K’ {aka ‘[01m[Kgeometry_msgs::msg::Quaternion_<std::allocator<void> >[m[K’} to ‘[01m[Kconst tf2::Quaternion&[m[K’
[01m[K/opt/ros/foxy/include/tf2/LinearMath/Quaternion.h:29:7:[m[K [01;36m[Knote: [m[Kcandidate: ‘[01m[Kconstexpr tf2::Quaternion::Quaternion(tf2::Quaternion&&)[m[K’
[01m[K/opt/ros/foxy/include/tf2/LinearMath/Quaternion.h:29:7:[m[K [01;36m[Knote: [m[K  no known conversion for argument 1 from ‘[01m[Kgeometry_msgs::msg::Pose_<std::allocator<void> >::_orientation_type[m[K’ {aka ‘[01m[Kgeometry_msgs::msg::Quaternion_<std::allocator<void> >[m[K’} to ‘[01m[Ktf2::Quaternion&&[m[K’
make[2]: *** [CMakeFiles/robot_controller.dir/build.make:63: CMakeFiles/robot_controller.dir/src/robot_controller.cpp.o] Error 1
make[1]: *** [CMakeFiles/Makefile2:221: CMakeFiles/robot_controller.dir/all] Error 2
make: *** [Makefile:141: all] Error 2
