[0.013s] Invoking command in '/home/robogait/catkin_ws/build/pkg_navigation': CMAKE_PREFIX_PATH=${CMAKE_PREFIX_PATH}:/home/robogait/ros2_ws/install/nav2_project:/home/robogait/nav2_ws/install/nav2_gazebo_spawner:/home/robogait/ros2_serial/install/ourbotmanager:/opt/ros/foxy /usr/bin/cmake --build /home/robogait/catkin_ws/build/pkg_navigation -- -j8 -l8
[0.058s] [35m[1mScanning dependencies of target robot_controller[0m
[0.075s] [ 20%] Built target tf2_broadcaster
[0.075s] [ 40%] Built target publisher_initial_pose
[0.080s] [ 60%] [32mBuilding CXX object CMakeFiles/robot_controller.dir/src/robot_controller.cpp.o[0m
[0.080s] [ 70%] Built target robot_odom_tf2_listener
[0.081s] [ 90%] Built target publisher_subscriber
[0.920s] [01m[K/home/robogait/catkin_ws/src/pkg_navigation/src/robot_controller.cpp:[m[K In member function ‘[01m[Kvoid generic::lane_controller()[m[K’:
[0.920s] [01m[K/home/robogait/catkin_ws/src/pkg_navigation/src/robot_controller.cpp:75:69:[m[K [01;31m[Kerror: [m[Kno matching function for call to ‘[01m[Ktf2::Quaternion::Quaternion(geometry_msgs::msg::Pose_<std::allocator<void> >::_orientation_type&)[m[K’
[0.920s]    75 |        tf2::Quaternion q(path_local.poses[use_pose].pose.orientation[01;31m[K)[m[K;
[0.920s]       |                                                                     [01;31m[K^[m[K
[0.920s] In file included from [01m[K/home/robogait/catkin_ws/src/pkg_navigation/src/robot_controller.cpp:16[m[K:
[0.920s] [01m[K/opt/ros/foxy/include/tf2/LinearMath/Quaternion.h:46:2:[m[K [01;36m[Knote: [m[Kcandidate: ‘[01m[Ktf2::Quaternion::Quaternion(const tf2::Vector3&, const tf2Scalar&)[m[K’
[0.920s]    46 |  [01;36m[KQuaternion[m[K(const Vector3& axis, const tf2Scalar& angle)
[0.920s]       |  [01;36m[K^~~~~~~~~~[m[K
[0.920s] [01m[K/opt/ros/foxy/include/tf2/LinearMath/Quaternion.h:46:2:[m[K [01;36m[Knote: [m[K  candidate expects 2 arguments, 1 provided
[0.920s] [01m[K/opt/ros/foxy/include/tf2/LinearMath/Quaternion.h:39:2:[m[K [01;36m[Knote: [m[Kcandidate: ‘[01m[Ktf2::Quaternion::Quaternion(const tf2Scalar&, const tf2Scalar&, const tf2Scalar&, const tf2Scalar&)[m[K’
[0.920s]    39 |  [01;36m[KQuaternion[m[K(const tf2Scalar& x, const tf2Scalar& y, const tf2Scalar& z, const tf2Scalar& w)
[0.920s]       |  [01;36m[K^~~~~~~~~~[m[K
[0.920s] [01m[K/opt/ros/foxy/include/tf2/LinearMath/Quaternion.h:39:2:[m[K [01;36m[Knote: [m[K  candidate expects 4 arguments, 1 provided
[0.920s] [01m[K/opt/ros/foxy/include/tf2/LinearMath/Quaternion.h:33:2:[m[K [01;36m[Knote: [m[Kcandidate: ‘[01m[Ktf2::Quaternion::Quaternion()[m[K’
[0.920s]    33 |  [01;36m[KQuaternion[m[K() {}
[0.920s]       |  [01;36m[K^~~~~~~~~~[m[K
[0.920s] [01m[K/opt/ros/foxy/include/tf2/LinearMath/Quaternion.h:33:2:[m[K [01;36m[Knote: [m[K  candidate expects 0 arguments, 1 provided
[0.920s] [01m[K/opt/ros/foxy/include/tf2/LinearMath/Quaternion.h:29:7:[m[K [01;36m[Knote: [m[Kcandidate: ‘[01m[Kconstexpr tf2::Quaternion::Quaternion(const tf2::Quaternion&)[m[K’
[0.920s]    29 | class [01;36m[KQuaternion[m[K : public QuadWord {
[0.920s]       |       [01;36m[K^~~~~~~~~~[m[K
[0.920s] [01m[K/opt/ros/foxy/include/tf2/LinearMath/Quaternion.h:29:7:[m[K [01;36m[Knote: [m[K  no known conversion for argument 1 from ‘[01m[Kgeometry_msgs::msg::Pose_<std::allocator<void> >::_orientation_type[m[K’ {aka ‘[01m[Kgeometry_msgs::msg::Quaternion_<std::allocator<void> >[m[K’} to ‘[01m[Kconst tf2::Quaternion&[m[K’
[0.921s] [01m[K/opt/ros/foxy/include/tf2/LinearMath/Quaternion.h:29:7:[m[K [01;36m[Knote: [m[Kcandidate: ‘[01m[Kconstexpr tf2::Quaternion::Quaternion(tf2::Quaternion&&)[m[K’
[0.921s] [01m[K/opt/ros/foxy/include/tf2/LinearMath/Quaternion.h:29:7:[m[K [01;36m[Knote: [m[K  no known conversion for argument 1 from ‘[01m[Kgeometry_msgs::msg::Pose_<std::allocator<void> >::_orientation_type[m[K’ {aka ‘[01m[Kgeometry_msgs::msg::Quaternion_<std::allocator<void> >[m[K’} to ‘[01m[Ktf2::Quaternion&&[m[K’
[2.269s] make[2]: *** [CMakeFiles/robot_controller.dir/build.make:63: CMakeFiles/robot_controller.dir/src/robot_controller.cpp.o] Error 1
[2.269s] make[1]: *** [CMakeFiles/Makefile2:221: CMakeFiles/robot_controller.dir/all] Error 2
[2.269s] make: *** [Makefile:141: all] Error 2
[2.272s] Invoked command in '/home/robogait/catkin_ws/build/pkg_navigation' returned '2': CMAKE_PREFIX_PATH=${CMAKE_PREFIX_PATH}:/home/robogait/ros2_ws/install/nav2_project:/home/robogait/nav2_ws/install/nav2_gazebo_spawner:/home/robogait/ros2_serial/install/ourbotmanager:/opt/ros/foxy /usr/bin/cmake --build /home/robogait/catkin_ws/build/pkg_navigation -- -j8 -l8
