[0.015s] Invoking command in '/home/robogait/azure_kinect_ws/build/body_tracker_msgs': CMAKE_PREFIX_PATH=${CMAKE_PREFIX_PATH}:/home/robogait/ros2_serial/install/ourbotmanager:/opt/ros/foxy /usr/bin/cmake --build /home/robogait/azure_kinect_ws/build/body_tracker_msgs -- -j8 -l8
[0.032s] -- Found ament_cmake: 0.9.9 (/opt/ros/foxy/share/ament_cmake/cmake)
[0.046s] -- Found PythonInterp: /usr/bin/python3 (found suitable version "3.8.10", minimum required is "3") 
[0.046s] -- Using PYTHON_EXECUTABLE: /usr/bin/python3
[0.150s] -- Found rclcpp: 2.4.1 (/opt/ros/foxy/share/rclcpp/cmake)
[0.170s] -- Using all available rosidl_typesupport_c: rosidl_typesupport_fastrtps_c;rosidl_typesupport_introspection_c
[0.171s] -- Found rosidl_adapter: 1.2.1 (/opt/ros/foxy/share/rosidl_adapter/cmake)
[0.244s] -- Using all available rosidl_typesupport_cpp: rosidl_typesupport_fastrtps_cpp;rosidl_typesupport_introspection_cpp
[0.272s] -- Found rmw_implementation_cmake: 1.0.3 (/opt/ros/foxy/share/rmw_implementation_cmake/cmake)
[0.273s] -- Using RMW implementation 'rmw_fastrtps_cpp' as default
[0.357s] -- Found geometry_msgs: 2.0.5 (/opt/ros/foxy/share/geometry_msgs/cmake)
[0.389s] -- Found PythonInterp: /usr/bin/python3 (found version "3.8.10") 
[0.498s] -- Found ament_cmake_ros: 0.9.2 (/opt/ros/foxy/share/ament_cmake_ros/cmake)
[0.635s] -- Using all available rosidl_typesupport_c: rosidl_typesupport_fastrtps_c;rosidl_typesupport_introspection_c
[0.697s] -- Using all available rosidl_typesupport_cpp: rosidl_typesupport_fastrtps_cpp;rosidl_typesupport_introspection_cpp
[0.699s] -- Found ament_lint_auto: 0.9.6 (/opt/ros/foxy/share/ament_lint_auto/cmake)
[0.704s] -- Added test 'copyright' to check source files copyright and LICENSE
[0.705s] -- Added test 'lint_cmake' to check CMake code style
[0.706s] -- Added test 'xmllint' to check XML markup files
[0.708s] -- Configuring done
[0.726s] -- Generating done
[0.728s] -- Build files have been written to: /home/robogait/azure_kinect_ws/build/body_tracker_msgs
[0.751s] [  3%] Built target body_tracker_msgs__cpp
[0.751s] [ 17%] Built target body_tracker_msgs__rosidl_generator_c
[0.766s] [ 31%] Built target body_tracker_msgs__rosidl_typesupport_introspection_cpp
[0.766s] [ 44%] Built target body_tracker_msgs__rosidl_typesupport_c
[0.767s] [ 58%] Built target body_tracker_msgs__rosidl_typesupport_cpp
[0.767s] [ 72%] Built target body_tracker_msgs__rosidl_typesupport_introspection_c
[0.770s] [ 86%] Built target body_tracker_msgs__rosidl_typesupport_fastrtps_cpp
[0.787s] [100%] Built target body_tracker_msgs__rosidl_typesupport_fastrtps_c
[0.800s] [100%] Built target body_tracker_msgs
