[0.015s] Invoking command in '/home/robogait/catkin_ws/build/pkg_navigation': CMAKE_PREFIX_PATH=${CMAKE_PREFIX_PATH}:/home/robogait/nav2_ws/install/nav2_gazebo_spawner:/home/robogait/ros2_serial/install/ourbotmanager:/home/robogait/ros2_ws/install/nav2_project:/opt/ros/foxy /bin/cmake --build /home/robogait/catkin_ws/build/pkg_navigation -- -j8 -l8
[0.099s] [35m[1mScanning dependencies of target robot_controller_position[0m
[0.124s] [ 22%] Built target tf2_broadcaster
[0.125s] [ 22%] Built target publisher_initial_pose
[0.130s] [ 33%] Built target robot_odom_tf2_listener
[0.130s] [ 44%] Built target robot_controller
[0.131s] [ 55%] Built target publisher_subscriber
[0.131s] [ 66%] Built target tf2_broadcaster_person
[0.133s] [ 77%] Built target person_odom_tf2_listener
[0.137s] [ 83%] [32mBuilding CXX object CMakeFiles/robot_controller_position.dir/src/robot_controller_position.cpp.o[0m
[0.158s] [ 94%] Built target robot_controller_straight
[1.049s] [01m[K/home/robogait/catkin_ws/src/pkg_navigation/src/robot_controller_position.cpp:[m[K In constructor ‘[01m[Kgeneric::generic()[m[K’:
[1.049s] [01m[K/home/robogait/catkin_ws/src/pkg_navigation/src/robot_controller_position.cpp:56:3:[m[K [01;31m[Kerror: [m[K‘[01m[Ksubscription_keyboard[m[K’ was not declared in this scope; did you mean ‘[01m[Ksubscription_robot_odom[m[K’?
[1.049s]    56 |   [01;31m[Ksubscription_keyboard[m[K= this->create_subscription<geometry_msgs::msg::Twist>("keyboard_cmd_vel",10, std::bind(&generic::callback_keyboard, this, _1));
[1.049s]       |   [01;31m[K^~~~~~~~~~~~~~~~~~~~~[m[K
[1.049s]       |   [32m[Ksubscription_robot_odom[m[K
[2.857s] make[2]: *** [CMakeFiles/robot_controller_position.dir/build.make:63: CMakeFiles/robot_controller_position.dir/src/robot_controller_position.cpp.o] Error 1
[2.857s] make[1]: *** [CMakeFiles/Makefile2:310: CMakeFiles/robot_controller_position.dir/all] Error 2
[2.857s] make: *** [Makefile:141: all] Error 2
[2.859s] Invoked command in '/home/robogait/catkin_ws/build/pkg_navigation' returned '2': CMAKE_PREFIX_PATH=${CMAKE_PREFIX_PATH}:/home/robogait/nav2_ws/install/nav2_gazebo_spawner:/home/robogait/ros2_serial/install/ourbotmanager:/home/robogait/ros2_ws/install/nav2_project:/opt/ros/foxy /bin/cmake --build /home/robogait/catkin_ws/build/pkg_navigation -- -j8 -l8
