[0.011s] Invoking command in '/home/robogait/azure_kinect_ws/build/body_tracking': CMAKE_PREFIX_PATH=${CMAKE_PREFIX_PATH}:/home/robogait/ros2_serial/install/ourbotmanager:/opt/ros/foxy /usr/bin/cmake --build /home/robogait/azure_kinect_ws/build/body_tracking -- -j8 -l8
[0.043s] [35m[1mScanning dependencies of target prueba_talker[0m
[0.047s] [  5%] Built target body_tracking_node
[0.047s] [  7%] Built target body_tracking__cpp
[0.051s] [ 15%] Built target body_tracking__rosidl_generator_c
[0.052s] [ 17%] [32m[1mLinking CXX executable talker[0m
[0.054s] [ 20%] [32m[1mLinking CXX executable listener[0m
[0.068s] [ 35%] Built target body_tracking__rosidl_typesupport_cpp
[0.068s] [ 35%] Built target body_tracking__rosidl_typesupport_introspection_cpp
[0.068s] [ 43%] Built target body_tracking__rosidl_typesupport_introspection_c
[0.069s] [ 53%] [32mBuilding CXX object CMakeFiles/prueba_talker.dir/src/main.cpp.o[0m
[0.069s] [ 53%] Built target body_tracking__rosidl_typesupport_c
[0.072s] [ 61%] Built target body_tracking__rosidl_typesupport_fastrtps_cpp
[0.091s] [ 69%] Built target body_tracking__rosidl_typesupport_fastrtps_c
[0.107s] [ 69%] Built target body_tracking
[0.128s] [ 71%] Built target body_tracking__py
[0.150s] [01m[K/home/robogait/azure_kinect_ws/src/body_tracking/src/main.cpp:17:10:[m[K [01;31m[Kfatal error: [m[Kbody_tracking/msg/hipCoordinates.hpp: No such file or directory
[0.150s]    17 | #include [01;31m[K"body_tracking/msg/hipCoordinates.hpp"[m[K
[0.150s]       |          [01;31m[K^~~~~~~~~~~~~~~~~~~~~~~~~~~~~~~~~~~~~~[m[K
[0.150s] compilation terminated.
[0.150s] [ 76%] Built target body_tracking__python
[0.152s] make[2]: *** [CMakeFiles/prueba_talker.dir/build.make:63: CMakeFiles/prueba_talker.dir/src/main.cpp.o] Error 1
[0.152s] make[1]: *** [CMakeFiles/Makefile2:325: CMakeFiles/prueba_talker.dir/all] Error 2
[0.152s] make[1]: *** Waiting for unfinished jobs....
[0.171s] [ 82%] Built target body_tracking__rosidl_typesupport_fastrtps_c__pyext
[0.172s] [ 87%] Built target body_tracking__rosidl_typesupport_c__pyext
[0.172s] [ 92%] Built target body_tracking__rosidl_typesupport_introspection_c__pyext
[0.184s] [ 94%] Built target talker
[0.229s] [ 97%] Built target listener
[0.230s] make: *** [Makefile:141: all] Error 2
[0.232s] Invoked command in '/home/robogait/azure_kinect_ws/build/body_tracking' returned '2': CMAKE_PREFIX_PATH=${CMAKE_PREFIX_PATH}:/home/robogait/ros2_serial/install/ourbotmanager:/opt/ros/foxy /usr/bin/cmake --build /home/robogait/azure_kinect_ws/build/body_tracking -- -j8 -l8
