[0.011s] Invoking command in '/home/robogait/azure_kinect_ws/build/body_tracking': CMAKE_PREFIX_PATH=${CMAKE_PREFIX_PATH}:/home/robogait/ros2_serial/install/ourbotmanager:/opt/ros/foxy /usr/bin/cmake --build /home/robogait/azure_kinect_ws/build/body_tracking -- -j8 -l8
[0.038s] [35m[1mScanning dependencies of target body_tracking_recording_node[0m
[0.053s] [ 50%] Built target body_tracking_node
[0.058s] [ 75%] [32mBuilding CXX object CMakeFiles/body_tracking_recording_node.dir/src/kinectAzure_body_tracker_node_plus_recording.cpp.o[0m
[0.803s] [01m[K/home/robogait/azure_kinect_ws/src/body_tracking/src/kinectAzure_body_tracker_node_plus_recording.cpp:357:2:[m[K [01;31m[Kerror: [m[K‘[01m[KTime[m[K’ does not name a type; did you mean ‘[01m[Ktime[m[K’?
[0.804s]   357 |  [01;31m[KTime[m[K t_inicial, t_muestra;
[0.804s]       |  [01;31m[K^~~~[m[K
[0.804s]       |  [32m[Ktime[m[K
[0.807s] [01m[K/home/robogait/azure_kinect_ws/src/body_tracking/src/kinectAzure_body_tracker_node_plus_recording.cpp:[m[K In member function ‘[01m[Kvoid MinimalPublisher::body_tracking()[m[K’:
[0.807s] [01m[K/home/robogait/azure_kinect_ws/src/body_tracking/src/kinectAzure_body_tracker_node_plus_recording.cpp:84:11:[m[K [01;31m[Kerror: [m[K‘[01m[Kt_muestra[m[K’ was not declared in this scope
[0.807s]    84 |           [01;31m[Kt_muestra[m[K = clock.now();
[0.807s]       |           [01;31m[K^~~~~~~~~[m[K
[0.815s] [01m[K/home/robogait/azure_kinect_ws/src/body_tracking/src/kinectAzure_body_tracker_node_plus_recording.cpp:[m[K In member function ‘[01m[Kvoid MinimalPublisher::Init()[m[K’:
[0.815s] [01m[K/home/robogait/azure_kinect_ws/src/body_tracking/src/kinectAzure_body_tracker_node_plus_recording.cpp:304:3:[m[K [01;31m[Kerror: [m[K‘[01m[Kt_inicial[m[K’ was not declared in this scope
[0.815s]   304 |   [01;31m[Kt_inicial[m[K = clock.now();
[0.815s]       |   [01;31m[K^~~~~~~~~[m[K
[1.327s] At global scope:
[1.327s] [01m[Kcc1plus:[m[K [01;35m[Kwarning: [m[Kunrecognized command line option ‘[01m[K-Wno-dev[m[K’
[1.334s] make[2]: *** [CMakeFiles/body_tracking_recording_node.dir/build.make:63: CMakeFiles/body_tracking_recording_node.dir/src/kinectAzure_body_tracker_node_plus_recording.cpp.o] Error 1
[1.334s] make[1]: *** [CMakeFiles/Makefile2:80: CMakeFiles/body_tracking_recording_node.dir/all] Error 2
[1.334s] make: *** [Makefile:141: all] Error 2
[1.337s] Invoked command in '/home/robogait/azure_kinect_ws/build/body_tracking' returned '2': CMAKE_PREFIX_PATH=${CMAKE_PREFIX_PATH}:/home/robogait/ros2_serial/install/ourbotmanager:/opt/ros/foxy /usr/bin/cmake --build /home/robogait/azure_kinect_ws/build/body_tracking -- -j8 -l8
