[35m[1mScanning dependencies of target prueba_talker[0m
[  5%] Built target body_tracking_node
[ 10%] Built target body_tracking__cpp
[ 15%] Built target body_tracking__rosidl_generator_c
[ 17%] [32mBuilding CXX object CMakeFiles/prueba_talker.dir/src/main.cpp.o[0m
[ 23%] Built target talker
[ 28%] Built target listener
[ 35%] Built target body_tracking__rosidl_typesupport_cpp
[ 43%] Built target body_tracking__rosidl_typesupport_introspection_cpp
[ 51%] Built target body_tracking__rosidl_typesupport_introspection_c
[ 58%] Built target body_tracking__rosidl_typesupport_fastrtps_cpp
[ 66%] Built target body_tracking__rosidl_typesupport_c
[ 74%] Built target body_tracking__rosidl_typesupport_fastrtps_c
[ 74%] Built target body_tracking
[ 76%] Built target body_tracking__py
[ 79%] [32m[1mLinking C shared library rosidl_generator_py/body_tracking/libbody_tracking__python.so[0m
[ 82%] Built target body_tracking__python
[35m[1mScanning dependencies of target body_tracking__rosidl_typesupport_fastrtps_c__pyext[0m
[ 84%] [32mBuilding C object CMakeFiles/body_tracking__rosidl_typesupport_fastrtps_c__pyext.dir/rosidl_generator_py/body_tracking/_body_tracking_s.ep.rosidl_typesupport_fastrtps_c.c.o[0m
[ 87%] [32m[1mLinking C shared library rosidl_generator_py/body_tracking/body_tracking_s__rosidl_typesupport_c.cpython-38-x86_64-linux-gnu.so[0m
[ 89%] [32m[1mLinking C shared library rosidl_generator_py/body_tracking/body_tracking_s__rosidl_typesupport_introspection_c.cpython-38-x86_64-linux-gnu.so[0m
[ 94%] Built target body_tracking__rosidl_typesupport_c__pyext
[ 94%] Built target body_tracking__rosidl_typesupport_introspection_c__pyext
[ 97%] [32m[1mLinking CXX shared library rosidl_generator_py/body_tracking/body_tracking_s__rosidl_typesupport_fastrtps_c.cpython-38-x86_64-linux-gnu.so[0m
[100%] [32m[1mLinking CXX executable prueba_talker[0m
[100%] Built target body_tracking__rosidl_typesupport_fastrtps_c__pyext
/usr/bin/ld: CMakeFiles/prueba_talker.dir/src/main.cpp.o: in function `print_body_index_map_middle_line(_k4a_image_t*)':
main.cpp:(.text+0x12a): undefined reference to `k4a_image_get_buffer'
/usr/bin/ld: main.cpp:(.text+0x13a): undefined reference to `k4a_image_get_stride_bytes'
/usr/bin/ld: main.cpp:(.text+0x148): undefined reference to `k4a_image_get_width_pixels'
/usr/bin/ld: main.cpp:(.text+0x177): undefined reference to `k4a_image_get_height_pixels'
/usr/bin/ld: main.cpp:(.text+0x18f): undefined reference to `k4a_image_get_width_pixels'
/usr/bin/ld: main.cpp:(.text+0x1c2): undefined reference to `k4a_image_get_width_pixels'
/usr/bin/ld: CMakeFiles/prueba_talker.dir/src/main.cpp.o: in function `main':
main.cpp:(.text+0x27f): undefined reference to `k4a_device_get_installed_count'
/usr/bin/ld: main.cpp:(.text+0x2b2): undefined reference to `k4a_device_open'
/usr/bin/ld: main.cpp:(.text+0x2ea): undefined reference to `k4a_device_start_cameras'
/usr/bin/ld: main.cpp:(.text+0x32d): undefined reference to `k4a_device_get_calibration'
/usr/bin/ld: main.cpp:(.text+0x3c5): undefined reference to `k4abt_tracker_create'
/usr/bin/ld: main.cpp:(.text+0x430): undefined reference to `k4a_device_get_capture'
/usr/bin/ld: main.cpp:(.text+0x48d): undefined reference to `k4abt_tracker_enqueue_capture'
/usr/bin/ld: main.cpp:(.text+0x4a2): undefined reference to `k4a_capture_release'
/usr/bin/ld: main.cpp:(.text+0x4ff): undefined reference to `k4abt_tracker_pop_result'
/usr/bin/ld: main.cpp:(.text+0x590): undefined reference to `k4abt_frame_get_num_bodies'
/usr/bin/ld: main.cpp:(.text+0x5f9): undefined reference to `k4abt_frame_get_body_skeleton'
/usr/bin/ld: main.cpp:(.text+0x62f): undefined reference to `k4abt_frame_get_body_id'
/usr/bin/ld: main.cpp:(.text+0x694): undefined reference to `k4abt_frame_get_body_index_map'
/usr/bin/ld: main.cpp:(.text+0x6c3): undefined reference to `k4a_image_release'
/usr/bin/ld: main.cpp:(.text+0x6e0): undefined reference to `k4abt_frame_release'
/usr/bin/ld: main.cpp:(.text+0x7e0): undefined reference to `k4abt_tracker_shutdown'
/usr/bin/ld: main.cpp:(.text+0x7ef): undefined reference to `k4abt_tracker_destroy'
/usr/bin/ld: main.cpp:(.text+0x7fe): undefined reference to `k4a_device_stop_cameras'
/usr/bin/ld: main.cpp:(.text+0x80d): undefined reference to `k4a_device_close'
collect2: error: ld returned 1 exit status
make[2]: *** [CMakeFiles/prueba_talker.dir/build.make:84: prueba_talker] Error 1
make[1]: *** [CMakeFiles/Makefile2:325: CMakeFiles/prueba_talker.dir/all] Error 2
make: *** [Makefile:141: all] Error 2
