[35m[1mScanning dependencies of target kinect_azure_body_tracker_node_simplified[0m
[ 33%] Built target kinect_azure_body_tracker_node
[ 50%] [32mBuilding CXX object CMakeFiles/kinect_azure_body_tracker_node_simplified.dir/src/kinectAzure_body_tracker_node_simplified.cpp.o[0m
[ 83%] Built target kinect_azure_body_tracker_recording_node
[01m[K/home/robogait/azure_kinect_ws/src/kinect_azure_body_tracker/src/kinectAzure_body_tracker_node_simplified.cpp:[m[K In member function ‘[01m[Kvoid MinimalPublisher::body_tracking()[m[K’:
[01m[K/home/robogait/azure_kinect_ws/src/kinect_azure_body_tracker/src/kinectAzure_body_tracker_node_simplified.cpp:136:15:[m[K [01;31m[Kerror: [m[Kexpected primary-expression before ‘[01m[K;[m[K’ token
  136 |   fs = t1 - t0[01;31m[K;[m[K
      |               [01;31m[K^[m[K
[01m[K/home/robogait/azure_kinect_ws/src/kinect_azure_body_tracker/src/kinectAzure_body_tracker_node_simplified.cpp:137:23:[m[K [01;31m[Kerror: [m[Kcannot convert ‘[01m[KMinimalPublisher::fsec[m[K’ {aka ‘[01m[Kstd::chrono::duration<float>[m[K’} to ‘[01m[Kbody_tracker_msgs::msg::SpineBottom_<std::allocator<void> >::_tiempo_type[m[K’ {aka ‘[01m[Kdouble[m[K’} in assignment
  137 |   pelvis_data.tiempo= [01;31m[Kfs[m[K;
      |                       [01;31m[K^~[m[K
      |                       [01;31m[K|[m[K
      |                       [01;31m[KMinimalPublisher::fsec {aka std::chrono::duration<float>}[m[K
[01m[K/home/robogait/azure_kinect_ws/src/kinect_azure_body_tracker/src/kinectAzure_body_tracker_node_simplified.cpp:[m[K In member function ‘[01m[Kvoid MinimalPublisher::Init()[m[K’:
[01m[K/home/robogait/azure_kinect_ws/src/kinect_azure_body_tracker/src/kinectAzure_body_tracker_node_simplified.cpp:153:6:[m[K [01;31m[Kerror: [m[Kexpected unqualified-id before ‘[01m[K=[m[K’ token
  153 |   t0 [01;31m[K=[m[K Time::now();
      |      [01;31m[K^[m[K
At global scope:
[01m[Kcc1plus:[m[K [01;35m[Kwarning: [m[Kunrecognized command line option ‘[01m[K-Wno-dev[m[K’
make[2]: *** [CMakeFiles/kinect_azure_body_tracker_node_simplified.dir/build.make:63: CMakeFiles/kinect_azure_body_tracker_node_simplified.dir/src/kinectAzure_body_tracker_node_simplified.cpp.o] Error 1
make[1]: *** [CMakeFiles/Makefile2:82: CMakeFiles/kinect_azure_body_tracker_node_simplified.dir/all] Error 2
make: *** [Makefile:141: all] Error 2
