[0.009s] Invoking command in '/home/robogait/azure_kinect_ws/build/body_tracking': CMAKE_PREFIX_PATH=${CMAKE_PREFIX_PATH}:/home/robogait/ros2_serial/install/ourbotmanager:/opt/ros/foxy /usr/bin/cmake --build /home/robogait/azure_kinect_ws/build/body_tracking -- -j8 -l8
[0.040s] [35m[1mScanning dependencies of target body_tracking_node[0m
[0.047s] [  2%] Built target body_tracking__cpp
[0.047s] [ 12%] Built target body_tracking__rosidl_generator_c
[0.059s] [ 14%] [32mBuilding CXX object CMakeFiles/body_tracking_node.dir/src/kinectAzure_body_tracker_node.cpp.o[0m
[0.064s] [ 24%] Built target body_tracking__rosidl_typesupport_introspection_c
[0.065s] [ 34%] Built target body_tracking__rosidl_typesupport_cpp
[0.065s] [ 53%] Built target body_tracking__rosidl_typesupport_introspection_cpp
[0.065s] [ 53%] Built target body_tracking__rosidl_typesupport_c
[0.069s] [ 63%] Built target body_tracking__rosidl_typesupport_fastrtps_cpp
[0.087s] [ 73%] Built target body_tracking__rosidl_typesupport_fastrtps_c
[0.100s] [ 73%] Built target body_tracking
[0.116s] [ 75%] Built target body_tracking__py
[0.134s] [ 82%] Built target body_tracking__python
[0.152s] [ 97%] Built target body_tracking__rosidl_typesupport_c__pyext
[0.152s] [ 97%] Built target body_tracking__rosidl_typesupport_fastrtps_c__pyext
[0.152s] [ 97%] Built target body_tracking__rosidl_typesupport_introspection_c__pyext
[0.803s] [01m[K/home/robogait/azure_kinect_ws/src/body_tracking/src/kinectAzure_body_tracker_node.cpp:[m[K In member function ‘[01m[Kvoid MinimalPublisher::body_tracking()[m[K’:
[0.803s] [01m[K/home/robogait/azure_kinect_ws/src/body_tracking/src/kinectAzure_body_tracker_node.cpp:81:48:[m[K [01;31m[Kerror: [m[Kexpected primary-expression before ‘[01m[K;[m[K’ token
[0.803s]    81 |           t_muestra = std::chrono::system_clock[01;31m[K;[m[K
[0.803s]       |                                                [01;31m[K^[m[K
[0.803s] [01m[K/home/robogait/azure_kinect_ws/src/body_tracking/src/kinectAzure_body_tracker_node.cpp:143:36:[m[K [01;31m[Kerror: [m[Kno match for ‘[01m[Koperator-[m[K’ (operand types are ‘[01m[Krclcpp::Clock[m[K’ and ‘[01m[Krclcpp::Clock[m[K’)
[0.804s]   143 |   skeleton_data.tiempo = [32m[Kt_muestra[m[K [01;31m[K-[m[K [34m[Kt_inicial[m[K;
[0.804s]       |                          [32m[K~~~~~~~~~[m[K [01;31m[K^[m[K [34m[K~~~~~~~~~[m[K
[0.804s]       |                          [32m[K|[m[K           [34m[K|[m[K
[0.804s]       |                          [32m[K|[m[K           [34m[Krclcpp::Clock[m[K
[0.804s]       |                          [32m[Krclcpp::Clock[m[K
[0.809s] [01m[K/home/robogait/azure_kinect_ws/src/body_tracking/src/kinectAzure_body_tracker_node.cpp:[m[K In member function ‘[01m[Kvoid MinimalPublisher::Init()[m[K’:
[0.809s] [01m[K/home/robogait/azure_kinect_ws/src/body_tracking/src/kinectAzure_body_tracker_node.cpp:299:40:[m[K [01;31m[Kerror: [m[Kexpected primary-expression before ‘[01m[K;[m[K’ token
[0.809s]   299 |   t_inicial = std::chrono::system_clock[01;31m[K;[m[K
[0.809s]       |                                        [01;31m[K^[m[K
[1.328s] At global scope:
[1.328s] [01m[Kcc1plus:[m[K [01;35m[Kwarning: [m[Kunrecognized command line option ‘[01m[K-Wno-dev[m[K’
[1.339s] make[2]: *** [CMakeFiles/body_tracking_node.dir/build.make:63: CMakeFiles/body_tracking_node.dir/src/kinectAzure_body_tracker_node.cpp.o] Error 1
[1.339s] make[1]: *** [CMakeFiles/Makefile2:208: CMakeFiles/body_tracking_node.dir/all] Error 2
[1.339s] make: *** [Makefile:141: all] Error 2
[1.341s] Invoked command in '/home/robogait/azure_kinect_ws/build/body_tracking' returned '2': CMAKE_PREFIX_PATH=${CMAKE_PREFIX_PATH}:/home/robogait/ros2_serial/install/ourbotmanager:/opt/ros/foxy /usr/bin/cmake --build /home/robogait/azure_kinect_ws/build/body_tracking -- -j8 -l8
