[0.010s] Invoking command in '/home/robogait/azure_kinect_ws/build/body_tracking': CMAKE_PREFIX_PATH=${CMAKE_PREFIX_PATH}:/home/robogait/ros2_serial/install/ourbotmanager:/opt/ros/foxy /usr/bin/cmake --build /home/robogait/azure_kinect_ws/build/body_tracking -- -j8 -l8
[0.028s] -- Found ament_cmake: 0.9.9 (/opt/ros/foxy/share/ament_cmake/cmake)
[0.043s] -- Found PythonInterp: /usr/bin/python3 (found suitable version "3.8.10", minimum required is "3") 
[0.043s] -- Using PYTHON_EXECUTABLE: /usr/bin/python3
[0.147s] -- Found rclcpp: 2.4.1 (/opt/ros/foxy/share/rclcpp/cmake)
[0.166s] -- Using all available rosidl_typesupport_c: rosidl_typesupport_fastrtps_c;rosidl_typesupport_introspection_c
[0.168s] -- Found rosidl_adapter: 1.2.1 (/opt/ros/foxy/share/rosidl_adapter/cmake)
[0.239s] -- Using all available rosidl_typesupport_cpp: rosidl_typesupport_fastrtps_cpp;rosidl_typesupport_introspection_cpp
[0.267s] -- Found rmw_implementation_cmake: 1.0.3 (/opt/ros/foxy/share/rmw_implementation_cmake/cmake)
[0.268s] -- Using RMW implementation 'rmw_fastrtps_cpp' as default
[0.351s] -- Found body_tracking: 0.0.0 (/home/robogait/azure_kinect_ws/install/body_tracking/share/body_tracking/cmake)
[0.355s] -- Found rosidl_default_generators: 1.0.1 (/opt/ros/foxy/share/rosidl_default_generators/cmake)
[0.377s] -- Found PythonInterp: /usr/bin/python3 (found version "3.8.10") 
[0.446s] -- Found ament_cmake_ros: 0.9.2 (/opt/ros/foxy/share/ament_cmake_ros/cmake)
[0.504s] -- Using all available rosidl_typesupport_c: rosidl_typesupport_fastrtps_c;rosidl_typesupport_introspection_c
[0.508s] -- Using all available rosidl_typesupport_cpp: rosidl_typesupport_fastrtps_cpp;rosidl_typesupport_introspection_cpp
[0.522s] -- Found PythonInterp: /usr/bin/python3 (found suitable version "3.8.10", minimum required is "3.5") 
[0.522s] -- Found python_cmake_module: 0.8.1 (/opt/ros/foxy/share/python_cmake_module/cmake)
[0.537s] -- Using PYTHON_EXECUTABLE: /usr/bin/python3
[0.538s] -- Using PYTHON_INCLUDE_DIRS: /usr/include/python3.8
[0.538s] -- Using PYTHON_LIBRARIES: /usr/lib/x86_64-linux-gnu/libpython3.8.so
[0.547s] -- Found ament_lint_auto: 0.9.6 (/opt/ros/foxy/share/ament_lint_auto/cmake)
[0.553s] -- Added test 'copyright' to check source files copyright and LICENSE
[0.553s] -- Added test 'cppcheck' to perform static code analysis on C / C++ code
[0.554s] -- Configured cppcheck include dirs: 
[0.554s] -- Configured cppcheck exclude dirs and/or files: 
[0.555s] -- Added test 'cpplint' to check C / C++ code against the Google style
[0.555s] -- Configured cpplint exclude dirs and/or files: 
[0.555s] -- Added test 'lint_cmake' to check CMake code style
[0.556s] -- Added test 'uncrustify' to check C / C++ code style
[0.556s] -- Configured uncrustify additional arguments: 
[0.556s] -- Added test 'xmllint' to check XML markup files
[0.558s] -- Configuring done
[0.559s] CMake Error at CMakeLists.txt:54 (add_executable):
[0.559s]   Cannot find source file:
[0.559s] 
[0.559s]     src/kinectAzure_body_tracker_node.cpp.cpp
[0.559s] 
[0.559s]   Tried extensions .c .C .c++ .cc .cpp .cxx .cu .m .M .mm .h .hh .h++ .hm
[0.559s]   .hpp .hxx .in .txx
[0.559s] 
[0.559s] 
[0.560s] CMake Error at CMakeLists.txt:54 (add_executable):
[0.560s]   No SOURCES given to target: prueba_talker
[0.560s] 
[0.560s] 
[0.560s] CMake Generate step failed.  Build files cannot be regenerated correctly.
[0.565s] make: *** [Makefile:924: cmake_check_build_system] Error 1
[0.567s] Invoked command in '/home/robogait/azure_kinect_ws/build/body_tracking' returned '2': CMAKE_PREFIX_PATH=${CMAKE_PREFIX_PATH}:/home/robogait/ros2_serial/install/ourbotmanager:/opt/ros/foxy /usr/bin/cmake --build /home/robogait/azure_kinect_ws/build/body_tracking -- -j8 -l8
