[0.010s] Invoking command in '/home/robogait/azure_kinect_ws/build/body_tracking': CMAKE_PREFIX_PATH=${CMAKE_PREFIX_PATH}:/home/robogait/ros2_serial/install/ourbotmanager:/opt/ros/foxy /usr/bin/cmake --build /home/robogait/azure_kinect_ws/build/body_tracking -- -j8 -l8
[0.028s] -- Found ament_cmake: 0.9.9 (/opt/ros/foxy/share/ament_cmake/cmake)
[0.042s] -- Found PythonInterp: /usr/bin/python3 (found suitable version "3.8.10", minimum required is "3") 
[0.042s] -- Using PYTHON_EXECUTABLE: /usr/bin/python3
[0.143s] -- Found rclcpp: 2.4.1 (/opt/ros/foxy/share/rclcpp/cmake)
[0.162s] -- Using all available rosidl_typesupport_c: rosidl_typesupport_fastrtps_c;rosidl_typesupport_introspection_c
[0.164s] -- Found rosidl_adapter: 1.2.1 (/opt/ros/foxy/share/rosidl_adapter/cmake)
[0.235s] -- Using all available rosidl_typesupport_cpp: rosidl_typesupport_fastrtps_cpp;rosidl_typesupport_introspection_cpp
[0.263s] -- Found rmw_implementation_cmake: 1.0.3 (/opt/ros/foxy/share/rmw_implementation_cmake/cmake)
[0.264s] -- Using RMW implementation 'rmw_fastrtps_cpp' as default
[0.346s] -- Found body_tracking: 0.0.0 (/home/robogait/azure_kinect_ws/install/body_tracking/share/body_tracking/cmake)
[0.349s] -- Found rosidl_default_generators: 1.0.1 (/opt/ros/foxy/share/rosidl_default_generators/cmake)
[0.369s] -- Found PythonInterp: /usr/bin/python3 (found version "3.8.10") 
[0.438s] -- Found ament_cmake_ros: 0.9.2 (/opt/ros/foxy/share/ament_cmake_ros/cmake)
[0.494s] -- Using all available rosidl_typesupport_c: rosidl_typesupport_fastrtps_c;rosidl_typesupport_introspection_c
[0.498s] -- Using all available rosidl_typesupport_cpp: rosidl_typesupport_fastrtps_cpp;rosidl_typesupport_introspection_cpp
[0.512s] -- Found PythonInterp: /usr/bin/python3 (found suitable version "3.8.10", minimum required is "3.5") 
[0.512s] -- Found python_cmake_module: 0.8.1 (/opt/ros/foxy/share/python_cmake_module/cmake)
[0.526s] -- Using PYTHON_EXECUTABLE: /usr/bin/python3
[0.526s] -- Using PYTHON_INCLUDE_DIRS: /usr/include/python3.8
[0.526s] -- Using PYTHON_LIBRARIES: /usr/lib/x86_64-linux-gnu/libpython3.8.so
[0.535s] -- Found ament_lint_auto: 0.9.6 (/opt/ros/foxy/share/ament_lint_auto/cmake)
[0.540s] -- Added test 'copyright' to check source files copyright and LICENSE
[0.541s] -- Added test 'cppcheck' to perform static code analysis on C / C++ code
[0.542s] -- Configured cppcheck include dirs: $<BUILD_INTERFACE:/home/robogait/azure_kinect_ws/src/body_tracking/include>
[0.542s] -- Configured cppcheck exclude dirs and/or files: 
[0.542s] -- Added test 'cpplint' to check C / C++ code against the Google style
[0.542s] -- Configured cpplint exclude dirs and/or files: 
[0.542s] -- Added test 'lint_cmake' to check CMake code style
[0.543s] -- Added test 'uncrustify' to check C / C++ code style
[0.543s] -- Configured uncrustify additional arguments: 
[0.543s] -- Added test 'xmllint' to check XML markup files
[0.545s] -- Configuring done
[0.563s] -- Generating done
[0.564s] -- Build files have been written to: /home/robogait/azure_kinect_ws/build/body_tracking
[0.589s] [  5%] Built target body_tracking_node
[0.589s] [ 14%] Built target body_tracking__rosidl_generator_c
[0.590s] [ 17%] Built target body_tracking__cpp
[0.590s] [ 20%] [32mBuilding CXX object CMakeFiles/listener.dir/src/subscriber_member_function.cpp.o[0m
[0.603s] [ 28%] Built target body_tracking__rosidl_typesupport_introspection_c
[0.606s] [ 37%] Built target body_tracking__rosidl_typesupport_c
[0.607s] [ 45%] Built target body_tracking__rosidl_typesupport_fastrtps_cpp
[0.607s] [ 54%] Built target body_tracking__rosidl_typesupport_cpp
[0.607s] [ 62%] Built target body_tracking__rosidl_typesupport_introspection_cpp
[0.623s] [ 71%] Built target body_tracking__rosidl_typesupport_fastrtps_c
[0.637s] [ 71%] Built target body_tracking
[0.650s] [ 74%] Built target body_tracking__py
[0.667s] [ 80%] Built target body_tracking__python
[0.684s] [ 97%] Built target body_tracking__rosidl_typesupport_introspection_c__pyext
[0.684s] [ 97%] Built target body_tracking__rosidl_typesupport_c__pyext
[0.684s] [ 97%] Built target body_tracking__rosidl_typesupport_fastrtps_c__pyext
[1.336s] In file included from [01m[K/opt/ros/foxy/include/rclcpp/client.hpp:40[m[K,
[1.336s]                  from [01m[K/opt/ros/foxy/include/rclcpp/callback_group.hpp:23[m[K,
[1.336s]                  from [01m[K/opt/ros/foxy/include/rclcpp/any_executable.hpp:20[m[K,
[1.336s]                  from [01m[K/opt/ros/foxy/include/rclcpp/memory_strategy.hpp:24[m[K,
[1.336s]                  from [01m[K/opt/ros/foxy/include/rclcpp/memory_strategies.hpp:18[m[K,
[1.336s]                  from [01m[K/opt/ros/foxy/include/rclcpp/executor_options.hpp:20[m[K,
[1.336s]                  from [01m[K/opt/ros/foxy/include/rclcpp/executor.hpp:33[m[K,
[1.336s]                  from [01m[K/opt/ros/foxy/include/rclcpp/executors/multi_threaded_executor.hpp:26[m[K,
[1.336s]                  from [01m[K/opt/ros/foxy/include/rclcpp/executors.hpp:21[m[K,
[1.336s]                  from [01m[K/opt/ros/foxy/include/rclcpp/rclcpp.hpp:146[m[K,
[1.336s]                  from [01m[K/home/robogait/azure_kinect_ws/src/body_tracking/src/subscriber_member_function.cpp:3[m[K:
[1.336s] [01m[K/home/robogait/azure_kinect_ws/src/body_tracking/src/subscriber_member_function.cpp:[m[K In member function ‘[01m[Kvoid MinimalSubscriber::topic_callback(body_tracking::msg::HipCoordinates_<std::allocator<void> >::SharedPtr) const[m[K’:
[1.337s] [01m[K/home/robogait/azure_kinect_ws/src/body_tracking/src/subscriber_member_function.cpp:22:106:[m[K [01;31m[Kerror: [m[K‘[01m[Kusing element_type = struct body_tracking::msg::HipCoordinates_<std::allocator<void> >[m[K’ {aka ‘[01m[Kstruct body_tracking::msg::HipCoordinates_<std::allocator<void> >[m[K’} has no member named ‘[01m[Ky[m[K’
[1.337s]    22 |     RCLCPP_INFO(this->get_logger(), "I heard hip coordinates: x->'%f' ; y->'%f' ; z->'%f'", msg->x, msg->[01;31m[Ky[m[K, msg->z);
[1.337s]       |                                                                                                          [01;31m[K^[m[K
[1.337s] [01m[K/home/robogait/azure_kinect_ws/src/body_tracking/src/subscriber_member_function.cpp:22:114:[m[K [01;31m[Kerror: [m[K‘[01m[Kusing element_type = struct body_tracking::msg::HipCoordinates_<std::allocator<void> >[m[K’ {aka ‘[01m[Kstruct body_tracking::msg::HipCoordinates_<std::allocator<void> >[m[K’} has no member named ‘[01m[Kz[m[K’
[1.337s]    22 |     RCLCPP_INFO(this->get_logger(), "I heard hip coordinates: x->'%f' ; y->'%f' ; z->'%f'", msg->x, msg->y, msg->[01;31m[Kz[m[K);
[1.337s]       |                                                                                                                  [01;31m[K^[m[K
[2.242s] make[2]: *** [CMakeFiles/listener.dir/build.make:63: CMakeFiles/listener.dir/src/subscriber_member_function.cpp.o] Error 1
[2.242s] make[1]: *** [CMakeFiles/Makefile2:237: CMakeFiles/listener.dir/all] Error 2
[2.243s] make: *** [Makefile:141: all] Error 2
[2.244s] Invoked command in '/home/robogait/azure_kinect_ws/build/body_tracking' returned '2': CMAKE_PREFIX_PATH=${CMAKE_PREFIX_PATH}:/home/robogait/ros2_serial/install/ourbotmanager:/opt/ros/foxy /usr/bin/cmake --build /home/robogait/azure_kinect_ws/build/body_tracking -- -j8 -l8
