[0.014s] Invoking command in '/home/robogait/catkin_ws/build/pkg_navigation': CMAKE_PREFIX_PATH=${CMAKE_PREFIX_PATH}:/home/robogait/nav2_ws/install/nav2_gazebo_spawner:/home/robogait/ros2_serial/install/ourbotmanager:/opt/ros/foxy /usr/bin/cmake --build /home/robogait/catkin_ws/build/pkg_navigation -- -j8 -l8
[0.105s] [100%] Built target publisher_subscriber
[0.105s] [100%] Built target tf2_broadcaster
[0.114s] Invoked command in '/home/robogait/catkin_ws/build/pkg_navigation' returned '0': CMAKE_PREFIX_PATH=${CMAKE_PREFIX_PATH}:/home/robogait/nav2_ws/install/nav2_gazebo_spawner:/home/robogait/ros2_serial/install/ourbotmanager:/opt/ros/foxy /usr/bin/cmake --build /home/robogait/catkin_ws/build/pkg_navigation -- -j8 -l8
[0.154s] Invoking command in '/home/robogait/catkin_ws/build/pkg_navigation': CMAKE_PREFIX_PATH=${CMAKE_PREFIX_PATH}:/home/robogait/nav2_ws/install/nav2_gazebo_spawner:/home/robogait/ros2_serial/install/ourbotmanager:/opt/ros/foxy /usr/bin/cmake --install /home/robogait/catkin_ws/build/pkg_navigation
[0.162s] -- Install configuration: ""
[0.162s] -- Up-to-date: /home/robogait/catkin_ws/install/pkg_navigation/lib/pkg_navigation/publisher_subscriber
[0.163s] -- Up-to-date: /home/robogait/catkin_ws/install/pkg_navigation/lib/pkg_navigation/tf2_broadcaster
[0.163s] -- Up-to-date: /home/robogait/catkin_ws/install/pkg_navigation/share/pkg_navigation/launch
[0.163s] -- Installing: /home/robogait/catkin_ws/install/pkg_navigation/share/pkg_navigation/launch/map_server_launch.py
[0.163s] -- Up-to-date: /home/robogait/catkin_ws/install/pkg_navigation/share/pkg_navigation/launch/test_localization_launch.py
[0.164s] -- Up-to-date: /home/robogait/catkin_ws/install/pkg_navigation/share/pkg_navigation/launch/basic_mobile_bot_v5.launch.py
[0.164s] -- Up-to-date: /home/robogait/catkin_ws/install/pkg_navigation/share/pkg_navigation/launch/__pycache__
[0.164s] -- Up-to-date: /home/robogait/catkin_ws/install/pkg_navigation/share/pkg_navigation/launch/__pycache__/turtlesim_mimic_launch.cpython-38.pyc
[0.164s] -- Up-to-date: /home/robogait/catkin_ws/install/pkg_navigation/share/pkg_navigation/launch/online_async_launch.py
[0.164s] -- Up-to-date: /home/robogait/catkin_ws/install/pkg_navigation/share/pkg_navigation/launch/mapping_launch.py
[0.164s] -- Up-to-date: /home/robogait/catkin_ws/install/pkg_navigation/share/pkg_navigation/rviz
[0.164s] -- Up-to-date: /home/robogait/catkin_ws/install/pkg_navigation/share/pkg_navigation/rviz/rviz_config.rviz
[0.164s] -- Up-to-date: /home/robogait/catkin_ws/install/pkg_navigation/share/pkg_navigation/config
[0.164s] -- Up-to-date: /home/robogait/catkin_ws/install/pkg_navigation/share/pkg_navigation/config/map_server_params.yaml
[0.164s] -- Up-to-date: /home/robogait/catkin_ws/install/pkg_navigation/share/pkg_navigation/config/mapper_params_online_async.yaml
[0.164s] -- Up-to-date: /home/robogait/catkin_ws/install/pkg_navigation/share/pkg_navigation/config/nav2_params.yaml
[0.164s] -- Up-to-date: /home/robogait/catkin_ws/install/pkg_navigation/share/pkg_navigation/maps
[0.164s] -- Up-to-date: /home/robogait/catkin_ws/install/pkg_navigation/share/pkg_navigation/maps/map_laboratory.pgm
[0.164s] -- Up-to-date: /home/robogait/catkin_ws/install/pkg_navigation/share/pkg_navigation/maps/map.pgm
[0.164s] -- Up-to-date: /home/robogait/catkin_ws/install/pkg_navigation/share/pkg_navigation/maps/map_laboratory.yaml
[0.164s] -- Up-to-date: /home/robogait/catkin_ws/install/pkg_navigation/share/pkg_navigation/maps/map.yaml
[0.164s] -- Up-to-date: /home/robogait/catkin_ws/install/pkg_navigation/share/ament_index/resource_index/package_run_dependencies/pkg_navigation
[0.164s] -- Up-to-date: /home/robogait/catkin_ws/install/pkg_navigation/share/ament_index/resource_index/parent_prefix_path/pkg_navigation
[0.164s] -- Up-to-date: /home/robogait/catkin_ws/install/pkg_navigation/share/pkg_navigation/environment/ament_prefix_path.sh
[0.164s] -- Up-to-date: /home/robogait/catkin_ws/install/pkg_navigation/share/pkg_navigation/environment/ament_prefix_path.dsv
[0.164s] -- Up-to-date: /home/robogait/catkin_ws/install/pkg_navigation/share/pkg_navigation/environment/path.sh
[0.165s] -- Up-to-date: /home/robogait/catkin_ws/install/pkg_navigation/share/pkg_navigation/environment/path.dsv
[0.165s] -- Up-to-date: /home/robogait/catkin_ws/install/pkg_navigation/share/pkg_navigation/local_setup.bash
[0.165s] -- Up-to-date: /home/robogait/catkin_ws/install/pkg_navigation/share/pkg_navigation/local_setup.sh
[0.165s] -- Up-to-date: /home/robogait/catkin_ws/install/pkg_navigation/share/pkg_navigation/local_setup.zsh
[0.165s] -- Up-to-date: /home/robogait/catkin_ws/install/pkg_navigation/share/pkg_navigation/local_setup.dsv
[0.165s] -- Installing: /home/robogait/catkin_ws/install/pkg_navigation/share/pkg_navigation/package.dsv
[0.165s] -- Up-to-date: /home/robogait/catkin_ws/install/pkg_navigation/share/ament_index/resource_index/packages/pkg_navigation
[0.165s] -- Up-to-date: /home/robogait/catkin_ws/install/pkg_navigation/share/pkg_navigation/cmake/pkg_navigationConfig.cmake
[0.165s] -- Up-to-date: /home/robogait/catkin_ws/install/pkg_navigation/share/pkg_navigation/cmake/pkg_navigationConfig-version.cmake
[0.165s] -- Up-to-date: /home/robogait/catkin_ws/install/pkg_navigation/share/pkg_navigation/package.xml
[0.166s] Invoked command in '/home/robogait/catkin_ws/build/pkg_navigation' returned '0': CMAKE_PREFIX_PATH=${CMAKE_PREFIX_PATH}:/home/robogait/nav2_ws/install/nav2_gazebo_spawner:/home/robogait/ros2_serial/install/ourbotmanager:/opt/ros/foxy /usr/bin/cmake --install /home/robogait/catkin_ws/build/pkg_navigation
