[0.013s] Invoking command in '/home/robogait/catkin_ws/build/pkg_navigation': CMAKE_PREFIX_PATH=${CMAKE_PREFIX_PATH}:/home/robogait/ros2_ws/install/nav2_project:/home/robogait/nav2_ws/install/nav2_gazebo_spawner:/home/robogait/ros2_serial/install/ourbotmanager:/opt/ros/foxy /usr/bin/cmake --build /home/robogait/catkin_ws/build/pkg_navigation -- -j8 -l8
[0.054s] [35m[1mScanning dependencies of target publisher_initial_pose[0m
[0.070s] [ 66%] Built target tf2_broadcaster
[0.070s] [ 66%] Built target publisher_subscriber
[0.072s] [ 83%] [32mBuilding CXX object CMakeFiles/publisher_initial_pose.dir/src/publisher_initial_pose.cpp.o[0m
[1.768s] [100%] [32m[1mLinking CXX executable publisher_initial_pose[0m
[1.874s] [100%] Built target publisher_initial_pose
[1.883s] Invoked command in '/home/robogait/catkin_ws/build/pkg_navigation' returned '0': CMAKE_PREFIX_PATH=${CMAKE_PREFIX_PATH}:/home/robogait/ros2_ws/install/nav2_project:/home/robogait/nav2_ws/install/nav2_gazebo_spawner:/home/robogait/ros2_serial/install/ourbotmanager:/opt/ros/foxy /usr/bin/cmake --build /home/robogait/catkin_ws/build/pkg_navigation -- -j8 -l8
[1.928s] Invoking command in '/home/robogait/catkin_ws/build/pkg_navigation': CMAKE_PREFIX_PATH=${CMAKE_PREFIX_PATH}:/home/robogait/ros2_ws/install/nav2_project:/home/robogait/nav2_ws/install/nav2_gazebo_spawner:/home/robogait/ros2_serial/install/ourbotmanager:/opt/ros/foxy /usr/bin/cmake --install /home/robogait/catkin_ws/build/pkg_navigation
[1.937s] -- Install configuration: ""
[1.938s] -- Up-to-date: /home/robogait/catkin_ws/install/pkg_navigation/lib/pkg_navigation/publisher_subscriber
[1.938s] -- Up-to-date: /home/robogait/catkin_ws/install/pkg_navigation/lib/pkg_navigation/tf2_broadcaster
[1.938s] -- Installing: /home/robogait/catkin_ws/install/pkg_navigation/lib/pkg_navigation/publisher_initial_pose
[1.939s] -- Set runtime path of "/home/robogait/catkin_ws/install/pkg_navigation/lib/pkg_navigation/publisher_initial_pose" to ""
[1.939s] -- Up-to-date: /home/robogait/catkin_ws/install/pkg_navigation/share/pkg_navigation/launch
[1.939s] -- Up-to-date: /home/robogait/catkin_ws/install/pkg_navigation/share/pkg_navigation/launch/map_server_launch.py
[1.939s] -- Up-to-date: /home/robogait/catkin_ws/install/pkg_navigation/share/pkg_navigation/launch/map_server_launch_2.py
[1.939s] -- Up-to-date: /home/robogait/catkin_ws/install/pkg_navigation/share/pkg_navigation/launch/localization_launch.py
[1.939s] -- Up-to-date: /home/robogait/catkin_ws/install/pkg_navigation/share/pkg_navigation/launch/__pycache__
[1.939s] -- Up-to-date: /home/robogait/catkin_ws/install/pkg_navigation/share/pkg_navigation/launch/__pycache__/turtlesim_mimic_launch.cpython-38.pyc
[1.939s] -- Up-to-date: /home/robogait/catkin_ws/install/pkg_navigation/share/pkg_navigation/launch/online_async_launch.py
[1.939s] -- Up-to-date: /home/robogait/catkin_ws/install/pkg_navigation/share/pkg_navigation/launch/mapping_launch.py
[1.939s] -- Up-to-date: /home/robogait/catkin_ws/install/pkg_navigation/share/pkg_navigation/rviz
[1.939s] -- Up-to-date: /home/robogait/catkin_ws/install/pkg_navigation/share/pkg_navigation/rviz/rviz_config.rviz
[1.939s] -- Up-to-date: /home/robogait/catkin_ws/install/pkg_navigation/share/pkg_navigation/config
[1.939s] -- Up-to-date: /home/robogait/catkin_ws/install/pkg_navigation/share/pkg_navigation/config/map_server_params.yaml
[1.939s] -- Up-to-date: /home/robogait/catkin_ws/install/pkg_navigation/share/pkg_navigation/config/mapper_params_online_async.yaml
[1.939s] -- Up-to-date: /home/robogait/catkin_ws/install/pkg_navigation/share/pkg_navigation/config/nav2.yaml
[1.939s] -- Up-to-date: /home/robogait/catkin_ws/install/pkg_navigation/share/pkg_navigation/config/nav2_params.yaml
[1.939s] -- Up-to-date: /home/robogait/catkin_ws/install/pkg_navigation/share/pkg_navigation/maps
[1.939s] -- Up-to-date: /home/robogait/catkin_ws/install/pkg_navigation/share/pkg_navigation/maps/map_laboratory.pgm
[1.939s] -- Up-to-date: /home/robogait/catkin_ws/install/pkg_navigation/share/pkg_navigation/maps/map.pgm
[1.940s] -- Up-to-date: /home/robogait/catkin_ws/install/pkg_navigation/share/pkg_navigation/maps/map_laboratory.yaml
[1.940s] -- Up-to-date: /home/robogait/catkin_ws/install/pkg_navigation/share/pkg_navigation/maps/map.yaml
[1.940s] -- Up-to-date: /home/robogait/catkin_ws/install/pkg_navigation/share/ament_index/resource_index/package_run_dependencies/pkg_navigation
[1.940s] -- Installing: /home/robogait/catkin_ws/install/pkg_navigation/share/ament_index/resource_index/parent_prefix_path/pkg_navigation
[1.940s] -- Up-to-date: /home/robogait/catkin_ws/install/pkg_navigation/share/pkg_navigation/environment/ament_prefix_path.sh
[1.940s] -- Installing: /home/robogait/catkin_ws/install/pkg_navigation/share/pkg_navigation/environment/ament_prefix_path.dsv
[1.940s] -- Up-to-date: /home/robogait/catkin_ws/install/pkg_navigation/share/pkg_navigation/environment/path.sh
[1.940s] -- Installing: /home/robogait/catkin_ws/install/pkg_navigation/share/pkg_navigation/environment/path.dsv
[1.940s] -- Up-to-date: /home/robogait/catkin_ws/install/pkg_navigation/share/pkg_navigation/local_setup.bash
[1.940s] -- Up-to-date: /home/robogait/catkin_ws/install/pkg_navigation/share/pkg_navigation/local_setup.sh
[1.940s] -- Up-to-date: /home/robogait/catkin_ws/install/pkg_navigation/share/pkg_navigation/local_setup.zsh
[1.940s] -- Installing: /home/robogait/catkin_ws/install/pkg_navigation/share/pkg_navigation/local_setup.dsv
[1.940s] -- Installing: /home/robogait/catkin_ws/install/pkg_navigation/share/pkg_navigation/package.dsv
[1.940s] -- Up-to-date: /home/robogait/catkin_ws/install/pkg_navigation/share/ament_index/resource_index/packages/pkg_navigation
[1.940s] -- Up-to-date: /home/robogait/catkin_ws/install/pkg_navigation/share/pkg_navigation/cmake/pkg_navigationConfig.cmake
[1.940s] -- Up-to-date: /home/robogait/catkin_ws/install/pkg_navigation/share/pkg_navigation/cmake/pkg_navigationConfig-version.cmake
[1.940s] -- Up-to-date: /home/robogait/catkin_ws/install/pkg_navigation/share/pkg_navigation/package.xml
[1.941s] Invoked command in '/home/robogait/catkin_ws/build/pkg_navigation' returned '0': CMAKE_PREFIX_PATH=${CMAKE_PREFIX_PATH}:/home/robogait/ros2_ws/install/nav2_project:/home/robogait/nav2_ws/install/nav2_gazebo_spawner:/home/robogait/ros2_serial/install/ourbotmanager:/opt/ros/foxy /usr/bin/cmake --install /home/robogait/catkin_ws/build/pkg_navigation
