-- Found ament_cmake: 0.9.9 (/opt/ros/foxy/share/ament_cmake/cmake)
-- Found PythonInterp: /usr/bin/python3 (found suitable version "3.8.10", minimum required is "3") 
-- Using PYTHON_EXECUTABLE: /usr/bin/python3
-- Found rclcpp: 2.4.1 (/opt/ros/foxy/share/rclcpp/cmake)
-- Using all available rosidl_typesupport_c: rosidl_typesupport_fastrtps_c;rosidl_typesupport_introspection_c
-- Found rosidl_adapter: 1.2.1 (/opt/ros/foxy/share/rosidl_adapter/cmake)
-- Using all available rosidl_typesupport_cpp: rosidl_typesupport_fastrtps_cpp;rosidl_typesupport_introspection_cpp
-- Found rmw_implementation_cmake: 1.0.3 (/opt/ros/foxy/share/rmw_implementation_cmake/cmake)
-- Using RMW implementation 'rmw_fastrtps_cpp' as default
-- Found body_tracking: 0.0.0 (/home/robogait/azure_kinect_ws/install/body_tracking/share/body_tracking/cmake)
-- Found rosidl_default_generators: 1.0.1 (/opt/ros/foxy/share/rosidl_default_generators/cmake)
-- Found PythonInterp: /usr/bin/python3 (found version "3.8.10") 
-- Found ament_cmake_ros: 0.9.2 (/opt/ros/foxy/share/ament_cmake_ros/cmake)
-- Using all available rosidl_typesupport_c: rosidl_typesupport_fastrtps_c;rosidl_typesupport_introspection_c
-- Using all available rosidl_typesupport_cpp: rosidl_typesupport_fastrtps_cpp;rosidl_typesupport_introspection_cpp
-- Found PythonInterp: /usr/bin/python3 (found suitable version "3.8.10", minimum required is "3.5") 
-- Found python_cmake_module: 0.8.1 (/opt/ros/foxy/share/python_cmake_module/cmake)
-- Using PYTHON_EXECUTABLE: /usr/bin/python3
-- Using PYTHON_INCLUDE_DIRS: /usr/include/python3.8
-- Using PYTHON_LIBRARIES: /usr/lib/x86_64-linux-gnu/libpython3.8.so
-- Found ament_lint_auto: 0.9.6 (/opt/ros/foxy/share/ament_lint_auto/cmake)
-- Added test 'copyright' to check source files copyright and LICENSE
-- Added test 'cppcheck' to perform static code analysis on C / C++ code
-- Configured cppcheck include dirs: $<BUILD_INTERFACE:/home/robogait/azure_kinect_ws/src/body_tracking/include>
-- Configured cppcheck exclude dirs and/or files: 
-- Added test 'cpplint' to check C / C++ code against the Google style
-- Configured cpplint exclude dirs and/or files: 
-- Added test 'lint_cmake' to check CMake code style
-- Added test 'uncrustify' to check C / C++ code style
-- Configured uncrustify additional arguments: 
-- Added test 'xmllint' to check XML markup files
-- Configuring done
-- Generating done
-- Build files have been written to: /home/robogait/azure_kinect_ws/build/body_tracking
[  2%] Built target body_tracking__cpp
[ 10%] Built target body_tracking__rosidl_generator_c
[ 15%] Built target body_tracking_node
[ 20%] Built target talker
[ 25%] [32m[1mLinking C executable prueba_talker[0m
[ 28%] Built target listener
[ 35%] Built target body_tracking__rosidl_typesupport_cpp
[ 43%] Built target body_tracking__rosidl_typesupport_c
[ 51%] Built target body_tracking__rosidl_typesupport_introspection_cpp
[ 58%] Built target body_tracking__rosidl_typesupport_introspection_c
[ 66%] Built target body_tracking__rosidl_typesupport_fastrtps_cpp
/usr/bin/ld: CMakeFiles/prueba_talker.dir/src/main.c.o: in function `print_body_index_map_middle_line':
main.c:(.text+0x12a): undefined reference to `k4a_image_get_buffer'
/usr/bin/ld: main.c:(.text+0x13a): undefined reference to `k4a_image_get_stride_bytes'
/usr/bin/ld: main.c:(.text+0x148): undefined reference to `k4a_image_get_width_pixels'
/usr/bin/ld: main.c:(.text+0x177): undefined reference to `k4a_image_get_height_pixels'
/usr/bin/ld: main.c:(.text+0x18f): undefined reference to `k4a_image_get_width_pixels'
/usr/bin/ld: main.c:(.text+0x1ea): undefined reference to `k4a_image_get_width_pixels'
/usr/bin/ld: CMakeFiles/prueba_talker.dir/src/main.c.o: in function `main':
main.c:(.text+0x27a): undefined reference to `k4a_device_get_installed_count'
/usr/bin/ld: main.c:(.text+0x2ad): undefined reference to `k4a_device_open'
/usr/bin/ld: main.c:(.text+0x2e0): undefined reference to `k4a_device_start_cameras'
/usr/bin/ld: main.c:(.text+0x31e): undefined reference to `k4a_device_get_calibration'
/usr/bin/ld: main.c:(.text+0x3b1): undefined reference to `k4abt_tracker_create'
/usr/bin/ld: main.c:(.text+0x417): undefined reference to `k4a_device_get_capture'
/usr/bin/ld: main.c:(.text+0x474): undefined reference to `k4abt_tracker_enqueue_capture'
/usr/bin/ld: main.c:(.text+0x489): undefined reference to `k4a_capture_release'
/usr/bin/ld: main.c:(.text+0x4e6): undefined reference to `k4abt_tracker_pop_result'
/usr/bin/ld: main.c:(.text+0x577): undefined reference to `k4abt_frame_get_num_bodies'
/usr/bin/ld: main.c:(.text+0x5d3): undefined reference to `k4abt_frame_get_body_skeleton'
/usr/bin/ld: main.c:(.text+0x604): undefined reference to `k4abt_frame_get_body_id'
/usr/bin/ld: main.c:(.text+0x676): undefined reference to `k4abt_frame_get_body_index_map'
/usr/bin/ld: main.c:(.text+0x6a5): undefined reference to `k4a_image_release'
/usr/bin/ld: main.c:(.text+0x6c2): undefined reference to `k4abt_frame_release'
/usr/bin/ld: main.c:(.text+0x7c4): undefined reference to `k4abt_tracker_shutdown'
/usr/bin/ld: main.c:(.text+0x7d3): undefined reference to `k4abt_tracker_destroy'
/usr/bin/ld: main.c:(.text+0x7e2): undefined reference to `k4a_device_stop_cameras'
/usr/bin/ld: main.c:(.text+0x7f1): undefined reference to `k4a_device_close'
collect2: error: ld returned 1 exit status
make[2]: *** [CMakeFiles/prueba_talker.dir/build.make:136: prueba_talker] Error 1
make[1]: *** [CMakeFiles/Makefile2:325: CMakeFiles/prueba_talker.dir/all] Error 2
make[1]: *** Waiting for unfinished jobs....
[ 74%] Built target body_tracking__rosidl_typesupport_fastrtps_c
make: *** [Makefile:141: all] Error 2
