[0.014s] Invoking command in '/home/robogait/catkin_ws/build/pkg_navigation': CMAKE_PREFIX_PATH=${CMAKE_PREFIX_PATH}:/home/robogait/ros2_ws/install/nav2_project:/home/robogait/nav2_ws/install/nav2_gazebo_spawner:/home/robogait/ros2_serial/install/ourbotmanager:/opt/ros/foxy /usr/bin/cmake --build /home/robogait/catkin_ws/build/pkg_navigation -- -j8 -l8
[0.060s] [35m[1mScanning dependencies of target robot_controller[0m
[0.077s] [ 20%] Built target publisher_initial_pose
[0.081s] [ 40%] Built target publisher_subscriber
[0.081s] [ 60%] Built target tf2_broadcaster
[0.083s] [ 90%] [32mBuilding CXX object CMakeFiles/robot_controller.dir/src/robot_controller.cpp.o[0m
[0.083s] [ 90%] Built target robot_odom_tf2_listener
[0.938s] [01m[K/home/robogait/catkin_ws/src/pkg_navigation/src/robot_controller.cpp:[m[K In member function ‘[01m[Kvoid generic::lane_controller()[m[K’:
[0.939s] [01m[K/home/robogait/catkin_ws/src/pkg_navigation/src/robot_controller.cpp:76:20:[m[K [01;31m[Kerror: [m[Kno match for ‘[01m[Koperator+[m[K’ (operand types are ‘[01m[Kconst char [3][m[K’ and ‘[01m[Kgeometry_msgs::msg::Pose_<std::allocator<void> >::_orientation_type[m[K’ {aka ‘[01m[Kgeometry_msgs::msg::Quaternion_<std::allocator<void> >[m[K’})
[0.939s]    76 |        cout << [32m[K"x:"[m[K[01;31m[K+[m[Kpath_local.poses[use_pose].pose.orientation<< endl;
[0.939s]       |                [32m[K~~~~[m[K[01;31m[K^[m[K
[0.939s]       |                [32m[K|[m[K
[0.939s]       |                [32m[Kconst char [3][m[K
[0.939s] In file included from [01m[K/usr/include/c++/9/bits/stl_algobase.h:67[m[K,
[0.939s]                  from [01m[K/usr/include/c++/9/bits/char_traits.h:39[m[K,
[0.939s]                  from [01m[K/usr/include/c++/9/string:40[m[K,
[0.939s]                  from [01m[K/usr/include/c++/9/stdexcept:39[m[K,
[0.939s]                  from [01m[K/usr/include/c++/9/array:39[m[K,
[0.939s]                  from [01m[K/usr/include/c++/9/tuple:39[m[K,
[0.939s]                  from [01m[K/usr/include/c++/9/functional:54[m[K,
[0.939s]                  from [01m[K/home/robogait/catkin_ws/src/pkg_navigation/src/robot_controller.cpp:2[m[K:
[0.939s] [01m[K/usr/include/c++/9/bits/stl_iterator.h:423:5:[m[K [01;36m[Knote: [m[Kcandidate: ‘[01m[Ktemplate<class _Iterator> std::reverse_iterator<_Iterator> std::operator+(typename std::reverse_iterator<_Iterator>::difference_type, const std::reverse_iterator<_Iterator>&)[m[K’
[0.940s]   423 |     [01;36m[Koperator[m[K+(typename reverse_iterator<_Iterator>::difference_type __n,
[0.940s]       |     [01;36m[K^~~~~~~~[m[K
[0.940s] [01m[K/usr/include/c++/9/bits/stl_iterator.h:423:5:[m[K [01;36m[Knote: [m[K  template argument deduction/substitution failed:
[0.940s] [01m[K/home/robogait/catkin_ws/src/pkg_navigation/src/robot_controller.cpp:76:53:[m[K [01;36m[Knote: [m[K  ‘[01m[Kgeometry_msgs::msg::Pose_<std::allocator<void> >::_orientation_type[m[K’ {aka ‘[01m[Kgeometry_msgs::msg::Quaternion_<std::allocator<void> >[m[K’} is not derived from ‘[01m[Kconst std::reverse_iterator<_Iterator>[m[K’
[0.940s]    76 |        cout << "x:"+path_local.poses[use_pose].pose.[01;36m[Korientation[m[K<< endl;
[0.940s]       |                                                     [01;36m[K^~~~~~~~~~~[m[K
[0.940s] In file included from [01m[K/usr/include/c++/9/bits/stl_algobase.h:67[m[K,
[0.940s]                  from [01m[K/usr/include/c++/9/bits/char_traits.h:39[m[K,
[0.940s]                  from [01m[K/usr/include/c++/9/string:40[m[K,
[0.940s]                  from [01m[K/usr/include/c++/9/stdexcept:39[m[K,
[0.940s]                  from [01m[K/usr/include/c++/9/array:39[m[K,
[0.940s]                  from [01m[K/usr/include/c++/9/tuple:39[m[K,
[0.940s]                  from [01m[K/usr/include/c++/9/functional:54[m[K,
[0.940s]                  from [01m[K/home/robogait/catkin_ws/src/pkg_navigation/src/robot_controller.cpp:2[m[K:
[0.940s] [01m[K/usr/include/c++/9/bits/stl_iterator.h:1216:5:[m[K [01;36m[Knote: [m[Kcandidate: ‘[01m[Ktemplate<class _Iterator> std::move_iterator<_IteratorL> std::operator+(typename std::move_iterator<_IteratorL>::difference_type, const std::move_iterator<_IteratorL>&)[m[K’
[0.940s]  1216 |     [01;36m[Koperator[m[K+(typename move_iterator<_Iterator>::difference_type __n,
[0.940s]       |     [01;36m[K^~~~~~~~[m[K
[0.940s] [01m[K/usr/include/c++/9/bits/stl_iterator.h:1216:5:[m[K [01;36m[Knote: [m[K  template argument deduction/substitution failed:
[0.940s] [01m[K/home/robogait/catkin_ws/src/pkg_navigation/src/robot_controller.cpp:76:53:[m[K [01;36m[Knote: [m[K  ‘[01m[Kgeometry_msgs::msg::Pose_<std::allocator<void> >::_orientation_type[m[K’ {aka ‘[01m[Kgeometry_msgs::msg::Quaternion_<std::allocator<void> >[m[K’} is not derived from ‘[01m[Kconst std::move_iterator<_IteratorL>[m[K’
[0.940s]    76 |        cout << "x:"+path_local.poses[use_pose].pose.[01;36m[Korientation[m[K<< endl;
[0.940s]       |                                                     [01;36m[K^~~~~~~~~~~[m[K
[0.940s] In file included from [01m[K/usr/include/c++/9/string:55[m[K,
[0.940s]                  from [01m[K/usr/include/c++/9/stdexcept:39[m[K,
[0.940s]                  from [01m[K/usr/include/c++/9/array:39[m[K,
[0.940s]                  from [01m[K/usr/include/c++/9/tuple:39[m[K,
[0.941s]                  from [01m[K/usr/include/c++/9/functional:54[m[K,
[0.941s]                  from [01m[K/home/robogait/catkin_ws/src/pkg_navigation/src/robot_controller.cpp:2[m[K:
[0.941s] [01m[K/usr/include/c++/9/bits/basic_string.h:6023:5:[m[K [01;36m[Knote: [m[Kcandidate: ‘[01m[Ktemplate<class _CharT, class _Traits, class _Alloc> std::__cxx11::basic_string<_CharT, _Traits, _Alloc> std::operator+(const std::__cxx11::basic_string<_CharT, _Traits, _Alloc>&, const std::__cxx11::basic_string<_CharT, _Traits, _Alloc>&)[m[K’
[0.941s]  6023 |     [01;36m[Koperator[m[K+(const basic_string<_CharT, _Traits, _Alloc>& __lhs,
[0.941s]       |     [01;36m[K^~~~~~~~[m[K
[0.941s] [01m[K/usr/include/c++/9/bits/basic_string.h:6023:5:[m[K [01;36m[Knote: [m[K  template argument deduction/substitution failed:
[0.941s] [01m[K/home/robogait/catkin_ws/src/pkg_navigation/src/robot_controller.cpp:76:53:[m[K [01;36m[Knote: [m[K  mismatched types ‘[01m[Kconst std::__cxx11::basic_string<_CharT, _Traits, _Alloc>[m[K’ and ‘[01m[Kconst char [3][m[K’
[0.941s]    76 |        cout << "x:"+path_local.poses[use_pose].pose.[01;36m[Korientation[m[K<< endl;
[0.941s]       |                                                     [01;36m[K^~~~~~~~~~~[m[K
[0.941s] In file included from [01m[K/usr/include/c++/9/string:56[m[K,
[0.941s]                  from [01m[K/usr/include/c++/9/stdexcept:39[m[K,
[0.941s]                  from [01m[K/usr/include/c++/9/array:39[m[K,
[0.941s]                  from [01m[K/usr/include/c++/9/tuple:39[m[K,
[0.941s]                  from [01m[K/usr/include/c++/9/functional:54[m[K,
[0.941s]                  from [01m[K/home/robogait/catkin_ws/src/pkg_navigation/src/robot_controller.cpp:2[m[K:
[0.941s] [01m[K/usr/include/c++/9/bits/basic_string.tcc:1158:5:[m[K [01;36m[Knote: [m[Kcandidate: ‘[01m[Ktemplate<class _CharT, class _Traits, class _Alloc> std::__cxx11::basic_string<_CharT, _Traits, _Alloc> std::operator+(const _CharT*, const std::__cxx11::basic_string<_CharT, _Traits, _Alloc>&)[m[K’
[0.941s]  1158 |     [01;36m[Koperator[m[K+(const _CharT* __lhs,
[0.941s]       |     [01;36m[K^~~~~~~~[m[K
[0.941s] [01m[K/usr/include/c++/9/bits/basic_string.tcc:1158:5:[m[K [01;36m[Knote: [m[K  template argument deduction/substitution failed:
[0.941s] [01m[K/home/robogait/catkin_ws/src/pkg_navigation/src/robot_controller.cpp:76:53:[m[K [01;36m[Knote: [m[K  ‘[01m[Kgeometry_msgs::msg::Pose_<std::allocator<void> >::_orientation_type[m[K’ {aka ‘[01m[Kgeometry_msgs::msg::Quaternion_<std::allocator<void> >[m[K’} is not derived from ‘[01m[Kconst std::__cxx11::basic_string<_CharT, _Traits, _Alloc>[m[K’
[0.941s]    76 |        cout << "x:"+path_local.poses[use_pose].pose.[01;36m[Korientation[m[K<< endl;
[0.941s]       |                                                     [01;36m[K^~~~~~~~~~~[m[K
[0.941s] In file included from [01m[K/usr/include/c++/9/string:56[m[K,
[0.941s]                  from [01m[K/usr/include/c++/9/stdexcept:39[m[K,
[0.941s]                  from [01m[K/usr/include/c++/9/array:39[m[K,
[0.941s]                  from [01m[K/usr/include/c++/9/tuple:39[m[K,
[0.942s]                  from [01m[K/usr/include/c++/9/functional:54[m[K,
[0.942s]                  from [01m[K/home/robogait/catkin_ws/src/pkg_navigation/src/robot_controller.cpp:2[m[K:
[0.942s] [01m[K/usr/include/c++/9/bits/basic_string.tcc:1174:5:[m[K [01;36m[Knote: [m[Kcandidate: ‘[01m[Ktemplate<class _CharT, class _Traits, class _Alloc> std::__cxx11::basic_string<_CharT, _Traits, _Alloc> std::operator+(_CharT, const std::__cxx11::basic_string<_CharT, _Traits, _Alloc>&)[m[K’
[0.942s]  1174 |     [01;36m[Koperator[m[K+(_CharT __lhs, const basic_string<_CharT, _Traits, _Alloc>& __rhs)
[0.942s]       |     [01;36m[K^~~~~~~~[m[K
[0.942s] [01m[K/usr/include/c++/9/bits/basic_string.tcc:1174:5:[m[K [01;36m[Knote: [m[K  template argument deduction/substitution failed:
[0.942s] [01m[K/home/robogait/catkin_ws/src/pkg_navigation/src/robot_controller.cpp:76:53:[m[K [01;36m[Knote: [m[K  ‘[01m[Kgeometry_msgs::msg::Pose_<std::allocator<void> >::_orientation_type[m[K’ {aka ‘[01m[Kgeometry_msgs::msg::Quaternion_<std::allocator<void> >[m[K’} is not derived from ‘[01m[Kconst std::__cxx11::basic_string<_CharT, _Traits, _Alloc>[m[K’
[0.942s]    76 |        cout << "x:"+path_local.poses[use_pose].pose.[01;36m[Korientation[m[K<< endl;
[0.942s]       |                                                     [01;36m[K^~~~~~~~~~~[m[K
[0.942s] In file included from [01m[K/usr/include/c++/9/string:55[m[K,
[0.942s]                  from [01m[K/usr/include/c++/9/stdexcept:39[m[K,
[0.942s]                  from [01m[K/usr/include/c++/9/array:39[m[K,
[0.942s]                  from [01m[K/usr/include/c++/9/tuple:39[m[K,
[0.942s]                  from [01m[K/usr/include/c++/9/functional:54[m[K,
[0.942s]                  from [01m[K/home/robogait/catkin_ws/src/pkg_navigation/src/robot_controller.cpp:2[m[K:
[0.942s] [01m[K/usr/include/c++/9/bits/basic_string.h:6060:5:[m[K [01;36m[Knote: [m[Kcandidate: ‘[01m[Ktemplate<class _CharT, class _Traits, class _Alloc> std::__cxx11::basic_string<_CharT, _Traits, _Alloc> std::operator+(const std::__cxx11::basic_string<_CharT, _Traits, _Alloc>&, const _CharT*)[m[K’
[0.942s]  6060 |     [01;36m[Koperator[m[K+(const basic_string<_CharT, _Traits, _Alloc>& __lhs,
[0.942s]       |     [01;36m[K^~~~~~~~[m[K
[0.942s] [01m[K/usr/include/c++/9/bits/basic_string.h:6060:5:[m[K [01;36m[Knote: [m[K  template argument deduction/substitution failed:
[0.942s] [01m[K/home/robogait/catkin_ws/src/pkg_navigation/src/robot_controller.cpp:76:53:[m[K [01;36m[Knote: [m[K  mismatched types ‘[01m[Kconst std::__cxx11::basic_string<_CharT, _Traits, _Alloc>[m[K’ and ‘[01m[Kconst char [3][m[K’
[0.942s]    76 |        cout << "x:"+path_local.poses[use_pose].pose.[01;36m[Korientation[m[K<< endl;
[0.942s]       |                                                     [01;36m[K^~~~~~~~~~~[m[K
[0.942s] In file included from [01m[K/usr/include/c++/9/string:55[m[K,
[0.942s]                  from [01m[K/usr/include/c++/9/stdexcept:39[m[K,
[0.942s]                  from [01m[K/usr/include/c++/9/array:39[m[K,
[0.942s]                  from [01m[K/usr/include/c++/9/tuple:39[m[K,
[0.942s]                  from [01m[K/usr/include/c++/9/functional:54[m[K,
[0.943s]                  from [01m[K/home/robogait/catkin_ws/src/pkg_navigation/src/robot_controller.cpp:2[m[K:
[0.943s] [01m[K/usr/include/c++/9/bits/basic_string.h:6076:5:[m[K [01;36m[Knote: [m[Kcandidate: ‘[01m[Ktemplate<class _CharT, class _Traits, class _Alloc> std::__cxx11::basic_string<_CharT, _Traits, _Alloc> std::operator+(const std::__cxx11::basic_string<_CharT, _Traits, _Alloc>&, _CharT)[m[K’
[0.943s]  6076 |     [01;36m[Koperator[m[K+(const basic_string<_CharT, _Traits, _Alloc>& __lhs, _CharT __rhs)
[0.943s]       |     [01;36m[K^~~~~~~~[m[K
[0.943s] [01m[K/usr/include/c++/9/bits/basic_string.h:6076:5:[m[K [01;36m[Knote: [m[K  template argument deduction/substitution failed:
[0.943s] [01m[K/home/robogait/catkin_ws/src/pkg_navigation/src/robot_controller.cpp:76:53:[m[K [01;36m[Knote: [m[K  mismatched types ‘[01m[Kconst std::__cxx11::basic_string<_CharT, _Traits, _Alloc>[m[K’ and ‘[01m[Kconst char [3][m[K’
[0.943s]    76 |        cout << "x:"+path_local.poses[use_pose].pose.[01;36m[Korientation[m[K<< endl;
[0.943s]       |                                                     [01;36m[K^~~~~~~~~~~[m[K
[0.943s] In file included from [01m[K/usr/include/c++/9/string:55[m[K,
[0.943s]                  from [01m[K/usr/include/c++/9/stdexcept:39[m[K,
[0.943s]                  from [01m[K/usr/include/c++/9/array:39[m[K,
[0.943s]                  from [01m[K/usr/include/c++/9/tuple:39[m[K,
[0.943s]                  from [01m[K/usr/include/c++/9/functional:54[m[K,
[0.943s]                  from [01m[K/home/robogait/catkin_ws/src/pkg_navigation/src/robot_controller.cpp:2[m[K:
[0.943s] [01m[K/usr/include/c++/9/bits/basic_string.h:6088:5:[m[K [01;36m[Knote: [m[Kcandidate: ‘[01m[Ktemplate<class _CharT, class _Traits, class _Alloc> std::__cxx11::basic_string<_CharT, _Traits, _Alloc> std::operator+(std::__cxx11::basic_string<_CharT, _Traits, _Alloc>&&, const std::__cxx11::basic_string<_CharT, _Traits, _Alloc>&)[m[K’
[0.943s]  6088 |     [01;36m[Koperator[m[K+(basic_string<_CharT, _Traits, _Alloc>&& __lhs,
[0.943s]       |     [01;36m[K^~~~~~~~[m[K
[0.943s] [01m[K/usr/include/c++/9/bits/basic_string.h:6088:5:[m[K [01;36m[Knote: [m[K  template argument deduction/substitution failed:
[0.943s] [01m[K/home/robogait/catkin_ws/src/pkg_navigation/src/robot_controller.cpp:76:53:[m[K [01;36m[Knote: [m[K  mismatched types ‘[01m[Kstd::__cxx11::basic_string<_CharT, _Traits, _Alloc>[m[K’ and ‘[01m[Kconst char [3][m[K’
[0.943s]    76 |        cout << "x:"+path_local.poses[use_pose].pose.[01;36m[Korientation[m[K<< endl;
[0.943s]       |                                                     [01;36m[K^~~~~~~~~~~[m[K
[0.943s] In file included from [01m[K/usr/include/c++/9/string:55[m[K,
[0.943s]                  from [01m[K/usr/include/c++/9/stdexcept:39[m[K,
[0.943s]                  from [01m[K/usr/include/c++/9/array:39[m[K,
[0.943s]                  from [01m[K/usr/include/c++/9/tuple:39[m[K,
[0.943s]                  from [01m[K/usr/include/c++/9/functional:54[m[K,
[0.943s]                  from [01m[K/home/robogait/catkin_ws/src/pkg_navigation/src/robot_controller.cpp:2[m[K:
[0.943s] [01m[K/usr/include/c++/9/bits/basic_string.h:6094:5:[m[K [01;36m[Knote: [m[Kcandidate: ‘[01m[Ktemplate<class _CharT, class _Traits, class _Alloc> std::__cxx11::basic_string<_CharT, _Traits, _Alloc> std::operator+(const std::__cxx11::basic_string<_CharT, _Traits, _Alloc>&, std::__cxx11::basic_string<_CharT, _Traits, _Alloc>&&)[m[K’
[0.944s]  6094 |     [01;36m[Koperator[m[K+(const basic_string<_CharT, _Traits, _Alloc>& __lhs,
[0.944s]       |     [01;36m[K^~~~~~~~[m[K
[0.944s] [01m[K/usr/include/c++/9/bits/basic_string.h:6094:5:[m[K [01;36m[Knote: [m[K  template argument deduction/substitution failed:
[0.944s] [01m[K/home/robogait/catkin_ws/src/pkg_navigation/src/robot_controller.cpp:76:53:[m[K [01;36m[Knote: [m[K  mismatched types ‘[01m[Kconst std::__cxx11::basic_string<_CharT, _Traits, _Alloc>[m[K’ and ‘[01m[Kconst char [3][m[K’
[0.944s]    76 |        cout << "x:"+path_local.poses[use_pose].pose.[01;36m[Korientation[m[K<< endl;
[0.944s]       |                                                     [01;36m[K^~~~~~~~~~~[m[K
[0.944s] In file included from [01m[K/usr/include/c++/9/string:55[m[K,
[0.944s]                  from [01m[K/usr/include/c++/9/stdexcept:39[m[K,
[0.944s]                  from [01m[K/usr/include/c++/9/array:39[m[K,
[0.944s]                  from [01m[K/usr/include/c++/9/tuple:39[m[K,
[0.944s]                  from [01m[K/usr/include/c++/9/functional:54[m[K,
[0.944s]                  from [01m[K/home/robogait/catkin_ws/src/pkg_navigation/src/robot_controller.cpp:2[m[K:
[0.944s] [01m[K/usr/include/c++/9/bits/basic_string.h:6100:5:[m[K [01;36m[Knote: [m[Kcandidate: ‘[01m[Ktemplate<class _CharT, class _Traits, class _Alloc> std::__cxx11::basic_string<_CharT, _Traits, _Alloc> std::operator+(std::__cxx11::basic_string<_CharT, _Traits, _Alloc>&&, std::__cxx11::basic_string<_CharT, _Traits, _Alloc>&&)[m[K’
[0.944s]  6100 |     [01;36m[Koperator[m[K+(basic_string<_CharT, _Traits, _Alloc>&& __lhs,
[0.944s]       |     [01;36m[K^~~~~~~~[m[K
[0.944s] [01m[K/usr/include/c++/9/bits/basic_string.h:6100:5:[m[K [01;36m[Knote: [m[K  template argument deduction/substitution failed:
[0.944s] [01m[K/home/robogait/catkin_ws/src/pkg_navigation/src/robot_controller.cpp:76:53:[m[K [01;36m[Knote: [m[K  mismatched types ‘[01m[Kstd::__cxx11::basic_string<_CharT, _Traits, _Alloc>[m[K’ and ‘[01m[Kconst char [3][m[K’
[0.944s]    76 |        cout << "x:"+path_local.poses[use_pose].pose.[01;36m[Korientation[m[K<< endl;
[0.944s]       |                                                     [01;36m[K^~~~~~~~~~~[m[K
[0.944s] In file included from [01m[K/usr/include/c++/9/string:55[m[K,
[0.944s]                  from [01m[K/usr/include/c++/9/stdexcept:39[m[K,
[0.944s]                  from [01m[K/usr/include/c++/9/array:39[m[K,
[0.944s]                  from [01m[K/usr/include/c++/9/tuple:39[m[K,
[0.945s]                  from [01m[K/usr/include/c++/9/functional:54[m[K,
[0.945s]                  from [01m[K/home/robogait/catkin_ws/src/pkg_navigation/src/robot_controller.cpp:2[m[K:
[0.945s] [01m[K/usr/include/c++/9/bits/basic_string.h:6112:5:[m[K [01;36m[Knote: [m[Kcandidate: ‘[01m[Ktemplate<class _CharT, class _Traits, class _Alloc> std::__cxx11::basic_string<_CharT, _Traits, _Alloc> std::operator+(const _CharT*, std::__cxx11::basic_string<_CharT, _Traits, _Alloc>&&)[m[K’
[0.945s]  6112 |     [01;36m[Koperator[m[K+(const _CharT* __lhs,
[0.945s]       |     [01;36m[K^~~~~~~~[m[K
[0.945s] [01m[K/usr/include/c++/9/bits/basic_string.h:6112:5:[m[K [01;36m[Knote: [m[K  template argument deduction/substitution failed:
[0.945s] [01m[K/home/robogait/catkin_ws/src/pkg_navigation/src/robot_controller.cpp:76:53:[m[K [01;36m[Knote: [m[K  ‘[01m[Kgeometry_msgs::msg::Pose_<std::allocator<void> >::_orientation_type[m[K’ {aka ‘[01m[Kgeometry_msgs::msg::Quaternion_<std::allocator<void> >[m[K’} is not derived from ‘[01m[Kstd::__cxx11::basic_string<_CharT, _Traits, _Alloc>[m[K’
[0.945s]    76 |        cout << "x:"+path_local.poses[use_pose].pose.[01;36m[Korientation[m[K<< endl;
[0.945s]       |                                                     [01;36m[K^~~~~~~~~~~[m[K
[0.945s] In file included from [01m[K/usr/include/c++/9/string:55[m[K,
[0.945s]                  from [01m[K/usr/include/c++/9/stdexcept:39[m[K,
[0.945s]                  from [01m[K/usr/include/c++/9/array:39[m[K,
[0.945s]                  from [01m[K/usr/include/c++/9/tuple:39[m[K,
[0.945s]                  from [01m[K/usr/include/c++/9/functional:54[m[K,
[0.945s]                  from [01m[K/home/robogait/catkin_ws/src/pkg_navigation/src/robot_controller.cpp:2[m[K:
[0.945s] [01m[K/usr/include/c++/9/bits/basic_string.h:6118:5:[m[K [01;36m[Knote: [m[Kcandidate: ‘[01m[Ktemplate<class _CharT, class _Traits, class _Alloc> std::__cxx11::basic_string<_CharT, _Traits, _Alloc> std::operator+(_CharT, std::__cxx11::basic_string<_CharT, _Traits, _Alloc>&&)[m[K’
[0.945s]  6118 |     [01;36m[Koperator[m[K+(_CharT __lhs,
[0.945s]       |     [01;36m[K^~~~~~~~[m[K
[0.945s] [01m[K/usr/include/c++/9/bits/basic_string.h:6118:5:[m[K [01;36m[Knote: [m[K  template argument deduction/substitution failed:
[0.945s] [01m[K/home/robogait/catkin_ws/src/pkg_navigation/src/robot_controller.cpp:76:53:[m[K [01;36m[Knote: [m[K  ‘[01m[Kgeometry_msgs::msg::Pose_<std::allocator<void> >::_orientation_type[m[K’ {aka ‘[01m[Kgeometry_msgs::msg::Quaternion_<std::allocator<void> >[m[K’} is not derived from ‘[01m[Kstd::__cxx11::basic_string<_CharT, _Traits, _Alloc>[m[K’
[0.945s]    76 |        cout << "x:"+path_local.poses[use_pose].pose.[01;36m[Korientation[m[K<< endl;
[0.945s]       |                                                     [01;36m[K^~~~~~~~~~~[m[K
[0.946s] In file included from [01m[K/usr/include/c++/9/string:55[m[K,
[0.946s]                  from [01m[K/usr/include/c++/9/stdexcept:39[m[K,
[0.946s]                  from [01m[K/usr/include/c++/9/array:39[m[K,
[0.946s]                  from [01m[K/usr/include/c++/9/tuple:39[m[K,
[0.946s]                  from [01m[K/usr/include/c++/9/functional:54[m[K,
[0.946s]                  from [01m[K/home/robogait/catkin_ws/src/pkg_navigation/src/robot_controller.cpp:2[m[K:
[0.946s] [01m[K/usr/include/c++/9/bits/basic_string.h:6124:5:[m[K [01;36m[Knote: [m[Kcandidate: ‘[01m[Ktemplate<class _CharT, class _Traits, class _Alloc> std::__cxx11::basic_string<_CharT, _Traits, _Alloc> std::operator+(std::__cxx11::basic_string<_CharT, _Traits, _Alloc>&&, const _CharT*)[m[K’
[0.946s]  6124 |     [01;36m[Koperator[m[K+(basic_string<_CharT, _Traits, _Alloc>&& __lhs,
[0.946s]       |     [01;36m[K^~~~~~~~[m[K
[0.946s] [01m[K/usr/include/c++/9/bits/basic_string.h:6124:5:[m[K [01;36m[Knote: [m[K  template argument deduction/substitution failed:
[0.946s] [01m[K/home/robogait/catkin_ws/src/pkg_navigation/src/robot_controller.cpp:76:53:[m[K [01;36m[Knote: [m[K  mismatched types ‘[01m[Kstd::__cxx11::basic_string<_CharT, _Traits, _Alloc>[m[K’ and ‘[01m[Kconst char [3][m[K’
[0.946s]    76 |        cout << "x:"+path_local.poses[use_pose].pose.[01;36m[Korientation[m[K<< endl;
[0.946s]       |                                                     [01;36m[K^~~~~~~~~~~[m[K
[0.946s] In file included from [01m[K/usr/include/c++/9/string:55[m[K,
[0.946s]                  from [01m[K/usr/include/c++/9/stdexcept:39[m[K,
[0.946s]                  from [01m[K/usr/include/c++/9/array:39[m[K,
[0.946s]                  from [01m[K/usr/include/c++/9/tuple:39[m[K,
[0.946s]                  from [01m[K/usr/include/c++/9/functional:54[m[K,
[0.946s]                  from [01m[K/home/robogait/catkin_ws/src/pkg_navigation/src/robot_controller.cpp:2[m[K:
[0.946s] [01m[K/usr/include/c++/9/bits/basic_string.h:6130:5:[m[K [01;36m[Knote: [m[Kcandidate: ‘[01m[Ktemplate<class _CharT, class _Traits, class _Alloc> std::__cxx11::basic_string<_CharT, _Traits, _Alloc> std::operator+(std::__cxx11::basic_string<_CharT, _Traits, _Alloc>&&, _CharT)[m[K’
[0.946s]  6130 |     [01;36m[Koperator[m[K+(basic_string<_CharT, _Traits, _Alloc>&& __lhs,
[0.946s]       |     [01;36m[K^~~~~~~~[m[K
[0.946s] [01m[K/usr/include/c++/9/bits/basic_string.h:6130:5:[m[K [01;36m[Knote: [m[K  template argument deduction/substitution failed:
[0.946s] [01m[K/home/robogait/catkin_ws/src/pkg_navigation/src/robot_controller.cpp:76:53:[m[K [01;36m[Knote: [m[K  mismatched types ‘[01m[Kstd::__cxx11::basic_string<_CharT, _Traits, _Alloc>[m[K’ and ‘[01m[Kconst char [3][m[K’
[0.947s]    76 |        cout << "x:"+path_local.poses[use_pose].pose.[01;36m[Korientation[m[K<< endl;
[0.947s]       |                                                     [01;36m[K^~~~~~~~~~~[m[K
[0.947s] In file included from [01m[K/usr/include/c++/9/vector:68[m[K,
[0.947s]                  from [01m[K/opt/ros/foxy/include/rclcpp/executor.hpp:27[m[K,
[0.947s]                  from [01m[K/opt/ros/foxy/include/rclcpp/executors/multi_threaded_executor.hpp:26[m[K,
[0.947s]                  from [01m[K/opt/ros/foxy/include/rclcpp/executors.hpp:21[m[K,
[0.947s]                  from [01m[K/opt/ros/foxy/include/rclcpp/rclcpp.hpp:146[m[K,
[0.947s]                  from [01m[K/home/robogait/catkin_ws/src/pkg_navigation/src/robot_controller.cpp:8[m[K:
[0.947s] [01m[K/usr/include/c++/9/bits/stl_bvector.h:303:3:[m[K [01;36m[Knote: [m[Kcandidate: ‘[01m[Kstd::_Bit_iterator std::operator+(std::ptrdiff_t, const std::_Bit_iterator&)[m[K’
[0.947s]   303 |   [01;36m[Koperator[m[K+(ptrdiff_t __n, const _Bit_iterator& __x)
[0.947s]       |   [01;36m[K^~~~~~~~[m[K
[0.947s] [01m[K/usr/include/c++/9/bits/stl_bvector.h:303:49:[m[K [01;36m[Knote: [m[K  no known conversion for argument 2 from ‘[01m[Kgeometry_msgs::msg::Pose_<std::allocator<void> >::_orientation_type[m[K’ {aka ‘[01m[Kgeometry_msgs::msg::Quaternion_<std::allocator<void> >[m[K’} to ‘[01m[Kconst std::_Bit_iterator&[m[K’
[0.947s]   303 |   operator+(ptrdiff_t __n, [01;36m[Kconst _Bit_iterator& __x[m[K)
[0.947s]       |                            [01;36m[K~~~~~~~~~~~~~~~~~~~~~^~~[m[K
[0.947s] [01m[K/usr/include/c++/9/bits/stl_bvector.h:393:3:[m[K [01;36m[Knote: [m[Kcandidate: ‘[01m[Kstd::_Bit_const_iterator std::operator+(std::ptrdiff_t, const std::_Bit_const_iterator&)[m[K’
[0.947s]   393 |   [01;36m[Koperator[m[K+(ptrdiff_t __n, const _Bit_const_iterator& __x)
[0.947s]       |   [01;36m[K^~~~~~~~[m[K
[0.947s] [01m[K/usr/include/c++/9/bits/stl_bvector.h:393:55:[m[K [01;36m[Knote: [m[K  no known conversion for argument 2 from ‘[01m[Kgeometry_msgs::msg::Pose_<std::allocator<void> >::_orientation_type[m[K’ {aka ‘[01m[Kgeometry_msgs::msg::Quaternion_<std::allocator<void> >[m[K’} to ‘[01m[Kconst std::_Bit_const_iterator&[m[K’
[0.947s]   393 |   operator+(ptrdiff_t __n, [01;36m[Kconst _Bit_const_iterator& __x[m[K)
[0.947s]       |                            [01;36m[K~~~~~~~~~~~~~~~~~~~~~~~~~~~^~~[m[K
[0.947s] In file included from [01m[K/opt/ros/foxy/include/rclcpp/clock.hpp:23[m[K,
[0.947s]                  from [01m[K/opt/ros/foxy/include/rclcpp/timer.hpp:27[m[K,
[0.947s]                  from [01m[K/opt/ros/foxy/include/rclcpp/callback_group.hpp:27[m[K,
[0.947s]                  from [01m[K/opt/ros/foxy/include/rclcpp/any_executable.hpp:20[m[K,
[0.947s]                  from [01m[K/opt/ros/foxy/include/rclcpp/memory_strategy.hpp:24[m[K,
[0.947s]                  from [01m[K/opt/ros/foxy/include/rclcpp/memory_strategies.hpp:18[m[K,
[0.948s]                  from [01m[K/opt/ros/foxy/include/rclcpp/executor_options.hpp:20[m[K,
[0.948s]                  from [01m[K/opt/ros/foxy/include/rclcpp/executor.hpp:33[m[K,
[0.948s]                  from [01m[K/opt/ros/foxy/include/rclcpp/executors/multi_threaded_executor.hpp:26[m[K,
[0.948s]                  from [01m[K/opt/ros/foxy/include/rclcpp/executors.hpp:21[m[K,
[0.948s]                  from [01m[K/opt/ros/foxy/include/rclcpp/rclcpp.hpp:146[m[K,
[0.948s]                  from [01m[K/home/robogait/catkin_ws/src/pkg_navigation/src/robot_controller.cpp:8[m[K:
[0.948s] [01m[K/opt/ros/foxy/include/rclcpp/time.hpp:223:1:[m[K [01;36m[Knote: [m[Kcandidate: ‘[01m[Krclcpp::Time rclcpp::operator+(const rclcpp::Duration&, const rclcpp::Time&)[m[K’
[0.948s]   223 | [01;36m[Koperator[m[K+(const rclcpp::Duration & lhs, const rclcpp::Time & rhs);
[0.948s]       | [01;36m[K^~~~~~~~[m[K
[0.948s] [01m[K/opt/ros/foxy/include/rclcpp/time.hpp:223:36:[m[K [01;36m[Knote: [m[K  no known conversion for argument 1 from ‘[01m[Kconst char [3][m[K’ to ‘[01m[Kconst rclcpp::Duration&[m[K’
[0.948s]   223 | operator+([01;36m[Kconst rclcpp::Duration & lhs[m[K, const rclcpp::Time & rhs);
[0.948s]       |           [01;36m[K~~~~~~~~~~~~~~~~~~~~~~~~~^~~[m[K
[2.273s] make[2]: *** [CMakeFiles/robot_controller.dir/build.make:63: CMakeFiles/robot_controller.dir/src/robot_controller.cpp.o] Error 1
[2.273s] make[1]: *** [CMakeFiles/Makefile2:221: CMakeFiles/robot_controller.dir/all] Error 2
[2.273s] make: *** [Makefile:141: all] Error 2
[2.275s] Invoked command in '/home/robogait/catkin_ws/build/pkg_navigation' returned '2': CMAKE_PREFIX_PATH=${CMAKE_PREFIX_PATH}:/home/robogait/ros2_ws/install/nav2_project:/home/robogait/nav2_ws/install/nav2_gazebo_spawner:/home/robogait/ros2_serial/install/ourbotmanager:/opt/ros/foxy /usr/bin/cmake --build /home/robogait/catkin_ws/build/pkg_navigation -- -j8 -l8
