[0.010s] Invoking command in '/home/robogait/azure_kinect_ws/build/body_tracking': CMAKE_PREFIX_PATH=${CMAKE_PREFIX_PATH}:/home/robogait/ros2_serial/install/ourbotmanager:/opt/ros/foxy /usr/bin/cmake --build /home/robogait/azure_kinect_ws/build/body_tracking -- -j8 -l8
[0.029s] -- Found ament_cmake: 0.9.9 (/opt/ros/foxy/share/ament_cmake/cmake)
[0.042s] -- Found PythonInterp: /usr/bin/python3 (found suitable version "3.8.10", minimum required is "3") 
[0.043s] -- Using PYTHON_EXECUTABLE: /usr/bin/python3
[0.143s] -- Found rclcpp: 2.4.1 (/opt/ros/foxy/share/rclcpp/cmake)
[0.163s] -- Using all available rosidl_typesupport_c: rosidl_typesupport_fastrtps_c;rosidl_typesupport_introspection_c
[0.165s] -- Found rosidl_adapter: 1.2.1 (/opt/ros/foxy/share/rosidl_adapter/cmake)
[0.235s] -- Using all available rosidl_typesupport_cpp: rosidl_typesupport_fastrtps_cpp;rosidl_typesupport_introspection_cpp
[0.264s] -- Found rmw_implementation_cmake: 1.0.3 (/opt/ros/foxy/share/rmw_implementation_cmake/cmake)
[0.265s] -- Using RMW implementation 'rmw_fastrtps_cpp' as default
[0.347s] -- Found body_tracking: 0.0.0 (/home/robogait/azure_kinect_ws/install/body_tracking/share/body_tracking/cmake)
[0.351s] -- Found rosidl_default_generators: 1.0.1 (/opt/ros/foxy/share/rosidl_default_generators/cmake)
[0.370s] -- Found PythonInterp: /usr/bin/python3 (found version "3.8.10") 
[0.438s] -- Found ament_cmake_ros: 0.9.2 (/opt/ros/foxy/share/ament_cmake_ros/cmake)
[0.495s] -- Using all available rosidl_typesupport_c: rosidl_typesupport_fastrtps_c;rosidl_typesupport_introspection_c
[0.498s] -- Using all available rosidl_typesupport_cpp: rosidl_typesupport_fastrtps_cpp;rosidl_typesupport_introspection_cpp
[0.512s] -- Found PythonInterp: /usr/bin/python3 (found suitable version "3.8.10", minimum required is "3.5") 
[0.512s] -- Found python_cmake_module: 0.8.1 (/opt/ros/foxy/share/python_cmake_module/cmake)
[0.529s] -- Using PYTHON_EXECUTABLE: /usr/bin/python3
[0.530s] -- Using PYTHON_INCLUDE_DIRS: /usr/include/python3.8
[0.530s] -- Using PYTHON_LIBRARIES: /usr/lib/x86_64-linux-gnu/libpython3.8.so
[0.540s] -- Found ament_lint_auto: 0.9.6 (/opt/ros/foxy/share/ament_lint_auto/cmake)
[0.545s] -- Added test 'copyright' to check source files copyright and LICENSE
[0.545s] -- Added test 'cppcheck' to perform static code analysis on C / C++ code
[0.546s] -- Configured cppcheck include dirs: $<BUILD_INTERFACE:/home/robogait/azure_kinect_ws/src/body_tracking/include>
[0.546s] -- Configured cppcheck exclude dirs and/or files: 
[0.546s] -- Added test 'cpplint' to check C / C++ code against the Google style
[0.546s] -- Configured cpplint exclude dirs and/or files: 
[0.547s] -- Added test 'lint_cmake' to check CMake code style
[0.547s] -- Added test 'uncrustify' to check C / C++ code style
[0.547s] -- Configured uncrustify additional arguments: 
[0.547s] -- Added test 'xmllint' to check XML markup files
[0.550s] -- Configuring done
[0.564s] -- Generating done
[0.566s] -- Build files have been written to: /home/robogait/azure_kinect_ws/build/body_tracking
[0.590s] [ 15%] Built target body_tracking__cpp
[0.591s] [ 15%] Built target body_tracking_node
[0.591s] [ 18%] Built target body_tracking__rosidl_generator_c
[0.604s] [ 36%] Built target body_tracking__rosidl_typesupport_introspection_c
[0.604s] [ 36%] Built target body_tracking__rosidl_typesupport_c
[0.618s] [ 54%] Built target body_tracking__rosidl_typesupport_cpp
[0.619s] [ 54%] Built target body_tracking__rosidl_typesupport_introspection_cpp
[0.620s] [ 63%] Built target body_tracking__rosidl_typesupport_fastrtps_cpp
[0.627s] [ 66%] [34m[1mGenerating C type support for eProsima Fast-RTPS[0m
[0.745s] [35m[1mScanning dependencies of target body_tracking__rosidl_typesupport_fastrtps_c[0m
[0.755s] [ 69%] [32mBuilding CXX object CMakeFiles/body_tracking__rosidl_typesupport_fastrtps_c.dir/rosidl_typesupport_fastrtps_c/body_tracking/msg/detail/hip_coordinates__type_support_c.cpp.o[0m
[0.941s] [ 72%] [32m[1mLinking CXX shared library libbody_tracking__rosidl_typesupport_fastrtps_c.so[0m
[0.993s] [ 72%] Built target body_tracking__rosidl_typesupport_fastrtps_c
[1.006s] [ 72%] Built target body_tracking
[1.012s] [35m[1mScanning dependencies of target body_tracking__py[0m
[1.021s] [ 75%] [34m[1mGenerating Python code for ROS interfaces[0m
[1.231s] [ 75%] Built target body_tracking__py
[1.238s] [35m[1mScanning dependencies of target body_tracking__python[0m
[1.247s] [ 78%] [32mBuilding C object CMakeFiles/body_tracking__python.dir/rosidl_generator_py/body_tracking/msg/_hip_coordinates_s.c.o[0m
[1.297s] [ 81%] [32m[1mLinking C shared library rosidl_generator_py/body_tracking/libbody_tracking__python.so[0m
[1.326s] [ 81%] Built target body_tracking__python
[1.337s] [35m[1mScanning dependencies of target body_tracking__rosidl_typesupport_c__pyext[0m
[1.337s] [35m[1mScanning dependencies of target body_tracking__rosidl_typesupport_introspection_c__pyext[0m
[1.337s] [35m[1mScanning dependencies of target body_tracking__rosidl_typesupport_fastrtps_c__pyext[0m
[1.345s] [ 84%] [32mBuilding C object CMakeFiles/body_tracking__rosidl_typesupport_c__pyext.dir/rosidl_generator_py/body_tracking/_body_tracking_s.ep.rosidl_typesupport_c.c.o[0m
[1.346s] [ 90%] [32mBuilding C object CMakeFiles/body_tracking__rosidl_typesupport_introspection_c__pyext.dir/rosidl_generator_py/body_tracking/_body_tracking_s.ep.rosidl_typesupport_introspection_c.c.o[0m
[1.346s] [ 90%] [32mBuilding C object CMakeFiles/body_tracking__rosidl_typesupport_fastrtps_c__pyext.dir/rosidl_generator_py/body_tracking/_body_tracking_s.ep.rosidl_typesupport_fastrtps_c.c.o[0m
[1.394s] [100%] [32m[1mLinking C shared library rosidl_generator_py/body_tracking/body_tracking_s__rosidl_typesupport_introspection_c.cpython-38-x86_64-linux-gnu.so[0m
[1.394s] [100%] [32m[1mLinking CXX shared library rosidl_generator_py/body_tracking/body_tracking_s__rosidl_typesupport_fastrtps_c.cpython-38-x86_64-linux-gnu.so[0m
[1.394s] [100%] [32m[1mLinking C shared library rosidl_generator_py/body_tracking/body_tracking_s__rosidl_typesupport_c.cpython-38-x86_64-linux-gnu.so[0m
[1.416s] [100%] Built target body_tracking__rosidl_typesupport_c__pyext
[1.416s] [100%] Built target body_tracking__rosidl_typesupport_introspection_c__pyext
[1.434s] [100%] Built target body_tracking__rosidl_typesupport_fastrtps_c__pyext
[1.442s] Invoked command in '/home/robogait/azure_kinect_ws/build/body_tracking' returned '0': CMAKE_PREFIX_PATH=${CMAKE_PREFIX_PATH}:/home/robogait/ros2_serial/install/ourbotmanager:/opt/ros/foxy /usr/bin/cmake --build /home/robogait/azure_kinect_ws/build/body_tracking -- -j8 -l8
[1.480s] Invoking command in '/home/robogait/azure_kinect_ws/build/body_tracking': CMAKE_PREFIX_PATH=${CMAKE_PREFIX_PATH}:/home/robogait/ros2_serial/install/ourbotmanager:/opt/ros/foxy /usr/bin/cmake --install /home/robogait/azure_kinect_ws/build/body_tracking
[1.487s] -- Install configuration: ""
[1.487s] -- Up-to-date: /home/robogait/azure_kinect_ws/install/body_tracking/lib/body_tracking/body_tracking_node
[1.487s] -- Installing: /home/robogait/azure_kinect_ws/install/body_tracking/share/ament_index/resource_index/rosidl_interfaces/body_tracking
[1.487s] -- Up-to-date: /home/robogait/azure_kinect_ws/install/body_tracking/include/body_tracking
[1.487s] -- Up-to-date: /home/robogait/azure_kinect_ws/install/body_tracking/include/body_tracking/msg
[1.487s] -- Up-to-date: /home/robogait/azure_kinect_ws/install/body_tracking/include/body_tracking/msg/rosidl_generator_c__visibility_control.h
[1.487s] -- Up-to-date: /home/robogait/azure_kinect_ws/install/body_tracking/include/body_tracking/msg/detail
[1.487s] -- Installing: /home/robogait/azure_kinect_ws/install/body_tracking/include/body_tracking/msg/detail/num__functions.c
[1.487s] -- Installing: /home/robogait/azure_kinect_ws/install/body_tracking/include/body_tracking/msg/detail/hip_coordinates__functions.c
[1.487s] -- Installing: /home/robogait/azure_kinect_ws/install/body_tracking/include/body_tracking/msg/detail/num__type_support.h
[1.487s] -- Installing: /home/robogait/azure_kinect_ws/install/body_tracking/include/body_tracking/msg/detail/hip_coordinates__functions.h
[1.487s] -- Installing: /home/robogait/azure_kinect_ws/install/body_tracking/include/body_tracking/msg/detail/num__functions.h
[1.487s] -- Installing: /home/robogait/azure_kinect_ws/install/body_tracking/include/body_tracking/msg/detail/hip_coordinates__struct.h
[1.487s] -- Installing: /home/robogait/azure_kinect_ws/install/body_tracking/include/body_tracking/msg/detail/num__struct.h
[1.487s] -- Installing: /home/robogait/azure_kinect_ws/install/body_tracking/include/body_tracking/msg/detail/hip_coordinates__type_support.h
[1.487s] -- Installing: /home/robogait/azure_kinect_ws/install/body_tracking/include/body_tracking/msg/hip_coordinates.h
[1.487s] -- Installing: /home/robogait/azure_kinect_ws/install/body_tracking/include/body_tracking/msg/num.h
[1.487s] -- Up-to-date: /home/robogait/azure_kinect_ws/install/body_tracking/share/body_tracking/environment/library_path.sh
[1.487s] -- Installing: /home/robogait/azure_kinect_ws/install/body_tracking/share/body_tracking/environment/library_path.dsv
[1.487s] -- Installing: /home/robogait/azure_kinect_ws/install/body_tracking/lib/libbody_tracking__rosidl_generator_c.so
[1.488s] -- Set runtime path of "/home/robogait/azure_kinect_ws/install/body_tracking/lib/libbody_tracking__rosidl_generator_c.so" to ""
[1.488s] -- Up-to-date: /home/robogait/azure_kinect_ws/install/body_tracking/include/body_tracking
[1.488s] -- Up-to-date: /home/robogait/azure_kinect_ws/install/body_tracking/include/body_tracking/msg
[1.488s] -- Up-to-date: /home/robogait/azure_kinect_ws/install/body_tracking/include/body_tracking/msg/detail
[1.488s] -- Installing: /home/robogait/azure_kinect_ws/install/body_tracking/include/body_tracking/msg/detail/hip_coordinates__rosidl_typesupport_fastrtps_c.h
[1.488s] -- Up-to-date: /home/robogait/azure_kinect_ws/install/body_tracking/include/body_tracking/msg/detail/num__rosidl_typesupport_fastrtps_c.h
[1.488s] -- Up-to-date: /home/robogait/azure_kinect_ws/install/body_tracking/include/body_tracking/msg/rosidl_typesupport_fastrtps_c__visibility_control.h
[1.488s] -- Installing: /home/robogait/azure_kinect_ws/install/body_tracking/lib/libbody_tracking__rosidl_typesupport_fastrtps_c.so
[1.488s] -- Set runtime path of "/home/robogait/azure_kinect_ws/install/body_tracking/lib/libbody_tracking__rosidl_typesupport_fastrtps_c.so" to ""
[1.488s] -- Up-to-date: /home/robogait/azure_kinect_ws/install/body_tracking/include/body_tracking
[1.488s] -- Up-to-date: /home/robogait/azure_kinect_ws/install/body_tracking/include/body_tracking/msg
[1.488s] -- Up-to-date: /home/robogait/azure_kinect_ws/install/body_tracking/include/body_tracking/msg/detail
[1.488s] -- Up-to-date: /home/robogait/azure_kinect_ws/install/body_tracking/include/body_tracking/msg/detail/dds_fastrtps
[1.488s] -- Installing: /home/robogait/azure_kinect_ws/install/body_tracking/include/body_tracking/msg/detail/hip_coordinates__rosidl_typesupport_fastrtps_cpp.hpp
[1.488s] -- Installing: /home/robogait/azure_kinect_ws/install/body_tracking/include/body_tracking/msg/detail/num__rosidl_typesupport_fastrtps_cpp.hpp
[1.488s] -- Up-to-date: /home/robogait/azure_kinect_ws/install/body_tracking/include/body_tracking/msg/rosidl_typesupport_fastrtps_cpp__visibility_control.h
[1.488s] -- Installing: /home/robogait/azure_kinect_ws/install/body_tracking/lib/libbody_tracking__rosidl_typesupport_fastrtps_cpp.so
[1.488s] -- Set runtime path of "/home/robogait/azure_kinect_ws/install/body_tracking/lib/libbody_tracking__rosidl_typesupport_fastrtps_cpp.so" to ""
[1.488s] -- Up-to-date: /home/robogait/azure_kinect_ws/install/body_tracking/include/body_tracking
[1.488s] -- Up-to-date: /home/robogait/azure_kinect_ws/install/body_tracking/include/body_tracking/msg
[1.488s] -- Up-to-date: /home/robogait/azure_kinect_ws/install/body_tracking/include/body_tracking/msg/rosidl_typesupport_introspection_c__visibility_control.h
[1.489s] -- Up-to-date: /home/robogait/azure_kinect_ws/install/body_tracking/include/body_tracking/msg/detail
[1.489s] -- Installing: /home/robogait/azure_kinect_ws/install/body_tracking/include/body_tracking/msg/detail/hip_coordinates__rosidl_typesupport_introspection_c.h
[1.489s] -- Installing: /home/robogait/azure_kinect_ws/install/body_tracking/include/body_tracking/msg/detail/num__rosidl_typesupport_introspection_c.h
[1.489s] -- Installing: /home/robogait/azure_kinect_ws/install/body_tracking/include/body_tracking/msg/detail/hip_coordinates__type_support.c
[1.489s] -- Installing: /home/robogait/azure_kinect_ws/install/body_tracking/include/body_tracking/msg/detail/num__type_support.c
[1.489s] -- Installing: /home/robogait/azure_kinect_ws/install/body_tracking/lib/libbody_tracking__rosidl_typesupport_introspection_c.so
[1.489s] -- Set runtime path of "/home/robogait/azure_kinect_ws/install/body_tracking/lib/libbody_tracking__rosidl_typesupport_introspection_c.so" to ""
[1.489s] -- Installing: /home/robogait/azure_kinect_ws/install/body_tracking/lib/libbody_tracking__rosidl_typesupport_c.so
[1.489s] -- Set runtime path of "/home/robogait/azure_kinect_ws/install/body_tracking/lib/libbody_tracking__rosidl_typesupport_c.so" to ""
[1.489s] -- Up-to-date: /home/robogait/azure_kinect_ws/install/body_tracking/include/body_tracking
[1.489s] -- Up-to-date: /home/robogait/azure_kinect_ws/install/body_tracking/include/body_tracking/msg
[1.489s] -- Installing: /home/robogait/azure_kinect_ws/install/body_tracking/include/body_tracking/msg/num.hpp
[1.489s] -- Up-to-date: /home/robogait/azure_kinect_ws/install/body_tracking/include/body_tracking/msg/detail
[1.489s] -- Installing: /home/robogait/azure_kinect_ws/install/body_tracking/include/body_tracking/msg/detail/hip_coordinates__builder.hpp
[1.489s] -- Installing: /home/robogait/azure_kinect_ws/install/body_tracking/include/body_tracking/msg/detail/num__builder.hpp
[1.489s] -- Installing: /home/robogait/azure_kinect_ws/install/body_tracking/include/body_tracking/msg/detail/hip_coordinates__traits.hpp
[1.490s] -- Installing: /home/robogait/azure_kinect_ws/install/body_tracking/include/body_tracking/msg/detail/num__traits.hpp
[1.490s] -- Installing: /home/robogait/azure_kinect_ws/install/body_tracking/include/body_tracking/msg/detail/num__struct.hpp
[1.490s] -- Installing: /home/robogait/azure_kinect_ws/install/body_tracking/include/body_tracking/msg/detail/hip_coordinates__struct.hpp
[1.490s] -- Installing: /home/robogait/azure_kinect_ws/install/body_tracking/include/body_tracking/msg/hip_coordinates.hpp
[1.490s] -- Up-to-date: /home/robogait/azure_kinect_ws/install/body_tracking/include/body_tracking
[1.490s] -- Up-to-date: /home/robogait/azure_kinect_ws/install/body_tracking/include/body_tracking/msg
[1.490s] -- Up-to-date: /home/robogait/azure_kinect_ws/install/body_tracking/include/body_tracking/msg/detail
[1.490s] -- Installing: /home/robogait/azure_kinect_ws/install/body_tracking/include/body_tracking/msg/detail/num__type_support.cpp
[1.490s] -- Installing: /home/robogait/azure_kinect_ws/install/body_tracking/include/body_tracking/msg/detail/hip_coordinates__type_support.cpp
[1.490s] -- Installing: /home/robogait/azure_kinect_ws/install/body_tracking/include/body_tracking/msg/detail/hip_coordinates__rosidl_typesupport_introspection_cpp.hpp
[1.490s] -- Installing: /home/robogait/azure_kinect_ws/install/body_tracking/include/body_tracking/msg/detail/num__rosidl_typesupport_introspection_cpp.hpp
[1.490s] -- Installing: /home/robogait/azure_kinect_ws/install/body_tracking/lib/libbody_tracking__rosidl_typesupport_introspection_cpp.so
[1.490s] -- Set runtime path of "/home/robogait/azure_kinect_ws/install/body_tracking/lib/libbody_tracking__rosidl_typesupport_introspection_cpp.so" to ""
[1.490s] -- Installing: /home/robogait/azure_kinect_ws/install/body_tracking/lib/libbody_tracking__rosidl_typesupport_cpp.so
[1.490s] -- Set runtime path of "/home/robogait/azure_kinect_ws/install/body_tracking/lib/libbody_tracking__rosidl_typesupport_cpp.so" to ""
[1.490s] -- Up-to-date: /home/robogait/azure_kinect_ws/install/body_tracking/share/body_tracking/environment/pythonpath.sh
[1.490s] -- Installing: /home/robogait/azure_kinect_ws/install/body_tracking/share/body_tracking/environment/pythonpath.dsv
[1.490s] -- Installing: /home/robogait/azure_kinect_ws/install/body_tracking/lib/python3.8/site-packages/body_tracking/__init__.py
[1.509s] Compiling '/home/robogait/azure_kinect_ws/install/body_tracking/lib/python3.8/site-packages/body_tracking/__init__.py'...
[1.511s] -- Up-to-date: /home/robogait/azure_kinect_ws/install/body_tracking/lib/python3.8/site-packages/body_tracking/msg
[1.512s] -- Installing: /home/robogait/azure_kinect_ws/install/body_tracking/lib/python3.8/site-packages/body_tracking/msg/_hip_coordinates.py
[1.512s] -- Up-to-date: /home/robogait/azure_kinect_ws/install/body_tracking/lib/python3.8/site-packages/body_tracking/msg/_num_s.c
[1.512s] -- Installing: /home/robogait/azure_kinect_ws/install/body_tracking/lib/python3.8/site-packages/body_tracking/msg/_hip_coordinates_s.c
[1.512s] -- Installing: /home/robogait/azure_kinect_ws/install/body_tracking/lib/python3.8/site-packages/body_tracking/msg/__init__.py
[1.512s] -- Up-to-date: /home/robogait/azure_kinect_ws/install/body_tracking/lib/python3.8/site-packages/body_tracking/msg/_num.py
[1.512s] -- Installing: /home/robogait/azure_kinect_ws/install/body_tracking/lib/python3.8/site-packages/body_tracking/body_tracking_s__rosidl_typesupport_fastrtps_c.cpython-38-x86_64-linux-gnu.so
[1.512s] -- Set runtime path of "/home/robogait/azure_kinect_ws/install/body_tracking/lib/python3.8/site-packages/body_tracking/body_tracking_s__rosidl_typesupport_fastrtps_c.cpython-38-x86_64-linux-gnu.so" to ""
[1.513s] -- Installing: /home/robogait/azure_kinect_ws/install/body_tracking/lib/python3.8/site-packages/body_tracking/body_tracking_s__rosidl_typesupport_introspection_c.cpython-38-x86_64-linux-gnu.so
[1.513s] -- Set runtime path of "/home/robogait/azure_kinect_ws/install/body_tracking/lib/python3.8/site-packages/body_tracking/body_tracking_s__rosidl_typesupport_introspection_c.cpython-38-x86_64-linux-gnu.so" to ""
[1.513s] -- Installing: /home/robogait/azure_kinect_ws/install/body_tracking/lib/python3.8/site-packages/body_tracking/body_tracking_s__rosidl_typesupport_c.cpython-38-x86_64-linux-gnu.so
[1.513s] -- Set runtime path of "/home/robogait/azure_kinect_ws/install/body_tracking/lib/python3.8/site-packages/body_tracking/body_tracking_s__rosidl_typesupport_c.cpython-38-x86_64-linux-gnu.so" to ""
[1.513s] -- Installing: /home/robogait/azure_kinect_ws/install/body_tracking/lib/libbody_tracking__python.so
[1.514s] -- Set runtime path of "/home/robogait/azure_kinect_ws/install/body_tracking/lib/libbody_tracking__python.so" to ""
[1.514s] -- Installing: /home/robogait/azure_kinect_ws/install/body_tracking/share/body_tracking/msg/HipCoordinates.idl
[1.514s] -- Installing: /home/robogait/azure_kinect_ws/install/body_tracking/share/body_tracking/msg/HipCoordinates.msg
[1.514s] -- Up-to-date: /home/robogait/azure_kinect_ws/install/body_tracking/share/ament_index/resource_index/package_run_dependencies/body_tracking
[1.514s] -- Up-to-date: /home/robogait/azure_kinect_ws/install/body_tracking/share/ament_index/resource_index/parent_prefix_path/body_tracking
[1.514s] -- Up-to-date: /home/robogait/azure_kinect_ws/install/body_tracking/share/body_tracking/environment/ament_prefix_path.sh
[1.514s] -- Installing: /home/robogait/azure_kinect_ws/install/body_tracking/share/body_tracking/environment/ament_prefix_path.dsv
[1.514s] -- Up-to-date: /home/robogait/azure_kinect_ws/install/body_tracking/share/body_tracking/environment/path.sh
[1.514s] -- Installing: /home/robogait/azure_kinect_ws/install/body_tracking/share/body_tracking/environment/path.dsv
[1.514s] -- Up-to-date: /home/robogait/azure_kinect_ws/install/body_tracking/share/body_tracking/local_setup.bash
[1.514s] -- Up-to-date: /home/robogait/azure_kinect_ws/install/body_tracking/share/body_tracking/local_setup.sh
[1.514s] -- Up-to-date: /home/robogait/azure_kinect_ws/install/body_tracking/share/body_tracking/local_setup.zsh
[1.514s] -- Installing: /home/robogait/azure_kinect_ws/install/body_tracking/share/body_tracking/local_setup.dsv
[1.514s] -- Installing: /home/robogait/azure_kinect_ws/install/body_tracking/share/body_tracking/package.dsv
[1.514s] -- Up-to-date: /home/robogait/azure_kinect_ws/install/body_tracking/share/ament_index/resource_index/packages/body_tracking
[1.514s] -- Up-to-date: /home/robogait/azure_kinect_ws/install/body_tracking/share/body_tracking/cmake/body_tracking__rosidl_generator_cExport.cmake
[1.514s] -- Installing: /home/robogait/azure_kinect_ws/install/body_tracking/share/body_tracking/cmake/body_tracking__rosidl_generator_cExport-noconfig.cmake
[1.514s] -- Up-to-date: /home/robogait/azure_kinect_ws/install/body_tracking/share/body_tracking/cmake/body_tracking__rosidl_typesupport_introspection_cExport.cmake
[1.514s] -- Installing: /home/robogait/azure_kinect_ws/install/body_tracking/share/body_tracking/cmake/body_tracking__rosidl_typesupport_introspection_cExport-noconfig.cmake
[1.515s] -- Up-to-date: /home/robogait/azure_kinect_ws/install/body_tracking/share/body_tracking/cmake/body_tracking__rosidl_typesupport_cExport.cmake
[1.515s] -- Installing: /home/robogait/azure_kinect_ws/install/body_tracking/share/body_tracking/cmake/body_tracking__rosidl_typesupport_cExport-noconfig.cmake
[1.515s] -- Up-to-date: /home/robogait/azure_kinect_ws/install/body_tracking/share/body_tracking/cmake/body_tracking__rosidl_generator_cppExport.cmake
[1.515s] -- Up-to-date: /home/robogait/azure_kinect_ws/install/body_tracking/share/body_tracking/cmake/body_tracking__rosidl_typesupport_introspection_cppExport.cmake
[1.515s] -- Installing: /home/robogait/azure_kinect_ws/install/body_tracking/share/body_tracking/cmake/body_tracking__rosidl_typesupport_introspection_cppExport-noconfig.cmake
[1.515s] -- Up-to-date: /home/robogait/azure_kinect_ws/install/body_tracking/share/body_tracking/cmake/body_tracking__rosidl_typesupport_cppExport.cmake
[1.515s] -- Installing: /home/robogait/azure_kinect_ws/install/body_tracking/share/body_tracking/cmake/body_tracking__rosidl_typesupport_cppExport-noconfig.cmake
[1.515s] -- Installing: /home/robogait/azure_kinect_ws/install/body_tracking/share/body_tracking/cmake/rosidl_cmake-extras.cmake
[1.515s] -- Up-to-date: /home/robogait/azure_kinect_ws/install/body_tracking/share/body_tracking/cmake/ament_cmake_export_dependencies-extras.cmake
[1.515s] -- Up-to-date: /home/robogait/azure_kinect_ws/install/body_tracking/share/body_tracking/cmake/ament_cmake_export_libraries-extras.cmake
[1.515s] -- Up-to-date: /home/robogait/azure_kinect_ws/install/body_tracking/share/body_tracking/cmake/ament_cmake_export_targets-extras.cmake
[1.515s] -- Up-to-date: /home/robogait/azure_kinect_ws/install/body_tracking/share/body_tracking/cmake/ament_cmake_export_include_directories-extras.cmake
[1.515s] -- Up-to-date: /home/robogait/azure_kinect_ws/install/body_tracking/share/body_tracking/cmake/rosidl_cmake_export_typesupport_libraries-extras.cmake
[1.515s] -- Up-to-date: /home/robogait/azure_kinect_ws/install/body_tracking/share/body_tracking/cmake/rosidl_cmake_export_typesupport_targets-extras.cmake
[1.515s] -- Up-to-date: /home/robogait/azure_kinect_ws/install/body_tracking/share/body_tracking/cmake/body_trackingConfig.cmake
[1.516s] -- Up-to-date: /home/robogait/azure_kinect_ws/install/body_tracking/share/body_tracking/cmake/body_trackingConfig-version.cmake
[1.516s] -- Installing: /home/robogait/azure_kinect_ws/install/body_tracking/share/body_tracking/package.xml
[1.517s] Invoked command in '/home/robogait/azure_kinect_ws/build/body_tracking' returned '0': CMAKE_PREFIX_PATH=${CMAKE_PREFIX_PATH}:/home/robogait/ros2_serial/install/ourbotmanager:/opt/ros/foxy /usr/bin/cmake --install /home/robogait/azure_kinect_ws/build/body_tracking
