[0.011s] Invoking command in '/home/robogait/azure_kinect_ws/build/body_tracking': CMAKE_PREFIX_PATH=${CMAKE_PREFIX_PATH}:/home/robogait/ros2_serial/install/ourbotmanager:/opt/ros/foxy /usr/bin/cmake --build /home/robogait/azure_kinect_ws/build/body_tracking -- -j8 -l8
[0.040s] [35m[1mScanning dependencies of target body_tracking_node[0m
[0.047s] [  4%] Built target body_tracking__cpp
[0.047s] [ 12%] Built target body_tracking__rosidl_generator_c
[0.056s] [ 14%] [32mBuilding CXX object CMakeFiles/body_tracking_node.dir/src/kinectAzure_body_tracker_node.cpp.o[0m
[0.061s] [ 34%] Built target body_tracking__rosidl_typesupport_introspection_c
[0.061s] [ 34%] Built target body_tracking__rosidl_typesupport_c
[0.076s] [ 53%] Built target body_tracking__rosidl_typesupport_introspection_cpp
[0.076s] [ 53%] Built target body_tracking__rosidl_typesupport_cpp
[0.077s] [ 63%] Built target body_tracking__rosidl_typesupport_fastrtps_cpp
[0.094s] [ 73%] Built target body_tracking__rosidl_typesupport_fastrtps_c
[0.107s] [ 73%] Built target body_tracking
[0.121s] [ 75%] Built target body_tracking__py
[0.139s] [ 82%] Built target body_tracking__python
[0.157s] [ 97%] Built target body_tracking__rosidl_typesupport_c__pyext
[0.157s] [ 97%] Built target body_tracking__rosidl_typesupport_fastrtps_c__pyext
[0.157s] [ 97%] Built target body_tracking__rosidl_typesupport_introspection_c__pyext
[0.807s] [01m[K/home/robogait/azure_kinect_ws/src/body_tracking/src/kinectAzure_body_tracker_node.cpp:[m[K In member function ‘[01m[Kvoid MinimalPublisher::body_tracking()[m[K’:
[0.807s] [01m[K/home/robogait/azure_kinect_ws/src/body_tracking/src/kinectAzure_body_tracker_node.cpp:157:58:[m[K [01;31m[Kerror: [m[K‘[01m[Kunion k4a_float3_t[m[K’ has no member named ‘[01m[Kx[m[K’
[0.807s]   157 |     position[i].v[0] = (body.skeleton.joints[4].position.[01;31m[Kx[m[K + body.skeleton.joints[11].position.x) / 2;
[0.807s]       |                                                          [01;31m[K^[m[K
[0.807s] [01m[K/home/robogait/azure_kinect_ws/src/body_tracking/src/kinectAzure_body_tracker_node.cpp:157:96:[m[K [01;31m[Kerror: [m[K‘[01m[Kunion k4a_float3_t[m[K’ has no member named ‘[01m[Kx[m[K’
[0.807s]   157 |     position[i].v[0] = (body.skeleton.joints[4].position.x + body.skeleton.joints[11].position.[01;31m[Kx[m[K) / 2;
[0.807s]       |                                                                                                [01;31m[K^[m[K
[0.807s] [01m[K/home/robogait/azure_kinect_ws/src/body_tracking/src/kinectAzure_body_tracker_node.cpp:158:58:[m[K [01;31m[Kerror: [m[K‘[01m[Kunion k4a_float3_t[m[K’ has no member named ‘[01m[Ky[m[K’
[0.807s]   158 |     position[i].v[1] = (body.skeleton.joints[4].position.[01;31m[Ky[m[K + body.skeleton.joints[11].position.y) / 2;
[0.807s]       |                                                          [01;31m[K^[m[K
[0.808s] [01m[K/home/robogait/azure_kinect_ws/src/body_tracking/src/kinectAzure_body_tracker_node.cpp:158:96:[m[K [01;31m[Kerror: [m[K‘[01m[Kunion k4a_float3_t[m[K’ has no member named ‘[01m[Ky[m[K’
[0.808s]   158 |     position[i].v[1] = (body.skeleton.joints[4].position.y + body.skeleton.joints[11].position.[01;31m[Ky[m[K) / 2;
[0.808s]       |                                                                                                [01;31m[K^[m[K
[0.808s] [01m[K/home/robogait/azure_kinect_ws/src/body_tracking/src/kinectAzure_body_tracker_node.cpp:159:58:[m[K [01;31m[Kerror: [m[K‘[01m[Kunion k4a_float3_t[m[K’ has no member named ‘[01m[Kz[m[K’
[0.808s]   159 |     position[i].v[2] = (body.skeleton.joints[4].position.[01;31m[Kz[m[K + body.skeleton.joints[11].position.z) / 2;
[0.808s]       |                                                          [01;31m[K^[m[K
[0.808s] [01m[K/home/robogait/azure_kinect_ws/src/body_tracking/src/kinectAzure_body_tracker_node.cpp:159:96:[m[K [01;31m[Kerror: [m[K‘[01m[Kunion k4a_float3_t[m[K’ has no member named ‘[01m[Kz[m[K’
[0.808s]   159 |     position[i].v[2] = (body.skeleton.joints[4].position.z + body.skeleton.joints[11].position.[01;31m[Kz[m[K) / 2;
[0.808s]       |                                                                                                [01;31m[K^[m[K
[1.330s] At global scope:
[1.330s] [01m[Kcc1plus:[m[K [01;35m[Kwarning: [m[Kunrecognized command line option ‘[01m[K-Wno-dev[m[K’
[1.342s] make[2]: *** [CMakeFiles/body_tracking_node.dir/build.make:63: CMakeFiles/body_tracking_node.dir/src/kinectAzure_body_tracker_node.cpp.o] Error 1
[1.342s] make[1]: *** [CMakeFiles/Makefile2:208: CMakeFiles/body_tracking_node.dir/all] Error 2
[1.342s] make: *** [Makefile:141: all] Error 2
[1.345s] Invoked command in '/home/robogait/azure_kinect_ws/build/body_tracking' returned '2': CMAKE_PREFIX_PATH=${CMAKE_PREFIX_PATH}:/home/robogait/ros2_serial/install/ourbotmanager:/opt/ros/foxy /usr/bin/cmake --build /home/robogait/azure_kinect_ws/build/body_tracking -- -j8 -l8
