[0.011s] Invoking command in '/home/robogait/azure_kinect_ws/build/body_tracking': CMAKE_PREFIX_PATH=${CMAKE_PREFIX_PATH}:/home/robogait/ros2_serial/install/ourbotmanager:/opt/ros/foxy /usr/bin/cmake --build /home/robogait/azure_kinect_ws/build/body_tracking -- -j8 -l8
[0.029s] -- Found ament_cmake: 0.9.9 (/opt/ros/foxy/share/ament_cmake/cmake)
[0.044s] -- Found PythonInterp: /usr/bin/python3 (found suitable version "3.8.10", minimum required is "3") 
[0.044s] -- Using PYTHON_EXECUTABLE: /usr/bin/python3
[0.154s] -- Found rclcpp: 2.4.1 (/opt/ros/foxy/share/rclcpp/cmake)
[0.173s] -- Using all available rosidl_typesupport_c: rosidl_typesupport_fastrtps_c;rosidl_typesupport_introspection_c
[0.175s] -- Found rosidl_adapter: 1.2.1 (/opt/ros/foxy/share/rosidl_adapter/cmake)
[0.247s] -- Using all available rosidl_typesupport_cpp: rosidl_typesupport_fastrtps_cpp;rosidl_typesupport_introspection_cpp
[0.275s] -- Found rmw_implementation_cmake: 1.0.3 (/opt/ros/foxy/share/rmw_implementation_cmake/cmake)
[0.276s] -- Using RMW implementation 'rmw_fastrtps_cpp' as default
[0.359s] -- Found body_tracking: 0.0.0 (/home/robogait/azure_kinect_ws/install/body_tracking/share/body_tracking/cmake)
[0.363s] -- Found rosidl_default_generators: 1.0.1 (/opt/ros/foxy/share/rosidl_default_generators/cmake)
[0.384s] -- Found PythonInterp: /usr/bin/python3 (found version "3.8.10") 
[0.457s] -- Found ament_cmake_ros: 0.9.2 (/opt/ros/foxy/share/ament_cmake_ros/cmake)
[0.513s] -- Using all available rosidl_typesupport_c: rosidl_typesupport_fastrtps_c;rosidl_typesupport_introspection_c
[0.517s] -- Using all available rosidl_typesupport_cpp: rosidl_typesupport_fastrtps_cpp;rosidl_typesupport_introspection_cpp
[0.532s] -- Found PythonInterp: /usr/bin/python3 (found suitable version "3.8.10", minimum required is "3.5") 
[0.532s] -- Found python_cmake_module: 0.8.1 (/opt/ros/foxy/share/python_cmake_module/cmake)
[0.547s] -- Using PYTHON_EXECUTABLE: /usr/bin/python3
[0.547s] -- Using PYTHON_INCLUDE_DIRS: /usr/include/python3.8
[0.547s] -- Using PYTHON_LIBRARIES: /usr/lib/x86_64-linux-gnu/libpython3.8.so
[0.556s] -- Found ament_lint_auto: 0.9.6 (/opt/ros/foxy/share/ament_lint_auto/cmake)
[0.561s] -- Added test 'copyright' to check source files copyright and LICENSE
[0.561s] -- Added test 'cppcheck' to perform static code analysis on C / C++ code
[0.562s] -- Configured cppcheck include dirs: $<BUILD_INTERFACE:/home/robogait/azure_kinect_ws/src/body_tracking/include>
[0.562s] -- Configured cppcheck exclude dirs and/or files: 
[0.563s] -- Added test 'cpplint' to check C / C++ code against the Google style
[0.563s] -- Configured cpplint exclude dirs and/or files: 
[0.563s] -- Added test 'lint_cmake' to check CMake code style
[0.564s] -- Added test 'uncrustify' to check C / C++ code style
[0.564s] -- Configured uncrustify additional arguments: 
[0.564s] -- Added test 'xmllint' to check XML markup files
[0.566s] -- Configuring done
[0.586s] -- Generating done
[0.588s] -- Build files have been written to: /home/robogait/azure_kinect_ws/build/body_tracking
[0.609s] [35m[1mScanning dependencies of target prueba_talker[0m
[0.614s] [  5%] Built target body_tracking_node
[0.615s] [  7%] Built target body_tracking__cpp
[0.617s] [ 12%] Built target listener
[0.617s] [ 20%] Built target body_tracking__rosidl_generator_c
[0.618s] [ 25%] Built target talker
[0.624s] [ 28%] [32mBuilding CXX object CMakeFiles/prueba_talker.dir/src/main.cpp.o[0m
[0.632s] [ 35%] Built target body_tracking__rosidl_typesupport_cpp
[0.632s] [ 43%] Built target body_tracking__rosidl_typesupport_c
[0.633s] [ 51%] Built target body_tracking__rosidl_typesupport_introspection_cpp
[0.633s] [ 58%] Built target body_tracking__rosidl_typesupport_fastrtps_cpp
[0.635s] [ 66%] Built target body_tracking__rosidl_typesupport_introspection_c
[0.651s] [ 74%] Built target body_tracking__rosidl_typesupport_fastrtps_c
[0.651s] [01m[K/home/robogait/azure_kinect_ws/src/body_tracking/src/main.cpp:16:10:[m[K [01;31m[Kfatal error: [m[Krclcpp/rclcpp.hpp: No such file or directory
[0.651s]    16 | #include [01;31m[K"rclcpp/rclcpp.hpp"[m[K
[0.652s]       |          [01;31m[K^~~~~~~~~~~~~~~~~~~[m[K
[0.652s] compilation terminated.
[0.653s] make[2]: *** [CMakeFiles/prueba_talker.dir/build.make:63: CMakeFiles/prueba_talker.dir/src/main.cpp.o] Error 1
[0.653s] make[1]: *** [CMakeFiles/Makefile2:325: CMakeFiles/prueba_talker.dir/all] Error 2
[0.653s] make[1]: *** Waiting for unfinished jobs....
[0.664s] [ 74%] Built target body_tracking
[0.664s] make: *** [Makefile:141: all] Error 2
[0.666s] Invoked command in '/home/robogait/azure_kinect_ws/build/body_tracking' returned '2': CMAKE_PREFIX_PATH=${CMAKE_PREFIX_PATH}:/home/robogait/ros2_serial/install/ourbotmanager:/opt/ros/foxy /usr/bin/cmake --build /home/robogait/azure_kinect_ws/build/body_tracking -- -j8 -l8
