[0.010s] Invoking command in '/home/robogait/azure_kinect_ws/build/body_tracking': CMAKE_PREFIX_PATH=${CMAKE_PREFIX_PATH}:/home/robogait/ros2_serial/install/ourbotmanager:/opt/ros/foxy /usr/bin/cmake --build /home/robogait/azure_kinect_ws/build/body_tracking -- -j8 -l8
[0.040s] [35m[1mScanning dependencies of target body_tracking_node[0m
[0.046s] [  2%] Built target body_tracking__cpp
[0.046s] [ 12%] Built target body_tracking__rosidl_generator_c
[0.059s] [ 14%] [32mBuilding CXX object CMakeFiles/body_tracking_node.dir/src/kinectAzure_body_tracker_node.cpp.o[0m
[0.062s] [ 24%] Built target body_tracking__rosidl_typesupport_c
[0.063s] [ 34%] Built target body_tracking__rosidl_typesupport_introspection_c
[0.063s] [ 53%] Built target body_tracking__rosidl_typesupport_introspection_cpp
[0.063s] [ 53%] Built target body_tracking__rosidl_typesupport_cpp
[0.064s] [ 63%] Built target body_tracking__rosidl_typesupport_fastrtps_cpp
[0.081s] [ 73%] Built target body_tracking__rosidl_typesupport_fastrtps_c
[0.094s] [ 73%] Built target body_tracking
[0.108s] [ 75%] Built target body_tracking__py
[0.126s] [ 82%] Built target body_tracking__python
[0.144s] [ 97%] Built target body_tracking__rosidl_typesupport_fastrtps_c__pyext
[0.144s] [ 97%] Built target body_tracking__rosidl_typesupport_introspection_c__pyext
[0.144s] [ 97%] Built target body_tracking__rosidl_typesupport_c__pyext
[0.810s] [01m[K/home/robogait/azure_kinect_ws/src/body_tracking/src/kinectAzure_body_tracker_node.cpp:[m[K In constructor ‘[01m[KMinimalPublisher::MinimalPublisher()[m[K’:
[0.810s] [01m[K/home/robogait/azure_kinect_ws/src/body_tracking/src/kinectAzure_body_tracker_node.cpp:34:88:[m[K [01;31m[Kerror: [m[Kno match for ‘[01m[Koperator=[m[K’ (operand types are ‘[01m[Krclcpp::Publisher<body_tracking::msg::HipCoordinates_<std::allocator<void> > >::SharedPtr[m[K’ {aka ‘[01m[Kstd::shared_ptr<rclcpp::Publisher<body_tracking::msg::HipCoordinates_<std::allocator<void> > > >[m[K’} and ‘[01m[Kstd::shared_ptr<rclcpp::Publisher<body_tracking::msg::Skeleton_<std::allocator<void> >, std::allocator<void> > >[m[K’)
[0.811s]    34 |   publisher_ = this->create_publisher<body_tracking::msg::Skeleton>("body_tracking", 10[01;31m[K)[m[K;
[0.811s]       |                                                                                        [01;31m[K^[m[K
[0.811s] In file included from [01m[K/usr/include/c++/9/memory:81[m[K,
[0.811s]                  from [01m[K/home/robogait/azure_kinect_ws/src/body_tracking/src/kinectAzure_body_tracker_node.cpp:14[m[K:
[0.811s] [01m[K/usr/include/c++/9/bits/shared_ptr.h:309:19:[m[K [01;36m[Knote: [m[Kcandidate: ‘[01m[Kstd::shared_ptr<_Tp>& std::shared_ptr<_Tp>::operator=(const std::shared_ptr<_Tp>&) [with _Tp = rclcpp::Publisher<body_tracking::msg::HipCoordinates_<std::allocator<void> > >][m[K’
[0.811s]   309 |       shared_ptr& [01;36m[Koperator[m[K=(const shared_ptr&) noexcept = default;
[0.811s]       |                   [01;36m[K^~~~~~~~[m[K
[0.811s] [01m[K/usr/include/c++/9/bits/shared_ptr.h:309:29:[m[K [01;36m[Knote: [m[K  no known conversion for argument 1 from ‘[01m[Kstd::shared_ptr<rclcpp::Publisher<body_tracking::msg::Skeleton_<std::allocator<void> >, std::allocator<void> > >[m[K’ to ‘[01m[Kconst std::shared_ptr<rclcpp::Publisher<body_tracking::msg::HipCoordinates_<std::allocator<void> > > >&[m[K’
[0.811s]   309 |       shared_ptr& operator=([01;36m[Kconst shared_ptr&[m[K) noexcept = default;
[0.811s]       |                             [01;36m[K^~~~~~~~~~~~~~~~~[m[K
[0.811s] [01m[K/usr/include/c++/9/bits/shared_ptr.h:313:2:[m[K [01;36m[Knote: [m[Kcandidate: ‘[01m[Ktemplate<class _Yp> std::shared_ptr<_Tp>::_Assignable<const std::shared_ptr<_Yp>&> std::shared_ptr<_Tp>::operator=(const std::shared_ptr<_Yp>&) [with _Yp = _Yp; _Tp = rclcpp::Publisher<body_tracking::msg::HipCoordinates_<std::allocator<void> > >][m[K’
[0.811s]   313 |  [01;36m[Koperator[m[K=(const shared_ptr<_Yp>& __r) noexcept
[0.811s]       |  [01;36m[K^~~~~~~~[m[K
[0.811s] [01m[K/usr/include/c++/9/bits/shared_ptr.h:313:2:[m[K [01;36m[Knote: [m[K  template argument deduction/substitution failed:
[0.811s] /usr/include/c++/9/bits/shared_ptr.h: In substitution of ‘[01m[Ktemplate<class _Tp> template<class _Arg> using _Assignable = typename std::enable_if<std::is_assignable<std::__shared_ptr<_Tp>&, _Arg>::value, std::shared_ptr<_Tp>&>::type [with _Arg = const std::shared_ptr<rclcpp::Publisher<body_tracking::msg::Skeleton_<std::allocator<void> >, std::allocator<void> > >&; _Tp = rclcpp::Publisher<body_tracking::msg::HipCoordinates_<std::allocator<void> > >][m[K’:
[0.811s] [01m[K/usr/include/c++/9/bits/shared_ptr.h:313:2:[m[K   required by substitution of ‘[01m[Ktemplate<class _Yp> std::shared_ptr<rclcpp::Publisher<body_tracking::msg::HipCoordinates_<std::allocator<void> > > >::_Assignable<const std::shared_ptr<_Tp>&> std::shared_ptr<rclcpp::Publisher<body_tracking::msg::HipCoordinates_<std::allocator<void> > > >::operator=<_Yp>(const std::shared_ptr<_Tp>&) [with _Yp = rclcpp::Publisher<body_tracking::msg::Skeleton_<std::allocator<void> >, std::allocator<void> >][m[K’
[0.811s] [01m[K/home/robogait/azure_kinect_ws/src/body_tracking/src/kinectAzure_body_tracker_node.cpp:34:88:[m[K   required from here
[0.811s] [01m[K/usr/include/c++/9/bits/shared_ptr.h:111:8:[m[K [01;31m[Kerror: [m[Kno type named ‘[01m[Ktype[m[K’ in ‘[01m[Kstruct std::enable_if<false, std::shared_ptr<rclcpp::Publisher<body_tracking::msg::HipCoordinates_<std::allocator<void> > > >&>[m[K’
[0.811s]   111 |  using [01;31m[K_Assignable[m[K = typename enable_if<
[0.811s]       |        [01;31m[K^~~~~~~~~~~[m[K
[0.811s] [01m[K/usr/include/c++/9/bits/shared_ptr.h:324:2:[m[K [01;36m[Knote: [m[Kcandidate: ‘[01m[Ktemplate<class _Yp> std::shared_ptr<_Tp>::_Assignable<std::auto_ptr<_Up> > std::shared_ptr<_Tp>::operator=(std::auto_ptr<_Up>&&) [with _Yp = _Yp; _Tp = rclcpp::Publisher<body_tracking::msg::HipCoordinates_<std::allocator<void> > >][m[K’
[0.811s]   324 |  [01;36m[Koperator[m[K=(auto_ptr<_Yp>&& __r)
[0.811s]       |  [01;36m[K^~~~~~~~[m[K
[0.811s] [01m[K/usr/include/c++/9/bits/shared_ptr.h:324:2:[m[K [01;36m[Knote: [m[K  template argument deduction/substitution failed:
[0.812s] [01m[K/home/robogait/azure_kinect_ws/src/body_tracking/src/kinectAzure_body_tracker_node.cpp:34:88:[m[K [01;36m[Knote: [m[K  ‘[01m[Kstd::shared_ptr<rclcpp::Publisher<body_tracking::msg::Skeleton_<std::allocator<void> >, std::allocator<void> > >[m[K’ is not derived from ‘[01m[Kstd::auto_ptr<_Up>[m[K’
[0.812s]    34 |   publisher_ = this->create_publisher<body_tracking::msg::Skeleton>("body_tracking", 10[01;36m[K)[m[K;
[0.812s]       |                                                                                        [01;36m[K^[m[K
[0.812s] In file included from [01m[K/usr/include/c++/9/memory:81[m[K,
[0.812s]                  from [01m[K/home/robogait/azure_kinect_ws/src/body_tracking/src/kinectAzure_body_tracker_node.cpp:14[m[K:
[0.812s] [01m[K/usr/include/c++/9/bits/shared_ptr.h:333:7:[m[K [01;36m[Knote: [m[Kcandidate: ‘[01m[Kstd::shared_ptr<_Tp>& std::shared_ptr<_Tp>::operator=(std::shared_ptr<_Tp>&&) [with _Tp = rclcpp::Publisher<body_tracking::msg::HipCoordinates_<std::allocator<void> > >][m[K’
[0.812s]   333 |       [01;36m[Koperator[m[K=(shared_ptr&& __r) noexcept
[0.812s]       |       [01;36m[K^~~~~~~~[m[K
[0.812s] [01m[K/usr/include/c++/9/bits/shared_ptr.h:333:30:[m[K [01;36m[Knote: [m[K  no known conversion for argument 1 from ‘[01m[Kstd::shared_ptr<rclcpp::Publisher<body_tracking::msg::Skeleton_<std::allocator<void> >, std::allocator<void> > >[m[K’ to ‘[01m[Kstd::shared_ptr<rclcpp::Publisher<body_tracking::msg::HipCoordinates_<std::allocator<void> > > >&&[m[K’
[0.812s]   333 |       operator=([01;36m[Kshared_ptr&& __r[m[K) noexcept
[0.812s]       |                 [01;36m[K~~~~~~~~~~~~~^~~[m[K
[0.812s] [01m[K/usr/include/c++/9/bits/shared_ptr.h:341:2:[m[K [01;36m[Knote: [m[Kcandidate: ‘[01m[Ktemplate<class _Yp> std::shared_ptr<_Tp>::_Assignable<std::shared_ptr<_Yp> > std::shared_ptr<_Tp>::operator=(std::shared_ptr<_Yp>&&) [with _Yp = _Yp; _Tp = rclcpp::Publisher<body_tracking::msg::HipCoordinates_<std::allocator<void> > >][m[K’
[0.812s]   341 |  [01;36m[Koperator[m[K=(shared_ptr<_Yp>&& __r) noexcept
[0.812s]       |  [01;36m[K^~~~~~~~[m[K
[0.812s] [01m[K/usr/include/c++/9/bits/shared_ptr.h:341:2:[m[K [01;36m[Knote: [m[K  template argument deduction/substitution failed:
[0.812s] /usr/include/c++/9/bits/shared_ptr.h: In substitution of ‘[01m[Ktemplate<class _Tp> template<class _Arg> using _Assignable = typename std::enable_if<std::is_assignable<std::__shared_ptr<_Tp>&, _Arg>::value, std::shared_ptr<_Tp>&>::type [with _Arg = std::shared_ptr<rclcpp::Publisher<body_tracking::msg::Skeleton_<std::allocator<void> >, std::allocator<void> > >; _Tp = rclcpp::Publisher<body_tracking::msg::HipCoordinates_<std::allocator<void> > >][m[K’:
[0.812s] [01m[K/usr/include/c++/9/bits/shared_ptr.h:341:2:[m[K   required by substitution of ‘[01m[Ktemplate<class _Yp> std::shared_ptr<rclcpp::Publisher<body_tracking::msg::HipCoordinates_<std::allocator<void> > > >::_Assignable<std::shared_ptr<_Tp> > std::shared_ptr<rclcpp::Publisher<body_tracking::msg::HipCoordinates_<std::allocator<void> > > >::operator=<_Yp>(std::shared_ptr<_Tp>&&) [with _Yp = rclcpp::Publisher<body_tracking::msg::Skeleton_<std::allocator<void> >, std::allocator<void> >][m[K’
[0.812s] [01m[K/home/robogait/azure_kinect_ws/src/body_tracking/src/kinectAzure_body_tracker_node.cpp:34:88:[m[K   required from here
[0.812s] [01m[K/usr/include/c++/9/bits/shared_ptr.h:111:8:[m[K [01;31m[Kerror: [m[Kno type named ‘[01m[Ktype[m[K’ in ‘[01m[Kstruct std::enable_if<false, std::shared_ptr<rclcpp::Publisher<body_tracking::msg::HipCoordinates_<std::allocator<void> > > >&>[m[K’
[0.812s]   111 |  using [01;31m[K_Assignable[m[K = typename enable_if<
[0.812s]       |        [01;31m[K^~~~~~~~~~~[m[K
[0.813s] [01m[K/usr/include/c++/9/bits/shared_ptr.h:349:2:[m[K [01;36m[Knote: [m[Kcandidate: ‘[01m[Ktemplate<class _Yp, class _Del> std::shared_ptr<_Tp>::_Assignable<std::unique_ptr<_Up, _Ep> > std::shared_ptr<_Tp>::operator=(std::unique_ptr<_Up, _Ep>&&) [with _Yp = _Yp; _Del = _Del; _Tp = rclcpp::Publisher<body_tracking::msg::HipCoordinates_<std::allocator<void> > >][m[K’
[0.813s]   349 |  [01;36m[Koperator[m[K=(unique_ptr<_Yp, _Del>&& __r)
[0.813s]       |  [01;36m[K^~~~~~~~[m[K
[0.813s] [01m[K/usr/include/c++/9/bits/shared_ptr.h:349:2:[m[K [01;36m[Knote: [m[K  template argument deduction/substitution failed:
[0.813s] [01m[K/home/robogait/azure_kinect_ws/src/body_tracking/src/kinectAzure_body_tracker_node.cpp:34:88:[m[K [01;36m[Knote: [m[K  ‘[01m[Kstd::shared_ptr<rclcpp::Publisher<body_tracking::msg::Skeleton_<std::allocator<void> >, std::allocator<void> > >[m[K’ is not derived from ‘[01m[Kstd::unique_ptr<_Tp, _Dp>[m[K’
[0.813s]    34 |   publisher_ = this->create_publisher<body_tracking::msg::Skeleton>("body_tracking", 10[01;36m[K)[m[K;
[0.813s]       |                                                                                        [01;36m[K^[m[K
[0.813s] [01m[K/home/robogait/azure_kinect_ws/src/body_tracking/src/kinectAzure_body_tracker_node.cpp:[m[K In member function ‘[01m[Kvoid MinimalPublisher::body_tracking()[m[K’:
[0.813s] [01m[K/home/robogait/azure_kinect_ws/src/body_tracking/src/kinectAzure_body_tracker_node.cpp:157:53:[m[K [01;31m[Kerror: [m[Kno match for ‘[01m[Koperator+[m[K’ (operand types are ‘[01m[Kk4a_float3_t[m[K’ and ‘[01m[Kk4a_float3_t[m[K’)
[0.813s]   157 |     position[i] = ([32m[Kbody.skeleton.joints[4].position[m[K [01;31m[K+[m[K [34m[Kbody.skeleton.joints[11].position[m[K) / 2;
[0.813s]       |                    [32m[K~~~~~~~~~~~~~~~~~~~~~~~~~~~~~~~~[m[K [01;31m[K^[m[K [34m[K~~~~~~~~~~~~~~~~~~~~~~~~~~~~~~~~~[m[K
[0.813s]       |                                            [32m[K|[m[K                                   [34m[K|[m[K
[0.813s]       |                                            [32m[Kk4a_float3_t[m[K                        [34m[Kk4a_float3_t[m[K
[0.817s] [01m[K/home/robogait/azure_kinect_ws/src/body_tracking/src/kinectAzure_body_tracker_node.cpp:255:36:[m[K [01;31m[Kerror: [m[Kno matching function for call to ‘[01m[Krclcpp::Publisher<body_tracking::msg::HipCoordinates_<std::allocator<void> > >::publish(body_tracking::msg::Skeleton_<std::allocator<void> >&)[m[K’
[0.817s]   255 |   publisher_->publish(skeleton_data[01;31m[K)[m[K;
[0.817s]       |                                    [01;31m[K^[m[K
[0.817s] In file included from [01m[K/opt/ros/foxy/include/rclcpp/topic_statistics/subscription_topic_statistics.hpp:31[m[K,
[0.817s]                  from [01m[K/opt/ros/foxy/include/rclcpp/subscription.hpp:50[m[K,
[0.817s]                  from [01m[K/opt/ros/foxy/include/rclcpp/any_executable.hpp:25[m[K,
[0.817s]                  from [01m[K/opt/ros/foxy/include/rclcpp/memory_strategy.hpp:24[m[K,
[0.817s]                  from [01m[K/opt/ros/foxy/include/rclcpp/memory_strategies.hpp:18[m[K,
[0.817s]                  from [01m[K/opt/ros/foxy/include/rclcpp/executor_options.hpp:20[m[K,
[0.817s]                  from [01m[K/opt/ros/foxy/include/rclcpp/executor.hpp:33[m[K,
[0.817s]                  from [01m[K/opt/ros/foxy/include/rclcpp/executors/multi_threaded_executor.hpp:26[m[K,
[0.817s]                  from [01m[K/opt/ros/foxy/include/rclcpp/executors.hpp:21[m[K,
[0.817s]                  from [01m[K/opt/ros/foxy/include/rclcpp/rclcpp.hpp:146[m[K,
[0.817s]                  from [01m[K/home/robogait/azure_kinect_ws/src/body_tracking/src/kinectAzure_body_tracker_node.cpp:16[m[K:
[0.817s] [01m[K/opt/ros/foxy/include/rclcpp/publisher.hpp:185:3:[m[K [01;36m[Knote: [m[Kcandidate: ‘[01m[Kvoid rclcpp::Publisher<MessageT, AllocatorT>::publish(std::unique_ptr<MessageT, typename std::conditional<std::is_same<typename std::allocator_traits<typename std::allocator_traits<_Alloc>::rebind_traits<MessageT>::allocator_type>::rebind_alloc<MessageT>, typename std::allocator<void>::rebind<_Tp1>::other>::value, std::default_delete<_Tp>, rclcpp::allocator::AllocatorDeleter<typename std::allocator_traits<_Alloc>::rebind_traits<MessageT>::allocator_type> >::type>) [with MessageT = body_tracking::msg::HipCoordinates_<std::allocator<void> >; AllocatorT = std::allocator<void>; typename std::conditional<std::is_same<typename std::allocator_traits<typename std::allocator_traits<_Alloc>::rebind_traits<MessageT>::allocator_type>::rebind_alloc<MessageT>, typename std::allocator<void>::rebind<_Tp1>::other>::value, std::default_delete<_Tp>, rclcpp::allocator::AllocatorDeleter<typename std::allocator_traits<_Alloc>::rebind_traits<MessageT>::allocator_type> >::type = std::default_delete<body_tracking::msg::HipCoordinates_<std::allocator<void> > >][m[K’
[0.817s]   185 |   [01;36m[Kpublish[m[K(std::unique_ptr<MessageT, MessageDeleter> msg)
[0.817s]       |   [01;36m[K^~~~~~~[m[K
[0.817s] [01m[K/opt/ros/foxy/include/rclcpp/publisher.hpp:185:53:[m[K [01;36m[Knote: [m[K  no known conversion for argument 1 from ‘[01m[Kbody_tracking::msg::Skeleton_<std::allocator<void> >[m[K’ to ‘[01m[Kstd::unique_ptr<body_tracking::msg::HipCoordinates_<std::allocator<void> >, std::default_delete<body_tracking::msg::HipCoordinates_<std::allocator<void> > > >[m[K’
[0.817s]   185 |   publish([01;36m[Kstd::unique_ptr<MessageT, MessageDeleter> msg[m[K)
[0.817s]       |           [01;36m[K~~~~~~~~~~~~~~~~~~~~~~~~~~~~~~~~~~~~~~~~~~^~~[m[K
[0.817s] [01m[K/opt/ros/foxy/include/rclcpp/publisher.hpp:209:3:[m[K [01;36m[Knote: [m[Kcandidate: ‘[01m[Kvoid rclcpp::Publisher<MessageT, AllocatorT>::publish(const MessageT&) [with MessageT = body_tracking::msg::HipCoordinates_<std::allocator<void> >; AllocatorT = std::allocator<void>][m[K’
[0.817s]   209 |   [01;36m[Kpublish[m[K(const MessageT & msg)
[0.817s]       |   [01;36m[K^~~~~~~[m[K
[0.817s] [01m[K/opt/ros/foxy/include/rclcpp/publisher.hpp:209:28:[m[K [01;36m[Knote: [m[K  no known conversion for argument 1 from ‘[01m[Kbody_tracking::msg::Skeleton_<std::allocator<void> >[m[K’ to ‘[01m[Kconst body_tracking::msg::HipCoordinates_<std::allocator<void> >&[m[K’
[0.818s]   209 |   publish([01;36m[Kconst MessageT & msg[m[K)
[0.818s]       |           [01;36m[K~~~~~~~~~~~~~~~~~^~~[m[K
[0.818s] [01m[K/opt/ros/foxy/include/rclcpp/publisher.hpp:226:3:[m[K [01;36m[Knote: [m[Kcandidate: ‘[01m[Kvoid rclcpp::Publisher<MessageT, AllocatorT>::publish(const rcl_serialized_message_t&) [with MessageT = body_tracking::msg::HipCoordinates_<std::allocator<void> >; AllocatorT = std::allocator<void>; rcl_serialized_message_t = rcutils_uint8_array_t][m[K’
[0.818s]   226 |   [01;36m[Kpublish[m[K(const rcl_serialized_message_t & serialized_msg)
[0.818s]       |   [01;36m[K^~~~~~~[m[K
[0.818s] [01m[K/opt/ros/foxy/include/rclcpp/publisher.hpp:226:44:[m[K [01;36m[Knote: [m[K  no known conversion for argument 1 from ‘[01m[Kbody_tracking::msg::Skeleton_<std::allocator<void> >[m[K’ to ‘[01m[Kconst rcl_serialized_message_t&[m[K’ {aka ‘[01m[Kconst rcutils_uint8_array_t&[m[K’}
[0.818s]   226 |   publish([01;36m[Kconst rcl_serialized_message_t & serialized_msg[m[K)
[0.818s]       |           [01;36m[K~~~~~~~~~~~~~~~~~~~~~~~~~~~~~~~~~^~~~~~~~~~~~~~[m[K
[0.818s] [01m[K/opt/ros/foxy/include/rclcpp/publisher.hpp:232:3:[m[K [01;36m[Knote: [m[Kcandidate: ‘[01m[Kvoid rclcpp::Publisher<MessageT, AllocatorT>::publish(const rclcpp::SerializedMessage&) [with MessageT = body_tracking::msg::HipCoordinates_<std::allocator<void> >; AllocatorT = std::allocator<void>][m[K’
[0.818s]   232 |   [01;36m[Kpublish[m[K(const SerializedMessage & serialized_msg)
[0.818s]       |   [01;36m[K^~~~~~~[m[K
[0.818s] [01m[K/opt/ros/foxy/include/rclcpp/publisher.hpp:232:37:[m[K [01;36m[Knote: [m[K  no known conversion for argument 1 from ‘[01m[Kbody_tracking::msg::Skeleton_<std::allocator<void> >[m[K’ to ‘[01m[Kconst rclcpp::SerializedMessage&[m[K’
[0.818s]   232 |   publish([01;36m[Kconst SerializedMessage & serialized_msg[m[K)
[0.818s]       |           [01;36m[K~~~~~~~~~~~~~~~~~~~~~~~~~~^~~~~~~~~~~~~~[m[K
[0.818s] [01m[K/opt/ros/foxy/include/rclcpp/publisher.hpp:246:3:[m[K [01;36m[Knote: [m[Kcandidate: ‘[01m[Kvoid rclcpp::Publisher<MessageT, AllocatorT>::publish(rclcpp::LoanedMessage<MessageT, AllocatorT>&&) [with MessageT = body_tracking::msg::HipCoordinates_<std::allocator<void> >; AllocatorT = std::allocator<void>][m[K’
[0.818s]   246 |   [01;36m[Kpublish[m[K(rclcpp::LoanedMessage<MessageT, AllocatorT> && loaned_msg)
[0.818s]       |   [01;36m[K^~~~~~~[m[K
[0.818s] [01m[K/opt/ros/foxy/include/rclcpp/publisher.hpp:246:58:[m[K [01;36m[Knote: [m[K  no known conversion for argument 1 from ‘[01m[Kbody_tracking::msg::Skeleton_<std::allocator<void> >[m[K’ to ‘[01m[Krclcpp::LoanedMessage<body_tracking::msg::HipCoordinates_<std::allocator<void> >, std::allocator<void> >&&[m[K’
[0.818s]   246 |   publish([01;36m[Krclcpp::LoanedMessage<MessageT, AllocatorT> && loaned_msg[m[K)
[0.818s]       |           [01;36m[K~~~~~~~~~~~~~~~~~~~~~~~~~~~~~~~~~~~~~~~~~~~~~~~^~~~~~~~~~[m[K
[1.177s] At global scope:
[1.177s] [01m[Kcc1plus:[m[K [01;35m[Kwarning: [m[Kunrecognized command line option ‘[01m[K-Wno-dev[m[K’
[1.189s] make[2]: *** [CMakeFiles/body_tracking_node.dir/build.make:63: CMakeFiles/body_tracking_node.dir/src/kinectAzure_body_tracker_node.cpp.o] Error 1
[1.189s] make[1]: *** [CMakeFiles/Makefile2:208: CMakeFiles/body_tracking_node.dir/all] Error 2
[1.189s] make: *** [Makefile:141: all] Error 2
[1.191s] Invoked command in '/home/robogait/azure_kinect_ws/build/body_tracking' returned '2': CMAKE_PREFIX_PATH=${CMAKE_PREFIX_PATH}:/home/robogait/ros2_serial/install/ourbotmanager:/opt/ros/foxy /usr/bin/cmake --build /home/robogait/azure_kinect_ws/build/body_tracking -- -j8 -l8
