[0.013s] Invoking command in '/home/robogait/catkin_ws/build/pkg_navigation': CMAKE_PREFIX_PATH=${CMAKE_PREFIX_PATH}:/home/robogait/ros2_ws/install/nav2_project:/home/robogait/nav2_ws/install/nav2_gazebo_spawner:/home/robogait/ros2_serial/install/ourbotmanager:/opt/ros/foxy /usr/bin/cmake --build /home/robogait/catkin_ws/build/pkg_navigation -- -j8 -l8
[0.059s] [35m[1mScanning dependencies of target robot_controller[0m
[0.075s] [ 20%] Built target tf2_broadcaster
[0.076s] [ 40%] Built target robot_odom_tf2_listener
[0.080s] [ 50%] [32mBuilding CXX object CMakeFiles/robot_controller.dir/src/robot_controller.cpp.o[0m
[0.081s] [ 70%] Built target publisher_initial_pose
[0.081s] [ 90%] Built target publisher_subscriber
[0.902s] [01m[K/home/robogait/catkin_ws/src/pkg_navigation/src/robot_controller.cpp:[m[K In member function ‘[01m[Kvoid generic::lane_controller()[m[K’:
[0.902s] [01m[K/home/robogait/catkin_ws/src/pkg_navigation/src/robot_controller.cpp:96:14:[m[K [01;35m[Kwarning: [m[Kunused variable ‘[01m[Kyaw_error[m[K’ [[01;35m[K-Wunused-variable[m[K]
[0.902s]    96 |        float [01;35m[Kyaw_error[m[K= calculate_yaw_error(q_goal,q_robot);
[0.902s]       |              [01;35m[K^~~~~~~~~[m[K
[0.902s] [01m[K/home/robogait/catkin_ws/src/pkg_navigation/src/robot_controller.cpp:[m[K In member function ‘[01m[Kfloat generic::calculate_yaw_error(tf2::Quaternion, tf2::Quaternion)[m[K’:
[0.902s] [01m[K/home/robogait/catkin_ws/src/pkg_navigation/src/robot_controller.cpp:108:17:[m[K [01;31m[Kerror: [m[Kcannot bind non-const lvalue reference of type ‘[01m[Ktf2Scalar&[m[K’ {aka ‘[01m[Kdouble&[m[K’} to an rvalue of type ‘[01m[Ktf2Scalar[m[K’ {aka ‘[01m[Kdouble[m[K’}
[0.903s]   108 |        m.getRPY([01;31m[Kroll[m[K, pitch, yaw);
[0.903s]       |                 [01;31m[K^~~~[m[K
[0.903s] In file included from [01m[K/home/robogait/catkin_ws/src/pkg_navigation/src/robot_controller.cpp:17[m[K:
[0.903s] [01m[K/opt/ros/foxy/include/tf2/LinearMath/Matrix3x3.h:359:25:[m[K [01;36m[Knote: [m[K  initializing argument 1 of ‘[01m[Kvoid tf2::Matrix3x3::getRPY(tf2Scalar&, tf2Scalar&, tf2Scalar&, unsigned int) const[m[K’
[0.903s]   359 |  void getRPY([01;36m[Ktf2Scalar& roll[m[K, tf2Scalar& pitch, tf2Scalar& yaw, unsigned int solution_number = 1) const
[0.903s]       |              [01;36m[K~~~~~~~~~~~^~~~[m[K
[2.685s] make[2]: *** [CMakeFiles/robot_controller.dir/build.make:63: CMakeFiles/robot_controller.dir/src/robot_controller.cpp.o] Error 1
[2.686s] make[1]: *** [CMakeFiles/Makefile2:221: CMakeFiles/robot_controller.dir/all] Error 2
[2.686s] make: *** [Makefile:141: all] Error 2
[2.687s] Invoked command in '/home/robogait/catkin_ws/build/pkg_navigation' returned '2': CMAKE_PREFIX_PATH=${CMAKE_PREFIX_PATH}:/home/robogait/ros2_ws/install/nav2_project:/home/robogait/nav2_ws/install/nav2_gazebo_spawner:/home/robogait/ros2_serial/install/ourbotmanager:/opt/ros/foxy /usr/bin/cmake --build /home/robogait/catkin_ws/build/pkg_navigation -- -j8 -l8
