CMake Error: The current CMakeCache.txt directory /home/robogait/azure_kinect_ws/build/kinectAzure_body_tracker/CMakeCache.txt is different than the directory /home/robogait/azure_kinect_ws/build/body_tracking where CMakeCache.txt was created. This may result in binaries being created in the wrong place. If you are not sure, reedit the CMakeCache.txt
-- Found ament_cmake: 0.9.9 (/opt/ros/foxy/share/ament_cmake/cmake)
-- Using PYTHON_EXECUTABLE: /usr/bin/python3
-- Override CMake install command with custom implementation using symlinks instead of copying resources
-- Found rclcpp: 2.4.1 (/opt/ros/foxy/share/rclcpp/cmake)
-- Using all available rosidl_typesupport_c: rosidl_typesupport_fastrtps_c;rosidl_typesupport_introspection_c
-- Found rosidl_adapter: 1.2.1 (/opt/ros/foxy/share/rosidl_adapter/cmake)
-- Using all available rosidl_typesupport_cpp: rosidl_typesupport_fastrtps_cpp;rosidl_typesupport_introspection_cpp
-- Found rmw_implementation_cmake: 1.0.3 (/opt/ros/foxy/share/rmw_implementation_cmake/cmake)
-- Using RMW implementation 'rmw_fastrtps_cpp' as default
-- Found geometry_msgs: 2.0.5 (/opt/ros/foxy/share/geometry_msgs/cmake)
-- Found body_tracker_msgs: 0.0.0 (/home/robogait/azure_kinect_ws/install/body_tracker_msgs/share/body_tracker_msgs/cmake)
-- Found rosidl_default_generators: 1.0.1 (/opt/ros/foxy/share/rosidl_default_generators/cmake)
-- Found ament_lint_auto: 0.9.6 (/opt/ros/foxy/share/ament_lint_auto/cmake)
WARNING: Package name "kinectAzure_body_tracker" does not follow the naming conventions. It should start with a lower case letter and only contain lower case letters, digits, underscores, and dashes.
-- Added test 'copyright' to check source files copyright and LICENSE
-- Added test 'cppcheck' to perform static code analysis on C / C++ code
-- Configured cppcheck include dirs: 
-- Configured cppcheck exclude dirs and/or files: 
-- Added test 'cpplint' to check C / C++ code against the Google style
-- Configured cpplint exclude dirs and/or files: 
-- Added test 'lint_cmake' to check CMake code style
-- Added test 'uncrustify' to check C / C++ code style
-- Configured uncrustify additional arguments: 
-- Added test 'xmllint' to check XML markup files
-- Configuring done
-- Generating done
-- Build files have been written to: /home/robogait/azure_kinect_ws/build/body_tracking
[100%] Built target body_tracking_node
[100%] Built target body_tracking_recording_node
-- Install configuration: ""
-- Execute custom install script
CMake Error at /home/robogait/azure_kinect_ws/build/body_tracking/ament_cmake_symlink_install/ament_cmake_symlink_install.cmake:267 (message):
  ament_cmake_symlink_install_targets() can't find
  '/home/robogait/azure_kinect_ws/build/body_tracking/kinectAzure_body_tracker_node'
Call Stack (most recent call first):
  /home/robogait/azure_kinect_ws/build/body_tracking/ament_cmake_symlink_install_targets_0_.cmake:1 (ament_cmake_symlink_install_targets)
  /home/robogait/azure_kinect_ws/build/body_tracking/ament_cmake_symlink_install/ament_cmake_symlink_install.cmake:314 (include)
  cmake_install.cmake:41 (include)


