[0.022s] Invoking command in '/home/robogait/azure_kinect_ws/build/kinectAzure_body_tracker': CMAKE_PREFIX_PATH=${CMAKE_PREFIX_PATH}:/home/robogait/ros2_ws/install/nav2_project:/home/robogait/nav2_ws/install/nav2_gazebo_spawner:/home/robogait/ros2_serial/install/ourbotmanager:/opt/ros/foxy /usr/bin/cmake --build /home/robogait/azure_kinect_ws/build/kinectAzure_body_tracker -- -j8 -l8
[0.029s] CMake Error: The current CMakeCache.txt directory /home/robogait/azure_kinect_ws/build/kinectAzure_body_tracker/CMakeCache.txt is different than the directory /home/robogait/azure_kinect_ws/build/body_tracking where CMakeCache.txt was created. This may result in binaries being created in the wrong place. If you are not sure, reedit the CMakeCache.txt
[0.043s] -- Found ament_cmake: 0.9.9 (/opt/ros/foxy/share/ament_cmake/cmake)
[0.065s] -- Using PYTHON_EXECUTABLE: /usr/bin/python3
[0.196s] -- Override CMake install command with custom implementation using symlinks instead of copying resources
[0.201s] -- Found rclcpp: 2.4.1 (/opt/ros/foxy/share/rclcpp/cmake)
[0.230s] -- Using all available rosidl_typesupport_c: rosidl_typesupport_fastrtps_c;rosidl_typesupport_introspection_c
[0.232s] -- Found rosidl_adapter: 1.2.1 (/opt/ros/foxy/share/rosidl_adapter/cmake)
[0.326s] -- Using all available rosidl_typesupport_cpp: rosidl_typesupport_fastrtps_cpp;rosidl_typesupport_introspection_cpp
[0.358s] -- Found rmw_implementation_cmake: 1.0.3 (/opt/ros/foxy/share/rmw_implementation_cmake/cmake)
[0.360s] -- Using RMW implementation 'rmw_fastrtps_cpp' as default
[0.447s] -- Found geometry_msgs: 2.0.5 (/opt/ros/foxy/share/geometry_msgs/cmake)
[0.466s] -- Found body_tracker_msgs: 0.0.0 (/home/robogait/azure_kinect_ws/install/body_tracker_msgs/share/body_tracker_msgs/cmake)
[0.499s] -- Found rosidl_default_generators: 1.0.1 (/opt/ros/foxy/share/rosidl_default_generators/cmake)
[0.515s] -- Found ament_lint_auto: 0.9.6 (/opt/ros/foxy/share/ament_lint_auto/cmake)
[0.551s] WARNING: Package name "kinectAzure_body_tracker" does not follow the naming conventions. It should start with a lower case letter and only contain lower case letters, digits, underscores, and dashes.
[0.561s] -- Added test 'copyright' to check source files copyright and LICENSE
[0.562s] -- Added test 'cppcheck' to perform static code analysis on C / C++ code
[0.562s] -- Configured cppcheck include dirs: 
[0.562s] -- Configured cppcheck exclude dirs and/or files: 
[0.563s] -- Added test 'cpplint' to check C / C++ code against the Google style
[0.563s] -- Configured cpplint exclude dirs and/or files: 
[0.563s] -- Added test 'lint_cmake' to check CMake code style
[0.564s] -- Added test 'uncrustify' to check C / C++ code style
[0.564s] -- Configured uncrustify additional arguments: 
[0.564s] -- Added test 'xmllint' to check XML markup files
[0.566s] -- Configuring done
[0.574s] -- Generating done
[0.575s] -- Build files have been written to: /home/robogait/azure_kinect_ws/build/body_tracking
[0.617s] [100%] Built target body_tracking_node
[0.617s] [100%] Built target body_tracking_recording_node
[0.627s] Invoked command in '/home/robogait/azure_kinect_ws/build/kinectAzure_body_tracker' returned '0': CMAKE_PREFIX_PATH=${CMAKE_PREFIX_PATH}:/home/robogait/ros2_ws/install/nav2_project:/home/robogait/nav2_ws/install/nav2_gazebo_spawner:/home/robogait/ros2_serial/install/ourbotmanager:/opt/ros/foxy /usr/bin/cmake --build /home/robogait/azure_kinect_ws/build/kinectAzure_body_tracker -- -j8 -l8
[0.661s] Invoking command in '/home/robogait/azure_kinect_ws/build/kinectAzure_body_tracker': CMAKE_PREFIX_PATH=${CMAKE_PREFIX_PATH}:/home/robogait/ros2_ws/install/nav2_project:/home/robogait/nav2_ws/install/nav2_gazebo_spawner:/home/robogait/ros2_serial/install/ourbotmanager:/opt/ros/foxy /usr/bin/cmake --install /home/robogait/azure_kinect_ws/build/kinectAzure_body_tracker
[0.669s] -- Install configuration: ""
[0.670s] -- Execute custom install script
[0.670s] CMake Error at /home/robogait/azure_kinect_ws/build/body_tracking/ament_cmake_symlink_install/ament_cmake_symlink_install.cmake:267 (message):
[0.670s]   ament_cmake_symlink_install_targets() can't find
[0.670s]   '/home/robogait/azure_kinect_ws/build/body_tracking/kinectAzure_body_tracker_node'
[0.670s] Call Stack (most recent call first):
[0.670s]   /home/robogait/azure_kinect_ws/build/body_tracking/ament_cmake_symlink_install_targets_0_.cmake:1 (ament_cmake_symlink_install_targets)
[0.670s]   /home/robogait/azure_kinect_ws/build/body_tracking/ament_cmake_symlink_install/ament_cmake_symlink_install.cmake:314 (include)
[0.670s]   cmake_install.cmake:41 (include)
[0.670s] 
[0.670s] 
[0.671s] Invoked command in '/home/robogait/azure_kinect_ws/build/kinectAzure_body_tracker' returned '1': CMAKE_PREFIX_PATH=${CMAKE_PREFIX_PATH}:/home/robogait/ros2_ws/install/nav2_project:/home/robogait/nav2_ws/install/nav2_gazebo_spawner:/home/robogait/ros2_serial/install/ourbotmanager:/opt/ros/foxy /usr/bin/cmake --install /home/robogait/azure_kinect_ws/build/kinectAzure_body_tracker
