[35m[1mScanning dependencies of target prueba_talker[0m
[  5%] Built target body_tracking_node
[  7%] Built target body_tracking__cpp
[ 15%] Built target body_tracking__rosidl_generator_c
[ 20%] Built target listener
[ 25%] Built target talker
[ 28%] [32mBuilding CXX object CMakeFiles/prueba_talker.dir/src/main.cpp.o[0m
[ 38%] Built target body_tracking__rosidl_typesupport_cpp
[ 43%] Built target body_tracking__rosidl_typesupport_introspection_cpp
[ 51%] Built target body_tracking__rosidl_typesupport_fastrtps_cpp
[ 64%] Built target body_tracking__rosidl_typesupport_c
[ 66%] Built target body_tracking__rosidl_typesupport_introspection_c
[ 74%] Built target body_tracking__rosidl_typesupport_fastrtps_c
[ 74%] Built target body_tracking
[ 76%] Built target body_tracking__py
[ 82%] Built target body_tracking__python
[ 97%] Built target body_tracking__rosidl_typesupport_c__pyext
[ 97%] Built target body_tracking__rosidl_typesupport_introspection_c__pyext
[ 97%] Built target body_tracking__rosidl_typesupport_fastrtps_c__pyext
[01m[K/home/robogait/azure_kinect_ws/src/body_tracking/src/main.cpp:204:6:[m[K [01;31m[Kerror: [m[K‘[01m[Kdevice_config[m[K’ does not name a type
  204 |      [01;31m[Kdevice_config[m[K.depth_mode = K4A_DEPTH_MODE_NFOV_UNBINNED;
      |      [01;31m[K^~~~~~~~~~~~~[m[K
[01m[K/home/robogait/azure_kinect_ws/src/body_tracking/src/main.cpp:[m[K In member function ‘[01m[Kvoid MinimalPublisher::timer_callback()[m[K’:
[01m[K/home/robogait/azure_kinect_ws/src/body_tracking/src/main.cpp:70:7:[m[K [01;31m[Kerror: [m[K‘[01m[Kframe_count[m[K’ was not declared in this scope
   70 |       [01;31m[Kframe_count[m[K++;
      |       [01;31m[K^~~~~~~~~~~[m[K
[01m[K/home/robogait/azure_kinect_ws/src/body_tracking/src/main.cpp:76:78:[m[K [01;31m[Kerror: [m[K‘[01m[Ktracker[m[K’ was not declared in this scope
   76 |       k4a_wait_result_t queue_capture_result = k4abt_tracker_enqueue_capture([01;31m[Ktracker[m[K, sensor_capture, K4A_WAIT_INFINITE);
      |                                                                              [01;31m[K^~~~~~~[m[K
[01m[K/home/robogait/azure_kinect_ws/src/body_tracking/src/main.cpp:83:11:[m[K [01;31m[Kerror: [m[Kbreak statement not within loop or switch
   83 |           [01;31m[Kbreak[m[K;
      |           [01;31m[K^~~~~[m[K
[01m[K/home/robogait/azure_kinect_ws/src/body_tracking/src/main.cpp:88:11:[m[K [01;31m[Kerror: [m[Kbreak statement not within loop or switch
   88 |           [01;31m[Kbreak[m[K;
      |           [01;31m[K^~~~~[m[K
[01m[K/home/robogait/azure_kinect_ws/src/body_tracking/src/main.cpp:97:11:[m[K [01;31m[Kerror: [m[K‘[01m[Ktotal_success_tracker_time[m[K’ was not declared in this scope
   97 |           [01;31m[Ktotal_success_tracker_time[m[K += time_spent;
      |           [01;31m[K^~~~~~~~~~~~~~~~~~~~~~~~~~[m[K
[01m[K/home/robogait/azure_kinect_ws/src/body_tracking/src/main.cpp:98:11:[m[K [01;31m[Kerror: [m[K‘[01m[Ksuccess_frame_count[m[K’ was not declared in this scope
   98 |           [01;31m[Ksuccess_frame_count[m[K++;
      |           [01;31m[K^~~~~~~~~~~~~~~~~~~[m[K
[01m[K/home/robogait/azure_kinect_ws/src/body_tracking/src/main.cpp:104:11:[m[K [01;31m[Kerror: [m[K‘[01m[Ktotal_success_body_count[m[K’ was not declared in this scope
  104 |           [01;31m[Ktotal_success_body_count[m[K += num_bodies;
      |           [01;31m[K^~~~~~~~~~~~~~~~~~~~~~~~[m[K
[01m[K/home/robogait/azure_kinect_ws/src/body_tracking/src/main.cpp:135:11:[m[K [01;31m[Kerror: [m[Kbreak statement not within loop or switch
  135 |           [01;31m[Kbreak[m[K;
      |           [01;31m[K^~~~~[m[K
[01m[K/home/robogait/azure_kinect_ws/src/body_tracking/src/main.cpp:140:11:[m[K [01;31m[Kerror: [m[Kbreak statement not within loop or switch
  140 |           [01;31m[Kbreak[m[K;
      |           [01;31m[K^~~~~[m[K
[01m[K/home/robogait/azure_kinect_ws/src/body_tracking/src/main.cpp:147:7:[m[K [01;31m[Kerror: [m[Kbreak statement not within loop or switch
  147 |       [01;31m[Kbreak[m[K;
      |       [01;31m[K^~~~~[m[K
[01m[K/home/robogait/azure_kinect_ws/src/body_tracking/src/main.cpp:152:7:[m[K [01;31m[Kerror: [m[Kbreak statement not within loop or switch
  152 |       [01;31m[Kbreak[m[K;
      |       [01;31m[K^~~~~[m[K
[01m[K/home/robogait/azure_kinect_ws/src/body_tracking/src/main.cpp:157:27:[m[K [01;31m[Kerror: [m[K‘[01m[Kbody[m[K’ was not declared in this scope
  157 |   k4a_float3_t position = [01;31m[Kbody[m[K.skeleton.joints[coordenadaCadera].position;
      |                           [01;31m[K^~~~[m[K
[01m[K/home/robogait/azure_kinect_ws/src/body_tracking/src/main.cpp:[m[K In function ‘[01m[Kint main(int, char**)[m[K’:
[01m[K/home/robogait/azure_kinect_ws/src/body_tracking/src/main.cpp:220:25:[m[K [01;31m[Kerror: [m[K‘[01m[Ktracker[m[K’ was not declared in this scope
  220 |  k4abt_tracker_shutdown([01;31m[Ktracker[m[K);
      |                         [01;31m[K^~~~~~~[m[K
[01m[K/home/robogait/azure_kinect_ws/src/body_tracking/src/main.cpp:222:26:[m[K [01;31m[Kerror: [m[K‘[01m[Kdevice[m[K’ was not declared in this scope
  222 |  k4a_device_stop_cameras([01;31m[Kdevice[m[K);
      |                          [01;31m[K^~~~~~[m[K
make[2]: *** [CMakeFiles/prueba_talker.dir/build.make:63: CMakeFiles/prueba_talker.dir/src/main.cpp.o] Error 1
make[1]: *** [CMakeFiles/Makefile2:325: CMakeFiles/prueba_talker.dir/all] Error 2
make: *** [Makefile:141: all] Error 2
