CMake Internal Error (please report a bug) in CMakeLists.txt:
  cmGeneratorTarget::GetOutputInfo called for body_tracking which has type
  UTILITY

Note: The stack trace will not use advanced capabilities because this is a release build.
0x55c5f65eb7a4 : ??? [(???) ???:-1]
0x55c5f65ec262 : ??? [(???) ???:-1]
0x55c5f6528253 : ??? [(???) ???:-1]
0x55c5f65288d9 : ??? [(???) ???:-1]
0x55c5f648131f : ??? [(???) ???:-1]
0x55c5f6481513 : ??? [(???) ???:-1]
0x55c5f64790b3 : ??? [(???) ???:-1]
0x55c5f6479455 : ??? [(???) ???:-1]
0x55c5f6479510 : ??? [(???) ???:-1]
0x55c5f64eb565 : ??? [(???) ???:-1]
0x55c5f64ebd55 : ??? [(???) ???:-1]
0x55c5f620264f : ??? [(???) ???:-1]
0x55c5f6202a03 : ??? [(???) ???:-1]
0x55c5f6514b6e : ??? [(???) ???:-1]
0x55c5f651d0bf : ??? [(???) ???:-1]
0x55c5f6519f4d : ??? [(???) ???:-1]
0x55c5f6503421 : ??? [(???) ???:-1]
0x55c5f64c48fa : ??? [(???) ???:-1]
0x55c5f64d35b7 : ??? [(???) ???:-1]
0x55c5f62c0aa7 : ??? [(???) ???:-1]
0x55c5f62d01e4 : ??? [(???) ???:-1]
0x55c5f61d3c29 : ??? [(???) ???:-1]
0x55c5f61c5ba3 : ??? [(???) ???:-1]
0x7f04813920b3 : __libc_start_main [(libc.so.6) ???:-1]
0x55c5f61cf1ae : ??? [(???) ???:-1]


CMake Internal Error (please report a bug) in CMakeLists.txt:
  cmGeneratorTarget::GetOutputInfo called for body_tracking which has type
  UTILITY

Note: The stack trace will not use advanced capabilities because this is a release build.
0x55c5f65eb7a4 : ??? [(???) ???:-1]
0x55c5f65ec262 : ??? [(???) ???:-1]
0x55c5f6528253 : ??? [(???) ???:-1]
0x55c5f65288d9 : ??? [(???) ???:-1]
0x55c5f648131f : ??? [(???) ???:-1]
0x55c5f6481513 : ??? [(???) ???:-1]
0x55c5f64790b3 : ??? [(???) ???:-1]
0x55c5f6479455 : ??? [(???) ???:-1]
0x55c5f6479510 : ??? [(???) ???:-1]
0x55c5f64eb565 : ??? [(???) ???:-1]
0x55c5f64ebd55 : ??? [(???) ???:-1]
0x55c5f620264f : ??? [(???) ???:-1]
0x55c5f6202a03 : ??? [(???) ???:-1]
0x55c5f6514b6e : ??? [(???) ???:-1]
0x55c5f651d0bf : ??? [(???) ???:-1]
0x55c5f6519f4d : ??? [(???) ???:-1]
0x55c5f6503421 : ??? [(???) ???:-1]
0x55c5f64c48fa : ??? [(???) ???:-1]
0x55c5f64d35b7 : ??? [(???) ???:-1]
0x55c5f62c0aa7 : ??? [(???) ???:-1]
0x55c5f62d01e4 : ??? [(???) ???:-1]
0x55c5f61d3c29 : ??? [(???) ???:-1]
0x55c5f61c5ba3 : ??? [(???) ???:-1]
0x7f04813920b3 : __libc_start_main [(libc.so.6) ???:-1]
0x55c5f61cf1ae : ??? [(???) ???:-1]


CMake Internal Error (please report a bug) in CMakeLists.txt:
  cmGeneratorTarget::GetOutputInfo called for body_tracking which has type
  UTILITY

Note: The stack trace will not use advanced capabilities because this is a release build.
0x55c5f65eb7a4 : ??? [(???) ???:-1]
0x55c5f65ec262 : ??? [(???) ???:-1]
0x55c5f6528253 : ??? [(???) ???:-1]
0x55c5f65288d9 : ??? [(???) ???:-1]
0x55c5f648131f : ??? [(???) ???:-1]
0x55c5f6481513 : ??? [(???) ???:-1]
0x55c5f64790b3 : ??? [(???) ???:-1]
0x55c5f6479455 : ??? [(???) ???:-1]
0x55c5f6479510 : ??? [(???) ???:-1]
0x55c5f64eb565 : ??? [(???) ???:-1]
0x55c5f64ebd55 : ??? [(???) ???:-1]
0x55c5f620264f : ??? [(???) ???:-1]
0x55c5f6202a03 : ??? [(???) ???:-1]
0x55c5f6514b6e : ??? [(???) ???:-1]
0x55c5f651d0bf : ??? [(???) ???:-1]
0x55c5f6519f4d : ??? [(???) ???:-1]
0x55c5f6503421 : ??? [(???) ???:-1]
0x55c5f64c48fa : ??? [(???) ???:-1]
0x55c5f64d35b7 : ??? [(???) ???:-1]
0x55c5f62c0aa7 : ??? [(???) ???:-1]
0x55c5f62d01e4 : ??? [(???) ???:-1]
0x55c5f61d3c29 : ??? [(???) ???:-1]
0x55c5f61c5ba3 : ??? [(???) ???:-1]
0x7f04813920b3 : __libc_start_main [(libc.so.6) ???:-1]
0x55c5f61cf1ae : ??? [(???) ???:-1]


CMake Internal Error (please report a bug) in CMakeLists.txt:
  cmGeneratorTarget::GetOutputInfo called for body_tracking which has type
  UTILITY

Note: The stack trace will not use advanced capabilities because this is a release build.
0x55c5f65eb7a4 : ??? [(???) ???:-1]
0x55c5f65ec262 : ??? [(???) ???:-1]
0x55c5f6528253 : ??? [(???) ???:-1]
0x55c5f65288d9 : ??? [(???) ???:-1]
0x55c5f648131f : ??? [(???) ???:-1]
0x55c5f6481513 : ??? [(???) ???:-1]
0x55c5f64790b3 : ??? [(???) ???:-1]
0x55c5f6479455 : ??? [(???) ???:-1]
0x55c5f6479510 : ??? [(???) ???:-1]
0x55c5f64eb565 : ??? [(???) ???:-1]
0x55c5f64ebd55 : ??? [(???) ???:-1]
0x55c5f620264f : ??? [(???) ???:-1]
0x55c5f6202a03 : ??? [(???) ???:-1]
0x55c5f6514b6e : ??? [(???) ???:-1]
0x55c5f651d0bf : ??? [(???) ???:-1]
0x55c5f6519f4d : ??? [(???) ???:-1]
0x55c5f6503421 : ??? [(???) ???:-1]
0x55c5f64c48fa : ??? [(???) ???:-1]
0x55c5f64d35b7 : ??? [(???) ???:-1]
0x55c5f62c0aa7 : ??? [(???) ???:-1]
0x55c5f62d01e4 : ??? [(???) ???:-1]
0x55c5f61d3c29 : ??? [(???) ???:-1]
0x55c5f61c5ba3 : ??? [(???) ???:-1]
0x7f04813920b3 : __libc_start_main [(libc.so.6) ???:-1]
0x55c5f61cf1ae : ??? [(???) ???:-1]


CMake Error: INSTALL(EXPORT) given unknown export "body_tracking"
CMake Generate step failed.  Build files cannot be regenerated correctly.
make: *** [Makefile:924: cmake_check_build_system] Error 1
