[0.010s] Invoking command in '/home/robogait/azure_kinect_ws/build/body_tracking': CMAKE_PREFIX_PATH=${CMAKE_PREFIX_PATH}:/home/robogait/ros2_serial/install/ourbotmanager:/opt/ros/foxy /usr/bin/cmake --build /home/robogait/azure_kinect_ws/build/body_tracking -- -j8 -l8
[0.030s] -- Found ament_cmake: 0.9.9 (/opt/ros/foxy/share/ament_cmake/cmake)
[0.044s] -- Found PythonInterp: /usr/bin/python3 (found suitable version "3.8.10", minimum required is "3") 
[0.044s] -- Using PYTHON_EXECUTABLE: /usr/bin/python3
[0.148s] -- Found rclcpp: 2.4.1 (/opt/ros/foxy/share/rclcpp/cmake)
[0.168s] -- Using all available rosidl_typesupport_c: rosidl_typesupport_fastrtps_c;rosidl_typesupport_introspection_c
[0.170s] -- Found rosidl_adapter: 1.2.1 (/opt/ros/foxy/share/rosidl_adapter/cmake)
[0.243s] -- Using all available rosidl_typesupport_cpp: rosidl_typesupport_fastrtps_cpp;rosidl_typesupport_introspection_cpp
[0.272s] -- Found rmw_implementation_cmake: 1.0.3 (/opt/ros/foxy/share/rmw_implementation_cmake/cmake)
[0.273s] -- Using RMW implementation 'rmw_fastrtps_cpp' as default
[0.359s] -- Found body_tracking: 0.0.0 (/home/robogait/azure_kinect_ws/install/body_tracking/share/body_tracking/cmake)
[0.378s] -- Found rosidl_default_generators: 1.0.1 (/opt/ros/foxy/share/rosidl_default_generators/cmake)
[0.400s] -- Found PythonInterp: /usr/bin/python3 (found version "3.8.10") 
[0.493s] -- Found ament_cmake_ros: 0.9.2 (/opt/ros/foxy/share/ament_cmake_ros/cmake)
[0.597s] -- Using all available rosidl_typesupport_c: rosidl_typesupport_fastrtps_c;rosidl_typesupport_introspection_c
[0.633s] -- Using all available rosidl_typesupport_cpp: rosidl_typesupport_fastrtps_cpp;rosidl_typesupport_introspection_cpp
[0.649s] -- Found PythonInterp: /usr/bin/python3 (found suitable version "3.8.10", minimum required is "3.5") 
[0.649s] -- Found python_cmake_module: 0.8.1 (/opt/ros/foxy/share/python_cmake_module/cmake)
[0.663s] -- Using PYTHON_EXECUTABLE: /usr/bin/python3
[0.663s] -- Using PYTHON_INCLUDE_DIRS: /usr/include/python3.8
[0.663s] -- Using PYTHON_LIBRARIES: /usr/lib/x86_64-linux-gnu/libpython3.8.so
[0.685s] -- Found ament_lint_auto: 0.9.6 (/opt/ros/foxy/share/ament_lint_auto/cmake)
[0.691s] -- Added test 'copyright' to check source files copyright and LICENSE
[0.692s] -- Added test 'cppcheck' to perform static code analysis on C / C++ code
[0.692s] -- Configured cppcheck include dirs: $<BUILD_INTERFACE:/home/robogait/azure_kinect_ws/src/body_tracking/include>
[0.692s] -- Configured cppcheck exclude dirs and/or files: 
[0.693s] -- Added test 'cpplint' to check C / C++ code against the Google style
[0.693s] -- Configured cpplint exclude dirs and/or files: 
[0.693s] -- Added test 'lint_cmake' to check CMake code style
[0.694s] -- Added test 'uncrustify' to check C / C++ code style
[0.694s] -- Configured uncrustify additional arguments: 
[0.694s] -- Added test 'xmllint' to check XML markup files
[0.697s] -- Configuring done
[0.708s] CMake Internal Error (please report a bug) in CMakeLists.txt:
[0.708s]   cmGeneratorTarget::GetOutputInfo called for body_tracking which has type
[0.708s]   UTILITY
[0.708s] 
[0.708s] Note: The stack trace will not use advanced capabilities because this is a release build.
[0.708s] 0x55c5f65eb7a4 : ??? [(???) ???:-1]
[0.708s] 0x55c5f65ec262 : ??? [(???) ???:-1]
[0.708s] 0x55c5f6528253 : ??? [(???) ???:-1]
[0.708s] 0x55c5f65288d9 : ??? [(???) ???:-1]
[0.708s] 0x55c5f648131f : ??? [(???) ???:-1]
[0.708s] 0x55c5f6481513 : ??? [(???) ???:-1]
[0.708s] 0x55c5f64790b3 : ??? [(???) ???:-1]
[0.708s] 0x55c5f6479455 : ??? [(???) ???:-1]
[0.708s] 0x55c5f6479510 : ??? [(???) ???:-1]
[0.708s] 0x55c5f64eb565 : ??? [(???) ???:-1]
[0.708s] 0x55c5f64ebd55 : ??? [(???) ???:-1]
[0.708s] 0x55c5f620264f : ??? [(???) ???:-1]
[0.708s] 0x55c5f6202a03 : ??? [(???) ???:-1]
[0.709s] 0x55c5f6514b6e : ??? [(???) ???:-1]
[0.709s] 0x55c5f651d0bf : ??? [(???) ???:-1]
[0.709s] 0x55c5f6519f4d : ??? [(???) ???:-1]
[0.709s] 0x55c5f6503421 : ??? [(???) ???:-1]
[0.709s] 0x55c5f64c48fa : ??? [(???) ???:-1]
[0.709s] 0x55c5f64d35b7 : ??? [(???) ???:-1]
[0.709s] 0x55c5f62c0aa7 : ??? [(???) ???:-1]
[0.709s] 0x55c5f62d01e4 : ??? [(???) ???:-1]
[0.709s] 0x55c5f61d3c29 : ??? [(???) ???:-1]
[0.709s] 0x55c5f61c5ba3 : ??? [(???) ???:-1]
[0.709s] 0x7f04813920b3 : __libc_start_main [(libc.so.6) ???:-1]
[0.709s] 0x55c5f61cf1ae : ??? [(???) ???:-1]
[0.709s] 
[0.709s] 
[0.709s] CMake Internal Error (please report a bug) in CMakeLists.txt:
[0.709s]   cmGeneratorTarget::GetOutputInfo called for body_tracking which has type
[0.709s]   UTILITY
[0.709s] 
[0.709s] Note: The stack trace will not use advanced capabilities because this is a release build.
[0.709s] 0x55c5f65eb7a4 : ??? [(???) ???:-1]
[0.709s] 0x55c5f65ec262 : ??? [(???) ???:-1]
[0.709s] 0x55c5f6528253 : ??? [(???) ???:-1]
[0.709s] 0x55c5f65288d9 : ??? [(???) ???:-1]
[0.709s] 0x55c5f648131f : ??? [(???) ???:-1]
[0.709s] 0x55c5f6481513 : ??? [(???) ???:-1]
[0.709s] 0x55c5f64790b3 : ??? [(???) ???:-1]
[0.709s] 0x55c5f6479455 : ??? [(???) ???:-1]
[0.709s] 0x55c5f6479510 : ??? [(???) ???:-1]
[0.709s] 0x55c5f64eb565 : ??? [(???) ???:-1]
[0.709s] 0x55c5f64ebd55 : ??? [(???) ???:-1]
[0.710s] 0x55c5f620264f : ??? [(???) ???:-1]
[0.710s] 0x55c5f6202a03 : ??? [(???) ???:-1]
[0.710s] 0x55c5f6514b6e : ??? [(???) ???:-1]
[0.710s] 0x55c5f651d0bf : ??? [(???) ???:-1]
[0.710s] 0x55c5f6519f4d : ??? [(???) ???:-1]
[0.710s] 0x55c5f6503421 : ??? [(???) ???:-1]
[0.710s] 0x55c5f64c48fa : ??? [(???) ???:-1]
[0.710s] 0x55c5f64d35b7 : ??? [(???) ???:-1]
[0.710s] 0x55c5f62c0aa7 : ??? [(???) ???:-1]
[0.710s] 0x55c5f62d01e4 : ??? [(???) ???:-1]
[0.710s] 0x55c5f61d3c29 : ??? [(???) ???:-1]
[0.710s] 0x55c5f61c5ba3 : ??? [(???) ???:-1]
[0.710s] 0x7f04813920b3 : __libc_start_main [(libc.so.6) ???:-1]
[0.710s] 0x55c5f61cf1ae : ??? [(???) ???:-1]
[0.710s] 
[0.710s] 
[0.710s] CMake Internal Error (please report a bug) in CMakeLists.txt:
[0.710s]   cmGeneratorTarget::GetOutputInfo called for body_tracking which has type
[0.710s]   UTILITY
[0.710s] 
[0.710s] Note: The stack trace will not use advanced capabilities because this is a release build.
[0.710s] 0x55c5f65eb7a4 : ??? [(???) ???:-1]
[0.710s] 0x55c5f65ec262 : ??? [(???) ???:-1]
[0.710s] 0x55c5f6528253 : ??? [(???) ???:-1]
[0.710s] 0x55c5f65288d9 : ??? [(???) ???:-1]
[0.710s] 0x55c5f648131f : ??? [(???) ???:-1]
[0.710s] 0x55c5f6481513 : ??? [(???) ???:-1]
[0.710s] 0x55c5f64790b3 : ??? [(???) ???:-1]
[0.710s] 0x55c5f6479455 : ??? [(???) ???:-1]
[0.710s] 0x55c5f6479510 : ??? [(???) ???:-1]
[0.711s] 0x55c5f64eb565 : ??? [(???) ???:-1]
[0.711s] 0x55c5f64ebd55 : ??? [(???) ???:-1]
[0.711s] 0x55c5f620264f : ??? [(???) ???:-1]
[0.711s] 0x55c5f6202a03 : ??? [(???) ???:-1]
[0.711s] 0x55c5f6514b6e : ??? [(???) ???:-1]
[0.711s] 0x55c5f651d0bf : ??? [(???) ???:-1]
[0.711s] 0x55c5f6519f4d : ??? [(???) ???:-1]
[0.711s] 0x55c5f6503421 : ??? [(???) ???:-1]
[0.711s] 0x55c5f64c48fa : ??? [(???) ???:-1]
[0.711s] 0x55c5f64d35b7 : ??? [(???) ???:-1]
[0.711s] 0x55c5f62c0aa7 : ??? [(???) ???:-1]
[0.711s] 0x55c5f62d01e4 : ??? [(???) ???:-1]
[0.711s] 0x55c5f61d3c29 : ??? [(???) ???:-1]
[0.711s] 0x55c5f61c5ba3 : ??? [(???) ???:-1]
[0.711s] 0x7f04813920b3 : __libc_start_main [(libc.so.6) ???:-1]
[0.711s] 0x55c5f61cf1ae : ??? [(???) ???:-1]
[0.711s] 
[0.711s] 
[0.711s] CMake Internal Error (please report a bug) in CMakeLists.txt:
[0.711s]   cmGeneratorTarget::GetOutputInfo called for body_tracking which has type
[0.711s]   UTILITY
[0.711s] 
[0.711s] Note: The stack trace will not use advanced capabilities because this is a release build.
[0.711s] 0x55c5f65eb7a4 : ??? [(???) ???:-1]
[0.711s] 0x55c5f65ec262 : ??? [(???) ???:-1]
[0.711s] 0x55c5f6528253 : ??? [(???) ???:-1]
[0.711s] 0x55c5f65288d9 : ??? [(???) ???:-1]
[0.711s] 0x55c5f648131f : ??? [(???) ???:-1]
[0.711s] 0x55c5f6481513 : ??? [(???) ???:-1]
[0.711s] 0x55c5f64790b3 : ??? [(???) ???:-1]
[0.711s] 0x55c5f6479455 : ??? [(???) ???:-1]
[0.712s] 0x55c5f6479510 : ??? [(???) ???:-1]
[0.712s] 0x55c5f64eb565 : ??? [(???) ???:-1]
[0.712s] 0x55c5f64ebd55 : ??? [(???) ???:-1]
[0.712s] 0x55c5f620264f : ??? [(???) ???:-1]
[0.712s] 0x55c5f6202a03 : ??? [(???) ???:-1]
[0.712s] 0x55c5f6514b6e : ??? [(???) ???:-1]
[0.712s] 0x55c5f651d0bf : ??? [(???) ???:-1]
[0.712s] 0x55c5f6519f4d : ??? [(???) ???:-1]
[0.712s] 0x55c5f6503421 : ??? [(???) ???:-1]
[0.712s] 0x55c5f64c48fa : ??? [(???) ???:-1]
[0.712s] 0x55c5f64d35b7 : ??? [(???) ???:-1]
[0.712s] 0x55c5f62c0aa7 : ??? [(???) ???:-1]
[0.712s] 0x55c5f62d01e4 : ??? [(???) ???:-1]
[0.712s] 0x55c5f61d3c29 : ??? [(???) ???:-1]
[0.712s] 0x55c5f61c5ba3 : ??? [(???) ???:-1]
[0.712s] 0x7f04813920b3 : __libc_start_main [(libc.so.6) ???:-1]
[0.712s] 0x55c5f61cf1ae : ??? [(???) ???:-1]
[0.712s] 
[0.712s] 
[0.724s] CMake Error: INSTALL(EXPORT) given unknown export "body_tracking"
[0.726s] -- Generating done
[0.728s] CMake Generate step failed.  Build files cannot be regenerated correctly.
[0.734s] make: *** [Makefile:924: cmake_check_build_system] Error 1
[0.735s] Invoked command in '/home/robogait/azure_kinect_ws/build/body_tracking' returned '2': CMAKE_PREFIX_PATH=${CMAKE_PREFIX_PATH}:/home/robogait/ros2_serial/install/ourbotmanager:/opt/ros/foxy /usr/bin/cmake --build /home/robogait/azure_kinect_ws/build/body_tracking -- -j8 -l8
