[0.013s] Invoking command in '/home/robogait/catkin_ws/build/pkg_navigation': CMAKE_PREFIX_PATH=${CMAKE_PREFIX_PATH}:/home/robogait/nav2_ws/install/nav2_gazebo_spawner:/home/robogait/ros2_serial/install/ourbotmanager:/home/robogait/ros2_ws/install/nav2_project:/opt/ros/foxy /bin/cmake --build /home/robogait/catkin_ws/build/pkg_navigation -- -j8 -l8
[0.086s] [ 33%] Built target publisher_initial_pose
[0.086s] [ 33%] Built target robot_odom_tf2_listener
[0.087s] [ 33%] Built target tf2_broadcaster_person
[0.087s] [ 44%] Built target robot_controller_position
[0.088s] [ 55%] Built target robot_controller
[0.090s] [ 66%] Built target publisher_subscriber
[0.090s] [ 77%] Built target tf2_broadcaster
[0.091s] [ 88%] Built target person_odom_tf2_listener
[0.100s] [35m[1mScanning dependencies of target robot_controller_straight[0m
[0.122s] [ 94%] [32mBuilding CXX object CMakeFiles/robot_controller_straight.dir/src/robot_controller_straight.cpp.o[0m
[0.946s] [01m[K/home/robogait/catkin_ws/src/pkg_navigation/src/robot_controller_straight.cpp:[m[K In member function ‘[01m[Kvoid generic::controller()[m[K’:
[0.946s] [01m[K/home/robogait/catkin_ws/src/pkg_navigation/src/robot_controller_straight.cpp:155:55:[m[K [01;31m[Kerror: [m[K‘[01m[Kcontrol_yaw[m[K’ was not declared in this scope; did you mean ‘[01m[Kcontrol[m[K’?
[0.946s]   155 |         cout<< "Control: "<<control<<"Control yaw: "<<[01;31m[Kcontrol_yaw[m[K<<" Error: "<<error_actual<<" Distance_person: "<<distance_person<<endl;
[0.946s]       |                                                       [01;31m[K^~~~~~~~~~~[m[K
[0.946s]       |                                                       [32m[Kcontrol[m[K
[2.283s] make[2]: *** [CMakeFiles/robot_controller_straight.dir/build.make:63: CMakeFiles/robot_controller_straight.dir/src/robot_controller_straight.cpp.o] Error 1
[2.283s] make[1]: *** [CMakeFiles/Makefile2:364: CMakeFiles/robot_controller_straight.dir/all] Error 2
[2.283s] make: *** [Makefile:141: all] Error 2
[2.286s] Invoked command in '/home/robogait/catkin_ws/build/pkg_navigation' returned '2': CMAKE_PREFIX_PATH=${CMAKE_PREFIX_PATH}:/home/robogait/nav2_ws/install/nav2_gazebo_spawner:/home/robogait/ros2_serial/install/ourbotmanager:/home/robogait/ros2_ws/install/nav2_project:/opt/ros/foxy /bin/cmake --build /home/robogait/catkin_ws/build/pkg_navigation -- -j8 -l8
