[0.025s] Invoking command in '/home/robogait/azure_kinect_ws/build/body_tracking': CMAKE_PREFIX_PATH=${CMAKE_PREFIX_PATH}:/home/robogait/nav2_ws/install/nav2_gazebo_spawner:/home/robogait/ros2_serial/install/ourbotmanager:/home/robogait/ros2_ws/install/nav2_project:/opt/ros/foxy /usr/bin/cmake --build /home/robogait/azure_kinect_ws/build/body_tracking -- -j8 -l8
[0.087s] [ 50%] Built target body_tracking_recording_node
[0.091s] [100%] Built target body_tracking_node
[0.102s] Invoked command in '/home/robogait/azure_kinect_ws/build/body_tracking' returned '0': CMAKE_PREFIX_PATH=${CMAKE_PREFIX_PATH}:/home/robogait/nav2_ws/install/nav2_gazebo_spawner:/home/robogait/ros2_serial/install/ourbotmanager:/home/robogait/ros2_ws/install/nav2_project:/opt/ros/foxy /usr/bin/cmake --build /home/robogait/azure_kinect_ws/build/body_tracking -- -j8 -l8
[0.153s] Invoking command in '/home/robogait/azure_kinect_ws/build/body_tracking': CMAKE_PREFIX_PATH=${CMAKE_PREFIX_PATH}:/home/robogait/nav2_ws/install/nav2_gazebo_spawner:/home/robogait/ros2_serial/install/ourbotmanager:/home/robogait/ros2_ws/install/nav2_project:/opt/ros/foxy /usr/bin/cmake --install /home/robogait/azure_kinect_ws/build/body_tracking
[0.162s] -- Install configuration: ""
[0.162s] -- Execute custom install script
[0.162s] -- Up-to-date symlink: /home/robogait/azure_kinect_ws/install/body_tracking/lib/body_tracking/body_tracking_node
[0.163s] -- Up-to-date symlink: /home/robogait/azure_kinect_ws/install/body_tracking/lib/body_tracking/body_tracking_recording_node
[0.163s] -- Up-to-date symlink: /home/robogait/azure_kinect_ws/install/body_tracking/lib/body_tracking/body_tracking_node
[0.163s] -- Up-to-date symlink: /home/robogait/azure_kinect_ws/install/body_tracking/lib/body_tracking/body_tracking_recording_node
[0.163s] -- Up-to-date symlink: /home/robogait/azure_kinect_ws/install/body_tracking/share/ament_index/resource_index/package_run_dependencies/body_tracking
[0.163s] -- Up-to-date symlink: /home/robogait/azure_kinect_ws/install/body_tracking/share/ament_index/resource_index/parent_prefix_path/body_tracking
[0.164s] -- Up-to-date symlink: /home/robogait/azure_kinect_ws/install/body_tracking/share/body_tracking/environment/ament_prefix_path.sh
[0.164s] -- Up-to-date symlink: /home/robogait/azure_kinect_ws/install/body_tracking/share/body_tracking/environment/ament_prefix_path.dsv
[0.164s] -- Up-to-date symlink: /home/robogait/azure_kinect_ws/install/body_tracking/share/body_tracking/environment/path.sh
[0.164s] -- Up-to-date symlink: /home/robogait/azure_kinect_ws/install/body_tracking/share/body_tracking/environment/path.dsv
[0.164s] -- Up-to-date symlink: /home/robogait/azure_kinect_ws/install/body_tracking/share/body_tracking/local_setup.bash
[0.164s] -- Up-to-date symlink: /home/robogait/azure_kinect_ws/install/body_tracking/share/body_tracking/local_setup.sh
[0.164s] -- Up-to-date symlink: /home/robogait/azure_kinect_ws/install/body_tracking/share/body_tracking/local_setup.zsh
[0.164s] -- Up-to-date symlink: /home/robogait/azure_kinect_ws/install/body_tracking/share/body_tracking/local_setup.dsv
[0.165s] -- Symlinking: /home/robogait/azure_kinect_ws/install/body_tracking/share/body_tracking/package.dsv
[0.173s] -- Up-to-date symlink: /home/robogait/azure_kinect_ws/install/body_tracking/share/ament_index/resource_index/packages/body_tracking
[0.173s] -- Up-to-date symlink: /home/robogait/azure_kinect_ws/install/body_tracking/share/body_tracking/cmake/body_trackingConfig.cmake
[0.173s] -- Up-to-date symlink: /home/robogait/azure_kinect_ws/install/body_tracking/share/body_tracking/cmake/body_trackingConfig-version.cmake
[0.173s] -- Up-to-date symlink: /home/robogait/azure_kinect_ws/install/body_tracking/share/body_tracking/package.xml
[0.175s] Invoked command in '/home/robogait/azure_kinect_ws/build/body_tracking' returned '0': CMAKE_PREFIX_PATH=${CMAKE_PREFIX_PATH}:/home/robogait/nav2_ws/install/nav2_gazebo_spawner:/home/robogait/ros2_serial/install/ourbotmanager:/home/robogait/ros2_ws/install/nav2_project:/opt/ros/foxy /usr/bin/cmake --install /home/robogait/azure_kinect_ws/build/body_tracking
