[0.015s] Invoking command in '/home/robogait/ros2_serial_cpp/build/ros2_serial_cpp': CMAKE_PREFIX_PATH=${CMAKE_PREFIX_PATH}:/home/robogait/nav2_ws/install/nav2_gazebo_spawner:/home/robogait/ros2_serial/install/ourbotmanager:/home/robogait/ros2_ws/install/nav2_project:/opt/ros/foxy /usr/bin/cmake --build /home/robogait/ros2_serial_cpp/build/ros2_serial_cpp -- -j8 -l8
[0.065s] -- Found ament_cmake: 0.9.9 (/opt/ros/foxy/share/ament_cmake/cmake)
[0.087s] -- Using PYTHON_EXECUTABLE: /usr/bin/python3
[0.209s] -- Found rclcpp: 2.4.1 (/opt/ros/foxy/share/rclcpp/cmake)
[0.242s] -- Using all available rosidl_typesupport_c: rosidl_typesupport_fastrtps_c;rosidl_typesupport_introspection_c
[0.245s] -- Found rosidl_adapter: 1.2.1 (/opt/ros/foxy/share/rosidl_adapter/cmake)
[0.339s] -- Using all available rosidl_typesupport_cpp: rosidl_typesupport_fastrtps_cpp;rosidl_typesupport_introspection_cpp
[0.375s] -- Found rmw_implementation_cmake: 1.0.3 (/opt/ros/foxy/share/rmw_implementation_cmake/cmake)
[0.378s] -- Using RMW implementation 'rmw_fastrtps_cpp' as default
[0.470s] -- Found geometry_msgs: 2.0.5 (/opt/ros/foxy/share/geometry_msgs/cmake)
[0.491s] -- Found nav_msgs: 2.0.5 (/opt/ros/foxy/share/nav_msgs/cmake)
[0.533s] -- Found sensor_msgs: 2.0.5 (/opt/ros/foxy/share/sensor_msgs/cmake)
[0.576s] -- Found body_tracker_msgs: 0.0.0 (/home/robogait/azure_kinect_ws/install/body_tracker_msgs/share/body_tracker_msgs/cmake)
[0.621s] -- Found ament_lint_auto: 0.9.6 (/opt/ros/foxy/share/ament_lint_auto/cmake)
[0.672s] -- Added test 'copyright' to check source files copyright and LICENSE
[0.705s] -- Added test 'cppcheck' to perform static code analysis on C / C++ code
[0.705s] -- Configured cppcheck include dirs: 
[0.705s] -- Configured cppcheck exclude dirs and/or files: 
[0.720s] -- Added test 'cpplint' to check C / C++ code against the Google style
[0.720s] -- Configured cpplint exclude dirs and/or files: 
[0.722s] -- Added test 'flake8' to check Python code syntax and style conventions
[0.726s] -- Added test 'lint_cmake' to check CMake code style
[0.728s] -- Added test 'pep257' to check Python code against some of the style conventions in PEP 257
[0.743s] -- Added test 'uncrustify' to check C / C++ code style
[0.743s] -- Configured uncrustify additional arguments: 
[0.745s] -- Added test 'xmllint' to check XML markup files
[0.747s] -- Configuring done
[0.759s] -- Generating done
[0.760s] -- Build files have been written to: /home/robogait/ros2_serial_cpp/build/ros2_serial_cpp
[0.793s] [35m[1mScanning dependencies of target driver_controller[0m
[0.812s] [ 50%] Built target modelado
[0.817s] [ 75%] [32mBuilding CXX object CMakeFiles/driver_controller.dir/src/driver_controller.cpp.o[0m
[1.724s] [01m[K/home/robogait/ros2_serial_cpp/src/driver_controller.cpp:[m[K In constructor ‘[01m[Kdriver_controller::driver_controller()[m[K’:
[1.724s] [01m[K/home/robogait/ros2_serial_cpp/src/driver_controller.cpp:95:83:[m[K [01;31m[Kerror: [m[Kno match for ‘[01m[Koperator=[m[K’ (operand types are ‘[01m[Krclcpp::Subscription<std_msgs::msg::Float32_<std::allocator<void> > >::SharedPtr[m[K’ {aka ‘[01m[Kstd::shared_ptr<rclcpp::Subscription<std_msgs::msg::Float32_<std::allocator<void> > > >[m[K’} and ‘[01m[Kstd::shared_ptr<rclcpp::Subscription<geometry_msgs::msg::Twist_<std::allocator<void> > > >[m[K’)
[1.724s]    95 |         "/cmd_servo", 10, bind(&driver_controller::topic_callback_servo, this, _1)[01;31m[K)[m[K;
[1.724s]       |                                                                                   [01;31m[K^[m[K
[1.724s] In file included from [01m[K/usr/include/c++/9/memory:81[m[K,
[1.724s]                  from [01m[K/opt/ros/foxy/include/rclcpp/rclcpp.hpp:144[m[K,
[1.724s]                  from [01m[K/home/robogait/ros2_serial_cpp/src/driver_controller.cpp:13[m[K:
[1.724s] [01m[K/usr/include/c++/9/bits/shared_ptr.h:309:19:[m[K [01;36m[Knote: [m[Kcandidate: ‘[01m[Kstd::shared_ptr<_Tp>& std::shared_ptr<_Tp>::operator=(const std::shared_ptr<_Tp>&) [with _Tp = rclcpp::Subscription<std_msgs::msg::Float32_<std::allocator<void> > >][m[K’
[1.724s]   309 |       shared_ptr& [01;36m[Koperator[m[K=(const shared_ptr&) noexcept = default;
[1.724s]       |                   [01;36m[K^~~~~~~~[m[K
[1.724s] [01m[K/usr/include/c++/9/bits/shared_ptr.h:309:29:[m[K [01;36m[Knote: [m[K  no known conversion for argument 1 from ‘[01m[Kstd::shared_ptr<rclcpp::Subscription<geometry_msgs::msg::Twist_<std::allocator<void> > > >[m[K’ to ‘[01m[Kconst std::shared_ptr<rclcpp::Subscription<std_msgs::msg::Float32_<std::allocator<void> > > >&[m[K’
[1.724s]   309 |       shared_ptr& operator=([01;36m[Kconst shared_ptr&[m[K) noexcept = default;
[1.724s]       |                             [01;36m[K^~~~~~~~~~~~~~~~~[m[K
[1.724s] [01m[K/usr/include/c++/9/bits/shared_ptr.h:313:2:[m[K [01;36m[Knote: [m[Kcandidate: ‘[01m[Ktemplate<class _Yp> std::shared_ptr<_Tp>::_Assignable<const std::shared_ptr<_Yp>&> std::shared_ptr<_Tp>::operator=(const std::shared_ptr<_Yp>&) [with _Yp = _Yp; _Tp = rclcpp::Subscription<std_msgs::msg::Float32_<std::allocator<void> > >][m[K’
[1.724s]   313 |  [01;36m[Koperator[m[K=(const shared_ptr<_Yp>& __r) noexcept
[1.724s]       |  [01;36m[K^~~~~~~~[m[K
[1.724s] [01m[K/usr/include/c++/9/bits/shared_ptr.h:313:2:[m[K [01;36m[Knote: [m[K  template argument deduction/substitution failed:
[1.724s] /usr/include/c++/9/bits/shared_ptr.h: In substitution of ‘[01m[Ktemplate<class _Tp> template<class _Arg> using _Assignable = typename std::enable_if<std::is_assignable<std::__shared_ptr<_Tp>&, _Arg>::value, std::shared_ptr<_Tp>&>::type [with _Arg = const std::shared_ptr<rclcpp::Subscription<geometry_msgs::msg::Twist_<std::allocator<void> > > >&; _Tp = rclcpp::Subscription<std_msgs::msg::Float32_<std::allocator<void> > >][m[K’:
[1.724s] [01m[K/usr/include/c++/9/bits/shared_ptr.h:313:2:[m[K   required by substitution of ‘[01m[Ktemplate<class _Yp> std::shared_ptr<rclcpp::Subscription<std_msgs::msg::Float32_<std::allocator<void> > > >::_Assignable<const std::shared_ptr<_Tp>&> std::shared_ptr<rclcpp::Subscription<std_msgs::msg::Float32_<std::allocator<void> > > >::operator=<_Yp>(const std::shared_ptr<_Tp>&) [with _Yp = rclcpp::Subscription<geometry_msgs::msg::Twist_<std::allocator<void> > >][m[K’
[1.724s] [01m[K/home/robogait/ros2_serial_cpp/src/driver_controller.cpp:95:83:[m[K   required from here
[1.724s] [01m[K/usr/include/c++/9/bits/shared_ptr.h:111:8:[m[K [01;31m[Kerror: [m[Kno type named ‘[01m[Ktype[m[K’ in ‘[01m[Kstruct std::enable_if<false, std::shared_ptr<rclcpp::Subscription<std_msgs::msg::Float32_<std::allocator<void> > > >&>[m[K’
[1.724s]   111 |  using [01;31m[K_Assignable[m[K = typename enable_if<
[1.724s]       |        [01;31m[K^~~~~~~~~~~[m[K
[1.725s] [01m[K/usr/include/c++/9/bits/shared_ptr.h:324:2:[m[K [01;36m[Knote: [m[Kcandidate: ‘[01m[Ktemplate<class _Yp> std::shared_ptr<_Tp>::_Assignable<std::auto_ptr<_Up> > std::shared_ptr<_Tp>::operator=(std::auto_ptr<_Up>&&) [with _Yp = _Yp; _Tp = rclcpp::Subscription<std_msgs::msg::Float32_<std::allocator<void> > >][m[K’
[1.725s]   324 |  [01;36m[Koperator[m[K=(auto_ptr<_Yp>&& __r)
[1.725s]       |  [01;36m[K^~~~~~~~[m[K
[1.725s] [01m[K/usr/include/c++/9/bits/shared_ptr.h:324:2:[m[K [01;36m[Knote: [m[K  template argument deduction/substitution failed:
[1.725s] [01m[K/home/robogait/ros2_serial_cpp/src/driver_controller.cpp:95:83:[m[K [01;36m[Knote: [m[K  ‘[01m[Kstd::shared_ptr<rclcpp::Subscription<geometry_msgs::msg::Twist_<std::allocator<void> > > >[m[K’ is not derived from ‘[01m[Kstd::auto_ptr<_Up>[m[K’
[1.725s]    95 |         "/cmd_servo", 10, bind(&driver_controller::topic_callback_servo, this, _1)[01;36m[K)[m[K;
[1.725s]       |                                                                                   [01;36m[K^[m[K
[1.725s] In file included from [01m[K/usr/include/c++/9/memory:81[m[K,
[1.725s]                  from [01m[K/opt/ros/foxy/include/rclcpp/rclcpp.hpp:144[m[K,
[1.725s]                  from [01m[K/home/robogait/ros2_serial_cpp/src/driver_controller.cpp:13[m[K:
[1.725s] [01m[K/usr/include/c++/9/bits/shared_ptr.h:333:7:[m[K [01;36m[Knote: [m[Kcandidate: ‘[01m[Kstd::shared_ptr<_Tp>& std::shared_ptr<_Tp>::operator=(std::shared_ptr<_Tp>&&) [with _Tp = rclcpp::Subscription<std_msgs::msg::Float32_<std::allocator<void> > >][m[K’
[1.725s]   333 |       [01;36m[Koperator[m[K=(shared_ptr&& __r) noexcept
[1.725s]       |       [01;36m[K^~~~~~~~[m[K
[1.725s] [01m[K/usr/include/c++/9/bits/shared_ptr.h:333:30:[m[K [01;36m[Knote: [m[K  no known conversion for argument 1 from ‘[01m[Kstd::shared_ptr<rclcpp::Subscription<geometry_msgs::msg::Twist_<std::allocator<void> > > >[m[K’ to ‘[01m[Kstd::shared_ptr<rclcpp::Subscription<std_msgs::msg::Float32_<std::allocator<void> > > >&&[m[K’
[1.725s]   333 |       operator=([01;36m[Kshared_ptr&& __r[m[K) noexcept
[1.725s]       |                 [01;36m[K~~~~~~~~~~~~~^~~[m[K
[1.725s] [01m[K/usr/include/c++/9/bits/shared_ptr.h:341:2:[m[K [01;36m[Knote: [m[Kcandidate: ‘[01m[Ktemplate<class _Yp> std::shared_ptr<_Tp>::_Assignable<std::shared_ptr<_Yp> > std::shared_ptr<_Tp>::operator=(std::shared_ptr<_Yp>&&) [with _Yp = _Yp; _Tp = rclcpp::Subscription<std_msgs::msg::Float32_<std::allocator<void> > >][m[K’
[1.725s]   341 |  [01;36m[Koperator[m[K=(shared_ptr<_Yp>&& __r) noexcept
[1.725s]       |  [01;36m[K^~~~~~~~[m[K
[1.725s] [01m[K/usr/include/c++/9/bits/shared_ptr.h:341:2:[m[K [01;36m[Knote: [m[K  template argument deduction/substitution failed:
[1.725s] /usr/include/c++/9/bits/shared_ptr.h: In substitution of ‘[01m[Ktemplate<class _Tp> template<class _Arg> using _Assignable = typename std::enable_if<std::is_assignable<std::__shared_ptr<_Tp>&, _Arg>::value, std::shared_ptr<_Tp>&>::type [with _Arg = std::shared_ptr<rclcpp::Subscription<geometry_msgs::msg::Twist_<std::allocator<void> > > >; _Tp = rclcpp::Subscription<std_msgs::msg::Float32_<std::allocator<void> > >][m[K’:
[1.725s] [01m[K/usr/include/c++/9/bits/shared_ptr.h:341:2:[m[K   required by substitution of ‘[01m[Ktemplate<class _Yp> std::shared_ptr<rclcpp::Subscription<std_msgs::msg::Float32_<std::allocator<void> > > >::_Assignable<std::shared_ptr<_Tp> > std::shared_ptr<rclcpp::Subscription<std_msgs::msg::Float32_<std::allocator<void> > > >::operator=<_Yp>(std::shared_ptr<_Tp>&&) [with _Yp = rclcpp::Subscription<geometry_msgs::msg::Twist_<std::allocator<void> > >][m[K’
[1.725s] [01m[K/home/robogait/ros2_serial_cpp/src/driver_controller.cpp:95:83:[m[K   required from here
[1.725s] [01m[K/usr/include/c++/9/bits/shared_ptr.h:111:8:[m[K [01;31m[Kerror: [m[Kno type named ‘[01m[Ktype[m[K’ in ‘[01m[Kstruct std::enable_if<false, std::shared_ptr<rclcpp::Subscription<std_msgs::msg::Float32_<std::allocator<void> > > >&>[m[K’
[1.725s]   111 |  using [01;31m[K_Assignable[m[K = typename enable_if<
[1.725s]       |        [01;31m[K^~~~~~~~~~~[m[K
[1.725s] [01m[K/usr/include/c++/9/bits/shared_ptr.h:349:2:[m[K [01;36m[Knote: [m[Kcandidate: ‘[01m[Ktemplate<class _Yp, class _Del> std::shared_ptr<_Tp>::_Assignable<std::unique_ptr<_Up, _Ep> > std::shared_ptr<_Tp>::operator=(std::unique_ptr<_Up, _Ep>&&) [with _Yp = _Yp; _Del = _Del; _Tp = rclcpp::Subscription<std_msgs::msg::Float32_<std::allocator<void> > >][m[K’
[1.725s]   349 |  [01;36m[Koperator[m[K=(unique_ptr<_Yp, _Del>&& __r)
[1.726s]       |  [01;36m[K^~~~~~~~[m[K
[1.726s] [01m[K/usr/include/c++/9/bits/shared_ptr.h:349:2:[m[K [01;36m[Knote: [m[K  template argument deduction/substitution failed:
[1.726s] [01m[K/home/robogait/ros2_serial_cpp/src/driver_controller.cpp:95:83:[m[K [01;36m[Knote: [m[K  ‘[01m[Kstd::shared_ptr<rclcpp::Subscription<geometry_msgs::msg::Twist_<std::allocator<void> > > >[m[K’ is not derived from ‘[01m[Kstd::unique_ptr<_Tp, _Dp>[m[K’
[1.726s]    95 |         "/cmd_servo", 10, bind(&driver_controller::topic_callback_servo, this, _1)[01;36m[K)[m[K;
[1.726s]       |                                                                                   [01;36m[K^[m[K
[1.736s] [01m[K/home/robogait/ros2_serial_cpp/src/driver_controller.cpp:[m[K In member function ‘[01m[Kvoid driver_controller::loop()[m[K’:
[1.736s] [01m[K/home/robogait/ros2_serial_cpp/src/driver_controller.cpp:188:29:[m[K [01;31m[Kerror: [m[K‘[01m[Kservo_msg[m[K’ was not declared in this scope; did you mean ‘[01m[Ksensor_msgs[m[K’?
[1.736s]   188 |    publisher_servo->publish([01;31m[Kservo_msg[m[K);
[1.736s]       |                             [01;31m[K^~~~~~~~~[m[K
[1.736s]       |                             [32m[Ksensor_msgs[m[K
[2.919s] make[2]: *** [CMakeFiles/driver_controller.dir/build.make:63: CMakeFiles/driver_controller.dir/src/driver_controller.cpp.o] Error 1
[2.919s] make[1]: *** [CMakeFiles/Makefile2:107: CMakeFiles/driver_controller.dir/all] Error 2
[2.919s] make: *** [Makefile:141: all] Error 2
[2.921s] Invoked command in '/home/robogait/ros2_serial_cpp/build/ros2_serial_cpp' returned '2': CMAKE_PREFIX_PATH=${CMAKE_PREFIX_PATH}:/home/robogait/nav2_ws/install/nav2_gazebo_spawner:/home/robogait/ros2_serial/install/ourbotmanager:/home/robogait/ros2_ws/install/nav2_project:/opt/ros/foxy /usr/bin/cmake --build /home/robogait/ros2_serial_cpp/build/ros2_serial_cpp -- -j8 -l8
