[0.010s] Invoking command in '/home/robogait/azure_kinect_ws/build/body_tracking': CMAKE_PREFIX_PATH=${CMAKE_PREFIX_PATH}:/home/robogait/ros2_serial/install/ourbotmanager:/opt/ros/foxy /usr/bin/cmake --build /home/robogait/azure_kinect_ws/build/body_tracking -- -j8 -l8
[0.040s] [35m[1mScanning dependencies of target body_tracking_node[0m
[0.046s] [  2%] Built target body_tracking__cpp
[0.046s] [ 12%] Built target body_tracking__rosidl_generator_c
[0.060s] [ 14%] [32mBuilding CXX object CMakeFiles/body_tracking_node.dir/src/kinectAzure_body_tracker_node.cpp.o[0m
[0.062s] [ 24%] Built target body_tracking__rosidl_typesupport_cpp
[0.063s] [ 34%] Built target body_tracking__rosidl_typesupport_c
[0.064s] [ 43%] Built target body_tracking__rosidl_typesupport_introspection_cpp
[0.064s] [ 53%] Built target body_tracking__rosidl_typesupport_introspection_c
[0.065s] [ 63%] Built target body_tracking__rosidl_typesupport_fastrtps_cpp
[0.082s] [ 73%] Built target body_tracking__rosidl_typesupport_fastrtps_c
[0.095s] [ 73%] Built target body_tracking
[0.109s] [ 75%] [34m[1mGenerating Python code for ROS interfaces[0m
[0.627s] [ 75%] Built target body_tracking__py
[0.636s] [35m[1mScanning dependencies of target body_tracking__python[0m
[0.646s] [ 80%] [32mBuilding C object CMakeFiles/body_tracking__python.dir/rosidl_generator_py/body_tracking/msg/_skeleton_s.c.o[0m
[0.646s] [ 80%] [32mBuilding C object CMakeFiles/body_tracking__python.dir/rosidl_generator_py/body_tracking/msg/_hip_coordinates_s.c.o[0m
[0.711s] [ 82%] [32m[1mLinking C shared library rosidl_generator_py/body_tracking/libbody_tracking__python.so[0m
[0.737s] [ 82%] Built target body_tracking__python
[0.744s] [35m[1mScanning dependencies of target body_tracking__rosidl_typesupport_fastrtps_c__pyext[0m
[0.745s] [35m[1mScanning dependencies of target body_tracking__rosidl_typesupport_c__pyext[0m
[0.745s] [35m[1mScanning dependencies of target body_tracking__rosidl_typesupport_introspection_c__pyext[0m
[0.755s] [ 87%] [32mBuilding C object CMakeFiles/body_tracking__rosidl_typesupport_introspection_c__pyext.dir/rosidl_generator_py/body_tracking/_body_tracking_s.ep.rosidl_typesupport_introspection_c.c.o[0m
[0.756s] [ 87%] [32mBuilding C object CMakeFiles/body_tracking__rosidl_typesupport_c__pyext.dir/rosidl_generator_py/body_tracking/_body_tracking_s.ep.rosidl_typesupport_c.c.o[0m
[0.756s] [ 90%] [32mBuilding C object CMakeFiles/body_tracking__rosidl_typesupport_fastrtps_c__pyext.dir/rosidl_generator_py/body_tracking/_body_tracking_s.ep.rosidl_typesupport_fastrtps_c.c.o[0m
[0.809s] [ 97%] [32m[1mLinking CXX shared library rosidl_generator_py/body_tracking/body_tracking_s__rosidl_typesupport_fastrtps_c.cpython-38-x86_64-linux-gnu.so[0m
[0.809s] [ 97%] [32m[1mLinking C shared library rosidl_generator_py/body_tracking/body_tracking_s__rosidl_typesupport_c.cpython-38-x86_64-linux-gnu.so[0m
[0.809s] [ 97%] [32m[1mLinking C shared library rosidl_generator_py/body_tracking/body_tracking_s__rosidl_typesupport_introspection_c.cpython-38-x86_64-linux-gnu.so[0m
[0.833s] [ 97%] Built target body_tracking__rosidl_typesupport_introspection_c__pyext
[0.833s] [ 97%] Built target body_tracking__rosidl_typesupport_c__pyext
[0.851s] [ 97%] Built target body_tracking__rosidl_typesupport_fastrtps_c__pyext
[0.860s] [01m[K/home/robogait/azure_kinect_ws/src/body_tracking/src/kinectAzure_body_tracker_node.cpp:[m[K In member function ‘[01m[Kvoid MinimalPublisher::body_tracking()[m[K’:
[0.860s] [01m[K/home/robogait/azure_kinect_ws/src/body_tracking/src/kinectAzure_body_tracker_node.cpp:157:53:[m[K [01;31m[Kerror: [m[Kno match for ‘[01m[Koperator+[m[K’ (operand types are ‘[01m[Kk4a_float3_t[m[K’ and ‘[01m[Kk4a_float3_t[m[K’)
[0.860s]   157 |     position[i] = ([32m[Kbody.skeleton.joints[4].position[m[K [01;31m[K+[m[K [34m[Kbody.skeleton.joints[11].position[m[K) / 2;
[0.860s]       |                    [32m[K~~~~~~~~~~~~~~~~~~~~~~~~~~~~~~~~[m[K [01;31m[K^[m[K [34m[K~~~~~~~~~~~~~~~~~~~~~~~~~~~~~~~~~[m[K
[0.860s]       |                                            [32m[K|[m[K                                   [34m[K|[m[K
[0.860s]       |                                            [32m[Kk4a_float3_t[m[K                        [34m[Kk4a_float3_t[m[K
[0.865s] [01m[K/home/robogait/azure_kinect_ws/src/body_tracking/src/kinectAzure_body_tracker_node.cpp:255:36:[m[K [01;31m[Kerror: [m[Kno matching function for call to ‘[01m[Krclcpp::Publisher<body_tracking::msg::HipCoordinates_<std::allocator<void> > >::publish(body_tracking::msg::Skeleton_<std::allocator<void> >&)[m[K’
[0.865s]   255 |   publisher_->publish(skeleton_data[01;31m[K)[m[K;
[0.865s]       |                                    [01;31m[K^[m[K
[0.865s] In file included from [01m[K/opt/ros/foxy/include/rclcpp/topic_statistics/subscription_topic_statistics.hpp:31[m[K,
[0.865s]                  from [01m[K/opt/ros/foxy/include/rclcpp/subscription.hpp:50[m[K,
[0.865s]                  from [01m[K/opt/ros/foxy/include/rclcpp/any_executable.hpp:25[m[K,
[0.865s]                  from [01m[K/opt/ros/foxy/include/rclcpp/memory_strategy.hpp:24[m[K,
[0.865s]                  from [01m[K/opt/ros/foxy/include/rclcpp/memory_strategies.hpp:18[m[K,
[0.865s]                  from [01m[K/opt/ros/foxy/include/rclcpp/executor_options.hpp:20[m[K,
[0.865s]                  from [01m[K/opt/ros/foxy/include/rclcpp/executor.hpp:33[m[K,
[0.865s]                  from [01m[K/opt/ros/foxy/include/rclcpp/executors/multi_threaded_executor.hpp:26[m[K,
[0.865s]                  from [01m[K/opt/ros/foxy/include/rclcpp/executors.hpp:21[m[K,
[0.865s]                  from [01m[K/opt/ros/foxy/include/rclcpp/rclcpp.hpp:146[m[K,
[0.865s]                  from [01m[K/home/robogait/azure_kinect_ws/src/body_tracking/src/kinectAzure_body_tracker_node.cpp:16[m[K:
[0.865s] [01m[K/opt/ros/foxy/include/rclcpp/publisher.hpp:185:3:[m[K [01;36m[Knote: [m[Kcandidate: ‘[01m[Kvoid rclcpp::Publisher<MessageT, AllocatorT>::publish(std::unique_ptr<MessageT, typename std::conditional<std::is_same<typename std::allocator_traits<typename std::allocator_traits<_Alloc>::rebind_traits<MessageT>::allocator_type>::rebind_alloc<MessageT>, typename std::allocator<void>::rebind<_Tp1>::other>::value, std::default_delete<_Tp>, rclcpp::allocator::AllocatorDeleter<typename std::allocator_traits<_Alloc>::rebind_traits<MessageT>::allocator_type> >::type>) [with MessageT = body_tracking::msg::HipCoordinates_<std::allocator<void> >; AllocatorT = std::allocator<void>; typename std::conditional<std::is_same<typename std::allocator_traits<typename std::allocator_traits<_Alloc>::rebind_traits<MessageT>::allocator_type>::rebind_alloc<MessageT>, typename std::allocator<void>::rebind<_Tp1>::other>::value, std::default_delete<_Tp>, rclcpp::allocator::AllocatorDeleter<typename std::allocator_traits<_Alloc>::rebind_traits<MessageT>::allocator_type> >::type = std::default_delete<body_tracking::msg::HipCoordinates_<std::allocator<void> > >][m[K’
[0.865s]   185 |   [01;36m[Kpublish[m[K(std::unique_ptr<MessageT, MessageDeleter> msg)
[0.865s]       |   [01;36m[K^~~~~~~[m[K
[0.866s] [01m[K/opt/ros/foxy/include/rclcpp/publisher.hpp:185:53:[m[K [01;36m[Knote: [m[K  no known conversion for argument 1 from ‘[01m[Kbody_tracking::msg::Skeleton_<std::allocator<void> >[m[K’ to ‘[01m[Kstd::unique_ptr<body_tracking::msg::HipCoordinates_<std::allocator<void> >, std::default_delete<body_tracking::msg::HipCoordinates_<std::allocator<void> > > >[m[K’
[0.866s]   185 |   publish([01;36m[Kstd::unique_ptr<MessageT, MessageDeleter> msg[m[K)
[0.866s]       |           [01;36m[K~~~~~~~~~~~~~~~~~~~~~~~~~~~~~~~~~~~~~~~~~~^~~[m[K
[0.866s] [01m[K/opt/ros/foxy/include/rclcpp/publisher.hpp:209:3:[m[K [01;36m[Knote: [m[Kcandidate: ‘[01m[Kvoid rclcpp::Publisher<MessageT, AllocatorT>::publish(const MessageT&) [with MessageT = body_tracking::msg::HipCoordinates_<std::allocator<void> >; AllocatorT = std::allocator<void>][m[K’
[0.866s]   209 |   [01;36m[Kpublish[m[K(const MessageT & msg)
[0.866s]       |   [01;36m[K^~~~~~~[m[K
[0.866s] [01m[K/opt/ros/foxy/include/rclcpp/publisher.hpp:209:28:[m[K [01;36m[Knote: [m[K  no known conversion for argument 1 from ‘[01m[Kbody_tracking::msg::Skeleton_<std::allocator<void> >[m[K’ to ‘[01m[Kconst body_tracking::msg::HipCoordinates_<std::allocator<void> >&[m[K’
[0.866s]   209 |   publish([01;36m[Kconst MessageT & msg[m[K)
[0.866s]       |           [01;36m[K~~~~~~~~~~~~~~~~~^~~[m[K
[0.866s] [01m[K/opt/ros/foxy/include/rclcpp/publisher.hpp:226:3:[m[K [01;36m[Knote: [m[Kcandidate: ‘[01m[Kvoid rclcpp::Publisher<MessageT, AllocatorT>::publish(const rcl_serialized_message_t&) [with MessageT = body_tracking::msg::HipCoordinates_<std::allocator<void> >; AllocatorT = std::allocator<void>; rcl_serialized_message_t = rcutils_uint8_array_t][m[K’
[0.866s]   226 |   [01;36m[Kpublish[m[K(const rcl_serialized_message_t & serialized_msg)
[0.866s]       |   [01;36m[K^~~~~~~[m[K
[0.866s] [01m[K/opt/ros/foxy/include/rclcpp/publisher.hpp:226:44:[m[K [01;36m[Knote: [m[K  no known conversion for argument 1 from ‘[01m[Kbody_tracking::msg::Skeleton_<std::allocator<void> >[m[K’ to ‘[01m[Kconst rcl_serialized_message_t&[m[K’ {aka ‘[01m[Kconst rcutils_uint8_array_t&[m[K’}
[0.866s]   226 |   publish([01;36m[Kconst rcl_serialized_message_t & serialized_msg[m[K)
[0.866s]       |           [01;36m[K~~~~~~~~~~~~~~~~~~~~~~~~~~~~~~~~~^~~~~~~~~~~~~~[m[K
[0.866s] [01m[K/opt/ros/foxy/include/rclcpp/publisher.hpp:232:3:[m[K [01;36m[Knote: [m[Kcandidate: ‘[01m[Kvoid rclcpp::Publisher<MessageT, AllocatorT>::publish(const rclcpp::SerializedMessage&) [with MessageT = body_tracking::msg::HipCoordinates_<std::allocator<void> >; AllocatorT = std::allocator<void>][m[K’
[0.866s]   232 |   [01;36m[Kpublish[m[K(const SerializedMessage & serialized_msg)
[0.866s]       |   [01;36m[K^~~~~~~[m[K
[0.866s] [01m[K/opt/ros/foxy/include/rclcpp/publisher.hpp:232:37:[m[K [01;36m[Knote: [m[K  no known conversion for argument 1 from ‘[01m[Kbody_tracking::msg::Skeleton_<std::allocator<void> >[m[K’ to ‘[01m[Kconst rclcpp::SerializedMessage&[m[K’
[0.866s]   232 |   publish([01;36m[Kconst SerializedMessage & serialized_msg[m[K)
[0.866s]       |           [01;36m[K~~~~~~~~~~~~~~~~~~~~~~~~~~^~~~~~~~~~~~~~[m[K
[0.866s] [01m[K/opt/ros/foxy/include/rclcpp/publisher.hpp:246:3:[m[K [01;36m[Knote: [m[Kcandidate: ‘[01m[Kvoid rclcpp::Publisher<MessageT, AllocatorT>::publish(rclcpp::LoanedMessage<MessageT, AllocatorT>&&) [with MessageT = body_tracking::msg::HipCoordinates_<std::allocator<void> >; AllocatorT = std::allocator<void>][m[K’
[0.866s]   246 |   [01;36m[Kpublish[m[K(rclcpp::LoanedMessage<MessageT, AllocatorT> && loaned_msg)
[0.866s]       |   [01;36m[K^~~~~~~[m[K
[0.866s] [01m[K/opt/ros/foxy/include/rclcpp/publisher.hpp:246:58:[m[K [01;36m[Knote: [m[K  no known conversion for argument 1 from ‘[01m[Kbody_tracking::msg::Skeleton_<std::allocator<void> >[m[K’ to ‘[01m[Krclcpp::LoanedMessage<body_tracking::msg::HipCoordinates_<std::allocator<void> >, std::allocator<void> >&&[m[K’
[0.866s]   246 |   publish([01;36m[Krclcpp::LoanedMessage<MessageT, AllocatorT> && loaned_msg[m[K)
[0.866s]       |           [01;36m[K~~~~~~~~~~~~~~~~~~~~~~~~~~~~~~~~~~~~~~~~~~~~~~~^~~~~~~~~~[m[K
[1.384s] At global scope:
[1.384s] [01m[Kcc1plus:[m[K [01;35m[Kwarning: [m[Kunrecognized command line option ‘[01m[K-Wno-dev[m[K’
[1.396s] make[2]: *** [CMakeFiles/body_tracking_node.dir/build.make:63: CMakeFiles/body_tracking_node.dir/src/kinectAzure_body_tracker_node.cpp.o] Error 1
[1.396s] make[1]: *** [CMakeFiles/Makefile2:208: CMakeFiles/body_tracking_node.dir/all] Error 2
[1.396s] make: *** [Makefile:141: all] Error 2
[1.399s] Invoked command in '/home/robogait/azure_kinect_ws/build/body_tracking' returned '2': CMAKE_PREFIX_PATH=${CMAKE_PREFIX_PATH}:/home/robogait/ros2_serial/install/ourbotmanager:/opt/ros/foxy /usr/bin/cmake --build /home/robogait/azure_kinect_ws/build/body_tracking -- -j8 -l8
