[01m[K/home/robogait/azure_kinect_ws/src/body_tracking/src/main.cpp:31:6:[m[K [01;31m[Kerror: [m[K‘[01m[Kdevice_config[m[K’ does not name a type
   31 |      [01;31m[Kdevice_config[m[K.depth_mode = K4A_DEPTH_MODE_NFOV_UNBINNED;
      |      [01;31m[K^~~~~~~~~~~~~[m[K
[01m[K/home/robogait/azure_kinect_ws/src/body_tracking/src/main.cpp:[m[K In member function ‘[01m[Kvoid MinimalPublisher::timer_callback()[m[K’:
[01m[K/home/robogait/azure_kinect_ws/src/body_tracking/src/main.cpp:82:78:[m[K [01;31m[Kerror: [m[K‘[01m[Ktracker[m[K’ was not declared in this scope
   82 |       k4a_wait_result_t queue_capture_result = k4abt_tracker_enqueue_capture([01;31m[Ktracker[m[K, sensor_capture, K4A_WAIT_INFINITE);
      |                                                                              [01;31m[K^~~~~~~[m[K
[01m[K/home/robogait/azure_kinect_ws/src/body_tracking/src/main.cpp:89:11:[m[K [01;31m[Kerror: [m[Kbreak statement not within loop or switch
   89 |           [01;31m[Kbreak[m[K;
      |           [01;31m[K^~~~~[m[K
[01m[K/home/robogait/azure_kinect_ws/src/body_tracking/src/main.cpp:94:11:[m[K [01;31m[Kerror: [m[Kbreak statement not within loop or switch
   94 |           [01;31m[Kbreak[m[K;
      |           [01;31m[K^~~~~[m[K
[01m[K/home/robogait/azure_kinect_ws/src/body_tracking/src/main.cpp:103:11:[m[K [01;31m[Kerror: [m[K‘[01m[Ktotal_success_tracker_time[m[K’ was not declared in this scope
  103 |           [01;31m[Ktotal_success_tracker_time[m[K += time_spent;
      |           [01;31m[K^~~~~~~~~~~~~~~~~~~~~~~~~~[m[K
[01m[K/home/robogait/azure_kinect_ws/src/body_tracking/src/main.cpp:104:11:[m[K [01;31m[Kerror: [m[K‘[01m[Ksuccess_frame_count[m[K’ was not declared in this scope
  104 |           [01;31m[Ksuccess_frame_count[m[K++;
      |           [01;31m[K^~~~~~~~~~~~~~~~~~~[m[K
[01m[K/home/robogait/azure_kinect_ws/src/body_tracking/src/main.cpp:110:11:[m[K [01;31m[Kerror: [m[K‘[01m[Ktotal_success_body_count[m[K’ was not declared in this scope
  110 |           [01;31m[Ktotal_success_body_count[m[K += num_bodies;
      |           [01;31m[K^~~~~~~~~~~~~~~~~~~~~~~~[m[K
[01m[K/home/robogait/azure_kinect_ws/src/body_tracking/src/main.cpp:141:11:[m[K [01;31m[Kerror: [m[Kbreak statement not within loop or switch
  141 |           [01;31m[Kbreak[m[K;
      |           [01;31m[K^~~~~[m[K
[01m[K/home/robogait/azure_kinect_ws/src/body_tracking/src/main.cpp:146:11:[m[K [01;31m[Kerror: [m[Kbreak statement not within loop or switch
  146 |           [01;31m[Kbreak[m[K;
      |           [01;31m[K^~~~~[m[K
[01m[K/home/robogait/azure_kinect_ws/src/body_tracking/src/main.cpp:153:7:[m[K [01;31m[Kerror: [m[Kbreak statement not within loop or switch
  153 |       [01;31m[Kbreak[m[K;
      |       [01;31m[K^~~~~[m[K
[01m[K/home/robogait/azure_kinect_ws/src/body_tracking/src/main.cpp:158:7:[m[K [01;31m[Kerror: [m[Kbreak statement not within loop or switch
  158 |       [01;31m[Kbreak[m[K;
      |       [01;31m[K^~~~~[m[K
[01m[K/home/robogait/azure_kinect_ws/src/body_tracking/src/main.cpp:163:27:[m[K [01;31m[Kerror: [m[K‘[01m[Kbody[m[K’ was not declared in this scope
  163 |   k4a_float3_t position = [01;31m[Kbody[m[K.skeleton.joints[coordenadaCadera].position;
      |                           [01;31m[K^~~~[m[K
[01m[K/home/robogait/azure_kinect_ws/src/body_tracking/src/main.cpp:[m[K In function ‘[01m[Kint main(int, char**)[m[K’:
[01m[K/home/robogait/azure_kinect_ws/src/body_tracking/src/main.cpp:221:25:[m[K [01;31m[Kerror: [m[K‘[01m[Ktracker[m[K’ was not declared in this scope
  221 |  k4abt_tracker_shutdown([01;31m[Ktracker[m[K);
      |                         [01;31m[K^~~~~~~[m[K
[01m[K/home/robogait/azure_kinect_ws/src/body_tracking/src/main.cpp:223:26:[m[K [01;31m[Kerror: [m[K‘[01m[Kdevice[m[K’ was not declared in this scope
  223 |  k4a_device_stop_cameras([01;31m[Kdevice[m[K);
      |                          [01;31m[K^~~~~~[m[K
make[2]: *** [CMakeFiles/prueba_talker.dir/build.make:63: CMakeFiles/prueba_talker.dir/src/main.cpp.o] Error 1
make[1]: *** [CMakeFiles/Makefile2:325: CMakeFiles/prueba_talker.dir/all] Error 2
make: *** [Makefile:141: all] Error 2
