[0.010s] Invoking command in '/home/robogait/azure_kinect_ws/build/body_tracking': CMAKE_PREFIX_PATH=${CMAKE_PREFIX_PATH}:/home/robogait/ros2_serial/install/ourbotmanager:/opt/ros/foxy /usr/bin/cmake --build /home/robogait/azure_kinect_ws/build/body_tracking -- -j8 -l8
[0.041s] [35m[1mScanning dependencies of target prueba_talker[0m
[0.047s] [  2%] Built target body_tracking__cpp
[0.048s] [  5%] [32mBuilding CXX object CMakeFiles/prueba_talker.dir/src/main.cpp.o[0m
[0.048s] [ 12%] Built target body_tracking__rosidl_generator_c
[0.048s] [ 17%] Built target body_tracking_node
[0.052s] [ 20%] [32m[1mLinking CXX executable listener[0m
[0.053s] [ 23%] [32m[1mLinking CXX executable talker[0m
[0.069s] [ 38%] Built target body_tracking__rosidl_typesupport_introspection_cpp
[0.069s] [ 38%] Built target body_tracking__rosidl_typesupport_cpp
[0.069s] [ 46%] Built target body_tracking__rosidl_typesupport_c
[0.072s] [ 53%] Built target body_tracking__rosidl_typesupport_fastrtps_cpp
[0.076s] [ 61%] Built target body_tracking__rosidl_typesupport_introspection_c
[0.090s] [ 69%] Built target body_tracking__rosidl_typesupport_fastrtps_c
[0.090s] [01m[K/home/robogait/azure_kinect_ws/src/body_tracking/src/main.cpp:17:10:[m[K [01;31m[Kfatal error: [m[Kbody_tracking/msg/hip_coordinates.hpp: No such file or directory
[0.090s]    17 | #include [01;31m[K"body_tracking/msg/hip_coordinates.hpp"[m[K
[0.090s]       |          [01;31m[K^~~~~~~~~~~~~~~~~~~~~~~~~~~~~~~~~~~~~~~[m[K
[0.090s] compilation terminated.
[0.091s] make[2]: *** [CMakeFiles/prueba_talker.dir/build.make:63: CMakeFiles/prueba_talker.dir/src/main.cpp.o] Error 1
[0.091s] make[1]: *** [CMakeFiles/Makefile2:325: CMakeFiles/prueba_talker.dir/all] Error 2
[0.091s] make[1]: *** Waiting for unfinished jobs....
[0.105s] [ 69%] Built target body_tracking
[0.174s] [ 71%] Built target talker
[0.215s] [ 74%] Built target listener
[0.215s] make: *** [Makefile:141: all] Error 2
[0.217s] Invoked command in '/home/robogait/azure_kinect_ws/build/body_tracking' returned '2': CMAKE_PREFIX_PATH=${CMAKE_PREFIX_PATH}:/home/robogait/ros2_serial/install/ourbotmanager:/opt/ros/foxy /usr/bin/cmake --build /home/robogait/azure_kinect_ws/build/body_tracking -- -j8 -l8
