[0.009s] Invoking command in '/home/robogait/azure_kinect_ws/build/body_tracking': CMAKE_PREFIX_PATH=${CMAKE_PREFIX_PATH}:/home/robogait/ros2_serial/install/ourbotmanager:/opt/ros/foxy /usr/bin/cmake --build /home/robogait/azure_kinect_ws/build/body_tracking -- -j8 -l8
[0.026s] -- Found ament_cmake: 0.9.9 (/opt/ros/foxy/share/ament_cmake/cmake)
[0.040s] -- Found PythonInterp: /usr/bin/python3 (found suitable version "3.8.10", minimum required is "3") 
[0.040s] -- Using PYTHON_EXECUTABLE: /usr/bin/python3
[0.140s] -- Found rclcpp: 2.4.1 (/opt/ros/foxy/share/rclcpp/cmake)
[0.159s] -- Using all available rosidl_typesupport_c: rosidl_typesupport_fastrtps_c;rosidl_typesupport_introspection_c
[0.161s] -- Found rosidl_adapter: 1.2.1 (/opt/ros/foxy/share/rosidl_adapter/cmake)
[0.230s] -- Using all available rosidl_typesupport_cpp: rosidl_typesupport_fastrtps_cpp;rosidl_typesupport_introspection_cpp
[0.259s] -- Found rmw_implementation_cmake: 1.0.3 (/opt/ros/foxy/share/rmw_implementation_cmake/cmake)
[0.260s] -- Using RMW implementation 'rmw_fastrtps_cpp' as default
[0.342s] -- Found body_tracking: 0.0.0 (/home/robogait/azure_kinect_ws/install/body_tracking/share/body_tracking/cmake)
[0.345s] -- Found rosidl_default_generators: 1.0.1 (/opt/ros/foxy/share/rosidl_default_generators/cmake)
[0.368s] -- Found PythonInterp: /usr/bin/python3 (found version "3.8.10") 
[0.435s] -- Found ament_cmake_ros: 0.9.2 (/opt/ros/foxy/share/ament_cmake_ros/cmake)
[0.490s] -- Using all available rosidl_typesupport_c: rosidl_typesupport_fastrtps_c;rosidl_typesupport_introspection_c
[0.494s] -- Using all available rosidl_typesupport_cpp: rosidl_typesupport_fastrtps_cpp;rosidl_typesupport_introspection_cpp
[0.508s] -- Found PythonInterp: /usr/bin/python3 (found suitable version "3.8.10", minimum required is "3.5") 
[0.508s] -- Found python_cmake_module: 0.8.1 (/opt/ros/foxy/share/python_cmake_module/cmake)
[0.522s] -- Using PYTHON_EXECUTABLE: /usr/bin/python3
[0.522s] -- Using PYTHON_INCLUDE_DIRS: /usr/include/python3.8
[0.522s] -- Using PYTHON_LIBRARIES: /usr/lib/x86_64-linux-gnu/libpython3.8.so
[0.530s] -- Found ament_lint_auto: 0.9.6 (/opt/ros/foxy/share/ament_lint_auto/cmake)
[0.535s] -- Added test 'copyright' to check source files copyright and LICENSE
[0.536s] -- Added test 'cppcheck' to perform static code analysis on C / C++ code
[0.536s] -- Configured cppcheck include dirs: $<BUILD_INTERFACE:/home/robogait/azure_kinect_ws/src/body_tracking/include>
[0.537s] -- Configured cppcheck exclude dirs and/or files: 
[0.537s] -- Added test 'cpplint' to check C / C++ code against the Google style
[0.537s] -- Configured cpplint exclude dirs and/or files: 
[0.537s] -- Added test 'lint_cmake' to check CMake code style
[0.538s] -- Added test 'uncrustify' to check C / C++ code style
[0.539s] -- Configured uncrustify additional arguments: 
[0.539s] -- Added test 'xmllint' to check XML markup files
[0.541s] -- Configuring done
[0.543s] CMake Error at CMakeLists.txt:51 (add_executable):
[0.543s]   Target "prueba_talker" links to target "body_tracking::hip_coordinates" but
[0.543s]   the target was not found.  Perhaps a find_package() call is missing for an
[0.543s]   IMPORTED target, or an ALIAS target is missing?
[0.543s] 
[0.543s] 
[0.561s] -- Generating done
[0.563s] CMake Generate step failed.  Build files cannot be regenerated correctly.
[0.568s] make: *** [Makefile:924: cmake_check_build_system] Error 1
[0.569s] Invoked command in '/home/robogait/azure_kinect_ws/build/body_tracking' returned '2': CMAKE_PREFIX_PATH=${CMAKE_PREFIX_PATH}:/home/robogait/ros2_serial/install/ourbotmanager:/opt/ros/foxy /usr/bin/cmake --build /home/robogait/azure_kinect_ws/build/body_tracking -- -j8 -l8
