[0.012s] Invoking command in '/home/robogait/ros2_serial_cpp/build/ros2_serial_cpp': CMAKE_PREFIX_PATH=${CMAKE_PREFIX_PATH}:/home/robogait/nav2_ws/install/nav2_gazebo_spawner:/home/robogait/ros2_serial/install/ourbotmanager:/opt/ros/foxy /usr/bin/cmake --build /home/robogait/ros2_serial_cpp/build/ros2_serial_cpp -- -j8 -l8
[0.069s] [100%] Built target driver_controller
[0.080s] Invoked command in '/home/robogait/ros2_serial_cpp/build/ros2_serial_cpp' returned '0': CMAKE_PREFIX_PATH=${CMAKE_PREFIX_PATH}:/home/robogait/nav2_ws/install/nav2_gazebo_spawner:/home/robogait/ros2_serial/install/ourbotmanager:/opt/ros/foxy /usr/bin/cmake --build /home/robogait/ros2_serial_cpp/build/ros2_serial_cpp -- -j8 -l8
[0.118s] Invoking command in '/home/robogait/ros2_serial_cpp/build/ros2_serial_cpp': CMAKE_PREFIX_PATH=${CMAKE_PREFIX_PATH}:/home/robogait/nav2_ws/install/nav2_gazebo_spawner:/home/robogait/ros2_serial/install/ourbotmanager:/opt/ros/foxy /usr/bin/cmake --install /home/robogait/ros2_serial_cpp/build/ros2_serial_cpp
[0.126s] -- Install configuration: ""
[0.126s] -- Up-to-date: /home/robogait/ros2_serial_cpp/install/ros2_serial_cpp/lib/ros2_serial_cpp/driver_controller
[0.126s] -- Up-to-date: /home/robogait/ros2_serial_cpp/install/ros2_serial_cpp/share/ament_index/resource_index/package_run_dependencies/ros2_serial_cpp
[0.126s] -- Up-to-date: /home/robogait/ros2_serial_cpp/install/ros2_serial_cpp/share/ament_index/resource_index/parent_prefix_path/ros2_serial_cpp
[0.126s] -- Up-to-date: /home/robogait/ros2_serial_cpp/install/ros2_serial_cpp/share/ros2_serial_cpp/environment/ament_prefix_path.sh
[0.126s] -- Up-to-date: /home/robogait/ros2_serial_cpp/install/ros2_serial_cpp/share/ros2_serial_cpp/environment/ament_prefix_path.dsv
[0.126s] -- Up-to-date: /home/robogait/ros2_serial_cpp/install/ros2_serial_cpp/share/ros2_serial_cpp/environment/path.sh
[0.126s] -- Up-to-date: /home/robogait/ros2_serial_cpp/install/ros2_serial_cpp/share/ros2_serial_cpp/environment/path.dsv
[0.126s] -- Up-to-date: /home/robogait/ros2_serial_cpp/install/ros2_serial_cpp/share/ros2_serial_cpp/local_setup.bash
[0.127s] -- Up-to-date: /home/robogait/ros2_serial_cpp/install/ros2_serial_cpp/share/ros2_serial_cpp/local_setup.sh
[0.127s] -- Up-to-date: /home/robogait/ros2_serial_cpp/install/ros2_serial_cpp/share/ros2_serial_cpp/local_setup.zsh
[0.127s] -- Up-to-date: /home/robogait/ros2_serial_cpp/install/ros2_serial_cpp/share/ros2_serial_cpp/local_setup.dsv
[0.127s] -- Installing: /home/robogait/ros2_serial_cpp/install/ros2_serial_cpp/share/ros2_serial_cpp/package.dsv
[0.127s] -- Up-to-date: /home/robogait/ros2_serial_cpp/install/ros2_serial_cpp/share/ament_index/resource_index/packages/ros2_serial_cpp
[0.127s] -- Up-to-date: /home/robogait/ros2_serial_cpp/install/ros2_serial_cpp/share/ros2_serial_cpp/cmake/ros2_serial_cppConfig.cmake
[0.127s] -- Up-to-date: /home/robogait/ros2_serial_cpp/install/ros2_serial_cpp/share/ros2_serial_cpp/cmake/ros2_serial_cppConfig-version.cmake
[0.127s] -- Up-to-date: /home/robogait/ros2_serial_cpp/install/ros2_serial_cpp/share/ros2_serial_cpp/package.xml
[0.128s] Invoked command in '/home/robogait/ros2_serial_cpp/build/ros2_serial_cpp' returned '0': CMAKE_PREFIX_PATH=${CMAKE_PREFIX_PATH}:/home/robogait/nav2_ws/install/nav2_gazebo_spawner:/home/robogait/ros2_serial/install/ourbotmanager:/opt/ros/foxy /usr/bin/cmake --install /home/robogait/ros2_serial_cpp/build/ros2_serial_cpp
