-- Found ament_cmake: 0.9.9 (/opt/ros/foxy/share/ament_cmake/cmake)
-- Found PythonInterp: /usr/bin/python3 (found suitable version "3.8.10", minimum required is "3") 
-- Using PYTHON_EXECUTABLE: /usr/bin/python3
-- Found rclcpp: 2.4.1 (/opt/ros/foxy/share/rclcpp/cmake)
-- Using all available rosidl_typesupport_c: rosidl_typesupport_fastrtps_c;rosidl_typesupport_introspection_c
-- Found rosidl_adapter: 1.2.1 (/opt/ros/foxy/share/rosidl_adapter/cmake)
-- Using all available rosidl_typesupport_cpp: rosidl_typesupport_fastrtps_cpp;rosidl_typesupport_introspection_cpp
-- Found rmw_implementation_cmake: 1.0.3 (/opt/ros/foxy/share/rmw_implementation_cmake/cmake)
-- Using RMW implementation 'rmw_fastrtps_cpp' as default
-- Found body_tracking: 0.0.0 (/home/robogait/azure_kinect_ws/install/body_tracking/share/body_tracking/cmake)
-- Found rosidl_default_generators: 1.0.1 (/opt/ros/foxy/share/rosidl_default_generators/cmake)
Tenemos la info en /home/robogait/azure_kinect_ws/src/body_tracking || /home/robogait/azure_kinect_ws/src/body_tracking;/opt/ros/foxy/share/fastrtps_cmake_module/cmake/Modules
CMake Warning (dev) at CMakeLists.txt:41 (find_package):
  Policy CMP0074 is not set: find_package uses <PackageName>_ROOT variables.
  Run "cmake --help-policy CMP0074" for policy details.  Use the cmake_policy
  command to set the policy and suppress this warning.

  CMake variable k4abt_ROOT is set to:

    /usr

  For compatibility, CMake is ignoring the variable.
This warning is for project developers.  Use -Wno-dev to suppress it.

-- Found PythonInterp: /usr/bin/python3 (found version "3.8.10") 
-- Found ament_cmake_ros: 0.9.2 (/opt/ros/foxy/share/ament_cmake_ros/cmake)
-- Using all available rosidl_typesupport_c: rosidl_typesupport_fastrtps_c;rosidl_typesupport_introspection_c
-- Using all available rosidl_typesupport_cpp: rosidl_typesupport_fastrtps_cpp;rosidl_typesupport_introspection_cpp
-- Found PythonInterp: /usr/bin/python3 (found suitable version "3.8.10", minimum required is "3.5") 
-- Found python_cmake_module: 0.8.1 (/opt/ros/foxy/share/python_cmake_module/cmake)
-- Using PYTHON_EXECUTABLE: /usr/bin/python3
-- Using PYTHON_INCLUDE_DIRS: /usr/include/python3.8
-- Using PYTHON_LIBRARIES: /usr/lib/x86_64-linux-gnu/libpython3.8.so
-- Found ament_lint_auto: 0.9.6 (/opt/ros/foxy/share/ament_lint_auto/cmake)
-- Added test 'copyright' to check source files copyright and LICENSE
-- Added test 'cppcheck' to perform static code analysis on C / C++ code
-- Configured cppcheck include dirs: $<BUILD_INTERFACE:/home/robogait/azure_kinect_ws/src/body_tracking/include>
-- Configured cppcheck exclude dirs and/or files: 
-- Added test 'cpplint' to check C / C++ code against the Google style
-- Configured cpplint exclude dirs and/or files: 
-- Added test 'lint_cmake' to check CMake code style
-- Added test 'uncrustify' to check C / C++ code style
-- Configured uncrustify additional arguments: 
-- Added test 'xmllint' to check XML markup files
-- Configuring done
-- Generating done
-- Build files have been written to: /home/robogait/azure_kinect_ws/build/body_tracking
[35m[1mScanning dependencies of target body_tracking_node[0m
[35m[1mScanning dependencies of target body_tracking__rosidl_generator_c[0m
[35m[1mScanning dependencies of target talker[0m
[35m[1mScanning dependencies of target listener[0m
[  2%] [32mBuilding C object CMakeFiles/body_tracking__rosidl_generator_c.dir/rosidl_generator_c/body_tracking/msg/detail/hip_coordinates__functions.c.o[0m
[  5%] [32mBuilding CXX object CMakeFiles/body_tracking_node.dir/src/body_tracking_node.cpp.o[0m
[  7%] Built target body_tracking__cpp
[ 10%] [32mBuilding CXX object CMakeFiles/listener.dir/src/subscriber_member_function.cpp.o[0m
[ 12%] [32mBuilding CXX object CMakeFiles/talker.dir/src/publisher_member_function.cpp.o[0m
[35m[1mScanning dependencies of target prueba_talker[0m
[01m[Kc++:[m[K [01;31m[Kerror: [m[Kunrecognized command line option ‘[01m[K-Wexta[m[K’; did you mean ‘[01m[K-Wextra[m[K’?
[01m[Kc++:[m[K [01;31m[Kerror: [m[Kunrecognized command line option ‘[01m[K-Wexta[m[K’; did you mean ‘[01m[K-Wextra[m[K’?
[01m[Kc++:[m[K [01;31m[Kerror: [m[Kunrecognized command line option ‘[01m[K-Wexta[m[K’; did you mean ‘[01m[K-Wextra[m[K’?
[01m[Kc++:[m[K [01;31m[Kerror: [m[Kunrecognized command line option ‘[01m[K-Wpedantric[m[K’; did you mean ‘[01m[K-Wpedantic[m[K’?
[01m[Kc++:[m[K [01;31m[Kerror: [m[Kunrecognized command line option ‘[01m[K-Wpedantric[m[K’; did you mean ‘[01m[K-Wpedantic[m[K’?
[01m[Kc++:[m[K [01;31m[Kerror: [m[Kunrecognized command line option ‘[01m[K-Wpedantric[m[K’; did you mean ‘[01m[K-Wpedantic[m[K’?
make[2]: *** [CMakeFiles/talker.dir/build.make:63: CMakeFiles/talker.dir/src/publisher_member_function.cpp.o] Error 1
make[1]: *** [CMakeFiles/Makefile2:352: CMakeFiles/talker.dir/all] Error 2
make[1]: *** Waiting for unfinished jobs....
make[2]: *** [CMakeFiles/body_tracking_node.dir/build.make:63: CMakeFiles/body_tracking_node.dir/src/body_tracking_node.cpp.o] Error 1
make[2]: *** [CMakeFiles/listener.dir/build.make:63: CMakeFiles/listener.dir/src/subscriber_member_function.cpp.o] Error 1
make[1]: *** [CMakeFiles/Makefile2:271: CMakeFiles/body_tracking_node.dir/all] Error 2
make[1]: *** [CMakeFiles/Makefile2:298: CMakeFiles/listener.dir/all] Error 2
[35m[1mScanning dependencies of target body_tracking__rosidl_typesupport_cpp[0m
[35m[1mScanning dependencies of target body_tracking__rosidl_typesupport_introspection_cpp[0m
[35m[1mScanning dependencies of target body_tracking__rosidl_typesupport_fastrtps_cpp[0m
[ 15%] [32mBuilding CXX object CMakeFiles/body_tracking__rosidl_typesupport_cpp.dir/rosidl_typesupport_cpp/body_tracking/msg/hip_coordinates__type_support.cpp.o[0m
[ 17%] [32mBuilding CXX object CMakeFiles/body_tracking__rosidl_typesupport_introspection_cpp.dir/rosidl_typesupport_introspection_cpp/body_tracking/msg/detail/hip_coordinates__type_support.cpp.o[0m
[ 20%] [32mBuilding CXX object CMakeFiles/prueba_talker.dir/src/main.cpp.o[0m
[ 23%] [32mBuilding CXX object CMakeFiles/body_tracking__rosidl_typesupport_fastrtps_cpp.dir/rosidl_typesupport_fastrtps_cpp/body_tracking/msg/detail/dds_fastrtps/hip_coordinates__type_support.cpp.o[0m
[01m[Kc++:[m[K [01;31m[Kerror: [m[Kunrecognized command line option ‘[01m[K-Wexta[m[K’; did you mean ‘[01m[K-Wextra[m[K’?
[01m[Kc++:[m[K [01;31m[Kerror: [m[Kunrecognized command line option ‘[01m[K-Wpedantric[m[K’; did you mean ‘[01m[K-Wpedantic[m[K’?
[01m[Kc++:[m[K [01;31m[Kerror: [m[Kunrecognized command line option ‘[01m[K-Wexta[m[K’; did you mean ‘[01m[K-Wextra[m[K’?
make[2]: *** [CMakeFiles/body_tracking__rosidl_typesupport_fastrtps_cpp.dir/build.make:78: CMakeFiles/body_tracking__rosidl_typesupport_fastrtps_cpp.dir/rosidl_typesupport_fastrtps_cpp/body_tracking/msg/detail/dds_fastrtps/hip_coordinates__type_support.cpp.o] Error 1
[01m[Kc++:[m[K [01;31m[Kerror: [m[Kunrecognized command line option ‘[01m[K-Wpedantric[m[K’; did you mean ‘[01m[K-Wpedantic[m[K’?
make[1]: *** [CMakeFiles/Makefile2:529: CMakeFiles/body_tracking__rosidl_typesupport_fastrtps_cpp.dir/all] Error 2
make[2]: *** [CMakeFiles/prueba_talker.dir/build.make:63: CMakeFiles/prueba_talker.dir/src/main.cpp.o] Error 1
make[1]: *** [CMakeFiles/Makefile2:325: CMakeFiles/prueba_talker.dir/all] Error 2
[ 25%] [32m[1mLinking C shared library libbody_tracking__rosidl_generator_c.so[0m
[ 28%] Built target body_tracking__rosidl_generator_c
[ 33%] [32m[1mLinking CXX shared library libbody_tracking__rosidl_typesupport_cpp.so[0m
[ 33%] [32m[1mLinking CXX shared library libbody_tracking__rosidl_typesupport_introspection_cpp.so[0m
[ 38%] Built target body_tracking__rosidl_typesupport_introspection_cpp
[ 38%] Built target body_tracking__rosidl_typesupport_cpp
make: *** [Makefile:141: all] Error 2
