[0.010s] Invoking command in '/home/robogait/azure_kinect_ws/build/body_tracking': CMAKE_PREFIX_PATH=${CMAKE_PREFIX_PATH}:/home/robogait/ros2_serial/install/ourbotmanager:/opt/ros/foxy /usr/bin/cmake --build /home/robogait/azure_kinect_ws/build/body_tracking -- -j8 -l8
[0.028s] -- Found ament_cmake: 0.9.9 (/opt/ros/foxy/share/ament_cmake/cmake)
[0.042s] -- Found PythonInterp: /usr/bin/python3 (found suitable version "3.8.10", minimum required is "3") 
[0.042s] -- Using PYTHON_EXECUTABLE: /usr/bin/python3
[0.142s] -- Found rclcpp: 2.4.1 (/opt/ros/foxy/share/rclcpp/cmake)
[0.163s] -- Using all available rosidl_typesupport_c: rosidl_typesupport_fastrtps_c;rosidl_typesupport_introspection_c
[0.165s] -- Found rosidl_adapter: 1.2.1 (/opt/ros/foxy/share/rosidl_adapter/cmake)
[0.239s] -- Using all available rosidl_typesupport_cpp: rosidl_typesupport_fastrtps_cpp;rosidl_typesupport_introspection_cpp
[0.267s] -- Found rmw_implementation_cmake: 1.0.3 (/opt/ros/foxy/share/rmw_implementation_cmake/cmake)
[0.268s] -- Using RMW implementation 'rmw_fastrtps_cpp' as default
[0.350s] -- Found body_tracking: 0.0.0 (/home/robogait/azure_kinect_ws/install/body_tracking/share/body_tracking/cmake)
[0.354s] -- Found rosidl_default_generators: 1.0.1 (/opt/ros/foxy/share/rosidl_default_generators/cmake)
[0.361s] Tenemos la info en /home/robogait/azure_kinect_ws/src/body_tracking || /home/robogait/azure_kinect_ws/src/body_tracking;/opt/ros/foxy/share/fastrtps_cmake_module/cmake/Modules
[0.362s] CMake Warning (dev) at CMakeLists.txt:41 (find_package):
[0.362s]   Policy CMP0074 is not set: find_package uses <PackageName>_ROOT variables.
[0.362s]   Run "cmake --help-policy CMP0074" for policy details.  Use the cmake_policy
[0.362s]   command to set the policy and suppress this warning.
[0.362s] 
[0.362s]   CMake variable k4abt_ROOT is set to:
[0.362s] 
[0.362s]     /usr
[0.362s] 
[0.362s]   For compatibility, CMake is ignoring the variable.
[0.362s] This warning is for project developers.  Use -Wno-dev to suppress it.
[0.362s] 
[0.378s] -- Found PythonInterp: /usr/bin/python3 (found version "3.8.10") 
[0.447s] -- Found ament_cmake_ros: 0.9.2 (/opt/ros/foxy/share/ament_cmake_ros/cmake)
[0.502s] -- Using all available rosidl_typesupport_c: rosidl_typesupport_fastrtps_c;rosidl_typesupport_introspection_c
[0.506s] -- Using all available rosidl_typesupport_cpp: rosidl_typesupport_fastrtps_cpp;rosidl_typesupport_introspection_cpp
[0.520s] -- Found PythonInterp: /usr/bin/python3 (found suitable version "3.8.10", minimum required is "3.5") 
[0.520s] -- Found python_cmake_module: 0.8.1 (/opt/ros/foxy/share/python_cmake_module/cmake)
[0.535s] -- Using PYTHON_EXECUTABLE: /usr/bin/python3
[0.535s] -- Using PYTHON_INCLUDE_DIRS: /usr/include/python3.8
[0.535s] -- Using PYTHON_LIBRARIES: /usr/lib/x86_64-linux-gnu/libpython3.8.so
[0.543s] -- Found ament_lint_auto: 0.9.6 (/opt/ros/foxy/share/ament_lint_auto/cmake)
[0.549s] -- Added test 'copyright' to check source files copyright and LICENSE
[0.549s] -- Added test 'cppcheck' to perform static code analysis on C / C++ code
[0.550s] -- Configured cppcheck include dirs: $<BUILD_INTERFACE:/home/robogait/azure_kinect_ws/src/body_tracking/include>
[0.550s] -- Configured cppcheck exclude dirs and/or files: 
[0.550s] -- Added test 'cpplint' to check C / C++ code against the Google style
[0.551s] -- Configured cpplint exclude dirs and/or files: 
[0.551s] -- Added test 'lint_cmake' to check CMake code style
[0.552s] -- Added test 'uncrustify' to check C / C++ code style
[0.552s] -- Configured uncrustify additional arguments: 
[0.552s] -- Added test 'xmllint' to check XML markup files
[0.554s] -- Configuring done
[0.576s] -- Generating done
[0.577s] -- Build files have been written to: /home/robogait/azure_kinect_ws/build/body_tracking
[0.595s] [35m[1mScanning dependencies of target body_tracking_node[0m
[0.595s] [35m[1mScanning dependencies of target body_tracking__rosidl_generator_c[0m
[0.596s] [35m[1mScanning dependencies of target talker[0m
[0.596s] [35m[1mScanning dependencies of target listener[0m
[0.604s] [  2%] [32mBuilding C object CMakeFiles/body_tracking__rosidl_generator_c.dir/rosidl_generator_c/body_tracking/msg/detail/hip_coordinates__functions.c.o[0m
[0.604s] [  5%] [32mBuilding CXX object CMakeFiles/body_tracking_node.dir/src/body_tracking_node.cpp.o[0m
[0.604s] [  7%] Built target body_tracking__cpp
[0.604s] [ 10%] [32mBuilding CXX object CMakeFiles/listener.dir/src/subscriber_member_function.cpp.o[0m
[0.604s] [ 12%] [32mBuilding CXX object CMakeFiles/talker.dir/src/publisher_member_function.cpp.o[0m
[0.605s] [35m[1mScanning dependencies of target prueba_talker[0m
[0.608s] [01m[Kc++:[m[K [01;31m[Kerror: [m[Kunrecognized command line option ‘[01m[K-Wexta[m[K’; did you mean ‘[01m[K-Wextra[m[K’?
[0.609s] [01m[Kc++:[m[K [01;31m[Kerror: [m[Kunrecognized command line option ‘[01m[K-Wexta[m[K’; did you mean ‘[01m[K-Wextra[m[K’?
[0.609s] [01m[Kc++:[m[K [01;31m[Kerror: [m[Kunrecognized command line option ‘[01m[K-Wexta[m[K’; did you mean ‘[01m[K-Wextra[m[K’?
[0.609s] [01m[Kc++:[m[K [01;31m[Kerror: [m[Kunrecognized command line option ‘[01m[K-Wpedantric[m[K’; did you mean ‘[01m[K-Wpedantic[m[K’?
[0.609s] [01m[Kc++:[m[K [01;31m[Kerror: [m[Kunrecognized command line option ‘[01m[K-Wpedantric[m[K’; did you mean ‘[01m[K-Wpedantic[m[K’?
[0.609s] [01m[Kc++:[m[K [01;31m[Kerror: [m[Kunrecognized command line option ‘[01m[K-Wpedantric[m[K’; did you mean ‘[01m[K-Wpedantic[m[K’?
[0.609s] make[2]: *** [CMakeFiles/talker.dir/build.make:63: CMakeFiles/talker.dir/src/publisher_member_function.cpp.o] Error 1
[0.609s] make[1]: *** [CMakeFiles/Makefile2:352: CMakeFiles/talker.dir/all] Error 2
[0.609s] make[1]: *** Waiting for unfinished jobs....
[0.609s] make[2]: *** [CMakeFiles/body_tracking_node.dir/build.make:63: CMakeFiles/body_tracking_node.dir/src/body_tracking_node.cpp.o] Error 1
[0.609s] make[2]: *** [CMakeFiles/listener.dir/build.make:63: CMakeFiles/listener.dir/src/subscriber_member_function.cpp.o] Error 1
[0.609s] make[1]: *** [CMakeFiles/Makefile2:271: CMakeFiles/body_tracking_node.dir/all] Error 2
[0.609s] make[1]: *** [CMakeFiles/Makefile2:298: CMakeFiles/listener.dir/all] Error 2
[0.612s] [35m[1mScanning dependencies of target body_tracking__rosidl_typesupport_cpp[0m
[0.612s] [35m[1mScanning dependencies of target body_tracking__rosidl_typesupport_introspection_cpp[0m
[0.613s] [35m[1mScanning dependencies of target body_tracking__rosidl_typesupport_fastrtps_cpp[0m
[0.620s] [ 15%] [32mBuilding CXX object CMakeFiles/body_tracking__rosidl_typesupport_cpp.dir/rosidl_typesupport_cpp/body_tracking/msg/hip_coordinates__type_support.cpp.o[0m
[0.621s] [ 17%] [32mBuilding CXX object CMakeFiles/body_tracking__rosidl_typesupport_introspection_cpp.dir/rosidl_typesupport_introspection_cpp/body_tracking/msg/detail/hip_coordinates__type_support.cpp.o[0m
[0.621s] [ 20%] [32mBuilding CXX object CMakeFiles/prueba_talker.dir/src/main.cpp.o[0m
[0.621s] [ 23%] [32mBuilding CXX object CMakeFiles/body_tracking__rosidl_typesupport_fastrtps_cpp.dir/rosidl_typesupport_fastrtps_cpp/body_tracking/msg/detail/dds_fastrtps/hip_coordinates__type_support.cpp.o[0m
[0.623s] [01m[Kc++:[m[K [01;31m[Kerror: [m[Kunrecognized command line option ‘[01m[K-Wexta[m[K’; did you mean ‘[01m[K-Wextra[m[K’?
[0.623s] [01m[Kc++:[m[K [01;31m[Kerror: [m[Kunrecognized command line option ‘[01m[K-Wpedantric[m[K’; did you mean ‘[01m[K-Wpedantic[m[K’?
[0.623s] [01m[Kc++:[m[K [01;31m[Kerror: [m[Kunrecognized command line option ‘[01m[K-Wexta[m[K’; did you mean ‘[01m[K-Wextra[m[K’?
[0.623s] make[2]: *** [CMakeFiles/body_tracking__rosidl_typesupport_fastrtps_cpp.dir/build.make:78: CMakeFiles/body_tracking__rosidl_typesupport_fastrtps_cpp.dir/rosidl_typesupport_fastrtps_cpp/body_tracking/msg/detail/dds_fastrtps/hip_coordinates__type_support.cpp.o] Error 1
[0.624s] [01m[Kc++:[m[K [01;31m[Kerror: [m[Kunrecognized command line option ‘[01m[K-Wpedantric[m[K’; did you mean ‘[01m[K-Wpedantic[m[K’?
[0.624s] make[1]: *** [CMakeFiles/Makefile2:529: CMakeFiles/body_tracking__rosidl_typesupport_fastrtps_cpp.dir/all] Error 2
[0.624s] make[2]: *** [CMakeFiles/prueba_talker.dir/build.make:63: CMakeFiles/prueba_talker.dir/src/main.cpp.o] Error 1
[0.624s] make[1]: *** [CMakeFiles/Makefile2:325: CMakeFiles/prueba_talker.dir/all] Error 2
[0.672s] [ 25%] [32m[1mLinking C shared library libbody_tracking__rosidl_generator_c.so[0m
[0.698s] [ 28%] Built target body_tracking__rosidl_generator_c
[0.816s] [ 33%] [32m[1mLinking CXX shared library libbody_tracking__rosidl_typesupport_cpp.so[0m
[0.816s] [ 33%] [32m[1mLinking CXX shared library libbody_tracking__rosidl_typesupport_introspection_cpp.so[0m
[0.842s] [ 38%] Built target body_tracking__rosidl_typesupport_introspection_cpp
[0.842s] [ 38%] Built target body_tracking__rosidl_typesupport_cpp
[0.843s] make: *** [Makefile:141: all] Error 2
[0.844s] Invoked command in '/home/robogait/azure_kinect_ws/build/body_tracking' returned '2': CMAKE_PREFIX_PATH=${CMAKE_PREFIX_PATH}:/home/robogait/ros2_serial/install/ourbotmanager:/opt/ros/foxy /usr/bin/cmake --build /home/robogait/azure_kinect_ws/build/body_tracking -- -j8 -l8
