[35m[1mScanning dependencies of target talker[0m
[35m[1mScanning dependencies of target listener[0m
[  8%] Built target body_tracking__cpp
[  8%] Built target body_tracking_node
[ 16%] Built target body_tracking__rosidl_generator_c
[ 24%] Built target body_tracking__rosidl_typesupport_introspection_cpp
[ 27%] [32mBuilding CXX object CMakeFiles/talker.dir/src/publisher_member_function.cpp.o[0m
[ 35%] Built target body_tracking__rosidl_typesupport_cpp
[ 37%] [32mBuilding CXX object CMakeFiles/listener.dir/src/subscriber_member_function.cpp.o[0m
[ 45%] Built target body_tracking__rosidl_typesupport_c
[ 54%] Built target body_tracking__rosidl_typesupport_fastrtps_cpp
[ 62%] Built target body_tracking__rosidl_typesupport_introspection_c
[ 70%] Built target body_tracking__rosidl_typesupport_fastrtps_c
[ 70%] Built target body_tracking
[ 72%] Built target body_tracking__py
[01m[K/home/robogait/azure_kinect_ws/src/body_tracking/src/publisher_member_function.cpp:5:10:[m[K [01;31m[Kfatal error: [m[Kbody_tracking/msg/Num.hpp: No such file or directory
    5 | #include [01;31m[K"body_tracking/msg/Num.hpp"[m[K
      |          [01;31m[K^~~~~~~~~~~~~~~~~~~~~~~~~~~[m[K
compilation terminated.
[01m[K/home/robogait/azure_kinect_ws/src/body_tracking/src/subscriber_member_function.cpp:4:10:[m[K [01;31m[Kfatal error: [m[Kbody_tracking/msg/Num.hpp: No such file or directory
    4 | #include [01;31m[K"body_tracking/msg/Num.hpp"[m[K
      |          [01;31m[K^~~~~~~~~~~~~~~~~~~~~~~~~~~[m[K
compilation terminated.
[ 78%] Built target body_tracking__python
make[2]: *** [CMakeFiles/talker.dir/build.make:63: CMakeFiles/talker.dir/src/publisher_member_function.cpp.o] Error 1
make[2]: *** [CMakeFiles/listener.dir/build.make:63: CMakeFiles/listener.dir/src/subscriber_member_function.cpp.o] Error 1
make[1]: *** [CMakeFiles/Makefile2:323: CMakeFiles/talker.dir/all] Error 2
make[1]: *** Waiting for unfinished jobs....
make[1]: *** [CMakeFiles/Makefile2:296: CMakeFiles/listener.dir/all] Error 2
[ 94%] Built target body_tracking__rosidl_typesupport_fastrtps_c__pyext
[ 94%] Built target body_tracking__rosidl_typesupport_introspection_c__pyext
[ 94%] Built target body_tracking__rosidl_typesupport_c__pyext
make: *** [Makefile:141: all] Error 2
