[0.010s] Invoking command in '/home/robogait/azure_kinect_ws/build/body_tracking': CMAKE_PREFIX_PATH=${CMAKE_PREFIX_PATH}:/home/robogait/ros2_serial/install/ourbotmanager:/opt/ros/foxy /usr/bin/cmake --build /home/robogait/azure_kinect_ws/build/body_tracking -- -j8 -l8
[0.040s] [35m[1mScanning dependencies of target talker[0m
[0.041s] [35m[1mScanning dependencies of target listener[0m
[0.045s] [  8%] Built target body_tracking__cpp
[0.045s] [  8%] Built target body_tracking_node
[0.049s] [ 16%] Built target body_tracking__rosidl_generator_c
[0.062s] [ 24%] Built target body_tracking__rosidl_typesupport_introspection_cpp
[0.062s] [ 27%] [32mBuilding CXX object CMakeFiles/talker.dir/src/publisher_member_function.cpp.o[0m
[0.062s] [ 35%] Built target body_tracking__rosidl_typesupport_cpp
[0.063s] [ 37%] [32mBuilding CXX object CMakeFiles/listener.dir/src/subscriber_member_function.cpp.o[0m
[0.064s] [ 45%] Built target body_tracking__rosidl_typesupport_c
[0.065s] [ 54%] Built target body_tracking__rosidl_typesupport_fastrtps_cpp
[0.066s] [ 62%] Built target body_tracking__rosidl_typesupport_introspection_c
[0.082s] [ 70%] Built target body_tracking__rosidl_typesupport_fastrtps_c
[0.095s] [ 70%] Built target body_tracking
[0.108s] [ 72%] Built target body_tracking__py
[0.126s] [01m[K/home/robogait/azure_kinect_ws/src/body_tracking/src/publisher_member_function.cpp:5:10:[m[K [01;31m[Kfatal error: [m[Kbody_tracking/msg/Num.hpp: No such file or directory
[0.126s]     5 | #include [01;31m[K"body_tracking/msg/Num.hpp"[m[K
[0.126s]       |          [01;31m[K^~~~~~~~~~~~~~~~~~~~~~~~~~~[m[K
[0.126s] compilation terminated.
[0.126s] [01m[K/home/robogait/azure_kinect_ws/src/body_tracking/src/subscriber_member_function.cpp:4:10:[m[K [01;31m[Kfatal error: [m[Kbody_tracking/msg/Num.hpp: No such file or directory
[0.127s]     4 | #include [01;31m[K"body_tracking/msg/Num.hpp"[m[K
[0.127s]       |          [01;31m[K^~~~~~~~~~~~~~~~~~~~~~~~~~~[m[K
[0.127s] compilation terminated.
[0.127s] [ 78%] Built target body_tracking__python
[0.130s] make[2]: *** [CMakeFiles/talker.dir/build.make:63: CMakeFiles/talker.dir/src/publisher_member_function.cpp.o] Error 1
[0.130s] make[2]: *** [CMakeFiles/listener.dir/build.make:63: CMakeFiles/listener.dir/src/subscriber_member_function.cpp.o] Error 1
[0.130s] make[1]: *** [CMakeFiles/Makefile2:323: CMakeFiles/talker.dir/all] Error 2
[0.130s] make[1]: *** Waiting for unfinished jobs....
[0.130s] make[1]: *** [CMakeFiles/Makefile2:296: CMakeFiles/listener.dir/all] Error 2
[0.145s] [ 94%] Built target body_tracking__rosidl_typesupport_fastrtps_c__pyext
[0.145s] [ 94%] Built target body_tracking__rosidl_typesupport_introspection_c__pyext
[0.145s] [ 94%] Built target body_tracking__rosidl_typesupport_c__pyext
[0.145s] make: *** [Makefile:141: all] Error 2
[0.147s] Invoked command in '/home/robogait/azure_kinect_ws/build/body_tracking' returned '2': CMAKE_PREFIX_PATH=${CMAKE_PREFIX_PATH}:/home/robogait/ros2_serial/install/ourbotmanager:/opt/ros/foxy /usr/bin/cmake --build /home/robogait/azure_kinect_ws/build/body_tracking -- -j8 -l8
