[01m[K/home/robogait/azure_kinect_ws/src/body_tracking/src/kinectAzure_body_tracker_node.cpp:26:20:[m[K [01;31m[Kerror: [m[K‘[01m[Kbody_tracking[m[K’ was not declared in this scope; did you mean ‘[01m[Kbody_tracker_msgs[m[K’?
   26 |  rclcpp::Publisher<[01;31m[Kbody_tracking[m[K::msg::Skeleton>::SharedPtr publisher_;
      |                    [01;31m[K^~~~~~~~~~~~~[m[K
      |                    [32m[Kbody_tracker_msgs[m[K
[01m[K/home/robogait/azure_kinect_ws/src/body_tracking/src/kinectAzure_body_tracker_node.cpp:26:48:[m[K [01;31m[Kerror: [m[Ktemplate argument 1 is invalid
   26 |  rclcpp::Publisher<body_tracking::msg::Skeleton[01;31m[K>[m[K::SharedPtr publisher_;
      |                                                [01;31m[K^[m[K
[01m[K/home/robogait/azure_kinect_ws/src/body_tracking/src/kinectAzure_body_tracker_node.cpp:26:51:[m[K [01;31m[Kerror: [m[Kexpected ‘[01m[K;[m[K’ at end of member declaration
   26 |  rclcpp::Publisher<body_tracking::msg::Skeleton>::[01;31m[KSharedPtr[m[K publisher_;
      |                                                   [01;31m[K^~~~~~~~~[m[K
      |                                                            [32m[K;[m[K
[01m[K/home/robogait/azure_kinect_ws/src/body_tracking/src/kinectAzure_body_tracker_node.cpp:26:61:[m[K [01;31m[Kerror: [m[K‘[01m[Kpublisher_[m[K’ does not name a type; did you mean ‘[01m[Krcl_publisher_t[m[K’?
   26 |  rclcpp::Publisher<body_tracking::msg::Skeleton>::SharedPtr [01;31m[Kpublisher_[m[K;
      |                                                             [01;31m[K^~~~~~~~~~[m[K
      |                                                             [32m[Krcl_publisher_t[m[K
[01m[K/home/robogait/azure_kinect_ws/src/body_tracking/src/kinectAzure_body_tracker_node.cpp:[m[K In constructor ‘[01m[KMinimalPublisher::MinimalPublisher()[m[K’:
[01m[K/home/robogait/azure_kinect_ws/src/body_tracking/src/kinectAzure_body_tracker_node.cpp:33:3:[m[K [01;31m[Kerror: [m[K‘[01m[Kpublisher_[m[K’ was not declared in this scope; did you mean ‘[01m[Krcl_publisher_t[m[K’?
   33 |   [01;31m[Kpublisher_[m[K = this->create_publisher<body_tracking::msg::Skeleton>("body_tracking", 10);
      |   [01;31m[K^~~~~~~~~~[m[K
      |   [32m[Krcl_publisher_t[m[K
[01m[K/home/robogait/azure_kinect_ws/src/body_tracking/src/kinectAzure_body_tracker_node.cpp:33:22:[m[K [01;31m[Kerror: [m[Kparse error in template argument list
   33 |   publisher_ = this->[01;31m[Kcreate_publisher<body_tracking::msg::Skeleton>[m[K("body_tracking", 10);
      |                      [01;31m[K^~~~~~~~~~~~~~~~~~~~~~~~~~~~~~~~~~~~~~~~~~~~~~[m[K
[01m[K/home/robogait/azure_kinect_ws/src/body_tracking/src/kinectAzure_body_tracker_node.cpp:33:88:[m[K [01;31m[Kerror: [m[Kno matching function for call to ‘[01m[KMinimalPublisher::create_publisher<((MinimalPublisher*)this)->MinimalPublisher::body_tracking>(const char [14], int)[m[K’
   33 | e_publisher<body_tracking::msg::Skeleton>("body_tracking", 10[01;31m[K)[m[K;
      |                                                              [01;31m[K^[m[K

In file included from [01m[K/opt/ros/foxy/include/rclcpp/executors/single_threaded_executor.hpp:28[m[K,
                 from [01m[K/opt/ros/foxy/include/rclcpp/executors.hpp:22[m[K,
                 from [01m[K/opt/ros/foxy/include/rclcpp/rclcpp.hpp:146[m[K,
                 from [01m[K/home/robogait/azure_kinect_ws/src/body_tracking/src/kinectAzure_body_tracker_node.cpp:16[m[K:
[01m[K/opt/ros/foxy/include/rclcpp/node.hpp:184:3:[m[K [01;36m[Knote: [m[Kcandidate: ‘[01m[Ktemplate<class MessageT, class AllocatorT, class PublisherT> std::shared_ptr<PublisherT> rclcpp::Node::create_publisher(const string&, const rclcpp::QoS&, const rclcpp::PublisherOptionsWithAllocator<AllocatorT>&)[m[K’
  184 |   [01;36m[Kcreate_publisher[m[K(
      |   [01;36m[K^~~~~~~~~~~~~~~~[m[K
[01m[K/opt/ros/foxy/include/rclcpp/node.hpp:184:3:[m[K [01;36m[Knote: [m[K  template argument deduction/substitution failed:
[01m[K/home/robogait/azure_kinect_ws/src/body_tracking/src/kinectAzure_body_tracker_node.cpp:[m[K In member function ‘[01m[Kvoid MinimalPublisher::body_tracking()[m[K’:
[01m[K/home/robogait/azure_kinect_ws/src/body_tracking/src/kinectAzure_body_tracker_node.cpp:137:24:[m[K [01;31m[Kerror: [m[K‘[01m[Kbody_tracking[m[K’ is not a class, namespace, or enumeration
  137 |   auto skeleton_data = [01;31m[Kbody_tracking[m[K::msg::Skeleton();
      |                        [01;31m[K^~~~~~~~~~~~~[m[K
[01m[K/home/robogait/azure_kinect_ws/src/body_tracking/src/kinectAzure_body_tracker_node.cpp:261:3:[m[K [01;31m[Kerror: [m[K‘[01m[Kpublisher_[m[K’ was not declared in this scope; did you mean ‘[01m[Krcl_publisher_t[m[K’?
  261 |   [01;31m[Kpublisher_[m[K->publish(skeleton_data);
      |   [01;31m[K^~~~~~~~~~[m[K
      |   [32m[Krcl_publisher_t[m[K
At global scope:
[01m[Kcc1plus:[m[K [01;35m[Kwarning: [m[Kunrecognized command line option ‘[01m[K-Wno-dev[m[K’
make[2]: *** [CMakeFiles/body_tracking_node.dir/build.make:63: CMakeFiles/body_tracking_node.dir/src/kinectAzure_body_tracker_node.cpp.o] Error 1
make[1]: *** [CMakeFiles/Makefile2:78: CMakeFiles/body_tracking_node.dir/all] Error 2
make: *** [Makefile:141: all] Error 2
