[0.013s] Invoking command in '/home/robogait/azure_kinect_ws/build/body_tracking': CMAKE_PREFIX_PATH=${CMAKE_PREFIX_PATH}:/home/robogait/ros2_serial/install/ourbotmanager:/opt/ros/foxy /usr/bin/cmake --build /home/robogait/azure_kinect_ws/build/body_tracking -- -j8 -l8
[0.040s] [35m[1mScanning dependencies of target body_tracking_node[0m
[0.063s] [ 50%] [32mBuilding CXX object CMakeFiles/body_tracking_node.dir/src/kinectAzure_body_tracker_node.cpp.o[0m
[0.820s] [01m[K/home/robogait/azure_kinect_ws/src/body_tracking/src/kinectAzure_body_tracker_node.cpp:26:20:[m[K [01;31m[Kerror: [m[K‘[01m[Kbody_tracking[m[K’ was not declared in this scope; did you mean ‘[01m[Kbody_tracker_msgs[m[K’?
[0.820s]    26 |  rclcpp::Publisher<[01;31m[Kbody_tracking[m[K::msg::Skeleton>::SharedPtr publisher_;
[0.820s]       |                    [01;31m[K^~~~~~~~~~~~~[m[K
[0.820s]       |                    [32m[Kbody_tracker_msgs[m[K
[0.820s] [01m[K/home/robogait/azure_kinect_ws/src/body_tracking/src/kinectAzure_body_tracker_node.cpp:26:48:[m[K [01;31m[Kerror: [m[Ktemplate argument 1 is invalid
[0.820s]    26 |  rclcpp::Publisher<body_tracking::msg::Skeleton[01;31m[K>[m[K::SharedPtr publisher_;
[0.821s]       |                                                [01;31m[K^[m[K
[0.821s] [01m[K/home/robogait/azure_kinect_ws/src/body_tracking/src/kinectAzure_body_tracker_node.cpp:26:51:[m[K [01;31m[Kerror: [m[Kexpected ‘[01m[K;[m[K’ at end of member declaration
[0.821s]    26 |  rclcpp::Publisher<body_tracking::msg::Skeleton>::[01;31m[KSharedPtr[m[K publisher_;
[0.821s]       |                                                   [01;31m[K^~~~~~~~~[m[K
[0.821s]       |                                                            [32m[K;[m[K
[0.822s] [01m[K/home/robogait/azure_kinect_ws/src/body_tracking/src/kinectAzure_body_tracker_node.cpp:26:61:[m[K [01;31m[Kerror: [m[K‘[01m[Kpublisher_[m[K’ does not name a type; did you mean ‘[01m[Krcl_publisher_t[m[K’?
[0.822s]    26 |  rclcpp::Publisher<body_tracking::msg::Skeleton>::SharedPtr [01;31m[Kpublisher_[m[K;
[0.822s]       |                                                             [01;31m[K^~~~~~~~~~[m[K
[0.822s]       |                                                             [32m[Krcl_publisher_t[m[K
[0.824s] [01m[K/home/robogait/azure_kinect_ws/src/body_tracking/src/kinectAzure_body_tracker_node.cpp:[m[K In constructor ‘[01m[KMinimalPublisher::MinimalPublisher()[m[K’:
[0.825s] [01m[K/home/robogait/azure_kinect_ws/src/body_tracking/src/kinectAzure_body_tracker_node.cpp:33:3:[m[K [01;31m[Kerror: [m[K‘[01m[Kpublisher_[m[K’ was not declared in this scope; did you mean ‘[01m[Krcl_publisher_t[m[K’?
[0.825s]    33 |   [01;31m[Kpublisher_[m[K = this->create_publisher<body_tracking::msg::Skeleton>("body_tracking", 10);
[0.825s]       |   [01;31m[K^~~~~~~~~~[m[K
[0.825s]       |   [32m[Krcl_publisher_t[m[K
[0.825s] [01m[K/home/robogait/azure_kinect_ws/src/body_tracking/src/kinectAzure_body_tracker_node.cpp:33:22:[m[K [01;31m[Kerror: [m[Kparse error in template argument list
[0.825s]    33 |   publisher_ = this->[01;31m[Kcreate_publisher<body_tracking::msg::Skeleton>[m[K("body_tracking", 10);
[0.825s]       |                      [01;31m[K^~~~~~~~~~~~~~~~~~~~~~~~~~~~~~~~~~~~~~~~~~~~~~[m[K
[0.825s] [01m[K/home/robogait/azure_kinect_ws/src/body_tracking/src/kinectAzure_body_tracker_node.cpp:33:88:[m[K [01;31m[Kerror: [m[Kno matching function for call to ‘[01m[KMinimalPublisher::create_publisher<((MinimalPublisher*)this)->MinimalPublisher::body_tracking>(const char [14], int)[m[K’
[0.825s]    33 | e_publisher<body_tracking::msg::Skeleton>("body_tracking", 10[01;31m[K)[m[K;
[0.825s]       |                                                              [01;31m[K^[m[K
[0.825s] 
[0.825s] In file included from [01m[K/opt/ros/foxy/include/rclcpp/executors/single_threaded_executor.hpp:28[m[K,
[0.825s]                  from [01m[K/opt/ros/foxy/include/rclcpp/executors.hpp:22[m[K,
[0.825s]                  from [01m[K/opt/ros/foxy/include/rclcpp/rclcpp.hpp:146[m[K,
[0.825s]                  from [01m[K/home/robogait/azure_kinect_ws/src/body_tracking/src/kinectAzure_body_tracker_node.cpp:16[m[K:
[0.825s] [01m[K/opt/ros/foxy/include/rclcpp/node.hpp:184:3:[m[K [01;36m[Knote: [m[Kcandidate: ‘[01m[Ktemplate<class MessageT, class AllocatorT, class PublisherT> std::shared_ptr<PublisherT> rclcpp::Node::create_publisher(const string&, const rclcpp::QoS&, const rclcpp::PublisherOptionsWithAllocator<AllocatorT>&)[m[K’
[0.825s]   184 |   [01;36m[Kcreate_publisher[m[K(
[0.825s]       |   [01;36m[K^~~~~~~~~~~~~~~~[m[K
[0.825s] [01m[K/opt/ros/foxy/include/rclcpp/node.hpp:184:3:[m[K [01;36m[Knote: [m[K  template argument deduction/substitution failed:
[0.825s] [01m[K/home/robogait/azure_kinect_ws/src/body_tracking/src/kinectAzure_body_tracker_node.cpp:[m[K In member function ‘[01m[Kvoid MinimalPublisher::body_tracking()[m[K’:
[0.825s] [01m[K/home/robogait/azure_kinect_ws/src/body_tracking/src/kinectAzure_body_tracker_node.cpp:137:24:[m[K [01;31m[Kerror: [m[K‘[01m[Kbody_tracking[m[K’ is not a class, namespace, or enumeration
[0.825s]   137 |   auto skeleton_data = [01;31m[Kbody_tracking[m[K::msg::Skeleton();
[0.825s]       |                        [01;31m[K^~~~~~~~~~~~~[m[K
[0.828s] [01m[K/home/robogait/azure_kinect_ws/src/body_tracking/src/kinectAzure_body_tracker_node.cpp:261:3:[m[K [01;31m[Kerror: [m[K‘[01m[Kpublisher_[m[K’ was not declared in this scope; did you mean ‘[01m[Krcl_publisher_t[m[K’?
[0.828s]   261 |   [01;31m[Kpublisher_[m[K->publish(skeleton_data);
[0.828s]       |   [01;31m[K^~~~~~~~~~[m[K
[0.828s]       |   [32m[Krcl_publisher_t[m[K
[1.047s] At global scope:
[1.047s] [01m[Kcc1plus:[m[K [01;35m[Kwarning: [m[Kunrecognized command line option ‘[01m[K-Wno-dev[m[K’
[1.055s] make[2]: *** [CMakeFiles/body_tracking_node.dir/build.make:63: CMakeFiles/body_tracking_node.dir/src/kinectAzure_body_tracker_node.cpp.o] Error 1
[1.056s] make[1]: *** [CMakeFiles/Makefile2:78: CMakeFiles/body_tracking_node.dir/all] Error 2
[1.056s] make: *** [Makefile:141: all] Error 2
[1.059s] Invoked command in '/home/robogait/azure_kinect_ws/build/body_tracking' returned '2': CMAKE_PREFIX_PATH=${CMAKE_PREFIX_PATH}:/home/robogait/ros2_serial/install/ourbotmanager:/opt/ros/foxy /usr/bin/cmake --build /home/robogait/azure_kinect_ws/build/body_tracking -- -j8 -l8
