-- Found ament_cmake: 0.9.9 (/opt/ros/foxy/share/ament_cmake/cmake)
-- Found PythonInterp: /usr/bin/python3 (found suitable version "3.8.10", minimum required is "3") 
-- Using PYTHON_EXECUTABLE: /usr/bin/python3
-- Found rclcpp: 2.4.1 (/opt/ros/foxy/share/rclcpp/cmake)
-- Using all available rosidl_typesupport_c: rosidl_typesupport_fastrtps_c;rosidl_typesupport_introspection_c
-- Found rosidl_adapter: 1.2.1 (/opt/ros/foxy/share/rosidl_adapter/cmake)
-- Using all available rosidl_typesupport_cpp: rosidl_typesupport_fastrtps_cpp;rosidl_typesupport_introspection_cpp
-- Found rmw_implementation_cmake: 1.0.3 (/opt/ros/foxy/share/rmw_implementation_cmake/cmake)
-- Using RMW implementation 'rmw_fastrtps_cpp' as default
-- Found body_tracking: 0.0.0 (/home/robogait/azure_kinect_ws/install/body_tracking/share/body_tracking/cmake)
-- Found rosidl_default_generators: 1.0.1 (/opt/ros/foxy/share/rosidl_default_generators/cmake)
-- Found PythonInterp: /usr/bin/python3 (found version "3.8.10") 
-- Found ament_cmake_ros: 0.9.2 (/opt/ros/foxy/share/ament_cmake_ros/cmake)
-- Using all available rosidl_typesupport_c: rosidl_typesupport_fastrtps_c;rosidl_typesupport_introspection_c
-- Using all available rosidl_typesupport_cpp: rosidl_typesupport_fastrtps_cpp;rosidl_typesupport_introspection_cpp
-- Found PythonInterp: /usr/bin/python3 (found suitable version "3.8.10", minimum required is "3.5") 
-- Found python_cmake_module: 0.8.1 (/opt/ros/foxy/share/python_cmake_module/cmake)
-- Using PYTHON_EXECUTABLE: /usr/bin/python3
-- Using PYTHON_INCLUDE_DIRS: /usr/include/python3.8
-- Using PYTHON_LIBRARIES: /usr/lib/x86_64-linux-gnu/libpython3.8.so
-- Found ament_lint_auto: 0.9.6 (/opt/ros/foxy/share/ament_lint_auto/cmake)
-- Added test 'copyright' to check source files copyright and LICENSE
-- Added test 'cppcheck' to perform static code analysis on C / C++ code
-- Configured cppcheck include dirs: $<BUILD_INTERFACE:/home/robogait/azure_kinect_ws/src/body_tracking/include>
-- Configured cppcheck exclude dirs and/or files: 
-- Added test 'cpplint' to check C / C++ code against the Google style
-- Configured cpplint exclude dirs and/or files: 
-- Added test 'lint_cmake' to check CMake code style
-- Added test 'uncrustify' to check C / C++ code style
-- Configured uncrustify additional arguments: 
-- Added test 'xmllint' to check XML markup files
-- Configuring done
CMake Internal Error (please report a bug) in CMakeLists.txt:
  cmGeneratorTarget::GetOutputInfo called for body_tracking which has type
  UTILITY

Note: The stack trace will not use advanced capabilities because this is a release build.
0x5580385e57a4 : ??? [(???) ???:-1]
0x5580385e6262 : ??? [(???) ???:-1]
0x558038522253 : ??? [(???) ???:-1]
0x5580385228d9 : ??? [(???) ???:-1]
0x55803847b31f : ??? [(???) ???:-1]
0x55803847b513 : ??? [(???) ???:-1]
0x5580384730b3 : ??? [(???) ???:-1]
0x558038473455 : ??? [(???) ???:-1]
0x558038473510 : ??? [(???) ???:-1]
0x5580384e5565 : ??? [(???) ???:-1]
0x5580384e5d55 : ??? [(???) ???:-1]
0x5580381fc64f : ??? [(???) ???:-1]
0x5580381fca03 : ??? [(???) ???:-1]
0x55803850eb6e : ??? [(???) ???:-1]
0x5580385170bf : ??? [(???) ???:-1]
0x558038513f4d : ??? [(???) ???:-1]
0x5580384fd421 : ??? [(???) ???:-1]
0x5580384be8fa : ??? [(???) ???:-1]
0x5580384cd5b7 : ??? [(???) ???:-1]
0x5580382baaa7 : ??? [(???) ???:-1]
0x5580382ca1e4 : ??? [(???) ???:-1]
0x5580381cdc29 : ??? [(???) ???:-1]
0x5580381bfba3 : ??? [(???) ???:-1]
0x7f3d2da5e0b3 : __libc_start_main [(libc.so.6) ???:-1]
0x5580381c91ae : ??? [(???) ???:-1]


CMake Internal Error (please report a bug) in CMakeLists.txt:
  cmGeneratorTarget::GetOutputInfo called for body_tracking which has type
  UTILITY

Note: The stack trace will not use advanced capabilities because this is a release build.
0x5580385e57a4 : ??? [(???) ???:-1]
0x5580385e6262 : ??? [(???) ???:-1]
0x558038522253 : ??? [(???) ???:-1]
0x5580385228d9 : ??? [(???) ???:-1]
0x55803847b31f : ??? [(???) ???:-1]
0x55803847b513 : ??? [(???) ???:-1]
0x5580384730b3 : ??? [(???) ???:-1]
0x558038473455 : ??? [(???) ???:-1]
0x558038473510 : ??? [(???) ???:-1]
0x5580384e5565 : ??? [(???) ???:-1]
0x5580384e5d55 : ??? [(???) ???:-1]
0x5580381fc64f : ??? [(???) ???:-1]
0x5580381fca03 : ??? [(???) ???:-1]
0x55803850eb6e : ??? [(???) ???:-1]
0x5580385170bf : ??? [(???) ???:-1]
0x558038513f4d : ??? [(???) ???:-1]
0x5580384fd421 : ??? [(???) ???:-1]
0x5580384be8fa : ??? [(???) ???:-1]
0x5580384cd5b7 : ??? [(???) ???:-1]
0x5580382baaa7 : ??? [(???) ???:-1]
0x5580382ca1e4 : ??? [(???) ???:-1]
0x5580381cdc29 : ??? [(???) ???:-1]
0x5580381bfba3 : ??? [(???) ???:-1]
0x7f3d2da5e0b3 : __libc_start_main [(libc.so.6) ???:-1]
0x5580381c91ae : ??? [(???) ???:-1]


CMake Internal Error (please report a bug) in CMakeLists.txt:
  cmGeneratorTarget::GetOutputInfo called for body_tracking which has type
  UTILITY

Note: The stack trace will not use advanced capabilities because this is a release build.
0x5580385e57a4 : ??? [(???) ???:-1]
0x5580385e6262 : ??? [(???) ???:-1]
0x558038522253 : ??? [(???) ???:-1]
0x5580385228d9 : ??? [(???) ???:-1]
0x55803847b31f : ??? [(???) ???:-1]
0x55803847b513 : ??? [(???) ???:-1]
0x5580384730b3 : ??? [(???) ???:-1]
0x558038473455 : ??? [(???) ???:-1]
0x558038473510 : ??? [(???) ???:-1]
0x5580384e5565 : ??? [(???) ???:-1]
0x5580384e5d55 : ??? [(???) ???:-1]
0x5580381fc64f : ??? [(???) ???:-1]
0x5580381fca03 : ??? [(???) ???:-1]
0x55803850eb6e : ??? [(???) ???:-1]
0x5580385170bf : ??? [(???) ???:-1]
0x558038513f4d : ??? [(???) ???:-1]
0x5580384fd421 : ??? [(???) ???:-1]
0x5580384be8fa : ??? [(???) ???:-1]
0x5580384cd5b7 : ??? [(???) ???:-1]
0x5580382baaa7 : ??? [(???) ???:-1]
0x5580382ca1e4 : ??? [(???) ???:-1]
0x5580381cdc29 : ??? [(???) ???:-1]
0x5580381bfba3 : ??? [(???) ???:-1]
0x7f3d2da5e0b3 : __libc_start_main [(libc.so.6) ???:-1]
0x5580381c91ae : ??? [(???) ???:-1]


CMake Internal Error (please report a bug) in CMakeLists.txt:
  cmGeneratorTarget::GetOutputInfo called for body_tracking which has type
  UTILITY

Note: The stack trace will not use advanced capabilities because this is a release build.
0x5580385e57a4 : ??? [(???) ???:-1]
0x5580385e6262 : ??? [(???) ???:-1]
0x558038522253 : ??? [(???) ???:-1]
0x5580385228d9 : ??? [(???) ???:-1]
0x55803847b31f : ??? [(???) ???:-1]
0x55803847b513 : ??? [(???) ???:-1]
0x5580384730b3 : ??? [(???) ???:-1]
0x558038473455 : ??? [(???) ???:-1]
0x558038473510 : ??? [(???) ???:-1]
0x5580384e5565 : ??? [(???) ???:-1]
0x5580384e5d55 : ??? [(???) ???:-1]
0x5580381fc64f : ??? [(???) ???:-1]
0x5580381fca03 : ??? [(???) ???:-1]
0x55803850eb6e : ??? [(???) ???:-1]
0x5580385170bf : ??? [(???) ???:-1]
0x558038513f4d : ??? [(???) ???:-1]
0x5580384fd421 : ??? [(???) ???:-1]
0x5580384be8fa : ??? [(???) ???:-1]
0x5580384cd5b7 : ??? [(???) ???:-1]
0x5580382baaa7 : ??? [(???) ???:-1]
0x5580382ca1e4 : ??? [(???) ???:-1]
0x5580381cdc29 : ??? [(???) ???:-1]
0x5580381bfba3 : ??? [(???) ???:-1]
0x7f3d2da5e0b3 : __libc_start_main [(libc.so.6) ???:-1]
0x5580381c91ae : ??? [(???) ???:-1]


CMake Internal Error (please report a bug) in CMakeLists.txt:
  cmGeneratorTarget::GetOutputInfo called for body_tracking which has type
  UTILITY

Note: The stack trace will not use advanced capabilities because this is a release build.
0x5580385e57a4 : ??? [(???) ???:-1]
0x5580385e6262 : ??? [(???) ???:-1]
0x558038522253 : ??? [(???) ???:-1]
0x5580385228d9 : ??? [(???) ???:-1]
0x55803847b31f : ??? [(???) ???:-1]
0x55803847b513 : ??? [(???) ???:-1]
0x5580384730b3 : ??? [(???) ???:-1]
0x558038473455 : ??? [(???) ???:-1]
0x558038473510 : ??? [(???) ???:-1]
0x5580384e5565 : ??? [(???) ???:-1]
0x5580384e5d55 : ??? [(???) ???:-1]
0x5580381fc64f : ??? [(???) ???:-1]
0x5580381fca03 : ??? [(???) ???:-1]
0x55803850eb6e : ??? [(???) ???:-1]
0x5580385170bf : ??? [(???) ???:-1]
0x558038513f4d : ??? [(???) ???:-1]
0x5580384fd421 : ??? [(???) ???:-1]
0x5580384be8fa : ??? [(???) ???:-1]
0x5580384cd5b7 : ??? [(???) ???:-1]
0x5580382baaa7 : ??? [(???) ???:-1]
0x5580382ca1e4 : ??? [(???) ???:-1]
0x5580381cdc29 : ??? [(???) ???:-1]
0x5580381bfba3 : ??? [(???) ???:-1]
0x7f3d2da5e0b3 : __libc_start_main [(libc.so.6) ???:-1]
0x5580381c91ae : ??? [(???) ???:-1]


CMake Internal Error (please report a bug) in CMakeLists.txt:
  cmGeneratorTarget::GetOutputInfo called for body_tracking which has type
  UTILITY

Note: The stack trace will not use advanced capabilities because this is a release build.
0x5580385e57a4 : ??? [(???) ???:-1]
0x5580385e6262 : ??? [(???) ???:-1]
0x558038522253 : ??? [(???) ???:-1]
0x5580385228d9 : ??? [(???) ???:-1]
0x55803847b31f : ??? [(???) ???:-1]
0x55803847b513 : ??? [(???) ???:-1]
0x5580384730b3 : ??? [(???) ???:-1]
0x558038473455 : ??? [(???) ???:-1]
0x558038473510 : ??? [(???) ???:-1]
0x5580384e5565 : ??? [(???) ???:-1]
0x5580384e5d55 : ??? [(???) ???:-1]
0x5580381fc64f : ??? [(???) ???:-1]
0x5580381fca03 : ??? [(???) ???:-1]
0x55803850eb6e : ??? [(???) ???:-1]
0x5580385170bf : ??? [(???) ???:-1]
0x558038513f4d : ??? [(???) ???:-1]
0x5580384fd421 : ??? [(???) ???:-1]
0x5580384be8fa : ??? [(???) ???:-1]
0x5580384cd5b7 : ??? [(???) ???:-1]
0x5580382baaa7 : ??? [(???) ???:-1]
0x5580382ca1e4 : ??? [(???) ???:-1]
0x5580381cdc29 : ??? [(???) ???:-1]
0x5580381bfba3 : ??? [(???) ???:-1]
0x7f3d2da5e0b3 : __libc_start_main [(libc.so.6) ???:-1]
0x5580381c91ae : ??? [(???) ???:-1]


CMake Internal Error (please report a bug) in CMakeLists.txt:
  cmGeneratorTarget::GetOutputInfo called for body_tracking which has type
  UTILITY

Note: The stack trace will not use advanced capabilities because this is a release build.
0x5580385e57a4 : ??? [(???) ???:-1]
0x5580385e6262 : ??? [(???) ???:-1]
0x558038522253 : ??? [(???) ???:-1]
0x5580385228d9 : ??? [(???) ???:-1]
0x55803847b31f : ??? [(???) ???:-1]
0x55803847b513 : ??? [(???) ???:-1]
0x5580384730b3 : ??? [(???) ???:-1]
0x558038473455 : ??? [(???) ???:-1]
0x558038473510 : ??? [(???) ???:-1]
0x5580384e5565 : ??? [(???) ???:-1]
0x5580384e5d55 : ??? [(???) ???:-1]
0x5580381fc64f : ??? [(???) ???:-1]
0x5580381fca03 : ??? [(???) ???:-1]
0x55803850eb6e : ??? [(???) ???:-1]
0x5580385170bf : ??? [(???) ???:-1]
0x558038513f4d : ??? [(???) ???:-1]
0x5580384fd421 : ??? [(???) ???:-1]
0x5580384be8fa : ??? [(???) ???:-1]
0x5580384cd5b7 : ??? [(???) ???:-1]
0x5580382baaa7 : ??? [(???) ???:-1]
0x5580382ca1e4 : ??? [(???) ???:-1]
0x5580381cdc29 : ??? [(???) ???:-1]
0x5580381bfba3 : ??? [(???) ???:-1]
0x7f3d2da5e0b3 : __libc_start_main [(libc.so.6) ???:-1]
0x5580381c91ae : ??? [(???) ???:-1]


CMake Internal Error (please report a bug) in CMakeLists.txt:
  cmGeneratorTarget::GetOutputInfo called for body_tracking which has type
  UTILITY

Note: The stack trace will not use advanced capabilities because this is a release build.
0x5580385e57a4 : ??? [(???) ???:-1]
0x5580385e6262 : ??? [(???) ???:-1]
0x558038522253 : ??? [(???) ???:-1]
0x5580385228d9 : ??? [(???) ???:-1]
0x55803847b31f : ??? [(???) ???:-1]
0x55803847b513 : ??? [(???) ???:-1]
0x5580384730b3 : ??? [(???) ???:-1]
0x558038473455 : ??? [(???) ???:-1]
0x558038473510 : ??? [(???) ???:-1]
0x5580384e5565 : ??? [(???) ???:-1]
0x5580384e5d55 : ??? [(???) ???:-1]
0x5580381fc64f : ??? [(???) ???:-1]
0x5580381fca03 : ??? [(???) ???:-1]
0x55803850eb6e : ??? [(???) ???:-1]
0x5580385170bf : ??? [(???) ???:-1]
0x558038513f4d : ??? [(???) ???:-1]
0x5580384fd421 : ??? [(???) ???:-1]
0x5580384be8fa : ??? [(???) ???:-1]
0x5580384cd5b7 : ??? [(???) ???:-1]
0x5580382baaa7 : ??? [(???) ???:-1]
0x5580382ca1e4 : ??? [(???) ???:-1]
0x5580381cdc29 : ??? [(???) ???:-1]
0x5580381bfba3 : ??? [(???) ???:-1]
0x7f3d2da5e0b3 : __libc_start_main [(libc.so.6) ???:-1]
0x5580381c91ae : ??? [(???) ???:-1]


CMake Internal Error (please report a bug) in CMakeLists.txt:
  cmGeneratorTarget::GetOutputInfo called for body_tracking which has type
  UTILITY

Note: The stack trace will not use advanced capabilities because this is a release build.
0x5580385e57a4 : ??? [(???) ???:-1]
0x5580385e6262 : ??? [(???) ???:-1]
0x558038522253 : ??? [(???) ???:-1]
0x5580385228d9 : ??? [(???) ???:-1]
0x55803847b31f : ??? [(???) ???:-1]
0x55803847b513 : ??? [(???) ???:-1]
0x5580384730b3 : ??? [(???) ???:-1]
0x558038473455 : ??? [(???) ???:-1]
0x558038473510 : ??? [(???) ???:-1]
0x5580384e5565 : ??? [(???) ???:-1]
0x5580384e5d55 : ??? [(???) ???:-1]
0x5580381fc64f : ??? [(???) ???:-1]
0x5580381fca03 : ??? [(???) ???:-1]
0x55803850eb6e : ??? [(???) ???:-1]
0x5580385170bf : ??? [(???) ???:-1]
0x558038513f4d : ??? [(???) ???:-1]
0x5580384fd421 : ??? [(???) ???:-1]
0x5580384be8fa : ??? [(???) ???:-1]
0x5580384cd5b7 : ??? [(???) ???:-1]
0x5580382baaa7 : ??? [(???) ???:-1]
0x5580382ca1e4 : ??? [(???) ???:-1]
0x5580381cdc29 : ??? [(???) ???:-1]
0x5580381bfba3 : ??? [(???) ???:-1]
0x7f3d2da5e0b3 : __libc_start_main [(libc.so.6) ???:-1]
0x5580381c91ae : ??? [(???) ???:-1]


CMake Internal Error (please report a bug) in CMakeLists.txt:
  cmGeneratorTarget::GetOutputInfo called for body_tracking which has type
  UTILITY

Note: The stack trace will not use advanced capabilities because this is a release build.
0x5580385e57a4 : ??? [(???) ???:-1]
0x5580385e6262 : ??? [(???) ???:-1]
0x558038522253 : ??? [(???) ???:-1]
0x5580385228d9 : ??? [(???) ???:-1]
0x55803847b31f : ??? [(???) ???:-1]
0x55803847b513 : ??? [(???) ???:-1]
0x5580384730b3 : ??? [(???) ???:-1]
0x558038473455 : ??? [(???) ???:-1]
0x558038473510 : ??? [(???) ???:-1]
0x5580384e5565 : ??? [(???) ???:-1]
0x5580384e5d55 : ??? [(???) ???:-1]
0x5580381fc64f : ??? [(???) ???:-1]
0x5580381fca03 : ??? [(???) ???:-1]
0x55803850eb6e : ??? [(???) ???:-1]
0x5580385170bf : ??? [(???) ???:-1]
0x558038513f4d : ??? [(???) ???:-1]
0x5580384fd421 : ??? [(???) ???:-1]
0x5580384be8fa : ??? [(???) ???:-1]
0x5580384cd5b7 : ??? [(???) ???:-1]
0x5580382baaa7 : ??? [(???) ???:-1]
0x5580382ca1e4 : ??? [(???) ???:-1]
0x5580381cdc29 : ??? [(???) ???:-1]
0x5580381bfba3 : ??? [(???) ???:-1]
0x7f3d2da5e0b3 : __libc_start_main [(libc.so.6) ???:-1]
0x5580381c91ae : ??? [(???) ???:-1]


CMake Internal Error (please report a bug) in CMakeLists.txt:
  cmGeneratorTarget::GetOutputInfo called for body_tracking which has type
  UTILITY

Note: The stack trace will not use advanced capabilities because this is a release build.
0x5580385e57a4 : ??? [(???) ???:-1]
0x5580385e6262 : ??? [(???) ???:-1]
0x558038522253 : ??? [(???) ???:-1]
0x5580385228d9 : ??? [(???) ???:-1]
0x55803847b31f : ??? [(???) ???:-1]
0x55803847b513 : ??? [(???) ???:-1]
0x5580384730b3 : ??? [(???) ???:-1]
0x558038473455 : ??? [(???) ???:-1]
0x558038473510 : ??? [(???) ???:-1]
0x5580384e5565 : ??? [(???) ???:-1]
0x5580384e5d55 : ??? [(???) ???:-1]
0x5580381fc64f : ??? [(???) ???:-1]
0x5580381fca03 : ??? [(???) ???:-1]
0x55803850eb6e : ??? [(???) ???:-1]
0x5580385170bf : ??? [(???) ???:-1]
0x558038513f4d : ??? [(???) ???:-1]
0x5580384fd421 : ??? [(???) ???:-1]
0x5580384be8fa : ??? [(???) ???:-1]
0x5580384cd5b7 : ??? [(???) ???:-1]
0x5580382baaa7 : ??? [(???) ???:-1]
0x5580382ca1e4 : ??? [(???) ???:-1]
0x5580381cdc29 : ??? [(???) ???:-1]
0x5580381bfba3 : ??? [(???) ???:-1]
0x7f3d2da5e0b3 : __libc_start_main [(libc.so.6) ???:-1]
0x5580381c91ae : ??? [(???) ???:-1]


CMake Internal Error (please report a bug) in CMakeLists.txt:
  cmGeneratorTarget::GetOutputInfo called for body_tracking which has type
  UTILITY

Note: The stack trace will not use advanced capabilities because this is a release build.
0x5580385e57a4 : ??? [(???) ???:-1]
0x5580385e6262 : ??? [(???) ???:-1]
0x558038522253 : ??? [(???) ???:-1]
0x5580385228d9 : ??? [(???) ???:-1]
0x55803847b31f : ??? [(???) ???:-1]
0x55803847b513 : ??? [(???) ???:-1]
0x5580384730b3 : ??? [(???) ???:-1]
0x558038473455 : ??? [(???) ???:-1]
0x558038473510 : ??? [(???) ???:-1]
0x5580384e5565 : ??? [(???) ???:-1]
0x5580384e5d55 : ??? [(???) ???:-1]
0x5580381fc64f : ??? [(???) ???:-1]
0x5580381fca03 : ??? [(???) ???:-1]
0x55803850eb6e : ??? [(???) ???:-1]
0x5580385170bf : ??? [(???) ???:-1]
0x558038513f4d : ??? [(???) ???:-1]
0x5580384fd421 : ??? [(???) ???:-1]
0x5580384be8fa : ??? [(???) ???:-1]
0x5580384cd5b7 : ??? [(???) ???:-1]
0x5580382baaa7 : ??? [(???) ???:-1]
0x5580382ca1e4 : ??? [(???) ???:-1]
0x5580381cdc29 : ??? [(???) ???:-1]
0x5580381bfba3 : ??? [(???) ???:-1]
0x7f3d2da5e0b3 : __libc_start_main [(libc.so.6) ???:-1]
0x5580381c91ae : ??? [(???) ???:-1]


CMake Internal Error (please report a bug) in CMakeLists.txt:
  cmGeneratorTarget::GetOutputInfo called for body_tracking which has type
  UTILITY

Note: The stack trace will not use advanced capabilities because this is a release build.
0x5580385e57a4 : ??? [(???) ???:-1]
0x5580385e6262 : ??? [(???) ???:-1]
0x558038522253 : ??? [(???) ???:-1]
0x5580385228d9 : ??? [(???) ???:-1]
0x55803847b31f : ??? [(???) ???:-1]
0x55803847b513 : ??? [(???) ???:-1]
0x5580384730b3 : ??? [(???) ???:-1]
0x558038473455 : ??? [(???) ???:-1]
0x558038473510 : ??? [(???) ???:-1]
0x5580384e5565 : ??? [(???) ???:-1]
0x5580384e5d55 : ??? [(???) ???:-1]
0x5580381fc64f : ??? [(???) ???:-1]
0x5580381fca03 : ??? [(???) ???:-1]
0x55803850eb6e : ??? [(???) ???:-1]
0x5580385170bf : ??? [(???) ???:-1]
0x558038513f4d : ??? [(???) ???:-1]
0x5580384fd421 : ??? [(???) ???:-1]
0x5580384be8fa : ??? [(???) ???:-1]
0x5580384cd5b7 : ??? [(???) ???:-1]
0x5580382baaa7 : ??? [(???) ???:-1]
0x5580382ca1e4 : ??? [(???) ???:-1]
0x5580381cdc29 : ??? [(???) ???:-1]
0x5580381bfba3 : ??? [(???) ???:-1]
0x7f3d2da5e0b3 : __libc_start_main [(libc.so.6) ???:-1]
0x5580381c91ae : ??? [(???) ???:-1]


CMake Internal Error (please report a bug) in CMakeLists.txt:
  cmGeneratorTarget::GetOutputInfo called for body_tracking which has type
  UTILITY

Note: The stack trace will not use advanced capabilities because this is a release build.
0x5580385e57a4 : ??? [(???) ???:-1]
0x5580385e6262 : ??? [(???) ???:-1]
0x558038522253 : ??? [(???) ???:-1]
0x5580385228d9 : ??? [(???) ???:-1]
0x55803847b31f : ??? [(???) ???:-1]
0x55803847b513 : ??? [(???) ???:-1]
0x5580384730b3 : ??? [(???) ???:-1]
0x558038473455 : ??? [(???) ???:-1]
0x558038473510 : ??? [(???) ???:-1]
0x5580384e5565 : ??? [(???) ???:-1]
0x5580384e5d55 : ??? [(???) ???:-1]
0x5580381fc64f : ??? [(???) ???:-1]
0x5580381fca03 : ??? [(???) ???:-1]
0x55803850eb6e : ??? [(???) ???:-1]
0x5580385170bf : ??? [(???) ???:-1]
0x558038513f4d : ??? [(???) ???:-1]
0x5580384fd421 : ??? [(???) ???:-1]
0x5580384be8fa : ??? [(???) ???:-1]
0x5580384cd5b7 : ??? [(???) ???:-1]
0x5580382baaa7 : ??? [(???) ???:-1]
0x5580382ca1e4 : ??? [(???) ???:-1]
0x5580381cdc29 : ??? [(???) ???:-1]
0x5580381bfba3 : ??? [(???) ???:-1]
0x7f3d2da5e0b3 : __libc_start_main [(libc.so.6) ???:-1]
0x5580381c91ae : ??? [(???) ???:-1]


CMake Internal Error (please report a bug) in CMakeLists.txt:
  cmGeneratorTarget::GetOutputInfo called for body_tracking which has type
  UTILITY

Note: The stack trace will not use advanced capabilities because this is a release build.
0x5580385e57a4 : ??? [(???) ???:-1]
0x5580385e6262 : ??? [(???) ???:-1]
0x558038522253 : ??? [(???) ???:-1]
0x5580385228d9 : ??? [(???) ???:-1]
0x55803847b31f : ??? [(???) ???:-1]
0x55803847b513 : ??? [(???) ???:-1]
0x5580384730b3 : ??? [(???) ???:-1]
0x558038473455 : ??? [(???) ???:-1]
0x558038473510 : ??? [(???) ???:-1]
0x5580384e5565 : ??? [(???) ???:-1]
0x5580384e5d55 : ??? [(???) ???:-1]
0x5580381fc64f : ??? [(???) ???:-1]
0x5580381fca03 : ??? [(???) ???:-1]
0x55803850eb6e : ??? [(???) ???:-1]
0x5580385170bf : ??? [(???) ???:-1]
0x558038513f4d : ??? [(???) ???:-1]
0x5580384fd421 : ??? [(???) ???:-1]
0x5580384be8fa : ??? [(???) ???:-1]
0x5580384cd5b7 : ??? [(???) ???:-1]
0x5580382baaa7 : ??? [(???) ???:-1]
0x5580382ca1e4 : ??? [(???) ???:-1]
0x5580381cdc29 : ??? [(???) ???:-1]
0x5580381bfba3 : ??? [(???) ???:-1]
0x7f3d2da5e0b3 : __libc_start_main [(libc.so.6) ???:-1]
0x5580381c91ae : ??? [(???) ???:-1]


CMake Internal Error (please report a bug) in CMakeLists.txt:
  cmGeneratorTarget::GetOutputInfo called for body_tracking which has type
  UTILITY

Note: The stack trace will not use advanced capabilities because this is a release build.
0x5580385e57a4 : ??? [(???) ???:-1]
0x5580385e6262 : ??? [(???) ???:-1]
0x558038522253 : ??? [(???) ???:-1]
0x5580385228d9 : ??? [(???) ???:-1]
0x55803847b31f : ??? [(???) ???:-1]
0x55803847b513 : ??? [(???) ???:-1]
0x5580384730b3 : ??? [(???) ???:-1]
0x558038473455 : ??? [(???) ???:-1]
0x558038473510 : ??? [(???) ???:-1]
0x5580384e5565 : ??? [(???) ???:-1]
0x5580384e5d55 : ??? [(???) ???:-1]
0x5580381fc64f : ??? [(???) ???:-1]
0x5580381fca03 : ??? [(???) ???:-1]
0x55803850eb6e : ??? [(???) ???:-1]
0x5580385170bf : ??? [(???) ???:-1]
0x558038513f4d : ??? [(???) ???:-1]
0x5580384fd421 : ??? [(???) ???:-1]
0x5580384be8fa : ??? [(???) ???:-1]
0x5580384cd5b7 : ??? [(???) ???:-1]
0x5580382baaa7 : ??? [(???) ???:-1]
0x5580382ca1e4 : ??? [(???) ???:-1]
0x5580381cdc29 : ??? [(???) ???:-1]
0x5580381bfba3 : ??? [(???) ???:-1]
0x7f3d2da5e0b3 : __libc_start_main [(libc.so.6) ???:-1]
0x5580381c91ae : ??? [(???) ???:-1]


CMake Internal Error (please report a bug) in CMakeLists.txt:
  cmGeneratorTarget::GetOutputInfo called for body_tracking which has type
  UTILITY

Note: The stack trace will not use advanced capabilities because this is a release build.
0x5580385e57a4 : ??? [(???) ???:-1]
0x5580385e6262 : ??? [(???) ???:-1]
0x558038522253 : ??? [(???) ???:-1]
0x5580385228d9 : ??? [(???) ???:-1]
0x55803847b31f : ??? [(???) ???:-1]
0x55803847b513 : ??? [(???) ???:-1]
0x5580384730b3 : ??? [(???) ???:-1]
0x558038473455 : ??? [(???) ???:-1]
0x558038473510 : ??? [(???) ???:-1]
0x5580384e5565 : ??? [(???) ???:-1]
0x5580384e5d55 : ??? [(???) ???:-1]
0x5580381fc64f : ??? [(???) ???:-1]
0x5580381fca03 : ??? [(???) ???:-1]
0x55803850eb6e : ??? [(???) ???:-1]
0x5580385170bf : ??? [(???) ???:-1]
0x558038513f4d : ??? [(???) ???:-1]
0x5580384fd421 : ??? [(???) ???:-1]
0x5580384be8fa : ??? [(???) ???:-1]
0x5580384cd5b7 : ??? [(???) ???:-1]
0x5580382baaa7 : ??? [(???) ???:-1]
0x5580382ca1e4 : ??? [(???) ???:-1]
0x5580381cdc29 : ??? [(???) ???:-1]
0x5580381bfba3 : ??? [(???) ???:-1]
0x7f3d2da5e0b3 : __libc_start_main [(libc.so.6) ???:-1]
0x5580381c91ae : ??? [(???) ???:-1]


CMake Internal Error (please report a bug) in CMakeLists.txt:
  cmGeneratorTarget::GetOutputInfo called for body_tracking which has type
  UTILITY

Note: The stack trace will not use advanced capabilities because this is a release build.
0x5580385e57a4 : ??? [(???) ???:-1]
0x5580385e6262 : ??? [(???) ???:-1]
0x558038522253 : ??? [(???) ???:-1]
0x5580385228d9 : ??? [(???) ???:-1]
0x55803847b31f : ??? [(???) ???:-1]
0x55803847b513 : ??? [(???) ???:-1]
0x5580384730b3 : ??? [(???) ???:-1]
0x558038473455 : ??? [(???) ???:-1]
0x558038473510 : ??? [(???) ???:-1]
0x5580384e5565 : ??? [(???) ???:-1]
0x5580384e5d55 : ??? [(???) ???:-1]
0x5580381fc64f : ??? [(???) ???:-1]
0x5580381fca03 : ??? [(???) ???:-1]
0x55803850eb6e : ??? [(???) ???:-1]
0x5580385170bf : ??? [(???) ???:-1]
0x558038513f4d : ??? [(???) ???:-1]
0x5580384fd421 : ??? [(???) ???:-1]
0x5580384be8fa : ??? [(???) ???:-1]
0x5580384cd5b7 : ??? [(???) ???:-1]
0x5580382baaa7 : ??? [(???) ???:-1]
0x5580382ca1e4 : ??? [(???) ???:-1]
0x5580381cdc29 : ??? [(???) ???:-1]
0x5580381bfba3 : ??? [(???) ???:-1]
0x7f3d2da5e0b3 : __libc_start_main [(libc.so.6) ???:-1]
0x5580381c91ae : ??? [(???) ???:-1]


CMake Internal Error (please report a bug) in CMakeLists.txt:
  cmGeneratorTarget::GetOutputInfo called for body_tracking which has type
  UTILITY

Note: The stack trace will not use advanced capabilities because this is a release build.
0x5580385e57a4 : ??? [(???) ???:-1]
0x5580385e6262 : ??? [(???) ???:-1]
0x558038522253 : ??? [(???) ???:-1]
0x5580385228d9 : ??? [(???) ???:-1]
0x55803847b31f : ??? [(???) ???:-1]
0x55803847b513 : ??? [(???) ???:-1]
0x5580384730b3 : ??? [(???) ???:-1]
0x558038473455 : ??? [(???) ???:-1]
0x558038473510 : ??? [(???) ???:-1]
0x5580384e5565 : ??? [(???) ???:-1]
0x5580384e5d55 : ??? [(???) ???:-1]
0x5580381fc64f : ??? [(???) ???:-1]
0x5580381fca03 : ??? [(???) ???:-1]
0x55803850eb6e : ??? [(???) ???:-1]
0x5580385170bf : ??? [(???) ???:-1]
0x558038513f4d : ??? [(???) ???:-1]
0x5580384fd421 : ??? [(???) ???:-1]
0x5580384be8fa : ??? [(???) ???:-1]
0x5580384cd5b7 : ??? [(???) ???:-1]
0x5580382baaa7 : ??? [(???) ???:-1]
0x5580382ca1e4 : ??? [(???) ???:-1]
0x5580381cdc29 : ??? [(???) ???:-1]
0x5580381bfba3 : ??? [(???) ???:-1]
0x7f3d2da5e0b3 : __libc_start_main [(libc.so.6) ???:-1]
0x5580381c91ae : ??? [(???) ???:-1]


CMake Internal Error (please report a bug) in CMakeLists.txt:
  cmGeneratorTarget::GetOutputInfo called for body_tracking which has type
  UTILITY

Note: The stack trace will not use advanced capabilities because this is a release build.
0x5580385e57a4 : ??? [(???) ???:-1]
0x5580385e6262 : ??? [(???) ???:-1]
0x558038522253 : ??? [(???) ???:-1]
0x5580385228d9 : ??? [(???) ???:-1]
0x55803847b31f : ??? [(???) ???:-1]
0x55803847b513 : ??? [(???) ???:-1]
0x5580384730b3 : ??? [(???) ???:-1]
0x558038473455 : ??? [(???) ???:-1]
0x558038473510 : ??? [(???) ???:-1]
0x5580384e5565 : ??? [(???) ???:-1]
0x5580384e5d55 : ??? [(???) ???:-1]
0x5580381fc64f : ??? [(???) ???:-1]
0x5580381fca03 : ??? [(???) ???:-1]
0x55803850eb6e : ??? [(???) ???:-1]
0x5580385170bf : ??? [(???) ???:-1]
0x558038513f4d : ??? [(???) ???:-1]
0x5580384fd421 : ??? [(???) ???:-1]
0x5580384be8fa : ??? [(???) ???:-1]
0x5580384cd5b7 : ??? [(???) ???:-1]
0x5580382baaa7 : ??? [(???) ???:-1]
0x5580382ca1e4 : ??? [(???) ???:-1]
0x5580381cdc29 : ??? [(???) ???:-1]
0x5580381bfba3 : ??? [(???) ???:-1]
0x7f3d2da5e0b3 : __libc_start_main [(libc.so.6) ???:-1]
0x5580381c91ae : ??? [(???) ???:-1]


CMake Internal Error (please report a bug) in CMakeLists.txt:
  cmGeneratorTarget::GetOutputInfo called for body_tracking which has type
  UTILITY

Note: The stack trace will not use advanced capabilities because this is a release build.
0x5580385e57a4 : ??? [(???) ???:-1]
0x5580385e6262 : ??? [(???) ???:-1]
0x558038522253 : ??? [(???) ???:-1]
0x5580385228d9 : ??? [(???) ???:-1]
0x55803847b31f : ??? [(???) ???:-1]
0x55803847b513 : ??? [(???) ???:-1]
0x5580384730b3 : ??? [(???) ???:-1]
0x558038473455 : ??? [(???) ???:-1]
0x558038473510 : ??? [(???) ???:-1]
0x5580384e5565 : ??? [(???) ???:-1]
0x5580384e5d55 : ??? [(???) ???:-1]
0x5580381fc64f : ??? [(???) ???:-1]
0x5580381fca03 : ??? [(???) ???:-1]
0x55803850eb6e : ??? [(???) ???:-1]
0x5580385170bf : ??? [(???) ???:-1]
0x558038513f4d : ??? [(???) ???:-1]
0x5580384fd421 : ??? [(???) ???:-1]
0x5580384be8fa : ??? [(???) ???:-1]
0x5580384cd5b7 : ??? [(???) ???:-1]
0x5580382baaa7 : ??? [(???) ???:-1]
0x5580382ca1e4 : ??? [(???) ???:-1]
0x5580381cdc29 : ??? [(???) ???:-1]
0x5580381bfba3 : ??? [(???) ???:-1]
0x7f3d2da5e0b3 : __libc_start_main [(libc.so.6) ???:-1]
0x5580381c91ae : ??? [(???) ???:-1]


CMake Internal Error (please report a bug) in CMakeLists.txt:
  cmGeneratorTarget::GetOutputInfo called for body_tracking which has type
  UTILITY

Note: The stack trace will not use advanced capabilities because this is a release build.
0x5580385e57a4 : ??? [(???) ???:-1]
0x5580385e6262 : ??? [(???) ???:-1]
0x558038522253 : ??? [(???) ???:-1]
0x5580385228d9 : ??? [(???) ???:-1]
0x55803847b31f : ??? [(???) ???:-1]
0x55803847b513 : ??? [(???) ???:-1]
0x5580384730b3 : ??? [(???) ???:-1]
0x558038473455 : ??? [(???) ???:-1]
0x558038473510 : ??? [(???) ???:-1]
0x5580384e5565 : ??? [(???) ???:-1]
0x5580384e5d55 : ??? [(???) ???:-1]
0x5580381fc64f : ??? [(???) ???:-1]
0x5580381fca03 : ??? [(???) ???:-1]
0x55803850eb6e : ??? [(???) ???:-1]
0x5580385170bf : ??? [(???) ???:-1]
0x558038513f4d : ??? [(???) ???:-1]
0x5580384fd421 : ??? [(???) ???:-1]
0x5580384be8fa : ??? [(???) ???:-1]
0x5580384cd5b7 : ??? [(???) ???:-1]
0x5580382baaa7 : ??? [(???) ???:-1]
0x5580382ca1e4 : ??? [(???) ???:-1]
0x5580381cdc29 : ??? [(???) ???:-1]
0x5580381bfba3 : ??? [(???) ???:-1]
0x7f3d2da5e0b3 : __libc_start_main [(libc.so.6) ???:-1]
0x5580381c91ae : ??? [(???) ???:-1]


CMake Internal Error (please report a bug) in CMakeLists.txt:
  cmGeneratorTarget::GetOutputInfo called for body_tracking which has type
  UTILITY

Note: The stack trace will not use advanced capabilities because this is a release build.
0x5580385e57a4 : ??? [(???) ???:-1]
0x5580385e6262 : ??? [(???) ???:-1]
0x558038522253 : ??? [(???) ???:-1]
0x5580385228d9 : ??? [(???) ???:-1]
0x55803847b31f : ??? [(???) ???:-1]
0x55803847b513 : ??? [(???) ???:-1]
0x5580384730b3 : ??? [(???) ???:-1]
0x558038473455 : ??? [(???) ???:-1]
0x558038473510 : ??? [(???) ???:-1]
0x5580384e5565 : ??? [(???) ???:-1]
0x5580384e5d55 : ??? [(???) ???:-1]
0x5580381fc64f : ??? [(???) ???:-1]
0x5580381fca03 : ??? [(???) ???:-1]
0x55803850eb6e : ??? [(???) ???:-1]
0x5580385170bf : ??? [(???) ???:-1]
0x558038513f4d : ??? [(???) ???:-1]
0x5580384fd421 : ??? [(???) ???:-1]
0x5580384be8fa : ??? [(???) ???:-1]
0x5580384cd5b7 : ??? [(???) ???:-1]
0x5580382baaa7 : ??? [(???) ???:-1]
0x5580382ca1e4 : ??? [(???) ???:-1]
0x5580381cdc29 : ??? [(???) ???:-1]
0x5580381bfba3 : ??? [(???) ???:-1]
0x7f3d2da5e0b3 : __libc_start_main [(libc.so.6) ???:-1]
0x5580381c91ae : ??? [(???) ???:-1]


CMake Internal Error (please report a bug) in CMakeLists.txt:
  cmGeneratorTarget::GetOutputInfo called for body_tracking which has type
  UTILITY

Note: The stack trace will not use advanced capabilities because this is a release build.
0x5580385e57a4 : ??? [(???) ???:-1]
0x5580385e6262 : ??? [(???) ???:-1]
0x558038522253 : ??? [(???) ???:-1]
0x5580385228d9 : ??? [(???) ???:-1]
0x55803847b31f : ??? [(???) ???:-1]
0x55803847b513 : ??? [(???) ???:-1]
0x5580384730b3 : ??? [(???) ???:-1]
0x558038473455 : ??? [(???) ???:-1]
0x558038473510 : ??? [(???) ???:-1]
0x5580384e5565 : ??? [(???) ???:-1]
0x5580384e5d55 : ??? [(???) ???:-1]
0x5580381fc64f : ??? [(???) ???:-1]
0x5580381fca03 : ??? [(???) ???:-1]
0x55803850eb6e : ??? [(???) ???:-1]
0x5580385170bf : ??? [(???) ???:-1]
0x558038513f4d : ??? [(???) ???:-1]
0x5580384fd421 : ??? [(???) ???:-1]
0x5580384be8fa : ??? [(???) ???:-1]
0x5580384cd5b7 : ??? [(???) ???:-1]
0x5580382baaa7 : ??? [(???) ???:-1]
0x5580382ca1e4 : ??? [(???) ???:-1]
0x5580381cdc29 : ??? [(???) ???:-1]
0x5580381bfba3 : ??? [(???) ???:-1]
0x7f3d2da5e0b3 : __libc_start_main [(libc.so.6) ???:-1]
0x5580381c91ae : ??? [(???) ???:-1]


CMake Internal Error (please report a bug) in CMakeLists.txt:
  cmGeneratorTarget::GetOutputInfo called for body_tracking which has type
  UTILITY

Note: The stack trace will not use advanced capabilities because this is a release build.
0x5580385e57a4 : ??? [(???) ???:-1]
0x5580385e6262 : ??? [(???) ???:-1]
0x558038522253 : ??? [(???) ???:-1]
0x5580385228d9 : ??? [(???) ???:-1]
0x55803847b31f : ??? [(???) ???:-1]
0x55803847b513 : ??? [(???) ???:-1]
0x5580384730b3 : ??? [(???) ???:-1]
0x558038473455 : ??? [(???) ???:-1]
0x558038473510 : ??? [(???) ???:-1]
0x5580384e5565 : ??? [(???) ???:-1]
0x5580384e5d55 : ??? [(???) ???:-1]
0x5580381fc64f : ??? [(???) ???:-1]
0x5580381fca03 : ??? [(???) ???:-1]
0x55803850eb6e : ??? [(???) ???:-1]
0x5580385170bf : ??? [(???) ???:-1]
0x558038513f4d : ??? [(???) ???:-1]
0x5580384fd421 : ??? [(???) ???:-1]
0x5580384be8fa : ??? [(???) ???:-1]
0x5580384cd5b7 : ??? [(???) ???:-1]
0x5580382baaa7 : ??? [(???) ???:-1]
0x5580382ca1e4 : ??? [(???) ???:-1]
0x5580381cdc29 : ??? [(???) ???:-1]
0x5580381bfba3 : ??? [(???) ???:-1]
0x7f3d2da5e0b3 : __libc_start_main [(libc.so.6) ???:-1]
0x5580381c91ae : ??? [(???) ???:-1]


CMake Internal Error (please report a bug) in CMakeLists.txt:
  cmGeneratorTarget::GetOutputInfo called for body_tracking which has type
  UTILITY

Note: The stack trace will not use advanced capabilities because this is a release build.
0x5580385e57a4 : ??? [(???) ???:-1]
0x5580385e6262 : ??? [(???) ???:-1]
0x558038522253 : ??? [(???) ???:-1]
0x5580385228d9 : ??? [(???) ???:-1]
0x55803847b31f : ??? [(???) ???:-1]
0x55803847b513 : ??? [(???) ???:-1]
0x5580384730b3 : ??? [(???) ???:-1]
0x558038473455 : ??? [(???) ???:-1]
0x558038473510 : ??? [(???) ???:-1]
0x5580384e5565 : ??? [(???) ???:-1]
0x5580384e5d55 : ??? [(???) ???:-1]
0x5580381fc64f : ??? [(???) ???:-1]
0x5580381fca03 : ??? [(???) ???:-1]
0x55803850eb6e : ??? [(???) ???:-1]
0x5580385170bf : ??? [(???) ???:-1]
0x558038513f4d : ??? [(???) ???:-1]
0x5580384fd421 : ??? [(???) ???:-1]
0x5580384be8fa : ??? [(???) ???:-1]
0x5580384cd5b7 : ??? [(???) ???:-1]
0x5580382baaa7 : ??? [(???) ???:-1]
0x5580382ca1e4 : ??? [(???) ???:-1]
0x5580381cdc29 : ??? [(???) ???:-1]
0x5580381bfba3 : ??? [(???) ???:-1]
0x7f3d2da5e0b3 : __libc_start_main [(libc.so.6) ???:-1]
0x5580381c91ae : ??? [(???) ???:-1]


CMake Internal Error (please report a bug) in CMakeLists.txt:
  cmGeneratorTarget::GetOutputInfo called for body_tracking which has type
  UTILITY

Note: The stack trace will not use advanced capabilities because this is a release build.
0x5580385e57a4 : ??? [(???) ???:-1]
0x5580385e6262 : ??? [(???) ???:-1]
0x558038522253 : ??? [(???) ???:-1]
0x5580385228d9 : ??? [(???) ???:-1]
0x55803847b31f : ??? [(???) ???:-1]
0x55803847b513 : ??? [(???) ???:-1]
0x5580384730b3 : ??? [(???) ???:-1]
0x558038473455 : ??? [(???) ???:-1]
0x558038473510 : ??? [(???) ???:-1]
0x5580384e5565 : ??? [(???) ???:-1]
0x5580384e5d55 : ??? [(???) ???:-1]
0x5580381fc64f : ??? [(???) ???:-1]
0x5580381fca03 : ??? [(???) ???:-1]
0x55803850eb6e : ??? [(???) ???:-1]
0x5580385170bf : ??? [(???) ???:-1]
0x558038513f4d : ??? [(???) ???:-1]
0x5580384fd421 : ??? [(???) ???:-1]
0x5580384be8fa : ??? [(???) ???:-1]
0x5580384cd5b7 : ??? [(???) ???:-1]
0x5580382baaa7 : ??? [(???) ???:-1]
0x5580382ca1e4 : ??? [(???) ???:-1]
0x5580381cdc29 : ??? [(???) ???:-1]
0x5580381bfba3 : ??? [(???) ???:-1]
0x7f3d2da5e0b3 : __libc_start_main [(libc.so.6) ???:-1]
0x5580381c91ae : ??? [(???) ???:-1]


CMake Internal Error (please report a bug) in CMakeLists.txt:
  cmGeneratorTarget::GetOutputInfo called for body_tracking which has type
  UTILITY

Note: The stack trace will not use advanced capabilities because this is a release build.
0x5580385e57a4 : ??? [(???) ???:-1]
0x5580385e6262 : ??? [(???) ???:-1]
0x558038522253 : ??? [(???) ???:-1]
0x5580385228d9 : ??? [(???) ???:-1]
0x55803847b31f : ??? [(???) ???:-1]
0x55803847b513 : ??? [(???) ???:-1]
0x5580384730b3 : ??? [(???) ???:-1]
0x558038473455 : ??? [(???) ???:-1]
0x558038473510 : ??? [(???) ???:-1]
0x5580384e5565 : ??? [(???) ???:-1]
0x5580384e5d55 : ??? [(???) ???:-1]
0x5580381fc64f : ??? [(???) ???:-1]
0x5580381fca03 : ??? [(???) ???:-1]
0x55803850eb6e : ??? [(???) ???:-1]
0x5580385170bf : ??? [(???) ???:-1]
0x558038513f4d : ??? [(???) ???:-1]
0x5580384fd421 : ??? [(???) ???:-1]
0x5580384be8fa : ??? [(???) ???:-1]
0x5580384cd5b7 : ??? [(???) ???:-1]
0x5580382baaa7 : ??? [(???) ???:-1]
0x5580382ca1e4 : ??? [(???) ???:-1]
0x5580381cdc29 : ??? [(???) ???:-1]
0x5580381bfba3 : ??? [(???) ???:-1]
0x7f3d2da5e0b3 : __libc_start_main [(libc.so.6) ???:-1]
0x5580381c91ae : ??? [(???) ???:-1]


CMake Internal Error (please report a bug) in CMakeLists.txt:
  cmGeneratorTarget::GetOutputInfo called for body_tracking which has type
  UTILITY

Note: The stack trace will not use advanced capabilities because this is a release build.
0x5580385e57a4 : ??? [(???) ???:-1]
0x5580385e6262 : ??? [(???) ???:-1]
0x558038522253 : ??? [(???) ???:-1]
0x5580385228d9 : ??? [(???) ???:-1]
0x55803847b31f : ??? [(???) ???:-1]
0x55803847b513 : ??? [(???) ???:-1]
0x5580384730b3 : ??? [(???) ???:-1]
0x558038473455 : ??? [(???) ???:-1]
0x558038473510 : ??? [(???) ???:-1]
0x5580384e5565 : ??? [(???) ???:-1]
0x5580384e5d55 : ??? [(???) ???:-1]
0x5580381fc64f : ??? [(???) ???:-1]
0x5580381fca03 : ??? [(???) ???:-1]
0x55803850eb6e : ??? [(???) ???:-1]
0x5580385170bf : ??? [(???) ???:-1]
0x558038513f4d : ??? [(???) ???:-1]
0x5580384fd421 : ??? [(???) ???:-1]
0x5580384be8fa : ??? [(???) ???:-1]
0x5580384cd5b7 : ??? [(???) ???:-1]
0x5580382baaa7 : ??? [(???) ???:-1]
0x5580382ca1e4 : ??? [(???) ???:-1]
0x5580381cdc29 : ??? [(???) ???:-1]
0x5580381bfba3 : ??? [(???) ???:-1]
0x7f3d2da5e0b3 : __libc_start_main [(libc.so.6) ???:-1]
0x5580381c91ae : ??? [(???) ???:-1]


CMake Internal Error (please report a bug) in CMakeLists.txt:
  cmGeneratorTarget::GetOutputInfo called for body_tracking which has type
  UTILITY

Note: The stack trace will not use advanced capabilities because this is a release build.
0x5580385e57a4 : ??? [(???) ???:-1]
0x5580385e6262 : ??? [(???) ???:-1]
0x558038522253 : ??? [(???) ???:-1]
0x5580385228d9 : ??? [(???) ???:-1]
0x55803847b31f : ??? [(???) ???:-1]
0x55803847b513 : ??? [(???) ???:-1]
0x5580384730b3 : ??? [(???) ???:-1]
0x558038473455 : ??? [(???) ???:-1]
0x558038473510 : ??? [(???) ???:-1]
0x5580384e5565 : ??? [(???) ???:-1]
0x5580384e5d55 : ??? [(???) ???:-1]
0x5580381fc64f : ??? [(???) ???:-1]
0x5580381fca03 : ??? [(???) ???:-1]
0x55803850eb6e : ??? [(???) ???:-1]
0x5580385170bf : ??? [(???) ???:-1]
0x558038513f4d : ??? [(???) ???:-1]
0x5580384fd421 : ??? [(???) ???:-1]
0x5580384be8fa : ??? [(???) ???:-1]
0x5580384cd5b7 : ??? [(???) ???:-1]
0x5580382baaa7 : ??? [(???) ???:-1]
0x5580382ca1e4 : ??? [(???) ???:-1]
0x5580381cdc29 : ??? [(???) ???:-1]
0x5580381bfba3 : ??? [(???) ???:-1]
0x7f3d2da5e0b3 : __libc_start_main [(libc.so.6) ???:-1]
0x5580381c91ae : ??? [(???) ???:-1]


CMake Internal Error (please report a bug) in CMakeLists.txt:
  cmGeneratorTarget::GetOutputInfo called for body_tracking which has type
  UTILITY

Note: The stack trace will not use advanced capabilities because this is a release build.
0x5580385e57a4 : ??? [(???) ???:-1]
0x5580385e6262 : ??? [(???) ???:-1]
0x558038522253 : ??? [(???) ???:-1]
0x5580385228d9 : ??? [(???) ???:-1]
0x55803847b31f : ??? [(???) ???:-1]
0x55803847b513 : ??? [(???) ???:-1]
0x5580384730b3 : ??? [(???) ???:-1]
0x558038473455 : ??? [(???) ???:-1]
0x558038473510 : ??? [(???) ???:-1]
0x5580384e5565 : ??? [(???) ???:-1]
0x5580384e5d55 : ??? [(???) ???:-1]
0x5580381fc64f : ??? [(???) ???:-1]
0x5580381fca03 : ??? [(???) ???:-1]
0x55803850eb6e : ??? [(???) ???:-1]
0x5580385170bf : ??? [(???) ???:-1]
0x558038513f4d : ??? [(???) ???:-1]
0x5580384fd421 : ??? [(???) ???:-1]
0x5580384be8fa : ??? [(???) ???:-1]
0x5580384cd5b7 : ??? [(???) ???:-1]
0x5580382baaa7 : ??? [(???) ???:-1]
0x5580382ca1e4 : ??? [(???) ???:-1]
0x5580381cdc29 : ??? [(???) ???:-1]
0x5580381bfba3 : ??? [(???) ???:-1]
0x7f3d2da5e0b3 : __libc_start_main [(libc.so.6) ???:-1]
0x5580381c91ae : ??? [(???) ???:-1]


CMake Internal Error (please report a bug) in CMakeLists.txt:
  cmGeneratorTarget::GetOutputInfo called for body_tracking which has type
  UTILITY

Note: The stack trace will not use advanced capabilities because this is a release build.
0x5580385e57a4 : ??? [(???) ???:-1]
0x5580385e6262 : ??? [(???) ???:-1]
0x558038522253 : ??? [(???) ???:-1]
0x5580385228d9 : ??? [(???) ???:-1]
0x55803847b31f : ??? [(???) ???:-1]
0x55803847b513 : ??? [(???) ???:-1]
0x5580384730b3 : ??? [(???) ???:-1]
0x558038473455 : ??? [(???) ???:-1]
0x558038473510 : ??? [(???) ???:-1]
0x5580384e5565 : ??? [(???) ???:-1]
0x5580384e5d55 : ??? [(???) ???:-1]
0x5580381fc64f : ??? [(???) ???:-1]
0x5580381fca03 : ??? [(???) ???:-1]
0x55803850eb6e : ??? [(???) ???:-1]
0x5580385170bf : ??? [(???) ???:-1]
0x558038513f4d : ??? [(???) ???:-1]
0x5580384fd421 : ??? [(???) ???:-1]
0x5580384be8fa : ??? [(???) ???:-1]
0x5580384cd5b7 : ??? [(???) ???:-1]
0x5580382baaa7 : ??? [(???) ???:-1]
0x5580382ca1e4 : ??? [(???) ???:-1]
0x5580381cdc29 : ??? [(???) ???:-1]
0x5580381bfba3 : ??? [(???) ???:-1]
0x7f3d2da5e0b3 : __libc_start_main [(libc.so.6) ???:-1]
0x5580381c91ae : ??? [(???) ???:-1]


CMake Internal Error (please report a bug) in CMakeLists.txt:
  cmGeneratorTarget::GetOutputInfo called for body_tracking which has type
  UTILITY

Note: The stack trace will not use advanced capabilities because this is a release build.
0x5580385e57a4 : ??? [(???) ???:-1]
0x5580385e6262 : ??? [(???) ???:-1]
0x558038522253 : ??? [(???) ???:-1]
0x5580385228d9 : ??? [(???) ???:-1]
0x55803847b31f : ??? [(???) ???:-1]
0x55803847b513 : ??? [(???) ???:-1]
0x5580384730b3 : ??? [(???) ???:-1]
0x558038473455 : ??? [(???) ???:-1]
0x558038473510 : ??? [(???) ???:-1]
0x5580384e5565 : ??? [(???) ???:-1]
0x5580384e5d55 : ??? [(???) ???:-1]
0x5580381fc64f : ??? [(???) ???:-1]
0x5580381fca03 : ??? [(???) ???:-1]
0x55803850eb6e : ??? [(???) ???:-1]
0x5580385170bf : ??? [(???) ???:-1]
0x558038513f4d : ??? [(???) ???:-1]
0x5580384fd421 : ??? [(???) ???:-1]
0x5580384be8fa : ??? [(???) ???:-1]
0x5580384cd5b7 : ??? [(???) ???:-1]
0x5580382baaa7 : ??? [(???) ???:-1]
0x5580382ca1e4 : ??? [(???) ???:-1]
0x5580381cdc29 : ??? [(???) ???:-1]
0x5580381bfba3 : ??? [(???) ???:-1]
0x7f3d2da5e0b3 : __libc_start_main [(libc.so.6) ???:-1]
0x5580381c91ae : ??? [(???) ???:-1]


CMake Internal Error (please report a bug) in CMakeLists.txt:
  cmGeneratorTarget::GetOutputInfo called for body_tracking which has type
  UTILITY

Note: The stack trace will not use advanced capabilities because this is a release build.
0x5580385e57a4 : ??? [(???) ???:-1]
0x5580385e6262 : ??? [(???) ???:-1]
0x558038522253 : ??? [(???) ???:-1]
0x5580385228d9 : ??? [(???) ???:-1]
0x55803847b31f : ??? [(???) ???:-1]
0x55803847b513 : ??? [(???) ???:-1]
0x5580384730b3 : ??? [(???) ???:-1]
0x558038473455 : ??? [(???) ???:-1]
0x558038473510 : ??? [(???) ???:-1]
0x5580384e5565 : ??? [(???) ???:-1]
0x5580384e5d55 : ??? [(???) ???:-1]
0x5580381fc64f : ??? [(???) ???:-1]
0x5580381fca03 : ??? [(???) ???:-1]
0x55803850eb6e : ??? [(???) ???:-1]
0x5580385170bf : ??? [(???) ???:-1]
0x558038513f4d : ??? [(???) ???:-1]
0x5580384fd421 : ??? [(???) ???:-1]
0x5580384be8fa : ??? [(???) ???:-1]
0x5580384cd5b7 : ??? [(???) ???:-1]
0x5580382baaa7 : ??? [(???) ???:-1]
0x5580382ca1e4 : ??? [(???) ???:-1]
0x5580381cdc29 : ??? [(???) ???:-1]
0x5580381bfba3 : ??? [(???) ???:-1]
0x7f3d2da5e0b3 : __libc_start_main [(libc.so.6) ???:-1]
0x5580381c91ae : ??? [(???) ???:-1]


CMake Internal Error (please report a bug) in CMakeLists.txt:
  cmGeneratorTarget::GetOutputInfo called for body_tracking which has type
  UTILITY

Note: The stack trace will not use advanced capabilities because this is a release build.
0x5580385e57a4 : ??? [(???) ???:-1]
0x5580385e6262 : ??? [(???) ???:-1]
0x558038522253 : ??? [(???) ???:-1]
0x5580385228d9 : ??? [(???) ???:-1]
0x55803847b31f : ??? [(???) ???:-1]
0x55803847b513 : ??? [(???) ???:-1]
0x5580384730b3 : ??? [(???) ???:-1]
0x558038473455 : ??? [(???) ???:-1]
0x558038473510 : ??? [(???) ???:-1]
0x5580384e5565 : ??? [(???) ???:-1]
0x5580384e5d55 : ??? [(???) ???:-1]
0x5580381fc64f : ??? [(???) ???:-1]
0x5580381fca03 : ??? [(???) ???:-1]
0x55803850eb6e : ??? [(???) ???:-1]
0x5580385170bf : ??? [(???) ???:-1]
0x558038513f4d : ??? [(???) ???:-1]
0x5580384fd421 : ??? [(???) ???:-1]
0x5580384be8fa : ??? [(???) ???:-1]
0x5580384cd5b7 : ??? [(???) ???:-1]
0x5580382baaa7 : ??? [(???) ???:-1]
0x5580382ca1e4 : ??? [(???) ???:-1]
0x5580381cdc29 : ??? [(???) ???:-1]
0x5580381bfba3 : ??? [(???) ???:-1]
0x7f3d2da5e0b3 : __libc_start_main [(libc.so.6) ???:-1]
0x5580381c91ae : ??? [(???) ???:-1]


CMake Internal Error (please report a bug) in CMakeLists.txt:
  cmGeneratorTarget::GetOutputInfo called for body_tracking which has type
  UTILITY

Note: The stack trace will not use advanced capabilities because this is a release build.
0x5580385e57a4 : ??? [(???) ???:-1]
0x5580385e6262 : ??? [(???) ???:-1]
0x558038522253 : ??? [(???) ???:-1]
0x5580385228d9 : ??? [(???) ???:-1]
0x55803847b31f : ??? [(???) ???:-1]
0x55803847b513 : ??? [(???) ???:-1]
0x5580384730b3 : ??? [(???) ???:-1]
0x558038473455 : ??? [(???) ???:-1]
0x558038473510 : ??? [(???) ???:-1]
0x5580384e5565 : ??? [(???) ???:-1]
0x5580384e5d55 : ??? [(???) ???:-1]
0x5580381fc64f : ??? [(???) ???:-1]
0x5580381fca03 : ??? [(???) ???:-1]
0x55803850eb6e : ??? [(???) ???:-1]
0x5580385170bf : ??? [(???) ???:-1]
0x558038513f4d : ??? [(???) ???:-1]
0x5580384fd421 : ??? [(???) ???:-1]
0x5580384be8fa : ??? [(???) ???:-1]
0x5580384cd5b7 : ??? [(???) ???:-1]
0x5580382baaa7 : ??? [(???) ???:-1]
0x5580382ca1e4 : ??? [(???) ???:-1]
0x5580381cdc29 : ??? [(???) ???:-1]
0x5580381bfba3 : ??? [(???) ???:-1]
0x7f3d2da5e0b3 : __libc_start_main [(libc.so.6) ???:-1]
0x5580381c91ae : ??? [(???) ???:-1]


CMake Internal Error (please report a bug) in CMakeLists.txt:
  cmGeneratorTarget::GetOutputInfo called for body_tracking which has type
  UTILITY

Note: The stack trace will not use advanced capabilities because this is a release build.
0x5580385e57a4 : ??? [(???) ???:-1]
0x5580385e6262 : ??? [(???) ???:-1]
0x558038522253 : ??? [(???) ???:-1]
0x5580385228d9 : ??? [(???) ???:-1]
0x55803847b31f : ??? [(???) ???:-1]
0x55803847b513 : ??? [(???) ???:-1]
0x5580384730b3 : ??? [(???) ???:-1]
0x558038473455 : ??? [(???) ???:-1]
0x558038473510 : ??? [(???) ???:-1]
0x5580384e5565 : ??? [(???) ???:-1]
0x5580384e5d55 : ??? [(???) ???:-1]
0x5580381fc64f : ??? [(???) ???:-1]
0x5580381fca03 : ??? [(???) ???:-1]
0x55803850eb6e : ??? [(???) ???:-1]
0x5580385170bf : ??? [(???) ???:-1]
0x558038513f4d : ??? [(???) ???:-1]
0x5580384fd421 : ??? [(???) ???:-1]
0x5580384be8fa : ??? [(???) ???:-1]
0x5580384cd5b7 : ??? [(???) ???:-1]
0x5580382baaa7 : ??? [(???) ???:-1]
0x5580382ca1e4 : ??? [(???) ???:-1]
0x5580381cdc29 : ??? [(???) ???:-1]
0x5580381bfba3 : ??? [(???) ???:-1]
0x7f3d2da5e0b3 : __libc_start_main [(libc.so.6) ???:-1]
0x5580381c91ae : ??? [(???) ???:-1]


CMake Internal Error (please report a bug) in CMakeLists.txt:
  cmGeneratorTarget::GetOutputInfo called for body_tracking which has type
  UTILITY

Note: The stack trace will not use advanced capabilities because this is a release build.
0x5580385e57a4 : ??? [(???) ???:-1]
0x5580385e6262 : ??? [(???) ???:-1]
0x558038522253 : ??? [(???) ???:-1]
0x5580385228d9 : ??? [(???) ???:-1]
0x55803847b31f : ??? [(???) ???:-1]
0x55803847b513 : ??? [(???) ???:-1]
0x5580384730b3 : ??? [(???) ???:-1]
0x558038473455 : ??? [(???) ???:-1]
0x558038473510 : ??? [(???) ???:-1]
0x5580384e5565 : ??? [(???) ???:-1]
0x5580384e5d55 : ??? [(???) ???:-1]
0x5580381fc64f : ??? [(???) ???:-1]
0x5580381fca03 : ??? [(???) ???:-1]
0x55803850eb6e : ??? [(???) ???:-1]
0x5580385170bf : ??? [(???) ???:-1]
0x558038513f4d : ??? [(???) ???:-1]
0x5580384fd421 : ??? [(???) ???:-1]
0x5580384be8fa : ??? [(???) ???:-1]
0x5580384cd5b7 : ??? [(???) ???:-1]
0x5580382baaa7 : ??? [(???) ???:-1]
0x5580382ca1e4 : ??? [(???) ???:-1]
0x5580381cdc29 : ??? [(???) ???:-1]
0x5580381bfba3 : ??? [(???) ???:-1]
0x7f3d2da5e0b3 : __libc_start_main [(libc.so.6) ???:-1]
0x5580381c91ae : ??? [(???) ???:-1]


CMake Internal Error (please report a bug) in CMakeLists.txt:
  cmGeneratorTarget::GetOutputInfo called for body_tracking which has type
  UTILITY

Note: The stack trace will not use advanced capabilities because this is a release build.
0x5580385e57a4 : ??? [(???) ???:-1]
0x5580385e6262 : ??? [(???) ???:-1]
0x558038522253 : ??? [(???) ???:-1]
0x5580385228d9 : ??? [(???) ???:-1]
0x55803847b31f : ??? [(???) ???:-1]
0x55803847b513 : ??? [(???) ???:-1]
0x5580384730b3 : ??? [(???) ???:-1]
0x558038473455 : ??? [(???) ???:-1]
0x558038473510 : ??? [(???) ???:-1]
0x5580384e5565 : ??? [(???) ???:-1]
0x5580384e5d55 : ??? [(???) ???:-1]
0x5580381fc64f : ??? [(???) ???:-1]
0x5580381fca03 : ??? [(???) ???:-1]
0x55803850eb6e : ??? [(???) ???:-1]
0x5580385170bf : ??? [(???) ???:-1]
0x558038513f4d : ??? [(???) ???:-1]
0x5580384fd421 : ??? [(???) ???:-1]
0x5580384be8fa : ??? [(???) ???:-1]
0x5580384cd5b7 : ??? [(???) ???:-1]
0x5580382baaa7 : ??? [(???) ???:-1]
0x5580382ca1e4 : ??? [(???) ???:-1]
0x5580381cdc29 : ??? [(???) ???:-1]
0x5580381bfba3 : ??? [(???) ???:-1]
0x7f3d2da5e0b3 : __libc_start_main [(libc.so.6) ???:-1]
0x5580381c91ae : ??? [(???) ???:-1]


CMake Internal Error (please report a bug) in CMakeLists.txt:
  cmGeneratorTarget::GetOutputInfo called for body_tracking which has type
  UTILITY

Note: The stack trace will not use advanced capabilities because this is a release build.
0x5580385e57a4 : ??? [(???) ???:-1]
0x5580385e6262 : ??? [(???) ???:-1]
0x558038522253 : ??? [(???) ???:-1]
0x5580385228d9 : ??? [(???) ???:-1]
0x55803847b31f : ??? [(???) ???:-1]
0x55803847b513 : ??? [(???) ???:-1]
0x5580384730b3 : ??? [(???) ???:-1]
0x558038473455 : ??? [(???) ???:-1]
0x558038473510 : ??? [(???) ???:-1]
0x5580384e5565 : ??? [(???) ???:-1]
0x5580384e5d55 : ??? [(???) ???:-1]
0x5580381fc64f : ??? [(???) ???:-1]
0x5580381fca03 : ??? [(???) ???:-1]
0x55803850eb6e : ??? [(???) ???:-1]
0x5580385170bf : ??? [(???) ???:-1]
0x558038513f4d : ??? [(???) ???:-1]
0x5580384fd421 : ??? [(???) ???:-1]
0x5580384be8fa : ??? [(???) ???:-1]
0x5580384cd5b7 : ??? [(???) ???:-1]
0x5580382baaa7 : ??? [(???) ???:-1]
0x5580382ca1e4 : ??? [(???) ???:-1]
0x5580381cdc29 : ??? [(???) ???:-1]
0x5580381bfba3 : ??? [(???) ???:-1]
0x7f3d2da5e0b3 : __libc_start_main [(libc.so.6) ???:-1]
0x5580381c91ae : ??? [(???) ???:-1]


CMake Internal Error (please report a bug) in CMakeLists.txt:
  cmGeneratorTarget::GetOutputInfo called for body_tracking which has type
  UTILITY

Note: The stack trace will not use advanced capabilities because this is a release build.
0x5580385e57a4 : ??? [(???) ???:-1]
0x5580385e6262 : ??? [(???) ???:-1]
0x558038522253 : ??? [(???) ???:-1]
0x5580385228d9 : ??? [(???) ???:-1]
0x55803847b31f : ??? [(???) ???:-1]
0x55803847b513 : ??? [(???) ???:-1]
0x5580384730b3 : ??? [(???) ???:-1]
0x558038473455 : ??? [(???) ???:-1]
0x558038473510 : ??? [(???) ???:-1]
0x5580384e5565 : ??? [(???) ???:-1]
0x5580384e5d55 : ??? [(???) ???:-1]
0x5580381fc64f : ??? [(???) ???:-1]
0x5580381fca03 : ??? [(???) ???:-1]
0x55803850eb6e : ??? [(???) ???:-1]
0x5580385170bf : ??? [(???) ???:-1]
0x558038513f4d : ??? [(???) ???:-1]
0x5580384fd421 : ??? [(???) ???:-1]
0x5580384be8fa : ??? [(???) ???:-1]
0x5580384cd5b7 : ??? [(???) ???:-1]
0x5580382baaa7 : ??? [(???) ???:-1]
0x5580382ca1e4 : ??? [(???) ???:-1]
0x5580381cdc29 : ??? [(???) ???:-1]
0x5580381bfba3 : ??? [(???) ???:-1]
0x7f3d2da5e0b3 : __libc_start_main [(libc.so.6) ???:-1]
0x5580381c91ae : ??? [(???) ???:-1]


CMake Internal Error (please report a bug) in CMakeLists.txt:
  cmGeneratorTarget::GetOutputInfo called for body_tracking which has type
  UTILITY

Note: The stack trace will not use advanced capabilities because this is a release build.
0x5580385e57a4 : ??? [(???) ???:-1]
0x5580385e6262 : ??? [(???) ???:-1]
0x558038522253 : ??? [(???) ???:-1]
0x5580385228d9 : ??? [(???) ???:-1]
0x55803847b31f : ??? [(???) ???:-1]
0x55803847b513 : ??? [(???) ???:-1]
0x5580384730b3 : ??? [(???) ???:-1]
0x558038473455 : ??? [(???) ???:-1]
0x558038473510 : ??? [(???) ???:-1]
0x5580384e5565 : ??? [(???) ???:-1]
0x5580384e5d55 : ??? [(???) ???:-1]
0x5580381fc64f : ??? [(???) ???:-1]
0x5580381fca03 : ??? [(???) ???:-1]
0x55803850eb6e : ??? [(???) ???:-1]
0x5580385170bf : ??? [(???) ???:-1]
0x558038513f4d : ??? [(???) ???:-1]
0x5580384fd421 : ??? [(???) ???:-1]
0x5580384be8fa : ??? [(???) ???:-1]
0x5580384cd5b7 : ??? [(???) ???:-1]
0x5580382baaa7 : ??? [(???) ???:-1]
0x5580382ca1e4 : ??? [(???) ???:-1]
0x5580381cdc29 : ??? [(???) ???:-1]
0x5580381bfba3 : ??? [(???) ???:-1]
0x7f3d2da5e0b3 : __libc_start_main [(libc.so.6) ???:-1]
0x5580381c91ae : ??? [(???) ???:-1]


CMake Internal Error (please report a bug) in CMakeLists.txt:
  cmGeneratorTarget::GetOutputInfo called for body_tracking which has type
  UTILITY

Note: The stack trace will not use advanced capabilities because this is a release build.
0x5580385e57a4 : ??? [(???) ???:-1]
0x5580385e6262 : ??? [(???) ???:-1]
0x558038522253 : ??? [(???) ???:-1]
0x5580385228d9 : ??? [(???) ???:-1]
0x55803847b31f : ??? [(???) ???:-1]
0x55803847b513 : ??? [(???) ???:-1]
0x5580384730b3 : ??? [(???) ???:-1]
0x558038473455 : ??? [(???) ???:-1]
0x558038473510 : ??? [(???) ???:-1]
0x5580384e5565 : ??? [(???) ???:-1]
0x5580384e5d55 : ??? [(???) ???:-1]
0x5580381fc64f : ??? [(???) ???:-1]
0x5580381fca03 : ??? [(???) ???:-1]
0x55803850eb6e : ??? [(???) ???:-1]
0x5580385170bf : ??? [(???) ???:-1]
0x558038513f4d : ??? [(???) ???:-1]
0x5580384fd421 : ??? [(???) ???:-1]
0x5580384be8fa : ??? [(???) ???:-1]
0x5580384cd5b7 : ??? [(???) ???:-1]
0x5580382baaa7 : ??? [(???) ???:-1]
0x5580382ca1e4 : ??? [(???) ???:-1]
0x5580381cdc29 : ??? [(???) ???:-1]
0x5580381bfba3 : ??? [(???) ???:-1]
0x7f3d2da5e0b3 : __libc_start_main [(libc.so.6) ???:-1]
0x5580381c91ae : ??? [(???) ???:-1]


CMake Internal Error (please report a bug) in CMakeLists.txt:
  cmGeneratorTarget::GetOutputInfo called for body_tracking which has type
  UTILITY

Note: The stack trace will not use advanced capabilities because this is a release build.
0x5580385e57a4 : ??? [(???) ???:-1]
0x5580385e6262 : ??? [(???) ???:-1]
0x558038522253 : ??? [(???) ???:-1]
0x5580385228d9 : ??? [(???) ???:-1]
0x55803847b31f : ??? [(???) ???:-1]
0x55803847b513 : ??? [(???) ???:-1]
0x5580384730b3 : ??? [(???) ???:-1]
0x558038473455 : ??? [(???) ???:-1]
0x558038473510 : ??? [(???) ???:-1]
0x5580384e5565 : ??? [(???) ???:-1]
0x5580384e5d55 : ??? [(???) ???:-1]
0x5580381fc64f : ??? [(???) ???:-1]
0x5580381fca03 : ??? [(???) ???:-1]
0x55803850eb6e : ??? [(???) ???:-1]
0x5580385170bf : ??? [(???) ???:-1]
0x558038513f4d : ??? [(???) ???:-1]
0x5580384fd421 : ??? [(???) ???:-1]
0x5580384be8fa : ??? [(???) ???:-1]
0x5580384cd5b7 : ??? [(???) ???:-1]
0x5580382baaa7 : ??? [(???) ???:-1]
0x5580382ca1e4 : ??? [(???) ???:-1]
0x5580381cdc29 : ??? [(???) ???:-1]
0x5580381bfba3 : ??? [(???) ???:-1]
0x7f3d2da5e0b3 : __libc_start_main [(libc.so.6) ???:-1]
0x5580381c91ae : ??? [(???) ???:-1]


CMake Internal Error (please report a bug) in CMakeLists.txt:
  cmGeneratorTarget::GetOutputInfo called for body_tracking which has type
  UTILITY

Note: The stack trace will not use advanced capabilities because this is a release build.
0x5580385e57a4 : ??? [(???) ???:-1]
0x5580385e6262 : ??? [(???) ???:-1]
0x558038522253 : ??? [(???) ???:-1]
0x5580385228d9 : ??? [(???) ???:-1]
0x55803847b31f : ??? [(???) ???:-1]
0x55803847b513 : ??? [(???) ???:-1]
0x5580384730b3 : ??? [(???) ???:-1]
0x558038473455 : ??? [(???) ???:-1]
0x558038473510 : ??? [(???) ???:-1]
0x5580384e5565 : ??? [(???) ???:-1]
0x5580384e5d55 : ??? [(???) ???:-1]
0x5580381fc64f : ??? [(???) ???:-1]
0x5580381fca03 : ??? [(???) ???:-1]
0x55803850eb6e : ??? [(???) ???:-1]
0x5580385170bf : ??? [(???) ???:-1]
0x558038513f4d : ??? [(???) ???:-1]
0x5580384fd421 : ??? [(???) ???:-1]
0x5580384be8fa : ??? [(???) ???:-1]
0x5580384cd5b7 : ??? [(???) ???:-1]
0x5580382baaa7 : ??? [(???) ???:-1]
0x5580382ca1e4 : ??? [(???) ???:-1]
0x5580381cdc29 : ??? [(???) ???:-1]
0x5580381bfba3 : ??? [(???) ???:-1]
0x7f3d2da5e0b3 : __libc_start_main [(libc.so.6) ???:-1]
0x5580381c91ae : ??? [(???) ???:-1]


CMake Internal Error (please report a bug) in CMakeLists.txt:
  cmGeneratorTarget::GetOutputInfo called for body_tracking which has type
  UTILITY

Note: The stack trace will not use advanced capabilities because this is a release build.
0x5580385e57a4 : ??? [(???) ???:-1]
0x5580385e6262 : ??? [(???) ???:-1]
0x558038522253 : ??? [(???) ???:-1]
0x5580385228d9 : ??? [(???) ???:-1]
0x55803847b31f : ??? [(???) ???:-1]
0x55803847b513 : ??? [(???) ???:-1]
0x5580384730b3 : ??? [(???) ???:-1]
0x558038473455 : ??? [(???) ???:-1]
0x558038473510 : ??? [(???) ???:-1]
0x5580384e5565 : ??? [(???) ???:-1]
0x5580384e5d55 : ??? [(???) ???:-1]
0x5580381fc64f : ??? [(???) ???:-1]
0x5580381fca03 : ??? [(???) ???:-1]
0x55803850eb6e : ??? [(???) ???:-1]
0x5580385170bf : ??? [(???) ???:-1]
0x558038513f4d : ??? [(???) ???:-1]
0x5580384fd421 : ??? [(???) ???:-1]
0x5580384be8fa : ??? [(???) ???:-1]
0x5580384cd5b7 : ??? [(???) ???:-1]
0x5580382baaa7 : ??? [(???) ???:-1]
0x5580382ca1e4 : ??? [(???) ???:-1]
0x5580381cdc29 : ??? [(???) ???:-1]
0x5580381bfba3 : ??? [(???) ???:-1]
0x7f3d2da5e0b3 : __libc_start_main [(libc.so.6) ???:-1]
0x5580381c91ae : ??? [(???) ???:-1]


CMake Internal Error (please report a bug) in CMakeLists.txt:
  cmGeneratorTarget::GetOutputInfo called for body_tracking which has type
  UTILITY

Note: The stack trace will not use advanced capabilities because this is a release build.
0x5580385e57a4 : ??? [(???) ???:-1]
0x5580385e6262 : ??? [(???) ???:-1]
0x558038522253 : ??? [(???) ???:-1]
0x5580385228d9 : ??? [(???) ???:-1]
0x55803847b31f : ??? [(???) ???:-1]
0x55803847b513 : ??? [(???) ???:-1]
0x5580384730b3 : ??? [(???) ???:-1]
0x558038473455 : ??? [(???) ???:-1]
0x558038473510 : ??? [(???) ???:-1]
0x5580384e5565 : ??? [(???) ???:-1]
0x5580384e5d55 : ??? [(???) ???:-1]
0x5580381fc64f : ??? [(???) ???:-1]
0x5580381fca03 : ??? [(???) ???:-1]
0x55803850eb6e : ??? [(???) ???:-1]
0x5580385170bf : ??? [(???) ???:-1]
0x558038513f4d : ??? [(???) ???:-1]
0x5580384fd421 : ??? [(???) ???:-1]
0x5580384be8fa : ??? [(???) ???:-1]
0x5580384cd5b7 : ??? [(???) ???:-1]
0x5580382baaa7 : ??? [(???) ???:-1]
0x5580382ca1e4 : ??? [(???) ???:-1]
0x5580381cdc29 : ??? [(???) ???:-1]
0x5580381bfba3 : ??? [(???) ???:-1]
0x7f3d2da5e0b3 : __libc_start_main [(libc.so.6) ???:-1]
0x5580381c91ae : ??? [(???) ???:-1]


CMake Internal Error (please report a bug) in CMakeLists.txt:
  cmGeneratorTarget::GetOutputInfo called for body_tracking which has type
  UTILITY

Note: The stack trace will not use advanced capabilities because this is a release build.
0x5580385e57a4 : ??? [(???) ???:-1]
0x5580385e6262 : ??? [(???) ???:-1]
0x558038522253 : ??? [(???) ???:-1]
0x5580385228d9 : ??? [(???) ???:-1]
0x55803847b31f : ??? [(???) ???:-1]
0x55803847b513 : ??? [(???) ???:-1]
0x5580384730b3 : ??? [(???) ???:-1]
0x558038473455 : ??? [(???) ???:-1]
0x558038473510 : ??? [(???) ???:-1]
0x5580384e5565 : ??? [(???) ???:-1]
0x5580384e5d55 : ??? [(???) ???:-1]
0x5580381fc64f : ??? [(???) ???:-1]
0x5580381fca03 : ??? [(???) ???:-1]
0x55803850eb6e : ??? [(???) ???:-1]
0x5580385170bf : ??? [(???) ???:-1]
0x558038513f4d : ??? [(???) ???:-1]
0x5580384fd421 : ??? [(???) ???:-1]
0x5580384be8fa : ??? [(???) ???:-1]
0x5580384cd5b7 : ??? [(???) ???:-1]
0x5580382baaa7 : ??? [(???) ???:-1]
0x5580382ca1e4 : ??? [(???) ???:-1]
0x5580381cdc29 : ??? [(???) ???:-1]
0x5580381bfba3 : ??? [(???) ???:-1]
0x7f3d2da5e0b3 : __libc_start_main [(libc.so.6) ???:-1]
0x5580381c91ae : ??? [(???) ???:-1]


CMake Internal Error (please report a bug) in CMakeLists.txt:
  cmGeneratorTarget::GetOutputInfo called for body_tracking which has type
  UTILITY

Note: The stack trace will not use advanced capabilities because this is a release build.
0x5580385e57a4 : ??? [(???) ???:-1]
0x5580385e6262 : ??? [(???) ???:-1]
0x558038522253 : ??? [(???) ???:-1]
0x5580385228d9 : ??? [(???) ???:-1]
0x55803847b31f : ??? [(???) ???:-1]
0x55803847b513 : ??? [(???) ???:-1]
0x5580384730b3 : ??? [(???) ???:-1]
0x558038473455 : ??? [(???) ???:-1]
0x558038473510 : ??? [(???) ???:-1]
0x5580384e5565 : ??? [(???) ???:-1]
0x5580384e5d55 : ??? [(???) ???:-1]
0x5580381fc64f : ??? [(???) ???:-1]
0x5580381fca03 : ??? [(???) ???:-1]
0x55803850eb6e : ??? [(???) ???:-1]
0x5580385170bf : ??? [(???) ???:-1]
0x558038513f4d : ??? [(???) ???:-1]
0x5580384fd421 : ??? [(???) ???:-1]
0x5580384be8fa : ??? [(???) ???:-1]
0x5580384cd5b7 : ??? [(???) ???:-1]
0x5580382baaa7 : ??? [(???) ???:-1]
0x5580382ca1e4 : ??? [(???) ???:-1]
0x5580381cdc29 : ??? [(???) ???:-1]
0x5580381bfba3 : ??? [(???) ???:-1]
0x7f3d2da5e0b3 : __libc_start_main [(libc.so.6) ???:-1]
0x5580381c91ae : ??? [(???) ???:-1]


CMake Internal Error (please report a bug) in CMakeLists.txt:
  cmGeneratorTarget::GetOutputInfo called for body_tracking which has type
  UTILITY

Note: The stack trace will not use advanced capabilities because this is a release build.
0x5580385e57a4 : ??? [(???) ???:-1]
0x5580385e6262 : ??? [(???) ???:-1]
0x558038522253 : ??? [(???) ???:-1]
0x5580385228d9 : ??? [(???) ???:-1]
0x55803847b31f : ??? [(???) ???:-1]
0x55803847b513 : ??? [(???) ???:-1]
0x5580384730b3 : ??? [(???) ???:-1]
0x558038473455 : ??? [(???) ???:-1]
0x558038473510 : ??? [(???) ???:-1]
0x5580384e5565 : ??? [(???) ???:-1]
0x5580384e5d55 : ??? [(???) ???:-1]
0x5580381fc64f : ??? [(???) ???:-1]
0x5580381fca03 : ??? [(???) ???:-1]
0x55803850eb6e : ??? [(???) ???:-1]
0x5580385170bf : ??? [(???) ???:-1]
0x558038513f4d : ??? [(???) ???:-1]
0x5580384fd421 : ??? [(???) ???:-1]
0x5580384be8fa : ??? [(???) ???:-1]
0x5580384cd5b7 : ??? [(???) ???:-1]
0x5580382baaa7 : ??? [(???) ???:-1]
0x5580382ca1e4 : ??? [(???) ???:-1]
0x5580381cdc29 : ??? [(???) ???:-1]
0x5580381bfba3 : ??? [(???) ???:-1]
0x7f3d2da5e0b3 : __libc_start_main [(libc.so.6) ???:-1]
0x5580381c91ae : ??? [(???) ???:-1]


CMake Internal Error (please report a bug) in CMakeLists.txt:
  cmGeneratorTarget::GetOutputInfo called for body_tracking which has type
  UTILITY

Note: The stack trace will not use advanced capabilities because this is a release build.
0x5580385e57a4 : ??? [(???) ???:-1]
0x5580385e6262 : ??? [(???) ???:-1]
0x558038522253 : ??? [(???) ???:-1]
0x5580385228d9 : ??? [(???) ???:-1]
0x55803847b31f : ??? [(???) ???:-1]
0x55803847b513 : ??? [(???) ???:-1]
0x5580384730b3 : ??? [(???) ???:-1]
0x558038473455 : ??? [(???) ???:-1]
0x558038473510 : ??? [(???) ???:-1]
0x5580384e5565 : ??? [(???) ???:-1]
0x5580384e5d55 : ??? [(???) ???:-1]
0x5580381fc64f : ??? [(???) ???:-1]
0x5580381fca03 : ??? [(???) ???:-1]
0x55803850eb6e : ??? [(???) ???:-1]
0x5580385170bf : ??? [(???) ???:-1]
0x558038513f4d : ??? [(???) ???:-1]
0x5580384fd421 : ??? [(???) ???:-1]
0x5580384be8fa : ??? [(???) ???:-1]
0x5580384cd5b7 : ??? [(???) ???:-1]
0x5580382baaa7 : ??? [(???) ???:-1]
0x5580382ca1e4 : ??? [(???) ???:-1]
0x5580381cdc29 : ??? [(???) ???:-1]
0x5580381bfba3 : ??? [(???) ???:-1]
0x7f3d2da5e0b3 : __libc_start_main [(libc.so.6) ???:-1]
0x5580381c91ae : ??? [(???) ???:-1]


-- Generating done
CMake Generate step failed.  Build files cannot be regenerated correctly.
make: *** [Makefile:924: cmake_check_build_system] Error 1
