[0.010s] Invoking command in '/home/robogait/azure_kinect_ws/build/body_tracking': CMAKE_PREFIX_PATH=${CMAKE_PREFIX_PATH}:/home/robogait/ros2_serial/install/ourbotmanager:/opt/ros/foxy /usr/bin/cmake --build /home/robogait/azure_kinect_ws/build/body_tracking -- -j8 -l8
[0.028s] -- Found ament_cmake: 0.9.9 (/opt/ros/foxy/share/ament_cmake/cmake)
[0.042s] -- Found PythonInterp: /usr/bin/python3 (found suitable version "3.8.10", minimum required is "3") 
[0.042s] -- Using PYTHON_EXECUTABLE: /usr/bin/python3
[0.156s] -- Found rclcpp: 2.4.1 (/opt/ros/foxy/share/rclcpp/cmake)
[0.175s] -- Using all available rosidl_typesupport_c: rosidl_typesupport_fastrtps_c;rosidl_typesupport_introspection_c
[0.177s] -- Found rosidl_adapter: 1.2.1 (/opt/ros/foxy/share/rosidl_adapter/cmake)
[0.248s] -- Using all available rosidl_typesupport_cpp: rosidl_typesupport_fastrtps_cpp;rosidl_typesupport_introspection_cpp
[0.277s] -- Found rmw_implementation_cmake: 1.0.3 (/opt/ros/foxy/share/rmw_implementation_cmake/cmake)
[0.278s] -- Using RMW implementation 'rmw_fastrtps_cpp' as default
[0.361s] -- Found body_tracking: 0.0.0 (/home/robogait/azure_kinect_ws/install/body_tracking/share/body_tracking/cmake)
[0.371s] CMake Error at CMakeLists.txt:20 (find_package):
[0.371s]   By not providing "Findbody_tracking::hip_coordinates.cmake" in
[0.371s]   CMAKE_MODULE_PATH this project has asked CMake to find a package
[0.371s]   configuration file provided by "body_tracking::hip_coordinates", but CMake
[0.371s]   did not find one.
[0.371s] 
[0.371s]   Could not find a package configuration file provided by
[0.371s]   "body_tracking::hip_coordinates" with any of the following names:
[0.371s] 
[0.371s]     body_tracking::hip_coordinatesConfig.cmake
[0.371s]     body_tracking::hip_coordinates-config.cmake
[0.371s] 
[0.371s]   Add the installation prefix of "body_tracking::hip_coordinates" to
[0.371s]   CMAKE_PREFIX_PATH or set "body_tracking::hip_coordinates_DIR" to a
[0.371s]   directory containing one of the above files.  If
[0.371s]   "body_tracking::hip_coordinates" provides a separate development package or
[0.371s]   SDK, be sure it has been installed.
[0.371s] 
[0.371s] 
[0.371s] -- Configuring incomplete, errors occurred!
[0.371s] See also "/home/robogait/azure_kinect_ws/build/body_tracking/CMakeFiles/CMakeOutput.log".
[0.372s] See also "/home/robogait/azure_kinect_ws/build/body_tracking/CMakeFiles/CMakeError.log".
[0.375s] make: *** [Makefile:924: cmake_check_build_system] Error 1
[0.377s] Invoked command in '/home/robogait/azure_kinect_ws/build/body_tracking' returned '2': CMAKE_PREFIX_PATH=${CMAKE_PREFIX_PATH}:/home/robogait/ros2_serial/install/ourbotmanager:/opt/ros/foxy /usr/bin/cmake --build /home/robogait/azure_kinect_ws/build/body_tracking -- -j8 -l8
