[0.010s] Invoking command in '/home/robogait/azure_kinect_ws/build/body_tracking': CMAKE_PREFIX_PATH=${CMAKE_PREFIX_PATH}:/home/robogait/ros2_serial/install/ourbotmanager:/opt/ros/foxy /usr/bin/cmake --build /home/robogait/azure_kinect_ws/build/body_tracking -- -j8 -l8
[0.028s] -- Found ament_cmake: 0.9.9 (/opt/ros/foxy/share/ament_cmake/cmake)
[0.044s] -- Found PythonInterp: /usr/bin/python3 (found suitable version "3.8.10", minimum required is "3") 
[0.044s] -- Using PYTHON_EXECUTABLE: /usr/bin/python3
[0.150s] -- Found rclcpp: 2.4.1 (/opt/ros/foxy/share/rclcpp/cmake)
[0.169s] -- Using all available rosidl_typesupport_c: rosidl_typesupport_fastrtps_c;rosidl_typesupport_introspection_c
[0.171s] -- Found rosidl_adapter: 1.2.1 (/opt/ros/foxy/share/rosidl_adapter/cmake)
[0.243s] -- Using all available rosidl_typesupport_cpp: rosidl_typesupport_fastrtps_cpp;rosidl_typesupport_introspection_cpp
[0.271s] -- Found rmw_implementation_cmake: 1.0.3 (/opt/ros/foxy/share/rmw_implementation_cmake/cmake)
[0.271s] -- Using RMW implementation 'rmw_fastrtps_cpp' as default
[0.355s] -- Found body_tracking: 0.0.0 (/home/robogait/azure_kinect_ws/install/body_tracking/share/body_tracking/cmake)
[0.359s] -- Found rosidl_default_generators: 1.0.1 (/opt/ros/foxy/share/rosidl_default_generators/cmake)
[0.382s] -- Found PythonInterp: /usr/bin/python3 (found version "3.8.10") 
[0.456s] -- Found ament_cmake_ros: 0.9.2 (/opt/ros/foxy/share/ament_cmake_ros/cmake)
[0.512s] -- Using all available rosidl_typesupport_c: rosidl_typesupport_fastrtps_c;rosidl_typesupport_introspection_c
[0.516s] -- Using all available rosidl_typesupport_cpp: rosidl_typesupport_fastrtps_cpp;rosidl_typesupport_introspection_cpp
[0.531s] -- Found PythonInterp: /usr/bin/python3 (found suitable version "3.8.10", minimum required is "3.5") 
[0.531s] -- Found python_cmake_module: 0.8.1 (/opt/ros/foxy/share/python_cmake_module/cmake)
[0.545s] -- Using PYTHON_EXECUTABLE: /usr/bin/python3
[0.546s] -- Using PYTHON_INCLUDE_DIRS: /usr/include/python3.8
[0.546s] -- Using PYTHON_LIBRARIES: /usr/lib/x86_64-linux-gnu/libpython3.8.so
[0.554s] -- Found ament_lint_auto: 0.9.6 (/opt/ros/foxy/share/ament_lint_auto/cmake)
[0.559s] -- Added test 'copyright' to check source files copyright and LICENSE
[0.560s] -- Added test 'cppcheck' to perform static code analysis on C / C++ code
[0.561s] -- Configured cppcheck include dirs: $<BUILD_INTERFACE:/home/robogait/azure_kinect_ws/src/body_tracking/include>
[0.561s] -- Configured cppcheck exclude dirs and/or files: 
[0.561s] -- Added test 'cpplint' to check C / C++ code against the Google style
[0.562s] -- Configured cpplint exclude dirs and/or files: 
[0.562s] -- Added test 'lint_cmake' to check CMake code style
[0.563s] -- Added test 'uncrustify' to check C / C++ code style
[0.563s] -- Configured uncrustify additional arguments: 
[0.563s] -- Added test 'xmllint' to check XML markup files
[0.565s] -- Configuring done
[0.587s] -- Generating done
[0.588s] -- Build files have been written to: /home/robogait/azure_kinect_ws/build/body_tracking
[0.606s] [35m[1mScanning dependencies of target listener[0m
[0.607s] [35m[1mScanning dependencies of target body_tracking__cpp[0m
[0.608s] [35m[1mScanning dependencies of target body_tracking__rosidl_generator_c[0m
[0.608s] [35m[1mScanning dependencies of target talker[0m
[0.609s] [35m[1mScanning dependencies of target prueba_talker[0m
[0.615s] [  7%] Built target body_tracking__cpp
[0.616s] [ 10%] [32mBuilding CXX object CMakeFiles/listener.dir/src/subscriber_member_function.cpp.o[0m
[0.616s] [ 10%] Built target body_tracking_node
[0.616s] [ 12%] [32m[1mLinking C shared library libbody_tracking__rosidl_generator_c.so[0m
[0.616s] [ 15%] [32mBuilding CXX object CMakeFiles/talker.dir/src/publisher_member_function.cpp.o[0m
[0.625s] [35m[1mScanning dependencies of target body_tracking__rosidl_typesupport_cpp[0m
[0.625s] [35m[1mScanning dependencies of target body_tracking__rosidl_typesupport_introspection_cpp[0m
[0.625s] [35m[1mScanning dependencies of target body_tracking__rosidl_typesupport_fastrtps_cpp[0m
[0.632s] [ 17%] [32mBuilding CXX object CMakeFiles/prueba_talker.dir/src/main.cpp.o[0m
[0.635s] [ 20%] [32m[1mLinking CXX shared library libbody_tracking__rosidl_typesupport_cpp.so[0m
[0.637s] [ 23%] [32m[1mLinking CXX shared library libbody_tracking__rosidl_typesupport_introspection_cpp.so[0m
[0.638s] [ 25%] [32m[1mLinking CXX shared library libbody_tracking__rosidl_typesupport_fastrtps_cpp.so[0m
[0.651s] [ 30%] Built target body_tracking__rosidl_generator_c
[0.661s] [35m[1mScanning dependencies of target body_tracking__rosidl_typesupport_c[0m
[0.662s] [35m[1mScanning dependencies of target body_tracking__rosidl_typesupport_introspection_c[0m
[0.673s] [ 35%] [32m[1mLinking C shared library libbody_tracking__rosidl_typesupport_introspection_c.so[0m
[0.673s] [ 35%] [32m[1mLinking CXX shared library libbody_tracking__rosidl_typesupport_c.so[0m
[0.676s] [ 41%] Built target body_tracking__rosidl_typesupport_introspection_cpp
[0.683s] [ 46%] Built target body_tracking__rosidl_typesupport_cpp
[0.703s] [ 51%] Built target body_tracking__rosidl_typesupport_introspection_c
[0.709s] [ 56%] Built target body_tracking__rosidl_typesupport_c
[0.728s] [ 61%] Built target body_tracking__rosidl_typesupport_fastrtps_cpp
[0.736s] [35m[1mScanning dependencies of target body_tracking__rosidl_typesupport_fastrtps_c[0m
[0.747s] [ 64%] [32m[1mLinking CXX shared library libbody_tracking__rosidl_typesupport_fastrtps_c.so[0m
[0.808s] [ 69%] Built target body_tracking__rosidl_typesupport_fastrtps_c
[0.823s] [ 69%] Built target body_tracking
[0.831s] [35m[1mScanning dependencies of target body_tracking__py[0m
[0.839s] [ 71%] Built target body_tracking__py
[0.847s] [35m[1mScanning dependencies of target body_tracking__python[0m
[0.859s] [ 74%] [32m[1mLinking C shared library rosidl_generator_py/body_tracking/libbody_tracking__python.so[0m
[0.888s] [ 76%] Built target body_tracking__python
[0.909s] [ 79%] [32m[1mLinking CXX shared library rosidl_generator_py/body_tracking/body_tracking_s__rosidl_typesupport_fastrtps_c.cpython-38-x86_64-linux-gnu.so[0m
[0.909s] [ 82%] [32m[1mLinking C shared library rosidl_generator_py/body_tracking/body_tracking_s__rosidl_typesupport_c.cpython-38-x86_64-linux-gnu.so[0m
[0.911s] [ 84%] [32m[1mLinking C shared library rosidl_generator_py/body_tracking/body_tracking_s__rosidl_typesupport_introspection_c.cpython-38-x86_64-linux-gnu.so[0m
[0.942s] [ 87%] Built target body_tracking__rosidl_typesupport_c__pyext
[0.944s] [ 89%] Built target body_tracking__rosidl_typesupport_introspection_c__pyext
[0.962s] [ 92%] Built target body_tracking__rosidl_typesupport_fastrtps_c__pyext
[1.506s] [01m[K/home/robogait/azure_kinect_ws/src/body_tracking/src/main.cpp:29:40:[m[K [01;31m[Kerror: [m[K‘[01m[KCoordinates[m[K’ is not a member of ‘[01m[Kbody_tracking::msg[m[K’; did you mean ‘[01m[KHipCoordinates[m[K’?
[1.506s]    29 |  rclcpp::Publisher<body_tracking::msg::[01;31m[KCoordinates[m[K>::SharedPtr publisher_;
[1.506s]       |                                        [01;31m[K^~~~~~~~~~~[m[K
[1.506s]       |                                        [32m[KHipCoordinates[m[K
[1.506s] [01m[K/home/robogait/azure_kinect_ws/src/body_tracking/src/main.cpp:29:40:[m[K [01;31m[Kerror: [m[K‘[01m[KCoordinates[m[K’ is not a member of ‘[01m[Kbody_tracking::msg[m[K’; did you mean ‘[01m[KHipCoordinates[m[K’?
[1.506s]    29 |  rclcpp::Publisher<body_tracking::msg::[01;31m[KCoordinates[m[K>::SharedPtr publisher_;
[1.506s]       |                                        [01;31m[K^~~~~~~~~~~[m[K
[1.506s]       |                                        [32m[KHipCoordinates[m[K
[1.506s] [01m[K/home/robogait/azure_kinect_ws/src/body_tracking/src/main.cpp:29:51:[m[K [01;31m[Kerror: [m[Ktemplate argument 1 is invalid
[1.507s]    29 |  rclcpp::Publisher<body_tracking::msg::Coordinates[01;31m[K>[m[K::SharedPtr publisher_;
[1.507s]       |                                                   [01;31m[K^[m[K
[1.507s] [01m[K/home/robogait/azure_kinect_ws/src/body_tracking/src/main.cpp:29:54:[m[K [01;31m[Kerror: [m[Kexpected ‘[01m[K;[m[K’ at end of member declaration
[1.507s]    29 |  rclcpp::Publisher<body_tracking::msg::Coordinates>::[01;31m[KSharedPtr[m[K publisher_;
[1.507s]       |                                                      [01;31m[K^~~~~~~~~[m[K
[1.507s]       |                                                               [32m[K;[m[K
[1.507s] [01m[K/home/robogait/azure_kinect_ws/src/body_tracking/src/main.cpp:29:64:[m[K [01;31m[Kerror: [m[K‘[01m[Kpublisher_[m[K’ does not name a type; did you mean ‘[01m[Krcl_publisher_t[m[K’?
[1.508s]    29 |  rclcpp::Publisher<body_tracking::msg::Coordinates>::SharedPtr [01;31m[Kpublisher_[m[K;
[1.508s]       |                                                                [01;31m[K^~~~~~~~~~[m[K
[1.508s]       |                                                                [32m[Krcl_publisher_t[m[K
[1.510s] [01m[K/home/robogait/azure_kinect_ws/src/body_tracking/src/main.cpp:[m[K In constructor ‘[01m[KMinimalPublisher::MinimalPublisher()[m[K’:
[1.511s] [01m[K/home/robogait/azure_kinect_ws/src/body_tracking/src/main.cpp:36:3:[m[K [01;31m[Kerror: [m[K‘[01m[Kpublisher_[m[K’ was not declared in this scope; did you mean ‘[01m[Krcl_publisher_t[m[K’?
[1.511s]    36 |   [01;31m[Kpublisher_[m[K = this->create_publisher<body_tracking::msg::Coordinates>("topic", 10);
[1.511s]       |   [01;31m[K^~~~~~~~~~[m[K
[1.511s]       |   [32m[Krcl_publisher_t[m[K
[1.511s] [01m[K/home/robogait/azure_kinect_ws/src/body_tracking/src/main.cpp:36:59:[m[K [01;31m[Kerror: [m[K‘[01m[KCoordinates[m[K’ is not a member of ‘[01m[Kbody_tracking::msg[m[K’; did you mean ‘[01m[KHipCoordinates[m[K’?
[1.511s]    36 |   publisher_ = this->create_publisher<body_tracking::msg::[01;31m[KCoordinates[m[K>("topic", 10);
[1.511s]       |                                                           [01;31m[K^~~~~~~~~~~[m[K
[1.511s]       |                                                           [32m[KHipCoordinates[m[K
[1.511s] [01m[K/home/robogait/azure_kinect_ws/src/body_tracking/src/main.cpp:36:59:[m[K [01;31m[Kerror: [m[K‘[01m[KCoordinates[m[K’ is not a member of ‘[01m[Kbody_tracking::msg[m[K’; did you mean ‘[01m[KHipCoordinates[m[K’?
[1.511s]    36 |   publisher_ = this->create_publisher<body_tracking::msg::[01;31m[KCoordinates[m[K>("topic", 10);
[1.511s]       |                                                           [01;31m[K^~~~~~~~~~~[m[K
[1.511s]       |                                                           [32m[KHipCoordinates[m[K
[1.511s] [01m[K/home/robogait/azure_kinect_ws/src/body_tracking/src/main.cpp:36:83:[m[K [01;31m[Kerror: [m[Kno matching function for call to ‘[01m[KMinimalPublisher::create_publisher<<expression error> >(const char [6], int)[m[K’
[1.511s]    36 |   publisher_ = this->create_publisher<body_tracking::msg::Coordinates>("topic", 10[01;31m[K)[m[K;
[1.511s]       |                                                                                   [01;31m[K^[m[K
[1.511s] In file included from [01m[K/opt/ros/foxy/include/rclcpp/executors/single_threaded_executor.hpp:28[m[K,
[1.511s]                  from [01m[K/opt/ros/foxy/include/rclcpp/executors.hpp:22[m[K,
[1.512s]                  from [01m[K/opt/ros/foxy/include/rclcpp/rclcpp.hpp:146[m[K,
[1.512s]                  from [01m[K/home/robogait/azure_kinect_ws/src/body_tracking/src/main.cpp:16[m[K:
[1.512s] [01m[K/opt/ros/foxy/include/rclcpp/node.hpp:184:3:[m[K [01;36m[Knote: [m[Kcandidate: ‘[01m[Ktemplate<class MessageT, class AllocatorT, class PublisherT> std::shared_ptr<PublisherT> rclcpp::Node::create_publisher(const string&, const rclcpp::QoS&, const rclcpp::PublisherOptionsWithAllocator<AllocatorT>&)[m[K’
[1.512s]   184 |   [01;36m[Kcreate_publisher[m[K(
[1.512s]       |   [01;36m[K^~~~~~~~~~~~~~~~[m[K
[1.512s] [01m[K/opt/ros/foxy/include/rclcpp/node.hpp:184:3:[m[K [01;36m[Knote: [m[K  template argument deduction/substitution failed:
[1.512s] [01m[K/home/robogait/azure_kinect_ws/src/body_tracking/src/main.cpp:36:83:[m[K [01;31m[Kerror: [m[Ktemplate argument 1 is invalid
[1.512s]    36 |   publisher_ = this->create_publisher<body_tracking::msg::Coordinates>("topic", 10[01;31m[K)[m[K;
[1.512s]       |                                                                                   [01;31m[K^[m[K
[1.522s] [01m[K/home/robogait/azure_kinect_ws/src/body_tracking/src/main.cpp:[m[K In member function ‘[01m[Kvoid MinimalPublisher::timer_callback()[m[K’:
[1.522s] [01m[K/home/robogait/azure_kinect_ws/src/body_tracking/src/main.cpp:131:3:[m[K [01;31m[Kerror: [m[K‘[01m[Kpublisher_[m[K’ was not declared in this scope; did you mean ‘[01m[Krcl_publisher_t[m[K’?
[1.522s]   131 |   [01;31m[Kpublisher_[m[K->publish(message);
[1.522s]       |   [01;31m[K^~~~~~~~~~[m[K
[1.522s]       |   [32m[Krcl_publisher_t[m[K
[1.797s] make[2]: *** [CMakeFiles/prueba_talker.dir/build.make:63: CMakeFiles/prueba_talker.dir/src/main.cpp.o] Error 1
[1.797s] make[1]: *** [CMakeFiles/Makefile2:325: CMakeFiles/prueba_talker.dir/all] Error 2
[1.797s] make[1]: *** Waiting for unfinished jobs....
[2.635s] [ 94%] [32m[1mLinking CXX executable talker[0m
[2.736s] [ 94%] Built target talker
[3.651s] [ 97%] [32m[1mLinking CXX executable listener[0m
[3.790s] [ 97%] Built target listener
[3.790s] make: *** [Makefile:141: all] Error 2
[3.792s] Invoked command in '/home/robogait/azure_kinect_ws/build/body_tracking' returned '2': CMAKE_PREFIX_PATH=${CMAKE_PREFIX_PATH}:/home/robogait/ros2_serial/install/ourbotmanager:/opt/ros/foxy /usr/bin/cmake --build /home/robogait/azure_kinect_ws/build/body_tracking -- -j8 -l8
