[0.075s] DEBUG:colcon:Command line arguments: ['/bin/colcon', 'build']
[0.075s] DEBUG:colcon:Parsed command line arguments: Namespace(allow_overriding=[], ament_cmake_args=None, base_paths=['.'], build_base='build', catkin_cmake_args=None, catkin_skip_building_tests=False, cmake_args=None, cmake_clean_cache=False, cmake_clean_first=False, cmake_force_configure=False, cmake_target=None, cmake_target_skip_unavailable=False, continue_on_error=False, event_handlers=None, executor='parallel', ignore_user_meta=False, install_base='install', log_base=None, log_level=None, main=<bound method BuildVerb.main of <colcon_core.verb.build.BuildVerb object at 0x7f95bd6c9d90>>, merge_install=False, metas=['./colcon.meta'], packages_above=None, packages_above_and_dependencies=None, packages_above_depth=None, packages_end=None, packages_ignore=None, packages_ignore_regex=None, packages_select=None, packages_select_build_failed=False, packages_select_by_dep=None, packages_select_regex=None, packages_select_test_failures=False, packages_skip=None, packages_skip_build_finished=False, packages_skip_by_dep=None, packages_skip_regex=None, packages_skip_test_passed=False, packages_skip_up_to=None, packages_start=None, packages_up_to=None, packages_up_to_regex=None, parallel_workers=8, paths=None, symlink_install=False, test_result_base=None, verb_extension=<colcon_core.verb.build.BuildVerb object at 0x7f95bd6c9d90>, verb_name='build', verb_parser=<colcon_defaults.argument_parser.defaults.DefaultArgumentsDecorator object at 0x7f95bd654340>)
[0.089s] Level 1:colcon.colcon_core.package_discovery:discover_packages(colcon_meta) check parameters
[0.089s] Level 1:colcon.colcon_core.package_discovery:discover_packages(recursive) check parameters
[0.089s] Level 1:colcon.colcon_core.package_discovery:discover_packages(ignore) check parameters
[0.089s] Level 1:colcon.colcon_core.package_discovery:discover_packages(path) check parameters
[0.089s] Level 1:colcon.colcon_core.package_discovery:discover_packages(colcon_meta) discover
[0.089s] Level 1:colcon.colcon_core.package_discovery:discover_packages(recursive) discover
[0.089s] INFO:colcon.colcon_core.package_discovery:Crawling recursively for packages in '/home/robogait/ros2_serial_cpp'
[0.089s] Level 1:colcon.colcon_core.package_identification:_identify(.) by extensions ['ignore', 'ignore_ament_install']
[0.089s] Level 1:colcon.colcon_core.package_identification:_identify(.) by extension 'ignore'
[0.089s] Level 1:colcon.colcon_core.package_identification:_identify(.) by extension 'ignore_ament_install'
[0.089s] Level 1:colcon.colcon_core.package_identification:_identify(.) by extensions ['colcon_pkg']
[0.089s] Level 1:colcon.colcon_core.package_identification:_identify(.) by extension 'colcon_pkg'
[0.089s] Level 1:colcon.colcon_core.package_identification:_identify(.) by extensions ['colcon_meta']
[0.089s] Level 1:colcon.colcon_core.package_identification:_identify(.) by extension 'colcon_meta'
[0.090s] Level 1:colcon.colcon_core.package_identification:_identify(.) by extensions ['ros']
[0.090s] Level 1:colcon.colcon_core.package_identification:_identify(.) by extension 'ros'
[0.098s] DEBUG:colcon.colcon_core.package_identification:Package '.' with type 'ros.ament_cmake' and name 'ros2_serial_cpp'
[0.098s] Level 1:colcon.colcon_core.package_discovery:discover_packages(recursive) using defaults
[0.098s] Level 1:colcon.colcon_core.package_discovery:discover_packages(ignore) discover
[0.098s] Level 1:colcon.colcon_core.package_discovery:discover_packages(ignore) using defaults
[0.098s] Level 1:colcon.colcon_core.package_discovery:discover_packages(path) discover
[0.098s] Level 1:colcon.colcon_core.package_discovery:discover_packages(path) using defaults
[0.109s] Level 1:colcon.colcon_core.package_discovery:discover_packages(prefix_path) check parameters
[0.109s] Level 1:colcon.colcon_core.package_discovery:discover_packages(prefix_path) discover
[0.110s] DEBUG:colcon.colcon_installed_package_information.package_discovery:Found 4 installed packages in /home/robogait/nav2_teb/install
[0.111s] DEBUG:colcon.colcon_installed_package_information.package_discovery:Found 31 installed packages in /home/robogait/nav2_ws/install
[0.111s] DEBUG:colcon.colcon_installed_package_information.package_discovery:Found 1 installed packages in /home/robogait/ros2_serial_cpp/install
[0.112s] DEBUG:colcon.colcon_installed_package_information.package_discovery:Found 1 installed packages in /home/robogait/serial_cpp/install
[0.112s] DEBUG:colcon.colcon_installed_package_information.package_discovery:Found 1 installed packages in /home/robogait/ros2_serial/install
[0.112s] DEBUG:colcon.colcon_installed_package_information.package_discovery:Found 2 installed packages in /home/robogait/rplidar/install
[0.112s] DEBUG:colcon.colcon_installed_package_information.package_discovery:Found 2 installed packages in /home/robogait/catkin_ws/install
[0.113s] DEBUG:colcon.colcon_installed_package_information.package_discovery:Found 1 installed packages in /home/robogait/tutorials_ros2/install
[0.113s] DEBUG:colcon.colcon_installed_package_information.package_discovery:Found 2 installed packages in /home/robogait/ros2_ws/install
[0.114s] DEBUG:colcon.colcon_installed_package_information.package_discovery:Found 317 installed packages in /opt/ros/foxy
[0.116s] Level 1:colcon.colcon_core.package_discovery:discover_packages(prefix_path) using defaults
[0.163s] Level 5:colcon.colcon_core.verb:set package 'ros2_serial_cpp' build argument 'cmake_args' from command line to 'None'
[0.163s] Level 5:colcon.colcon_core.verb:set package 'ros2_serial_cpp' build argument 'cmake_target' from command line to 'None'
[0.163s] Level 5:colcon.colcon_core.verb:set package 'ros2_serial_cpp' build argument 'cmake_target_skip_unavailable' from command line to 'False'
[0.163s] Level 5:colcon.colcon_core.verb:set package 'ros2_serial_cpp' build argument 'cmake_clean_cache' from command line to 'False'
[0.163s] Level 5:colcon.colcon_core.verb:set package 'ros2_serial_cpp' build argument 'cmake_clean_first' from command line to 'False'
[0.163s] Level 5:colcon.colcon_core.verb:set package 'ros2_serial_cpp' build argument 'cmake_force_configure' from command line to 'False'
[0.163s] Level 5:colcon.colcon_core.verb:set package 'ros2_serial_cpp' build argument 'ament_cmake_args' from command line to 'None'
[0.163s] Level 5:colcon.colcon_core.verb:set package 'ros2_serial_cpp' build argument 'catkin_cmake_args' from command line to 'None'
[0.163s] Level 5:colcon.colcon_core.verb:set package 'ros2_serial_cpp' build argument 'catkin_skip_building_tests' from command line to 'False'
[0.163s] DEBUG:colcon.colcon_core.verb:Building package 'ros2_serial_cpp' with the following arguments: {'ament_cmake_args': None, 'build_base': '/home/robogait/ros2_serial_cpp/build/ros2_serial_cpp', 'catkin_cmake_args': None, 'catkin_skip_building_tests': False, 'cmake_args': None, 'cmake_clean_cache': False, 'cmake_clean_first': False, 'cmake_force_configure': False, 'cmake_target': None, 'cmake_target_skip_unavailable': False, 'install_base': '/home/robogait/ros2_serial_cpp/install/ros2_serial_cpp', 'merge_install': False, 'path': '/home/robogait/ros2_serial_cpp', 'symlink_install': False, 'test_result_base': None}
[0.163s] INFO:colcon.colcon_core.executor:Executing jobs using 'parallel' executor
[0.164s] DEBUG:colcon.colcon_parallel_executor.executor.parallel:run_until_complete
[0.165s] INFO:colcon.colcon_ros.task.ament_cmake.build:Building ROS package in '/home/robogait/ros2_serial_cpp' with build type 'ament_cmake'
[0.165s] INFO:colcon.colcon_cmake.task.cmake.build:Building CMake package in '/home/robogait/ros2_serial_cpp'
[0.167s] INFO:colcon.colcon_core.plugin_system:Skipping extension 'colcon_core.shell.bat': Not used on non-Windows systems
[0.167s] INFO:colcon.colcon_core.shell:Skip shell extension 'powershell' for command environment: Not usable outside of PowerShell
[0.167s] DEBUG:colcon.colcon_core.shell:Skip shell extension 'dsv' for command environment
[0.177s] DEBUG:colcon.colcon_core.event_handler.log_command:Invoking command in '/home/robogait/ros2_serial_cpp/build/ros2_serial_cpp': CMAKE_PREFIX_PATH=${CMAKE_PREFIX_PATH}:/home/robogait/ros2_ws/install/nav2_project:/home/robogait/nav2_ws/install/nav2_gazebo_spawner:/home/robogait/ros2_serial/install/ourbotmanager:/opt/ros/foxy /bin/cmake --build /home/robogait/ros2_serial_cpp/build/ros2_serial_cpp -- -j8 -l8
[4.038s] DEBUG:colcon.colcon_core.event_handler.log_command:Invoked command in '/home/robogait/ros2_serial_cpp/build/ros2_serial_cpp' returned '0': CMAKE_PREFIX_PATH=${CMAKE_PREFIX_PATH}:/home/robogait/ros2_ws/install/nav2_project:/home/robogait/nav2_ws/install/nav2_gazebo_spawner:/home/robogait/ros2_serial/install/ourbotmanager:/opt/ros/foxy /bin/cmake --build /home/robogait/ros2_serial_cpp/build/ros2_serial_cpp -- -j8 -l8
[4.076s] DEBUG:colcon.colcon_core.event_handler.log_command:Invoking command in '/home/robogait/ros2_serial_cpp/build/ros2_serial_cpp': CMAKE_PREFIX_PATH=${CMAKE_PREFIX_PATH}:/home/robogait/ros2_ws/install/nav2_project:/home/robogait/nav2_ws/install/nav2_gazebo_spawner:/home/robogait/ros2_serial/install/ourbotmanager:/opt/ros/foxy /bin/cmake --install /home/robogait/ros2_serial_cpp/build/ros2_serial_cpp
[4.086s] Level 1:colcon.colcon_core.environment:create_environment_scripts_only(ros2_serial_cpp)
[4.087s] DEBUG:colcon.colcon_core.event_handler.log_command:Invoked command in '/home/robogait/ros2_serial_cpp/build/ros2_serial_cpp' returned '0': CMAKE_PREFIX_PATH=${CMAKE_PREFIX_PATH}:/home/robogait/ros2_ws/install/nav2_project:/home/robogait/nav2_ws/install/nav2_gazebo_spawner:/home/robogait/ros2_serial/install/ourbotmanager:/opt/ros/foxy /bin/cmake --install /home/robogait/ros2_serial_cpp/build/ros2_serial_cpp
[4.089s] Level 1:colcon.colcon_core.environment:checking '/home/robogait/ros2_serial_cpp/install/ros2_serial_cpp' for CMake module files
[4.089s] Level 1:colcon.colcon_core.environment:checking '/home/robogait/ros2_serial_cpp/install/ros2_serial_cpp' for CMake config files
[4.090s] Level 1:colcon.colcon_core.shell:create_environment_hook('ros2_serial_cpp', 'cmake_prefix_path')
[4.090s] INFO:colcon.colcon_core.shell:Creating environment hook '/home/robogait/ros2_serial_cpp/install/ros2_serial_cpp/share/ros2_serial_cpp/hook/cmake_prefix_path.ps1'
[4.090s] INFO:colcon.colcon_core.shell:Creating environment descriptor '/home/robogait/ros2_serial_cpp/install/ros2_serial_cpp/share/ros2_serial_cpp/hook/cmake_prefix_path.dsv'
[4.091s] INFO:colcon.colcon_core.shell:Creating environment hook '/home/robogait/ros2_serial_cpp/install/ros2_serial_cpp/share/ros2_serial_cpp/hook/cmake_prefix_path.sh'
[4.091s] Level 1:colcon.colcon_core.environment:checking '/home/robogait/ros2_serial_cpp/install/ros2_serial_cpp/lib'
[4.091s] Level 1:colcon.colcon_core.environment:checking '/home/robogait/ros2_serial_cpp/install/ros2_serial_cpp/bin'
[4.091s] Level 1:colcon.colcon_core.environment:checking '/home/robogait/ros2_serial_cpp/install/ros2_serial_cpp/lib/pkgconfig/ros2_serial_cpp.pc'
[4.092s] Level 1:colcon.colcon_core.environment:checking '/home/robogait/ros2_serial_cpp/install/ros2_serial_cpp/lib/python3.8/site-packages'
[4.092s] INFO:colcon.colcon_core.shell:Creating package script '/home/robogait/ros2_serial_cpp/install/ros2_serial_cpp/share/ros2_serial_cpp/package.ps1'
[4.092s] INFO:colcon.colcon_core.shell:Creating package descriptor '/home/robogait/ros2_serial_cpp/install/ros2_serial_cpp/share/ros2_serial_cpp/package.dsv'
[4.093s] INFO:colcon.colcon_core.shell:Creating package script '/home/robogait/ros2_serial_cpp/install/ros2_serial_cpp/share/ros2_serial_cpp/package.sh'
[4.093s] INFO:colcon.colcon_core.shell:Creating package script '/home/robogait/ros2_serial_cpp/install/ros2_serial_cpp/share/ros2_serial_cpp/package.bash'
[4.093s] INFO:colcon.colcon_core.shell:Creating package script '/home/robogait/ros2_serial_cpp/install/ros2_serial_cpp/share/ros2_serial_cpp/package.zsh'
[4.094s] Level 1:colcon.colcon_core.environment:create_file_with_runtime_dependencies(/home/robogait/ros2_serial_cpp/install/ros2_serial_cpp/share/colcon-core/packages/ros2_serial_cpp)
[4.122s] Level 1:colcon.colcon_core.environment:create_environment_scripts_only(ros2_serial_cpp)
[4.123s] Level 1:colcon.colcon_core.environment:checking '/home/robogait/ros2_serial_cpp/install/ros2_serial_cpp' for CMake module files
[4.123s] Level 1:colcon.colcon_core.environment:checking '/home/robogait/ros2_serial_cpp/install/ros2_serial_cpp' for CMake config files
[4.124s] Level 1:colcon.colcon_core.shell:create_environment_hook('ros2_serial_cpp', 'cmake_prefix_path')
[4.124s] INFO:colcon.colcon_core.shell:Creating environment hook '/home/robogait/ros2_serial_cpp/install/ros2_serial_cpp/share/ros2_serial_cpp/hook/cmake_prefix_path.ps1'
[4.124s] INFO:colcon.colcon_core.shell:Creating environment descriptor '/home/robogait/ros2_serial_cpp/install/ros2_serial_cpp/share/ros2_serial_cpp/hook/cmake_prefix_path.dsv'
[4.124s] INFO:colcon.colcon_core.shell:Creating environment hook '/home/robogait/ros2_serial_cpp/install/ros2_serial_cpp/share/ros2_serial_cpp/hook/cmake_prefix_path.sh'
[4.125s] Level 1:colcon.colcon_core.environment:checking '/home/robogait/ros2_serial_cpp/install/ros2_serial_cpp/lib'
[4.125s] Level 1:colcon.colcon_core.environment:checking '/home/robogait/ros2_serial_cpp/install/ros2_serial_cpp/bin'
[4.125s] Level 1:colcon.colcon_core.environment:checking '/home/robogait/ros2_serial_cpp/install/ros2_serial_cpp/lib/pkgconfig/ros2_serial_cpp.pc'
[4.125s] Level 1:colcon.colcon_core.environment:checking '/home/robogait/ros2_serial_cpp/install/ros2_serial_cpp/lib/python3.8/site-packages'
[4.125s] INFO:colcon.colcon_core.shell:Creating package script '/home/robogait/ros2_serial_cpp/install/ros2_serial_cpp/share/ros2_serial_cpp/package.ps1'
[4.126s] INFO:colcon.colcon_core.shell:Creating package descriptor '/home/robogait/ros2_serial_cpp/install/ros2_serial_cpp/share/ros2_serial_cpp/package.dsv'
[4.126s] INFO:colcon.colcon_core.shell:Creating package script '/home/robogait/ros2_serial_cpp/install/ros2_serial_cpp/share/ros2_serial_cpp/package.sh'
[4.126s] INFO:colcon.colcon_core.shell:Creating package script '/home/robogait/ros2_serial_cpp/install/ros2_serial_cpp/share/ros2_serial_cpp/package.bash'
[4.126s] INFO:colcon.colcon_core.shell:Creating package script '/home/robogait/ros2_serial_cpp/install/ros2_serial_cpp/share/ros2_serial_cpp/package.zsh'
[4.127s] Level 1:colcon.colcon_core.environment:create_file_with_runtime_dependencies(/home/robogait/ros2_serial_cpp/install/ros2_serial_cpp/share/colcon-core/packages/ros2_serial_cpp)
[4.127s] DEBUG:colcon.colcon_parallel_executor.executor.parallel:closing loop
[4.127s] DEBUG:colcon.colcon_parallel_executor.executor.parallel:loop closed
[4.127s] DEBUG:colcon.colcon_parallel_executor.executor.parallel:run_until_complete finished with '0'
[4.127s] DEBUG:colcon.colcon_core.event_reactor:joining thread
[4.132s] INFO:colcon.colcon_core.plugin_system:Skipping extension 'colcon_notification.desktop_notification.terminal_notifier': Not used on non-Darwin systems
[4.132s] INFO:colcon.colcon_core.plugin_system:Skipping extension 'colcon_notification.desktop_notification.win32': Not used on non-Windows systems
[4.132s] INFO:colcon.colcon_notification.desktop_notification:Sending desktop notification using 'notify2'
[4.141s] DEBUG:colcon.colcon_core.event_reactor:joined thread
[4.141s] INFO:colcon.colcon_core.shell:Creating prefix script '/home/robogait/ros2_serial_cpp/install/local_setup.ps1'
[4.142s] INFO:colcon.colcon_core.shell:Creating prefix util module '/home/robogait/ros2_serial_cpp/install/_local_setup_util_ps1.py'
[4.144s] INFO:colcon.colcon_core.shell:Creating prefix chain script '/home/robogait/ros2_serial_cpp/install/setup.ps1'
[4.146s] INFO:colcon.colcon_core.shell:Creating prefix script '/home/robogait/ros2_serial_cpp/install/local_setup.sh'
[4.146s] INFO:colcon.colcon_core.shell:Creating prefix util module '/home/robogait/ros2_serial_cpp/install/_local_setup_util_sh.py'
[4.146s] INFO:colcon.colcon_core.shell:Creating prefix chain script '/home/robogait/ros2_serial_cpp/install/setup.sh'
[4.148s] INFO:colcon.colcon_core.shell:Creating prefix script '/home/robogait/ros2_serial_cpp/install/local_setup.bash'
[4.148s] INFO:colcon.colcon_core.shell:Creating prefix chain script '/home/robogait/ros2_serial_cpp/install/setup.bash'
[4.150s] INFO:colcon.colcon_core.shell:Creating prefix script '/home/robogait/ros2_serial_cpp/install/local_setup.zsh'
[4.151s] INFO:colcon.colcon_core.shell:Creating prefix chain script '/home/robogait/ros2_serial_cpp/install/setup.zsh'
