[0.019s] Invoking command in '/home/robogait/azure_kinect_ws/build/kinect_azure_body_tracker': CMAKE_PREFIX_PATH=${CMAKE_PREFIX_PATH}:/home/robogait/nav2_ws/install/nav2_gazebo_spawner:/home/robogait/ros2_serial/install/ourbotmanager:/home/robogait/ros2_ws/install/nav2_project:/opt/ros/foxy /usr/bin/cmake --build /home/robogait/azure_kinect_ws/build/kinect_azure_body_tracker -- -j8 -l8
[0.064s] [35m[1mScanning dependencies of target kinect_azure_body_tracker_node_full_processing[0m
[0.088s] [ 20%] Built target kinect_azure_body_tracker_recording_node
[0.089s] [ 40%] Built target kinect_azure_body_tracker_node_simplified
[0.097s] [ 60%] Built target kinect_azure_body_tracker_node
[0.101s] [ 80%] Built target kinect_azure_body_tracker_recording_node_simplified
[0.103s] [ 90%] [32mBuilding CXX object CMakeFiles/kinect_azure_body_tracker_node_full_processing.dir/src/kinectAzure_body_tracker_node_full_processing.cpp.o[0m
[0.911s] In file included from [01m[K/home/robogait/azure_kinect_ws/src/kinect_azure_body_tracker/src/kinectAzure_body_tracker_node_full_processing.cpp:23[m[K:
[0.911s] [01m[K/home/robogait/azure_kinect_ws/src/kinect_azure_body_tracker/src/csvProcessing.cpp:[m[K In function ‘[01m[Kbool process_mkv_offline(const char*, const char*, bool, k4abt_tracker_configuration_t)[m[K’:
[0.911s] [01m[K/home/robogait/azure_kinect_ws/src/kinect_azure_body_tracker/src/csvProcessing.cpp:155:42:[m[K [01;31m[Kerror: [m[Kinvalid conversion from ‘[01m[Kconst char*[m[K’ to ‘[01m[Kchar*[m[K’ [[01;31m[K-fpermissive[m[K]
[0.911s]   155 |                 success = predict_joints([01;31m[Koutput_path[m[K, cabecera, tracker, capture_handle);
[0.911s]       |                                          [01;31m[K^~~~~~~~~~~[m[K
[0.911s]       |                                          [01;31m[K|[m[K
[0.912s]       |                                          [01;31m[Kconst char*[m[K
[0.912s] In file included from [01m[K/home/robogait/azure_kinect_ws/src/kinect_azure_body_tracker/src/kinectAzure_body_tracker_node_full_processing.cpp:23[m[K:
[0.912s] [01m[K/home/robogait/azure_kinect_ws/src/kinect_azure_body_tracker/src/csvProcessing.cpp:16:27:[m[K [01;36m[Knote: [m[K  initializing argument 1 of ‘[01m[Kbool predict_joints(char*, int, k4abt_tracker_t, k4a_capture_t)[m[K’
[0.912s]    16 | bool predict_joints([01;36m[Kchar* myfile_name[m[K, int cabecera, k4abt_tracker_t tracker, k4a_capture_t capture_handle)
[0.912s]       |                     [01;36m[K~~~~~~^~~~~~~~~~~[m[K
[1.441s] At global scope:
[1.441s] [01m[Kcc1plus:[m[K [01;35m[Kwarning: [m[Kunrecognized command line option ‘[01m[K-Wno-dev[m[K’
[1.448s] make[2]: *** [CMakeFiles/kinect_azure_body_tracker_node_full_processing.dir/build.make:63: CMakeFiles/kinect_azure_body_tracker_node_full_processing.dir/src/kinectAzure_body_tracker_node_full_processing.cpp.o] Error 1
[1.448s] make[1]: *** [CMakeFiles/Makefile2:86: CMakeFiles/kinect_azure_body_tracker_node_full_processing.dir/all] Error 2
[1.448s] make: *** [Makefile:141: all] Error 2
[1.450s] Invoked command in '/home/robogait/azure_kinect_ws/build/kinect_azure_body_tracker' returned '2': CMAKE_PREFIX_PATH=${CMAKE_PREFIX_PATH}:/home/robogait/nav2_ws/install/nav2_gazebo_spawner:/home/robogait/ros2_serial/install/ourbotmanager:/home/robogait/ros2_ws/install/nav2_project:/opt/ros/foxy /usr/bin/cmake --build /home/robogait/azure_kinect_ws/build/kinect_azure_body_tracker -- -j8 -l8
