[35m[1mScanning dependencies of target prueba_talker[0m
[  2%] Built target body_tracking__cpp
[ 10%] Built target body_tracking__rosidl_generator_c
[ 15%] Built target body_tracking_node
[ 20%] [32mBuilding CXX object CMakeFiles/prueba_talker.dir/src/main.cpp.o[0m
[ 23%] Built target listener
[ 28%] Built target talker
[ 35%] Built target body_tracking__rosidl_typesupport_cpp
[ 43%] Built target body_tracking__rosidl_typesupport_introspection_cpp
[ 51%] Built target body_tracking__rosidl_typesupport_fastrtps_cpp
[ 58%] Built target body_tracking__rosidl_typesupport_introspection_c
[ 66%] Built target body_tracking__rosidl_typesupport_c
[ 74%] Built target body_tracking__rosidl_typesupport_fastrtps_c
[ 74%] Built target body_tracking
[ 76%] Built target body_tracking__py
[ 82%] Built target body_tracking__python
[ 97%] Built target body_tracking__rosidl_typesupport_fastrtps_c__pyext
[ 97%] Built target body_tracking__rosidl_typesupport_c__pyext
[ 97%] Built target body_tracking__rosidl_typesupport_introspection_c__pyext
[100%] [32m[1mLinking CXX executable prueba_talker[0m
[100%] Built target prueba_talker
-- Install configuration: ""
-- Up-to-date: /home/robogait/azure_kinect_ws/install/body_tracking/lib/body_tracking/body_tracking_node
-- Installing: /home/robogait/azure_kinect_ws/install/body_tracking/lib/body_tracking/prueba_talker
-- Set runtime path of "/home/robogait/azure_kinect_ws/install/body_tracking/lib/body_tracking/prueba_talker" to ""
-- Installing: /home/robogait/azure_kinect_ws/install/body_tracking/lib/body_tracking/talker
-- Set runtime path of "/home/robogait/azure_kinect_ws/install/body_tracking/lib/body_tracking/talker" to ""
-- Installing: /home/robogait/azure_kinect_ws/install/body_tracking/lib/body_tracking/listener
-- Set runtime path of "/home/robogait/azure_kinect_ws/install/body_tracking/lib/body_tracking/listener" to ""
-- Up-to-date: /home/robogait/azure_kinect_ws/install/body_tracking/lib/body_tracking/prueba_talker
-- Up-to-date: /home/robogait/azure_kinect_ws/install/body_tracking/share/ament_index/resource_index/rosidl_interfaces/body_tracking
-- Up-to-date: /home/robogait/azure_kinect_ws/install/body_tracking/include/body_tracking
-- Up-to-date: /home/robogait/azure_kinect_ws/install/body_tracking/include/body_tracking/msg
-- Up-to-date: /home/robogait/azure_kinect_ws/install/body_tracking/include/body_tracking/msg/rosidl_generator_c__visibility_control.h
-- Up-to-date: /home/robogait/azure_kinect_ws/install/body_tracking/include/body_tracking/msg/detail
-- Up-to-date: /home/robogait/azure_kinect_ws/install/body_tracking/include/body_tracking/msg/detail/num__functions.c
-- Up-to-date: /home/robogait/azure_kinect_ws/install/body_tracking/include/body_tracking/msg/detail/hip_coordinates__functions.c
-- Up-to-date: /home/robogait/azure_kinect_ws/install/body_tracking/include/body_tracking/msg/detail/num__type_support.h
-- Up-to-date: /home/robogait/azure_kinect_ws/install/body_tracking/include/body_tracking/msg/detail/hip_coordinates__functions.h
-- Up-to-date: /home/robogait/azure_kinect_ws/install/body_tracking/include/body_tracking/msg/detail/num__functions.h
-- Up-to-date: /home/robogait/azure_kinect_ws/install/body_tracking/include/body_tracking/msg/detail/hip_coordinates__struct.h
-- Up-to-date: /home/robogait/azure_kinect_ws/install/body_tracking/include/body_tracking/msg/detail/num__struct.h
-- Up-to-date: /home/robogait/azure_kinect_ws/install/body_tracking/include/body_tracking/msg/detail/hip_coordinates__type_support.h
-- Up-to-date: /home/robogait/azure_kinect_ws/install/body_tracking/include/body_tracking/msg/hip_coordinates.h
-- Up-to-date: /home/robogait/azure_kinect_ws/install/body_tracking/include/body_tracking/msg/num.h
-- Up-to-date: /home/robogait/azure_kinect_ws/install/body_tracking/share/body_tracking/environment/library_path.sh
-- Up-to-date: /home/robogait/azure_kinect_ws/install/body_tracking/share/body_tracking/environment/library_path.dsv
-- Up-to-date: /home/robogait/azure_kinect_ws/install/body_tracking/lib/libbody_tracking__rosidl_generator_c.so
-- Up-to-date: /home/robogait/azure_kinect_ws/install/body_tracking/include/body_tracking
-- Up-to-date: /home/robogait/azure_kinect_ws/install/body_tracking/include/body_tracking/msg
-- Up-to-date: /home/robogait/azure_kinect_ws/install/body_tracking/include/body_tracking/msg/detail
-- Up-to-date: /home/robogait/azure_kinect_ws/install/body_tracking/include/body_tracking/msg/detail/hip_coordinates__rosidl_typesupport_fastrtps_c.h
-- Up-to-date: /home/robogait/azure_kinect_ws/install/body_tracking/include/body_tracking/msg/detail/num__rosidl_typesupport_fastrtps_c.h
-- Up-to-date: /home/robogait/azure_kinect_ws/install/body_tracking/include/body_tracking/msg/rosidl_typesupport_fastrtps_c__visibility_control.h
-- Up-to-date: /home/robogait/azure_kinect_ws/install/body_tracking/lib/libbody_tracking__rosidl_typesupport_fastrtps_c.so
-- Up-to-date: /home/robogait/azure_kinect_ws/install/body_tracking/include/body_tracking
-- Up-to-date: /home/robogait/azure_kinect_ws/install/body_tracking/include/body_tracking/msg
-- Up-to-date: /home/robogait/azure_kinect_ws/install/body_tracking/include/body_tracking/msg/detail
-- Up-to-date: /home/robogait/azure_kinect_ws/install/body_tracking/include/body_tracking/msg/detail/dds_fastrtps
-- Up-to-date: /home/robogait/azure_kinect_ws/install/body_tracking/include/body_tracking/msg/detail/hip_coordinates__rosidl_typesupport_fastrtps_cpp.hpp
-- Up-to-date: /home/robogait/azure_kinect_ws/install/body_tracking/include/body_tracking/msg/detail/num__rosidl_typesupport_fastrtps_cpp.hpp
-- Up-to-date: /home/robogait/azure_kinect_ws/install/body_tracking/include/body_tracking/msg/rosidl_typesupport_fastrtps_cpp__visibility_control.h
-- Up-to-date: /home/robogait/azure_kinect_ws/install/body_tracking/lib/libbody_tracking__rosidl_typesupport_fastrtps_cpp.so
-- Up-to-date: /home/robogait/azure_kinect_ws/install/body_tracking/include/body_tracking
-- Up-to-date: /home/robogait/azure_kinect_ws/install/body_tracking/include/body_tracking/msg
-- Up-to-date: /home/robogait/azure_kinect_ws/install/body_tracking/include/body_tracking/msg/rosidl_typesupport_introspection_c__visibility_control.h
-- Up-to-date: /home/robogait/azure_kinect_ws/install/body_tracking/include/body_tracking/msg/detail
-- Up-to-date: /home/robogait/azure_kinect_ws/install/body_tracking/include/body_tracking/msg/detail/hip_coordinates__rosidl_typesupport_introspection_c.h
-- Up-to-date: /home/robogait/azure_kinect_ws/install/body_tracking/include/body_tracking/msg/detail/num__rosidl_typesupport_introspection_c.h
-- Up-to-date: /home/robogait/azure_kinect_ws/install/body_tracking/include/body_tracking/msg/detail/hip_coordinates__type_support.c
-- Up-to-date: /home/robogait/azure_kinect_ws/install/body_tracking/include/body_tracking/msg/detail/num__type_support.c
-- Up-to-date: /home/robogait/azure_kinect_ws/install/body_tracking/lib/libbody_tracking__rosidl_typesupport_introspection_c.so
-- Up-to-date: /home/robogait/azure_kinect_ws/install/body_tracking/lib/libbody_tracking__rosidl_typesupport_c.so
-- Up-to-date: /home/robogait/azure_kinect_ws/install/body_tracking/include/body_tracking
-- Up-to-date: /home/robogait/azure_kinect_ws/install/body_tracking/include/body_tracking/msg
-- Up-to-date: /home/robogait/azure_kinect_ws/install/body_tracking/include/body_tracking/msg/num.hpp
-- Up-to-date: /home/robogait/azure_kinect_ws/install/body_tracking/include/body_tracking/msg/detail
-- Up-to-date: /home/robogait/azure_kinect_ws/install/body_tracking/include/body_tracking/msg/detail/hip_coordinates__builder.hpp
-- Up-to-date: /home/robogait/azure_kinect_ws/install/body_tracking/include/body_tracking/msg/detail/num__builder.hpp
-- Up-to-date: /home/robogait/azure_kinect_ws/install/body_tracking/include/body_tracking/msg/detail/hip_coordinates__traits.hpp
-- Up-to-date: /home/robogait/azure_kinect_ws/install/body_tracking/include/body_tracking/msg/detail/num__traits.hpp
-- Up-to-date: /home/robogait/azure_kinect_ws/install/body_tracking/include/body_tracking/msg/detail/num__struct.hpp
-- Up-to-date: /home/robogait/azure_kinect_ws/install/body_tracking/include/body_tracking/msg/detail/hip_coordinates__struct.hpp
-- Up-to-date: /home/robogait/azure_kinect_ws/install/body_tracking/include/body_tracking/msg/hip_coordinates.hpp
-- Up-to-date: /home/robogait/azure_kinect_ws/install/body_tracking/include/body_tracking
-- Up-to-date: /home/robogait/azure_kinect_ws/install/body_tracking/include/body_tracking/msg
-- Up-to-date: /home/robogait/azure_kinect_ws/install/body_tracking/include/body_tracking/msg/detail
-- Up-to-date: /home/robogait/azure_kinect_ws/install/body_tracking/include/body_tracking/msg/detail/num__type_support.cpp
-- Up-to-date: /home/robogait/azure_kinect_ws/install/body_tracking/include/body_tracking/msg/detail/hip_coordinates__type_support.cpp
-- Up-to-date: /home/robogait/azure_kinect_ws/install/body_tracking/include/body_tracking/msg/detail/hip_coordinates__rosidl_typesupport_introspection_cpp.hpp
-- Up-to-date: /home/robogait/azure_kinect_ws/install/body_tracking/include/body_tracking/msg/detail/num__rosidl_typesupport_introspection_cpp.hpp
-- Up-to-date: /home/robogait/azure_kinect_ws/install/body_tracking/lib/libbody_tracking__rosidl_typesupport_introspection_cpp.so
-- Up-to-date: /home/robogait/azure_kinect_ws/install/body_tracking/lib/libbody_tracking__rosidl_typesupport_cpp.so
-- Up-to-date: /home/robogait/azure_kinect_ws/install/body_tracking/share/body_tracking/environment/pythonpath.sh
-- Up-to-date: /home/robogait/azure_kinect_ws/install/body_tracking/share/body_tracking/environment/pythonpath.dsv
-- Up-to-date: /home/robogait/azure_kinect_ws/install/body_tracking/lib/python3.8/site-packages/body_tracking/__init__.py
-- Up-to-date: /home/robogait/azure_kinect_ws/install/body_tracking/lib/python3.8/site-packages/body_tracking/msg
-- Up-to-date: /home/robogait/azure_kinect_ws/install/body_tracking/lib/python3.8/site-packages/body_tracking/msg/_hip_coordinates.py
-- Up-to-date: /home/robogait/azure_kinect_ws/install/body_tracking/lib/python3.8/site-packages/body_tracking/msg/_num_s.c
-- Up-to-date: /home/robogait/azure_kinect_ws/install/body_tracking/lib/python3.8/site-packages/body_tracking/msg/_hip_coordinates_s.c
-- Up-to-date: /home/robogait/azure_kinect_ws/install/body_tracking/lib/python3.8/site-packages/body_tracking/msg/__init__.py
-- Up-to-date: /home/robogait/azure_kinect_ws/install/body_tracking/lib/python3.8/site-packages/body_tracking/msg/_num.py
-- Up-to-date: /home/robogait/azure_kinect_ws/install/body_tracking/lib/python3.8/site-packages/body_tracking/body_tracking_s__rosidl_typesupport_fastrtps_c.cpython-38-x86_64-linux-gnu.so
-- Up-to-date: /home/robogait/azure_kinect_ws/install/body_tracking/lib/python3.8/site-packages/body_tracking/body_tracking_s__rosidl_typesupport_introspection_c.cpython-38-x86_64-linux-gnu.so
-- Up-to-date: /home/robogait/azure_kinect_ws/install/body_tracking/lib/python3.8/site-packages/body_tracking/body_tracking_s__rosidl_typesupport_c.cpython-38-x86_64-linux-gnu.so
-- Up-to-date: /home/robogait/azure_kinect_ws/install/body_tracking/lib/libbody_tracking__python.so
-- Up-to-date: /home/robogait/azure_kinect_ws/install/body_tracking/share/body_tracking/msg/HipCoordinates.idl
-- Up-to-date: /home/robogait/azure_kinect_ws/install/body_tracking/share/body_tracking/msg/HipCoordinates.msg
-- Up-to-date: /home/robogait/azure_kinect_ws/install/body_tracking/share/ament_index/resource_index/package_run_dependencies/body_tracking
-- Up-to-date: /home/robogait/azure_kinect_ws/install/body_tracking/share/ament_index/resource_index/parent_prefix_path/body_tracking
-- Up-to-date: /home/robogait/azure_kinect_ws/install/body_tracking/share/body_tracking/environment/ament_prefix_path.sh
-- Up-to-date: /home/robogait/azure_kinect_ws/install/body_tracking/share/body_tracking/environment/ament_prefix_path.dsv
-- Up-to-date: /home/robogait/azure_kinect_ws/install/body_tracking/share/body_tracking/environment/path.sh
-- Up-to-date: /home/robogait/azure_kinect_ws/install/body_tracking/share/body_tracking/environment/path.dsv
-- Up-to-date: /home/robogait/azure_kinect_ws/install/body_tracking/share/body_tracking/local_setup.bash
-- Up-to-date: /home/robogait/azure_kinect_ws/install/body_tracking/share/body_tracking/local_setup.sh
-- Up-to-date: /home/robogait/azure_kinect_ws/install/body_tracking/share/body_tracking/local_setup.zsh
-- Up-to-date: /home/robogait/azure_kinect_ws/install/body_tracking/share/body_tracking/local_setup.dsv
-- Installing: /home/robogait/azure_kinect_ws/install/body_tracking/share/body_tracking/package.dsv
-- Up-to-date: /home/robogait/azure_kinect_ws/install/body_tracking/share/ament_index/resource_index/packages/body_tracking
-- Up-to-date: /home/robogait/azure_kinect_ws/install/body_tracking/share/body_tracking/cmake/body_tracking__rosidl_generator_cExport.cmake
-- Up-to-date: /home/robogait/azure_kinect_ws/install/body_tracking/share/body_tracking/cmake/body_tracking__rosidl_generator_cExport-noconfig.cmake
-- Up-to-date: /home/robogait/azure_kinect_ws/install/body_tracking/share/body_tracking/cmake/body_tracking__rosidl_typesupport_introspection_cExport.cmake
-- Up-to-date: /home/robogait/azure_kinect_ws/install/body_tracking/share/body_tracking/cmake/body_tracking__rosidl_typesupport_introspection_cExport-noconfig.cmake
-- Up-to-date: /home/robogait/azure_kinect_ws/install/body_tracking/share/body_tracking/cmake/body_tracking__rosidl_typesupport_cExport.cmake
-- Up-to-date: /home/robogait/azure_kinect_ws/install/body_tracking/share/body_tracking/cmake/body_tracking__rosidl_typesupport_cExport-noconfig.cmake
-- Up-to-date: /home/robogait/azure_kinect_ws/install/body_tracking/share/body_tracking/cmake/body_tracking__rosidl_generator_cppExport.cmake
-- Up-to-date: /home/robogait/azure_kinect_ws/install/body_tracking/share/body_tracking/cmake/body_tracking__rosidl_typesupport_introspection_cppExport.cmake
-- Up-to-date: /home/robogait/azure_kinect_ws/install/body_tracking/share/body_tracking/cmake/body_tracking__rosidl_typesupport_introspection_cppExport-noconfig.cmake
-- Up-to-date: /home/robogait/azure_kinect_ws/install/body_tracking/share/body_tracking/cmake/body_tracking__rosidl_typesupport_cppExport.cmake
-- Up-to-date: /home/robogait/azure_kinect_ws/install/body_tracking/share/body_tracking/cmake/body_tracking__rosidl_typesupport_cppExport-noconfig.cmake
-- Up-to-date: /home/robogait/azure_kinect_ws/install/body_tracking/share/body_tracking/cmake/rosidl_cmake-extras.cmake
-- Up-to-date: /home/robogait/azure_kinect_ws/install/body_tracking/share/body_tracking/cmake/ament_cmake_export_dependencies-extras.cmake
-- Up-to-date: /home/robogait/azure_kinect_ws/install/body_tracking/share/body_tracking/cmake/ament_cmake_export_libraries-extras.cmake
-- Up-to-date: /home/robogait/azure_kinect_ws/install/body_tracking/share/body_tracking/cmake/ament_cmake_export_targets-extras.cmake
-- Up-to-date: /home/robogait/azure_kinect_ws/install/body_tracking/share/body_tracking/cmake/ament_cmake_export_include_directories-extras.cmake
-- Up-to-date: /home/robogait/azure_kinect_ws/install/body_tracking/share/body_tracking/cmake/rosidl_cmake_export_typesupport_libraries-extras.cmake
-- Up-to-date: /home/robogait/azure_kinect_ws/install/body_tracking/share/body_tracking/cmake/rosidl_cmake_export_typesupport_targets-extras.cmake
-- Up-to-date: /home/robogait/azure_kinect_ws/install/body_tracking/share/body_tracking/cmake/body_trackingConfig.cmake
-- Up-to-date: /home/robogait/azure_kinect_ws/install/body_tracking/share/body_tracking/cmake/body_trackingConfig-version.cmake
-- Up-to-date: /home/robogait/azure_kinect_ws/install/body_tracking/share/body_tracking/package.xml
