[ 10%] Built target body_tracking__rosidl_generator_c
[ 13%] Built target body_tracking_node
[ 16%] [32mBuilding CXX object CMakeFiles/listener.dir/src/subscriber_member_function.cpp.o[0m
[ 18%] Built target body_tracking__cpp
[ 21%] [32mBuilding CXX object CMakeFiles/talker.dir/src/publisher_member_function.cpp.o[0m
[ 29%] Built target body_tracking__rosidl_typesupport_c
[ 37%] Built target body_tracking__rosidl_typesupport_introspection_c
[ 45%] Built target body_tracking__rosidl_typesupport_introspection_cpp
[ 54%] Built target body_tracking__rosidl_typesupport_cpp
[ 62%] Built target body_tracking__rosidl_typesupport_fastrtps_cpp
[ 70%] Built target body_tracking__rosidl_typesupport_fastrtps_c
[ 70%] Built target body_tracking
[ 72%] Built target body_tracking__py
[ 78%] Built target body_tracking__python
[ 83%] Built target body_tracking__rosidl_typesupport_fastrtps_c__pyext
[ 89%] Built target body_tracking__rosidl_typesupport_introspection_c__pyext
[ 94%] Built target body_tracking__rosidl_typesupport_c__pyext
In file included from [01m[K/opt/ros/foxy/include/rclcpp/client.hpp:40[m[K,
                 from [01m[K/opt/ros/foxy/include/rclcpp/callback_group.hpp:23[m[K,
                 from [01m[K/opt/ros/foxy/include/rclcpp/any_executable.hpp:20[m[K,
                 from [01m[K/opt/ros/foxy/include/rclcpp/memory_strategy.hpp:24[m[K,
                 from [01m[K/opt/ros/foxy/include/rclcpp/memory_strategies.hpp:18[m[K,
                 from [01m[K/opt/ros/foxy/include/rclcpp/executor_options.hpp:20[m[K,
                 from [01m[K/opt/ros/foxy/include/rclcpp/executor.hpp:33[m[K,
                 from [01m[K/opt/ros/foxy/include/rclcpp/executors/multi_threaded_executor.hpp:26[m[K,
                 from [01m[K/opt/ros/foxy/include/rclcpp/executors.hpp:21[m[K,
                 from [01m[K/opt/ros/foxy/include/rclcpp/rclcpp.hpp:146[m[K,
                 from [01m[K/home/robogait/azure_kinect_ws/src/body_tracking/src/subscriber_member_function.cpp:3[m[K:
[01m[K/home/robogait/azure_kinect_ws/src/body_tracking/src/subscriber_member_function.cpp:[m[K In member function ‘[01m[Kvoid MinimalSubscriber::topic_callback(body_tracking::msg::HipCoordinates_<std::allocator<void> >::SharedPtr) const[m[K’:
[01m[K/home/robogait/azure_kinect_ws/src/body_tracking/src/subscriber_member_function.cpp:22:106:[m[K [01;31m[Kerror: [m[K‘[01m[Kusing element_type = struct body_tracking::msg::HipCoordinates_<std::allocator<void> >[m[K’ {aka ‘[01m[Kstruct body_tracking::msg::HipCoordinates_<std::allocator<void> >[m[K’} has no member named ‘[01m[Ky[m[K’
   22 |     RCLCPP_INFO(this->get_logger(), "I heard hip coordinates: x->'%f' ; y->'%f' ; z->'%f'", msg->x, msg->[01;31m[Ky[m[K, msg->z);
      |                                                                                                          [01;31m[K^[m[K
[01m[K/home/robogait/azure_kinect_ws/src/body_tracking/src/subscriber_member_function.cpp:22:114:[m[K [01;31m[Kerror: [m[K‘[01m[Kusing element_type = struct body_tracking::msg::HipCoordinates_<std::allocator<void> >[m[K’ {aka ‘[01m[Kstruct body_tracking::msg::HipCoordinates_<std::allocator<void> >[m[K’} has no member named ‘[01m[Kz[m[K’
   22 |     RCLCPP_INFO(this->get_logger(), "I heard hip coordinates: x->'%f' ; y->'%f' ; z->'%f'", msg->x, msg->y, msg->[01;31m[Kz[m[K);
      |                                                                                                                  [01;31m[K^[m[K
[01m[K/home/robogait/azure_kinect_ws/src/body_tracking/src/publisher_member_function.cpp:[m[K In member function ‘[01m[Kvoid MinimalPublisher::timer_callback()[m[K’:
[01m[K/home/robogait/azure_kinect_ws/src/body_tracking/src/publisher_member_function.cpp:26:13:[m[K [01;31m[Kerror: [m[K‘[01m[Kstruct body_tracking::msg::HipCoordinates_<std::allocator<void> >[m[K’ has no member named ‘[01m[Ky[m[K’
   26 |     message.[01;31m[Ky[m[K = 1;
      |             [01;31m[K^[m[K
[01m[K/home/robogait/azure_kinect_ws/src/body_tracking/src/publisher_member_function.cpp:27:13:[m[K [01;31m[Kerror: [m[K‘[01m[Kstruct body_tracking::msg::HipCoordinates_<std::allocator<void> >[m[K’ has no member named ‘[01m[Kz[m[K’
   27 |     message.[01;31m[Kz[m[K = 1;
      |             [01;31m[K^[m[K
In file included from [01m[K/opt/ros/foxy/include/rclcpp/client.hpp:40[m[K,
                 from [01m[K/opt/ros/foxy/include/rclcpp/callback_group.hpp:23[m[K,
                 from [01m[K/opt/ros/foxy/include/rclcpp/any_executable.hpp:20[m[K,
                 from [01m[K/opt/ros/foxy/include/rclcpp/memory_strategy.hpp:24[m[K,
                 from [01m[K/opt/ros/foxy/include/rclcpp/memory_strategies.hpp:18[m[K,
                 from [01m[K/opt/ros/foxy/include/rclcpp/executor_options.hpp:20[m[K,
                 from [01m[K/opt/ros/foxy/include/rclcpp/executor.hpp:33[m[K,
                 from [01m[K/opt/ros/foxy/include/rclcpp/executors/multi_threaded_executor.hpp:26[m[K,
                 from [01m[K/opt/ros/foxy/include/rclcpp/executors.hpp:21[m[K,
                 from [01m[K/opt/ros/foxy/include/rclcpp/rclcpp.hpp:146[m[K,
                 from [01m[K/home/robogait/azure_kinect_ws/src/body_tracking/src/publisher_member_function.cpp:4[m[K:
[01m[K/home/robogait/azure_kinect_ws/src/body_tracking/src/publisher_member_function.cpp:28:115:[m[K [01;31m[Kerror: [m[K‘[01m[Kstruct body_tracking::msg::HipCoordinates_<std::allocator<void> >[m[K’ has no member named ‘[01m[Ky[m[K’
   28 |     RCLCPP_INFO(this->get_logger(), "Publishing hip coordinates: x->'%f' ; y->'%f' ; z->'%f'", message.x, message.[01;31m[Ky[m[K, message.z);
      |                                                                                                                   [01;31m[K^[m[K
[01m[K/home/robogait/azure_kinect_ws/src/body_tracking/src/publisher_member_function.cpp:28:126:[m[K [01;31m[Kerror: [m[K‘[01m[Kstruct body_tracking::msg::HipCoordinates_<std::allocator<void> >[m[K’ has no member named ‘[01m[Kz[m[K’
   28 |     RCLCPP_INFO(this->get_logger(), "Publishing hip coordinates: x->'%f' ; y->'%f' ; z->'%f'", message.x, message.y, message.[01;31m[Kz[m[K);
      |                                                                                                                              [01;31m[K^[m[K
make[2]: *** [CMakeFiles/talker.dir/build.make:63: CMakeFiles/talker.dir/src/publisher_member_function.cpp.o] Error 1
make[1]: *** [CMakeFiles/Makefile2:323: CMakeFiles/talker.dir/all] Error 2
make[1]: *** Waiting for unfinished jobs....
make[2]: *** [CMakeFiles/listener.dir/build.make:63: CMakeFiles/listener.dir/src/subscriber_member_function.cpp.o] Error 1
make[1]: *** [CMakeFiles/Makefile2:296: CMakeFiles/listener.dir/all] Error 2
make: *** [Makefile:141: all] Error 2
