[35m[1mScanning dependencies of target prueba_talker[0m
[  2%] Built target body_tracking__cpp
[  7%] Built target body_tracking_node
[ 15%] Built target body_tracking__rosidl_generator_c
[ 25%] Built target talker
[ 25%] Built target listener
[ 28%] [32mBuilding CXX object CMakeFiles/prueba_talker.dir/src/main.cpp.o[0m
[ 35%] Built target body_tracking__rosidl_typesupport_cpp
[ 43%] Built target body_tracking__rosidl_typesupport_c
[ 58%] Built target body_tracking__rosidl_typesupport_introspection_c
[ 58%] Built target body_tracking__rosidl_typesupport_introspection_cpp
[ 66%] Built target body_tracking__rosidl_typesupport_fastrtps_cpp
[ 74%] Built target body_tracking__rosidl_typesupport_fastrtps_c
[ 74%] Built target body_tracking
[ 76%] Built target body_tracking__py
[ 82%] Built target body_tracking__python
[ 97%] Built target body_tracking__rosidl_typesupport_fastrtps_c__pyext
[ 97%] Built target body_tracking__rosidl_typesupport_c__pyext
[ 97%] Built target body_tracking__rosidl_typesupport_introspection_c__pyext
[100%] [32m[1mLinking CXX executable prueba_talker[0m
/usr/bin/ld: cannot find -lbody_tracking::hip_coordinates
collect2: error: ld returned 1 exit status
make[2]: *** [CMakeFiles/prueba_talker.dir/build.make:136: prueba_talker] Error 1
make[1]: *** [CMakeFiles/Makefile2:325: CMakeFiles/prueba_talker.dir/all] Error 2
make: *** [Makefile:141: all] Error 2
