[0.010s] Invoking command in '/home/robogait/azure_kinect_ws/build/body_tracking': CMAKE_PREFIX_PATH=${CMAKE_PREFIX_PATH}:/home/robogait/ros2_serial/install/ourbotmanager:/opt/ros/foxy /usr/bin/cmake --build /home/robogait/azure_kinect_ws/build/body_tracking -- -j8 -l8
[0.040s] [35m[1mScanning dependencies of target prueba_talker[0m
[0.048s] [  2%] Built target body_tracking__cpp
[0.048s] [  7%] Built target body_tracking_node
[0.049s] [ 15%] Built target body_tracking__rosidl_generator_c
[0.051s] [ 25%] Built target talker
[0.051s] [ 25%] Built target listener
[0.057s] [ 28%] [32mBuilding CXX object CMakeFiles/prueba_talker.dir/src/main.cpp.o[0m
[0.065s] [ 35%] Built target body_tracking__rosidl_typesupport_cpp
[0.066s] [ 43%] Built target body_tracking__rosidl_typesupport_c
[0.067s] [ 58%] Built target body_tracking__rosidl_typesupport_introspection_c
[0.067s] [ 58%] Built target body_tracking__rosidl_typesupport_introspection_cpp
[0.070s] [ 66%] Built target body_tracking__rosidl_typesupport_fastrtps_cpp
[0.086s] [ 74%] Built target body_tracking__rosidl_typesupport_fastrtps_c
[0.099s] [ 74%] Built target body_tracking
[0.112s] [ 76%] Built target body_tracking__py
[0.130s] [ 82%] Built target body_tracking__python
[0.147s] [ 97%] Built target body_tracking__rosidl_typesupport_fastrtps_c__pyext
[0.147s] [ 97%] Built target body_tracking__rosidl_typesupport_c__pyext
[0.148s] [ 97%] Built target body_tracking__rosidl_typesupport_introspection_c__pyext
[1.851s] [100%] [32m[1mLinking CXX executable prueba_talker[0m
[1.916s] /usr/bin/ld: cannot find -lbody_tracking::hip_coordinates
[1.916s] collect2: error: ld returned 1 exit status
[1.917s] make[2]: *** [CMakeFiles/prueba_talker.dir/build.make:136: prueba_talker] Error 1
[1.917s] make[1]: *** [CMakeFiles/Makefile2:325: CMakeFiles/prueba_talker.dir/all] Error 2
[1.917s] make: *** [Makefile:141: all] Error 2
[1.919s] Invoked command in '/home/robogait/azure_kinect_ws/build/body_tracking' returned '2': CMAKE_PREFIX_PATH=${CMAKE_PREFIX_PATH}:/home/robogait/ros2_serial/install/ourbotmanager:/opt/ros/foxy /usr/bin/cmake --build /home/robogait/azure_kinect_ws/build/body_tracking -- -j8 -l8
