[100%] Built target body_tracking_recording_node
[100%] Built target body_tracking_node
-- Install configuration: ""
-- Execute custom install script
-- Up-to-date symlink: /home/robogait/azure_kinect_ws/install/body_tracking/lib/body_tracking/body_tracking_node
-- Up-to-date symlink: /home/robogait/azure_kinect_ws/install/body_tracking/lib/body_tracking/body_tracking_recording_node
-- Up-to-date symlink: /home/robogait/azure_kinect_ws/install/body_tracking/lib/body_tracking/body_tracking_node
-- Up-to-date symlink: /home/robogait/azure_kinect_ws/install/body_tracking/lib/body_tracking/body_tracking_recording_node
-- Up-to-date symlink: /home/robogait/azure_kinect_ws/install/body_tracking/share/ament_index/resource_index/package_run_dependencies/body_tracking
-- Up-to-date symlink: /home/robogait/azure_kinect_ws/install/body_tracking/share/ament_index/resource_index/parent_prefix_path/body_tracking
-- Up-to-date symlink: /home/robogait/azure_kinect_ws/install/body_tracking/share/body_tracking/environment/ament_prefix_path.sh
-- Up-to-date symlink: /home/robogait/azure_kinect_ws/install/body_tracking/share/body_tracking/environment/ament_prefix_path.dsv
-- Up-to-date symlink: /home/robogait/azure_kinect_ws/install/body_tracking/share/body_tracking/environment/path.sh
-- Up-to-date symlink: /home/robogait/azure_kinect_ws/install/body_tracking/share/body_tracking/environment/path.dsv
-- Up-to-date symlink: /home/robogait/azure_kinect_ws/install/body_tracking/share/body_tracking/local_setup.bash
-- Up-to-date symlink: /home/robogait/azure_kinect_ws/install/body_tracking/share/body_tracking/local_setup.sh
-- Up-to-date symlink: /home/robogait/azure_kinect_ws/install/body_tracking/share/body_tracking/local_setup.zsh
-- Up-to-date symlink: /home/robogait/azure_kinect_ws/install/body_tracking/share/body_tracking/local_setup.dsv
-- Symlinking: /home/robogait/azure_kinect_ws/install/body_tracking/share/body_tracking/package.dsv
-- Up-to-date symlink: /home/robogait/azure_kinect_ws/install/body_tracking/share/ament_index/resource_index/packages/body_tracking
-- Up-to-date symlink: /home/robogait/azure_kinect_ws/install/body_tracking/share/body_tracking/cmake/body_trackingConfig.cmake
-- Up-to-date symlink: /home/robogait/azure_kinect_ws/install/body_tracking/share/body_tracking/cmake/body_trackingConfig-version.cmake
-- Up-to-date symlink: /home/robogait/azure_kinect_ws/install/body_tracking/share/body_tracking/package.xml
