[0.008s] Invoking command in '/home/robogait/azure_kinect_ws/build/body_tracking': /usr/bin/cmake --build /home/robogait/azure_kinect_ws/build/body_tracking -- -j8 -l8
[0.025s] -- Found ament_cmake: 0.9.9 (/opt/ros/foxy/share/ament_cmake/cmake)
[0.039s] -- Found PythonInterp: /usr/bin/python3 (found suitable version "3.8.10", minimum required is "3") 
[0.039s] -- Using PYTHON_EXECUTABLE: /usr/bin/python3
[0.126s] Traceback (most recent call last):
[0.126s]   File "/opt/ros/foxy/share/ament_cmake_core/cmake/package_templates/templates_2_cmake.py", line 21, in <module>
[0.126s]     from ament_package.templates import get_environment_hook_template_path
[0.126s] ModuleNotFoundError: No module named 'ament_package'
[0.140s] CMake Error at /opt/ros/foxy/share/ament_cmake_core/cmake/ament_cmake_package_templates-extras.cmake:41 (message):
[0.141s]   execute_process(/usr/bin/python3
[0.141s]   /opt/ros/foxy/share/ament_cmake_core/cmake/package_templates/templates_2_cmake.py
[0.141s]   /home/robogait/azure_kinect_ws/build/body_tracking/ament_cmake_package_templates/templates.cmake)
[0.141s]   returned error code 1
[0.141s] Call Stack (most recent call first):
[0.141s]   /opt/ros/foxy/share/ament_cmake_core/cmake/ament_cmake_coreConfig.cmake:41 (include)
[0.141s]   /opt/ros/foxy/share/ament_cmake/cmake/ament_cmake_export_dependencies-extras.cmake:15 (find_package)
[0.141s]   /opt/ros/foxy/share/ament_cmake/cmake/ament_cmakeConfig.cmake:41 (include)
[0.141s]   CMakeLists.txt:20 (find_package)
[0.141s] 
[0.141s] 
[0.141s] -- Configuring incomplete, errors occurred!
[0.141s] See also "/home/robogait/azure_kinect_ws/build/body_tracking/CMakeFiles/CMakeOutput.log".
[0.141s] See also "/home/robogait/azure_kinect_ws/build/body_tracking/CMakeFiles/CMakeError.log".
[0.142s] make: *** [Makefile:924: cmake_check_build_system] Error 1
[0.144s] Invoked command in '/home/robogait/azure_kinect_ws/build/body_tracking' returned '2': /usr/bin/cmake --build /home/robogait/azure_kinect_ws/build/body_tracking -- -j8 -l8
