[0.010s] Invoking command in '/home/robogait/azure_kinect_ws/build/body_tracking': CMAKE_PREFIX_PATH=${CMAKE_PREFIX_PATH}:/home/robogait/ros2_serial/install/ourbotmanager:/opt/ros/foxy /usr/bin/cmake --build /home/robogait/azure_kinect_ws/build/body_tracking -- -j8 -l8
[0.029s] -- Found ament_cmake: 0.9.9 (/opt/ros/foxy/share/ament_cmake/cmake)
[0.043s] -- Found PythonInterp: /usr/bin/python3 (found suitable version "3.8.10", minimum required is "3") 
[0.043s] -- Using PYTHON_EXECUTABLE: /usr/bin/python3
[0.144s] -- Found rclcpp: 2.4.1 (/opt/ros/foxy/share/rclcpp/cmake)
[0.164s] -- Using all available rosidl_typesupport_c: rosidl_typesupport_fastrtps_c;rosidl_typesupport_introspection_c
[0.166s] -- Found rosidl_adapter: 1.2.1 (/opt/ros/foxy/share/rosidl_adapter/cmake)
[0.239s] -- Using all available rosidl_typesupport_cpp: rosidl_typesupport_fastrtps_cpp;rosidl_typesupport_introspection_cpp
[0.269s] -- Found rmw_implementation_cmake: 1.0.3 (/opt/ros/foxy/share/rmw_implementation_cmake/cmake)
[0.270s] -- Using RMW implementation 'rmw_fastrtps_cpp' as default
[0.355s] -- Found body_tracking: 0.0.0 (/home/robogait/azure_kinect_ws/install/body_tracking/share/body_tracking/cmake)
[0.359s] -- Found rosidl_default_generators: 1.0.1 (/opt/ros/foxy/share/rosidl_default_generators/cmake)
[0.380s] -- Found PythonInterp: /usr/bin/python3 (found version "3.8.10") 
[0.449s] -- Found ament_cmake_ros: 0.9.2 (/opt/ros/foxy/share/ament_cmake_ros/cmake)
[0.505s] -- Using all available rosidl_typesupport_c: rosidl_typesupport_fastrtps_c;rosidl_typesupport_introspection_c
[0.508s] -- Using all available rosidl_typesupport_cpp: rosidl_typesupport_fastrtps_cpp;rosidl_typesupport_introspection_cpp
[0.523s] -- Found PythonInterp: /usr/bin/python3 (found suitable version "3.8.10", minimum required is "3.5") 
[0.523s] -- Found python_cmake_module: 0.8.1 (/opt/ros/foxy/share/python_cmake_module/cmake)
[0.538s] -- Using PYTHON_EXECUTABLE: /usr/bin/python3
[0.538s] -- Using PYTHON_INCLUDE_DIRS: /usr/include/python3.8
[0.538s] -- Using PYTHON_LIBRARIES: /usr/lib/x86_64-linux-gnu/libpython3.8.so
[0.546s] -- Found ament_lint_auto: 0.9.6 (/opt/ros/foxy/share/ament_lint_auto/cmake)
[0.552s] -- Added test 'copyright' to check source files copyright and LICENSE
[0.552s] -- Added test 'cppcheck' to perform static code analysis on C / C++ code
[0.553s] -- Configured cppcheck include dirs: $<BUILD_INTERFACE:/home/robogait/azure_kinect_ws/src/body_tracking/include>
[0.553s] -- Configured cppcheck exclude dirs and/or files: 
[0.554s] -- Added test 'cpplint' to check C / C++ code against the Google style
[0.554s] -- Configured cpplint exclude dirs and/or files: 
[0.554s] -- Added test 'lint_cmake' to check CMake code style
[0.555s] -- Added test 'uncrustify' to check C / C++ code style
[0.555s] -- Configured uncrustify additional arguments: 
[0.555s] -- Added test 'xmllint' to check XML markup files
[0.557s] -- Configuring done
[0.578s] -- Generating done
[0.580s] -- Build files have been written to: /home/robogait/azure_kinect_ws/build/body_tracking
[0.605s] [  5%] Built target body_tracking_node
[0.607s] [  7%] Built target body_tracking__cpp
[0.608s] [ 15%] Built target body_tracking__rosidl_generator_c
[0.609s] [ 20%] Built target listener
[0.611s] [ 25%] Built target talker
[0.612s] [ 28%] [32m[1mLinking CXX executable prueba_talker[0m
[0.623s] [ 35%] Built target body_tracking__rosidl_typesupport_introspection_cpp
[0.624s] [ 43%] Built target body_tracking__rosidl_typesupport_cpp
[0.624s] [ 51%] Built target body_tracking__rosidl_typesupport_introspection_c
[0.625s] [ 58%] Built target body_tracking__rosidl_typesupport_c
[0.626s] [ 66%] Built target body_tracking__rosidl_typesupport_fastrtps_cpp
[0.641s] /usr/bin/ld: cannot find -lhip_coordinates
[0.641s] collect2: error: ld returned 1 exit status
[0.642s] make[2]: *** [CMakeFiles/prueba_talker.dir/build.make:131: prueba_talker] Error 1
[0.642s] make[1]: *** [CMakeFiles/Makefile2:325: CMakeFiles/prueba_talker.dir/all] Error 2
[0.642s] make[1]: *** Waiting for unfinished jobs....
[0.644s] [ 74%] Built target body_tracking__rosidl_typesupport_fastrtps_c
[0.644s] make: *** [Makefile:141: all] Error 2
[0.646s] Invoked command in '/home/robogait/azure_kinect_ws/build/body_tracking' returned '2': CMAKE_PREFIX_PATH=${CMAKE_PREFIX_PATH}:/home/robogait/ros2_serial/install/ourbotmanager:/opt/ros/foxy /usr/bin/cmake --build /home/robogait/azure_kinect_ws/build/body_tracking -- -j8 -l8
