-- Found ament_cmake: 0.9.9 (/opt/ros/foxy/share/ament_cmake/cmake)
-- Using PYTHON_EXECUTABLE: /usr/bin/python3
-- Found ament_lint_auto: 0.9.6 (/opt/ros/foxy/share/ament_lint_auto/cmake)
-- Added test 'copyright' to check source files copyright and LICENSE
-- Added test 'lint_cmake' to check CMake code style
-- Added test 'xmllint' to check XML markup files
-- Configuring done
-- Generating done
-- Build files have been written to: /home/robogait/azure_kinect_ws/build/kinect_azure_body_tracker
-- Install configuration: ""
-- Installing: /home/robogait/azure_kinect_ws/install/kinect_azure_body_tracker/share/ament_index/resource_index/package_run_dependencies/kinect_azure_body_tracker
-- Up-to-date: /home/robogait/azure_kinect_ws/install/kinect_azure_body_tracker/share/ament_index/resource_index/parent_prefix_path/kinect_azure_body_tracker
-- Up-to-date: /home/robogait/azure_kinect_ws/install/kinect_azure_body_tracker/share/kinect_azure_body_tracker/environment/ament_prefix_path.sh
-- Installing: /home/robogait/azure_kinect_ws/install/kinect_azure_body_tracker/share/kinect_azure_body_tracker/environment/ament_prefix_path.dsv
-- Up-to-date: /home/robogait/azure_kinect_ws/install/kinect_azure_body_tracker/share/kinect_azure_body_tracker/environment/path.sh
-- Installing: /home/robogait/azure_kinect_ws/install/kinect_azure_body_tracker/share/kinect_azure_body_tracker/environment/path.dsv
-- Up-to-date: /home/robogait/azure_kinect_ws/install/kinect_azure_body_tracker/share/kinect_azure_body_tracker/local_setup.bash
-- Up-to-date: /home/robogait/azure_kinect_ws/install/kinect_azure_body_tracker/share/kinect_azure_body_tracker/local_setup.sh
-- Up-to-date: /home/robogait/azure_kinect_ws/install/kinect_azure_body_tracker/share/kinect_azure_body_tracker/local_setup.zsh
-- Installing: /home/robogait/azure_kinect_ws/install/kinect_azure_body_tracker/share/kinect_azure_body_tracker/local_setup.dsv
-- Installing: /home/robogait/azure_kinect_ws/install/kinect_azure_body_tracker/share/kinect_azure_body_tracker/package.dsv
-- Up-to-date: /home/robogait/azure_kinect_ws/install/kinect_azure_body_tracker/share/ament_index/resource_index/packages/kinect_azure_body_tracker
-- Up-to-date: /home/robogait/azure_kinect_ws/install/kinect_azure_body_tracker/share/kinect_azure_body_tracker/cmake/kinect_azure_body_trackerConfig.cmake
-- Up-to-date: /home/robogait/azure_kinect_ws/install/kinect_azure_body_tracker/share/kinect_azure_body_tracker/cmake/kinect_azure_body_trackerConfig-version.cmake
-- Installing: /home/robogait/azure_kinect_ws/install/kinect_azure_body_tracker/share/kinect_azure_body_tracker/package.xml
