[0.013s] Invoking command in '/home/robogait/catkin_ws/build/pkg_navigation': CMAKE_PREFIX_PATH=${CMAKE_PREFIX_PATH}:/home/robogait/nav2_ws/install/nav2_gazebo_spawner:/home/robogait/ros2_serial/install/ourbotmanager:/home/robogait/ros2_ws/install/nav2_project:/opt/ros/foxy /bin/cmake --build /home/robogait/catkin_ws/build/pkg_navigation -- -j8 -l8
[0.063s] [35m[1mScanning dependencies of target robot_controller[0m
[0.089s] [ 27%] Built target tf2_broadcaster_person
[0.089s] [ 27%] Built target tf2_broadcaster_camera
[0.091s] [ 27%] Built target robot_odom_tf2_listener
[0.092s] [ 36%] Built target publisher_subscriber
[0.092s] [ 45%] Built target robot_controller_position
[0.092s] [ 54%] Built target tf2_broadcaster
[0.100s] [ 63%] Built target publisher_initial_pose
[0.101s] [ 68%] [32mBuilding CXX object CMakeFiles/robot_controller.dir/src/robot_controller.cpp.o[0m
[0.129s] [ 95%] Built target robot_controller_straight
[0.129s] [ 95%] Built target camera_controller
[0.129s] [ 95%] Built target person_odom_tf2_listener
[5.101s] [100%] [32m[1mLinking CXX executable robot_controller[0m
[5.351s] [100%] Built target robot_controller
[5.361s] Invoked command in '/home/robogait/catkin_ws/build/pkg_navigation' returned '0': CMAKE_PREFIX_PATH=${CMAKE_PREFIX_PATH}:/home/robogait/nav2_ws/install/nav2_gazebo_spawner:/home/robogait/ros2_serial/install/ourbotmanager:/home/robogait/ros2_ws/install/nav2_project:/opt/ros/foxy /bin/cmake --build /home/robogait/catkin_ws/build/pkg_navigation -- -j8 -l8
[5.435s] Invoking command in '/home/robogait/catkin_ws/build/pkg_navigation': CMAKE_PREFIX_PATH=${CMAKE_PREFIX_PATH}:/home/robogait/nav2_ws/install/nav2_gazebo_spawner:/home/robogait/ros2_serial/install/ourbotmanager:/home/robogait/ros2_ws/install/nav2_project:/opt/ros/foxy /bin/cmake --install /home/robogait/catkin_ws/build/pkg_navigation
[5.442s] -- Install configuration: ""
[5.443s] -- Execute custom install script
[5.443s] -- Up-to-date symlink: /home/robogait/catkin_ws/install/pkg_navigation/lib/pkg_navigation/publisher_subscriber
[5.443s] -- Up-to-date symlink: /home/robogait/catkin_ws/install/pkg_navigation/lib/pkg_navigation/tf2_broadcaster
[5.443s] -- Up-to-date symlink: /home/robogait/catkin_ws/install/pkg_navigation/lib/pkg_navigation/publisher_initial_pose
[5.443s] -- Up-to-date symlink: /home/robogait/catkin_ws/install/pkg_navigation/lib/pkg_navigation/robot_odom_tf2_listener
[5.444s] -- Up-to-date symlink: /home/robogait/catkin_ws/install/pkg_navigation/lib/pkg_navigation/robot_controller
[5.444s] -- Up-to-date symlink: /home/robogait/catkin_ws/install/pkg_navigation/lib/pkg_navigation/robot_controller_position
[5.444s] -- Up-to-date symlink: /home/robogait/catkin_ws/install/pkg_navigation/lib/pkg_navigation/tf2_broadcaster_person
[5.444s] -- Up-to-date symlink: /home/robogait/catkin_ws/install/pkg_navigation/lib/pkg_navigation/tf2_broadcaster_camera
[5.444s] -- Up-to-date symlink: /home/robogait/catkin_ws/install/pkg_navigation/lib/pkg_navigation/person_odom_tf2_listener
[5.444s] -- Up-to-date symlink: /home/robogait/catkin_ws/install/pkg_navigation/lib/pkg_navigation/robot_controller_straight
[5.444s] -- Up-to-date symlink: /home/robogait/catkin_ws/install/pkg_navigation/lib/pkg_navigation/camera_controller
[5.445s] -- Up-to-date symlink: /home/robogait/catkin_ws/install/pkg_navigation/share/pkg_navigation/launch/__pycache__/turtlesim_mimic_launch.cpython-38.pyc
[5.445s] -- Up-to-date symlink: /home/robogait/catkin_ws/install/pkg_navigation/share/pkg_navigation/launch/person_state_publisher.py
[5.445s] -- Up-to-date symlink: /home/robogait/catkin_ws/install/pkg_navigation/share/pkg_navigation/launch/realsense_pointcloud_launch.py
[5.445s] -- Up-to-date symlink: /home/robogait/catkin_ws/install/pkg_navigation/share/pkg_navigation/launch/robogait_launch_states.py
[5.445s] -- Up-to-date symlink: /home/robogait/catkin_ws/install/pkg_navigation/share/pkg_navigation/launch/robogait_map_server_launch.py
[5.445s] -- Up-to-date symlink: /home/robogait/catkin_ws/install/pkg_navigation/share/pkg_navigation/launch/robogait_mapping_launch.py
[5.445s] -- Up-to-date symlink: /home/robogait/catkin_ws/install/pkg_navigation/share/pkg_navigation/launch/robogait_mapping_launch_test.py
[5.445s] -- Up-to-date symlink: /home/robogait/catkin_ws/install/pkg_navigation/share/pkg_navigation/launch/robogait_online_async_launch.py
[5.445s] -- Up-to-date symlink: /home/robogait/catkin_ws/install/pkg_navigation/share/pkg_navigation/launch/robogait_state_publisher.py
[5.445s] -- Up-to-date symlink: /home/robogait/catkin_ws/install/pkg_navigation/share/pkg_navigation/launch/robogait_straight.py
[5.446s] -- Up-to-date symlink: /home/robogait/catkin_ws/install/pkg_navigation/share/pkg_navigation/launch/rviz_launch.py
[5.446s] -- Up-to-date symlink: /home/robogait/catkin_ws/install/pkg_navigation/share/pkg_navigation/launch/teb_nav2_bringup_launch.py
[5.446s] -- Up-to-date symlink: /home/robogait/catkin_ws/install/pkg_navigation/share/pkg_navigation/launch/teb_tb3_simulation_launch.py
[5.446s] -- Up-to-date symlink: /home/robogait/catkin_ws/install/pkg_navigation/share/pkg_navigation/rviz/rviz_config.rviz
[5.446s] -- Up-to-date symlink: /home/robogait/catkin_ws/install/pkg_navigation/share/pkg_navigation/rviz/rviz_config_map_server.rviz
[5.446s] -- Up-to-date symlink: /home/robogait/catkin_ws/install/pkg_navigation/share/pkg_navigation/rviz/rviz_config_nav2_teb.rviz
[5.446s] -- Up-to-date symlink: /home/robogait/catkin_ws/install/pkg_navigation/share/pkg_navigation/config/map_server_params.yaml
[5.446s] -- Up-to-date symlink: /home/robogait/catkin_ws/install/pkg_navigation/share/pkg_navigation/config/mapper_params_online_async.yaml
[5.447s] -- Up-to-date symlink: /home/robogait/catkin_ws/install/pkg_navigation/share/pkg_navigation/config/nav2.yaml
[5.447s] -- Up-to-date symlink: /home/robogait/catkin_ws/install/pkg_navigation/share/pkg_navigation/config/nav2_params.yaml
[5.447s] -- Up-to-date symlink: /home/robogait/catkin_ws/install/pkg_navigation/share/pkg_navigation/config/teb_params (another copy).yaml
[5.447s] -- Up-to-date symlink: /home/robogait/catkin_ws/install/pkg_navigation/share/pkg_navigation/config/teb_params (copy).yaml
[5.447s] -- Up-to-date symlink: /home/robogait/catkin_ws/install/pkg_navigation/share/pkg_navigation/config/teb_params.yaml
[5.447s] -- Up-to-date symlink: /home/robogait/catkin_ws/install/pkg_navigation/share/pkg_navigation/maps/map.pgm
[5.447s] -- Up-to-date symlink: /home/robogait/catkin_ws/install/pkg_navigation/share/pkg_navigation/maps/map.yaml
[5.447s] -- Up-to-date symlink: /home/robogait/catkin_ws/install/pkg_navigation/share/pkg_navigation/maps/map_laboratory.pgm
[5.447s] -- Up-to-date symlink: /home/robogait/catkin_ws/install/pkg_navigation/share/pkg_navigation/maps/map_laboratory.yaml
[5.448s] -- Up-to-date symlink: /home/robogait/catkin_ws/install/pkg_navigation/share/ament_index/resource_index/package_run_dependencies/pkg_navigation
[5.448s] -- Up-to-date symlink: /home/robogait/catkin_ws/install/pkg_navigation/share/ament_index/resource_index/parent_prefix_path/pkg_navigation
[5.448s] -- Up-to-date symlink: /home/robogait/catkin_ws/install/pkg_navigation/share/pkg_navigation/environment/ament_prefix_path.sh
[5.448s] -- Up-to-date symlink: /home/robogait/catkin_ws/install/pkg_navigation/share/pkg_navigation/environment/ament_prefix_path.dsv
[5.448s] -- Up-to-date symlink: /home/robogait/catkin_ws/install/pkg_navigation/share/pkg_navigation/environment/path.sh
[5.448s] -- Up-to-date symlink: /home/robogait/catkin_ws/install/pkg_navigation/share/pkg_navigation/environment/path.dsv
[5.448s] -- Up-to-date symlink: /home/robogait/catkin_ws/install/pkg_navigation/share/pkg_navigation/local_setup.bash
[5.448s] -- Up-to-date symlink: /home/robogait/catkin_ws/install/pkg_navigation/share/pkg_navigation/local_setup.sh
[5.449s] -- Up-to-date symlink: /home/robogait/catkin_ws/install/pkg_navigation/share/pkg_navigation/local_setup.zsh
[5.449s] -- Up-to-date symlink: /home/robogait/catkin_ws/install/pkg_navigation/share/pkg_navigation/local_setup.dsv
[5.449s] -- Symlinking: /home/robogait/catkin_ws/install/pkg_navigation/share/pkg_navigation/package.dsv
[5.458s] -- Up-to-date symlink: /home/robogait/catkin_ws/install/pkg_navigation/share/ament_index/resource_index/packages/pkg_navigation
[5.458s] -- Up-to-date symlink: /home/robogait/catkin_ws/install/pkg_navigation/share/pkg_navigation/cmake/pkg_navigationConfig.cmake
[5.458s] -- Up-to-date symlink: /home/robogait/catkin_ws/install/pkg_navigation/share/pkg_navigation/cmake/pkg_navigationConfig-version.cmake
[5.458s] -- Up-to-date symlink: /home/robogait/catkin_ws/install/pkg_navigation/share/pkg_navigation/package.xml
[5.460s] Invoked command in '/home/robogait/catkin_ws/build/pkg_navigation' returned '0': CMAKE_PREFIX_PATH=${CMAKE_PREFIX_PATH}:/home/robogait/nav2_ws/install/nav2_gazebo_spawner:/home/robogait/ros2_serial/install/ourbotmanager:/home/robogait/ros2_ws/install/nav2_project:/opt/ros/foxy /bin/cmake --install /home/robogait/catkin_ws/build/pkg_navigation
