[0.078s] DEBUG:colcon:Command line arguments: ['/usr/bin/colcon', 'build']
[0.078s] DEBUG:colcon:Parsed command line arguments: Namespace(allow_overriding=[], ament_cmake_args=None, base_paths=['.'], build_base='build', catkin_cmake_args=None, catkin_skip_building_tests=False, cmake_args=None, cmake_clean_cache=False, cmake_clean_first=False, cmake_force_configure=False, cmake_target=None, cmake_target_skip_unavailable=False, continue_on_error=False, event_handlers=None, executor='parallel', ignore_user_meta=False, install_base='install', log_base=None, log_level=None, main=<bound method BuildVerb.main of <colcon_core.verb.build.BuildVerb object at 0x7f134912b1f0>>, merge_install=False, metas=['./colcon.meta'], packages_above=None, packages_above_and_dependencies=None, packages_above_depth=None, packages_end=None, packages_ignore=None, packages_ignore_regex=None, packages_select=None, packages_select_build_failed=False, packages_select_by_dep=None, packages_select_regex=None, packages_select_test_failures=False, packages_skip=None, packages_skip_build_finished=False, packages_skip_by_dep=None, packages_skip_regex=None, packages_skip_test_passed=False, packages_skip_up_to=None, packages_start=None, packages_up_to=None, packages_up_to_regex=None, parallel_workers=8, paths=None, symlink_install=False, test_result_base=None, verb_extension=<colcon_core.verb.build.BuildVerb object at 0x7f134912b1f0>, verb_name='build', verb_parser=<colcon_defaults.argument_parser.defaults.DefaultArgumentsDecorator object at 0x7f134912b730>)
[0.092s] Level 1:colcon.colcon_core.package_discovery:discover_packages(colcon_meta) check parameters
[0.092s] Level 1:colcon.colcon_core.package_discovery:discover_packages(recursive) check parameters
[0.092s] Level 1:colcon.colcon_core.package_discovery:discover_packages(ignore) check parameters
[0.092s] Level 1:colcon.colcon_core.package_discovery:discover_packages(path) check parameters
[0.092s] Level 1:colcon.colcon_core.package_discovery:discover_packages(colcon_meta) discover
[0.092s] Level 1:colcon.colcon_core.package_discovery:discover_packages(recursive) discover
[0.092s] INFO:colcon.colcon_core.package_discovery:Crawling recursively for packages in '/home/robogait/catkin_ws'
[0.092s] Level 1:colcon.colcon_core.package_identification:_identify(.) by extensions ['ignore', 'ignore_ament_install']
[0.092s] Level 1:colcon.colcon_core.package_identification:_identify(.) by extension 'ignore'
[0.092s] Level 1:colcon.colcon_core.package_identification:_identify(.) by extension 'ignore_ament_install'
[0.092s] Level 1:colcon.colcon_core.package_identification:_identify(.) by extensions ['colcon_pkg']
[0.092s] Level 1:colcon.colcon_core.package_identification:_identify(.) by extension 'colcon_pkg'
[0.092s] Level 1:colcon.colcon_core.package_identification:_identify(.) by extensions ['colcon_meta']
[0.092s] Level 1:colcon.colcon_core.package_identification:_identify(.) by extension 'colcon_meta'
[0.093s] Level 1:colcon.colcon_core.package_identification:_identify(.) by extensions ['ros']
[0.093s] Level 1:colcon.colcon_core.package_identification:_identify(.) by extension 'ros'
[0.100s] Level 1:colcon.colcon_core.package_identification:_identify(.) by extensions ['cmake', 'python']
[0.100s] Level 1:colcon.colcon_core.package_identification:_identify(.) by extension 'cmake'
[0.100s] Level 1:colcon.colcon_core.package_identification:_identify(.) by extension 'python'
[0.100s] Level 1:colcon.colcon_core.package_identification:_identify(.) by extensions ['python_setup_py']
[0.100s] Level 1:colcon.colcon_core.package_identification:_identify(.) by extension 'python_setup_py'
[0.100s] Level 1:colcon.colcon_core.package_identification:_identify(build) by extensions ['ignore', 'ignore_ament_install']
[0.100s] Level 1:colcon.colcon_core.package_identification:_identify(build) by extension 'ignore'
[0.100s] Level 1:colcon.colcon_core.package_identification:_identify(build) ignored
[0.100s] Level 1:colcon.colcon_core.package_identification:_identify(install) by extensions ['ignore', 'ignore_ament_install']
[0.100s] Level 1:colcon.colcon_core.package_identification:_identify(install) by extension 'ignore'
[0.100s] Level 1:colcon.colcon_core.package_identification:_identify(install) ignored
[0.100s] Level 1:colcon.colcon_core.package_identification:_identify(log) by extensions ['ignore', 'ignore_ament_install']
[0.100s] Level 1:colcon.colcon_core.package_identification:_identify(log) by extension 'ignore'
[0.100s] Level 1:colcon.colcon_core.package_identification:_identify(log) ignored
[0.100s] Level 1:colcon.colcon_core.package_identification:_identify(src) by extensions ['ignore', 'ignore_ament_install']
[0.100s] Level 1:colcon.colcon_core.package_identification:_identify(src) by extension 'ignore'
[0.100s] Level 1:colcon.colcon_core.package_identification:_identify(src) by extension 'ignore_ament_install'
[0.100s] Level 1:colcon.colcon_core.package_identification:_identify(src) by extensions ['colcon_pkg']
[0.100s] Level 1:colcon.colcon_core.package_identification:_identify(src) by extension 'colcon_pkg'
[0.100s] Level 1:colcon.colcon_core.package_identification:_identify(src) by extensions ['colcon_meta']
[0.100s] Level 1:colcon.colcon_core.package_identification:_identify(src) by extension 'colcon_meta'
[0.100s] Level 1:colcon.colcon_core.package_identification:_identify(src) by extensions ['ros']
[0.101s] Level 1:colcon.colcon_core.package_identification:_identify(src) by extension 'ros'
[0.101s] Level 1:colcon.colcon_core.package_identification:_identify(src) by extensions ['cmake', 'python']
[0.101s] Level 1:colcon.colcon_core.package_identification:_identify(src) by extension 'cmake'
[0.101s] Level 1:colcon.colcon_core.package_identification:_identify(src) by extension 'python'
[0.101s] Level 1:colcon.colcon_core.package_identification:_identify(src) by extensions ['python_setup_py']
[0.101s] Level 1:colcon.colcon_core.package_identification:_identify(src) by extension 'python_setup_py'
[0.101s] Level 1:colcon.colcon_core.package_identification:_identify(src/test) by extensions ['ignore', 'ignore_ament_install']
[0.101s] Level 1:colcon.colcon_core.package_identification:_identify(src/test) by extension 'ignore'
[0.101s] Level 1:colcon.colcon_core.package_identification:_identify(src/test) by extension 'ignore_ament_install'
[0.101s] Level 1:colcon.colcon_core.package_identification:_identify(src/test) by extensions ['colcon_pkg']
[0.101s] Level 1:colcon.colcon_core.package_identification:_identify(src/test) by extension 'colcon_pkg'
[0.101s] Level 1:colcon.colcon_core.package_identification:_identify(src/test) by extensions ['colcon_meta']
[0.101s] Level 1:colcon.colcon_core.package_identification:_identify(src/test) by extension 'colcon_meta'
[0.101s] Level 1:colcon.colcon_core.package_identification:_identify(src/test) by extensions ['ros']
[0.101s] Level 1:colcon.colcon_core.package_identification:_identify(src/test) by extension 'ros'
[0.102s] DEBUG:colcon.colcon_core.package_identification:Package 'src/test' with type 'ros.ament_cmake' and name 'test'
[0.102s] Level 1:colcon.colcon_core.package_discovery:discover_packages(recursive) using defaults
[0.102s] Level 1:colcon.colcon_core.package_discovery:discover_packages(ignore) discover
[0.102s] Level 1:colcon.colcon_core.package_discovery:discover_packages(ignore) using defaults
[0.102s] Level 1:colcon.colcon_core.package_discovery:discover_packages(path) discover
[0.102s] Level 1:colcon.colcon_core.package_discovery:discover_packages(path) using defaults
[0.114s] Level 1:colcon.colcon_core.package_discovery:discover_packages(prefix_path) check parameters
[0.114s] Level 1:colcon.colcon_core.package_discovery:discover_packages(prefix_path) discover
[0.116s] DEBUG:colcon.colcon_installed_package_information.package_discovery:Found 31 installed packages in /home/robogait/nav2_ws/install
[0.116s] DEBUG:colcon.colcon_installed_package_information.package_discovery:Found 1 installed packages in /home/robogait/ros2_serial_cpp/install
[0.117s] DEBUG:colcon.colcon_installed_package_information.package_discovery:Found 1 installed packages in /home/robogait/serial_cpp/install
[0.117s] DEBUG:colcon.colcon_installed_package_information.package_discovery:Found 1 installed packages in /home/robogait/ros2_serial/install
[0.117s] DEBUG:colcon.colcon_installed_package_information.package_discovery:Found 2 installed packages in /home/robogait/rplidar/install
[0.118s] DEBUG:colcon.colcon_installed_package_information.package_discovery:Found 1 installed packages in /home/robogait/catkin_ws/install
[0.118s] DEBUG:colcon.colcon_installed_package_information.package_discovery:Found 1 installed packages in /home/robogait/tutorials_ros2/install
[0.119s] DEBUG:colcon.colcon_installed_package_information.package_discovery:Found 317 installed packages in /opt/ros/foxy
[0.120s] Level 1:colcon.colcon_core.package_discovery:discover_packages(prefix_path) using defaults
[0.170s] Level 5:colcon.colcon_core.verb:set package 'test' build argument 'cmake_args' from command line to 'None'
[0.170s] Level 5:colcon.colcon_core.verb:set package 'test' build argument 'cmake_target' from command line to 'None'
[0.170s] Level 5:colcon.colcon_core.verb:set package 'test' build argument 'cmake_target_skip_unavailable' from command line to 'False'
[0.170s] Level 5:colcon.colcon_core.verb:set package 'test' build argument 'cmake_clean_cache' from command line to 'False'
[0.170s] Level 5:colcon.colcon_core.verb:set package 'test' build argument 'cmake_clean_first' from command line to 'False'
[0.170s] Level 5:colcon.colcon_core.verb:set package 'test' build argument 'cmake_force_configure' from command line to 'False'
[0.170s] Level 5:colcon.colcon_core.verb:set package 'test' build argument 'ament_cmake_args' from command line to 'None'
[0.171s] Level 5:colcon.colcon_core.verb:set package 'test' build argument 'catkin_cmake_args' from command line to 'None'
[0.171s] Level 5:colcon.colcon_core.verb:set package 'test' build argument 'catkin_skip_building_tests' from command line to 'False'
[0.171s] DEBUG:colcon.colcon_core.verb:Building package 'test' with the following arguments: {'ament_cmake_args': None, 'build_base': '/home/robogait/catkin_ws/build/test', 'catkin_cmake_args': None, 'catkin_skip_building_tests': False, 'cmake_args': None, 'cmake_clean_cache': False, 'cmake_clean_first': False, 'cmake_force_configure': False, 'cmake_target': None, 'cmake_target_skip_unavailable': False, 'install_base': '/home/robogait/catkin_ws/install/test', 'merge_install': False, 'path': '/home/robogait/catkin_ws/src/test', 'symlink_install': False, 'test_result_base': None}
[0.171s] INFO:colcon.colcon_core.executor:Executing jobs using 'parallel' executor
[0.172s] DEBUG:colcon.colcon_parallel_executor.executor.parallel:run_until_complete
[0.172s] INFO:colcon.colcon_ros.task.ament_cmake.build:Building ROS package in '/home/robogait/catkin_ws/src/test' with build type 'ament_cmake'
[0.172s] INFO:colcon.colcon_cmake.task.cmake.build:Building CMake package in '/home/robogait/catkin_ws/src/test'
[0.174s] INFO:colcon.colcon_core.plugin_system:Skipping extension 'colcon_core.shell.bat': Not used on non-Windows systems
[0.174s] INFO:colcon.colcon_core.shell:Skip shell extension 'powershell' for command environment: Not usable outside of PowerShell
[0.174s] DEBUG:colcon.colcon_core.shell:Skip shell extension 'dsv' for command environment
[0.186s] DEBUG:colcon.colcon_core.event_handler.log_command:Invoking command in '/home/robogait/catkin_ws/build/test': CMAKE_PREFIX_PATH=${CMAKE_PREFIX_PATH}:/home/robogait/nav2_ws/install/nav2_gazebo_spawner:/home/robogait/ros2_serial/install/ourbotmanager:/opt/ros/foxy /usr/bin/cmake --build /home/robogait/catkin_ws/build/test -- -j8 -l8
[3.900s] DEBUG:colcon.colcon_core.event_handler.log_command:Invoked command in '/home/robogait/catkin_ws/build/test' returned '0': CMAKE_PREFIX_PATH=${CMAKE_PREFIX_PATH}:/home/robogait/nav2_ws/install/nav2_gazebo_spawner:/home/robogait/ros2_serial/install/ourbotmanager:/opt/ros/foxy /usr/bin/cmake --build /home/robogait/catkin_ws/build/test -- -j8 -l8
[3.938s] DEBUG:colcon.colcon_core.event_handler.log_command:Invoking command in '/home/robogait/catkin_ws/build/test': CMAKE_PREFIX_PATH=${CMAKE_PREFIX_PATH}:/home/robogait/nav2_ws/install/nav2_gazebo_spawner:/home/robogait/ros2_serial/install/ourbotmanager:/opt/ros/foxy /usr/bin/cmake --install /home/robogait/catkin_ws/build/test
[3.950s] Level 1:colcon.colcon_core.environment:create_environment_scripts_only(test)
[3.950s] DEBUG:colcon.colcon_core.event_handler.log_command:Invoked command in '/home/robogait/catkin_ws/build/test' returned '0': CMAKE_PREFIX_PATH=${CMAKE_PREFIX_PATH}:/home/robogait/nav2_ws/install/nav2_gazebo_spawner:/home/robogait/ros2_serial/install/ourbotmanager:/opt/ros/foxy /usr/bin/cmake --install /home/robogait/catkin_ws/build/test
[3.953s] Level 1:colcon.colcon_core.environment:checking '/home/robogait/catkin_ws/install/test' for CMake module files
[3.954s] Level 1:colcon.colcon_core.environment:checking '/home/robogait/catkin_ws/install/test' for CMake config files
[3.954s] Level 1:colcon.colcon_core.shell:create_environment_hook('test', 'cmake_prefix_path')
[3.954s] INFO:colcon.colcon_core.shell:Creating environment hook '/home/robogait/catkin_ws/install/test/share/test/hook/cmake_prefix_path.ps1'
[3.955s] INFO:colcon.colcon_core.shell:Creating environment descriptor '/home/robogait/catkin_ws/install/test/share/test/hook/cmake_prefix_path.dsv'
[3.955s] INFO:colcon.colcon_core.shell:Creating environment hook '/home/robogait/catkin_ws/install/test/share/test/hook/cmake_prefix_path.sh'
[3.956s] Level 1:colcon.colcon_core.environment:checking '/home/robogait/catkin_ws/install/test/lib'
[3.956s] Level 1:colcon.colcon_core.environment:checking '/home/robogait/catkin_ws/install/test/bin'
[3.956s] Level 1:colcon.colcon_core.environment:checking '/home/robogait/catkin_ws/install/test/lib/pkgconfig/test.pc'
[3.956s] Level 1:colcon.colcon_core.environment:checking '/home/robogait/catkin_ws/install/test/lib/python3.8/site-packages'
[3.957s] INFO:colcon.colcon_core.shell:Creating package script '/home/robogait/catkin_ws/install/test/share/test/package.ps1'
[3.957s] INFO:colcon.colcon_core.shell:Creating package descriptor '/home/robogait/catkin_ws/install/test/share/test/package.dsv'
[3.958s] INFO:colcon.colcon_core.shell:Creating package script '/home/robogait/catkin_ws/install/test/share/test/package.sh'
[3.958s] INFO:colcon.colcon_core.shell:Creating package script '/home/robogait/catkin_ws/install/test/share/test/package.bash'
[3.959s] INFO:colcon.colcon_core.shell:Creating package script '/home/robogait/catkin_ws/install/test/share/test/package.zsh'
[3.959s] Level 1:colcon.colcon_core.environment:create_file_with_runtime_dependencies(/home/robogait/catkin_ws/install/test/share/colcon-core/packages/test)
[3.987s] Level 1:colcon.colcon_core.environment:create_environment_scripts_only(test)
[3.987s] Level 1:colcon.colcon_core.environment:checking '/home/robogait/catkin_ws/install/test' for CMake module files
[3.987s] Level 1:colcon.colcon_core.environment:checking '/home/robogait/catkin_ws/install/test' for CMake config files
[3.987s] Level 1:colcon.colcon_core.shell:create_environment_hook('test', 'cmake_prefix_path')
[3.988s] INFO:colcon.colcon_core.shell:Creating environment hook '/home/robogait/catkin_ws/install/test/share/test/hook/cmake_prefix_path.ps1'
[3.988s] INFO:colcon.colcon_core.shell:Creating environment descriptor '/home/robogait/catkin_ws/install/test/share/test/hook/cmake_prefix_path.dsv'
[3.988s] INFO:colcon.colcon_core.shell:Creating environment hook '/home/robogait/catkin_ws/install/test/share/test/hook/cmake_prefix_path.sh'
[3.989s] Level 1:colcon.colcon_core.environment:checking '/home/robogait/catkin_ws/install/test/lib'
[3.989s] Level 1:colcon.colcon_core.environment:checking '/home/robogait/catkin_ws/install/test/bin'
[3.989s] Level 1:colcon.colcon_core.environment:checking '/home/robogait/catkin_ws/install/test/lib/pkgconfig/test.pc'
[3.989s] Level 1:colcon.colcon_core.environment:checking '/home/robogait/catkin_ws/install/test/lib/python3.8/site-packages'
[3.989s] INFO:colcon.colcon_core.shell:Creating package script '/home/robogait/catkin_ws/install/test/share/test/package.ps1'
[3.990s] INFO:colcon.colcon_core.shell:Creating package descriptor '/home/robogait/catkin_ws/install/test/share/test/package.dsv'
[3.990s] INFO:colcon.colcon_core.shell:Creating package script '/home/robogait/catkin_ws/install/test/share/test/package.sh'
[3.990s] INFO:colcon.colcon_core.shell:Creating package script '/home/robogait/catkin_ws/install/test/share/test/package.bash'
[3.990s] INFO:colcon.colcon_core.shell:Creating package script '/home/robogait/catkin_ws/install/test/share/test/package.zsh'
[3.990s] Level 1:colcon.colcon_core.environment:create_file_with_runtime_dependencies(/home/robogait/catkin_ws/install/test/share/colcon-core/packages/test)
[3.991s] DEBUG:colcon.colcon_parallel_executor.executor.parallel:closing loop
[3.991s] DEBUG:colcon.colcon_parallel_executor.executor.parallel:loop closed
[3.991s] DEBUG:colcon.colcon_parallel_executor.executor.parallel:run_until_complete finished with '0'
[3.991s] DEBUG:colcon.colcon_core.event_reactor:joining thread
[3.995s] INFO:colcon.colcon_core.plugin_system:Skipping extension 'colcon_notification.desktop_notification.terminal_notifier': Not used on non-Darwin systems
[3.995s] INFO:colcon.colcon_core.plugin_system:Skipping extension 'colcon_notification.desktop_notification.win32': Not used on non-Windows systems
[3.995s] INFO:colcon.colcon_notification.desktop_notification:Sending desktop notification using 'notify2'
[4.009s] DEBUG:colcon.colcon_core.event_reactor:joined thread
[4.010s] INFO:colcon.colcon_core.shell:Creating prefix script '/home/robogait/catkin_ws/install/local_setup.ps1'
[4.011s] INFO:colcon.colcon_core.shell:Creating prefix util module '/home/robogait/catkin_ws/install/_local_setup_util_ps1.py'
[4.012s] INFO:colcon.colcon_core.shell:Creating prefix chain script '/home/robogait/catkin_ws/install/setup.ps1'
[4.014s] INFO:colcon.colcon_core.shell:Creating prefix script '/home/robogait/catkin_ws/install/local_setup.sh'
[4.014s] INFO:colcon.colcon_core.shell:Creating prefix util module '/home/robogait/catkin_ws/install/_local_setup_util_sh.py'
[4.014s] INFO:colcon.colcon_core.shell:Creating prefix chain script '/home/robogait/catkin_ws/install/setup.sh'
[4.016s] INFO:colcon.colcon_core.shell:Creating prefix script '/home/robogait/catkin_ws/install/local_setup.bash'
[4.016s] INFO:colcon.colcon_core.shell:Creating prefix chain script '/home/robogait/catkin_ws/install/setup.bash'
[4.017s] INFO:colcon.colcon_core.shell:Creating prefix script '/home/robogait/catkin_ws/install/local_setup.zsh'
[4.018s] INFO:colcon.colcon_core.shell:Creating prefix chain script '/home/robogait/catkin_ws/install/setup.zsh'
