[35m[1mScanning dependencies of target prueba_talker[0m
[  2%] [32mBuilding C object CMakeFiles/prueba_talker.dir/src/main.c.o[0m
[  5%] Built target body_tracking__cpp
[ 10%] Built target body_tracking_node
[ 17%] Built target body_tracking__rosidl_generator_c
[ 23%] Built target talker
[ 28%] Built target listener
[ 43%] Built target body_tracking__rosidl_typesupport_introspection_c
[ 43%] Built target body_tracking__rosidl_typesupport_introspection_cpp
[ 51%] Built target body_tracking__rosidl_typesupport_c
[ 58%] Built target body_tracking__rosidl_typesupport_cpp
[ 66%] Built target body_tracking__rosidl_typesupport_fastrtps_cpp
[ 69%] [32m[1mLinking C executable prueba_talker[0m
[ 76%] Built target body_tracking__rosidl_typesupport_fastrtps_c
/usr/bin/ld: cannot find -lrclcpp
collect2: error: ld returned 1 exit status
make[2]: *** [CMakeFiles/prueba_talker.dir/build.make:84: prueba_talker] Error 1
make[1]: *** [CMakeFiles/Makefile2:325: CMakeFiles/prueba_talker.dir/all] Error 2
make[1]: *** Waiting for unfinished jobs....
[ 76%] Built target body_tracking
make: *** [Makefile:141: all] Error 2
