-- Found ament_cmake: 0.9.9 (/opt/ros/foxy/share/ament_cmake/cmake)
-- Found PythonInterp: /usr/bin/python3 (found suitable version "3.8.10", minimum required is "3") 
-- Using PYTHON_EXECUTABLE: /usr/bin/python3
-- Found rclcpp: 2.4.1 (/opt/ros/foxy/share/rclcpp/cmake)
-- Using all available rosidl_typesupport_c: rosidl_typesupport_fastrtps_c;rosidl_typesupport_introspection_c
-- Found rosidl_adapter: 1.2.1 (/opt/ros/foxy/share/rosidl_adapter/cmake)
-- Using all available rosidl_typesupport_cpp: rosidl_typesupport_fastrtps_cpp;rosidl_typesupport_introspection_cpp
-- Found rmw_implementation_cmake: 1.0.3 (/opt/ros/foxy/share/rmw_implementation_cmake/cmake)
-- Using RMW implementation 'rmw_fastrtps_cpp' as default
-- Found body_tracking: 0.0.0 (/home/robogait/azure_kinect_ws/install/body_tracking/share/body_tracking/cmake)
-- Found rosidl_default_generators: 1.0.1 (/opt/ros/foxy/share/rosidl_default_generators/cmake)
CMP0074
-------

``find_package()`` uses ``<PackageName>_ROOT`` variables.

In CMake 3.12 and above the ``find_package(<PackageName>)`` command now
searches prefixes specified by the ``<PackageName>_ROOT`` CMake
variable and the ``<PackageName>_ROOT`` environment variable.
Package roots are maintained as a stack so nested calls to all ``find_*``
commands inside find modules and config packages also search the roots as
prefixes.  This policy provides compatibility with projects that have not been
updated to avoid using ``<PackageName>_ROOT`` variables for other purposes.

The ``OLD`` behavior for this policy is to ignore ``<PackageName>_ROOT``
variables.  The ``NEW`` behavior for this policy is to use
``<PackageName>_ROOT`` variables.

This policy was introduced in CMake version 3.12.  CMake version
3.16.3 warns when the policy is not set and uses ``OLD`` behavior.
Use the ``cmake_policy()`` command to set it to ``OLD`` or ``NEW``
explicitly.

.. note::
  The ``OLD`` behavior of a policy is
  ``deprecated by definition``
  and may be removed in a future version of CMake.
-- Found PythonInterp: /usr/bin/python3 (found version "3.8.10") 
-- Found ament_cmake_ros: 0.9.2 (/opt/ros/foxy/share/ament_cmake_ros/cmake)
-- Using all available rosidl_typesupport_c: rosidl_typesupport_fastrtps_c;rosidl_typesupport_introspection_c
-- Using all available rosidl_typesupport_cpp: rosidl_typesupport_fastrtps_cpp;rosidl_typesupport_introspection_cpp
-- Found PythonInterp: /usr/bin/python3 (found suitable version "3.8.10", minimum required is "3.5") 
-- Found python_cmake_module: 0.8.1 (/opt/ros/foxy/share/python_cmake_module/cmake)
-- Using PYTHON_EXECUTABLE: /usr/bin/python3
-- Using PYTHON_INCLUDE_DIRS: /usr/include/python3.8
-- Using PYTHON_LIBRARIES: /usr/lib/x86_64-linux-gnu/libpython3.8.so
-- Found ament_lint_auto: 0.9.6 (/opt/ros/foxy/share/ament_lint_auto/cmake)
-- Added test 'copyright' to check source files copyright and LICENSE
-- Added test 'cppcheck' to perform static code analysis on C / C++ code
-- Configured cppcheck include dirs: $<BUILD_INTERFACE:/home/robogait/azure_kinect_ws/src/body_tracking/include>
-- Configured cppcheck exclude dirs and/or files: 
-- Added test 'cpplint' to check C / C++ code against the Google style
-- Configured cpplint exclude dirs and/or files: 
-- Added test 'lint_cmake' to check CMake code style
-- Added test 'uncrustify' to check C / C++ code style
-- Configured uncrustify additional arguments: 
-- Added test 'xmllint' to check XML markup files
-- Configuring done
-- Generating done
-- Build files have been written to: /home/robogait/azure_kinect_ws/build/body_tracking
[  2%] [32mBuilding CXX object CMakeFiles/body_tracking_node.dir/src/body_tracking_node.cpp.o[0m
[ 10%] Built target body_tracking__rosidl_generator_c
[ 12%] [32mBuilding CXX object CMakeFiles/talker.dir/src/publisher_member_function.cpp.o[0m
[ 15%] [32mBuilding CXX object CMakeFiles/listener.dir/src/subscriber_member_function.cpp.o[0m
[ 17%] Built target body_tracking__cpp
[ 20%] [32mBuilding CXX object CMakeFiles/prueba_talker.dir/src/main.cpp.o[0m
[ 23%] [32mBuilding CXX object CMakeFiles/body_tracking__rosidl_typesupport_cpp.dir/rosidl_typesupport_cpp/body_tracking/msg/hip_coordinates__type_support.cpp.o[0m
[ 30%] Built target body_tracking__rosidl_typesupport_introspection_c
[ 33%] [32mBuilding CXX object CMakeFiles/body_tracking__rosidl_typesupport_introspection_cpp.dir/rosidl_typesupport_introspection_cpp/body_tracking/msg/detail/hip_coordinates__type_support.cpp.o[0m
[ 35%] [32mBuilding CXX object CMakeFiles/body_tracking__rosidl_typesupport_c.dir/rosidl_typesupport_c/body_tracking/msg/hip_coordinates__type_support.cpp.o[0m
[ 38%] [32m[1mLinking CXX executable body_tracking_node[0m
[ 41%] [32mBuilding CXX object CMakeFiles/body_tracking__rosidl_typesupport_fastrtps_cpp.dir/rosidl_typesupport_fastrtps_cpp/body_tracking/msg/detail/dds_fastrtps/hip_coordinates__type_support.cpp.o[0m
[ 43%] [32m[1mLinking CXX shared library libbody_tracking__rosidl_typesupport_c.so[0m
[ 43%] Built target body_tracking_node
[ 46%] Built target body_tracking__rosidl_typesupport_c
[ 48%] [32m[1mLinking CXX shared library libbody_tracking__rosidl_typesupport_cpp.so[0m
[ 51%] Built target body_tracking__rosidl_typesupport_cpp
[ 53%] [32m[1mLinking CXX shared library libbody_tracking__rosidl_typesupport_introspection_cpp.so[0m
[ 56%] Built target body_tracking__rosidl_typesupport_introspection_cpp
[ 58%] [32m[1mLinking CXX shared library libbody_tracking__rosidl_typesupport_fastrtps_cpp.so[0m
[ 61%] Built target body_tracking__rosidl_typesupport_fastrtps_cpp
[ 64%] [32mBuilding CXX object CMakeFiles/body_tracking__rosidl_typesupport_fastrtps_c.dir/rosidl_typesupport_fastrtps_c/body_tracking/msg/detail/hip_coordinates__type_support_c.cpp.o[0m
[ 66%] [32m[1mLinking CXX shared library libbody_tracking__rosidl_typesupport_fastrtps_c.so[0m
[ 69%] Built target body_tracking__rosidl_typesupport_fastrtps_c
[ 69%] Built target body_tracking
[ 71%] Built target body_tracking__py
[ 74%] [32m[1mLinking C shared library rosidl_generator_py/body_tracking/libbody_tracking__python.so[0m
[ 76%] Built target body_tracking__python
[ 79%] [32m[1mLinking C shared library rosidl_generator_py/body_tracking/body_tracking_s__rosidl_typesupport_c.cpython-38-x86_64-linux-gnu.so[0m
[ 82%] [32m[1mLinking CXX shared library rosidl_generator_py/body_tracking/body_tracking_s__rosidl_typesupport_fastrtps_c.cpython-38-x86_64-linux-gnu.so[0m
[ 84%] [32m[1mLinking C shared library rosidl_generator_py/body_tracking/body_tracking_s__rosidl_typesupport_introspection_c.cpython-38-x86_64-linux-gnu.so[0m
[ 87%] Built target body_tracking__rosidl_typesupport_c__pyext
[ 89%] Built target body_tracking__rosidl_typesupport_introspection_c__pyext
[ 92%] Built target body_tracking__rosidl_typesupport_fastrtps_c__pyext
[ 94%] [32m[1mLinking CXX executable talker[0m
[ 97%] [32m[1mLinking CXX executable prueba_talker[0m
[ 97%] Built target talker
[ 97%] Built target prueba_talker
[100%] [32m[1mLinking CXX executable listener[0m
[100%] Built target listener
-- Install configuration: ""
-- Installing: /home/robogait/azure_kinect_ws/install/body_tracking/lib/body_tracking/prueba_talker
-- Set runtime path of "/home/robogait/azure_kinect_ws/install/body_tracking/lib/body_tracking/prueba_talker" to ""
-- Up-to-date: /home/robogait/azure_kinect_ws/install/body_tracking/lib/body_tracking/prueba_talker
-- Up-to-date: /home/robogait/azure_kinect_ws/install/body_tracking/share/ament_index/resource_index/rosidl_interfaces/body_tracking
-- Up-to-date: /home/robogait/azure_kinect_ws/install/body_tracking/include/body_tracking
-- Up-to-date: /home/robogait/azure_kinect_ws/install/body_tracking/include/body_tracking/msg
-- Up-to-date: /home/robogait/azure_kinect_ws/install/body_tracking/include/body_tracking/msg/rosidl_generator_c__visibility_control.h
-- Up-to-date: /home/robogait/azure_kinect_ws/install/body_tracking/include/body_tracking/msg/detail
-- Up-to-date: /home/robogait/azure_kinect_ws/install/body_tracking/include/body_tracking/msg/detail/num__functions.c
-- Up-to-date: /home/robogait/azure_kinect_ws/install/body_tracking/include/body_tracking/msg/detail/hip_coordinates__functions.c
-- Up-to-date: /home/robogait/azure_kinect_ws/install/body_tracking/include/body_tracking/msg/detail/num__type_support.h
-- Up-to-date: /home/robogait/azure_kinect_ws/install/body_tracking/include/body_tracking/msg/detail/hip_coordinates__functions.h
-- Up-to-date: /home/robogait/azure_kinect_ws/install/body_tracking/include/body_tracking/msg/detail/num__functions.h
-- Up-to-date: /home/robogait/azure_kinect_ws/install/body_tracking/include/body_tracking/msg/detail/hip_coordinates__struct.h
-- Up-to-date: /home/robogait/azure_kinect_ws/install/body_tracking/include/body_tracking/msg/detail/num__struct.h
-- Up-to-date: /home/robogait/azure_kinect_ws/install/body_tracking/include/body_tracking/msg/detail/hip_coordinates__type_support.h
-- Up-to-date: /home/robogait/azure_kinect_ws/install/body_tracking/include/body_tracking/msg/hip_coordinates.h
-- Up-to-date: /home/robogait/azure_kinect_ws/install/body_tracking/include/body_tracking/msg/num.h
-- Up-to-date: /home/robogait/azure_kinect_ws/install/body_tracking/share/body_tracking/environment/library_path.sh
-- Installing: /home/robogait/azure_kinect_ws/install/body_tracking/share/body_tracking/environment/library_path.dsv
-- Up-to-date: /home/robogait/azure_kinect_ws/install/body_tracking/lib/libbody_tracking__rosidl_generator_c.so
-- Up-to-date: /home/robogait/azure_kinect_ws/install/body_tracking/include/body_tracking
-- Up-to-date: /home/robogait/azure_kinect_ws/install/body_tracking/include/body_tracking/msg
-- Up-to-date: /home/robogait/azure_kinect_ws/install/body_tracking/include/body_tracking/msg/detail
-- Up-to-date: /home/robogait/azure_kinect_ws/install/body_tracking/include/body_tracking/msg/detail/hip_coordinates__rosidl_typesupport_fastrtps_c.h
-- Up-to-date: /home/robogait/azure_kinect_ws/install/body_tracking/include/body_tracking/msg/detail/num__rosidl_typesupport_fastrtps_c.h
-- Up-to-date: /home/robogait/azure_kinect_ws/install/body_tracking/include/body_tracking/msg/rosidl_typesupport_fastrtps_c__visibility_control.h
-- Installing: /home/robogait/azure_kinect_ws/install/body_tracking/lib/libbody_tracking__rosidl_typesupport_fastrtps_c.so
-- Set runtime path of "/home/robogait/azure_kinect_ws/install/body_tracking/lib/libbody_tracking__rosidl_typesupport_fastrtps_c.so" to ""
-- Up-to-date: /home/robogait/azure_kinect_ws/install/body_tracking/include/body_tracking
-- Up-to-date: /home/robogait/azure_kinect_ws/install/body_tracking/include/body_tracking/msg
-- Up-to-date: /home/robogait/azure_kinect_ws/install/body_tracking/include/body_tracking/msg/detail
-- Up-to-date: /home/robogait/azure_kinect_ws/install/body_tracking/include/body_tracking/msg/detail/dds_fastrtps
-- Up-to-date: /home/robogait/azure_kinect_ws/install/body_tracking/include/body_tracking/msg/detail/hip_coordinates__rosidl_typesupport_fastrtps_cpp.hpp
-- Up-to-date: /home/robogait/azure_kinect_ws/install/body_tracking/include/body_tracking/msg/detail/num__rosidl_typesupport_fastrtps_cpp.hpp
-- Up-to-date: /home/robogait/azure_kinect_ws/install/body_tracking/include/body_tracking/msg/rosidl_typesupport_fastrtps_cpp__visibility_control.h
-- Installing: /home/robogait/azure_kinect_ws/install/body_tracking/lib/libbody_tracking__rosidl_typesupport_fastrtps_cpp.so
-- Set runtime path of "/home/robogait/azure_kinect_ws/install/body_tracking/lib/libbody_tracking__rosidl_typesupport_fastrtps_cpp.so" to ""
-- Up-to-date: /home/robogait/azure_kinect_ws/install/body_tracking/include/body_tracking
-- Up-to-date: /home/robogait/azure_kinect_ws/install/body_tracking/include/body_tracking/msg
-- Up-to-date: /home/robogait/azure_kinect_ws/install/body_tracking/include/body_tracking/msg/rosidl_typesupport_introspection_c__visibility_control.h
-- Up-to-date: /home/robogait/azure_kinect_ws/install/body_tracking/include/body_tracking/msg/detail
-- Up-to-date: /home/robogait/azure_kinect_ws/install/body_tracking/include/body_tracking/msg/detail/hip_coordinates__rosidl_typesupport_introspection_c.h
-- Up-to-date: /home/robogait/azure_kinect_ws/install/body_tracking/include/body_tracking/msg/detail/num__rosidl_typesupport_introspection_c.h
-- Up-to-date: /home/robogait/azure_kinect_ws/install/body_tracking/include/body_tracking/msg/detail/hip_coordinates__type_support.c
-- Up-to-date: /home/robogait/azure_kinect_ws/install/body_tracking/include/body_tracking/msg/detail/num__type_support.c
-- Up-to-date: /home/robogait/azure_kinect_ws/install/body_tracking/lib/libbody_tracking__rosidl_typesupport_introspection_c.so
-- Installing: /home/robogait/azure_kinect_ws/install/body_tracking/lib/libbody_tracking__rosidl_typesupport_c.so
-- Set runtime path of "/home/robogait/azure_kinect_ws/install/body_tracking/lib/libbody_tracking__rosidl_typesupport_c.so" to ""
-- Up-to-date: /home/robogait/azure_kinect_ws/install/body_tracking/include/body_tracking
-- Up-to-date: /home/robogait/azure_kinect_ws/install/body_tracking/include/body_tracking/msg
-- Up-to-date: /home/robogait/azure_kinect_ws/install/body_tracking/include/body_tracking/msg/num.hpp
-- Up-to-date: /home/robogait/azure_kinect_ws/install/body_tracking/include/body_tracking/msg/detail
-- Up-to-date: /home/robogait/azure_kinect_ws/install/body_tracking/include/body_tracking/msg/detail/hip_coordinates__builder.hpp
-- Up-to-date: /home/robogait/azure_kinect_ws/install/body_tracking/include/body_tracking/msg/detail/num__builder.hpp
-- Up-to-date: /home/robogait/azure_kinect_ws/install/body_tracking/include/body_tracking/msg/detail/hip_coordinates__traits.hpp
-- Up-to-date: /home/robogait/azure_kinect_ws/install/body_tracking/include/body_tracking/msg/detail/num__traits.hpp
-- Up-to-date: /home/robogait/azure_kinect_ws/install/body_tracking/include/body_tracking/msg/detail/num__struct.hpp
-- Up-to-date: /home/robogait/azure_kinect_ws/install/body_tracking/include/body_tracking/msg/detail/hip_coordinates__struct.hpp
-- Up-to-date: /home/robogait/azure_kinect_ws/install/body_tracking/include/body_tracking/msg/hip_coordinates.hpp
-- Up-to-date: /home/robogait/azure_kinect_ws/install/body_tracking/include/body_tracking
-- Up-to-date: /home/robogait/azure_kinect_ws/install/body_tracking/include/body_tracking/msg
-- Up-to-date: /home/robogait/azure_kinect_ws/install/body_tracking/include/body_tracking/msg/detail
-- Up-to-date: /home/robogait/azure_kinect_ws/install/body_tracking/include/body_tracking/msg/detail/num__type_support.cpp
-- Up-to-date: /home/robogait/azure_kinect_ws/install/body_tracking/include/body_tracking/msg/detail/hip_coordinates__type_support.cpp
-- Up-to-date: /home/robogait/azure_kinect_ws/install/body_tracking/include/body_tracking/msg/detail/hip_coordinates__rosidl_typesupport_introspection_cpp.hpp
-- Up-to-date: /home/robogait/azure_kinect_ws/install/body_tracking/include/body_tracking/msg/detail/num__rosidl_typesupport_introspection_cpp.hpp
-- Installing: /home/robogait/azure_kinect_ws/install/body_tracking/lib/libbody_tracking__rosidl_typesupport_introspection_cpp.so
-- Set runtime path of "/home/robogait/azure_kinect_ws/install/body_tracking/lib/libbody_tracking__rosidl_typesupport_introspection_cpp.so" to ""
-- Installing: /home/robogait/azure_kinect_ws/install/body_tracking/lib/libbody_tracking__rosidl_typesupport_cpp.so
-- Set runtime path of "/home/robogait/azure_kinect_ws/install/body_tracking/lib/libbody_tracking__rosidl_typesupport_cpp.so" to ""
-- Up-to-date: /home/robogait/azure_kinect_ws/install/body_tracking/share/body_tracking/environment/pythonpath.sh
-- Installing: /home/robogait/azure_kinect_ws/install/body_tracking/share/body_tracking/environment/pythonpath.dsv
-- Installing: /home/robogait/azure_kinect_ws/install/body_tracking/lib/python3.8/site-packages/body_tracking/__init__.py
Compiling '/home/robogait/azure_kinect_ws/install/body_tracking/lib/python3.8/site-packages/body_tracking/__init__.py'...
-- Up-to-date: /home/robogait/azure_kinect_ws/install/body_tracking/lib/python3.8/site-packages/body_tracking/msg
-- Up-to-date: /home/robogait/azure_kinect_ws/install/body_tracking/lib/python3.8/site-packages/body_tracking/msg/_hip_coordinates.py
-- Up-to-date: /home/robogait/azure_kinect_ws/install/body_tracking/lib/python3.8/site-packages/body_tracking/msg/_num_s.c
-- Up-to-date: /home/robogait/azure_kinect_ws/install/body_tracking/lib/python3.8/site-packages/body_tracking/msg/_hip_coordinates_s.c
-- Up-to-date: /home/robogait/azure_kinect_ws/install/body_tracking/lib/python3.8/site-packages/body_tracking/msg/__init__.py
-- Up-to-date: /home/robogait/azure_kinect_ws/install/body_tracking/lib/python3.8/site-packages/body_tracking/msg/_num.py
-- Installing: /home/robogait/azure_kinect_ws/install/body_tracking/lib/python3.8/site-packages/body_tracking/body_tracking_s__rosidl_typesupport_fastrtps_c.cpython-38-x86_64-linux-gnu.so
-- Set runtime path of "/home/robogait/azure_kinect_ws/install/body_tracking/lib/python3.8/site-packages/body_tracking/body_tracking_s__rosidl_typesupport_fastrtps_c.cpython-38-x86_64-linux-gnu.so" to ""
-- Installing: /home/robogait/azure_kinect_ws/install/body_tracking/lib/python3.8/site-packages/body_tracking/body_tracking_s__rosidl_typesupport_introspection_c.cpython-38-x86_64-linux-gnu.so
-- Set runtime path of "/home/robogait/azure_kinect_ws/install/body_tracking/lib/python3.8/site-packages/body_tracking/body_tracking_s__rosidl_typesupport_introspection_c.cpython-38-x86_64-linux-gnu.so" to ""
-- Installing: /home/robogait/azure_kinect_ws/install/body_tracking/lib/python3.8/site-packages/body_tracking/body_tracking_s__rosidl_typesupport_c.cpython-38-x86_64-linux-gnu.so
-- Set runtime path of "/home/robogait/azure_kinect_ws/install/body_tracking/lib/python3.8/site-packages/body_tracking/body_tracking_s__rosidl_typesupport_c.cpython-38-x86_64-linux-gnu.so" to ""
-- Installing: /home/robogait/azure_kinect_ws/install/body_tracking/lib/libbody_tracking__python.so
-- Set runtime path of "/home/robogait/azure_kinect_ws/install/body_tracking/lib/libbody_tracking__python.so" to ""
-- Up-to-date: /home/robogait/azure_kinect_ws/install/body_tracking/share/body_tracking/msg/HipCoordinates.idl
-- Up-to-date: /home/robogait/azure_kinect_ws/install/body_tracking/share/body_tracking/msg/HipCoordinates.msg
-- Up-to-date: /home/robogait/azure_kinect_ws/install/body_tracking/share/ament_index/resource_index/package_run_dependencies/body_tracking
-- Up-to-date: /home/robogait/azure_kinect_ws/install/body_tracking/share/ament_index/resource_index/parent_prefix_path/body_tracking
-- Up-to-date: /home/robogait/azure_kinect_ws/install/body_tracking/share/body_tracking/environment/ament_prefix_path.sh
-- Installing: /home/robogait/azure_kinect_ws/install/body_tracking/share/body_tracking/environment/ament_prefix_path.dsv
-- Up-to-date: /home/robogait/azure_kinect_ws/install/body_tracking/share/body_tracking/environment/path.sh
-- Installing: /home/robogait/azure_kinect_ws/install/body_tracking/share/body_tracking/environment/path.dsv
-- Up-to-date: /home/robogait/azure_kinect_ws/install/body_tracking/share/body_tracking/local_setup.bash
-- Up-to-date: /home/robogait/azure_kinect_ws/install/body_tracking/share/body_tracking/local_setup.sh
-- Up-to-date: /home/robogait/azure_kinect_ws/install/body_tracking/share/body_tracking/local_setup.zsh
-- Installing: /home/robogait/azure_kinect_ws/install/body_tracking/share/body_tracking/local_setup.dsv
-- Installing: /home/robogait/azure_kinect_ws/install/body_tracking/share/body_tracking/package.dsv
-- Up-to-date: /home/robogait/azure_kinect_ws/install/body_tracking/share/ament_index/resource_index/packages/body_tracking
-- Up-to-date: /home/robogait/azure_kinect_ws/install/body_tracking/share/body_tracking/cmake/body_tracking__rosidl_generator_cExport.cmake
-- Installing: /home/robogait/azure_kinect_ws/install/body_tracking/share/body_tracking/cmake/body_tracking__rosidl_generator_cExport-noconfig.cmake
-- Up-to-date: /home/robogait/azure_kinect_ws/install/body_tracking/share/body_tracking/cmake/body_tracking__rosidl_typesupport_introspection_cExport.cmake
-- Installing: /home/robogait/azure_kinect_ws/install/body_tracking/share/body_tracking/cmake/body_tracking__rosidl_typesupport_introspection_cExport-noconfig.cmake
-- Up-to-date: /home/robogait/azure_kinect_ws/install/body_tracking/share/body_tracking/cmake/body_tracking__rosidl_typesupport_cExport.cmake
-- Installing: /home/robogait/azure_kinect_ws/install/body_tracking/share/body_tracking/cmake/body_tracking__rosidl_typesupport_cExport-noconfig.cmake
-- Up-to-date: /home/robogait/azure_kinect_ws/install/body_tracking/share/body_tracking/cmake/body_tracking__rosidl_generator_cppExport.cmake
-- Up-to-date: /home/robogait/azure_kinect_ws/install/body_tracking/share/body_tracking/cmake/body_tracking__rosidl_typesupport_introspection_cppExport.cmake
-- Installing: /home/robogait/azure_kinect_ws/install/body_tracking/share/body_tracking/cmake/body_tracking__rosidl_typesupport_introspection_cppExport-noconfig.cmake
-- Up-to-date: /home/robogait/azure_kinect_ws/install/body_tracking/share/body_tracking/cmake/body_tracking__rosidl_typesupport_cppExport.cmake
-- Installing: /home/robogait/azure_kinect_ws/install/body_tracking/share/body_tracking/cmake/body_tracking__rosidl_typesupport_cppExport-noconfig.cmake
-- Up-to-date: /home/robogait/azure_kinect_ws/install/body_tracking/share/body_tracking/cmake/rosidl_cmake-extras.cmake
-- Up-to-date: /home/robogait/azure_kinect_ws/install/body_tracking/share/body_tracking/cmake/ament_cmake_export_dependencies-extras.cmake
-- Up-to-date: /home/robogait/azure_kinect_ws/install/body_tracking/share/body_tracking/cmake/ament_cmake_export_libraries-extras.cmake
-- Up-to-date: /home/robogait/azure_kinect_ws/install/body_tracking/share/body_tracking/cmake/ament_cmake_export_targets-extras.cmake
-- Up-to-date: /home/robogait/azure_kinect_ws/install/body_tracking/share/body_tracking/cmake/ament_cmake_export_include_directories-extras.cmake
-- Up-to-date: /home/robogait/azure_kinect_ws/install/body_tracking/share/body_tracking/cmake/rosidl_cmake_export_typesupport_libraries-extras.cmake
-- Up-to-date: /home/robogait/azure_kinect_ws/install/body_tracking/share/body_tracking/cmake/rosidl_cmake_export_typesupport_targets-extras.cmake
-- Up-to-date: /home/robogait/azure_kinect_ws/install/body_tracking/share/body_tracking/cmake/body_trackingConfig.cmake
-- Up-to-date: /home/robogait/azure_kinect_ws/install/body_tracking/share/body_tracking/cmake/body_trackingConfig-version.cmake
-- Up-to-date: /home/robogait/azure_kinect_ws/install/body_tracking/share/body_tracking/package.xml
