[0.014s] Invoking command in '/home/robogait/catkin_ws/build/pkg_navigation': CMAKE_PREFIX_PATH=${CMAKE_PREFIX_PATH}:/home/robogait/nav2_ws/install/nav2_gazebo_spawner:/home/robogait/ros2_serial/install/ourbotmanager:/home/robogait/ros2_ws/install/nav2_project:/opt/ros/foxy /usr/bin/cmake --build /home/robogait/catkin_ws/build/pkg_navigation -- -j8 -l8
[0.099s] [35m[1mScanning dependencies of target robot_controller_position[0m
[0.100s] [35m[1mScanning dependencies of target tf2_broadcaster_person[0m
[0.127s] [ 14%] Built target robot_controller
[0.128s] [ 28%] Built target robot_odom_tf2_listener
[0.128s] [ 42%] Built target tf2_broadcaster
[0.128s] [ 71%] Built target publisher_initial_pose
[0.128s] [ 71%] Built target publisher_subscriber
[0.130s] [ 78%] [32mBuilding CXX object CMakeFiles/robot_controller_position.dir/src/robot_controller_position.cpp.o[0m
[0.133s] [ 85%] [32mBuilding CXX object CMakeFiles/tf2_broadcaster_person.dir/src/tf2_broadcaster_person.cpp.o[0m
[1.030s] [01m[K/home/robogait/catkin_ws/src/pkg_navigation/src/robot_controller_position.cpp:182:1:[m[K [01;31m[Kerror: [m[Kexpected ‘[01m[K}[m[K’ at end of input
[1.030s]   182 | [01;31m[K}[m[K
[1.030s]       | [01;31m[K^[m[K
[1.030s] [01m[K/home/robogait/catkin_ws/src/pkg_navigation/src/robot_controller_position.cpp:35:1:[m[K [01;36m[Knote: [m[Kto match this ‘[01m[K{[m[K’
[1.030s]    35 | [01;36m[K{[m[K
[1.030s]       | [01;36m[K^[m[K
[1.045s] [01m[K/home/robogait/catkin_ws/src/pkg_navigation/src/robot_controller_position.cpp:[m[K In member function ‘[01m[Kvoid generic::callback_odom(nav_msgs::msg::Odometry_<std::allocator<void> >::SharedPtr)[m[K’:
[1.045s] [01m[K/home/robogait/catkin_ws/src/pkg_navigation/src/robot_controller_position.cpp:76:10:[m[K [01;31m[Kerror: [m[K‘[01m[Krobot_pos_x[m[K’ was not declared in this scope
[1.045s]    76 |          [01;31m[Krobot_pos_x[m[K=msg->pose.pose.position.x;
[1.045s]       |          [01;31m[K^~~~~~~~~~~[m[K
[1.046s] [01m[K/home/robogait/catkin_ws/src/pkg_navigation/src/robot_controller_position.cpp:77:10:[m[K [01;31m[Kerror: [m[K‘[01m[Krobot_vel_x[m[K’ was not declared in this scope
[1.046s]    77 |          [01;31m[Krobot_vel_x[m[K=msg->twist.twist.linear.x;
[1.047s]       |          [01;31m[K^~~~~~~~~~~[m[K
[1.048s] [01m[K/home/robogait/catkin_ws/src/pkg_navigation/src/robot_controller_position.cpp:[m[K In member function ‘[01m[Kvoid generic::topic_callback_spine_bottom(body_tracker_msgs::msg::SpineBottom_<std::allocator<void> >::SharedPtr)[m[K’:
[1.049s] [01m[K/home/robogait/catkin_ws/src/pkg_navigation/src/robot_controller_position.cpp:85:8:[m[K [01;31m[Kerror: [m[K‘[01m[Kdistance_person[m[K’ was not declared in this scope
[1.049s]    85 |        [01;31m[Kdistance_person[m[K=data;
[1.049s]       |        [01;31m[K^~~~~~~~~~~~~~~[m[K
[1.051s] [01m[K/home/robogait/catkin_ws/src/pkg_navigation/src/robot_controller_position.cpp:[m[K In member function ‘[01m[Kvoid generic::controller()[m[K’:
[1.051s] [01m[K/home/robogait/catkin_ws/src/pkg_navigation/src/robot_controller_position.cpp:93:13:[m[K [01;31m[Kerror: [m[K‘[01m[Kdistance_person[m[K’ was not declared in this scope
[1.051s]    93 |          if([01;31m[Kdistance_person[m[K<4.0){
[1.051s]       |             [01;31m[K^~~~~~~~~~~~~~~[m[K
[1.052s] [01m[K/home/robogait/catkin_ws/src/pkg_navigation/src/robot_controller_position.cpp:95:9:[m[K [01;31m[Kerror: [m[K‘[01m[Kerror_p[m[K’ was not declared in this scope; did you mean ‘[01m[Kerror_t[m[K’?
[1.052s]    95 |         [01;31m[Kerror_p[m[K=2.50-distance_person;
[1.052s]       |         [01;31m[K^~~~~~~[m[K
[1.052s]       |         [32m[Kerror_t[m[K
[1.053s] [01m[K/home/robogait/catkin_ws/src/pkg_navigation/src/robot_controller_position.cpp:99:52:[m[K [01;31m[Kerror: [m[K‘[01m[Kant_time[m[K’ was not declared in this scope
[1.053s]    99 |               rclcpp::Duration t_spent = time_now -[01;31m[Kant_time[m[K;
[1.053s]       |                                                    [01;31m[K^~~~~~~~[m[K
[1.055s] [01m[K/home/robogait/catkin_ws/src/pkg_navigation/src/robot_controller_position.cpp:102:16:[m[K [01;31m[Kerror: [m[K‘[01m[Kerror_actual[m[K’ was not declared in this scope
[1.055s]   102 |                [01;31m[Kerror_actual[m[K=error_p;
[1.055s]       |                [01;31m[K^~~~~~~~~~~~[m[K
[1.056s] [01m[K/home/robogait/catkin_ws/src/pkg_navigation/src/robot_controller_position.cpp:104:9:[m[K [01;31m[Kerror: [m[K‘[01m[Kerror_d[m[K’ was not declared in this scope; did you mean ‘[01m[Kerror_t[m[K’?
[1.056s]   104 |         [01;31m[Kerror_d[m[K=(error_actual-error_ant)/time_spent;
[1.056s]       |         [01;31m[K^~~~~~~[m[K
[1.056s]       |         [32m[Kerror_t[m[K
[1.057s] [01m[K/home/robogait/catkin_ws/src/pkg_navigation/src/robot_controller_position.cpp:104:31:[m[K [01;31m[Kerror: [m[K‘[01m[Kerror_ant[m[K’ was not declared in this scope; did you mean ‘[01m[Kerror_t[m[K’?
[1.057s]   104 |         error_d=(error_actual-[01;31m[Kerror_ant[m[K)/time_spent;
[1.057s]       |                               [01;31m[K^~~~~~~~~[m[K
[1.057s]       |                               [32m[Kerror_t[m[K
[1.057s] [01m[K/home/robogait/catkin_ws/src/pkg_navigation/src/robot_controller_position.cpp:106:9:[m[K [01;31m[Kerror: [m[K‘[01m[Kerror_i[m[K’ was not declared in this scope; did you mean ‘[01m[Kerror_t[m[K’?
[1.057s]   106 |         [01;31m[Kerror_i[m[K=error_i+(error_actual*time_spent);
[1.057s]       |         [01;31m[K^~~~~~~[m[K
[1.058s]       |         [32m[Kerror_t[m[K
[1.059s] [01m[K/home/robogait/catkin_ws/src/pkg_navigation/src/robot_controller_position.cpp:117:20:[m[K [01;31m[Kerror: [m[K‘[01m[Kmax_speed[m[K’ was not declared in this scope
[1.059s]   117 |         if(control>[01;31m[Kmax_speed[m[K){
[1.059s]       |                    [01;31m[K^~~~~~~~~[m[K
[1.060s] [01m[K/home/robogait/catkin_ws/src/pkg_navigation/src/robot_controller_position.cpp:120:21:[m[K [01;31m[Kerror: [m[K‘[01m[Kmax_speed[m[K’ was not declared in this scope
[1.060s]   120 |         if(control<-[01;31m[Kmax_speed[m[K){
[1.060s]       |                     [01;31m[K^~~~~~~~~[m[K
[1.065s] [01m[K/home/robogait/catkin_ws/src/pkg_navigation/src/robot_controller_position.cpp:142:7:[m[K [01;31m[Kerror: [m[Ka function-definition is not allowed here before ‘[01m[K{[m[K’ token
[1.065s]   142 |       [01;31m[K{[m[K
[1.065s]       |       [01;31m[K^[m[K
[1.065s] [01m[K/home/robogait/catkin_ws/src/pkg_navigation/src/robot_controller_position.cpp:165:14:[m[K [01;35m[Kwarning: [m[Kunused variable ‘[01m[Kdistance_person[m[K’ [[01;35m[K-Wunused-variable[m[K]
[1.065s]   165 |        float [01;35m[Kdistance_person[m[K,person_vel,distance_person_ant;
[1.065s]       |              [01;35m[K^~~~~~~~~~~~~~~[m[K
[1.065s] [01m[K/home/robogait/catkin_ws/src/pkg_navigation/src/robot_controller_position.cpp:165:30:[m[K [01;35m[Kwarning: [m[Kunused variable ‘[01m[Kperson_vel[m[K’ [[01;35m[K-Wunused-variable[m[K]
[1.066s]   165 |        float distance_person,[01;35m[Kperson_vel[m[K,distance_person_ant;
[1.066s]       |                              [01;35m[K^~~~~~~~~~[m[K
[1.066s] [01m[K/home/robogait/catkin_ws/src/pkg_navigation/src/robot_controller_position.cpp:165:41:[m[K [01;35m[Kwarning: [m[Kunused variable ‘[01m[Kdistance_person_ant[m[K’ [[01;35m[K-Wunused-variable[m[K]
[1.066s]   165 |        float distance_person,person_vel,[01;35m[Kdistance_person_ant[m[K;
[1.066s]       |                                         [01;35m[K^~~~~~~~~~~~~~~~~~~[m[K
[1.066s] [01m[K/home/robogait/catkin_ws/src/pkg_navigation/src/robot_controller_position.cpp:166:14:[m[K [01;35m[Kwarning: [m[Kunused variable ‘[01m[Krobot_pos_x[m[K’ [[01;35m[K-Wunused-variable[m[K]
[1.066s]   166 |        float [01;35m[Krobot_pos_x[m[K, robot_vel_x;
[1.066s]       |              [01;35m[K^~~~~~~~~~~[m[K
[1.066s] [01m[K/home/robogait/catkin_ws/src/pkg_navigation/src/robot_controller_position.cpp:166:27:[m[K [01;35m[Kwarning: [m[Kunused variable ‘[01m[Krobot_vel_x[m[K’ [[01;35m[K-Wunused-variable[m[K]
[1.066s]   166 |        float robot_pos_x, [01;35m[Krobot_vel_x[m[K;
[1.066s]       |                           [01;35m[K^~~~~~~~~~~[m[K
[1.066s] [01m[K/home/robogait/catkin_ws/src/pkg_navigation/src/robot_controller_position.cpp:167:14:[m[K [01;35m[Kwarning: [m[Kunused variable ‘[01m[Karray[m[K’ [[01;35m[K-Wunused-variable[m[K]
[1.066s]   167 |        float [01;35m[Karray[m[K[5];
[1.066s]       |              [01;35m[K^~~~~[m[K
[1.066s] [01m[K/home/robogait/catkin_ws/src/pkg_navigation/src/robot_controller_position.cpp:169:14:[m[K [01;35m[Kwarning: [m[Kunused variable ‘[01m[Kerror_p[m[K’ [[01;35m[K-Wunused-variable[m[K]
[1.066s]   169 |        float [01;35m[Kerror_p[m[K,error_actual, error_ant,error_d, error_i;
[1.067s]       |              [01;35m[K^~~~~~~[m[K
[1.067s] [01m[K/home/robogait/catkin_ws/src/pkg_navigation/src/robot_controller_position.cpp:169:22:[m[K [01;35m[Kwarning: [m[Kunused variable ‘[01m[Kerror_actual[m[K’ [[01;35m[K-Wunused-variable[m[K]
[1.067s]   169 |        float error_p,[01;35m[Kerror_actual[m[K, error_ant,error_d, error_i;
[1.067s]       |                      [01;35m[K^~~~~~~~~~~~[m[K
[1.067s] [01m[K/home/robogait/catkin_ws/src/pkg_navigation/src/robot_controller_position.cpp:169:36:[m[K [01;35m[Kwarning: [m[Kunused variable ‘[01m[Kerror_ant[m[K’ [[01;35m[K-Wunused-variable[m[K]
[1.067s]   169 |        float error_p,error_actual, [01;35m[Kerror_ant[m[K,error_d, error_i;
[1.067s]       |                                    [01;35m[K^~~~~~~~~[m[K
[1.067s] [01m[K/home/robogait/catkin_ws/src/pkg_navigation/src/robot_controller_position.cpp:169:46:[m[K [01;35m[Kwarning: [m[Kunused variable ‘[01m[Kerror_d[m[K’ [[01;35m[K-Wunused-variable[m[K]
[1.067s]   169 |        float error_p,error_actual, error_ant,[01;35m[Kerror_d[m[K, error_i;
[1.067s]       |                                              [01;35m[K^~~~~~~[m[K
[1.067s] [01m[K/home/robogait/catkin_ws/src/pkg_navigation/src/robot_controller_position.cpp:169:55:[m[K [01;35m[Kwarning: [m[Kunused variable ‘[01m[Kerror_i[m[K’ [[01;35m[K-Wunused-variable[m[K]
[1.067s]   169 |        float error_p,error_actual, error_ant,error_d, [01;35m[Kerror_i[m[K;
[1.067s]       |                                                       [01;35m[K^~~~~~~[m[K
[1.067s] [01m[K/home/robogait/catkin_ws/src/pkg_navigation/src/robot_controller_position.cpp:170:14:[m[K [01;35m[Kwarning: [m[Kunused variable ‘[01m[Kmax_speed[m[K’ [[01;35m[K-Wunused-variable[m[K]
[1.067s]   170 |        float [01;35m[Kmax_speed[m[K=1.0;//1.5386;
[1.067s]       |              [01;35m[K^~~~~~~~~[m[K
[1.068s] [01m[K/home/robogait/catkin_ws/src/pkg_navigation/src/robot_controller_position.cpp:172:12:[m[K [01;35m[Kwarning: [m[Kunused variable ‘[01m[Kcounter_distances[m[K’ [[01;35m[K-Wunused-variable[m[K]
[1.068s]   172 |        int [01;35m[Kcounter_distances[m[K=0;
[1.068s]       |            [01;35m[K^~~~~~~~~~~~~~~~~[m[K
[1.068s] [01m[K/home/robogait/catkin_ws/src/pkg_navigation/src/robot_controller_position.cpp:[m[K At global scope:
[1.068s] [01m[K/home/robogait/catkin_ws/src/pkg_navigation/src/robot_controller_position.cpp:182:1:[m[K [01;31m[Kerror: [m[Kexpected unqualified-id at end of input
[1.068s]   182 | [01;31m[K}[m[K
[1.068s]       | [01;31m[K^[m[K
[2.297s] make[2]: *** [CMakeFiles/robot_controller_position.dir/build.make:63: CMakeFiles/robot_controller_position.dir/src/robot_controller_position.cpp.o] Error 1
[2.297s] make[1]: *** [CMakeFiles/Makefile2:306: CMakeFiles/robot_controller_position.dir/all] Error 2
[2.297s] make[1]: *** Waiting for unfinished jobs....
[3.431s] [ 92%] [32m[1mLinking CXX executable tf2_broadcaster_person[0m
[3.640s] [ 92%] Built target tf2_broadcaster_person
[3.641s] make: *** [Makefile:141: all] Error 2
[3.642s] Invoked command in '/home/robogait/catkin_ws/build/pkg_navigation' returned '2': CMAKE_PREFIX_PATH=${CMAKE_PREFIX_PATH}:/home/robogait/nav2_ws/install/nav2_gazebo_spawner:/home/robogait/ros2_serial/install/ourbotmanager:/home/robogait/ros2_ws/install/nav2_project:/opt/ros/foxy /usr/bin/cmake --build /home/robogait/catkin_ws/build/pkg_navigation -- -j8 -l8
