[0.012s] Invoking command in '/home/robogait/azure_kinect_ws/build/body_tracking': CMAKE_PREFIX_PATH=${CMAKE_PREFIX_PATH}:/home/robogait/ros2_serial/install/ourbotmanager:/opt/ros/foxy /usr/bin/cmake --build /home/robogait/azure_kinect_ws/build/body_tracking -- -j8 -l8
[0.040s] [35m[1mScanning dependencies of target body_tracking_recording_node[0m
[0.054s] [ 50%] Built target body_tracking_node
[0.058s] [ 75%] [32mBuilding CXX object CMakeFiles/body_tracking_recording_node.dir/src/kinectAzure_body_tracker_node_plus_recording.cpp.o[0m
[0.810s] [01m[K/home/robogait/azure_kinect_ws/src/body_tracking/src/kinectAzure_body_tracker_node_plus_recording.cpp:[m[K In member function ‘[01m[Kvoid MinimalPublisher::Init()[m[K’:
[0.810s] [01m[K/home/robogait/azure_kinect_ws/src/body_tracking/src/kinectAzure_body_tracker_node_plus_recording.cpp:327:68:[m[K [01;31m[Kerror: [m[Kcannot convert ‘[01m[K_k4a_record_t[m[K’ to ‘[01m[K_k4a_record_t**[m[K’
[0.810s]   327 |   if(k4a_record_create("~/output_test.mkv", device, device_config, [01;31m[K*recording_handle[m[K)){
[0.810s]       |                                                                    [01;31m[K^~~~~~~~~~~~~~~~~[m[K
[0.810s]       |                                                                    [01;31m[K|[m[K
[0.810s]       |                                                                    [01;31m[K_k4a_record_t[m[K
[0.810s] In file included from [01m[K/home/robogait/azure_kinect_ws/src/body_tracking/src/kinectAzure_body_tracker_node_plus_recording.cpp:11[m[K:
[0.810s] [01m[K/usr/include/k4arecord/record.h:69:63:[m[K [01;36m[Knote: [m[K  initializing argument 4 of ‘[01m[Kk4a_result_t k4a_record_create(const char*, k4a_device_t, k4a_device_configuration_t, _k4a_record_t**)[m[K’
[0.810s]    69 |                                                 [01;36m[Kk4a_record_t *recording_handle[m[K);
[0.810s]       |                                                 [01;36m[K~~~~~~~~~~~~~~^~~~~~~~~~~~~~~~[m[K
[1.322s] At global scope:
[1.322s] [01m[Kcc1plus:[m[K [01;35m[Kwarning: [m[Kunrecognized command line option ‘[01m[K-Wno-dev[m[K’
[1.330s] make[2]: *** [CMakeFiles/body_tracking_recording_node.dir/build.make:63: CMakeFiles/body_tracking_recording_node.dir/src/kinectAzure_body_tracker_node_plus_recording.cpp.o] Error 1
[1.331s] make[1]: *** [CMakeFiles/Makefile2:80: CMakeFiles/body_tracking_recording_node.dir/all] Error 2
[1.331s] make: *** [Makefile:141: all] Error 2
[1.333s] Invoked command in '/home/robogait/azure_kinect_ws/build/body_tracking' returned '2': CMAKE_PREFIX_PATH=${CMAKE_PREFIX_PATH}:/home/robogait/ros2_serial/install/ourbotmanager:/opt/ros/foxy /usr/bin/cmake --build /home/robogait/azure_kinect_ws/build/body_tracking -- -j8 -l8
