[0.012s] Invoking command in '/home/robogait/azure_kinect_ws/build/body_tracking': CMAKE_PREFIX_PATH=${CMAKE_PREFIX_PATH}:/home/robogait/ros2_serial/install/ourbotmanager:/opt/ros/foxy /usr/bin/cmake --build /home/robogait/azure_kinect_ws/build/body_tracking -- -j8 -l8
[0.029s] -- Found ament_cmake: 0.9.9 (/opt/ros/foxy/share/ament_cmake/cmake)
[0.043s] -- Using PYTHON_EXECUTABLE: /usr/bin/python3
[0.152s] -- Override CMake install command with custom implementation using symlinks instead of copying resources
[0.156s] -- Found rclcpp: 2.4.1 (/opt/ros/foxy/share/rclcpp/cmake)
[0.178s] -- Using all available rosidl_typesupport_c: rosidl_typesupport_fastrtps_c;rosidl_typesupport_introspection_c
[0.180s] -- Found rosidl_adapter: 1.2.1 (/opt/ros/foxy/share/rosidl_adapter/cmake)
[0.258s] -- Using all available rosidl_typesupport_cpp: rosidl_typesupport_fastrtps_cpp;rosidl_typesupport_introspection_cpp
[0.286s] -- Found rmw_implementation_cmake: 1.0.3 (/opt/ros/foxy/share/rmw_implementation_cmake/cmake)
[0.287s] -- Using RMW implementation 'rmw_fastrtps_cpp' as default
[0.371s] -- Found geometry_msgs: 2.0.5 (/opt/ros/foxy/share/geometry_msgs/cmake)
[0.391s] -- Found body_tracker_msgs: 0.0.0 (/home/robogait/azure_kinect_ws/install/body_tracker_msgs/share/body_tracker_msgs/cmake)
[0.424s] -- Found rosidl_default_generators: 1.0.1 (/opt/ros/foxy/share/rosidl_default_generators/cmake)
[0.434s] -- Found ament_lint_auto: 0.9.6 (/opt/ros/foxy/share/ament_lint_auto/cmake)
[0.472s] -- Added test 'copyright' to check source files copyright and LICENSE
[0.472s] -- Added test 'cppcheck' to perform static code analysis on C / C++ code
[0.472s] -- Configured cppcheck include dirs: 
[0.473s] -- Configured cppcheck exclude dirs and/or files: 
[0.473s] -- Added test 'cpplint' to check C / C++ code against the Google style
[0.473s] -- Configured cpplint exclude dirs and/or files: 
[0.474s] -- Added test 'lint_cmake' to check CMake code style
[0.474s] -- Added test 'uncrustify' to check C / C++ code style
[0.474s] -- Configured uncrustify additional arguments: 
[0.474s] -- Added test 'xmllint' to check XML markup files
[0.476s] -- Configuring done
[0.483s] -- Generating done
[0.484s] -- Build files have been written to: /home/robogait/azure_kinect_ws/build/body_tracking
[0.502s] [35m[1mScanning dependencies of target body_tracking_recording_node[0m
[0.514s] [ 50%] Built target body_tracking_node
[0.516s] [ 75%] [32mBuilding CXX object CMakeFiles/body_tracking_recording_node.dir/src/kinectAzure_body_tracker_node_plus_recording.cpp.o[0m
[2.196s] [100%] [32m[1mLinking CXX executable body_tracking_recording_node[0m
[2.286s] /usr/bin/ld: CMakeFiles/body_tracking_recording_node.dir/src/kinectAzure_body_tracker_node_plus_recording.cpp.o: in function `MinimalPublisher::Init()':
[2.286s] kinectAzure_body_tracker_node_plus_recording.cpp:(.text._ZN16MinimalPublisher4InitEv[_ZN16MinimalPublisher4InitEv]+0x260): undefined reference to `k4a_record_create'
[2.286s] /usr/bin/ld: CMakeFiles/body_tracking_recording_node.dir/src/kinectAzure_body_tracker_node_plus_recording.cpp.o: in function `MinimalPublisher::close()':
[2.286s] kinectAzure_body_tracker_node_plus_recording.cpp:(.text._ZN16MinimalPublisher5closeEv[_ZN16MinimalPublisher5closeEv]+0x77): undefined reference to `k4a_record_close'
[2.289s] collect2: error: ld returned 1 exit status
[2.290s] make[2]: *** [CMakeFiles/body_tracking_recording_node.dir/build.make:141: body_tracking_recording_node] Error 1
[2.290s] make[1]: *** [CMakeFiles/Makefile2:80: CMakeFiles/body_tracking_recording_node.dir/all] Error 2
[2.290s] make: *** [Makefile:141: all] Error 2
[2.293s] Invoked command in '/home/robogait/azure_kinect_ws/build/body_tracking' returned '2': CMAKE_PREFIX_PATH=${CMAKE_PREFIX_PATH}:/home/robogait/ros2_serial/install/ourbotmanager:/opt/ros/foxy /usr/bin/cmake --build /home/robogait/azure_kinect_ws/build/body_tracking -- -j8 -l8
