[01m[K/home/robogait/azure_kinect_ws/src/kinect_azure_body_tracker/src/kinectAzure_body_tracker_node.cpp:[m[K In constructor ‘[01m[KMinimalPublisher::MinimalPublisher()[m[K’:
[01m[K/home/robogait/azure_kinect_ws/src/kinect_azure_body_tracker/src/kinectAzure_body_tracker_node.cpp:32:63:[m[K [01;31m[Kerror: [m[K‘[01m[KSpineBottom[m[K’ is not a member of ‘[01m[Kbody_tracker_msgs::msg[m[K’
   32 |   publisher_ = this->create_publisher<body_tracker_msgs::msg::[01;31m[KSpineBottom[m[K>("kinect_azure_body_tracker_node", 10);
      |                                                               [01;31m[K^~~~~~~~~~~[m[K
[01m[K/home/robogait/azure_kinect_ws/src/kinect_azure_body_tracker/src/kinectAzure_body_tracker_node.cpp:32:63:[m[K [01;31m[Kerror: [m[K‘[01m[KSpineBottom[m[K’ is not a member of ‘[01m[Kbody_tracker_msgs::msg[m[K’
[01m[K/home/robogait/azure_kinect_ws/src/kinect_azure_body_tracker/src/kinectAzure_body_tracker_node.cpp:32:112:[m[K [01;31m[Kerror: [m[Kno matching function for call to ‘[01m[KMinimalPublisher::create_publisher<<expression error> >(const char [31], int)[m[K’
   32 |   publisher_ = this->create_publisher<body_tracker_msgs::msg::SpineBottom>("kinect_azure_body_tracker_node", 10[01;31m[K)[m[K;
      |                                                                                                                [01;31m[K^[m[K
In file included from [01m[K/opt/ros/foxy/include/rclcpp/executors/single_threaded_executor.hpp:28[m[K,
                 from [01m[K/opt/ros/foxy/include/rclcpp/executors.hpp:22[m[K,
                 from [01m[K/opt/ros/foxy/include/rclcpp/rclcpp.hpp:146[m[K,
                 from [01m[K/home/robogait/azure_kinect_ws/src/kinect_azure_body_tracker/src/kinectAzure_body_tracker_node.cpp:16[m[K:
[01m[K/opt/ros/foxy/include/rclcpp/node.hpp:184:3:[m[K [01;36m[Knote: [m[Kcandidate: ‘[01m[Ktemplate<class MessageT, class AllocatorT, class PublisherT> std::shared_ptr<PublisherT> rclcpp::Node::create_publisher(const string&, const rclcpp::QoS&, const rclcpp::PublisherOptionsWithAllocator<AllocatorT>&)[m[K’
  184 |   [01;36m[Kcreate_publisher[m[K(
      |   [01;36m[K^~~~~~~~~~~~~~~~[m[K
[01m[K/opt/ros/foxy/include/rclcpp/node.hpp:184:3:[m[K [01;36m[Knote: [m[K  template argument deduction/substitution failed:
[01m[K/home/robogait/azure_kinect_ws/src/kinect_azure_body_tracker/src/kinectAzure_body_tracker_node.cpp:32:112:[m[K [01;31m[Kerror: [m[Ktemplate argument 1 is invalid
   32 |   publisher_ = this->create_publisher<body_tracker_msgs::msg::SpineBottom>("kinect_azure_body_tracker_node", 10[01;31m[K)[m[K;
      |                                                                                                                [01;31m[K^[m[K
[01m[K/home/robogait/azure_kinect_ws/src/kinect_azure_body_tracker/src/kinectAzure_body_tracker_node.cpp:[m[K In member function ‘[01m[Kvoid MinimalPublisher::body_tracking()[m[K’:
[01m[K/home/robogait/azure_kinect_ws/src/kinect_azure_body_tracker/src/kinectAzure_body_tracker_node.cpp:129:46:[m[K [01;31m[Kerror: [m[K‘[01m[KSpineBottom[m[K’ is not a member of ‘[01m[Kbody_tracker_msgs::msg[m[K’
  129 |   auto pelvis_data = body_tracker_msgs::msg::[01;31m[KSpineBottom[m[K();
      |                                              [01;31m[K^~~~~~~~~~~[m[K
At global scope:
[01m[Kcc1plus:[m[K [01;35m[Kwarning: [m[Kunrecognized command line option ‘[01m[K-Wno-dev[m[K’
make[2]: *** [CMakeFiles/kinect_azure_body_tracker_node.dir/build.make:63: CMakeFiles/kinect_azure_body_tracker_node.dir/src/kinectAzure_body_tracker_node.cpp.o] Error 1
make[1]: *** [CMakeFiles/Makefile2:136: CMakeFiles/kinect_azure_body_tracker_node.dir/all] Error 2
make: *** [Makefile:141: all] Error 2
