[0.021s] Invoking command in '/home/robogait/azure_kinect_ws/build/kinect_azure_body_tracker': CMAKE_PREFIX_PATH=${CMAKE_PREFIX_PATH}:/home/robogait/ros2_ws/install/nav2_project:/home/robogait/nav2_ws/install/nav2_gazebo_spawner:/home/robogait/ros2_serial/install/ourbotmanager:/opt/ros/foxy /usr/bin/cmake --build /home/robogait/azure_kinect_ws/build/kinect_azure_body_tracker -- -j8 -l8
[0.063s] [35m[1mScanning dependencies of target kinect_azure_body_tracker_node[0m
[0.086s] [ 33%] Built target kinect_azure_body_tracker_node_simplified
[0.091s] [ 66%] Built target kinect_azure_body_tracker_recording_node
[0.098s] [ 83%] [32mBuilding CXX object CMakeFiles/kinect_azure_body_tracker_node.dir/src/kinectAzure_body_tracker_node.cpp.o[0m
[0.888s] [01m[K/home/robogait/azure_kinect_ws/src/kinect_azure_body_tracker/src/kinectAzure_body_tracker_node.cpp:[m[K In constructor ‘[01m[KMinimalPublisher::MinimalPublisher()[m[K’:
[0.888s] [01m[K/home/robogait/azure_kinect_ws/src/kinect_azure_body_tracker/src/kinectAzure_body_tracker_node.cpp:32:63:[m[K [01;31m[Kerror: [m[K‘[01m[KSpineBottom[m[K’ is not a member of ‘[01m[Kbody_tracker_msgs::msg[m[K’
[0.888s]    32 |   publisher_ = this->create_publisher<body_tracker_msgs::msg::[01;31m[KSpineBottom[m[K>("kinect_azure_body_tracker_node", 10);
[0.888s]       |                                                               [01;31m[K^~~~~~~~~~~[m[K
[0.889s] [01m[K/home/robogait/azure_kinect_ws/src/kinect_azure_body_tracker/src/kinectAzure_body_tracker_node.cpp:32:63:[m[K [01;31m[Kerror: [m[K‘[01m[KSpineBottom[m[K’ is not a member of ‘[01m[Kbody_tracker_msgs::msg[m[K’
[0.889s] [01m[K/home/robogait/azure_kinect_ws/src/kinect_azure_body_tracker/src/kinectAzure_body_tracker_node.cpp:32:112:[m[K [01;31m[Kerror: [m[Kno matching function for call to ‘[01m[KMinimalPublisher::create_publisher<<expression error> >(const char [31], int)[m[K’
[0.889s]    32 |   publisher_ = this->create_publisher<body_tracker_msgs::msg::SpineBottom>("kinect_azure_body_tracker_node", 10[01;31m[K)[m[K;
[0.889s]       |                                                                                                                [01;31m[K^[m[K
[0.889s] In file included from [01m[K/opt/ros/foxy/include/rclcpp/executors/single_threaded_executor.hpp:28[m[K,
[0.889s]                  from [01m[K/opt/ros/foxy/include/rclcpp/executors.hpp:22[m[K,
[0.889s]                  from [01m[K/opt/ros/foxy/include/rclcpp/rclcpp.hpp:146[m[K,
[0.889s]                  from [01m[K/home/robogait/azure_kinect_ws/src/kinect_azure_body_tracker/src/kinectAzure_body_tracker_node.cpp:16[m[K:
[0.889s] [01m[K/opt/ros/foxy/include/rclcpp/node.hpp:184:3:[m[K [01;36m[Knote: [m[Kcandidate: ‘[01m[Ktemplate<class MessageT, class AllocatorT, class PublisherT> std::shared_ptr<PublisherT> rclcpp::Node::create_publisher(const string&, const rclcpp::QoS&, const rclcpp::PublisherOptionsWithAllocator<AllocatorT>&)[m[K’
[0.889s]   184 |   [01;36m[Kcreate_publisher[m[K(
[0.889s]       |   [01;36m[K^~~~~~~~~~~~~~~~[m[K
[0.889s] [01m[K/opt/ros/foxy/include/rclcpp/node.hpp:184:3:[m[K [01;36m[Knote: [m[K  template argument deduction/substitution failed:
[0.889s] [01m[K/home/robogait/azure_kinect_ws/src/kinect_azure_body_tracker/src/kinectAzure_body_tracker_node.cpp:32:112:[m[K [01;31m[Kerror: [m[Ktemplate argument 1 is invalid
[0.889s]    32 |   publisher_ = this->create_publisher<body_tracker_msgs::msg::SpineBottom>("kinect_azure_body_tracker_node", 10[01;31m[K)[m[K;
[0.889s]       |                                                                                                                [01;31m[K^[m[K
[0.890s] [01m[K/home/robogait/azure_kinect_ws/src/kinect_azure_body_tracker/src/kinectAzure_body_tracker_node.cpp:[m[K In member function ‘[01m[Kvoid MinimalPublisher::body_tracking()[m[K’:
[0.890s] [01m[K/home/robogait/azure_kinect_ws/src/kinect_azure_body_tracker/src/kinectAzure_body_tracker_node.cpp:129:46:[m[K [01;31m[Kerror: [m[K‘[01m[KSpineBottom[m[K’ is not a member of ‘[01m[Kbody_tracker_msgs::msg[m[K’
[0.890s]   129 |   auto pelvis_data = body_tracker_msgs::msg::[01;31m[KSpineBottom[m[K();
[0.890s]       |                                              [01;31m[K^~~~~~~~~~~[m[K
[1.101s] At global scope:
[1.101s] [01m[Kcc1plus:[m[K [01;35m[Kwarning: [m[Kunrecognized command line option ‘[01m[K-Wno-dev[m[K’
[1.108s] make[2]: *** [CMakeFiles/kinect_azure_body_tracker_node.dir/build.make:63: CMakeFiles/kinect_azure_body_tracker_node.dir/src/kinectAzure_body_tracker_node.cpp.o] Error 1
[1.108s] make[1]: *** [CMakeFiles/Makefile2:136: CMakeFiles/kinect_azure_body_tracker_node.dir/all] Error 2
[1.108s] make: *** [Makefile:141: all] Error 2
[1.109s] Invoked command in '/home/robogait/azure_kinect_ws/build/kinect_azure_body_tracker' returned '2': CMAKE_PREFIX_PATH=${CMAKE_PREFIX_PATH}:/home/robogait/ros2_ws/install/nav2_project:/home/robogait/nav2_ws/install/nav2_gazebo_spawner:/home/robogait/ros2_serial/install/ourbotmanager:/opt/ros/foxy /usr/bin/cmake --build /home/robogait/azure_kinect_ws/build/kinect_azure_body_tracker -- -j8 -l8
