[0.021s] Invoking command in '/home/robogait/azure_kinect_ws/build/kinect_azure_body_tracker': CMAKE_PREFIX_PATH=${CMAKE_PREFIX_PATH}:/home/robogait/nav2_ws/install/nav2_gazebo_spawner:/home/robogait/ros2_serial/install/ourbotmanager:/home/robogait/ros2_ws/install/nav2_project:/opt/ros/foxy /usr/bin/cmake --build /home/robogait/azure_kinect_ws/build/kinect_azure_body_tracker -- -j8 -l8
[0.074s] [35m[1mScanning dependencies of target kinect_azure_body_tracker_node_plus_recording_test[0m
[0.121s] [ 14%] Built target kinect_azure_body_tracker_node_simplified
[0.121s] [ 28%] Built target kinect_azure_body_tracker_node
[0.122s] [ 35%] [32mBuilding CXX object CMakeFiles/kinect_azure_body_tracker_node_plus_recording_test.dir/src/kinectAzure_body_tracker_node_plus_recording_test.cpp.o[0m
[0.124s] [ 50%] Built target kinect_azure_body_tracker_node_full_processing
[0.126s] [ 64%] Built target kinect_azure_body_tracker_recording_node_simplified
[0.129s] [ 78%] Built target kinect_azure_body_tracker_node_finite
[0.132s] [ 92%] Built target kinect_azure_body_tracker_recording_node
[0.892s] [01m[K/home/robogait/azure_kinect_ws/src/kinect_azure_body_tracker/src/kinectAzure_body_tracker_node_plus_recording_test.cpp:[m[K In member function ‘[01m[Kvoid MinimalPublisher::close()[m[K’:
[0.892s] [01m[K/home/robogait/azure_kinect_ws/src/kinect_azure_body_tracker/src/kinectAzure_body_tracker_node_plus_recording_test.cpp:207:3:[m[K [01;31m[Kerror: [m[K‘[01m[KFPS_recording[m[K’ was not declared in this scope
[0.892s]   207 |   [01;31m[KFPS_recording[m[K = total_frames_recording / elapsed_time;
[0.892s]       |   [01;31m[K^~~~~~~~~~~~~[m[K
[0.895s] [01m[K/home/robogait/azure_kinect_ws/src/kinect_azure_body_tracker/src/kinectAzure_body_tracker_node_plus_recording_test.cpp:207:19:[m[K [01;31m[Kerror: [m[K‘[01m[Ktotal_frames_recording[m[K’ was not declared in this scope
[0.895s]   207 |   FPS_recording = [01;31m[Ktotal_frames_recording[m[K / elapsed_time;
[0.895s]       |                   [01;31m[K^~~~~~~~~~~~~~~~~~~~~~[m[K
[1.403s] At global scope:
[1.403s] [01m[Kcc1plus:[m[K [01;35m[Kwarning: [m[Kunrecognized command line option ‘[01m[K-Wno-dev[m[K’
[1.410s] make[2]: *** [CMakeFiles/kinect_azure_body_tracker_node_plus_recording_test.dir/build.make:63: CMakeFiles/kinect_azure_body_tracker_node_plus_recording_test.dir/src/kinectAzure_body_tracker_node_plus_recording_test.cpp.o] Error 1
[1.410s] make[1]: *** [CMakeFiles/Makefile2:117: CMakeFiles/kinect_azure_body_tracker_node_plus_recording_test.dir/all] Error 2
[1.410s] make: *** [Makefile:141: all] Error 2
[1.412s] Invoked command in '/home/robogait/azure_kinect_ws/build/kinect_azure_body_tracker' returned '2': CMAKE_PREFIX_PATH=${CMAKE_PREFIX_PATH}:/home/robogait/nav2_ws/install/nav2_gazebo_spawner:/home/robogait/ros2_serial/install/ourbotmanager:/home/robogait/ros2_ws/install/nav2_project:/opt/ros/foxy /usr/bin/cmake --build /home/robogait/azure_kinect_ws/build/kinect_azure_body_tracker -- -j8 -l8
