[35m[1mScanning dependencies of target kinect_azure_body_tracker_recording_node_simplified[0m
[ 14%] Built target kinect_azure_body_tracker_node_full_processing
[ 28%] Built target kinect_azure_body_tracker_node
[ 42%] Built target kinect_azure_body_tracker_node_plus_recording_test
[ 57%] Built target kinect_azure_body_tracker_node_simplified
[ 71%] Built target kinect_azure_body_tracker_node_finite
[ 85%] Built target kinect_azure_body_tracker_recording_node
[ 92%] [32mBuilding CXX object CMakeFiles/kinect_azure_body_tracker_recording_node_simplified.dir/src/kinectAzure_body_tracker_node_plus_recording_simplified.cpp.o[0m
[01m[K/home/robogait/azure_kinect_ws/src/kinect_azure_body_tracker/src/kinectAzure_body_tracker_node_plus_recording_simplified.cpp:[m[K In member function ‘[01m[Kvoid MinimalPublisher::Init()[m[K’:
[01m[K/home/robogait/azure_kinect_ws/src/kinect_azure_body_tracker/src/kinectAzure_body_tracker_node_plus_recording_simplified.cpp:185:14:[m[K [01;31m[Kerror: [m[K‘[01m[Kput_time[m[K’ is not a member of ‘[01m[Kstd[m[K’
  185 |   ss << std::[01;31m[Kput_time[m[K(std::localtime(&in_time_t), "_%Y_%m_%d_%X");
      |              [01;31m[K^~~~~~~~[m[K
[01m[K/home/robogait/azure_kinect_ws/src/kinect_azure_body_tracker/src/kinectAzure_body_tracker_node_plus_recording_simplified.cpp:186:11:[m[K [01;31m[Kerror: [m[K‘[01m[KcsvFullPath[m[K’ was not declared in this scope
  186 |   sprintf([01;31m[KcsvFullPath[m[K, "%s%s.csv", output_path, ss.str().c_str());
      |           [01;31m[K^~~~~~~~~~~[m[K
[01m[K/home/robogait/azure_kinect_ws/src/kinect_azure_body_tracker/src/kinectAzure_body_tracker_node_plus_recording_simplified.cpp:186:36:[m[K [01;31m[Kerror: [m[K‘[01m[Koutput_path[m[K’ was not declared in this scope
  186 |   sprintf(csvFullPath, "%s%s.csv", [01;31m[Koutput_path[m[K, ss.str().c_str());
      |                                    [01;31m[K^~~~~~~~~~~[m[K
At global scope:
[01m[Kcc1plus:[m[K [01;35m[Kwarning: [m[Kunrecognized command line option ‘[01m[K-Wno-dev[m[K’
make[2]: *** [CMakeFiles/kinect_azure_body_tracker_recording_node_simplified.dir/build.make:63: CMakeFiles/kinect_azure_body_tracker_recording_node_simplified.dir/src/kinectAzure_body_tracker_node_plus_recording_simplified.cpp.o] Error 1
make[1]: *** [CMakeFiles/Makefile2:225: CMakeFiles/kinect_azure_body_tracker_recording_node_simplified.dir/all] Error 2
make: *** [Makefile:141: all] Error 2
