[0.021s] Invoking command in '/home/robogait/azure_kinect_ws/build/kinect_azure_body_tracker': CMAKE_PREFIX_PATH=${CMAKE_PREFIX_PATH}:/home/robogait/nav2_ws/install/nav2_gazebo_spawner:/home/robogait/ros2_serial/install/ourbotmanager:/home/robogait/ros2_ws/install/nav2_project:/opt/ros/foxy /usr/bin/cmake --build /home/robogait/azure_kinect_ws/build/kinect_azure_body_tracker -- -j8 -l8
[0.066s] [35m[1mScanning dependencies of target kinect_azure_body_tracker_node_full_processing[0m
[0.092s] [ 20%] Built target kinect_azure_body_tracker_node_simplified
[0.093s] [ 40%] Built target kinect_azure_body_tracker_node
[0.095s] [ 60%] Built target kinect_azure_body_tracker_recording_node_simplified
[0.109s] [ 70%] [32mBuilding CXX object CMakeFiles/kinect_azure_body_tracker_node_full_processing.dir/src/kinectAzure_body_tracker_node_full_processing.cpp.o[0m
[0.109s] [ 90%] Built target kinect_azure_body_tracker_recording_node
[0.915s] In file included from [01m[K/home/robogait/azure_kinect_ws/src/kinect_azure_body_tracker/src/kinectAzure_body_tracker_node_full_processing.cpp:23[m[K:
[0.915s] [01m[K/home/robogait/azure_kinect_ws/src/kinect_azure_body_tracker/src/csvProcessing.cpp:98:157:[m[K [01;31m[Kerror: [m[Kdefault argument missing for parameter 4 of ‘[01m[Kbool process_mkv_offline(const char*, const char*, k4abt_tracker_configuration_t, bool)[m[K’
[0.915s]    98 | const char* output_path, k4abt_tracker_configuration_t tracker_config = K4ABT_TRACKER_CONFIG_DEFAULT, [01;31m[Kbool deleteExistingFile[m[K)
[0.915s]       |                                                                                                       [01;31m[K~~~~~^~~~~~~~~~~~~~~~~~[m[K
[0.915s] 
[0.915s] [01m[K/home/robogait/azure_kinect_ws/src/kinect_azure_body_tracker/src/csvProcessing.cpp:98:105:[m[K [01;36m[Knote: [m[K...following parameter 3 which has a default argument
[0.915s]    98 | bool process_mkv_offline(const char* input_path, const char* output_path, [01;36m[Kk4abt_tracker_configuration_t tracker_config = K4ABT_TRACKER_CONFIG_DEFAULT[m[K, bool deleteExistingFile)
[0.915s]       |                                                                           [01;36m[K~~~~~~~~~~~~~~~~~~~~~~~~~~~~~~^~~~~~~~~~~~~~~~~~~~~~~~~~~~~~~~~~~~~~~~~~~~~[m[K
[1.445s] [01m[Kcc1plus:[m[K [01;35m[Kwarning: [m[Kunrecognized command line option ‘[01m[K-Wno-dev[m[K’
[1.451s] make[2]: *** [CMakeFiles/kinect_azure_body_tracker_node_full_processing.dir/build.make:63: CMakeFiles/kinect_azure_body_tracker_node_full_processing.dir/src/kinectAzure_body_tracker_node_full_processing.cpp.o] Error 1
[1.451s] make[1]: *** [CMakeFiles/Makefile2:86: CMakeFiles/kinect_azure_body_tracker_node_full_processing.dir/all] Error 2
[1.451s] make: *** [Makefile:141: all] Error 2
[1.453s] Invoked command in '/home/robogait/azure_kinect_ws/build/kinect_azure_body_tracker' returned '2': CMAKE_PREFIX_PATH=${CMAKE_PREFIX_PATH}:/home/robogait/nav2_ws/install/nav2_gazebo_spawner:/home/robogait/ros2_serial/install/ourbotmanager:/home/robogait/ros2_ws/install/nav2_project:/opt/ros/foxy /usr/bin/cmake --build /home/robogait/azure_kinect_ws/build/kinect_azure_body_tracker -- -j8 -l8
