[0.168s] DEBUG:colcon:Command line arguments: ['/usr/bin/colcon', 'build']
[0.168s] DEBUG:colcon:Parsed command line arguments: Namespace(allow_overriding=[], ament_cmake_args=None, base_paths=['.'], build_base='build', catkin_cmake_args=None, catkin_skip_building_tests=False, cmake_args=None, cmake_clean_cache=False, cmake_clean_first=False, cmake_force_configure=False, cmake_target=None, cmake_target_skip_unavailable=False, continue_on_error=False, event_handlers=None, executor='parallel', ignore_user_meta=False, install_base='install', log_base=None, log_level=None, main=<bound method BuildVerb.main of <colcon_core.verb.build.BuildVerb object at 0x7fe4cdbe05e0>>, merge_install=False, metas=['./colcon.meta'], packages_above=None, packages_above_and_dependencies=None, packages_above_depth=None, packages_end=None, packages_ignore=None, packages_ignore_regex=None, packages_select=None, packages_select_build_failed=False, packages_select_by_dep=None, packages_select_regex=None, packages_select_test_failures=False, packages_skip=None, packages_skip_build_finished=False, packages_skip_by_dep=None, packages_skip_regex=None, packages_skip_test_passed=False, packages_skip_up_to=None, packages_start=None, packages_up_to=None, packages_up_to_regex=None, parallel_workers=8, paths=None, symlink_install=False, test_result_base=None, verb_extension=<colcon_core.verb.build.BuildVerb object at 0x7fe4cdbe05e0>, verb_name='build', verb_parser=<colcon_defaults.argument_parser.defaults.DefaultArgumentsDecorator object at 0x7fe4cdbe0b20>)
[0.204s] Level 1:colcon.colcon_core.package_discovery:discover_packages(colcon_meta) check parameters
[0.204s] Level 1:colcon.colcon_core.package_discovery:discover_packages(recursive) check parameters
[0.204s] Level 1:colcon.colcon_core.package_discovery:discover_packages(ignore) check parameters
[0.204s] Level 1:colcon.colcon_core.package_discovery:discover_packages(path) check parameters
[0.204s] Level 1:colcon.colcon_core.package_discovery:discover_packages(colcon_meta) discover
[0.204s] Level 1:colcon.colcon_core.package_discovery:discover_packages(recursive) discover
[0.204s] INFO:colcon.colcon_core.package_discovery:Crawling recursively for packages in '/home/robogait/catkin_ws'
[0.204s] Level 1:colcon.colcon_core.package_identification:_identify(.) by extensions ['ignore', 'ignore_ament_install']
[0.204s] Level 1:colcon.colcon_core.package_identification:_identify(.) by extension 'ignore'
[0.204s] Level 1:colcon.colcon_core.package_identification:_identify(.) by extension 'ignore_ament_install'
[0.204s] Level 1:colcon.colcon_core.package_identification:_identify(.) by extensions ['colcon_pkg']
[0.204s] Level 1:colcon.colcon_core.package_identification:_identify(.) by extension 'colcon_pkg'
[0.204s] Level 1:colcon.colcon_core.package_identification:_identify(.) by extensions ['colcon_meta']
[0.204s] Level 1:colcon.colcon_core.package_identification:_identify(.) by extension 'colcon_meta'
[0.205s] Level 1:colcon.colcon_core.package_identification:_identify(.) by extensions ['ros']
[0.205s] Level 1:colcon.colcon_core.package_identification:_identify(.) by extension 'ros'
[0.222s] Level 1:colcon.colcon_core.package_identification:_identify(.) by extensions ['cmake', 'python']
[0.222s] Level 1:colcon.colcon_core.package_identification:_identify(.) by extension 'cmake'
[0.222s] Level 1:colcon.colcon_core.package_identification:_identify(.) by extension 'python'
[0.222s] Level 1:colcon.colcon_core.package_identification:_identify(.) by extensions ['python_setup_py']
[0.222s] Level 1:colcon.colcon_core.package_identification:_identify(.) by extension 'python_setup_py'
[0.222s] Level 1:colcon.colcon_core.package_identification:_identify(build) by extensions ['ignore', 'ignore_ament_install']
[0.223s] Level 1:colcon.colcon_core.package_identification:_identify(build) by extension 'ignore'
[0.223s] Level 1:colcon.colcon_core.package_identification:_identify(build) ignored
[0.223s] Level 1:colcon.colcon_core.package_identification:_identify(install) by extensions ['ignore', 'ignore_ament_install']
[0.223s] Level 1:colcon.colcon_core.package_identification:_identify(install) by extension 'ignore'
[0.223s] Level 1:colcon.colcon_core.package_identification:_identify(install) ignored
[0.224s] Level 1:colcon.colcon_core.package_identification:_identify(log) by extensions ['ignore', 'ignore_ament_install']
[0.224s] Level 1:colcon.colcon_core.package_identification:_identify(log) by extension 'ignore'
[0.224s] Level 1:colcon.colcon_core.package_identification:_identify(log) ignored
[0.224s] Level 1:colcon.colcon_core.package_identification:_identify(src) by extensions ['ignore', 'ignore_ament_install']
[0.224s] Level 1:colcon.colcon_core.package_identification:_identify(src) by extension 'ignore'
[0.224s] Level 1:colcon.colcon_core.package_identification:_identify(src) by extension 'ignore_ament_install'
[0.224s] Level 1:colcon.colcon_core.package_identification:_identify(src) by extensions ['colcon_pkg']
[0.224s] Level 1:colcon.colcon_core.package_identification:_identify(src) by extension 'colcon_pkg'
[0.224s] Level 1:colcon.colcon_core.package_identification:_identify(src) by extensions ['colcon_meta']
[0.224s] Level 1:colcon.colcon_core.package_identification:_identify(src) by extension 'colcon_meta'
[0.224s] Level 1:colcon.colcon_core.package_identification:_identify(src) by extensions ['ros']
[0.224s] Level 1:colcon.colcon_core.package_identification:_identify(src) by extension 'ros'
[0.225s] Level 1:colcon.colcon_core.package_identification:_identify(src) by extensions ['cmake', 'python']
[0.225s] Level 1:colcon.colcon_core.package_identification:_identify(src) by extension 'cmake'
[0.225s] Level 1:colcon.colcon_core.package_identification:_identify(src) by extension 'python'
[0.225s] Level 1:colcon.colcon_core.package_identification:_identify(src) by extensions ['python_setup_py']
[0.225s] Level 1:colcon.colcon_core.package_identification:_identify(src) by extension 'python_setup_py'
[0.225s] Level 1:colcon.colcon_core.package_identification:_identify(src/pkg_navigation) by extensions ['ignore', 'ignore_ament_install']
[0.225s] Level 1:colcon.colcon_core.package_identification:_identify(src/pkg_navigation) by extension 'ignore'
[0.225s] Level 1:colcon.colcon_core.package_identification:_identify(src/pkg_navigation) by extension 'ignore_ament_install'
[0.225s] Level 1:colcon.colcon_core.package_identification:_identify(src/pkg_navigation) by extensions ['colcon_pkg']
[0.225s] Level 1:colcon.colcon_core.package_identification:_identify(src/pkg_navigation) by extension 'colcon_pkg'
[0.225s] Level 1:colcon.colcon_core.package_identification:_identify(src/pkg_navigation) by extensions ['colcon_meta']
[0.225s] Level 1:colcon.colcon_core.package_identification:_identify(src/pkg_navigation) by extension 'colcon_meta'
[0.225s] Level 1:colcon.colcon_core.package_identification:_identify(src/pkg_navigation) by extensions ['ros']
[0.225s] Level 1:colcon.colcon_core.package_identification:_identify(src/pkg_navigation) by extension 'ros'
[0.229s] DEBUG:colcon.colcon_core.package_identification:Package 'src/pkg_navigation' with type 'ros.ament_cmake' and name 'pkg_navigation'
[0.229s] Level 1:colcon.colcon_core.package_discovery:discover_packages(recursive) using defaults
[0.229s] Level 1:colcon.colcon_core.package_discovery:discover_packages(ignore) discover
[0.229s] Level 1:colcon.colcon_core.package_discovery:discover_packages(ignore) using defaults
[0.229s] Level 1:colcon.colcon_core.package_discovery:discover_packages(path) discover
[0.229s] Level 1:colcon.colcon_core.package_discovery:discover_packages(path) using defaults
[0.255s] Level 1:colcon.colcon_core.package_discovery:discover_packages(prefix_path) check parameters
[0.255s] Level 1:colcon.colcon_core.package_discovery:discover_packages(prefix_path) discover
[0.259s] DEBUG:colcon.colcon_installed_package_information.package_discovery:Found 4 installed packages in /home/robogait/azure_kinect_ws/install
[0.260s] DEBUG:colcon.colcon_installed_package_information.package_discovery:Found 3 installed packages in /home/robogait/ros2_ws_realsense/install
[0.260s] DEBUG:colcon.colcon_installed_package_information.package_discovery:Found 4 installed packages in /home/robogait/nav2_teb/install
[0.262s] DEBUG:colcon.colcon_installed_package_information.package_discovery:Found 31 installed packages in /home/robogait/nav2_ws/install
[0.263s] DEBUG:colcon.colcon_installed_package_information.package_discovery:Found 1 installed packages in /home/robogait/ros2_serial_cpp/install
[0.263s] DEBUG:colcon.colcon_installed_package_information.package_discovery:Found 1 installed packages in /home/robogait/serial_cpp/install
[0.264s] DEBUG:colcon.colcon_installed_package_information.package_discovery:Found 1 installed packages in /home/robogait/ros2_serial/install
[0.265s] DEBUG:colcon.colcon_installed_package_information.package_discovery:Found 2 installed packages in /home/robogait/rplidar/install
[0.265s] DEBUG:colcon.colcon_installed_package_information.package_discovery:Found 2 installed packages in /home/robogait/catkin_ws/install
[0.266s] DEBUG:colcon.colcon_installed_package_information.package_discovery:Found 1 installed packages in /home/robogait/tutorials_ros2/install
[0.266s] DEBUG:colcon.colcon_installed_package_information.package_discovery:Found 2 installed packages in /home/robogait/ros2_ws/install
[0.268s] DEBUG:colcon.colcon_installed_package_information.package_discovery:Found 323 installed packages in /opt/ros/foxy
[0.273s] Level 1:colcon.colcon_core.package_discovery:discover_packages(prefix_path) using defaults
[0.373s] Level 5:colcon.colcon_core.verb:set package 'pkg_navigation' build argument 'cmake_args' from command line to 'None'
[0.373s] Level 5:colcon.colcon_core.verb:set package 'pkg_navigation' build argument 'cmake_target' from command line to 'None'
[0.373s] Level 5:colcon.colcon_core.verb:set package 'pkg_navigation' build argument 'cmake_target_skip_unavailable' from command line to 'False'
[0.373s] Level 5:colcon.colcon_core.verb:set package 'pkg_navigation' build argument 'cmake_clean_cache' from command line to 'False'
[0.373s] Level 5:colcon.colcon_core.verb:set package 'pkg_navigation' build argument 'cmake_clean_first' from command line to 'False'
[0.373s] Level 5:colcon.colcon_core.verb:set package 'pkg_navigation' build argument 'cmake_force_configure' from command line to 'False'
[0.373s] Level 5:colcon.colcon_core.verb:set package 'pkg_navigation' build argument 'ament_cmake_args' from command line to 'None'
[0.373s] Level 5:colcon.colcon_core.verb:set package 'pkg_navigation' build argument 'catkin_cmake_args' from command line to 'None'
[0.373s] Level 5:colcon.colcon_core.verb:set package 'pkg_navigation' build argument 'catkin_skip_building_tests' from command line to 'False'
[0.373s] DEBUG:colcon.colcon_core.verb:Building package 'pkg_navigation' with the following arguments: {'ament_cmake_args': None, 'build_base': '/home/robogait/catkin_ws/build/pkg_navigation', 'catkin_cmake_args': None, 'catkin_skip_building_tests': False, 'cmake_args': None, 'cmake_clean_cache': False, 'cmake_clean_first': False, 'cmake_force_configure': False, 'cmake_target': None, 'cmake_target_skip_unavailable': False, 'install_base': '/home/robogait/catkin_ws/install/pkg_navigation', 'merge_install': False, 'path': '/home/robogait/catkin_ws/src/pkg_navigation', 'symlink_install': False, 'test_result_base': None}
[0.373s] INFO:colcon.colcon_core.executor:Executing jobs using 'parallel' executor
[0.377s] DEBUG:colcon.colcon_parallel_executor.executor.parallel:run_until_complete
[0.378s] INFO:colcon.colcon_ros.task.ament_cmake.build:Building ROS package in '/home/robogait/catkin_ws/src/pkg_navigation' with build type 'ament_cmake'
[0.378s] INFO:colcon.colcon_cmake.task.cmake.build:Building CMake package in '/home/robogait/catkin_ws/src/pkg_navigation'
[0.385s] INFO:colcon.colcon_core.plugin_system:Skipping extension 'colcon_core.shell.bat': Not used on non-Windows systems
[0.385s] INFO:colcon.colcon_core.shell:Skip shell extension 'powershell' for command environment: Not usable outside of PowerShell
[0.386s] DEBUG:colcon.colcon_core.shell:Skip shell extension 'dsv' for command environment
[0.410s] DEBUG:colcon.colcon_core.event_handler.log_command:Invoking command in '/home/robogait/catkin_ws/build/pkg_navigation': CMAKE_PREFIX_PATH=${CMAKE_PREFIX_PATH}:/home/robogait/nav2_ws/install/nav2_gazebo_spawner:/home/robogait/ros2_serial/install/ourbotmanager:/home/robogait/ros2_ws/install/nav2_project:/opt/ros/foxy /usr/bin/cmake --build /home/robogait/catkin_ws/build/pkg_navigation -- -j8 -l8
[7.586s] DEBUG:colcon.colcon_core.event_handler.log_command:Invoked command in '/home/robogait/catkin_ws/build/pkg_navigation' returned '0': CMAKE_PREFIX_PATH=${CMAKE_PREFIX_PATH}:/home/robogait/nav2_ws/install/nav2_gazebo_spawner:/home/robogait/ros2_serial/install/ourbotmanager:/home/robogait/ros2_ws/install/nav2_project:/opt/ros/foxy /usr/bin/cmake --build /home/robogait/catkin_ws/build/pkg_navigation -- -j8 -l8
[7.696s] DEBUG:colcon.colcon_core.event_handler.log_command:Invoking command in '/home/robogait/catkin_ws/build/pkg_navigation': CMAKE_PREFIX_PATH=${CMAKE_PREFIX_PATH}:/home/robogait/nav2_ws/install/nav2_gazebo_spawner:/home/robogait/ros2_serial/install/ourbotmanager:/home/robogait/ros2_ws/install/nav2_project:/opt/ros/foxy /usr/bin/cmake --install /home/robogait/catkin_ws/build/pkg_navigation
[7.732s] Level 1:colcon.colcon_core.environment:create_environment_scripts_only(pkg_navigation)
[7.733s] DEBUG:colcon.colcon_core.event_handler.log_command:Invoked command in '/home/robogait/catkin_ws/build/pkg_navigation' returned '0': CMAKE_PREFIX_PATH=${CMAKE_PREFIX_PATH}:/home/robogait/nav2_ws/install/nav2_gazebo_spawner:/home/robogait/ros2_serial/install/ourbotmanager:/home/robogait/ros2_ws/install/nav2_project:/opt/ros/foxy /usr/bin/cmake --install /home/robogait/catkin_ws/build/pkg_navigation
[7.736s] Level 1:colcon.colcon_core.environment:checking '/home/robogait/catkin_ws/install/pkg_navigation' for CMake module files
[7.737s] Level 1:colcon.colcon_core.environment:checking '/home/robogait/catkin_ws/install/pkg_navigation' for CMake config files
[7.737s] Level 1:colcon.colcon_core.shell:create_environment_hook('pkg_navigation', 'cmake_prefix_path')
[7.738s] INFO:colcon.colcon_core.shell:Creating environment hook '/home/robogait/catkin_ws/install/pkg_navigation/share/pkg_navigation/hook/cmake_prefix_path.ps1'
[7.738s] INFO:colcon.colcon_core.shell:Creating environment descriptor '/home/robogait/catkin_ws/install/pkg_navigation/share/pkg_navigation/hook/cmake_prefix_path.dsv'
[7.738s] INFO:colcon.colcon_core.shell:Creating environment hook '/home/robogait/catkin_ws/install/pkg_navigation/share/pkg_navigation/hook/cmake_prefix_path.sh'
[7.739s] Level 1:colcon.colcon_core.environment:checking '/home/robogait/catkin_ws/install/pkg_navigation/lib'
[7.739s] Level 1:colcon.colcon_core.environment:checking '/home/robogait/catkin_ws/install/pkg_navigation/bin'
[7.739s] Level 1:colcon.colcon_core.environment:checking '/home/robogait/catkin_ws/install/pkg_navigation/lib/pkgconfig/pkg_navigation.pc'
[7.740s] Level 1:colcon.colcon_core.environment:checking '/home/robogait/catkin_ws/install/pkg_navigation/lib/python3.8/site-packages'
[7.740s] Level 1:colcon.colcon_core.environment:checking '/home/robogait/catkin_ws/install/pkg_navigation/bin'
[7.740s] INFO:colcon.colcon_core.shell:Creating package script '/home/robogait/catkin_ws/install/pkg_navigation/share/pkg_navigation/package.ps1'
[7.741s] INFO:colcon.colcon_core.shell:Creating package descriptor '/home/robogait/catkin_ws/install/pkg_navigation/share/pkg_navigation/package.dsv'
[7.741s] INFO:colcon.colcon_core.shell:Creating package script '/home/robogait/catkin_ws/install/pkg_navigation/share/pkg_navigation/package.sh'
[7.742s] INFO:colcon.colcon_core.shell:Creating package script '/home/robogait/catkin_ws/install/pkg_navigation/share/pkg_navigation/package.bash'
[7.742s] INFO:colcon.colcon_core.shell:Creating package script '/home/robogait/catkin_ws/install/pkg_navigation/share/pkg_navigation/package.zsh'
[7.743s] Level 1:colcon.colcon_core.environment:create_file_with_runtime_dependencies(/home/robogait/catkin_ws/install/pkg_navigation/share/colcon-core/packages/pkg_navigation)
[7.830s] Level 1:colcon.colcon_core.environment:create_environment_scripts_only(pkg_navigation)
[7.832s] Level 1:colcon.colcon_core.environment:checking '/home/robogait/catkin_ws/install/pkg_navigation' for CMake module files
[7.833s] Level 1:colcon.colcon_core.environment:checking '/home/robogait/catkin_ws/install/pkg_navigation' for CMake config files
[7.833s] Level 1:colcon.colcon_core.shell:create_environment_hook('pkg_navigation', 'cmake_prefix_path')
[7.834s] INFO:colcon.colcon_core.shell:Creating environment hook '/home/robogait/catkin_ws/install/pkg_navigation/share/pkg_navigation/hook/cmake_prefix_path.ps1'
[7.834s] INFO:colcon.colcon_core.shell:Creating environment descriptor '/home/robogait/catkin_ws/install/pkg_navigation/share/pkg_navigation/hook/cmake_prefix_path.dsv'
[7.834s] INFO:colcon.colcon_core.shell:Creating environment hook '/home/robogait/catkin_ws/install/pkg_navigation/share/pkg_navigation/hook/cmake_prefix_path.sh'
[7.835s] Level 1:colcon.colcon_core.environment:checking '/home/robogait/catkin_ws/install/pkg_navigation/lib'
[7.835s] Level 1:colcon.colcon_core.environment:checking '/home/robogait/catkin_ws/install/pkg_navigation/bin'
[7.835s] Level 1:colcon.colcon_core.environment:checking '/home/robogait/catkin_ws/install/pkg_navigation/lib/pkgconfig/pkg_navigation.pc'
[7.836s] Level 1:colcon.colcon_core.environment:checking '/home/robogait/catkin_ws/install/pkg_navigation/lib/python3.8/site-packages'
[7.836s] Level 1:colcon.colcon_core.environment:checking '/home/robogait/catkin_ws/install/pkg_navigation/bin'
[7.836s] INFO:colcon.colcon_core.shell:Creating package script '/home/robogait/catkin_ws/install/pkg_navigation/share/pkg_navigation/package.ps1'
[7.837s] INFO:colcon.colcon_core.shell:Creating package descriptor '/home/robogait/catkin_ws/install/pkg_navigation/share/pkg_navigation/package.dsv'
[7.837s] INFO:colcon.colcon_core.shell:Creating package script '/home/robogait/catkin_ws/install/pkg_navigation/share/pkg_navigation/package.sh'
[7.838s] INFO:colcon.colcon_core.shell:Creating package script '/home/robogait/catkin_ws/install/pkg_navigation/share/pkg_navigation/package.bash'
[7.838s] INFO:colcon.colcon_core.shell:Creating package script '/home/robogait/catkin_ws/install/pkg_navigation/share/pkg_navigation/package.zsh'
[7.838s] Level 1:colcon.colcon_core.environment:create_file_with_runtime_dependencies(/home/robogait/catkin_ws/install/pkg_navigation/share/colcon-core/packages/pkg_navigation)
[7.839s] DEBUG:colcon.colcon_parallel_executor.executor.parallel:closing loop
[7.839s] DEBUG:colcon.colcon_parallel_executor.executor.parallel:loop closed
[7.839s] DEBUG:colcon.colcon_parallel_executor.executor.parallel:run_until_complete finished with '0'
[7.839s] DEBUG:colcon.colcon_core.event_reactor:joining thread
[7.844s] INFO:colcon.colcon_core.plugin_system:Skipping extension 'colcon_notification.desktop_notification.terminal_notifier': Not used on non-Darwin systems
[7.845s] INFO:colcon.colcon_core.plugin_system:Skipping extension 'colcon_notification.desktop_notification.win32': Not used on non-Windows systems
[7.845s] INFO:colcon.colcon_notification.desktop_notification:Sending desktop notification using 'notify2'
[7.859s] DEBUG:colcon.colcon_core.event_reactor:joined thread
[7.860s] INFO:colcon.colcon_core.shell:Creating prefix script '/home/robogait/catkin_ws/install/local_setup.ps1'
[7.861s] INFO:colcon.colcon_core.shell:Creating prefix util module '/home/robogait/catkin_ws/install/_local_setup_util_ps1.py'
[7.862s] INFO:colcon.colcon_core.shell:Creating prefix chain script '/home/robogait/catkin_ws/install/setup.ps1'
[7.870s] INFO:colcon.colcon_core.shell:Creating prefix script '/home/robogait/catkin_ws/install/local_setup.sh'
[7.870s] INFO:colcon.colcon_core.shell:Creating prefix util module '/home/robogait/catkin_ws/install/_local_setup_util_sh.py'
[7.871s] INFO:colcon.colcon_core.shell:Creating prefix chain script '/home/robogait/catkin_ws/install/setup.sh'
[7.874s] INFO:colcon.colcon_core.shell:Creating prefix script '/home/robogait/catkin_ws/install/local_setup.bash'
[7.874s] INFO:colcon.colcon_core.shell:Creating prefix chain script '/home/robogait/catkin_ws/install/setup.bash'
[7.876s] INFO:colcon.colcon_core.shell:Creating prefix script '/home/robogait/catkin_ws/install/local_setup.zsh'
[7.877s] INFO:colcon.colcon_core.shell:Creating prefix chain script '/home/robogait/catkin_ws/install/setup.zsh'
