[0.023s] Invoking command in '/home/robogait/azure_kinect_ws/build/kinect_azure_body_tracker': CMAKE_PREFIX_PATH=${CMAKE_PREFIX_PATH}:/home/robogait/nav2_ws/install/nav2_gazebo_spawner:/home/robogait/ros2_serial/install/ourbotmanager:/home/robogait/ros2_ws/install/nav2_project:/opt/ros/foxy /usr/bin/cmake --build /home/robogait/azure_kinect_ws/build/kinect_azure_body_tracker -- -j8 -l8
[0.061s] -- Found ament_cmake: 0.9.9 (/opt/ros/foxy/share/ament_cmake/cmake)
[0.084s] -- Using PYTHON_EXECUTABLE: /usr/bin/python3
[0.228s] -- Found rclcpp: 2.4.1 (/opt/ros/foxy/share/rclcpp/cmake)
[0.262s] -- Using all available rosidl_typesupport_c: rosidl_typesupport_fastrtps_c;rosidl_typesupport_introspection_c
[0.265s] -- Found rosidl_adapter: 1.2.1 (/opt/ros/foxy/share/rosidl_adapter/cmake)
[0.371s] -- Using all available rosidl_typesupport_cpp: rosidl_typesupport_fastrtps_cpp;rosidl_typesupport_introspection_cpp
[0.410s] -- Found rmw_implementation_cmake: 1.0.3 (/opt/ros/foxy/share/rmw_implementation_cmake/cmake)
[0.413s] -- Using RMW implementation 'rmw_fastrtps_cpp' as default
[0.524s] -- Found geometry_msgs: 2.0.5 (/opt/ros/foxy/share/geometry_msgs/cmake)
[0.545s] -- Found body_tracker_msgs: 0.0.0 (/home/robogait/azure_kinect_ws/install/body_tracker_msgs/share/body_tracker_msgs/cmake)
[0.585s] -- Found rosidl_default_generators: 1.0.1 (/opt/ros/foxy/share/rosidl_default_generators/cmake)
[0.604s] -- Found ament_lint_auto: 0.9.6 (/opt/ros/foxy/share/ament_lint_auto/cmake)
[0.653s] -- Added test 'copyright' to check source files copyright and LICENSE
[0.654s] -- Added test 'cppcheck' to perform static code analysis on C / C++ code
[0.654s] -- Configured cppcheck include dirs: 
[0.654s] -- Configured cppcheck exclude dirs and/or files: 
[0.655s] -- Added test 'cpplint' to check C / C++ code against the Google style
[0.655s] -- Configured cpplint exclude dirs and/or files: 
[0.656s] -- Added test 'lint_cmake' to check CMake code style
[0.656s] -- Added test 'uncrustify' to check C / C++ code style
[0.657s] -- Configured uncrustify additional arguments: 
[0.657s] -- Added test 'xmllint' to check XML markup files
[0.659s] -- Configuring done
[0.672s] -- Generating done
[0.674s] -- Build files have been written to: /home/robogait/azure_kinect_ws/build/kinect_azure_body_tracker
[0.704s] [35m[1mScanning dependencies of target kinect_azure_body_tracker_node[0m
[0.704s] [35m[1mScanning dependencies of target kinect_azure_body_tracker_recording_node[0m
[0.704s] [35m[1mScanning dependencies of target kinect_azure_body_tracker_node_simplified[0m
[0.728s] [ 16%] [32mBuilding CXX object CMakeFiles/kinect_azure_body_tracker_node.dir/src/kinectAzure_body_tracker_node.cpp.o[0m
[0.730s] [ 33%] [32mBuilding CXX object CMakeFiles/kinect_azure_body_tracker_recording_node.dir/src/kinectAzure_body_tracker_node_plus_recording.cpp.o[0m
[0.734s] [ 50%] [32mBuilding CXX object CMakeFiles/kinect_azure_body_tracker_node_simplified.dir/src/kinectAzure_body_tracker_node_simplified.cpp.o[0m
[2.838s] [ 66%] [32m[1mLinking CXX executable kinect_azure_body_tracker_node_simplified[0m
[2.930s] [ 83%] [32m[1mLinking CXX executable kinect_azure_body_tracker_recording_node[0m
[2.983s] [ 83%] Built target kinect_azure_body_tracker_node_simplified
[3.061s] [ 83%] Built target kinect_azure_body_tracker_recording_node
[3.502s] [100%] [32m[1mLinking CXX executable kinect_azure_body_tracker_node[0m
[3.609s] [100%] Built target kinect_azure_body_tracker_node
