[0.010s] Invoking command in '/home/robogait/azure_kinect_ws/build/body_tracking': CMAKE_PREFIX_PATH=${CMAKE_PREFIX_PATH}:/home/robogait/ros2_serial/install/ourbotmanager:/opt/ros/foxy /usr/bin/cmake --build /home/robogait/azure_kinect_ws/build/body_tracking -- -j8 -l8
[0.028s] -- Found ament_cmake: 0.9.9 (/opt/ros/foxy/share/ament_cmake/cmake)
[0.043s] -- Found PythonInterp: /usr/bin/python3 (found suitable version "3.8.10", minimum required is "3") 
[0.043s] -- Using PYTHON_EXECUTABLE: /usr/bin/python3
[0.144s] -- Found rclcpp: 2.4.1 (/opt/ros/foxy/share/rclcpp/cmake)
[0.164s] -- Using all available rosidl_typesupport_c: rosidl_typesupport_fastrtps_c;rosidl_typesupport_introspection_c
[0.166s] -- Found rosidl_adapter: 1.2.1 (/opt/ros/foxy/share/rosidl_adapter/cmake)
[0.239s] -- Using all available rosidl_typesupport_cpp: rosidl_typesupport_fastrtps_cpp;rosidl_typesupport_introspection_cpp
[0.269s] -- Found rmw_implementation_cmake: 1.0.3 (/opt/ros/foxy/share/rmw_implementation_cmake/cmake)
[0.270s] -- Using RMW implementation 'rmw_fastrtps_cpp' as default
[0.355s] -- Found body_tracking: 0.0.0 (/home/robogait/azure_kinect_ws/install/body_tracking/share/body_tracking/cmake)
[0.359s] -- Found rosidl_default_generators: 1.0.1 (/opt/ros/foxy/share/rosidl_default_generators/cmake)
[0.379s] -- Found PythonInterp: /usr/bin/python3 (found version "3.8.10") 
[0.448s] -- Found ament_cmake_ros: 0.9.2 (/opt/ros/foxy/share/ament_cmake_ros/cmake)
[0.504s] -- Using all available rosidl_typesupport_c: rosidl_typesupport_fastrtps_c;rosidl_typesupport_introspection_c
[0.508s] -- Using all available rosidl_typesupport_cpp: rosidl_typesupport_fastrtps_cpp;rosidl_typesupport_introspection_cpp
[0.522s] -- Found PythonInterp: /usr/bin/python3 (found suitable version "3.8.10", minimum required is "3.5") 
[0.522s] -- Found python_cmake_module: 0.8.1 (/opt/ros/foxy/share/python_cmake_module/cmake)
[0.537s] -- Using PYTHON_EXECUTABLE: /usr/bin/python3
[0.537s] -- Using PYTHON_INCLUDE_DIRS: /usr/include/python3.8
[0.537s] -- Using PYTHON_LIBRARIES: /usr/lib/x86_64-linux-gnu/libpython3.8.so
[0.545s] -- Found ament_lint_auto: 0.9.6 (/opt/ros/foxy/share/ament_lint_auto/cmake)
[0.551s] -- Added test 'copyright' to check source files copyright and LICENSE
[0.552s] -- Added test 'cppcheck' to perform static code analysis on C / C++ code
[0.552s] -- Configured cppcheck include dirs: $<BUILD_INTERFACE:/home/robogait/azure_kinect_ws/src/body_tracking/include>
[0.552s] -- Configured cppcheck exclude dirs and/or files: 
[0.553s] -- Added test 'cpplint' to check C / C++ code against the Google style
[0.553s] -- Configured cpplint exclude dirs and/or files: 
[0.553s] -- Added test 'lint_cmake' to check CMake code style
[0.554s] -- Added test 'uncrustify' to check C / C++ code style
[0.554s] -- Configured uncrustify additional arguments: 
[0.554s] -- Added test 'xmllint' to check XML markup files
[0.556s] -- Configuring done
[0.567s] CMake Internal Error (please report a bug) in CMakeLists.txt:
[0.568s]   cmGeneratorTarget::GetOutputInfo called for body_tracking which has type
[0.568s]   UTILITY
[0.569s] 
[0.569s] Note: The stack trace will not use advanced capabilities because this is a release build.
[0.569s] 0x564eda62e7a4 : ??? [(???) ???:-1]
[0.569s] 0x564eda62f262 : ??? [(???) ???:-1]
[0.569s] 0x564eda56b253 : ??? [(???) ???:-1]
[0.569s] 0x564eda56b8d9 : ??? [(???) ???:-1]
[0.569s] 0x564eda4c431f : ??? [(???) ???:-1]
[0.569s] 0x564eda4c4513 : ??? [(???) ???:-1]
[0.569s] 0x564eda4bc0b3 : ??? [(???) ???:-1]
[0.569s] 0x564eda4bc455 : ??? [(???) ???:-1]
[0.569s] 0x564eda4bc510 : ??? [(???) ???:-1]
[0.569s] 0x564eda52e565 : ??? [(???) ???:-1]
[0.569s] 0x564eda52ed55 : ??? [(???) ???:-1]
[0.569s] 0x564eda24564f : ??? [(???) ???:-1]
[0.569s] 0x564eda245a03 : ??? [(???) ???:-1]
[0.569s] 0x564eda557b6e : ??? [(???) ???:-1]
[0.569s] 0x564eda5600bf : ??? [(???) ???:-1]
[0.569s] 0x564eda55cf4d : ??? [(???) ???:-1]
[0.569s] 0x564eda546421 : ??? [(???) ???:-1]
[0.569s] 0x564eda5078fa : ??? [(???) ???:-1]
[0.569s] 0x564eda5165b7 : ??? [(???) ???:-1]
[0.569s] 0x564eda303aa7 : ??? [(???) ???:-1]
[0.569s] 0x564eda3131e4 : ??? [(???) ???:-1]
[0.569s] 0x564eda216c29 : ??? [(???) ???:-1]
[0.569s] 0x564eda208ba3 : ??? [(???) ???:-1]
[0.570s] 0x7f08064070b3 : __libc_start_main [(libc.so.6) ???:-1]
[0.570s] 0x564eda2121ae : ??? [(???) ???:-1]
[0.570s] 
[0.570s] 
[0.570s] CMake Internal Error (please report a bug) in CMakeLists.txt:
[0.570s]   cmGeneratorTarget::GetOutputInfo called for body_tracking which has type
[0.570s]   UTILITY
[0.570s] 
[0.570s] Note: The stack trace will not use advanced capabilities because this is a release build.
[0.570s] 0x564eda62e7a4 : ??? [(???) ???:-1]
[0.570s] 0x564eda62f262 : ??? [(???) ???:-1]
[0.570s] 0x564eda56b253 : ??? [(???) ???:-1]
[0.570s] 0x564eda56b8d9 : ??? [(???) ???:-1]
[0.570s] 0x564eda4c431f : ??? [(???) ???:-1]
[0.570s] 0x564eda4c4513 : ??? [(???) ???:-1]
[0.570s] 0x564eda4bc0b3 : ??? [(???) ???:-1]
[0.570s] 0x564eda4bc455 : ??? [(???) ???:-1]
[0.570s] 0x564eda4bc510 : ??? [(???) ???:-1]
[0.570s] 0x564eda52e565 : ??? [(???) ???:-1]
[0.570s] 0x564eda52ed55 : ??? [(???) ???:-1]
[0.570s] 0x564eda24564f : ??? [(???) ???:-1]
[0.570s] 0x564eda245a03 : ??? [(???) ???:-1]
[0.570s] 0x564eda557b6e : ??? [(???) ???:-1]
[0.570s] 0x564eda5600bf : ??? [(???) ???:-1]
[0.570s] 0x564eda55cf4d : ??? [(???) ???:-1]
[0.570s] 0x564eda546421 : ??? [(???) ???:-1]
[0.570s] 0x564eda5078fa : ??? [(???) ???:-1]
[0.570s] 0x564eda5165b7 : ??? [(???) ???:-1]
[0.570s] 0x564eda303aa7 : ??? [(???) ???:-1]
[0.570s] 0x564eda3131e4 : ??? [(???) ???:-1]
[0.571s] 0x564eda216c29 : ??? [(???) ???:-1]
[0.571s] 0x564eda208ba3 : ??? [(???) ???:-1]
[0.571s] 0x7f08064070b3 : __libc_start_main [(libc.so.6) ???:-1]
[0.571s] 0x564eda2121ae : ??? [(???) ???:-1]
[0.571s] 
[0.571s] 
[0.571s] CMake Internal Error (please report a bug) in CMakeLists.txt:
[0.571s]   cmGeneratorTarget::GetOutputInfo called for body_tracking which has type
[0.571s]   UTILITY
[0.571s] 
[0.571s] Note: The stack trace will not use advanced capabilities because this is a release build.
[0.571s] 0x564eda62e7a4 : ??? [(???) ???:-1]
[0.571s] 0x564eda62f262 : ??? [(???) ???:-1]
[0.571s] 0x564eda56b253 : ??? [(???) ???:-1]
[0.571s] 0x564eda56b8d9 : ??? [(???) ???:-1]
[0.571s] 0x564eda4c431f : ??? [(???) ???:-1]
[0.571s] 0x564eda4c4513 : ??? [(???) ???:-1]
[0.571s] 0x564eda4bc0b3 : ??? [(???) ???:-1]
[0.571s] 0x564eda4bc455 : ??? [(???) ???:-1]
[0.571s] 0x564eda4bc510 : ??? [(???) ???:-1]
[0.571s] 0x564eda52e565 : ??? [(???) ???:-1]
[0.571s] 0x564eda52ed55 : ??? [(???) ???:-1]
[0.571s] 0x564eda24564f : ??? [(???) ???:-1]
[0.571s] 0x564eda245a03 : ??? [(???) ???:-1]
[0.571s] 0x564eda557b6e : ??? [(???) ???:-1]
[0.571s] 0x564eda5600bf : ??? [(???) ???:-1]
[0.571s] 0x564eda55cf4d : ??? [(???) ???:-1]
[0.571s] 0x564eda546421 : ??? [(???) ???:-1]
[0.571s] 0x564eda5078fa : ??? [(???) ???:-1]
[0.572s] 0x564eda5165b7 : ??? [(???) ???:-1]
[0.572s] 0x564eda303aa7 : ??? [(???) ???:-1]
[0.572s] 0x564eda3131e4 : ??? [(???) ???:-1]
[0.572s] 0x564eda216c29 : ??? [(???) ???:-1]
[0.572s] 0x564eda208ba3 : ??? [(???) ???:-1]
[0.572s] 0x7f08064070b3 : __libc_start_main [(libc.so.6) ???:-1]
[0.572s] 0x564eda2121ae : ??? [(???) ???:-1]
[0.572s] 
[0.572s] 
[0.572s] CMake Internal Error (please report a bug) in CMakeLists.txt:
[0.572s]   cmGeneratorTarget::GetOutputInfo called for body_tracking which has type
[0.572s]   UTILITY
[0.572s] 
[0.572s] Note: The stack trace will not use advanced capabilities because this is a release build.
[0.572s] 0x564eda62e7a4 : ??? [(???) ???:-1]
[0.572s] 0x564eda62f262 : ??? [(???) ???:-1]
[0.572s] 0x564eda56b253 : ??? [(???) ???:-1]
[0.572s] 0x564eda56b8d9 : ??? [(???) ???:-1]
[0.572s] 0x564eda4c431f : ??? [(???) ???:-1]
[0.572s] 0x564eda4c4513 : ??? [(???) ???:-1]
[0.572s] 0x564eda4bc0b3 : ??? [(???) ???:-1]
[0.572s] 0x564eda4bc455 : ??? [(???) ???:-1]
[0.572s] 0x564eda4bc510 : ??? [(???) ???:-1]
[0.572s] 0x564eda52e565 : ??? [(???) ???:-1]
[0.572s] 0x564eda52ed55 : ??? [(???) ???:-1]
[0.572s] 0x564eda24564f : ??? [(???) ???:-1]
[0.572s] 0x564eda245a03 : ??? [(???) ???:-1]
[0.572s] 0x564eda557b6e : ??? [(???) ???:-1]
[0.572s] 0x564eda5600bf : ??? [(???) ???:-1]
[0.573s] 0x564eda55cf4d : ??? [(???) ???:-1]
[0.573s] 0x564eda546421 : ??? [(???) ???:-1]
[0.573s] 0x564eda5078fa : ??? [(???) ???:-1]
[0.573s] 0x564eda5165b7 : ??? [(???) ???:-1]
[0.573s] 0x564eda303aa7 : ??? [(???) ???:-1]
[0.573s] 0x564eda3131e4 : ??? [(???) ???:-1]
[0.573s] 0x564eda216c29 : ??? [(???) ???:-1]
[0.573s] 0x564eda208ba3 : ??? [(???) ???:-1]
[0.573s] 0x7f08064070b3 : __libc_start_main [(libc.so.6) ???:-1]
[0.573s] 0x564eda2121ae : ??? [(???) ???:-1]
[0.573s] 
[0.573s] 
[0.573s] CMake Internal Error (please report a bug) in CMakeLists.txt:
[0.573s]   cmGeneratorTarget::GetOutputInfo called for body_tracking which has type
[0.573s]   UTILITY
[0.573s] 
[0.573s] Note: The stack trace will not use advanced capabilities because this is a release build.
[0.573s] 0x564eda62e7a4 : ??? [(???) ???:-1]
[0.573s] 0x564eda62f262 : ??? [(???) ???:-1]
[0.573s] 0x564eda56b253 : ??? [(???) ???:-1]
[0.573s] 0x564eda56b8d9 : ??? [(???) ???:-1]
[0.573s] 0x564eda4c431f : ??? [(???) ???:-1]
[0.573s] 0x564eda4c4513 : ??? [(???) ???:-1]
[0.573s] 0x564eda4bc0b3 : ??? [(???) ???:-1]
[0.573s] 0x564eda4bc455 : ??? [(???) ???:-1]
[0.573s] 0x564eda4bc510 : ??? [(???) ???:-1]
[0.573s] 0x564eda52e565 : ??? [(???) ???:-1]
[0.573s] 0x564eda52ed55 : ??? [(???) ???:-1]
[0.573s] 0x564eda24564f : ??? [(???) ???:-1]
[0.574s] 0x564eda245a03 : ??? [(???) ???:-1]
[0.574s] 0x564eda557b6e : ??? [(???) ???:-1]
[0.574s] 0x564eda5600bf : ??? [(???) ???:-1]
[0.574s] 0x564eda55cf4d : ??? [(???) ???:-1]
[0.574s] 0x564eda546421 : ??? [(???) ???:-1]
[0.574s] 0x564eda5078fa : ??? [(???) ???:-1]
[0.574s] 0x564eda5165b7 : ??? [(???) ???:-1]
[0.574s] 0x564eda303aa7 : ??? [(???) ???:-1]
[0.574s] 0x564eda3131e4 : ??? [(???) ???:-1]
[0.574s] 0x564eda216c29 : ??? [(???) ???:-1]
[0.574s] 0x564eda208ba3 : ??? [(???) ???:-1]
[0.574s] 0x7f08064070b3 : __libc_start_main [(libc.so.6) ???:-1]
[0.574s] 0x564eda2121ae : ??? [(???) ???:-1]
[0.574s] 
[0.574s] 
[0.574s] CMake Internal Error (please report a bug) in CMakeLists.txt:
[0.574s]   cmGeneratorTarget::GetOutputInfo called for body_tracking which has type
[0.574s]   UTILITY
[0.574s] 
[0.574s] Note: The stack trace will not use advanced capabilities because this is a release build.
[0.574s] 0x564eda62e7a4 : ??? [(???) ???:-1]
[0.574s] 0x564eda62f262 : ??? [(???) ???:-1]
[0.574s] 0x564eda56b253 : ??? [(???) ???:-1]
[0.574s] 0x564eda56b8d9 : ??? [(???) ???:-1]
[0.574s] 0x564eda4c431f : ??? [(???) ???:-1]
[0.574s] 0x564eda4c4513 : ??? [(???) ???:-1]
[0.574s] 0x564eda4bc0b3 : ??? [(???) ???:-1]
[0.574s] 0x564eda4bc455 : ??? [(???) ???:-1]
[0.574s] 0x564eda4bc510 : ??? [(???) ???:-1]
[0.575s] 0x564eda52e565 : ??? [(???) ???:-1]
[0.575s] 0x564eda52ed55 : ??? [(???) ???:-1]
[0.575s] 0x564eda24564f : ??? [(???) ???:-1]
[0.575s] 0x564eda245a03 : ??? [(???) ???:-1]
[0.575s] 0x564eda557b6e : ??? [(???) ???:-1]
[0.575s] 0x564eda5600bf : ??? [(???) ???:-1]
[0.575s] 0x564eda55cf4d : ??? [(???) ???:-1]
[0.575s] 0x564eda546421 : ??? [(???) ???:-1]
[0.575s] 0x564eda5078fa : ??? [(???) ???:-1]
[0.575s] 0x564eda5165b7 : ??? [(???) ???:-1]
[0.575s] 0x564eda303aa7 : ??? [(???) ???:-1]
[0.575s] 0x564eda3131e4 : ??? [(???) ???:-1]
[0.575s] 0x564eda216c29 : ??? [(???) ???:-1]
[0.575s] 0x564eda208ba3 : ??? [(???) ???:-1]
[0.575s] 0x7f08064070b3 : __libc_start_main [(libc.so.6) ???:-1]
[0.575s] 0x564eda2121ae : ??? [(???) ???:-1]
[0.575s] 
[0.575s] 
[0.575s] CMake Internal Error (please report a bug) in CMakeLists.txt:
[0.575s]   cmGeneratorTarget::GetOutputInfo called for body_tracking which has type
[0.575s]   UTILITY
[0.575s] 
[0.575s] Note: The stack trace will not use advanced capabilities because this is a release build.
[0.575s] 0x564eda62e7a4 : ??? [(???) ???:-1]
[0.575s] 0x564eda62f262 : ??? [(???) ???:-1]
[0.575s] 0x564eda56b253 : ??? [(???) ???:-1]
[0.575s] 0x564eda56b8d9 : ??? [(???) ???:-1]
[0.575s] 0x564eda4c431f : ??? [(???) ???:-1]
[0.575s] 0x564eda4c4513 : ??? [(???) ???:-1]
[0.575s] 0x564eda4bc0b3 : ??? [(???) ???:-1]
[0.576s] 0x564eda4bc455 : ??? [(???) ???:-1]
[0.576s] 0x564eda4bc510 : ??? [(???) ???:-1]
[0.576s] 0x564eda52e565 : ??? [(???) ???:-1]
[0.576s] 0x564eda52ed55 : ??? [(???) ???:-1]
[0.576s] 0x564eda24564f : ??? [(???) ???:-1]
[0.576s] 0x564eda245a03 : ??? [(???) ???:-1]
[0.576s] 0x564eda557b6e : ??? [(???) ???:-1]
[0.576s] 0x564eda5600bf : ??? [(???) ???:-1]
[0.576s] 0x564eda55cf4d : ??? [(???) ???:-1]
[0.576s] 0x564eda546421 : ??? [(???) ???:-1]
[0.576s] 0x564eda5078fa : ??? [(???) ???:-1]
[0.576s] 0x564eda5165b7 : ??? [(???) ???:-1]
[0.576s] 0x564eda303aa7 : ??? [(???) ???:-1]
[0.576s] 0x564eda3131e4 : ??? [(???) ???:-1]
[0.576s] 0x564eda216c29 : ??? [(???) ???:-1]
[0.576s] 0x564eda208ba3 : ??? [(???) ???:-1]
[0.576s] 0x7f08064070b3 : __libc_start_main [(libc.so.6) ???:-1]
[0.576s] 0x564eda2121ae : ??? [(???) ???:-1]
[0.576s] 
[0.576s] 
[0.576s] CMake Internal Error (please report a bug) in CMakeLists.txt:
[0.576s]   cmGeneratorTarget::GetOutputInfo called for body_tracking which has type
[0.576s]   UTILITY
[0.576s] 
[0.576s] Note: The stack trace will not use advanced capabilities because this is a release build.
[0.576s] 0x564eda62e7a4 : ??? [(???) ???:-1]
[0.576s] 0x564eda62f262 : ??? [(???) ???:-1]
[0.576s] 0x564eda56b253 : ??? [(???) ???:-1]
[0.576s] 0x564eda56b8d9 : ??? [(???) ???:-1]
[0.577s] 0x564eda4c431f : ??? [(???) ???:-1]
[0.577s] 0x564eda4c4513 : ??? [(???) ???:-1]
[0.577s] 0x564eda4bc0b3 : ??? [(???) ???:-1]
[0.577s] 0x564eda4bc455 : ??? [(???) ???:-1]
[0.577s] 0x564eda4bc510 : ??? [(???) ???:-1]
[0.577s] 0x564eda52e565 : ??? [(???) ???:-1]
[0.577s] 0x564eda52ed55 : ??? [(???) ???:-1]
[0.577s] 0x564eda24564f : ??? [(???) ???:-1]
[0.577s] 0x564eda245a03 : ??? [(???) ???:-1]
[0.577s] 0x564eda557b6e : ??? [(???) ???:-1]
[0.577s] 0x564eda5600bf : ??? [(???) ???:-1]
[0.577s] 0x564eda55cf4d : ??? [(???) ???:-1]
[0.577s] 0x564eda546421 : ??? [(???) ???:-1]
[0.577s] 0x564eda5078fa : ??? [(???) ???:-1]
[0.577s] 0x564eda5165b7 : ??? [(???) ???:-1]
[0.577s] 0x564eda303aa7 : ??? [(???) ???:-1]
[0.577s] 0x564eda3131e4 : ??? [(???) ???:-1]
[0.577s] 0x564eda216c29 : ??? [(???) ???:-1]
[0.577s] 0x564eda208ba3 : ??? [(???) ???:-1]
[0.577s] 0x7f08064070b3 : __libc_start_main [(libc.so.6) ???:-1]
[0.577s] 0x564eda2121ae : ??? [(???) ???:-1]
[0.577s] 
[0.577s] 
[0.577s] CMake Internal Error (please report a bug) in CMakeLists.txt:
[0.577s]   cmGeneratorTarget::GetOutputInfo called for body_tracking which has type
[0.577s]   UTILITY
[0.577s] 
[0.577s] Note: The stack trace will not use advanced capabilities because this is a release build.
[0.577s] 0x564eda62e7a4 : ??? [(???) ???:-1]
[0.578s] 0x564eda62f262 : ??? [(???) ???:-1]
[0.578s] 0x564eda56b253 : ??? [(???) ???:-1]
[0.578s] 0x564eda56b8d9 : ??? [(???) ???:-1]
[0.578s] 0x564eda4c431f : ??? [(???) ???:-1]
[0.578s] 0x564eda4c4513 : ??? [(???) ???:-1]
[0.578s] 0x564eda4bc0b3 : ??? [(???) ???:-1]
[0.578s] 0x564eda4bc455 : ??? [(???) ???:-1]
[0.578s] 0x564eda4bc510 : ??? [(???) ???:-1]
[0.578s] 0x564eda52e565 : ??? [(???) ???:-1]
[0.578s] 0x564eda52ed55 : ??? [(???) ???:-1]
[0.578s] 0x564eda24564f : ??? [(???) ???:-1]
[0.578s] 0x564eda245a03 : ??? [(???) ???:-1]
[0.578s] 0x564eda557b6e : ??? [(???) ???:-1]
[0.578s] 0x564eda5600bf : ??? [(???) ???:-1]
[0.578s] 0x564eda55cf4d : ??? [(???) ???:-1]
[0.578s] 0x564eda546421 : ??? [(???) ???:-1]
[0.578s] 0x564eda5078fa : ??? [(???) ???:-1]
[0.578s] 0x564eda5165b7 : ??? [(???) ???:-1]
[0.578s] 0x564eda303aa7 : ??? [(???) ???:-1]
[0.578s] 0x564eda3131e4 : ??? [(???) ???:-1]
[0.578s] 0x564eda216c29 : ??? [(???) ???:-1]
[0.578s] 0x564eda208ba3 : ??? [(???) ???:-1]
[0.578s] 0x7f08064070b3 : __libc_start_main [(libc.so.6) ???:-1]
[0.578s] 0x564eda2121ae : ??? [(???) ???:-1]
[0.578s] 
[0.578s] 
[0.578s] CMake Internal Error (please report a bug) in CMakeLists.txt:
[0.578s]   cmGeneratorTarget::GetOutputInfo called for body_tracking which has type
[0.578s]   UTILITY
[0.578s] 
[0.578s] Note: The stack trace will not use advanced capabilities because this is a release build.
[0.579s] 0x564eda62e7a4 : ??? [(???) ???:-1]
[0.579s] 0x564eda62f262 : ??? [(???) ???:-1]
[0.579s] 0x564eda56b253 : ??? [(???) ???:-1]
[0.579s] 0x564eda56b8d9 : ??? [(???) ???:-1]
[0.579s] 0x564eda4c431f : ??? [(???) ???:-1]
[0.579s] 0x564eda4c4513 : ??? [(???) ???:-1]
[0.579s] 0x564eda4bc0b3 : ??? [(???) ???:-1]
[0.579s] 0x564eda4bc455 : ??? [(???) ???:-1]
[0.579s] 0x564eda4bc510 : ??? [(???) ???:-1]
[0.579s] 0x564eda52e565 : ??? [(???) ???:-1]
[0.579s] 0x564eda52ed55 : ??? [(???) ???:-1]
[0.579s] 0x564eda24564f : ??? [(???) ???:-1]
[0.579s] 0x564eda245a03 : ??? [(???) ???:-1]
[0.579s] 0x564eda557b6e : ??? [(???) ???:-1]
[0.579s] 0x564eda5600bf : ??? [(???) ???:-1]
[0.579s] 0x564eda55cf4d : ??? [(???) ???:-1]
[0.579s] 0x564eda546421 : ??? [(???) ???:-1]
[0.579s] 0x564eda5078fa : ??? [(???) ???:-1]
[0.579s] 0x564eda5165b7 : ??? [(???) ???:-1]
[0.579s] 0x564eda303aa7 : ??? [(???) ???:-1]
[0.579s] 0x564eda3131e4 : ??? [(???) ???:-1]
[0.579s] 0x564eda216c29 : ??? [(???) ???:-1]
[0.579s] 0x564eda208ba3 : ??? [(???) ???:-1]
[0.579s] 0x7f08064070b3 : __libc_start_main [(libc.so.6) ???:-1]
[0.579s] 0x564eda2121ae : ??? [(???) ???:-1]
[0.579s] 
[0.579s] 
[0.579s] CMake Internal Error (please report a bug) in CMakeLists.txt:
[0.579s]   cmGeneratorTarget::GetOutputInfo called for body_tracking which has type
[0.579s]   UTILITY
[0.579s] 
[0.579s] Note: The stack trace will not use advanced capabilities because this is a release build.
[0.580s] 0x564eda62e7a4 : ??? [(???) ???:-1]
[0.580s] 0x564eda62f262 : ??? [(???) ???:-1]
[0.580s] 0x564eda56b253 : ??? [(???) ???:-1]
[0.580s] 0x564eda56b8d9 : ??? [(???) ???:-1]
[0.580s] 0x564eda4c431f : ??? [(???) ???:-1]
[0.580s] 0x564eda4c4513 : ??? [(???) ???:-1]
[0.580s] 0x564eda4bc0b3 : ??? [(???) ???:-1]
[0.580s] 0x564eda4bc455 : ??? [(???) ???:-1]
[0.580s] 0x564eda4bc510 : ??? [(???) ???:-1]
[0.580s] 0x564eda52e565 : ??? [(???) ???:-1]
[0.580s] 0x564eda52ed55 : ??? [(???) ???:-1]
[0.580s] 0x564eda24564f : ??? [(???) ???:-1]
[0.580s] 0x564eda245a03 : ??? [(???) ???:-1]
[0.580s] 0x564eda557b6e : ??? [(???) ???:-1]
[0.580s] 0x564eda5600bf : ??? [(???) ???:-1]
[0.580s] 0x564eda55cf4d : ??? [(???) ???:-1]
[0.580s] 0x564eda546421 : ??? [(???) ???:-1]
[0.580s] 0x564eda5078fa : ??? [(???) ???:-1]
[0.580s] 0x564eda5165b7 : ??? [(???) ???:-1]
[0.580s] 0x564eda303aa7 : ??? [(???) ???:-1]
[0.580s] 0x564eda3131e4 : ??? [(???) ???:-1]
[0.580s] 0x564eda216c29 : ??? [(???) ???:-1]
[0.580s] 0x564eda208ba3 : ??? [(???) ???:-1]
[0.580s] 0x7f08064070b3 : __libc_start_main [(libc.so.6) ???:-1]
[0.580s] 0x564eda2121ae : ??? [(???) ???:-1]
[0.580s] 
[0.580s] 
[0.580s] CMake Internal Error (please report a bug) in CMakeLists.txt:
[0.580s]   cmGeneratorTarget::GetOutputInfo called for body_tracking which has type
[0.580s]   UTILITY
[0.581s] 
[0.581s] Note: The stack trace will not use advanced capabilities because this is a release build.
[0.581s] 0x564eda62e7a4 : ??? [(???) ???:-1]
[0.581s] 0x564eda62f262 : ??? [(???) ???:-1]
[0.581s] 0x564eda56b253 : ??? [(???) ???:-1]
[0.581s] 0x564eda56b8d9 : ??? [(???) ???:-1]
[0.581s] 0x564eda4c431f : ??? [(???) ???:-1]
[0.581s] 0x564eda4c4513 : ??? [(???) ???:-1]
[0.581s] 0x564eda4bc0b3 : ??? [(???) ???:-1]
[0.581s] 0x564eda4bc455 : ??? [(???) ???:-1]
[0.581s] 0x564eda4bc510 : ??? [(???) ???:-1]
[0.581s] 0x564eda52e565 : ??? [(???) ???:-1]
[0.581s] 0x564eda52ed55 : ??? [(???) ???:-1]
[0.581s] 0x564eda24564f : ??? [(???) ???:-1]
[0.581s] 0x564eda245a03 : ??? [(???) ???:-1]
[0.581s] 0x564eda557b6e : ??? [(???) ???:-1]
[0.581s] 0x564eda5600bf : ??? [(???) ???:-1]
[0.581s] 0x564eda55cf4d : ??? [(???) ???:-1]
[0.581s] 0x564eda546421 : ??? [(???) ???:-1]
[0.581s] 0x564eda5078fa : ??? [(???) ???:-1]
[0.581s] 0x564eda5165b7 : ??? [(???) ???:-1]
[0.581s] 0x564eda303aa7 : ??? [(???) ???:-1]
[0.581s] 0x564eda3131e4 : ??? [(???) ???:-1]
[0.581s] 0x564eda216c29 : ??? [(???) ???:-1]
[0.581s] 0x564eda208ba3 : ??? [(???) ???:-1]
[0.581s] 0x7f08064070b3 : __libc_start_main [(libc.so.6) ???:-1]
[0.581s] 0x564eda2121ae : ??? [(???) ???:-1]
[0.581s] 
[0.582s] 
[0.582s] CMake Internal Error (please report a bug) in CMakeLists.txt:
[0.582s]   cmGeneratorTarget::GetOutputInfo called for body_tracking which has type
[0.582s]   UTILITY
[0.582s] 
[0.582s] Note: The stack trace will not use advanced capabilities because this is a release build.
[0.582s] 0x564eda62e7a4 : ??? [(???) ???:-1]
[0.582s] 0x564eda62f262 : ??? [(???) ???:-1]
[0.582s] 0x564eda56b253 : ??? [(???) ???:-1]
[0.582s] 0x564eda56b8d9 : ??? [(???) ???:-1]
[0.582s] 0x564eda4c431f : ??? [(???) ???:-1]
[0.582s] 0x564eda4c4513 : ??? [(???) ???:-1]
[0.582s] 0x564eda4bc0b3 : ??? [(???) ???:-1]
[0.582s] 0x564eda4bc455 : ??? [(???) ???:-1]
[0.582s] 0x564eda4bc510 : ??? [(???) ???:-1]
[0.582s] 0x564eda52e565 : ??? [(???) ???:-1]
[0.582s] 0x564eda52ed55 : ??? [(???) ???:-1]
[0.582s] 0x564eda24564f : ??? [(???) ???:-1]
[0.582s] 0x564eda245a03 : ??? [(???) ???:-1]
[0.582s] 0x564eda557b6e : ??? [(???) ???:-1]
[0.582s] 0x564eda5600bf : ??? [(???) ???:-1]
[0.582s] 0x564eda55cf4d : ??? [(???) ???:-1]
[0.582s] 0x564eda546421 : ??? [(???) ???:-1]
[0.582s] 0x564eda5078fa : ??? [(???) ???:-1]
[0.582s] 0x564eda5165b7 : ??? [(???) ???:-1]
[0.582s] 0x564eda303aa7 : ??? [(???) ???:-1]
[0.582s] 0x564eda3131e4 : ??? [(???) ???:-1]
[0.582s] 0x564eda216c29 : ??? [(???) ???:-1]
[0.582s] 0x564eda208ba3 : ??? [(???) ???:-1]
[0.582s] 0x7f08064070b3 : __libc_start_main [(libc.so.6) ???:-1]
[0.583s] 0x564eda2121ae : ??? [(???) ???:-1]
[0.583s] 
[0.583s] 
[0.583s] CMake Internal Error (please report a bug) in CMakeLists.txt:
[0.583s]   cmGeneratorTarget::GetOutputInfo called for body_tracking which has type
[0.583s]   UTILITY
[0.583s] 
[0.583s] Note: The stack trace will not use advanced capabilities because this is a release build.
[0.583s] 0x564eda62e7a4 : ??? [(???) ???:-1]
[0.583s] 0x564eda62f262 : ??? [(???) ???:-1]
[0.583s] 0x564eda56b253 : ??? [(???) ???:-1]
[0.583s] 0x564eda56b8d9 : ??? [(???) ???:-1]
[0.583s] 0x564eda4c431f : ??? [(???) ???:-1]
[0.583s] 0x564eda4c4513 : ??? [(???) ???:-1]
[0.583s] 0x564eda4bc0b3 : ??? [(???) ???:-1]
[0.583s] 0x564eda4bc455 : ??? [(???) ???:-1]
[0.583s] 0x564eda4bc510 : ??? [(???) ???:-1]
[0.583s] 0x564eda52e565 : ??? [(???) ???:-1]
[0.583s] 0x564eda52ed55 : ??? [(???) ???:-1]
[0.583s] 0x564eda24564f : ??? [(???) ???:-1]
[0.583s] 0x564eda245a03 : ??? [(???) ???:-1]
[0.583s] 0x564eda557b6e : ??? [(???) ???:-1]
[0.583s] 0x564eda5600bf : ??? [(???) ???:-1]
[0.583s] 0x564eda55cf4d : ??? [(???) ???:-1]
[0.583s] 0x564eda546421 : ??? [(???) ???:-1]
[0.583s] 0x564eda5078fa : ??? [(???) ???:-1]
[0.583s] 0x564eda5165b7 : ??? [(???) ???:-1]
[0.583s] 0x564eda303aa7 : ??? [(???) ???:-1]
[0.584s] 0x564eda3131e4 : ??? [(???) ???:-1]
[0.584s] 0x564eda216c29 : ??? [(???) ???:-1]
[0.584s] 0x564eda208ba3 : ??? [(???) ???:-1]
[0.584s] 0x7f08064070b3 : __libc_start_main [(libc.so.6) ???:-1]
[0.584s] 0x564eda2121ae : ??? [(???) ???:-1]
[0.584s] 
[0.584s] 
[0.584s] CMake Internal Error (please report a bug) in CMakeLists.txt:
[0.584s]   cmGeneratorTarget::GetOutputInfo called for body_tracking which has type
[0.584s]   UTILITY
[0.584s] 
[0.584s] Note: The stack trace will not use advanced capabilities because this is a release build.
[0.584s] 0x564eda62e7a4 : ??? [(???) ???:-1]
[0.584s] 0x564eda62f262 : ??? [(???) ???:-1]
[0.584s] 0x564eda56b253 : ??? [(???) ???:-1]
[0.584s] 0x564eda56b8d9 : ??? [(???) ???:-1]
[0.584s] 0x564eda4c431f : ??? [(???) ???:-1]
[0.584s] 0x564eda4c4513 : ??? [(???) ???:-1]
[0.584s] 0x564eda4bc0b3 : ??? [(???) ???:-1]
[0.584s] 0x564eda4bc455 : ??? [(???) ???:-1]
[0.584s] 0x564eda4bc510 : ??? [(???) ???:-1]
[0.584s] 0x564eda52e565 : ??? [(???) ???:-1]
[0.584s] 0x564eda52ed55 : ??? [(???) ???:-1]
[0.584s] 0x564eda24564f : ??? [(???) ???:-1]
[0.584s] 0x564eda245a03 : ??? [(???) ???:-1]
[0.584s] 0x564eda557b6e : ??? [(???) ???:-1]
[0.584s] 0x564eda5600bf : ??? [(???) ???:-1]
[0.584s] 0x564eda55cf4d : ??? [(???) ???:-1]
[0.584s] 0x564eda546421 : ??? [(???) ???:-1]
[0.584s] 0x564eda5078fa : ??? [(???) ???:-1]
[0.585s] 0x564eda5165b7 : ??? [(???) ???:-1]
[0.585s] 0x564eda303aa7 : ??? [(???) ???:-1]
[0.585s] 0x564eda3131e4 : ??? [(???) ???:-1]
[0.585s] 0x564eda216c29 : ??? [(???) ???:-1]
[0.585s] 0x564eda208ba3 : ??? [(???) ???:-1]
[0.585s] 0x7f08064070b3 : __libc_start_main [(libc.so.6) ???:-1]
[0.585s] 0x564eda2121ae : ??? [(???) ???:-1]
[0.585s] 
[0.585s] 
[0.585s] CMake Internal Error (please report a bug) in CMakeLists.txt:
[0.585s]   cmGeneratorTarget::GetOutputInfo called for body_tracking which has type
[0.585s]   UTILITY
[0.585s] 
[0.585s] Note: The stack trace will not use advanced capabilities because this is a release build.
[0.585s] 0x564eda62e7a4 : ??? [(???) ???:-1]
[0.585s] 0x564eda62f262 : ??? [(???) ???:-1]
[0.585s] 0x564eda56b253 : ??? [(???) ???:-1]
[0.585s] 0x564eda56b8d9 : ??? [(???) ???:-1]
[0.585s] 0x564eda4c431f : ??? [(???) ???:-1]
[0.585s] 0x564eda4c4513 : ??? [(???) ???:-1]
[0.585s] 0x564eda4bc0b3 : ??? [(???) ???:-1]
[0.585s] 0x564eda4bc455 : ??? [(???) ???:-1]
[0.585s] 0x564eda4bc510 : ??? [(???) ???:-1]
[0.585s] 0x564eda52e565 : ??? [(???) ???:-1]
[0.585s] 0x564eda52ed55 : ??? [(???) ???:-1]
[0.585s] 0x564eda24564f : ??? [(???) ???:-1]
[0.585s] 0x564eda245a03 : ??? [(???) ???:-1]
[0.585s] 0x564eda557b6e : ??? [(???) ???:-1]
[0.586s] 0x564eda5600bf : ??? [(???) ???:-1]
[0.586s] 0x564eda55cf4d : ??? [(???) ???:-1]
[0.586s] 0x564eda546421 : ??? [(???) ???:-1]
[0.586s] 0x564eda5078fa : ??? [(???) ???:-1]
[0.586s] 0x564eda5165b7 : ??? [(???) ???:-1]
[0.586s] 0x564eda303aa7 : ??? [(???) ???:-1]
[0.586s] 0x564eda3131e4 : ??? [(???) ???:-1]
[0.586s] 0x564eda216c29 : ??? [(???) ???:-1]
[0.586s] 0x564eda208ba3 : ??? [(???) ???:-1]
[0.586s] 0x7f08064070b3 : __libc_start_main [(libc.so.6) ???:-1]
[0.586s] 0x564eda2121ae : ??? [(???) ???:-1]
[0.586s] 
[0.586s] 
[0.586s] CMake Internal Error (please report a bug) in CMakeLists.txt:
[0.586s]   cmGeneratorTarget::GetOutputInfo called for body_tracking which has type
[0.586s]   UTILITY
[0.586s] 
[0.586s] Note: The stack trace will not use advanced capabilities because this is a release build.
[0.586s] 0x564eda62e7a4 : ??? [(???) ???:-1]
[0.586s] 0x564eda62f262 : ??? [(???) ???:-1]
[0.586s] 0x564eda56b253 : ??? [(???) ???:-1]
[0.586s] 0x564eda56b8d9 : ??? [(???) ???:-1]
[0.586s] 0x564eda4c431f : ??? [(???) ???:-1]
[0.586s] 0x564eda4c4513 : ??? [(???) ???:-1]
[0.586s] 0x564eda4bc0b3 : ??? [(???) ???:-1]
[0.586s] 0x564eda4bc455 : ??? [(???) ???:-1]
[0.586s] 0x564eda4bc510 : ??? [(???) ???:-1]
[0.586s] 0x564eda52e565 : ??? [(???) ???:-1]
[0.586s] 0x564eda52ed55 : ??? [(???) ???:-1]
[0.586s] 0x564eda24564f : ??? [(???) ???:-1]
[0.586s] 0x564eda245a03 : ??? [(???) ???:-1]
[0.586s] 0x564eda557b6e : ??? [(???) ???:-1]
[0.587s] 0x564eda5600bf : ??? [(???) ???:-1]
[0.587s] 0x564eda55cf4d : ??? [(???) ???:-1]
[0.587s] 0x564eda546421 : ??? [(???) ???:-1]
[0.587s] 0x564eda5078fa : ??? [(???) ???:-1]
[0.587s] 0x564eda5165b7 : ??? [(???) ???:-1]
[0.587s] 0x564eda303aa7 : ??? [(???) ???:-1]
[0.587s] 0x564eda3131e4 : ??? [(???) ???:-1]
[0.587s] 0x564eda216c29 : ??? [(???) ???:-1]
[0.587s] 0x564eda208ba3 : ??? [(???) ???:-1]
[0.587s] 0x7f08064070b3 : __libc_start_main [(libc.so.6) ???:-1]
[0.587s] 0x564eda2121ae : ??? [(???) ???:-1]
[0.587s] 
[0.587s] 
[0.587s] CMake Internal Error (please report a bug) in CMakeLists.txt:
[0.587s]   cmGeneratorTarget::GetOutputInfo called for body_tracking which has type
[0.587s]   UTILITY
[0.587s] 
[0.587s] Note: The stack trace will not use advanced capabilities because this is a release build.
[0.587s] 0x564eda62e7a4 : ??? [(???) ???:-1]
[0.587s] 0x564eda62f262 : ??? [(???) ???:-1]
[0.587s] 0x564eda56b253 : ??? [(???) ???:-1]
[0.587s] 0x564eda56b8d9 : ??? [(???) ???:-1]
[0.587s] 0x564eda4c431f : ??? [(???) ???:-1]
[0.587s] 0x564eda4c4513 : ??? [(???) ???:-1]
[0.587s] 0x564eda4bc0b3 : ??? [(???) ???:-1]
[0.587s] 0x564eda4bc455 : ??? [(???) ???:-1]
[0.587s] 0x564eda4bc510 : ??? [(???) ???:-1]
[0.587s] 0x564eda52e565 : ??? [(???) ???:-1]
[0.587s] 0x564eda52ed55 : ??? [(???) ???:-1]
[0.587s] 0x564eda24564f : ??? [(???) ???:-1]
[0.587s] 0x564eda245a03 : ??? [(???) ???:-1]
[0.588s] 0x564eda557b6e : ??? [(???) ???:-1]
[0.588s] 0x564eda5600bf : ??? [(???) ???:-1]
[0.588s] 0x564eda55cf4d : ??? [(???) ???:-1]
[0.588s] 0x564eda546421 : ??? [(???) ???:-1]
[0.588s] 0x564eda5078fa : ??? [(???) ???:-1]
[0.588s] 0x564eda5165b7 : ??? [(???) ???:-1]
[0.588s] 0x564eda303aa7 : ??? [(???) ???:-1]
[0.588s] 0x564eda3131e4 : ??? [(???) ???:-1]
[0.588s] 0x564eda216c29 : ??? [(???) ???:-1]
[0.588s] 0x564eda208ba3 : ??? [(???) ???:-1]
[0.588s] 0x7f08064070b3 : __libc_start_main [(libc.so.6) ???:-1]
[0.588s] 0x564eda2121ae : ??? [(???) ???:-1]
[0.588s] 
[0.588s] 
[0.588s] CMake Internal Error (please report a bug) in CMakeLists.txt:
[0.588s]   cmGeneratorTarget::GetOutputInfo called for body_tracking which has type
[0.588s]   UTILITY
[0.588s] 
[0.588s] Note: The stack trace will not use advanced capabilities because this is a release build.
[0.588s] 0x564eda62e7a4 : ??? [(???) ???:-1]
[0.588s] 0x564eda62f262 : ??? [(???) ???:-1]
[0.588s] 0x564eda56b253 : ??? [(???) ???:-1]
[0.588s] 0x564eda56b8d9 : ??? [(???) ???:-1]
[0.588s] 0x564eda4c431f : ??? [(???) ???:-1]
[0.588s] 0x564eda4c4513 : ??? [(???) ???:-1]
[0.588s] 0x564eda4bc0b3 : ??? [(???) ???:-1]
[0.589s] 0x564eda4bc455 : ??? [(???) ???:-1]
[0.589s] 0x564eda4bc510 : ??? [(???) ???:-1]
[0.589s] 0x564eda52e565 : ??? [(???) ???:-1]
[0.589s] 0x564eda52ed55 : ??? [(???) ???:-1]
[0.589s] 0x564eda24564f : ??? [(???) ???:-1]
[0.589s] 0x564eda245a03 : ??? [(???) ???:-1]
[0.589s] 0x564eda557b6e : ??? [(???) ???:-1]
[0.589s] 0x564eda5600bf : ??? [(???) ???:-1]
[0.589s] 0x564eda55cf4d : ??? [(???) ???:-1]
[0.589s] 0x564eda546421 : ??? [(???) ???:-1]
[0.589s] 0x564eda5078fa : ??? [(???) ???:-1]
[0.589s] 0x564eda5165b7 : ??? [(???) ???:-1]
[0.589s] 0x564eda303aa7 : ??? [(???) ???:-1]
[0.589s] 0x564eda3131e4 : ??? [(???) ???:-1]
[0.589s] 0x564eda216c29 : ??? [(???) ???:-1]
[0.589s] 0x564eda208ba3 : ??? [(???) ???:-1]
[0.589s] 0x7f08064070b3 : __libc_start_main [(libc.so.6) ???:-1]
[0.590s] 0x564eda2121ae : ??? [(???) ???:-1]
[0.590s] 
[0.590s] 
[0.590s] CMake Internal Error (please report a bug) in CMakeLists.txt:
[0.590s]   cmGeneratorTarget::GetOutputInfo called for body_tracking which has type
[0.590s]   UTILITY
[0.590s] 
[0.590s] Note: The stack trace will not use advanced capabilities because this is a release build.
[0.590s] 0x564eda62e7a4 : ??? [(???) ???:-1]
[0.590s] 0x564eda62f262 : ??? [(???) ???:-1]
[0.590s] 0x564eda56b253 : ??? [(???) ???:-1]
[0.590s] 0x564eda56b8d9 : ??? [(???) ???:-1]
[0.590s] 0x564eda4c431f : ??? [(???) ???:-1]
[0.590s] 0x564eda4c4513 : ??? [(???) ???:-1]
[0.590s] 0x564eda4bc0b3 : ??? [(???) ???:-1]
[0.590s] 0x564eda4bc455 : ??? [(???) ???:-1]
[0.590s] 0x564eda4bc510 : ??? [(???) ???:-1]
[0.590s] 0x564eda52e565 : ??? [(???) ???:-1]
[0.590s] 0x564eda52ed55 : ??? [(???) ???:-1]
[0.591s] 0x564eda24564f : ??? [(???) ???:-1]
[0.591s] 0x564eda245a03 : ??? [(???) ???:-1]
[0.591s] 0x564eda557b6e : ??? [(???) ???:-1]
[0.591s] 0x564eda5600bf : ??? [(???) ???:-1]
[0.591s] 0x564eda55cf4d : ??? [(???) ???:-1]
[0.591s] 0x564eda546421 : ??? [(???) ???:-1]
[0.591s] 0x564eda5078fa : ??? [(???) ???:-1]
[0.591s] 0x564eda5165b7 : ??? [(???) ???:-1]
[0.591s] 0x564eda303aa7 : ??? [(???) ???:-1]
[0.591s] 0x564eda3131e4 : ??? [(???) ???:-1]
[0.591s] 0x564eda216c29 : ??? [(???) ???:-1]
[0.591s] 0x564eda208ba3 : ??? [(???) ???:-1]
[0.591s] 0x7f08064070b3 : __libc_start_main [(libc.so.6) ???:-1]
[0.591s] 0x564eda2121ae : ??? [(???) ???:-1]
[0.591s] 
[0.591s] 
[0.591s] CMake Internal Error (please report a bug) in CMakeLists.txt:
[0.591s]   cmGeneratorTarget::GetOutputInfo called for body_tracking which has type
[0.591s]   UTILITY
[0.591s] 
[0.591s] Note: The stack trace will not use advanced capabilities because this is a release build.
[0.591s] 0x564eda62e7a4 : ??? [(???) ???:-1]
[0.591s] 0x564eda62f262 : ??? [(???) ???:-1]
[0.591s] 0x564eda56b253 : ??? [(???) ???:-1]
[0.591s] 0x564eda56b8d9 : ??? [(???) ???:-1]
[0.591s] 0x564eda4c431f : ??? [(???) ???:-1]
[0.592s] 0x564eda4c4513 : ??? [(???) ???:-1]
[0.592s] 0x564eda4bc0b3 : ??? [(???) ???:-1]
[0.592s] 0x564eda4bc455 : ??? [(???) ???:-1]
[0.592s] 0x564eda4bc510 : ??? [(???) ???:-1]
[0.592s] 0x564eda52e565 : ??? [(???) ???:-1]
[0.592s] 0x564eda52ed55 : ??? [(???) ???:-1]
[0.592s] 0x564eda24564f : ??? [(???) ???:-1]
[0.592s] 0x564eda245a03 : ??? [(???) ???:-1]
[0.592s] 0x564eda557b6e : ??? [(???) ???:-1]
[0.592s] 0x564eda5600bf : ??? [(???) ???:-1]
[0.592s] 0x564eda55cf4d : ??? [(???) ???:-1]
[0.592s] 0x564eda546421 : ??? [(???) ???:-1]
[0.592s] 0x564eda5078fa : ??? [(???) ???:-1]
[0.592s] 0x564eda5165b7 : ??? [(???) ???:-1]
[0.592s] 0x564eda303aa7 : ??? [(???) ???:-1]
[0.592s] 0x564eda3131e4 : ??? [(???) ???:-1]
[0.592s] 0x564eda216c29 : ??? [(???) ???:-1]
[0.592s] 0x564eda208ba3 : ??? [(???) ???:-1]
[0.592s] 0x7f08064070b3 : __libc_start_main [(libc.so.6) ???:-1]
[0.592s] 0x564eda2121ae : ??? [(???) ???:-1]
[0.592s] 
[0.592s] 
[0.592s] CMake Internal Error (please report a bug) in CMakeLists.txt:
[0.592s]   cmGeneratorTarget::GetOutputInfo called for body_tracking which has type
[0.593s]   UTILITY
[0.593s] 
[0.593s] Note: The stack trace will not use advanced capabilities because this is a release build.
[0.593s] 0x564eda62e7a4 : ??? [(???) ???:-1]
[0.593s] 0x564eda62f262 : ??? [(???) ???:-1]
[0.593s] 0x564eda56b253 : ??? [(???) ???:-1]
[0.593s] 0x564eda56b8d9 : ??? [(???) ???:-1]
[0.593s] 0x564eda4c431f : ??? [(???) ???:-1]
[0.593s] 0x564eda4c4513 : ??? [(???) ???:-1]
[0.593s] 0x564eda4bc0b3 : ??? [(???) ???:-1]
[0.593s] 0x564eda4bc455 : ??? [(???) ???:-1]
[0.593s] 0x564eda4bc510 : ??? [(???) ???:-1]
[0.593s] 0x564eda52e565 : ??? [(???) ???:-1]
[0.593s] 0x564eda52ed55 : ??? [(???) ???:-1]
[0.593s] 0x564eda24564f : ??? [(???) ???:-1]
[0.593s] 0x564eda245a03 : ??? [(???) ???:-1]
[0.593s] 0x564eda557b6e : ??? [(???) ???:-1]
[0.593s] 0x564eda5600bf : ??? [(???) ???:-1]
[0.593s] 0x564eda55cf4d : ??? [(???) ???:-1]
[0.593s] 0x564eda546421 : ??? [(???) ???:-1]
[0.593s] 0x564eda5078fa : ??? [(???) ???:-1]
[0.594s] 0x564eda5165b7 : ??? [(???) ???:-1]
[0.594s] 0x564eda303aa7 : ??? [(???) ???:-1]
[0.594s] 0x564eda3131e4 : ??? [(???) ???:-1]
[0.594s] 0x564eda216c29 : ??? [(???) ???:-1]
[0.594s] 0x564eda208ba3 : ??? [(???) ???:-1]
[0.594s] 0x7f08064070b3 : __libc_start_main [(libc.so.6) ???:-1]
[0.594s] 0x564eda2121ae : ??? [(???) ???:-1]
[0.594s] 
[0.594s] 
[0.594s] CMake Internal Error (please report a bug) in CMakeLists.txt:
[0.594s]   cmGeneratorTarget::GetOutputInfo called for body_tracking which has type
[0.594s]   UTILITY
[0.594s] 
[0.594s] Note: The stack trace will not use advanced capabilities because this is a release build.
[0.594s] 0x564eda62e7a4 : ??? [(???) ???:-1]
[0.594s] 0x564eda62f262 : ??? [(???) ???:-1]
[0.594s] 0x564eda56b253 : ??? [(???) ???:-1]
[0.594s] 0x564eda56b8d9 : ??? [(???) ???:-1]
[0.594s] 0x564eda4c431f : ??? [(???) ???:-1]
[0.594s] 0x564eda4c4513 : ??? [(???) ???:-1]
[0.594s] 0x564eda4bc0b3 : ??? [(???) ???:-1]
[0.594s] 0x564eda4bc455 : ??? [(???) ???:-1]
[0.594s] 0x564eda4bc510 : ??? [(???) ???:-1]
[0.594s] 0x564eda52e565 : ??? [(???) ???:-1]
[0.594s] 0x564eda52ed55 : ??? [(???) ???:-1]
[0.594s] 0x564eda24564f : ??? [(???) ???:-1]
[0.595s] 0x564eda245a03 : ??? [(???) ???:-1]
[0.595s] 0x564eda557b6e : ??? [(???) ???:-1]
[0.595s] 0x564eda5600bf : ??? [(???) ???:-1]
[0.595s] 0x564eda55cf4d : ??? [(???) ???:-1]
[0.595s] 0x564eda546421 : ??? [(???) ???:-1]
[0.595s] 0x564eda5078fa : ??? [(???) ???:-1]
[0.595s] 0x564eda5165b7 : ??? [(???) ???:-1]
[0.595s] 0x564eda303aa7 : ??? [(???) ???:-1]
[0.595s] 0x564eda3131e4 : ??? [(???) ???:-1]
[0.595s] 0x564eda216c29 : ??? [(???) ???:-1]
[0.595s] 0x564eda208ba3 : ??? [(???) ???:-1]
[0.595s] 0x7f08064070b3 : __libc_start_main [(libc.so.6) ???:-1]
[0.595s] 0x564eda2121ae : ??? [(???) ???:-1]
[0.595s] 
[0.595s] 
[0.595s] CMake Internal Error (please report a bug) in CMakeLists.txt:
[0.595s]   cmGeneratorTarget::GetOutputInfo called for body_tracking which has type
[0.595s]   UTILITY
[0.595s] 
[0.595s] Note: The stack trace will not use advanced capabilities because this is a release build.
[0.595s] 0x564eda62e7a4 : ??? [(???) ???:-1]
[0.595s] 0x564eda62f262 : ??? [(???) ???:-1]
[0.595s] 0x564eda56b253 : ??? [(???) ???:-1]
[0.595s] 0x564eda56b8d9 : ??? [(???) ???:-1]
[0.595s] 0x564eda4c431f : ??? [(???) ???:-1]
[0.595s] 0x564eda4c4513 : ??? [(???) ???:-1]
[0.596s] 0x564eda4bc0b3 : ??? [(???) ???:-1]
[0.596s] 0x564eda4bc455 : ??? [(???) ???:-1]
[0.596s] 0x564eda4bc510 : ??? [(???) ???:-1]
[0.596s] 0x564eda52e565 : ??? [(???) ???:-1]
[0.596s] 0x564eda52ed55 : ??? [(???) ???:-1]
[0.596s] 0x564eda24564f : ??? [(???) ???:-1]
[0.596s] 0x564eda245a03 : ??? [(???) ???:-1]
[0.596s] 0x564eda557b6e : ??? [(???) ???:-1]
[0.596s] 0x564eda5600bf : ??? [(???) ???:-1]
[0.596s] 0x564eda55cf4d : ??? [(???) ???:-1]
[0.596s] 0x564eda546421 : ??? [(???) ???:-1]
[0.596s] 0x564eda5078fa : ??? [(???) ???:-1]
[0.596s] 0x564eda5165b7 : ??? [(???) ???:-1]
[0.596s] 0x564eda303aa7 : ??? [(???) ???:-1]
[0.596s] 0x564eda3131e4 : ??? [(???) ???:-1]
[0.596s] 0x564eda216c29 : ??? [(???) ???:-1]
[0.596s] 0x564eda208ba3 : ??? [(???) ???:-1]
[0.596s] 0x7f08064070b3 : __libc_start_main [(libc.so.6) ???:-1]
[0.596s] 0x564eda2121ae : ??? [(???) ???:-1]
[0.596s] 
[0.596s] 
[0.597s] CMake Internal Error (please report a bug) in CMakeLists.txt:
[0.597s]   cmGeneratorTarget::GetOutputInfo called for body_tracking which has type
[0.597s]   UTILITY
[0.597s] 
[0.597s] Note: The stack trace will not use advanced capabilities because this is a release build.
[0.597s] 0x564eda62e7a4 : ??? [(???) ???:-1]
[0.597s] 0x564eda62f262 : ??? [(???) ???:-1]
[0.597s] 0x564eda56b253 : ??? [(???) ???:-1]
[0.597s] 0x564eda56b8d9 : ??? [(???) ???:-1]
[0.597s] 0x564eda4c431f : ??? [(???) ???:-1]
[0.597s] 0x564eda4c4513 : ??? [(???) ???:-1]
[0.597s] 0x564eda4bc0b3 : ??? [(???) ???:-1]
[0.597s] 0x564eda4bc455 : ??? [(???) ???:-1]
[0.597s] 0x564eda4bc510 : ??? [(???) ???:-1]
[0.597s] 0x564eda52e565 : ??? [(???) ???:-1]
[0.597s] 0x564eda52ed55 : ??? [(???) ???:-1]
[0.597s] 0x564eda24564f : ??? [(???) ???:-1]
[0.597s] 0x564eda245a03 : ??? [(???) ???:-1]
[0.597s] 0x564eda557b6e : ??? [(???) ???:-1]
[0.597s] 0x564eda5600bf : ??? [(???) ???:-1]
[0.597s] 0x564eda55cf4d : ??? [(???) ???:-1]
[0.598s] 0x564eda546421 : ??? [(???) ???:-1]
[0.598s] 0x564eda5078fa : ??? [(???) ???:-1]
[0.599s] 0x564eda5165b7 : ??? [(???) ???:-1]
[0.599s] 0x564eda303aa7 : ??? [(???) ???:-1]
[0.599s] 0x564eda3131e4 : ??? [(???) ???:-1]
[0.599s] 0x564eda216c29 : ??? [(???) ???:-1]
[0.599s] 0x564eda208ba3 : ??? [(???) ???:-1]
[0.599s] 0x7f08064070b3 : __libc_start_main [(libc.so.6) ???:-1]
[0.599s] 0x564eda2121ae : ??? [(???) ???:-1]
[0.599s] 
[0.599s] 
[0.599s] CMake Internal Error (please report a bug) in CMakeLists.txt:
[0.599s]   cmGeneratorTarget::GetOutputInfo called for body_tracking which has type
[0.599s]   UTILITY
[0.599s] 
[0.599s] Note: The stack trace will not use advanced capabilities because this is a release build.
[0.599s] 0x564eda62e7a4 : ??? [(???) ???:-1]
[0.599s] 0x564eda62f262 : ??? [(???) ???:-1]
[0.599s] 0x564eda56b253 : ??? [(???) ???:-1]
[0.599s] 0x564eda56b8d9 : ??? [(???) ???:-1]
[0.599s] 0x564eda4c431f : ??? [(???) ???:-1]
[0.599s] 0x564eda4c4513 : ??? [(???) ???:-1]
[0.599s] 0x564eda4bc0b3 : ??? [(???) ???:-1]
[0.599s] 0x564eda4bc455 : ??? [(???) ???:-1]
[0.600s] 0x564eda4bc510 : ??? [(???) ???:-1]
[0.600s] 0x564eda52e565 : ??? [(???) ???:-1]
[0.600s] 0x564eda52ed55 : ??? [(???) ???:-1]
[0.600s] 0x564eda24564f : ??? [(???) ???:-1]
[0.600s] 0x564eda245a03 : ??? [(???) ???:-1]
[0.600s] 0x564eda557b6e : ??? [(???) ???:-1]
[0.600s] 0x564eda5600bf : ??? [(???) ???:-1]
[0.600s] 0x564eda55cf4d : ??? [(???) ???:-1]
[0.600s] 0x564eda546421 : ??? [(???) ???:-1]
[0.600s] 0x564eda5078fa : ??? [(???) ???:-1]
[0.600s] 0x564eda5165b7 : ??? [(???) ???:-1]
[0.600s] 0x564eda303aa7 : ??? [(???) ???:-1]
[0.600s] 0x564eda3131e4 : ??? [(???) ???:-1]
[0.600s] 0x564eda216c29 : ??? [(???) ???:-1]
[0.600s] 0x564eda208ba3 : ??? [(???) ???:-1]
[0.601s] 0x7f08064070b3 : __libc_start_main [(libc.so.6) ???:-1]
[0.601s] 0x564eda2121ae : ??? [(???) ???:-1]
[0.601s] 
[0.601s] 
[0.601s] CMake Internal Error (please report a bug) in CMakeLists.txt:
[0.601s]   cmGeneratorTarget::GetOutputInfo called for body_tracking which has type
[0.601s]   UTILITY
[0.601s] 
[0.601s] Note: The stack trace will not use advanced capabilities because this is a release build.
[0.601s] 0x564eda62e7a4 : ??? [(???) ???:-1]
[0.601s] 0x564eda62f262 : ??? [(???) ???:-1]
[0.601s] 0x564eda56b253 : ??? [(???) ???:-1]
[0.601s] 0x564eda56b8d9 : ??? [(???) ???:-1]
[0.601s] 0x564eda4c431f : ??? [(???) ???:-1]
[0.601s] 0x564eda4c4513 : ??? [(???) ???:-1]
[0.601s] 0x564eda4bc0b3 : ??? [(???) ???:-1]
[0.601s] 0x564eda4bc455 : ??? [(???) ???:-1]
[0.601s] 0x564eda4bc510 : ??? [(???) ???:-1]
[0.601s] 0x564eda52e565 : ??? [(???) ???:-1]
[0.601s] 0x564eda52ed55 : ??? [(???) ???:-1]
[0.601s] 0x564eda24564f : ??? [(???) ???:-1]
[0.601s] 0x564eda245a03 : ??? [(???) ???:-1]
[0.601s] 0x564eda557b6e : ??? [(???) ???:-1]
[0.601s] 0x564eda5600bf : ??? [(???) ???:-1]
[0.601s] 0x564eda55cf4d : ??? [(???) ???:-1]
[0.601s] 0x564eda546421 : ??? [(???) ???:-1]
[0.602s] 0x564eda5078fa : ??? [(???) ???:-1]
[0.602s] 0x564eda5165b7 : ??? [(???) ???:-1]
[0.602s] 0x564eda303aa7 : ??? [(???) ???:-1]
[0.602s] 0x564eda3131e4 : ??? [(???) ???:-1]
[0.602s] 0x564eda216c29 : ??? [(???) ???:-1]
[0.602s] 0x564eda208ba3 : ??? [(???) ???:-1]
[0.602s] 0x7f08064070b3 : __libc_start_main [(libc.so.6) ???:-1]
[0.602s] 0x564eda2121ae : ??? [(???) ???:-1]
[0.602s] 
[0.602s] 
[0.602s] CMake Internal Error (please report a bug) in CMakeLists.txt:
[0.602s]   cmGeneratorTarget::GetOutputInfo called for body_tracking which has type
[0.602s]   UTILITY
[0.602s] 
[0.602s] Note: The stack trace will not use advanced capabilities because this is a release build.
[0.602s] 0x564eda62e7a4 : ??? [(???) ???:-1]
[0.602s] 0x564eda62f262 : ??? [(???) ???:-1]
[0.602s] 0x564eda56b253 : ??? [(???) ???:-1]
[0.602s] 0x564eda56b8d9 : ??? [(???) ???:-1]
[0.602s] 0x564eda4c431f : ??? [(???) ???:-1]
[0.602s] 0x564eda4c4513 : ??? [(???) ???:-1]
[0.602s] 0x564eda4bc0b3 : ??? [(???) ???:-1]
[0.602s] 0x564eda4bc455 : ??? [(???) ???:-1]
[0.602s] 0x564eda4bc510 : ??? [(???) ???:-1]
[0.602s] 0x564eda52e565 : ??? [(???) ???:-1]
[0.602s] 0x564eda52ed55 : ??? [(???) ???:-1]
[0.602s] 0x564eda24564f : ??? [(???) ???:-1]
[0.602s] 0x564eda245a03 : ??? [(???) ???:-1]
[0.602s] 0x564eda557b6e : ??? [(???) ???:-1]
[0.602s] 0x564eda5600bf : ??? [(???) ???:-1]
[0.603s] 0x564eda55cf4d : ??? [(???) ???:-1]
[0.603s] 0x564eda546421 : ??? [(???) ???:-1]
[0.603s] 0x564eda5078fa : ??? [(???) ???:-1]
[0.603s] 0x564eda5165b7 : ??? [(???) ???:-1]
[0.603s] 0x564eda303aa7 : ??? [(???) ???:-1]
[0.603s] 0x564eda3131e4 : ??? [(???) ???:-1]
[0.603s] 0x564eda216c29 : ??? [(???) ???:-1]
[0.603s] 0x564eda208ba3 : ??? [(???) ???:-1]
[0.603s] 0x7f08064070b3 : __libc_start_main [(libc.so.6) ???:-1]
[0.603s] 0x564eda2121ae : ??? [(???) ???:-1]
[0.603s] 
[0.603s] 
[0.603s] CMake Internal Error (please report a bug) in CMakeLists.txt:
[0.603s]   cmGeneratorTarget::GetOutputInfo called for body_tracking which has type
[0.603s]   UTILITY
[0.603s] 
[0.603s] Note: The stack trace will not use advanced capabilities because this is a release build.
[0.603s] 0x564eda62e7a4 : ??? [(???) ???:-1]
[0.603s] 0x564eda62f262 : ??? [(???) ???:-1]
[0.603s] 0x564eda56b253 : ??? [(???) ???:-1]
[0.603s] 0x564eda56b8d9 : ??? [(???) ???:-1]
[0.603s] 0x564eda4c431f : ??? [(???) ???:-1]
[0.603s] 0x564eda4c4513 : ??? [(???) ???:-1]
[0.603s] 0x564eda4bc0b3 : ??? [(???) ???:-1]
[0.603s] 0x564eda4bc455 : ??? [(???) ???:-1]
[0.603s] 0x564eda4bc510 : ??? [(???) ???:-1]
[0.603s] 0x564eda52e565 : ??? [(???) ???:-1]
[0.603s] 0x564eda52ed55 : ??? [(???) ???:-1]
[0.603s] 0x564eda24564f : ??? [(???) ???:-1]
[0.603s] 0x564eda245a03 : ??? [(???) ???:-1]
[0.604s] 0x564eda557b6e : ??? [(???) ???:-1]
[0.604s] 0x564eda5600bf : ??? [(???) ???:-1]
[0.604s] 0x564eda55cf4d : ??? [(???) ???:-1]
[0.604s] 0x564eda546421 : ??? [(???) ???:-1]
[0.604s] 0x564eda5078fa : ??? [(???) ???:-1]
[0.604s] 0x564eda5165b7 : ??? [(???) ???:-1]
[0.604s] 0x564eda303aa7 : ??? [(???) ???:-1]
[0.604s] 0x564eda3131e4 : ??? [(???) ???:-1]
[0.604s] 0x564eda216c29 : ??? [(???) ???:-1]
[0.604s] 0x564eda208ba3 : ??? [(???) ???:-1]
[0.604s] 0x7f08064070b3 : __libc_start_main [(libc.so.6) ???:-1]
[0.604s] 0x564eda2121ae : ??? [(???) ???:-1]
[0.604s] 
[0.604s] 
[0.604s] CMake Internal Error (please report a bug) in CMakeLists.txt:
[0.604s]   cmGeneratorTarget::GetOutputInfo called for body_tracking which has type
[0.604s]   UTILITY
[0.604s] 
[0.604s] Note: The stack trace will not use advanced capabilities because this is a release build.
[0.604s] 0x564eda62e7a4 : ??? [(???) ???:-1]
[0.604s] 0x564eda62f262 : ??? [(???) ???:-1]
[0.604s] 0x564eda56b253 : ??? [(???) ???:-1]
[0.604s] 0x564eda56b8d9 : ??? [(???) ???:-1]
[0.604s] 0x564eda4c431f : ??? [(???) ???:-1]
[0.604s] 0x564eda4c4513 : ??? [(???) ???:-1]
[0.604s] 0x564eda4bc0b3 : ??? [(???) ???:-1]
[0.604s] 0x564eda4bc455 : ??? [(???) ???:-1]
[0.604s] 0x564eda4bc510 : ??? [(???) ???:-1]
[0.604s] 0x564eda52e565 : ??? [(???) ???:-1]
[0.605s] 0x564eda52ed55 : ??? [(???) ???:-1]
[0.605s] 0x564eda24564f : ??? [(???) ???:-1]
[0.605s] 0x564eda245a03 : ??? [(???) ???:-1]
[0.605s] 0x564eda557b6e : ??? [(???) ???:-1]
[0.605s] 0x564eda5600bf : ??? [(???) ???:-1]
[0.605s] 0x564eda55cf4d : ??? [(???) ???:-1]
[0.605s] 0x564eda546421 : ??? [(???) ???:-1]
[0.605s] 0x564eda5078fa : ??? [(???) ???:-1]
[0.605s] 0x564eda5165b7 : ??? [(???) ???:-1]
[0.605s] 0x564eda303aa7 : ??? [(???) ???:-1]
[0.605s] 0x564eda3131e4 : ??? [(???) ???:-1]
[0.605s] 0x564eda216c29 : ??? [(???) ???:-1]
[0.605s] 0x564eda208ba3 : ??? [(???) ???:-1]
[0.605s] 0x7f08064070b3 : __libc_start_main [(libc.so.6) ???:-1]
[0.605s] 0x564eda2121ae : ??? [(???) ???:-1]
[0.605s] 
[0.605s] 
[0.605s] CMake Internal Error (please report a bug) in CMakeLists.txt:
[0.605s]   cmGeneratorTarget::GetOutputInfo called for body_tracking which has type
[0.605s]   UTILITY
[0.605s] 
[0.605s] Note: The stack trace will not use advanced capabilities because this is a release build.
[0.605s] 0x564eda62e7a4 : ??? [(???) ???:-1]
[0.605s] 0x564eda62f262 : ??? [(???) ???:-1]
[0.605s] 0x564eda56b253 : ??? [(???) ???:-1]
[0.605s] 0x564eda56b8d9 : ??? [(???) ???:-1]
[0.605s] 0x564eda4c431f : ??? [(???) ???:-1]
[0.605s] 0x564eda4c4513 : ??? [(???) ???:-1]
[0.605s] 0x564eda4bc0b3 : ??? [(???) ???:-1]
[0.606s] 0x564eda4bc455 : ??? [(???) ???:-1]
[0.606s] 0x564eda4bc510 : ??? [(???) ???:-1]
[0.606s] 0x564eda52e565 : ??? [(???) ???:-1]
[0.606s] 0x564eda52ed55 : ??? [(???) ???:-1]
[0.606s] 0x564eda24564f : ??? [(???) ???:-1]
[0.606s] 0x564eda245a03 : ??? [(???) ???:-1]
[0.606s] 0x564eda557b6e : ??? [(???) ???:-1]
[0.606s] 0x564eda5600bf : ??? [(???) ???:-1]
[0.606s] 0x564eda55cf4d : ??? [(???) ???:-1]
[0.606s] 0x564eda546421 : ??? [(???) ???:-1]
[0.606s] 0x564eda5078fa : ??? [(???) ???:-1]
[0.606s] 0x564eda5165b7 : ??? [(???) ???:-1]
[0.606s] 0x564eda303aa7 : ??? [(???) ???:-1]
[0.606s] 0x564eda3131e4 : ??? [(???) ???:-1]
[0.606s] 0x564eda216c29 : ??? [(???) ???:-1]
[0.606s] 0x564eda208ba3 : ??? [(???) ???:-1]
[0.606s] 0x7f08064070b3 : __libc_start_main [(libc.so.6) ???:-1]
[0.606s] 0x564eda2121ae : ??? [(???) ???:-1]
[0.606s] 
[0.606s] 
[0.606s] CMake Internal Error (please report a bug) in CMakeLists.txt:
[0.606s]   cmGeneratorTarget::GetOutputInfo called for body_tracking which has type
[0.606s]   UTILITY
[0.607s] 
[0.607s] Note: The stack trace will not use advanced capabilities because this is a release build.
[0.607s] 0x564eda62e7a4 : ??? [(???) ???:-1]
[0.607s] 0x564eda62f262 : ??? [(???) ???:-1]
[0.607s] 0x564eda56b253 : ??? [(???) ???:-1]
[0.607s] 0x564eda56b8d9 : ??? [(???) ???:-1]
[0.607s] 0x564eda4c431f : ??? [(???) ???:-1]
[0.607s] 0x564eda4c4513 : ??? [(???) ???:-1]
[0.607s] 0x564eda4bc0b3 : ??? [(???) ???:-1]
[0.607s] 0x564eda4bc455 : ??? [(???) ???:-1]
[0.607s] 0x564eda4bc510 : ??? [(???) ???:-1]
[0.607s] 0x564eda52e565 : ??? [(???) ???:-1]
[0.607s] 0x564eda52ed55 : ??? [(???) ???:-1]
[0.607s] 0x564eda24564f : ??? [(???) ???:-1]
[0.607s] 0x564eda245a03 : ??? [(???) ???:-1]
[0.607s] 0x564eda557b6e : ??? [(???) ???:-1]
[0.607s] 0x564eda5600bf : ??? [(???) ???:-1]
[0.607s] 0x564eda55cf4d : ??? [(???) ???:-1]
[0.607s] 0x564eda546421 : ??? [(???) ???:-1]
[0.607s] 0x564eda5078fa : ??? [(???) ???:-1]
[0.607s] 0x564eda5165b7 : ??? [(???) ???:-1]
[0.607s] 0x564eda303aa7 : ??? [(???) ???:-1]
[0.607s] 0x564eda3131e4 : ??? [(???) ???:-1]
[0.607s] 0x564eda216c29 : ??? [(???) ???:-1]
[0.607s] 0x564eda208ba3 : ??? [(???) ???:-1]
[0.607s] 0x7f08064070b3 : __libc_start_main [(libc.so.6) ???:-1]
[0.608s] 0x564eda2121ae : ??? [(???) ???:-1]
[0.608s] 
[0.608s] 
[0.608s] CMake Internal Error (please report a bug) in CMakeLists.txt:
[0.608s]   cmGeneratorTarget::GetOutputInfo called for body_tracking which has type
[0.608s]   UTILITY
[0.608s] 
[0.608s] Note: The stack trace will not use advanced capabilities because this is a release build.
[0.608s] 0x564eda62e7a4 : ??? [(???) ???:-1]
[0.608s] 0x564eda62f262 : ??? [(???) ???:-1]
[0.608s] 0x564eda56b253 : ??? [(???) ???:-1]
[0.608s] 0x564eda56b8d9 : ??? [(???) ???:-1]
[0.608s] 0x564eda4c431f : ??? [(???) ???:-1]
[0.608s] 0x564eda4c4513 : ??? [(???) ???:-1]
[0.608s] 0x564eda4bc0b3 : ??? [(???) ???:-1]
[0.608s] 0x564eda4bc455 : ??? [(???) ???:-1]
[0.608s] 0x564eda4bc510 : ??? [(???) ???:-1]
[0.608s] 0x564eda52e565 : ??? [(???) ???:-1]
[0.608s] 0x564eda52ed55 : ??? [(???) ???:-1]
[0.608s] 0x564eda24564f : ??? [(???) ???:-1]
[0.608s] 0x564eda245a03 : ??? [(???) ???:-1]
[0.608s] 0x564eda557b6e : ??? [(???) ???:-1]
[0.608s] 0x564eda5600bf : ??? [(???) ???:-1]
[0.608s] 0x564eda55cf4d : ??? [(???) ???:-1]
[0.609s] 0x564eda546421 : ??? [(???) ???:-1]
[0.609s] 0x564eda5078fa : ??? [(???) ???:-1]
[0.609s] 0x564eda5165b7 : ??? [(???) ???:-1]
[0.609s] 0x564eda303aa7 : ??? [(???) ???:-1]
[0.609s] 0x564eda3131e4 : ??? [(???) ???:-1]
[0.609s] 0x564eda216c29 : ??? [(???) ???:-1]
[0.609s] 0x564eda208ba3 : ??? [(???) ???:-1]
[0.609s] 0x7f08064070b3 : __libc_start_main [(libc.so.6) ???:-1]
[0.609s] 0x564eda2121ae : ??? [(???) ???:-1]
[0.609s] 
[0.609s] 
[0.609s] CMake Internal Error (please report a bug) in CMakeLists.txt:
[0.609s]   cmGeneratorTarget::GetOutputInfo called for body_tracking which has type
[0.609s]   UTILITY
[0.609s] 
[0.609s] Note: The stack trace will not use advanced capabilities because this is a release build.
[0.609s] 0x564eda62e7a4 : ??? [(???) ???:-1]
[0.609s] 0x564eda62f262 : ??? [(???) ???:-1]
[0.609s] 0x564eda56b253 : ??? [(???) ???:-1]
[0.609s] 0x564eda56b8d9 : ??? [(???) ???:-1]
[0.609s] 0x564eda4c431f : ??? [(???) ???:-1]
[0.609s] 0x564eda4c4513 : ??? [(???) ???:-1]
[0.609s] 0x564eda4bc0b3 : ??? [(???) ???:-1]
[0.609s] 0x564eda4bc455 : ??? [(???) ???:-1]
[0.609s] 0x564eda4bc510 : ??? [(???) ???:-1]
[0.609s] 0x564eda52e565 : ??? [(???) ???:-1]
[0.610s] 0x564eda52ed55 : ??? [(???) ???:-1]
[0.610s] 0x564eda24564f : ??? [(???) ???:-1]
[0.610s] 0x564eda245a03 : ??? [(???) ???:-1]
[0.610s] 0x564eda557b6e : ??? [(???) ???:-1]
[0.610s] 0x564eda5600bf : ??? [(???) ???:-1]
[0.610s] 0x564eda55cf4d : ??? [(???) ???:-1]
[0.610s] 0x564eda546421 : ??? [(???) ???:-1]
[0.610s] 0x564eda5078fa : ??? [(???) ???:-1]
[0.610s] 0x564eda5165b7 : ??? [(???) ???:-1]
[0.610s] 0x564eda303aa7 : ??? [(???) ???:-1]
[0.610s] 0x564eda3131e4 : ??? [(???) ???:-1]
[0.610s] 0x564eda216c29 : ??? [(???) ???:-1]
[0.610s] 0x564eda208ba3 : ??? [(???) ???:-1]
[0.610s] 0x7f08064070b3 : __libc_start_main [(libc.so.6) ???:-1]
[0.610s] 0x564eda2121ae : ??? [(???) ???:-1]
[0.610s] 
[0.610s] 
[0.610s] CMake Internal Error (please report a bug) in CMakeLists.txt:
[0.610s]   cmGeneratorTarget::GetOutputInfo called for body_tracking which has type
[0.610s]   UTILITY
[0.610s] 
[0.610s] Note: The stack trace will not use advanced capabilities because this is a release build.
[0.610s] 0x564eda62e7a4 : ??? [(???) ???:-1]
[0.610s] 0x564eda62f262 : ??? [(???) ???:-1]
[0.610s] 0x564eda56b253 : ??? [(???) ???:-1]
[0.610s] 0x564eda56b8d9 : ??? [(???) ???:-1]
[0.611s] 0x564eda4c431f : ??? [(???) ???:-1]
[0.611s] 0x564eda4c4513 : ??? [(???) ???:-1]
[0.611s] 0x564eda4bc0b3 : ??? [(???) ???:-1]
[0.611s] 0x564eda4bc455 : ??? [(???) ???:-1]
[0.611s] 0x564eda4bc510 : ??? [(???) ???:-1]
[0.611s] 0x564eda52e565 : ??? [(???) ???:-1]
[0.611s] 0x564eda52ed55 : ??? [(???) ???:-1]
[0.611s] 0x564eda24564f : ??? [(???) ???:-1]
[0.611s] 0x564eda245a03 : ??? [(???) ???:-1]
[0.611s] 0x564eda557b6e : ??? [(???) ???:-1]
[0.611s] 0x564eda5600bf : ??? [(???) ???:-1]
[0.611s] 0x564eda55cf4d : ??? [(???) ???:-1]
[0.611s] 0x564eda546421 : ??? [(???) ???:-1]
[0.611s] 0x564eda5078fa : ??? [(???) ???:-1]
[0.611s] 0x564eda5165b7 : ??? [(???) ???:-1]
[0.611s] 0x564eda303aa7 : ??? [(???) ???:-1]
[0.611s] 0x564eda3131e4 : ??? [(???) ???:-1]
[0.611s] 0x564eda216c29 : ??? [(???) ???:-1]
[0.611s] 0x564eda208ba3 : ??? [(???) ???:-1]
[0.611s] 0x7f08064070b3 : __libc_start_main [(libc.so.6) ???:-1]
[0.611s] 0x564eda2121ae : ??? [(???) ???:-1]
[0.611s] 
[0.611s] 
[0.611s] CMake Internal Error (please report a bug) in CMakeLists.txt:
[0.611s]   cmGeneratorTarget::GetOutputInfo called for body_tracking which has type
[0.612s]   UTILITY
[0.612s] 
[0.612s] Note: The stack trace will not use advanced capabilities because this is a release build.
[0.612s] 0x564eda62e7a4 : ??? [(???) ???:-1]
[0.612s] 0x564eda62f262 : ??? [(???) ???:-1]
[0.612s] 0x564eda56b253 : ??? [(???) ???:-1]
[0.612s] 0x564eda56b8d9 : ??? [(???) ???:-1]
[0.612s] 0x564eda4c431f : ??? [(???) ???:-1]
[0.612s] 0x564eda4c4513 : ??? [(???) ???:-1]
[0.612s] 0x564eda4bc0b3 : ??? [(???) ???:-1]
[0.612s] 0x564eda4bc455 : ??? [(???) ???:-1]
[0.612s] 0x564eda4bc510 : ??? [(???) ???:-1]
[0.612s] 0x564eda52e565 : ??? [(???) ???:-1]
[0.612s] 0x564eda52ed55 : ??? [(???) ???:-1]
[0.612s] 0x564eda24564f : ??? [(???) ???:-1]
[0.612s] 0x564eda245a03 : ??? [(???) ???:-1]
[0.612s] 0x564eda557b6e : ??? [(???) ???:-1]
[0.612s] 0x564eda5600bf : ??? [(???) ???:-1]
[0.612s] 0x564eda55cf4d : ??? [(???) ???:-1]
[0.612s] 0x564eda546421 : ??? [(???) ???:-1]
[0.612s] 0x564eda5078fa : ??? [(???) ???:-1]
[0.612s] 0x564eda5165b7 : ??? [(???) ???:-1]
[0.612s] 0x564eda303aa7 : ??? [(???) ???:-1]
[0.612s] 0x564eda3131e4 : ??? [(???) ???:-1]
[0.612s] 0x564eda216c29 : ??? [(???) ???:-1]
[0.612s] 0x564eda208ba3 : ??? [(???) ???:-1]
[0.613s] 0x7f08064070b3 : __libc_start_main [(libc.so.6) ???:-1]
[0.613s] 0x564eda2121ae : ??? [(???) ???:-1]
[0.613s] 
[0.613s] 
[0.613s] CMake Internal Error (please report a bug) in CMakeLists.txt:
[0.613s]   cmGeneratorTarget::GetOutputInfo called for body_tracking which has type
[0.613s]   UTILITY
[0.613s] 
[0.613s] Note: The stack trace will not use advanced capabilities because this is a release build.
[0.613s] 0x564eda62e7a4 : ??? [(???) ???:-1]
[0.613s] 0x564eda62f262 : ??? [(???) ???:-1]
[0.613s] 0x564eda56b253 : ??? [(???) ???:-1]
[0.613s] 0x564eda56b8d9 : ??? [(???) ???:-1]
[0.613s] 0x564eda4c431f : ??? [(???) ???:-1]
[0.613s] 0x564eda4c4513 : ??? [(???) ???:-1]
[0.613s] 0x564eda4bc0b3 : ??? [(???) ???:-1]
[0.613s] 0x564eda4bc455 : ??? [(???) ???:-1]
[0.613s] 0x564eda4bc510 : ??? [(???) ???:-1]
[0.613s] 0x564eda52e565 : ??? [(???) ???:-1]
[0.613s] 0x564eda52ed55 : ??? [(???) ???:-1]
[0.613s] 0x564eda24564f : ??? [(???) ???:-1]
[0.613s] 0x564eda245a03 : ??? [(???) ???:-1]
[0.613s] 0x564eda557b6e : ??? [(???) ???:-1]
[0.613s] 0x564eda5600bf : ??? [(???) ???:-1]
[0.613s] 0x564eda55cf4d : ??? [(???) ???:-1]
[0.614s] 0x564eda546421 : ??? [(???) ???:-1]
[0.614s] 0x564eda5078fa : ??? [(???) ???:-1]
[0.614s] 0x564eda5165b7 : ??? [(???) ???:-1]
[0.614s] 0x564eda303aa7 : ??? [(???) ???:-1]
[0.614s] 0x564eda3131e4 : ??? [(???) ???:-1]
[0.614s] 0x564eda216c29 : ??? [(???) ???:-1]
[0.614s] 0x564eda208ba3 : ??? [(???) ???:-1]
[0.614s] 0x7f08064070b3 : __libc_start_main [(libc.so.6) ???:-1]
[0.614s] 0x564eda2121ae : ??? [(???) ???:-1]
[0.614s] 
[0.614s] 
[0.614s] CMake Internal Error (please report a bug) in CMakeLists.txt:
[0.614s]   cmGeneratorTarget::GetOutputInfo called for body_tracking which has type
[0.614s]   UTILITY
[0.614s] 
[0.614s] Note: The stack trace will not use advanced capabilities because this is a release build.
[0.614s] 0x564eda62e7a4 : ??? [(???) ???:-1]
[0.614s] 0x564eda62f262 : ??? [(???) ???:-1]
[0.614s] 0x564eda56b253 : ??? [(???) ???:-1]
[0.614s] 0x564eda56b8d9 : ??? [(???) ???:-1]
[0.614s] 0x564eda4c431f : ??? [(???) ???:-1]
[0.614s] 0x564eda4c4513 : ??? [(???) ???:-1]
[0.614s] 0x564eda4bc0b3 : ??? [(???) ???:-1]
[0.614s] 0x564eda4bc455 : ??? [(???) ???:-1]
[0.614s] 0x564eda4bc510 : ??? [(???) ???:-1]
[0.614s] 0x564eda52e565 : ??? [(???) ???:-1]
[0.615s] 0x564eda52ed55 : ??? [(???) ???:-1]
[0.615s] 0x564eda24564f : ??? [(???) ???:-1]
[0.615s] 0x564eda245a03 : ??? [(???) ???:-1]
[0.615s] 0x564eda557b6e : ??? [(???) ???:-1]
[0.615s] 0x564eda5600bf : ??? [(???) ???:-1]
[0.615s] 0x564eda55cf4d : ??? [(???) ???:-1]
[0.615s] 0x564eda546421 : ??? [(???) ???:-1]
[0.615s] 0x564eda5078fa : ??? [(???) ???:-1]
[0.615s] 0x564eda5165b7 : ??? [(???) ???:-1]
[0.615s] 0x564eda303aa7 : ??? [(???) ???:-1]
[0.615s] 0x564eda3131e4 : ??? [(???) ???:-1]
[0.615s] 0x564eda216c29 : ??? [(???) ???:-1]
[0.615s] 0x564eda208ba3 : ??? [(???) ???:-1]
[0.615s] 0x7f08064070b3 : __libc_start_main [(libc.so.6) ???:-1]
[0.615s] 0x564eda2121ae : ??? [(???) ???:-1]
[0.615s] 
[0.615s] 
[0.615s] CMake Internal Error (please report a bug) in CMakeLists.txt:
[0.615s]   cmGeneratorTarget::GetOutputInfo called for body_tracking which has type
[0.615s]   UTILITY
[0.615s] 
[0.615s] Note: The stack trace will not use advanced capabilities because this is a release build.
[0.615s] 0x564eda62e7a4 : ??? [(???) ???:-1]
[0.615s] 0x564eda62f262 : ??? [(???) ???:-1]
[0.616s] 0x564eda56b253 : ??? [(???) ???:-1]
[0.616s] 0x564eda56b8d9 : ??? [(???) ???:-1]
[0.616s] 0x564eda4c431f : ??? [(???) ???:-1]
[0.616s] 0x564eda4c4513 : ??? [(???) ???:-1]
[0.616s] 0x564eda4bc0b3 : ??? [(???) ???:-1]
[0.616s] 0x564eda4bc455 : ??? [(???) ???:-1]
[0.616s] 0x564eda4bc510 : ??? [(???) ???:-1]
[0.616s] 0x564eda52e565 : ??? [(???) ???:-1]
[0.616s] 0x564eda52ed55 : ??? [(???) ???:-1]
[0.616s] 0x564eda24564f : ??? [(???) ???:-1]
[0.616s] 0x564eda245a03 : ??? [(???) ???:-1]
[0.616s] 0x564eda557b6e : ??? [(???) ???:-1]
[0.616s] 0x564eda5600bf : ??? [(???) ???:-1]
[0.616s] 0x564eda55cf4d : ??? [(???) ???:-1]
[0.616s] 0x564eda546421 : ??? [(???) ???:-1]
[0.616s] 0x564eda5078fa : ??? [(???) ???:-1]
[0.616s] 0x564eda5165b7 : ??? [(???) ???:-1]
[0.616s] 0x564eda303aa7 : ??? [(???) ???:-1]
[0.616s] 0x564eda3131e4 : ??? [(???) ???:-1]
[0.616s] 0x564eda216c29 : ??? [(???) ???:-1]
[0.616s] 0x564eda208ba3 : ??? [(???) ???:-1]
[0.616s] 0x7f08064070b3 : __libc_start_main [(libc.so.6) ???:-1]
[0.616s] 0x564eda2121ae : ??? [(???) ???:-1]
[0.616s] 
[0.616s] 
[0.616s] CMake Internal Error (please report a bug) in CMakeLists.txt:
[0.617s]   cmGeneratorTarget::GetOutputInfo called for body_tracking which has type
[0.617s]   UTILITY
[0.617s] 
[0.617s] Note: The stack trace will not use advanced capabilities because this is a release build.
[0.617s] 0x564eda62e7a4 : ??? [(???) ???:-1]
[0.617s] 0x564eda62f262 : ??? [(???) ???:-1]
[0.617s] 0x564eda56b253 : ??? [(???) ???:-1]
[0.617s] 0x564eda56b8d9 : ??? [(???) ???:-1]
[0.617s] 0x564eda4c431f : ??? [(???) ???:-1]
[0.617s] 0x564eda4c4513 : ??? [(???) ???:-1]
[0.617s] 0x564eda4bc0b3 : ??? [(???) ???:-1]
[0.617s] 0x564eda4bc455 : ??? [(???) ???:-1]
[0.617s] 0x564eda4bc510 : ??? [(???) ???:-1]
[0.617s] 0x564eda52e565 : ??? [(???) ???:-1]
[0.617s] 0x564eda52ed55 : ??? [(???) ???:-1]
[0.617s] 0x564eda24564f : ??? [(???) ???:-1]
[0.617s] 0x564eda245a03 : ??? [(???) ???:-1]
[0.617s] 0x564eda557b6e : ??? [(???) ???:-1]
[0.617s] 0x564eda5600bf : ??? [(???) ???:-1]
[0.617s] 0x564eda55cf4d : ??? [(???) ???:-1]
[0.617s] 0x564eda546421 : ??? [(???) ???:-1]
[0.617s] 0x564eda5078fa : ??? [(???) ???:-1]
[0.617s] 0x564eda5165b7 : ??? [(???) ???:-1]
[0.617s] 0x564eda303aa7 : ??? [(???) ???:-1]
[0.617s] 0x564eda3131e4 : ??? [(???) ???:-1]
[0.618s] 0x564eda216c29 : ??? [(???) ???:-1]
[0.618s] 0x564eda208ba3 : ??? [(???) ???:-1]
[0.618s] 0x7f08064070b3 : __libc_start_main [(libc.so.6) ???:-1]
[0.618s] 0x564eda2121ae : ??? [(???) ???:-1]
[0.618s] 
[0.618s] 
[0.618s] CMake Internal Error (please report a bug) in CMakeLists.txt:
[0.618s]   cmGeneratorTarget::GetOutputInfo called for body_tracking which has type
[0.618s]   UTILITY
[0.618s] 
[0.618s] Note: The stack trace will not use advanced capabilities because this is a release build.
[0.618s] 0x564eda62e7a4 : ??? [(???) ???:-1]
[0.618s] 0x564eda62f262 : ??? [(???) ???:-1]
[0.618s] 0x564eda56b253 : ??? [(???) ???:-1]
[0.618s] 0x564eda56b8d9 : ??? [(???) ???:-1]
[0.618s] 0x564eda4c431f : ??? [(???) ???:-1]
[0.618s] 0x564eda4c4513 : ??? [(???) ???:-1]
[0.618s] 0x564eda4bc0b3 : ??? [(???) ???:-1]
[0.618s] 0x564eda4bc455 : ??? [(???) ???:-1]
[0.618s] 0x564eda4bc510 : ??? [(???) ???:-1]
[0.618s] 0x564eda52e565 : ??? [(???) ???:-1]
[0.618s] 0x564eda52ed55 : ??? [(???) ???:-1]
[0.618s] 0x564eda24564f : ??? [(???) ???:-1]
[0.618s] 0x564eda245a03 : ??? [(???) ???:-1]
[0.618s] 0x564eda557b6e : ??? [(???) ???:-1]
[0.619s] 0x564eda5600bf : ??? [(???) ???:-1]
[0.619s] 0x564eda55cf4d : ??? [(???) ???:-1]
[0.619s] 0x564eda546421 : ??? [(???) ???:-1]
[0.619s] 0x564eda5078fa : ??? [(???) ???:-1]
[0.619s] 0x564eda5165b7 : ??? [(???) ???:-1]
[0.619s] 0x564eda303aa7 : ??? [(???) ???:-1]
[0.619s] 0x564eda3131e4 : ??? [(???) ???:-1]
[0.619s] 0x564eda216c29 : ??? [(???) ???:-1]
[0.619s] 0x564eda208ba3 : ??? [(???) ???:-1]
[0.619s] 0x7f08064070b3 : __libc_start_main [(libc.so.6) ???:-1]
[0.619s] 0x564eda2121ae : ??? [(???) ???:-1]
[0.619s] 
[0.619s] 
[0.619s] CMake Internal Error (please report a bug) in CMakeLists.txt:
[0.619s]   cmGeneratorTarget::GetOutputInfo called for body_tracking which has type
[0.619s]   UTILITY
[0.619s] 
[0.619s] Note: The stack trace will not use advanced capabilities because this is a release build.
[0.619s] 0x564eda62e7a4 : ??? [(???) ???:-1]
[0.619s] 0x564eda62f262 : ??? [(???) ???:-1]
[0.619s] 0x564eda56b253 : ??? [(???) ???:-1]
[0.619s] 0x564eda56b8d9 : ??? [(???) ???:-1]
[0.619s] 0x564eda4c431f : ??? [(???) ???:-1]
[0.619s] 0x564eda4c4513 : ??? [(???) ???:-1]
[0.619s] 0x564eda4bc0b3 : ??? [(???) ???:-1]
[0.619s] 0x564eda4bc455 : ??? [(???) ???:-1]
[0.620s] 0x564eda4bc510 : ??? [(???) ???:-1]
[0.620s] 0x564eda52e565 : ??? [(???) ???:-1]
[0.620s] 0x564eda52ed55 : ??? [(???) ???:-1]
[0.620s] 0x564eda24564f : ??? [(???) ???:-1]
[0.620s] 0x564eda245a03 : ??? [(???) ???:-1]
[0.620s] 0x564eda557b6e : ??? [(???) ???:-1]
[0.620s] 0x564eda5600bf : ??? [(???) ???:-1]
[0.620s] 0x564eda55cf4d : ??? [(???) ???:-1]
[0.620s] 0x564eda546421 : ??? [(???) ???:-1]
[0.620s] 0x564eda5078fa : ??? [(???) ???:-1]
[0.620s] 0x564eda5165b7 : ??? [(???) ???:-1]
[0.620s] 0x564eda303aa7 : ??? [(???) ???:-1]
[0.620s] 0x564eda3131e4 : ??? [(???) ???:-1]
[0.620s] 0x564eda216c29 : ??? [(???) ???:-1]
[0.620s] 0x564eda208ba3 : ??? [(???) ???:-1]
[0.620s] 0x7f08064070b3 : __libc_start_main [(libc.so.6) ???:-1]
[0.620s] 0x564eda2121ae : ??? [(???) ???:-1]
[0.620s] 
[0.620s] 
[0.620s] CMake Internal Error (please report a bug) in CMakeLists.txt:
[0.620s]   cmGeneratorTarget::GetOutputInfo called for body_tracking which has type
[0.620s]   UTILITY
[0.620s] 
[0.620s] Note: The stack trace will not use advanced capabilities because this is a release build.
[0.621s] 0x564eda62e7a4 : ??? [(???) ???:-1]
[0.621s] 0x564eda62f262 : ??? [(???) ???:-1]
[0.621s] 0x564eda56b253 : ??? [(???) ???:-1]
[0.621s] 0x564eda56b8d9 : ??? [(???) ???:-1]
[0.621s] 0x564eda4c431f : ??? [(???) ???:-1]
[0.621s] 0x564eda4c4513 : ??? [(???) ???:-1]
[0.621s] 0x564eda4bc0b3 : ??? [(???) ???:-1]
[0.621s] 0x564eda4bc455 : ??? [(???) ???:-1]
[0.621s] 0x564eda4bc510 : ??? [(???) ???:-1]
[0.621s] 0x564eda52e565 : ??? [(???) ???:-1]
[0.621s] 0x564eda52ed55 : ??? [(???) ???:-1]
[0.621s] 0x564eda24564f : ??? [(???) ???:-1]
[0.621s] 0x564eda245a03 : ??? [(???) ???:-1]
[0.621s] 0x564eda557b6e : ??? [(???) ???:-1]
[0.621s] 0x564eda5600bf : ??? [(???) ???:-1]
[0.621s] 0x564eda55cf4d : ??? [(???) ???:-1]
[0.621s] 0x564eda546421 : ??? [(???) ???:-1]
[0.621s] 0x564eda5078fa : ??? [(???) ???:-1]
[0.621s] 0x564eda5165b7 : ??? [(???) ???:-1]
[0.621s] 0x564eda303aa7 : ??? [(???) ???:-1]
[0.621s] 0x564eda3131e4 : ??? [(???) ???:-1]
[0.621s] 0x564eda216c29 : ??? [(???) ???:-1]
[0.621s] 0x564eda208ba3 : ??? [(???) ???:-1]
[0.621s] 0x7f08064070b3 : __libc_start_main [(libc.so.6) ???:-1]
[0.621s] 0x564eda2121ae : ??? [(???) ???:-1]
[0.621s] 
[0.622s] 
[0.622s] CMake Internal Error (please report a bug) in CMakeLists.txt:
[0.622s]   cmGeneratorTarget::GetOutputInfo called for body_tracking which has type
[0.622s]   UTILITY
[0.622s] 
[0.622s] Note: The stack trace will not use advanced capabilities because this is a release build.
[0.622s] 0x564eda62e7a4 : ??? [(???) ???:-1]
[0.622s] 0x564eda62f262 : ??? [(???) ???:-1]
[0.622s] 0x564eda56b253 : ??? [(???) ???:-1]
[0.622s] 0x564eda56b8d9 : ??? [(???) ???:-1]
[0.622s] 0x564eda4c431f : ??? [(???) ???:-1]
[0.622s] 0x564eda4c4513 : ??? [(???) ???:-1]
[0.622s] 0x564eda4bc0b3 : ??? [(???) ???:-1]
[0.622s] 0x564eda4bc455 : ??? [(???) ???:-1]
[0.622s] 0x564eda4bc510 : ??? [(???) ???:-1]
[0.622s] 0x564eda52e565 : ??? [(???) ???:-1]
[0.622s] 0x564eda52ed55 : ??? [(???) ???:-1]
[0.622s] 0x564eda24564f : ??? [(???) ???:-1]
[0.622s] 0x564eda245a03 : ??? [(???) ???:-1]
[0.622s] 0x564eda557b6e : ??? [(???) ???:-1]
[0.622s] 0x564eda5600bf : ??? [(???) ???:-1]
[0.622s] 0x564eda55cf4d : ??? [(???) ???:-1]
[0.622s] 0x564eda546421 : ??? [(???) ???:-1]
[0.622s] 0x564eda5078fa : ??? [(???) ???:-1]
[0.622s] 0x564eda5165b7 : ??? [(???) ???:-1]
[0.623s] 0x564eda303aa7 : ??? [(???) ???:-1]
[0.623s] 0x564eda3131e4 : ??? [(???) ???:-1]
[0.623s] 0x564eda216c29 : ??? [(???) ???:-1]
[0.623s] 0x564eda208ba3 : ??? [(???) ???:-1]
[0.623s] 0x7f08064070b3 : __libc_start_main [(libc.so.6) ???:-1]
[0.623s] 0x564eda2121ae : ??? [(???) ???:-1]
[0.623s] 
[0.623s] 
[0.623s] CMake Internal Error (please report a bug) in CMakeLists.txt:
[0.623s]   cmGeneratorTarget::GetOutputInfo called for body_tracking which has type
[0.623s]   UTILITY
[0.623s] 
[0.623s] Note: The stack trace will not use advanced capabilities because this is a release build.
[0.623s] 0x564eda62e7a4 : ??? [(???) ???:-1]
[0.623s] 0x564eda62f262 : ??? [(???) ???:-1]
[0.623s] 0x564eda56b253 : ??? [(???) ???:-1]
[0.623s] 0x564eda56b8d9 : ??? [(???) ???:-1]
[0.623s] 0x564eda4c431f : ??? [(???) ???:-1]
[0.623s] 0x564eda4c4513 : ??? [(???) ???:-1]
[0.623s] 0x564eda4bc0b3 : ??? [(???) ???:-1]
[0.623s] 0x564eda4bc455 : ??? [(???) ???:-1]
[0.623s] 0x564eda4bc510 : ??? [(???) ???:-1]
[0.623s] 0x564eda52e565 : ??? [(???) ???:-1]
[0.623s] 0x564eda52ed55 : ??? [(???) ???:-1]
[0.623s] 0x564eda24564f : ??? [(???) ???:-1]
[0.624s] 0x564eda245a03 : ??? [(???) ???:-1]
[0.624s] 0x564eda557b6e : ??? [(???) ???:-1]
[0.624s] 0x564eda5600bf : ??? [(???) ???:-1]
[0.624s] 0x564eda55cf4d : ??? [(???) ???:-1]
[0.624s] 0x564eda546421 : ??? [(???) ???:-1]
[0.624s] 0x564eda5078fa : ??? [(???) ???:-1]
[0.624s] 0x564eda5165b7 : ??? [(???) ???:-1]
[0.624s] 0x564eda303aa7 : ??? [(???) ???:-1]
[0.624s] 0x564eda3131e4 : ??? [(???) ???:-1]
[0.624s] 0x564eda216c29 : ??? [(???) ???:-1]
[0.624s] 0x564eda208ba3 : ??? [(???) ???:-1]
[0.624s] 0x7f08064070b3 : __libc_start_main [(libc.so.6) ???:-1]
[0.624s] 0x564eda2121ae : ??? [(???) ???:-1]
[0.624s] 
[0.624s] 
[0.624s] CMake Internal Error (please report a bug) in CMakeLists.txt:
[0.624s]   cmGeneratorTarget::GetOutputInfo called for body_tracking which has type
[0.624s]   UTILITY
[0.624s] 
[0.624s] Note: The stack trace will not use advanced capabilities because this is a release build.
[0.624s] 0x564eda62e7a4 : ??? [(???) ???:-1]
[0.624s] 0x564eda62f262 : ??? [(???) ???:-1]
[0.624s] 0x564eda56b253 : ??? [(???) ???:-1]
[0.624s] 0x564eda56b8d9 : ??? [(???) ???:-1]
[0.624s] 0x564eda4c431f : ??? [(???) ???:-1]
[0.625s] 0x564eda4c4513 : ??? [(???) ???:-1]
[0.625s] 0x564eda4bc0b3 : ??? [(???) ???:-1]
[0.625s] 0x564eda4bc455 : ??? [(???) ???:-1]
[0.625s] 0x564eda4bc510 : ??? [(???) ???:-1]
[0.625s] 0x564eda52e565 : ??? [(???) ???:-1]
[0.625s] 0x564eda52ed55 : ??? [(???) ???:-1]
[0.625s] 0x564eda24564f : ??? [(???) ???:-1]
[0.625s] 0x564eda245a03 : ??? [(???) ???:-1]
[0.625s] 0x564eda557b6e : ??? [(???) ???:-1]
[0.625s] 0x564eda5600bf : ??? [(???) ???:-1]
[0.625s] 0x564eda55cf4d : ??? [(???) ???:-1]
[0.625s] 0x564eda546421 : ??? [(???) ???:-1]
[0.625s] 0x564eda5078fa : ??? [(???) ???:-1]
[0.625s] 0x564eda5165b7 : ??? [(???) ???:-1]
[0.625s] 0x564eda303aa7 : ??? [(???) ???:-1]
[0.625s] 0x564eda3131e4 : ??? [(???) ???:-1]
[0.625s] 0x564eda216c29 : ??? [(???) ???:-1]
[0.625s] 0x564eda208ba3 : ??? [(???) ???:-1]
[0.625s] 0x7f08064070b3 : __libc_start_main [(libc.so.6) ???:-1]
[0.625s] 0x564eda2121ae : ??? [(???) ???:-1]
[0.625s] 
[0.625s] 
[0.625s] CMake Internal Error (please report a bug) in CMakeLists.txt:
[0.625s]   cmGeneratorTarget::GetOutputInfo called for body_tracking which has type
[0.625s]   UTILITY
[0.626s] 
[0.626s] Note: The stack trace will not use advanced capabilities because this is a release build.
[0.626s] 0x564eda62e7a4 : ??? [(???) ???:-1]
[0.626s] 0x564eda62f262 : ??? [(???) ???:-1]
[0.626s] 0x564eda56b253 : ??? [(???) ???:-1]
[0.626s] 0x564eda56b8d9 : ??? [(???) ???:-1]
[0.626s] 0x564eda4c431f : ??? [(???) ???:-1]
[0.626s] 0x564eda4c4513 : ??? [(???) ???:-1]
[0.626s] 0x564eda4bc0b3 : ??? [(???) ???:-1]
[0.626s] 0x564eda4bc455 : ??? [(???) ???:-1]
[0.626s] 0x564eda4bc510 : ??? [(???) ???:-1]
[0.626s] 0x564eda52e565 : ??? [(???) ???:-1]
[0.626s] 0x564eda52ed55 : ??? [(???) ???:-1]
[0.626s] 0x564eda24564f : ??? [(???) ???:-1]
[0.626s] 0x564eda245a03 : ??? [(???) ???:-1]
[0.626s] 0x564eda557b6e : ??? [(???) ???:-1]
[0.626s] 0x564eda5600bf : ??? [(???) ???:-1]
[0.626s] 0x564eda55cf4d : ??? [(???) ???:-1]
[0.626s] 0x564eda546421 : ??? [(???) ???:-1]
[0.626s] 0x564eda5078fa : ??? [(???) ???:-1]
[0.626s] 0x564eda5165b7 : ??? [(???) ???:-1]
[0.626s] 0x564eda303aa7 : ??? [(???) ???:-1]
[0.626s] 0x564eda3131e4 : ??? [(???) ???:-1]
[0.627s] 0x564eda216c29 : ??? [(???) ???:-1]
[0.627s] 0x564eda208ba3 : ??? [(???) ???:-1]
[0.627s] 0x7f08064070b3 : __libc_start_main [(libc.so.6) ???:-1]
[0.627s] 0x564eda2121ae : ??? [(???) ???:-1]
[0.627s] 
[0.627s] 
[0.627s] CMake Internal Error (please report a bug) in CMakeLists.txt:
[0.627s]   cmGeneratorTarget::GetOutputInfo called for body_tracking which has type
[0.627s]   UTILITY
[0.627s] 
[0.627s] Note: The stack trace will not use advanced capabilities because this is a release build.
[0.627s] 0x564eda62e7a4 : ??? [(???) ???:-1]
[0.627s] 0x564eda62f262 : ??? [(???) ???:-1]
[0.627s] 0x564eda56b253 : ??? [(???) ???:-1]
[0.627s] 0x564eda56b8d9 : ??? [(???) ???:-1]
[0.627s] 0x564eda4c431f : ??? [(???) ???:-1]
[0.627s] 0x564eda4c4513 : ??? [(???) ???:-1]
[0.627s] 0x564eda4bc0b3 : ??? [(???) ???:-1]
[0.627s] 0x564eda4bc455 : ??? [(???) ???:-1]
[0.627s] 0x564eda4bc510 : ??? [(???) ???:-1]
[0.627s] 0x564eda52e565 : ??? [(???) ???:-1]
[0.627s] 0x564eda52ed55 : ??? [(???) ???:-1]
[0.627s] 0x564eda24564f : ??? [(???) ???:-1]
[0.628s] 0x564eda245a03 : ??? [(???) ???:-1]
[0.628s] 0x564eda557b6e : ??? [(???) ???:-1]
[0.628s] 0x564eda5600bf : ??? [(???) ???:-1]
[0.628s] 0x564eda55cf4d : ??? [(???) ???:-1]
[0.628s] 0x564eda546421 : ??? [(???) ???:-1]
[0.628s] 0x564eda5078fa : ??? [(???) ???:-1]
[0.628s] 0x564eda5165b7 : ??? [(???) ???:-1]
[0.628s] 0x564eda303aa7 : ??? [(???) ???:-1]
[0.628s] 0x564eda3131e4 : ??? [(???) ???:-1]
[0.628s] 0x564eda216c29 : ??? [(???) ???:-1]
[0.628s] 0x564eda208ba3 : ??? [(???) ???:-1]
[0.628s] 0x7f08064070b3 : __libc_start_main [(libc.so.6) ???:-1]
[0.628s] 0x564eda2121ae : ??? [(???) ???:-1]
[0.628s] 
[0.628s] 
[0.628s] CMake Internal Error (please report a bug) in CMakeLists.txt:
[0.628s]   cmGeneratorTarget::GetOutputInfo called for body_tracking which has type
[0.628s]   UTILITY
[0.628s] 
[0.628s] Note: The stack trace will not use advanced capabilities because this is a release build.
[0.628s] 0x564eda62e7a4 : ??? [(???) ???:-1]
[0.628s] 0x564eda62f262 : ??? [(???) ???:-1]
[0.628s] 0x564eda56b253 : ??? [(???) ???:-1]
[0.628s] 0x564eda56b8d9 : ??? [(???) ???:-1]
[0.628s] 0x564eda4c431f : ??? [(???) ???:-1]
[0.628s] 0x564eda4c4513 : ??? [(???) ???:-1]
[0.629s] 0x564eda4bc0b3 : ??? [(???) ???:-1]
[0.629s] 0x564eda4bc455 : ??? [(???) ???:-1]
[0.629s] 0x564eda4bc510 : ??? [(???) ???:-1]
[0.629s] 0x564eda52e565 : ??? [(???) ???:-1]
[0.629s] 0x564eda52ed55 : ??? [(???) ???:-1]
[0.629s] 0x564eda24564f : ??? [(???) ???:-1]
[0.629s] 0x564eda245a03 : ??? [(???) ???:-1]
[0.629s] 0x564eda557b6e : ??? [(???) ???:-1]
[0.629s] 0x564eda5600bf : ??? [(???) ???:-1]
[0.629s] 0x564eda55cf4d : ??? [(???) ???:-1]
[0.629s] 0x564eda546421 : ??? [(???) ???:-1]
[0.629s] 0x564eda5078fa : ??? [(???) ???:-1]
[0.629s] 0x564eda5165b7 : ??? [(???) ???:-1]
[0.629s] 0x564eda303aa7 : ??? [(???) ???:-1]
[0.629s] 0x564eda3131e4 : ??? [(???) ???:-1]
[0.629s] 0x564eda216c29 : ??? [(???) ???:-1]
[0.629s] 0x564eda208ba3 : ??? [(???) ???:-1]
[0.629s] 0x7f08064070b3 : __libc_start_main [(libc.so.6) ???:-1]
[0.629s] 0x564eda2121ae : ??? [(???) ???:-1]
[0.629s] 
[0.629s] 
[0.629s] CMake Internal Error (please report a bug) in CMakeLists.txt:
[0.629s]   cmGeneratorTarget::GetOutputInfo called for body_tracking which has type
[0.629s]   UTILITY
[0.629s] 
[0.629s] Note: The stack trace will not use advanced capabilities because this is a release build.
[0.629s] 0x564eda62e7a4 : ??? [(???) ???:-1]
[0.629s] 0x564eda62f262 : ??? [(???) ???:-1]
[0.630s] 0x564eda56b253 : ??? [(???) ???:-1]
[0.630s] 0x564eda56b8d9 : ??? [(???) ???:-1]
[0.630s] 0x564eda4c431f : ??? [(???) ???:-1]
[0.630s] 0x564eda4c4513 : ??? [(???) ???:-1]
[0.630s] 0x564eda4bc0b3 : ??? [(???) ???:-1]
[0.630s] 0x564eda4bc455 : ??? [(???) ???:-1]
[0.630s] 0x564eda4bc510 : ??? [(???) ???:-1]
[0.631s] 0x564eda52e565 : ??? [(???) ???:-1]
[0.631s] 0x564eda52ed55 : ??? [(???) ???:-1]
[0.632s] 0x564eda24564f : ??? [(???) ???:-1]
[0.632s] 0x564eda245a03 : ??? [(???) ???:-1]
[0.632s] 0x564eda557b6e : ??? [(???) ???:-1]
[0.632s] 0x564eda5600bf : ??? [(???) ???:-1]
[0.632s] 0x564eda55cf4d : ??? [(???) ???:-1]
[0.632s] 0x564eda546421 : ??? [(???) ???:-1]
[0.632s] 0x564eda5078fa : ??? [(???) ???:-1]
[0.632s] 0x564eda5165b7 : ??? [(???) ???:-1]
[0.632s] 0x564eda303aa7 : ??? [(???) ???:-1]
[0.632s] 0x564eda3131e4 : ??? [(???) ???:-1]
[0.632s] 0x564eda216c29 : ??? [(???) ???:-1]
[0.633s] 0x564eda208ba3 : ??? [(???) ???:-1]
[0.633s] 0x7f08064070b3 : __libc_start_main [(libc.so.6) ???:-1]
[0.633s] 0x564eda2121ae : ??? [(???) ???:-1]
[0.633s] 
[0.633s] 
[0.633s] CMake Internal Error (please report a bug) in CMakeLists.txt:
[0.633s]   cmGeneratorTarget::GetOutputInfo called for body_tracking which has type
[0.633s]   UTILITY
[0.633s] 
[0.633s] Note: The stack trace will not use advanced capabilities because this is a release build.
[0.633s] 0x564eda62e7a4 : ??? [(???) ???:-1]
[0.634s] 0x564eda62f262 : ??? [(???) ???:-1]
[0.634s] 0x564eda56b253 : ??? [(???) ???:-1]
[0.634s] 0x564eda56b8d9 : ??? [(???) ???:-1]
[0.634s] 0x564eda4c431f : ??? [(???) ???:-1]
[0.634s] 0x564eda4c4513 : ??? [(???) ???:-1]
[0.634s] 0x564eda4bc0b3 : ??? [(???) ???:-1]
[0.634s] 0x564eda4bc455 : ??? [(???) ???:-1]
[0.634s] 0x564eda4bc510 : ??? [(???) ???:-1]
[0.635s] 0x564eda52e565 : ??? [(???) ???:-1]
[0.635s] 0x564eda52ed55 : ??? [(???) ???:-1]
[0.635s] 0x564eda24564f : ??? [(???) ???:-1]
[0.635s] 0x564eda245a03 : ??? [(???) ???:-1]
[0.635s] 0x564eda557b6e : ??? [(???) ???:-1]
[0.635s] 0x564eda5600bf : ??? [(???) ???:-1]
[0.635s] 0x564eda55cf4d : ??? [(???) ???:-1]
[0.635s] 0x564eda546421 : ??? [(???) ???:-1]
[0.636s] 0x564eda5078fa : ??? [(???) ???:-1]
[0.636s] 0x564eda5165b7 : ??? [(???) ???:-1]
[0.636s] 0x564eda303aa7 : ??? [(???) ???:-1]
[0.636s] 0x564eda3131e4 : ??? [(???) ???:-1]
[0.636s] 0x564eda216c29 : ??? [(???) ???:-1]
[0.636s] 0x564eda208ba3 : ??? [(???) ???:-1]
[0.636s] 0x7f08064070b3 : __libc_start_main [(libc.so.6) ???:-1]
[0.636s] 0x564eda2121ae : ??? [(???) ???:-1]
[0.636s] 
[0.636s] 
[0.636s] -- Generating done
[0.636s] CMake Generate step failed.  Build files cannot be regenerated correctly.
[0.637s] make: *** [Makefile:924: cmake_check_build_system] Error 1
[0.637s] Invoked command in '/home/robogait/azure_kinect_ws/build/body_tracking' returned '2': CMAKE_PREFIX_PATH=${CMAKE_PREFIX_PATH}:/home/robogait/ros2_serial/install/ourbotmanager:/opt/ros/foxy /usr/bin/cmake --build /home/robogait/azure_kinect_ws/build/body_tracking -- -j8 -l8
