-- Found ament_cmake: 0.9.9 (/opt/ros/foxy/share/ament_cmake/cmake)
-- Using PYTHON_EXECUTABLE: /usr/bin/python3
-- Found rclcpp: 2.4.1 (/opt/ros/foxy/share/rclcpp/cmake)
-- Using all available rosidl_typesupport_c: rosidl_typesupport_fastrtps_c;rosidl_typesupport_introspection_c
-- Found rosidl_adapter: 1.2.1 (/opt/ros/foxy/share/rosidl_adapter/cmake)
-- Using all available rosidl_typesupport_cpp: rosidl_typesupport_fastrtps_cpp;rosidl_typesupport_introspection_cpp
-- Found rmw_implementation_cmake: 1.0.3 (/opt/ros/foxy/share/rmw_implementation_cmake/cmake)
-- Using RMW implementation 'rmw_fastrtps_cpp' as default
-- Found geometry_msgs: 2.0.5 (/opt/ros/foxy/share/geometry_msgs/cmake)
-- Found body_tracker_msgs: 0.0.0 (/home/robogait/azure_kinect_ws/install/body_tracker_msgs/share/body_tracker_msgs/cmake)
-- Found rosidl_default_generators: 1.0.1 (/opt/ros/foxy/share/rosidl_default_generators/cmake)
-- Found ament_lint_auto: 0.9.6 (/opt/ros/foxy/share/ament_lint_auto/cmake)
-- Added test 'copyright' to check source files copyright and LICENSE
-- Added test 'cppcheck' to perform static code analysis on C / C++ code
-- Configured cppcheck include dirs: 
-- Configured cppcheck exclude dirs and/or files: 
-- Added test 'cpplint' to check C / C++ code against the Google style
-- Configured cpplint exclude dirs and/or files: 
-- Added test 'lint_cmake' to check CMake code style
-- Added test 'uncrustify' to check C / C++ code style
-- Configured uncrustify additional arguments: 
-- Added test 'xmllint' to check XML markup files
-- Configuring done
-- Generating done
-- Build files have been written to: /home/robogait/azure_kinect_ws/build/kinect_azure_body_tracker
[35m[1mScanning dependencies of target kinect_azure_body_tracker_node_plus_recording_test[0m
[35m[1mScanning dependencies of target kinect_azure_body_tracker_recording_node_simplified[0m
[ 14%] Built target kinect_azure_body_tracker_node_full_processing
[ 28%] Built target kinect_azure_body_tracker_node
[ 42%] Built target kinect_azure_body_tracker_node_simplified
[ 57%] Built target kinect_azure_body_tracker_node_finite
[ 71%] Built target kinect_azure_body_tracker_recording_node
[ 78%] [32mBuilding CXX object CMakeFiles/kinect_azure_body_tracker_recording_node_simplified.dir/src/kinectAzure_body_tracker_node_plus_recording_simplified.cpp.o[0m
[ 85%] [32mBuilding CXX object CMakeFiles/kinect_azure_body_tracker_node_plus_recording_test.dir/src/kinectAzure_body_tracker_node_plus_recording_test.cpp.o[0m
[ 92%] [32m[1mLinking CXX executable kinect_azure_body_tracker_recording_node_simplified[0m
[100%] [32m[1mLinking CXX executable kinect_azure_body_tracker_node_plus_recording_test[0m
[100%] Built target kinect_azure_body_tracker_recording_node_simplified
[100%] Built target kinect_azure_body_tracker_node_plus_recording_test
-- Install configuration: ""
-- Up-to-date: /home/robogait/azure_kinect_ws/install/kinect_azure_body_tracker/lib/kinect_azure_body_tracker/kinect_azure_body_tracker_node
-- Up-to-date: /home/robogait/azure_kinect_ws/install/kinect_azure_body_tracker/lib/kinect_azure_body_tracker/kinect_azure_body_tracker_recording_node
-- Up-to-date: /home/robogait/azure_kinect_ws/install/kinect_azure_body_tracker/lib/kinect_azure_body_tracker/kinect_azure_body_tracker_node_simplified
-- Installing: /home/robogait/azure_kinect_ws/install/kinect_azure_body_tracker/lib/kinect_azure_body_tracker/kinect_azure_body_tracker_recording_node_simplified
-- Set runtime path of "/home/robogait/azure_kinect_ws/install/kinect_azure_body_tracker/lib/kinect_azure_body_tracker/kinect_azure_body_tracker_recording_node_simplified" to ""
-- Up-to-date: /home/robogait/azure_kinect_ws/install/kinect_azure_body_tracker/lib/kinect_azure_body_tracker/kinect_azure_body_tracker_node_full_processing
-- Up-to-date: /home/robogait/azure_kinect_ws/install/kinect_azure_body_tracker/lib/kinect_azure_body_tracker/kinect_azure_body_tracker_node_finite
-- Installing: /home/robogait/azure_kinect_ws/install/kinect_azure_body_tracker/lib/kinect_azure_body_tracker/kinect_azure_body_tracker_node_plus_recording_test
-- Set runtime path of "/home/robogait/azure_kinect_ws/install/kinect_azure_body_tracker/lib/kinect_azure_body_tracker/kinect_azure_body_tracker_node_plus_recording_test" to ""
-- Up-to-date: /home/robogait/azure_kinect_ws/install/kinect_azure_body_tracker/lib/kinect_azure_body_tracker/kinect_azure_body_tracker_node
-- Up-to-date: /home/robogait/azure_kinect_ws/install/kinect_azure_body_tracker/lib/kinect_azure_body_tracker/kinect_azure_body_tracker_recording_node
-- Up-to-date: /home/robogait/azure_kinect_ws/install/kinect_azure_body_tracker/lib/kinect_azure_body_tracker/kinect_azure_body_tracker_node_simplified
-- Up-to-date: /home/robogait/azure_kinect_ws/install/kinect_azure_body_tracker/lib/kinect_azure_body_tracker/kinect_azure_body_tracker_recording_node_simplified
-- Up-to-date: /home/robogait/azure_kinect_ws/install/kinect_azure_body_tracker/lib/kinect_azure_body_tracker/kinect_azure_body_tracker_node_full_processing
-- Up-to-date: /home/robogait/azure_kinect_ws/install/kinect_azure_body_tracker/lib/kinect_azure_body_tracker/kinect_azure_body_tracker_node_finite
-- Up-to-date: /home/robogait/azure_kinect_ws/install/kinect_azure_body_tracker/lib/kinect_azure_body_tracker/kinect_azure_body_tracker_node_plus_recording_test
-- Up-to-date: /home/robogait/azure_kinect_ws/install/kinect_azure_body_tracker/share/ament_index/resource_index/package_run_dependencies/kinect_azure_body_tracker
-- Up-to-date: /home/robogait/azure_kinect_ws/install/kinect_azure_body_tracker/share/ament_index/resource_index/parent_prefix_path/kinect_azure_body_tracker
-- Up-to-date: /home/robogait/azure_kinect_ws/install/kinect_azure_body_tracker/share/kinect_azure_body_tracker/environment/ament_prefix_path.sh
-- Installing: /home/robogait/azure_kinect_ws/install/kinect_azure_body_tracker/share/kinect_azure_body_tracker/environment/ament_prefix_path.dsv
-- Up-to-date: /home/robogait/azure_kinect_ws/install/kinect_azure_body_tracker/share/kinect_azure_body_tracker/environment/path.sh
-- Installing: /home/robogait/azure_kinect_ws/install/kinect_azure_body_tracker/share/kinect_azure_body_tracker/environment/path.dsv
-- Up-to-date: /home/robogait/azure_kinect_ws/install/kinect_azure_body_tracker/share/kinect_azure_body_tracker/local_setup.bash
-- Up-to-date: /home/robogait/azure_kinect_ws/install/kinect_azure_body_tracker/share/kinect_azure_body_tracker/local_setup.sh
-- Up-to-date: /home/robogait/azure_kinect_ws/install/kinect_azure_body_tracker/share/kinect_azure_body_tracker/local_setup.zsh
-- Installing: /home/robogait/azure_kinect_ws/install/kinect_azure_body_tracker/share/kinect_azure_body_tracker/local_setup.dsv
-- Installing: /home/robogait/azure_kinect_ws/install/kinect_azure_body_tracker/share/kinect_azure_body_tracker/package.dsv
-- Up-to-date: /home/robogait/azure_kinect_ws/install/kinect_azure_body_tracker/share/ament_index/resource_index/packages/kinect_azure_body_tracker
-- Up-to-date: /home/robogait/azure_kinect_ws/install/kinect_azure_body_tracker/share/kinect_azure_body_tracker/cmake/kinect_azure_body_trackerConfig.cmake
-- Up-to-date: /home/robogait/azure_kinect_ws/install/kinect_azure_body_tracker/share/kinect_azure_body_tracker/cmake/kinect_azure_body_trackerConfig-version.cmake
-- Up-to-date: /home/robogait/azure_kinect_ws/install/kinect_azure_body_tracker/share/kinect_azure_body_tracker/package.xml
