[0.012s] Invoking command in '/home/robogait/azure_kinect_ws/build/body_tracking': CMAKE_PREFIX_PATH=${CMAKE_PREFIX_PATH}:/home/robogait/ros2_serial/install/ourbotmanager:/opt/ros/foxy /usr/bin/cmake --build /home/robogait/azure_kinect_ws/build/body_tracking -- -j8 -l8
[0.029s] -- Found ament_cmake: 0.9.9 (/opt/ros/foxy/share/ament_cmake/cmake)
[0.043s] -- Using PYTHON_EXECUTABLE: /usr/bin/python3
[0.151s] -- Found rclcpp: 2.4.1 (/opt/ros/foxy/share/rclcpp/cmake)
[0.170s] -- Using all available rosidl_typesupport_c: rosidl_typesupport_fastrtps_c;rosidl_typesupport_introspection_c
[0.172s] -- Found rosidl_adapter: 1.2.1 (/opt/ros/foxy/share/rosidl_adapter/cmake)
[0.243s] -- Using all available rosidl_typesupport_cpp: rosidl_typesupport_fastrtps_cpp;rosidl_typesupport_introspection_cpp
[0.272s] -- Found rmw_implementation_cmake: 1.0.3 (/opt/ros/foxy/share/rmw_implementation_cmake/cmake)
[0.272s] -- Using RMW implementation 'rmw_fastrtps_cpp' as default
[0.355s] -- Found geometry_msgs: 2.0.5 (/opt/ros/foxy/share/geometry_msgs/cmake)
[0.375s] -- Found body_tracking: 0.0.0 (/home/robogait/azure_kinect_ws/install/body_tracking/share/body_tracking/cmake)
[0.408s] -- Found rosidl_default_generators: 1.0.1 (/opt/ros/foxy/share/rosidl_default_generators/cmake)
[0.431s] -- Found PythonInterp: /usr/bin/python3 (found version "3.8.10") 
[0.536s] -- Found ament_cmake_ros: 0.9.2 (/opt/ros/foxy/share/ament_cmake_ros/cmake)
[0.676s] -- Using all available rosidl_typesupport_c: rosidl_typesupport_fastrtps_c;rosidl_typesupport_introspection_c
[0.739s] -- Using all available rosidl_typesupport_cpp: rosidl_typesupport_fastrtps_cpp;rosidl_typesupport_introspection_cpp
[0.755s] -- Found PythonInterp: /usr/bin/python3 (found suitable version "3.8.10", minimum required is "3.5") 
[0.755s] -- Found python_cmake_module: 0.8.1 (/opt/ros/foxy/share/python_cmake_module/cmake)
[0.770s] -- Using PYTHON_EXECUTABLE: /usr/bin/python3
[0.771s] -- Using PYTHON_INCLUDE_DIRS: /usr/include/python3.8
[0.771s] -- Using PYTHON_LIBRARIES: /usr/lib/x86_64-linux-gnu/libpython3.8.so
[0.802s] -- Found ament_lint_auto: 0.9.6 (/opt/ros/foxy/share/ament_lint_auto/cmake)
[0.813s] -- Added test 'copyright' to check source files copyright and LICENSE
[0.813s] -- Added test 'cppcheck' to perform static code analysis on C / C++ code
[0.814s] -- Configured cppcheck include dirs: 
[0.814s] -- Configured cppcheck exclude dirs and/or files: 
[0.815s] -- Added test 'cpplint' to check C / C++ code against the Google style
[0.815s] -- Configured cpplint exclude dirs and/or files: 
[0.815s] -- Added test 'lint_cmake' to check CMake code style
[0.816s] -- Added test 'uncrustify' to check C / C++ code style
[0.816s] -- Configured uncrustify additional arguments: 
[0.816s] -- Added test 'xmllint' to check XML markup files
[0.819s] -- Configuring done
[0.857s] -- Generating done
[0.858s] -- Build files have been written to: /home/robogait/azure_kinect_ws/build/body_tracking
[0.884s] [35m[1mScanning dependencies of target body_tracking_node[0m
[0.884s] [  2%] Built target body_tracking__cpp
[0.887s] [ 12%] Built target body_tracking__rosidl_generator_c
[0.901s] [ 24%] Built target body_tracking__rosidl_typesupport_introspection_cpp
[0.902s] [ 31%] Built target body_tracking__rosidl_typesupport_cpp
[0.905s] [ 41%] Built target body_tracking__rosidl_typesupport_introspection_c
[0.906s] [ 51%] Built target body_tracking__rosidl_typesupport_fastrtps_cpp
[0.907s] [ 60%] Built target body_tracking__rosidl_typesupport_c
[0.907s] [ 63%] [32mBuilding CXX object CMakeFiles/body_tracking_node.dir/src/kinectAzure_body_tracker_node.cpp.o[0m
[0.924s] [ 73%] Built target body_tracking__rosidl_typesupport_fastrtps_c
[0.937s] [ 73%] Built target body_tracking
[0.951s] [ 75%] Built target body_tracking__py
[0.968s] [ 82%] Built target body_tracking__python
[0.985s] [ 92%] Built target body_tracking__rosidl_typesupport_fastrtps_c__pyext
[0.986s] [ 92%] Built target body_tracking__rosidl_typesupport_introspection_c__pyext
[0.986s] [ 97%] Built target body_tracking__rosidl_typesupport_c__pyext
[1.731s] [01m[K/home/robogait/azure_kinect_ws/src/body_tracking/src/kinectAzure_body_tracker_node.cpp:[m[K In member function ‘[01m[Kvoid MinimalPublisher::Init()[m[K’:
[1.731s] [01m[K/home/robogait/azure_kinect_ws/src/body_tracking/src/kinectAzure_body_tracker_node.cpp:305:5:[m[K [01;31m[Kerror: [m[K‘[01m[Kconfig[m[K’ was not declared in this scope
[1.731s]   305 |     [01;31m[Kconfig[m[K.camera_fps = K4A_FRAMES_PER_SECOND_30;
[1.731s]       |     [01;31m[K^~~~~~[m[K
[2.264s] At global scope:
[2.264s] [01m[Kcc1plus:[m[K [01;35m[Kwarning: [m[Kunrecognized command line option ‘[01m[K-Wno-dev[m[K’
[2.271s] make[2]: *** [CMakeFiles/body_tracking_node.dir/build.make:63: CMakeFiles/body_tracking_node.dir/src/kinectAzure_body_tracker_node.cpp.o] Error 1
[2.271s] make[1]: *** [CMakeFiles/Makefile2:208: CMakeFiles/body_tracking_node.dir/all] Error 2
[2.272s] make: *** [Makefile:141: all] Error 2
[2.275s] Invoked command in '/home/robogait/azure_kinect_ws/build/body_tracking' returned '2': CMAKE_PREFIX_PATH=${CMAKE_PREFIX_PATH}:/home/robogait/ros2_serial/install/ourbotmanager:/opt/ros/foxy /usr/bin/cmake --build /home/robogait/azure_kinect_ws/build/body_tracking -- -j8 -l8
