[0.133s] DEBUG:colcon:Command line arguments: ['/usr/bin/colcon', 'build']
[0.134s] DEBUG:colcon:Parsed command line arguments: Namespace(allow_overriding=[], ament_cmake_args=None, base_paths=['.'], build_base='build', catkin_cmake_args=None, catkin_skip_building_tests=False, cmake_args=None, cmake_clean_cache=False, cmake_clean_first=False, cmake_force_configure=False, cmake_target=None, cmake_target_skip_unavailable=False, continue_on_error=False, event_handlers=None, executor='parallel', ignore_user_meta=False, install_base='install', log_base=None, log_level=None, main=<bound method BuildVerb.main of <colcon_core.verb.build.BuildVerb object at 0x7f6b5cb18610>>, merge_install=False, metas=['./colcon.meta'], packages_above=None, packages_above_and_dependencies=None, packages_above_depth=None, packages_end=None, packages_ignore=None, packages_ignore_regex=None, packages_select=None, packages_select_build_failed=False, packages_select_by_dep=None, packages_select_regex=None, packages_select_test_failures=False, packages_skip=None, packages_skip_build_finished=False, packages_skip_by_dep=None, packages_skip_regex=None, packages_skip_test_passed=False, packages_skip_up_to=None, packages_start=None, packages_up_to=None, packages_up_to_regex=None, parallel_workers=8, paths=None, symlink_install=False, test_result_base=None, verb_extension=<colcon_core.verb.build.BuildVerb object at 0x7f6b5cb18610>, verb_name='build', verb_parser=<colcon_defaults.argument_parser.defaults.DefaultArgumentsDecorator object at 0x7f6b5cb18b50>)
[0.156s] Level 1:colcon.colcon_core.package_discovery:discover_packages(colcon_meta) check parameters
[0.156s] Level 1:colcon.colcon_core.package_discovery:discover_packages(recursive) check parameters
[0.156s] Level 1:colcon.colcon_core.package_discovery:discover_packages(ignore) check parameters
[0.156s] Level 1:colcon.colcon_core.package_discovery:discover_packages(path) check parameters
[0.156s] Level 1:colcon.colcon_core.package_discovery:discover_packages(colcon_meta) discover
[0.156s] Level 1:colcon.colcon_core.package_discovery:discover_packages(recursive) discover
[0.156s] INFO:colcon.colcon_core.package_discovery:Crawling recursively for packages in '/home/robogait/catkin_ws'
[0.156s] Level 1:colcon.colcon_core.package_identification:_identify(.) by extensions ['ignore', 'ignore_ament_install']
[0.156s] Level 1:colcon.colcon_core.package_identification:_identify(.) by extension 'ignore'
[0.156s] Level 1:colcon.colcon_core.package_identification:_identify(.) by extension 'ignore_ament_install'
[0.156s] Level 1:colcon.colcon_core.package_identification:_identify(.) by extensions ['colcon_pkg']
[0.156s] Level 1:colcon.colcon_core.package_identification:_identify(.) by extension 'colcon_pkg'
[0.157s] Level 1:colcon.colcon_core.package_identification:_identify(.) by extensions ['colcon_meta']
[0.157s] Level 1:colcon.colcon_core.package_identification:_identify(.) by extension 'colcon_meta'
[0.157s] Level 1:colcon.colcon_core.package_identification:_identify(.) by extensions ['ros']
[0.157s] Level 1:colcon.colcon_core.package_identification:_identify(.) by extension 'ros'
[0.166s] Level 1:colcon.colcon_core.package_identification:_identify(.) by extensions ['cmake', 'python']
[0.166s] Level 1:colcon.colcon_core.package_identification:_identify(.) by extension 'cmake'
[0.166s] Level 1:colcon.colcon_core.package_identification:_identify(.) by extension 'python'
[0.166s] Level 1:colcon.colcon_core.package_identification:_identify(.) by extensions ['python_setup_py']
[0.166s] Level 1:colcon.colcon_core.package_identification:_identify(.) by extension 'python_setup_py'
[0.166s] Level 1:colcon.colcon_core.package_identification:_identify(build) by extensions ['ignore', 'ignore_ament_install']
[0.166s] Level 1:colcon.colcon_core.package_identification:_identify(build) by extension 'ignore'
[0.166s] Level 1:colcon.colcon_core.package_identification:_identify(build) ignored
[0.166s] Level 1:colcon.colcon_core.package_identification:_identify(install) by extensions ['ignore', 'ignore_ament_install']
[0.166s] Level 1:colcon.colcon_core.package_identification:_identify(install) by extension 'ignore'
[0.166s] Level 1:colcon.colcon_core.package_identification:_identify(install) ignored
[0.167s] Level 1:colcon.colcon_core.package_identification:_identify(log) by extensions ['ignore', 'ignore_ament_install']
[0.167s] Level 1:colcon.colcon_core.package_identification:_identify(log) by extension 'ignore'
[0.167s] Level 1:colcon.colcon_core.package_identification:_identify(log) ignored
[0.167s] Level 1:colcon.colcon_core.package_identification:_identify(src) by extensions ['ignore', 'ignore_ament_install']
[0.167s] Level 1:colcon.colcon_core.package_identification:_identify(src) by extension 'ignore'
[0.167s] Level 1:colcon.colcon_core.package_identification:_identify(src) by extension 'ignore_ament_install'
[0.167s] Level 1:colcon.colcon_core.package_identification:_identify(src) by extensions ['colcon_pkg']
[0.167s] Level 1:colcon.colcon_core.package_identification:_identify(src) by extension 'colcon_pkg'
[0.167s] Level 1:colcon.colcon_core.package_identification:_identify(src) by extensions ['colcon_meta']
[0.167s] Level 1:colcon.colcon_core.package_identification:_identify(src) by extension 'colcon_meta'
[0.167s] Level 1:colcon.colcon_core.package_identification:_identify(src) by extensions ['ros']
[0.167s] Level 1:colcon.colcon_core.package_identification:_identify(src) by extension 'ros'
[0.167s] Level 1:colcon.colcon_core.package_identification:_identify(src) by extensions ['cmake', 'python']
[0.167s] Level 1:colcon.colcon_core.package_identification:_identify(src) by extension 'cmake'
[0.167s] Level 1:colcon.colcon_core.package_identification:_identify(src) by extension 'python'
[0.167s] Level 1:colcon.colcon_core.package_identification:_identify(src) by extensions ['python_setup_py']
[0.167s] Level 1:colcon.colcon_core.package_identification:_identify(src) by extension 'python_setup_py'
[0.167s] Level 1:colcon.colcon_core.package_identification:_identify(src/pkg_navigation) by extensions ['ignore', 'ignore_ament_install']
[0.167s] Level 1:colcon.colcon_core.package_identification:_identify(src/pkg_navigation) by extension 'ignore'
[0.167s] Level 1:colcon.colcon_core.package_identification:_identify(src/pkg_navigation) by extension 'ignore_ament_install'
[0.167s] Level 1:colcon.colcon_core.package_identification:_identify(src/pkg_navigation) by extensions ['colcon_pkg']
[0.167s] Level 1:colcon.colcon_core.package_identification:_identify(src/pkg_navigation) by extension 'colcon_pkg'
[0.167s] Level 1:colcon.colcon_core.package_identification:_identify(src/pkg_navigation) by extensions ['colcon_meta']
[0.167s] Level 1:colcon.colcon_core.package_identification:_identify(src/pkg_navigation) by extension 'colcon_meta'
[0.167s] Level 1:colcon.colcon_core.package_identification:_identify(src/pkg_navigation) by extensions ['ros']
[0.167s] Level 1:colcon.colcon_core.package_identification:_identify(src/pkg_navigation) by extension 'ros'
[0.170s] DEBUG:colcon.colcon_core.package_identification:Package 'src/pkg_navigation' with type 'ros.ament_cmake' and name 'pkg_navigation'
[0.170s] Level 1:colcon.colcon_core.package_discovery:discover_packages(recursive) using defaults
[0.170s] Level 1:colcon.colcon_core.package_discovery:discover_packages(ignore) discover
[0.170s] Level 1:colcon.colcon_core.package_discovery:discover_packages(ignore) using defaults
[0.170s] Level 1:colcon.colcon_core.package_discovery:discover_packages(path) discover
[0.170s] Level 1:colcon.colcon_core.package_discovery:discover_packages(path) using defaults
[0.190s] Level 1:colcon.colcon_core.package_discovery:discover_packages(prefix_path) check parameters
[0.191s] Level 1:colcon.colcon_core.package_discovery:discover_packages(prefix_path) discover
[0.194s] DEBUG:colcon.colcon_installed_package_information.package_discovery:Found 4 installed packages in /home/robogait/azure_kinect_ws/install
[0.195s] DEBUG:colcon.colcon_installed_package_information.package_discovery:Found 3 installed packages in /home/robogait/ros2_ws_realsense/install
[0.195s] DEBUG:colcon.colcon_installed_package_information.package_discovery:Found 4 installed packages in /home/robogait/nav2_teb/install
[0.196s] DEBUG:colcon.colcon_installed_package_information.package_discovery:Found 31 installed packages in /home/robogait/nav2_ws/install
[0.197s] DEBUG:colcon.colcon_installed_package_information.package_discovery:Found 1 installed packages in /home/robogait/ros2_serial_cpp/install
[0.198s] DEBUG:colcon.colcon_installed_package_information.package_discovery:Found 1 installed packages in /home/robogait/serial_cpp/install
[0.198s] DEBUG:colcon.colcon_installed_package_information.package_discovery:Found 1 installed packages in /home/robogait/ros2_serial/install
[0.199s] DEBUG:colcon.colcon_installed_package_information.package_discovery:Found 2 installed packages in /home/robogait/rplidar/install
[0.199s] DEBUG:colcon.colcon_installed_package_information.package_discovery:Found 2 installed packages in /home/robogait/catkin_ws/install
[0.199s] DEBUG:colcon.colcon_installed_package_information.package_discovery:Found 1 installed packages in /home/robogait/tutorials_ros2/install
[0.200s] DEBUG:colcon.colcon_installed_package_information.package_discovery:Found 2 installed packages in /home/robogait/ros2_ws/install
[0.201s] DEBUG:colcon.colcon_installed_package_information.package_discovery:Found 323 installed packages in /opt/ros/foxy
[0.206s] Level 1:colcon.colcon_core.package_discovery:discover_packages(prefix_path) using defaults
[0.287s] Level 5:colcon.colcon_core.verb:set package 'pkg_navigation' build argument 'cmake_args' from command line to 'None'
[0.287s] Level 5:colcon.colcon_core.verb:set package 'pkg_navigation' build argument 'cmake_target' from command line to 'None'
[0.287s] Level 5:colcon.colcon_core.verb:set package 'pkg_navigation' build argument 'cmake_target_skip_unavailable' from command line to 'False'
[0.287s] Level 5:colcon.colcon_core.verb:set package 'pkg_navigation' build argument 'cmake_clean_cache' from command line to 'False'
[0.287s] Level 5:colcon.colcon_core.verb:set package 'pkg_navigation' build argument 'cmake_clean_first' from command line to 'False'
[0.287s] Level 5:colcon.colcon_core.verb:set package 'pkg_navigation' build argument 'cmake_force_configure' from command line to 'False'
[0.287s] Level 5:colcon.colcon_core.verb:set package 'pkg_navigation' build argument 'ament_cmake_args' from command line to 'None'
[0.287s] Level 5:colcon.colcon_core.verb:set package 'pkg_navigation' build argument 'catkin_cmake_args' from command line to 'None'
[0.287s] Level 5:colcon.colcon_core.verb:set package 'pkg_navigation' build argument 'catkin_skip_building_tests' from command line to 'False'
[0.287s] DEBUG:colcon.colcon_core.verb:Building package 'pkg_navigation' with the following arguments: {'ament_cmake_args': None, 'build_base': '/home/robogait/catkin_ws/build/pkg_navigation', 'catkin_cmake_args': None, 'catkin_skip_building_tests': False, 'cmake_args': None, 'cmake_clean_cache': False, 'cmake_clean_first': False, 'cmake_force_configure': False, 'cmake_target': None, 'cmake_target_skip_unavailable': False, 'install_base': '/home/robogait/catkin_ws/install/pkg_navigation', 'merge_install': False, 'path': '/home/robogait/catkin_ws/src/pkg_navigation', 'symlink_install': False, 'test_result_base': None}
[0.287s] INFO:colcon.colcon_core.executor:Executing jobs using 'parallel' executor
[0.289s] DEBUG:colcon.colcon_parallel_executor.executor.parallel:run_until_complete
[0.289s] INFO:colcon.colcon_ros.task.ament_cmake.build:Building ROS package in '/home/robogait/catkin_ws/src/pkg_navigation' with build type 'ament_cmake'
[0.289s] INFO:colcon.colcon_cmake.task.cmake.build:Building CMake package in '/home/robogait/catkin_ws/src/pkg_navigation'
[0.292s] INFO:colcon.colcon_core.plugin_system:Skipping extension 'colcon_core.shell.bat': Not used on non-Windows systems
[0.292s] INFO:colcon.colcon_core.shell:Skip shell extension 'powershell' for command environment: Not usable outside of PowerShell
[0.292s] DEBUG:colcon.colcon_core.shell:Skip shell extension 'dsv' for command environment
[0.307s] DEBUG:colcon.colcon_core.event_handler.log_command:Invoking command in '/home/robogait/catkin_ws/build/pkg_navigation': CMAKE_PREFIX_PATH=${CMAKE_PREFIX_PATH}:/home/robogait/nav2_ws/install/nav2_gazebo_spawner:/home/robogait/ros2_serial/install/ourbotmanager:/home/robogait/ros2_ws/install/nav2_project:/opt/ros/foxy /usr/bin/cmake --build /home/robogait/catkin_ws/build/pkg_navigation -- -j8 -l8
[8.524s] DEBUG:colcon.colcon_core.event_handler.log_command:Invoked command in '/home/robogait/catkin_ws/build/pkg_navigation' returned '0': CMAKE_PREFIX_PATH=${CMAKE_PREFIX_PATH}:/home/robogait/nav2_ws/install/nav2_gazebo_spawner:/home/robogait/ros2_serial/install/ourbotmanager:/home/robogait/ros2_ws/install/nav2_project:/opt/ros/foxy /usr/bin/cmake --build /home/robogait/catkin_ws/build/pkg_navigation -- -j8 -l8
[8.598s] DEBUG:colcon.colcon_core.event_handler.log_command:Invoking command in '/home/robogait/catkin_ws/build/pkg_navigation': CMAKE_PREFIX_PATH=${CMAKE_PREFIX_PATH}:/home/robogait/nav2_ws/install/nav2_gazebo_spawner:/home/robogait/ros2_serial/install/ourbotmanager:/home/robogait/ros2_ws/install/nav2_project:/opt/ros/foxy /usr/bin/cmake --install /home/robogait/catkin_ws/build/pkg_navigation
[8.631s] Level 1:colcon.colcon_core.environment:create_environment_scripts_only(pkg_navigation)
[8.637s] Level 1:colcon.colcon_core.environment:checking '/home/robogait/catkin_ws/install/pkg_navigation' for CMake module files
[8.631s] DEBUG:colcon.colcon_core.event_handler.log_command:Invoked command in '/home/robogait/catkin_ws/build/pkg_navigation' returned '0': CMAKE_PREFIX_PATH=${CMAKE_PREFIX_PATH}:/home/robogait/nav2_ws/install/nav2_gazebo_spawner:/home/robogait/ros2_serial/install/ourbotmanager:/home/robogait/ros2_ws/install/nav2_project:/opt/ros/foxy /usr/bin/cmake --install /home/robogait/catkin_ws/build/pkg_navigation
[8.637s] Level 1:colcon.colcon_core.environment:checking '/home/robogait/catkin_ws/install/pkg_navigation' for CMake config files
[8.638s] Level 1:colcon.colcon_core.shell:create_environment_hook('pkg_navigation', 'cmake_prefix_path')
[8.638s] INFO:colcon.colcon_core.shell:Creating environment hook '/home/robogait/catkin_ws/install/pkg_navigation/share/pkg_navigation/hook/cmake_prefix_path.ps1'
[8.639s] INFO:colcon.colcon_core.shell:Creating environment descriptor '/home/robogait/catkin_ws/install/pkg_navigation/share/pkg_navigation/hook/cmake_prefix_path.dsv'
[8.640s] INFO:colcon.colcon_core.shell:Creating environment hook '/home/robogait/catkin_ws/install/pkg_navigation/share/pkg_navigation/hook/cmake_prefix_path.sh'
[8.641s] Level 1:colcon.colcon_core.environment:checking '/home/robogait/catkin_ws/install/pkg_navigation/lib'
[8.641s] Level 1:colcon.colcon_core.environment:checking '/home/robogait/catkin_ws/install/pkg_navigation/bin'
[8.641s] Level 1:colcon.colcon_core.environment:checking '/home/robogait/catkin_ws/install/pkg_navigation/lib/pkgconfig/pkg_navigation.pc'
[8.641s] Level 1:colcon.colcon_core.environment:checking '/home/robogait/catkin_ws/install/pkg_navigation/lib/python3.8/site-packages'
[8.642s] Level 1:colcon.colcon_core.environment:checking '/home/robogait/catkin_ws/install/pkg_navigation/bin'
[8.642s] INFO:colcon.colcon_core.shell:Creating package script '/home/robogait/catkin_ws/install/pkg_navigation/share/pkg_navigation/package.ps1'
[8.644s] INFO:colcon.colcon_core.shell:Creating package descriptor '/home/robogait/catkin_ws/install/pkg_navigation/share/pkg_navigation/package.dsv'
[8.644s] INFO:colcon.colcon_core.shell:Creating package script '/home/robogait/catkin_ws/install/pkg_navigation/share/pkg_navigation/package.sh'
[8.645s] INFO:colcon.colcon_core.shell:Creating package script '/home/robogait/catkin_ws/install/pkg_navigation/share/pkg_navigation/package.bash'
[8.646s] INFO:colcon.colcon_core.shell:Creating package script '/home/robogait/catkin_ws/install/pkg_navigation/share/pkg_navigation/package.zsh'
[8.647s] Level 1:colcon.colcon_core.environment:create_file_with_runtime_dependencies(/home/robogait/catkin_ws/install/pkg_navigation/share/colcon-core/packages/pkg_navigation)
[8.710s] Level 1:colcon.colcon_core.environment:create_environment_scripts_only(pkg_navigation)
[8.711s] Level 1:colcon.colcon_core.environment:checking '/home/robogait/catkin_ws/install/pkg_navigation' for CMake module files
[8.712s] Level 1:colcon.colcon_core.environment:checking '/home/robogait/catkin_ws/install/pkg_navigation' for CMake config files
[8.712s] Level 1:colcon.colcon_core.shell:create_environment_hook('pkg_navigation', 'cmake_prefix_path')
[8.713s] INFO:colcon.colcon_core.shell:Creating environment hook '/home/robogait/catkin_ws/install/pkg_navigation/share/pkg_navigation/hook/cmake_prefix_path.ps1'
[8.714s] INFO:colcon.colcon_core.shell:Creating environment descriptor '/home/robogait/catkin_ws/install/pkg_navigation/share/pkg_navigation/hook/cmake_prefix_path.dsv'
[8.714s] INFO:colcon.colcon_core.shell:Creating environment hook '/home/robogait/catkin_ws/install/pkg_navigation/share/pkg_navigation/hook/cmake_prefix_path.sh'
[8.715s] Level 1:colcon.colcon_core.environment:checking '/home/robogait/catkin_ws/install/pkg_navigation/lib'
[8.715s] Level 1:colcon.colcon_core.environment:checking '/home/robogait/catkin_ws/install/pkg_navigation/bin'
[8.715s] Level 1:colcon.colcon_core.environment:checking '/home/robogait/catkin_ws/install/pkg_navigation/lib/pkgconfig/pkg_navigation.pc'
[8.716s] Level 1:colcon.colcon_core.environment:checking '/home/robogait/catkin_ws/install/pkg_navigation/lib/python3.8/site-packages'
[8.716s] Level 1:colcon.colcon_core.environment:checking '/home/robogait/catkin_ws/install/pkg_navigation/bin'
[8.717s] INFO:colcon.colcon_core.shell:Creating package script '/home/robogait/catkin_ws/install/pkg_navigation/share/pkg_navigation/package.ps1'
[8.718s] INFO:colcon.colcon_core.shell:Creating package descriptor '/home/robogait/catkin_ws/install/pkg_navigation/share/pkg_navigation/package.dsv'
[8.719s] INFO:colcon.colcon_core.shell:Creating package script '/home/robogait/catkin_ws/install/pkg_navigation/share/pkg_navigation/package.sh'
[8.719s] INFO:colcon.colcon_core.shell:Creating package script '/home/robogait/catkin_ws/install/pkg_navigation/share/pkg_navigation/package.bash'
[8.720s] INFO:colcon.colcon_core.shell:Creating package script '/home/robogait/catkin_ws/install/pkg_navigation/share/pkg_navigation/package.zsh'
[8.720s] Level 1:colcon.colcon_core.environment:create_file_with_runtime_dependencies(/home/robogait/catkin_ws/install/pkg_navigation/share/colcon-core/packages/pkg_navigation)
[8.721s] DEBUG:colcon.colcon_parallel_executor.executor.parallel:closing loop
[8.721s] DEBUG:colcon.colcon_parallel_executor.executor.parallel:loop closed
[8.721s] DEBUG:colcon.colcon_parallel_executor.executor.parallel:run_until_complete finished with '0'
[8.721s] DEBUG:colcon.colcon_core.event_reactor:joining thread
[8.726s] INFO:colcon.colcon_core.plugin_system:Skipping extension 'colcon_notification.desktop_notification.terminal_notifier': Not used on non-Darwin systems
[8.726s] INFO:colcon.colcon_core.plugin_system:Skipping extension 'colcon_notification.desktop_notification.win32': Not used on non-Windows systems
[8.726s] INFO:colcon.colcon_notification.desktop_notification:Sending desktop notification using 'notify2'
[8.737s] DEBUG:colcon.colcon_core.event_reactor:joined thread
[8.738s] INFO:colcon.colcon_core.shell:Creating prefix script '/home/robogait/catkin_ws/install/local_setup.ps1'
[8.739s] INFO:colcon.colcon_core.shell:Creating prefix util module '/home/robogait/catkin_ws/install/_local_setup_util_ps1.py'
[8.741s] INFO:colcon.colcon_core.shell:Creating prefix chain script '/home/robogait/catkin_ws/install/setup.ps1'
[8.745s] INFO:colcon.colcon_core.shell:Creating prefix script '/home/robogait/catkin_ws/install/local_setup.sh'
[8.745s] INFO:colcon.colcon_core.shell:Creating prefix util module '/home/robogait/catkin_ws/install/_local_setup_util_sh.py'
[8.746s] INFO:colcon.colcon_core.shell:Creating prefix chain script '/home/robogait/catkin_ws/install/setup.sh'
[8.749s] INFO:colcon.colcon_core.shell:Creating prefix script '/home/robogait/catkin_ws/install/local_setup.bash'
[8.750s] INFO:colcon.colcon_core.shell:Creating prefix chain script '/home/robogait/catkin_ws/install/setup.bash'
[8.753s] INFO:colcon.colcon_core.shell:Creating prefix script '/home/robogait/catkin_ws/install/local_setup.zsh'
[8.754s] INFO:colcon.colcon_core.shell:Creating prefix chain script '/home/robogait/catkin_ws/install/setup.zsh'
