[0.015s] Invoking command in '/home/robogait/catkin_ws/build/pkg_navigation': CMAKE_PREFIX_PATH=${CMAKE_PREFIX_PATH}:/home/robogait/nav2_ws/install/nav2_gazebo_spawner:/home/robogait/ros2_serial/install/ourbotmanager:/home/robogait/ros2_ws/install/nav2_project:/opt/ros/foxy /bin/cmake --build /home/robogait/catkin_ws/build/pkg_navigation -- -j8 -l8
[0.102s] [35m[1mScanning dependencies of target robot_controller[0m
[0.126s] [  9%] Built target robot_controller_position
[0.128s] [ 18%] Built target robot_odom_tf2_listener
[0.130s] [ 27%] Built target tf2_broadcaster_camera
[0.133s] [ 45%] Built target publisher_subscriber
[0.133s] [ 45%] Built target tf2_broadcaster
[0.139s] [ 54%] Built target tf2_broadcaster_person
[0.141s] [ 68%] Built target publisher_initial_pose
[0.141s] [ 68%] [32mBuilding CXX object CMakeFiles/robot_controller.dir/src/robot_controller.cpp.o[0m
[0.162s] [ 86%] Built target person_odom_tf2_listener
[0.162s] [ 86%] Built target camera_controller
[0.165s] [ 95%] Built target robot_controller_straight
[1.055s] [01m[K/home/robogait/catkin_ws/src/pkg_navigation/src/robot_controller.cpp:[m[K In member function ‘[01m[Kvoid generic::callback_control_nav(geometry_msgs::msg::Twist_<std::allocator<void> >::SharedPtr)[m[K’:
[1.055s] [01m[K/home/robogait/catkin_ws/src/pkg_navigation/src/robot_controller.cpp:83:75:[m[K [01;35m[Kwarning: [m[Kunused parameter ‘[01m[Kmsg[m[K’ [[01;35m[K-Wunused-parameter[m[K]
[1.055s]    83 |      void callback_control_nav([01;35m[Kconst geometry_msgs::msg::Twist::SharedPtr msg[m[K)
[1.055s]       |                                [01;35m[K~~~~~~~~~~~~~~~~~~~~~~~~~~~~~~~~~~~~~~~~~~~^~~[m[K
[5.225s] [100%] [32m[1mLinking CXX executable robot_controller[0m
[5.491s] [100%] Built target robot_controller
[5.502s] Invoked command in '/home/robogait/catkin_ws/build/pkg_navigation' returned '0': CMAKE_PREFIX_PATH=${CMAKE_PREFIX_PATH}:/home/robogait/nav2_ws/install/nav2_gazebo_spawner:/home/robogait/ros2_serial/install/ourbotmanager:/home/robogait/ros2_ws/install/nav2_project:/opt/ros/foxy /bin/cmake --build /home/robogait/catkin_ws/build/pkg_navigation -- -j8 -l8
[5.575s] Invoking command in '/home/robogait/catkin_ws/build/pkg_navigation': CMAKE_PREFIX_PATH=${CMAKE_PREFIX_PATH}:/home/robogait/nav2_ws/install/nav2_gazebo_spawner:/home/robogait/ros2_serial/install/ourbotmanager:/home/robogait/ros2_ws/install/nav2_project:/opt/ros/foxy /bin/cmake --install /home/robogait/catkin_ws/build/pkg_navigation
[5.589s] -- Install configuration: ""
[5.589s] -- Execute custom install script
[5.590s] -- Up-to-date symlink: /home/robogait/catkin_ws/install/pkg_navigation/lib/pkg_navigation/publisher_subscriber
[5.590s] -- Up-to-date symlink: /home/robogait/catkin_ws/install/pkg_navigation/lib/pkg_navigation/tf2_broadcaster
[5.590s] -- Up-to-date symlink: /home/robogait/catkin_ws/install/pkg_navigation/lib/pkg_navigation/publisher_initial_pose
[5.590s] -- Up-to-date symlink: /home/robogait/catkin_ws/install/pkg_navigation/lib/pkg_navigation/robot_odom_tf2_listener
[5.591s] -- Up-to-date symlink: /home/robogait/catkin_ws/install/pkg_navigation/lib/pkg_navigation/robot_controller
[5.591s] -- Up-to-date symlink: /home/robogait/catkin_ws/install/pkg_navigation/lib/pkg_navigation/robot_controller_position
[5.591s] -- Up-to-date symlink: /home/robogait/catkin_ws/install/pkg_navigation/lib/pkg_navigation/tf2_broadcaster_person
[5.592s] -- Up-to-date symlink: /home/robogait/catkin_ws/install/pkg_navigation/lib/pkg_navigation/tf2_broadcaster_camera
[5.592s] -- Up-to-date symlink: /home/robogait/catkin_ws/install/pkg_navigation/lib/pkg_navigation/person_odom_tf2_listener
[5.592s] -- Up-to-date symlink: /home/robogait/catkin_ws/install/pkg_navigation/lib/pkg_navigation/robot_controller_straight
[5.592s] -- Up-to-date symlink: /home/robogait/catkin_ws/install/pkg_navigation/lib/pkg_navigation/camera_controller
[5.593s] -- Up-to-date symlink: /home/robogait/catkin_ws/install/pkg_navigation/share/pkg_navigation/launch/__pycache__/turtlesim_mimic_launch.cpython-38.pyc
[5.593s] -- Up-to-date symlink: /home/robogait/catkin_ws/install/pkg_navigation/share/pkg_navigation/launch/person_state_publisher.py
[5.593s] -- Up-to-date symlink: /home/robogait/catkin_ws/install/pkg_navigation/share/pkg_navigation/launch/realsense_pointcloud_launch.py
[5.594s] -- Up-to-date symlink: /home/robogait/catkin_ws/install/pkg_navigation/share/pkg_navigation/launch/robogait_launch_states.py
[5.594s] -- Up-to-date symlink: /home/robogait/catkin_ws/install/pkg_navigation/share/pkg_navigation/launch/robogait_map_server_launch.py
[5.594s] -- Up-to-date symlink: /home/robogait/catkin_ws/install/pkg_navigation/share/pkg_navigation/launch/robogait_mapping_launch.py
[5.594s] -- Up-to-date symlink: /home/robogait/catkin_ws/install/pkg_navigation/share/pkg_navigation/launch/robogait_mapping_launch_test.py
[5.594s] -- Up-to-date symlink: /home/robogait/catkin_ws/install/pkg_navigation/share/pkg_navigation/launch/robogait_online_async_launch.py
[5.595s] -- Up-to-date symlink: /home/robogait/catkin_ws/install/pkg_navigation/share/pkg_navigation/launch/robogait_state_publisher.py
[5.595s] -- Up-to-date symlink: /home/robogait/catkin_ws/install/pkg_navigation/share/pkg_navigation/launch/robogait_straight.py
[5.595s] -- Up-to-date symlink: /home/robogait/catkin_ws/install/pkg_navigation/share/pkg_navigation/launch/rviz_launch.py
[5.595s] -- Up-to-date symlink: /home/robogait/catkin_ws/install/pkg_navigation/share/pkg_navigation/launch/teb_nav2_bringup_launch.py
[5.595s] -- Up-to-date symlink: /home/robogait/catkin_ws/install/pkg_navigation/share/pkg_navigation/launch/teb_tb3_simulation_launch.py
[5.596s] -- Up-to-date symlink: /home/robogait/catkin_ws/install/pkg_navigation/share/pkg_navigation/rviz/rviz_config.rviz
[5.596s] -- Up-to-date symlink: /home/robogait/catkin_ws/install/pkg_navigation/share/pkg_navigation/rviz/rviz_config_map_server.rviz
[5.596s] -- Up-to-date symlink: /home/robogait/catkin_ws/install/pkg_navigation/share/pkg_navigation/rviz/rviz_config_nav2_teb.rviz
[5.596s] -- Up-to-date symlink: /home/robogait/catkin_ws/install/pkg_navigation/share/pkg_navigation/config/map_server_params.yaml
[5.596s] -- Up-to-date symlink: /home/robogait/catkin_ws/install/pkg_navigation/share/pkg_navigation/config/mapper_params_online_async.yaml
[5.597s] -- Up-to-date symlink: /home/robogait/catkin_ws/install/pkg_navigation/share/pkg_navigation/config/nav2.yaml
[5.597s] -- Up-to-date symlink: /home/robogait/catkin_ws/install/pkg_navigation/share/pkg_navigation/config/nav2_params.yaml
[5.597s] -- Up-to-date symlink: /home/robogait/catkin_ws/install/pkg_navigation/share/pkg_navigation/config/teb_params (copy).yaml
[5.597s] -- Up-to-date symlink: /home/robogait/catkin_ws/install/pkg_navigation/share/pkg_navigation/config/teb_params.yaml
[5.598s] -- Up-to-date symlink: /home/robogait/catkin_ws/install/pkg_navigation/share/pkg_navigation/maps/map.pgm
[5.598s] -- Up-to-date symlink: /home/robogait/catkin_ws/install/pkg_navigation/share/pkg_navigation/maps/map.yaml
[5.598s] -- Up-to-date symlink: /home/robogait/catkin_ws/install/pkg_navigation/share/pkg_navigation/maps/map_laboratory.pgm
[5.598s] -- Up-to-date symlink: /home/robogait/catkin_ws/install/pkg_navigation/share/pkg_navigation/maps/map_laboratory.yaml
[5.598s] -- Up-to-date symlink: /home/robogait/catkin_ws/install/pkg_navigation/share/ament_index/resource_index/package_run_dependencies/pkg_navigation
[5.599s] -- Up-to-date symlink: /home/robogait/catkin_ws/install/pkg_navigation/share/ament_index/resource_index/parent_prefix_path/pkg_navigation
[5.599s] -- Up-to-date symlink: /home/robogait/catkin_ws/install/pkg_navigation/share/pkg_navigation/environment/ament_prefix_path.sh
[5.599s] -- Up-to-date symlink: /home/robogait/catkin_ws/install/pkg_navigation/share/pkg_navigation/environment/ament_prefix_path.dsv
[5.599s] -- Up-to-date symlink: /home/robogait/catkin_ws/install/pkg_navigation/share/pkg_navigation/environment/path.sh
[5.600s] -- Up-to-date symlink: /home/robogait/catkin_ws/install/pkg_navigation/share/pkg_navigation/environment/path.dsv
[5.600s] -- Up-to-date symlink: /home/robogait/catkin_ws/install/pkg_navigation/share/pkg_navigation/local_setup.bash
[5.600s] -- Up-to-date symlink: /home/robogait/catkin_ws/install/pkg_navigation/share/pkg_navigation/local_setup.sh
[5.600s] -- Up-to-date symlink: /home/robogait/catkin_ws/install/pkg_navigation/share/pkg_navigation/local_setup.zsh
[5.600s] -- Up-to-date symlink: /home/robogait/catkin_ws/install/pkg_navigation/share/pkg_navigation/local_setup.dsv
[5.600s] -- Symlinking: /home/robogait/catkin_ws/install/pkg_navigation/share/pkg_navigation/package.dsv
[5.609s] -- Up-to-date symlink: /home/robogait/catkin_ws/install/pkg_navigation/share/ament_index/resource_index/packages/pkg_navigation
[5.609s] -- Up-to-date symlink: /home/robogait/catkin_ws/install/pkg_navigation/share/pkg_navigation/cmake/pkg_navigationConfig.cmake
[5.610s] -- Up-to-date symlink: /home/robogait/catkin_ws/install/pkg_navigation/share/pkg_navigation/cmake/pkg_navigationConfig-version.cmake
[5.610s] -- Up-to-date symlink: /home/robogait/catkin_ws/install/pkg_navigation/share/pkg_navigation/package.xml
[5.612s] Invoked command in '/home/robogait/catkin_ws/build/pkg_navigation' returned '0': CMAKE_PREFIX_PATH=${CMAKE_PREFIX_PATH}:/home/robogait/nav2_ws/install/nav2_gazebo_spawner:/home/robogait/ros2_serial/install/ourbotmanager:/home/robogait/ros2_ws/install/nav2_project:/opt/ros/foxy /bin/cmake --install /home/robogait/catkin_ws/build/pkg_navigation
