-- Found ament_cmake: 0.9.9 (/opt/ros/foxy/share/ament_cmake/cmake)
-- Using PYTHON_EXECUTABLE: /usr/bin/python3
-- Found rclcpp: 2.4.1 (/opt/ros/foxy/share/rclcpp/cmake)
-- Using all available rosidl_typesupport_c: rosidl_typesupport_fastrtps_c;rosidl_typesupport_introspection_c
-- Found rosidl_adapter: 1.2.1 (/opt/ros/foxy/share/rosidl_adapter/cmake)
-- Using all available rosidl_typesupport_cpp: rosidl_typesupport_fastrtps_cpp;rosidl_typesupport_introspection_cpp
-- Found rmw_implementation_cmake: 1.0.3 (/opt/ros/foxy/share/rmw_implementation_cmake/cmake)
-- Using RMW implementation 'rmw_fastrtps_cpp' as default
-- Found geometry_msgs: 2.0.5 (/opt/ros/foxy/share/geometry_msgs/cmake)
-- Found nav_msgs: 2.0.5 (/opt/ros/foxy/share/nav_msgs/cmake)
-- Found sensor_msgs: 2.0.5 (/opt/ros/foxy/share/sensor_msgs/cmake)
-- Found ament_lint_auto: 0.9.6 (/opt/ros/foxy/share/ament_lint_auto/cmake)
-- Added test 'copyright' to check source files copyright and LICENSE
-- Added test 'cppcheck' to perform static code analysis on C / C++ code
-- Configured cppcheck include dirs: 
-- Configured cppcheck exclude dirs and/or files: 
-- Added test 'cpplint' to check C / C++ code against the Google style
-- Configured cpplint exclude dirs and/or files: 
-- Added test 'flake8' to check Python code syntax and style conventions
-- Added test 'lint_cmake' to check CMake code style
-- Added test 'pep257' to check Python code against some of the style conventions in PEP 257
-- Added test 'uncrustify' to check C / C++ code style
-- Configured uncrustify additional arguments: 
-- Added test 'xmllint' to check XML markup files
-- Configuring done
-- Generating done
-- Build files have been written to: /home/robogait/ros2_serial_cpp/build/ros2_serial_cpp
[35m[1mScanning dependencies of target driver_controller[0m
[ 50%] [32mBuilding CXX object CMakeFiles/driver_controller.dir/src/driver_controller.cpp.o[0m
[01m[K/home/robogait/ros2_serial_cpp/src/driver_controller.cpp:[m[K In constructor ‘[01m[Kdriver_controller::driver_controller()[m[K’:
[01m[K/home/robogait/ros2_serial_cpp/src/driver_controller.cpp:84:3:[m[K [01;31m[Kerror: [m[K‘[01m[Kpublisher_imu[m[K’ was not declared in this scope; did you mean ‘[01m[Kpublisher_[m[K’?
   84 |   [01;31m[Kpublisher_imu[m[K = this->create_publisher<sensor_msgs::msg::Imu>("imu", 10);
      |   [01;31m[K^~~~~~~~~~~~~[m[K
      |   [32m[Kpublisher_[m[K
[01m[K/home/robogait/ros2_serial_cpp/src/driver_controller.cpp:[m[K In member function ‘[01m[Kvoid driver_controller::loop()[m[K’:
[01m[K/home/robogait/ros2_serial_cpp/src/driver_controller.cpp:143:29:[m[K [01;31m[Kerror: [m[K‘[01m[Kusing _angular_velocity_type = struct geometry_msgs::msg::Vector3_<std::allocator<void> >[m[K’ {aka ‘[01m[Kstruct geometry_msgs::msg::Vector3_<std::allocator<void> >[m[K’} has no member named ‘[01m[Kw[m[K’
  143 |    imu_msg.angular_velocity.[01;31m[Kw[m[K=rx_buf[7];
      |                             [01;31m[K^[m[K
[01m[K/home/robogait/ros2_serial_cpp/src/driver_controller.cpp:148:32:[m[K [01;31m[Kerror: [m[K‘[01m[Kusing _linear_acceleration_type = struct geometry_msgs::msg::Vector3_<std::allocator<void> >[m[K’ {aka ‘[01m[Kstruct geometry_msgs::msg::Vector3_<std::allocator<void> >[m[K’} has no member named ‘[01m[Kw[m[K’
  148 |    imu_msg.linear_acceleration.[01;31m[Kw[m[K=rx_buf[8];
      |                                [01;31m[K^[m[K
[01m[K/home/robogait/ros2_serial_cpp/src/driver_controller.cpp:149:4:[m[K [01;31m[Kerror: [m[K‘[01m[Kpublisher_imu[m[K’ was not declared in this scope; did you mean ‘[01m[Kpublisher_[m[K’?
  149 |    [01;31m[Kpublisher_imu[m[K->publish(imu_msg);
      |    [01;31m[K^~~~~~~~~~~~~[m[K
      |    [32m[Kpublisher_[m[K
make[2]: *** [CMakeFiles/driver_controller.dir/build.make:63: CMakeFiles/driver_controller.dir/src/driver_controller.cpp.o] Error 1
make[1]: *** [CMakeFiles/Makefile2:78: CMakeFiles/driver_controller.dir/all] Error 2
make: *** [Makefile:141: all] Error 2
