[0.015s] Invoking command in '/home/robogait/catkin_ws/build/pkg_navigation': CMAKE_PREFIX_PATH=${CMAKE_PREFIX_PATH}:/home/robogait/ros2_ws/install/nav2_project:/home/robogait/nav2_ws/install/nav2_gazebo_spawner:/home/robogait/ros2_serial/install/ourbotmanager:/opt/ros/foxy /usr/bin/cmake --build /home/robogait/catkin_ws/build/pkg_navigation -- -j8 -l8
[0.061s] [35m[1mScanning dependencies of target robot_controller[0m
[0.073s] [ 20%] Built target publisher_initial_pose
[0.074s] [ 40%] Built target robot_odom_tf2_listener
[0.079s] [ 60%] Built target publisher_subscriber
[0.079s] [ 80%] Built target tf2_broadcaster
[0.084s] [ 90%] [32mBuilding CXX object CMakeFiles/robot_controller.dir/src/robot_controller.cpp.o[0m
[0.925s] [01m[K/home/robogait/catkin_ws/src/pkg_navigation/src/robot_controller.cpp:[m[K In member function ‘[01m[Kvoid generic::lane_controller()[m[K’:
[0.925s] [01m[K/home/robogait/catkin_ws/src/pkg_navigation/src/robot_controller.cpp:73:8:[m[K [01;31m[Kerror: [m[K‘[01m[Kuse_pose[m[K’ was not declared in this scope
[0.925s]    73 |        [01;31m[Kuse_pose[m[K=path_local.poses.size();
[0.925s]       |        [01;31m[K^~~~~~~~[m[K
[0.926s] [01m[K/home/robogait/catkin_ws/src/pkg_navigation/src/robot_controller.cpp:74:8:[m[K [01;31m[Kerror: [m[K‘[01m[Kq[m[K’ was not declared in this scope
[0.926s]    74 |        [01;31m[Kq[m[K=path_local.poses[use_pose].pose.orientation;
[0.926s]       |        [01;31m[K^[m[K
[0.926s] [01m[K/home/robogait/catkin_ws/src/pkg_navigation/src/robot_controller.cpp:75:8:[m[K [01;31m[Kerror: [m[K‘[01m[Ktf[m[K’ has not been declared
[0.926s]    75 |        [01;31m[Ktf[m[K::Matrix3x3 m(q);
[0.926s]       |        [01;31m[K^~[m[K
[0.926s] [01m[K/home/robogait/catkin_ws/src/pkg_navigation/src/robot_controller.cpp:77:8:[m[K [01;31m[Kerror: [m[K‘[01m[Km[m[K’ was not declared in this scope; did you mean ‘[01m[Ktm[m[K’?
[0.926s]    77 |        [01;31m[Km[m[K.getRPY(roll, pitch, yaw);
[0.926s]       |        [01;31m[K^[m[K
[0.926s]       |        [32m[Ktm[m[K
[2.250s] make[2]: *** [CMakeFiles/robot_controller.dir/build.make:63: CMakeFiles/robot_controller.dir/src/robot_controller.cpp.o] Error 1
[2.250s] make[1]: *** [CMakeFiles/Makefile2:221: CMakeFiles/robot_controller.dir/all] Error 2
[2.250s] make: *** [Makefile:141: all] Error 2
[2.253s] Invoked command in '/home/robogait/catkin_ws/build/pkg_navigation' returned '2': CMAKE_PREFIX_PATH=${CMAKE_PREFIX_PATH}:/home/robogait/ros2_ws/install/nav2_project:/home/robogait/nav2_ws/install/nav2_gazebo_spawner:/home/robogait/ros2_serial/install/ourbotmanager:/opt/ros/foxy /usr/bin/cmake --build /home/robogait/catkin_ws/build/pkg_navigation -- -j8 -l8
