In file included from [01m[K/home/robogait/azure_kinect_ws/src/kinect_azure_body_tracker/src/kinectAzure_body_tracker_node_full_processing.cpp:23[m[K:
[01m[K/home/robogait/azure_kinect_ws/src/kinect_azure_body_tracker/src/csvProcessing.cpp:[m[K In function ‘[01m[Kbool process_mkv_offline(const char*, const char*, k4abt_tracker_configuration_t)[m[K’:
[01m[K/home/robogait/azure_kinect_ws/src/kinect_azure_body_tracker/src/csvProcessing.cpp:130:13:[m[K [01;31m[Kerror: [m[K‘[01m[Knombre_csv[m[K’ was not declared in this scope
  130 |     sprintf([01;31m[Knombre_csv[m[K, "%s", (char*)output_path);
      |             [01;31m[K^~~~~~~~~~[m[K
[01m[K/home/robogait/azure_kinect_ws/src/kinect_azure_body_tracker/src/csvProcessing.cpp:131:8:[m[K [01;31m[Kerror: [m[K‘[01m[KdeleteExistingFile[m[K’ was not declared in this scope
  131 |     if([01;31m[KdeleteExistingFile[m[K){
      |        [01;31m[K^~~~~~~~~~~~~~~~~~[m[K
[01m[K/home/robogait/azure_kinect_ws/src/kinect_azure_body_tracker/src/csvProcessing.cpp:[m[K In function ‘[01m[Kint processVideo(const char*, const char*, bool)[m[K’:
[01m[K/home/robogait/azure_kinect_ws/src/kinect_azure_body_tracker/src/csvProcessing.cpp:191:72:[m[K [01;35m[Kwarning: [m[Kunused parameter ‘[01m[KdeleteExistingFile[m[K’ [[01;35m[K-Wunused-parameter[m[K]
  191 | int processVideo(const char* input_path, const char* output_path, [01;35m[Kbool deleteExistingFile[m[K)
      |                                                                   [01;35m[K~~~~~^~~~~~~~~~~~~~~~~~[m[K
[01m[K/home/robogait/azure_kinect_ws/src/kinect_azure_body_tracker/src/kinectAzure_body_tracker_node_full_processing.cpp:[m[K In constructor ‘[01m[KMinimalPublisher::MinimalPublisher()[m[K’:
[01m[K/home/robogait/azure_kinect_ws/src/kinect_azure_body_tracker/src/kinectAzure_body_tracker_node_full_processing.cpp:47:45:[m[K [01;31m[Kerror: [m[Ktoo few arguments to function ‘[01m[Kint processVideo(const char*, const char*, bool)[m[K’
   47 |   processVideo(recordingName, processingName[01;31m[K)[m[K;
      |                                             [01;31m[K^[m[K
In file included from [01m[K/home/robogait/azure_kinect_ws/src/kinect_azure_body_tracker/src/kinectAzure_body_tracker_node_full_processing.cpp:23[m[K:
[01m[K/home/robogait/azure_kinect_ws/src/kinect_azure_body_tracker/src/csvProcessing.cpp:191:5:[m[K [01;36m[Knote: [m[Kdeclared here
  191 | int [01;36m[KprocessVideo[m[K(const char* input_path, const char* output_path, bool deleteExistingFile)
      |     [01;36m[K^~~~~~~~~~~~[m[K
At global scope:
[01m[Kcc1plus:[m[K [01;35m[Kwarning: [m[Kunrecognized command line option ‘[01m[K-Wno-dev[m[K’
make[2]: *** [CMakeFiles/kinect_azure_body_tracker_node_full_processing.dir/build.make:63: CMakeFiles/kinect_azure_body_tracker_node_full_processing.dir/src/kinectAzure_body_tracker_node_full_processing.cpp.o] Error 1
make[1]: *** [CMakeFiles/Makefile2:86: CMakeFiles/kinect_azure_body_tracker_node_full_processing.dir/all] Error 2
make: *** [Makefile:141: all] Error 2
