[0.021s] Invoking command in '/home/robogait/azure_kinect_ws/build/kinect_azure_body_tracker': CMAKE_PREFIX_PATH=${CMAKE_PREFIX_PATH}:/home/robogait/nav2_ws/install/nav2_gazebo_spawner:/home/robogait/ros2_serial/install/ourbotmanager:/home/robogait/ros2_ws/install/nav2_project:/opt/ros/foxy /usr/bin/cmake --build /home/robogait/azure_kinect_ws/build/kinect_azure_body_tracker -- -j8 -l8
[0.066s] [35m[1mScanning dependencies of target kinect_azure_body_tracker_node_full_processing[0m
[0.090s] [ 20%] Built target kinect_azure_body_tracker_node_simplified
[0.092s] [ 40%] Built target kinect_azure_body_tracker_recording_node
[0.096s] [ 50%] [32mBuilding CXX object CMakeFiles/kinect_azure_body_tracker_node_full_processing.dir/src/kinectAzure_body_tracker_node_full_processing.cpp.o[0m
[0.113s] [ 70%] Built target kinect_azure_body_tracker_node
[0.115s] [ 90%] Built target kinect_azure_body_tracker_recording_node_simplified
[0.936s] In file included from [01m[K/home/robogait/azure_kinect_ws/src/kinect_azure_body_tracker/src/kinectAzure_body_tracker_node_full_processing.cpp:23[m[K:
[0.936s] [01m[K/home/robogait/azure_kinect_ws/src/kinect_azure_body_tracker/src/csvProcessing.cpp:[m[K In function ‘[01m[Kbool process_mkv_offline(const char*, const char*, k4abt_tracker_configuration_t)[m[K’:
[0.936s] [01m[K/home/robogait/azure_kinect_ws/src/kinect_azure_body_tracker/src/csvProcessing.cpp:130:13:[m[K [01;31m[Kerror: [m[K‘[01m[Knombre_csv[m[K’ was not declared in this scope
[0.937s]   130 |     sprintf([01;31m[Knombre_csv[m[K, "%s", (char*)output_path);
[0.937s]       |             [01;31m[K^~~~~~~~~~[m[K
[0.938s] [01m[K/home/robogait/azure_kinect_ws/src/kinect_azure_body_tracker/src/csvProcessing.cpp:131:8:[m[K [01;31m[Kerror: [m[K‘[01m[KdeleteExistingFile[m[K’ was not declared in this scope
[0.938s]   131 |     if([01;31m[KdeleteExistingFile[m[K){
[0.938s]       |        [01;31m[K^~~~~~~~~~~~~~~~~~[m[K
[0.939s] [01m[K/home/robogait/azure_kinect_ws/src/kinect_azure_body_tracker/src/csvProcessing.cpp:[m[K In function ‘[01m[Kint processVideo(const char*, const char*, bool)[m[K’:
[0.940s] [01m[K/home/robogait/azure_kinect_ws/src/kinect_azure_body_tracker/src/csvProcessing.cpp:191:72:[m[K [01;35m[Kwarning: [m[Kunused parameter ‘[01m[KdeleteExistingFile[m[K’ [[01;35m[K-Wunused-parameter[m[K]
[0.940s]   191 | int processVideo(const char* input_path, const char* output_path, [01;35m[Kbool deleteExistingFile[m[K)
[0.940s]       |                                                                   [01;35m[K~~~~~^~~~~~~~~~~~~~~~~~[m[K
[0.944s] [01m[K/home/robogait/azure_kinect_ws/src/kinect_azure_body_tracker/src/kinectAzure_body_tracker_node_full_processing.cpp:[m[K In constructor ‘[01m[KMinimalPublisher::MinimalPublisher()[m[K’:
[0.944s] [01m[K/home/robogait/azure_kinect_ws/src/kinect_azure_body_tracker/src/kinectAzure_body_tracker_node_full_processing.cpp:47:45:[m[K [01;31m[Kerror: [m[Ktoo few arguments to function ‘[01m[Kint processVideo(const char*, const char*, bool)[m[K’
[0.945s]    47 |   processVideo(recordingName, processingName[01;31m[K)[m[K;
[0.945s]       |                                             [01;31m[K^[m[K
[0.945s] In file included from [01m[K/home/robogait/azure_kinect_ws/src/kinect_azure_body_tracker/src/kinectAzure_body_tracker_node_full_processing.cpp:23[m[K:
[0.945s] [01m[K/home/robogait/azure_kinect_ws/src/kinect_azure_body_tracker/src/csvProcessing.cpp:191:5:[m[K [01;36m[Knote: [m[Kdeclared here
[0.945s]   191 | int [01;36m[KprocessVideo[m[K(const char* input_path, const char* output_path, bool deleteExistingFile)
[0.945s]       |     [01;36m[K^~~~~~~~~~~~[m[K
[1.465s] At global scope:
[1.465s] [01m[Kcc1plus:[m[K [01;35m[Kwarning: [m[Kunrecognized command line option ‘[01m[K-Wno-dev[m[K’
[1.472s] make[2]: *** [CMakeFiles/kinect_azure_body_tracker_node_full_processing.dir/build.make:63: CMakeFiles/kinect_azure_body_tracker_node_full_processing.dir/src/kinectAzure_body_tracker_node_full_processing.cpp.o] Error 1
[1.472s] make[1]: *** [CMakeFiles/Makefile2:86: CMakeFiles/kinect_azure_body_tracker_node_full_processing.dir/all] Error 2
[1.472s] make: *** [Makefile:141: all] Error 2
[1.475s] Invoked command in '/home/robogait/azure_kinect_ws/build/kinect_azure_body_tracker' returned '2': CMAKE_PREFIX_PATH=${CMAKE_PREFIX_PATH}:/home/robogait/nav2_ws/install/nav2_gazebo_spawner:/home/robogait/ros2_serial/install/ourbotmanager:/home/robogait/ros2_ws/install/nav2_project:/opt/ros/foxy /usr/bin/cmake --build /home/robogait/azure_kinect_ws/build/kinect_azure_body_tracker -- -j8 -l8
