[0.021s] Invoking command in '/home/robogait/azure_kinect_ws/build/kinect_azure_body_tracker': CMAKE_PREFIX_PATH=${CMAKE_PREFIX_PATH}:/home/robogait/nav2_ws/install/nav2_gazebo_spawner:/home/robogait/ros2_serial/install/ourbotmanager:/home/robogait/ros2_ws/install/nav2_project:/opt/ros/foxy /usr/bin/cmake --build /home/robogait/azure_kinect_ws/build/kinect_azure_body_tracker -- -j8 -l8
[0.067s] [35m[1mScanning dependencies of target kinect_azure_body_tracker_node_full_processing[0m
[0.094s] [ 20%] Built target kinect_azure_body_tracker_node
[0.094s] [ 40%] Built target kinect_azure_body_tracker_recording_node
[0.108s] [ 60%] Built target kinect_azure_body_tracker_node_simplified
[0.108s] [ 70%] [32mBuilding CXX object CMakeFiles/kinect_azure_body_tracker_node_full_processing.dir/src/kinectAzure_body_tracker_node_full_processing.cpp.o[0m
[0.109s] [ 90%] Built target kinect_azure_body_tracker_recording_node_simplified
[0.923s] In file included from [01m[K/home/robogait/azure_kinect_ws/src/kinect_azure_body_tracker/src/kinectAzure_body_tracker_node_full_processing.cpp:23[m[K:
[0.923s] [01m[K/home/robogait/azure_kinect_ws/src/kinect_azure_body_tracker/src/csvProcessing.cpp:[m[K In function ‘[01m[Kbool process_mkv_offline(const char*, const char*, k4abt_tracker_configuration_t)[m[K’:
[0.923s] [01m[K/home/robogait/azure_kinect_ws/src/kinect_azure_body_tracker/src/csvProcessing.cpp:131:8:[m[K [01;31m[Kerror: [m[K‘[01m[KdeleteExistingFile[m[K’ was not declared in this scope
[0.923s]   131 |     if([01;31m[KdeleteExistingFile[m[K){
[0.923s]       |        [01;31m[K^~~~~~~~~~~~~~~~~~[m[K
[0.924s] [01m[K/home/robogait/azure_kinect_ws/src/kinect_azure_body_tracker/src/csvProcessing.cpp:[m[K In function ‘[01m[Kint processVideo(const char*, const char*, bool)[m[K’:
[0.924s] [01m[K/home/robogait/azure_kinect_ws/src/kinect_azure_body_tracker/src/csvProcessing.cpp:191:72:[m[K [01;35m[Kwarning: [m[Kunused parameter ‘[01m[KdeleteExistingFile[m[K’ [[01;35m[K-Wunused-parameter[m[K]
[0.925s]   191 | int processVideo(const char* input_path, const char* output_path, [01;35m[Kbool deleteExistingFile[m[K)
[0.925s]       |                                                                   [01;35m[K~~~~~^~~~~~~~~~~~~~~~~~[m[K
[0.929s] [01m[K/home/robogait/azure_kinect_ws/src/kinect_azure_body_tracker/src/kinectAzure_body_tracker_node_full_processing.cpp:[m[K In constructor ‘[01m[KMinimalPublisher::MinimalPublisher()[m[K’:
[0.929s] [01m[K/home/robogait/azure_kinect_ws/src/kinect_azure_body_tracker/src/kinectAzure_body_tracker_node_full_processing.cpp:47:45:[m[K [01;31m[Kerror: [m[Ktoo few arguments to function ‘[01m[Kint processVideo(const char*, const char*, bool)[m[K’
[0.929s]    47 |   processVideo(recordingName, processingName[01;31m[K)[m[K;
[0.929s]       |                                             [01;31m[K^[m[K
[0.929s] In file included from [01m[K/home/robogait/azure_kinect_ws/src/kinect_azure_body_tracker/src/kinectAzure_body_tracker_node_full_processing.cpp:23[m[K:
[0.930s] [01m[K/home/robogait/azure_kinect_ws/src/kinect_azure_body_tracker/src/csvProcessing.cpp:191:5:[m[K [01;36m[Knote: [m[Kdeclared here
[0.930s]   191 | int [01;36m[KprocessVideo[m[K(const char* input_path, const char* output_path, bool deleteExistingFile)
[0.930s]       |     [01;36m[K^~~~~~~~~~~~[m[K
[1.450s] At global scope:
[1.450s] [01m[Kcc1plus:[m[K [01;35m[Kwarning: [m[Kunrecognized command line option ‘[01m[K-Wno-dev[m[K’
[1.457s] make[2]: *** [CMakeFiles/kinect_azure_body_tracker_node_full_processing.dir/build.make:63: CMakeFiles/kinect_azure_body_tracker_node_full_processing.dir/src/kinectAzure_body_tracker_node_full_processing.cpp.o] Error 1
[1.457s] make[1]: *** [CMakeFiles/Makefile2:86: CMakeFiles/kinect_azure_body_tracker_node_full_processing.dir/all] Error 2
[1.457s] make: *** [Makefile:141: all] Error 2
[1.459s] Invoked command in '/home/robogait/azure_kinect_ws/build/kinect_azure_body_tracker' returned '2': CMAKE_PREFIX_PATH=${CMAKE_PREFIX_PATH}:/home/robogait/nav2_ws/install/nav2_gazebo_spawner:/home/robogait/ros2_serial/install/ourbotmanager:/home/robogait/ros2_ws/install/nav2_project:/opt/ros/foxy /usr/bin/cmake --build /home/robogait/azure_kinect_ws/build/kinect_azure_body_tracker -- -j8 -l8
