[0.010s] Invoking command in '/home/robogait/azure_kinect_ws/build/body_tracking': CMAKE_PREFIX_PATH=${CMAKE_PREFIX_PATH}:/home/robogait/ros2_serial/install/ourbotmanager:/opt/ros/foxy /usr/bin/cmake --build /home/robogait/azure_kinect_ws/build/body_tracking -- -j8 -l8
[0.029s] -- Found ament_cmake: 0.9.9 (/opt/ros/foxy/share/ament_cmake/cmake)
[0.043s] -- Found PythonInterp: /usr/bin/python3 (found suitable version "3.8.10", minimum required is "3") 
[0.043s] -- Using PYTHON_EXECUTABLE: /usr/bin/python3
[0.143s] -- Found rclcpp: 2.4.1 (/opt/ros/foxy/share/rclcpp/cmake)
[0.162s] -- Using all available rosidl_typesupport_c: rosidl_typesupport_fastrtps_c;rosidl_typesupport_introspection_c
[0.164s] -- Found rosidl_adapter: 1.2.1 (/opt/ros/foxy/share/rosidl_adapter/cmake)
[0.235s] -- Using all available rosidl_typesupport_cpp: rosidl_typesupport_fastrtps_cpp;rosidl_typesupport_introspection_cpp
[0.263s] -- Found rmw_implementation_cmake: 1.0.3 (/opt/ros/foxy/share/rmw_implementation_cmake/cmake)
[0.264s] -- Using RMW implementation 'rmw_fastrtps_cpp' as default
[0.347s] -- Found body_tracking: 0.0.0 (/home/robogait/azure_kinect_ws/install/body_tracking/share/body_tracking/cmake)
[0.350s] -- Found rosidl_default_generators: 1.0.1 (/opt/ros/foxy/share/rosidl_default_generators/cmake)
[0.373s] -- Found PythonInterp: /usr/bin/python3 (found version "3.8.10") 
[0.442s] -- Found ament_cmake_ros: 0.9.2 (/opt/ros/foxy/share/ament_cmake_ros/cmake)
[0.498s] -- Using all available rosidl_typesupport_c: rosidl_typesupport_fastrtps_c;rosidl_typesupport_introspection_c
[0.501s] -- Using all available rosidl_typesupport_cpp: rosidl_typesupport_fastrtps_cpp;rosidl_typesupport_introspection_cpp
[0.516s] -- Found PythonInterp: /usr/bin/python3 (found suitable version "3.8.10", minimum required is "3.5") 
[0.516s] -- Found python_cmake_module: 0.8.1 (/opt/ros/foxy/share/python_cmake_module/cmake)
[0.530s] -- Using PYTHON_EXECUTABLE: /usr/bin/python3
[0.530s] -- Using PYTHON_INCLUDE_DIRS: /usr/include/python3.8
[0.530s] -- Using PYTHON_LIBRARIES: /usr/lib/x86_64-linux-gnu/libpython3.8.so
[0.539s] -- Found ament_lint_auto: 0.9.6 (/opt/ros/foxy/share/ament_lint_auto/cmake)
[0.544s] -- Added test 'copyright' to check source files copyright and LICENSE
[0.545s] -- Added test 'cppcheck' to perform static code analysis on C / C++ code
[0.546s] -- Configured cppcheck include dirs: $<BUILD_INTERFACE:/home/robogait/azure_kinect_ws/src/body_tracking/include>
[0.546s] -- Configured cppcheck exclude dirs and/or files: 
[0.546s] -- Added test 'cpplint' to check C / C++ code against the Google style
[0.546s] -- Configured cpplint exclude dirs and/or files: 
[0.547s] -- Added test 'lint_cmake' to check CMake code style
[0.547s] -- Added test 'uncrustify' to check C / C++ code style
[0.548s] -- Configured uncrustify additional arguments: 
[0.548s] -- Added test 'xmllint' to check XML markup files
[0.550s] -- Configuring done
[0.552s] CMake Error at CMakeLists.txt:46 (add_executable):
[0.552s]   Target "prueba_talker" links to target "body_tracking::hip_coordinates" but
[0.552s]   the target was not found.  Perhaps a find_package() call is missing for an
[0.552s]   IMPORTED target, or an ALIAS target is missing?
[0.552s] 
[0.552s] 
[0.571s] -- Generating done
[0.573s] CMake Generate step failed.  Build files cannot be regenerated correctly.
[0.578s] make: *** [Makefile:924: cmake_check_build_system] Error 1
[0.580s] Invoked command in '/home/robogait/azure_kinect_ws/build/body_tracking' returned '2': CMAKE_PREFIX_PATH=${CMAKE_PREFIX_PATH}:/home/robogait/ros2_serial/install/ourbotmanager:/opt/ros/foxy /usr/bin/cmake --build /home/robogait/azure_kinect_ws/build/body_tracking -- -j8 -l8
