[0.026s] Invoking command in '/home/robogait/azure_kinect_ws/build/body_tracking': CMAKE_PREFIX_PATH=${CMAKE_PREFIX_PATH}:/home/robogait/nav2_ws/install/nav2_gazebo_spawner:/home/robogait/ros2_serial/install/ourbotmanager:/home/robogait/ros2_ws/install/nav2_project:/opt/ros/foxy /usr/bin/cmake --build /home/robogait/azure_kinect_ws/build/body_tracking -- -j8 -l8
[0.063s] [35m[1mScanning dependencies of target body_tracking_recording_node[0m
[0.089s] [ 50%] Built target body_tracking_node
[0.099s] [ 75%] [32mBuilding CXX object CMakeFiles/body_tracking_recording_node.dir/src/kinectAzure_body_tracker_node_plus_recording.cpp.o[0m
[0.875s] [01m[K/home/robogait/azure_kinect_ws/src/body_tracking/src/kinectAzure_body_tracker_node_plus_recording.cpp:[m[K In member function ‘[01m[Kvoid MinimalPublisher::body_tracking()[m[K’:
[0.875s] [01m[K/home/robogait/azure_kinect_ws/src/body_tracking/src/kinectAzure_body_tracker_node_plus_recording.cpp:149:26:[m[K [01;31m[Kerror: [m[K‘[01m[Kt_diff[m[K’ was not declared in this scope
[0.875s]   149 |   skeleton_data.tiempo = [01;31m[Kt_diff[m[K * 0.000000001;
[0.875s]       |                          [01;31m[K^~~~~~[m[K
[0.881s] [01m[K/home/robogait/azure_kinect_ws/src/body_tracking/src/kinectAzure_body_tracker_node_plus_recording.cpp:[m[K In member function ‘[01m[Kvoid MinimalPublisher::Init()[m[K’:
[0.882s] [01m[K/home/robogait/azure_kinect_ws/src/body_tracking/src/kinectAzure_body_tracker_node_plus_recording.cpp:309:3:[m[K [01;31m[Kerror: [m[K‘[01m[Kt_diff[m[K’ was not declared in this scope
[0.882s]   309 |   [01;31m[Kt_diff[m[K = 0;
[0.882s]       |   [01;31m[K^~~~~~[m[K
[0.882s] [01m[K/home/robogait/azure_kinect_ws/src/body_tracking/src/kinectAzure_body_tracker_node_plus_recording.cpp:[m[K In member function ‘[01m[Kvoid MinimalPublisher::close()[m[K’:
[0.882s] [01m[K/home/robogait/azure_kinect_ws/src/body_tracking/src/kinectAzure_body_tracker_node_plus_recording.cpp:352:36:[m[K [01;35m[Kwarning: [m[Kformat ‘[01m[K%ld[m[K’ expects argument of type ‘[01m[Klong int[m[K’, but argument 2 has type ‘[01m[Kdouble[m[K’ [[01;35m[K-Wformat=[m[K]
[0.882s]   352 |   printf("Recording time spent = [01;35m[K%ld[m[K\n", [32m[Kelapsed_time[m[K);
[0.882s]       |                                  [01;35m[K~~^[m[K     [32m[K~~~~~~~~~~~~[m[K
[0.882s]       |                                    [01;35m[K|[m[K     [32m[K|[m[K
[0.882s]       |                                    [01;35m[K|[m[K     [32m[Kdouble[m[K
[0.882s]       |                                    [01;35m[Klong int[m[K
[0.882s]       |                                  [32m[K%f[m[K
[1.396s] At global scope:
[1.396s] [01m[Kcc1plus:[m[K [01;35m[Kwarning: [m[Kunrecognized command line option ‘[01m[K-Wno-dev[m[K’
[1.403s] make[2]: *** [CMakeFiles/body_tracking_recording_node.dir/build.make:63: CMakeFiles/body_tracking_recording_node.dir/src/kinectAzure_body_tracker_node_plus_recording.cpp.o] Error 1
[1.403s] make[1]: *** [CMakeFiles/Makefile2:80: CMakeFiles/body_tracking_recording_node.dir/all] Error 2
[1.403s] make: *** [Makefile:141: all] Error 2
[1.405s] Invoked command in '/home/robogait/azure_kinect_ws/build/body_tracking' returned '2': CMAKE_PREFIX_PATH=${CMAKE_PREFIX_PATH}:/home/robogait/nav2_ws/install/nav2_gazebo_spawner:/home/robogait/ros2_serial/install/ourbotmanager:/home/robogait/ros2_ws/install/nav2_project:/opt/ros/foxy /usr/bin/cmake --build /home/robogait/azure_kinect_ws/build/body_tracking -- -j8 -l8
