-- Found ament_cmake: 0.9.9 (/opt/ros/foxy/share/ament_cmake/cmake)
-- Using PYTHON_EXECUTABLE: /usr/bin/python3
-- Found rclcpp: 2.4.1 (/opt/ros/foxy/share/rclcpp/cmake)
-- Using all available rosidl_typesupport_c: rosidl_typesupport_fastrtps_c;rosidl_typesupport_introspection_c
-- Found rosidl_adapter: 1.2.1 (/opt/ros/foxy/share/rosidl_adapter/cmake)
-- Using all available rosidl_typesupport_cpp: rosidl_typesupport_fastrtps_cpp;rosidl_typesupport_introspection_cpp
-- Found rmw_implementation_cmake: 1.0.3 (/opt/ros/foxy/share/rmw_implementation_cmake/cmake)
-- Using RMW implementation 'rmw_fastrtps_cpp' as default
-- Found geometry_msgs: 2.0.5 (/opt/ros/foxy/share/geometry_msgs/cmake)
-- Found body_tracker_msgs: 0.0.0 (/home/robogait/azure_kinect_ws/install/body_tracker_msgs/share/body_tracker_msgs/cmake)
-- Found rosidl_default_generators: 1.0.1 (/opt/ros/foxy/share/rosidl_default_generators/cmake)
-- Found ament_lint_auto: 0.9.6 (/opt/ros/foxy/share/ament_lint_auto/cmake)
-- Added test 'copyright' to check source files copyright and LICENSE
-- Added test 'cppcheck' to perform static code analysis on C / C++ code
-- Configured cppcheck include dirs: 
-- Configured cppcheck exclude dirs and/or files: 
-- Added test 'cpplint' to check C / C++ code against the Google style
-- Configured cpplint exclude dirs and/or files: 
-- Added test 'lint_cmake' to check CMake code style
-- Added test 'uncrustify' to check C / C++ code style
-- Configured uncrustify additional arguments: 
-- Added test 'xmllint' to check XML markup files
-- Configuring done
-- Generating done
-- Build files have been written to: /home/robogait/azure_kinect_ws/build/kinect_azure_body_tracker
[35m[1mScanning dependencies of target kinect_azure_body_tracker_recording_node_simplified[0m
[35m[1mScanning dependencies of target kinect_azure_body_tracker_node_full_processing[0m
[ 14%] Built target kinect_azure_body_tracker_recording_node
[ 21%] [32mBuilding CXX object CMakeFiles/kinect_azure_body_tracker_recording_node_simplified.dir/src/kinectAzure_body_tracker_node_plus_recording_simplified.cpp.o[0m
[ 35%] Built target kinect_azure_body_tracker_node_simplified
[ 50%] Built target kinect_azure_body_tracker_node_finite
[ 78%] Built target kinect_azure_body_tracker_node_plus_recording_test
[ 78%] Built target kinect_azure_body_tracker_node
[ 85%] [32mBuilding CXX object CMakeFiles/kinect_azure_body_tracker_node_full_processing.dir/src/kinectAzure_body_tracker_node_full_processing.cpp.o[0m
[01m[K/home/robogait/azure_kinect_ws/src/kinect_azure_body_tracker/src/kinectAzure_body_tracker_node_plus_recording_simplified.cpp:[m[K In member function ‘[01m[Kvoid MinimalPublisher::Init()[m[K’:
[01m[K/home/robogait/azure_kinect_ws/src/kinect_azure_body_tracker/src/kinectAzure_body_tracker_node_plus_recording_simplified.cpp:184:3:[m[K [01;31m[Kerror: [m[K‘[01m[Kstringstream[m[K’ was not declared in this scope; did you mean ‘[01m[Kstd::stringstream[m[K’?
  184 |   [01;31m[Kstringstream[m[K ss;
      |   [01;31m[K^~~~~~~~~~~~[m[K
      |   [32m[Kstd::stringstream[m[K
In file included from [01m[K/usr/include/c++/9/memory:72[m[K,
                 from [01m[K/home/robogait/azure_kinect_ws/src/kinect_azure_body_tracker/src/kinectAzure_body_tracker_node_plus_recording_simplified.cpp:15[m[K:
[01m[K/usr/include/c++/9/iosfwd:156:37:[m[K [01;36m[Knote: [m[K‘[01m[Kstd::stringstream[m[K’ declared here
  156 |   typedef basic_stringstream<char>  [01;36m[Kstringstream[m[K;
      |                                     [01;36m[K^~~~~~~~~~~~[m[K
[01m[K/home/robogait/azure_kinect_ws/src/kinect_azure_body_tracker/src/kinectAzure_body_tracker_node_plus_recording_simplified.cpp:185:3:[m[K [01;31m[Kerror: [m[K‘[01m[Kss[m[K’ was not declared in this scope
  185 |   [01;31m[Kss[m[K << std::put_time(std::localtime(&in_time_t), "_%Y_%m_%d_%X");
      |   [01;31m[K^~[m[K
[01m[K/home/robogait/azure_kinect_ws/src/kinect_azure_body_tracker/src/kinectAzure_body_tracker_node_plus_recording_simplified.cpp:185:14:[m[K [01;31m[Kerror: [m[K‘[01m[Kput_time[m[K’ is not a member of ‘[01m[Kstd[m[K’
  185 |   ss << std::[01;31m[Kput_time[m[K(std::localtime(&in_time_t), "_%Y_%m_%d_%X");
      |              [01;31m[K^~~~~~~~[m[K
[01m[K/home/robogait/azure_kinect_ws/src/kinect_azure_body_tracker/src/kinectAzure_body_tracker_node_plus_recording_simplified.cpp:186:11:[m[K [01;31m[Kerror: [m[K‘[01m[KcsvFullPath[m[K’ was not declared in this scope
  186 |   sprintf([01;31m[KcsvFullPath[m[K, "%s%s.csv", output_path, ss.str().c_str());
      |           [01;31m[K^~~~~~~~~~~[m[K
[01m[K/home/robogait/azure_kinect_ws/src/kinect_azure_body_tracker/src/kinectAzure_body_tracker_node_plus_recording_simplified.cpp:186:36:[m[K [01;31m[Kerror: [m[K‘[01m[Koutput_path[m[K’ was not declared in this scope
  186 |   sprintf(csvFullPath, "%s%s.csv", [01;31m[Koutput_path[m[K, ss.str().c_str());
      |                                    [01;31m[K^~~~~~~~~~~[m[K
At global scope:
[01m[Kcc1plus:[m[K [01;35m[Kwarning: [m[Kunrecognized command line option ‘[01m[K-Wno-dev[m[K’
make[2]: *** [CMakeFiles/kinect_azure_body_tracker_recording_node_simplified.dir/build.make:63: CMakeFiles/kinect_azure_body_tracker_recording_node_simplified.dir/src/kinectAzure_body_tracker_node_plus_recording_simplified.cpp.o] Error 1
make[1]: *** [CMakeFiles/Makefile2:225: CMakeFiles/kinect_azure_body_tracker_recording_node_simplified.dir/all] Error 2
make[1]: *** Waiting for unfinished jobs....
[ 92%] [32m[1mLinking CXX executable kinect_azure_body_tracker_node_full_processing[0m
[ 92%] Built target kinect_azure_body_tracker_node_full_processing
make: *** [Makefile:141: all] Error 2
