[0.025s] Invoking command in '/home/robogait/azure_kinect_ws/build/body_tracking': CMAKE_PREFIX_PATH=${CMAKE_PREFIX_PATH}:/home/robogait/ros2_ws/install/nav2_project:/home/robogait/nav2_ws/install/nav2_gazebo_spawner:/home/robogait/ros2_serial/install/ourbotmanager:/opt/ros/foxy /usr/bin/cmake --build /home/robogait/azure_kinect_ws/build/body_tracking -- -j8 -l8
[0.048s] -- Found ament_cmake: 0.9.9 (/opt/ros/foxy/share/ament_cmake/cmake)
[0.073s] -- Using PYTHON_EXECUTABLE: /usr/bin/python3
[0.201s] -- Override CMake install command with custom implementation using symlinks instead of copying resources
[0.206s] -- Found rclcpp: 2.4.1 (/opt/ros/foxy/share/rclcpp/cmake)
[0.232s] -- Using all available rosidl_typesupport_c: rosidl_typesupport_fastrtps_c;rosidl_typesupport_introspection_c
[0.234s] -- Found rosidl_adapter: 1.2.1 (/opt/ros/foxy/share/rosidl_adapter/cmake)
[0.335s] -- Using all available rosidl_typesupport_cpp: rosidl_typesupport_fastrtps_cpp;rosidl_typesupport_introspection_cpp
[0.372s] -- Found rmw_implementation_cmake: 1.0.3 (/opt/ros/foxy/share/rmw_implementation_cmake/cmake)
[0.374s] -- Using RMW implementation 'rmw_fastrtps_cpp' as default
[0.460s] -- Found geometry_msgs: 2.0.5 (/opt/ros/foxy/share/geometry_msgs/cmake)
[0.479s] -- Found body_tracker_msgs: 0.0.0 (/home/robogait/azure_kinect_ws/install/body_tracker_msgs/share/body_tracker_msgs/cmake)
[0.513s] -- Found rosidl_default_generators: 1.0.1 (/opt/ros/foxy/share/rosidl_default_generators/cmake)
[0.529s] -- Found ament_lint_auto: 0.9.6 (/opt/ros/foxy/share/ament_lint_auto/cmake)
[0.564s] WARNING: Package name "kinectAzure_body_tracker" does not follow the naming conventions. It should start with a lower case letter and only contain lower case letters, digits, underscores, and dashes.
[0.574s] -- Added test 'copyright' to check source files copyright and LICENSE
[0.575s] -- Added test 'cppcheck' to perform static code analysis on C / C++ code
[0.575s] -- Configured cppcheck include dirs: 
[0.575s] -- Configured cppcheck exclude dirs and/or files: 
[0.576s] -- Added test 'cpplint' to check C / C++ code against the Google style
[0.576s] -- Configured cpplint exclude dirs and/or files: 
[0.576s] -- Added test 'lint_cmake' to check CMake code style
[0.577s] -- Added test 'uncrustify' to check C / C++ code style
[0.577s] -- Configured uncrustify additional arguments: 
[0.577s] -- Added test 'xmllint' to check XML markup files
[0.579s] -- Configuring done
[0.586s] -- Generating done
[0.587s] -- Build files have been written to: /home/robogait/azure_kinect_ws/build/body_tracking
[0.609s] [35m[1mScanning dependencies of target kinectAzure_body_tracker_recording_node[0m
[0.609s] [35m[1mScanning dependencies of target kinectAzure_body_tracker_node[0m
[0.634s] [32mBuilding CXX object CMakeFiles/kinectAzure_body_tracker_recording_node.dir/src/kinectAzure_body_tracker_node_plus_recording.cpp.o[0m
[0.634s] [32mBuilding CXX object CMakeFiles/kinectAzure_body_tracker_node.dir/src/kinectAzure_body_tracker_node.cpp.o[0m
[2.450s] [32m[1mLinking CXX executable kinectAzure_body_tracker_recording_node[0m
[2.463s] [32m[1mLinking CXX executable kinectAzure_body_tracker_node[0m
[2.563s] Built target kinectAzure_body_tracker_recording_node
[2.574s] Built target kinectAzure_body_tracker_node
