[ 33%] Built target kinect_azure_body_tracker_node
[ 66%] Built target kinect_azure_body_tracker_recording_node
[100%] Built target kinect_azure_body_tracker_node_simplified
-- Install configuration: ""
-- Installing: /home/robogait/azure_kinect_ws/install/kinect_azure_body_tracker/lib/kinect_azure_body_tracker/kinect_azure_body_tracker_node
-- Set runtime path of "/home/robogait/azure_kinect_ws/install/kinect_azure_body_tracker/lib/kinect_azure_body_tracker/kinect_azure_body_tracker_node" to ""
-- Installing: /home/robogait/azure_kinect_ws/install/kinect_azure_body_tracker/lib/kinect_azure_body_tracker/kinect_azure_body_tracker_recording_node
-- Set runtime path of "/home/robogait/azure_kinect_ws/install/kinect_azure_body_tracker/lib/kinect_azure_body_tracker/kinect_azure_body_tracker_recording_node" to ""
-- Up-to-date: /home/robogait/azure_kinect_ws/install/kinect_azure_body_tracker/lib/kinect_azure_body_tracker/kinect_azure_body_tracker_node
-- Up-to-date: /home/robogait/azure_kinect_ws/install/kinect_azure_body_tracker/lib/kinect_azure_body_tracker/kinect_azure_body_tracker_recording_node
-- Installing: /home/robogait/azure_kinect_ws/install/kinect_azure_body_tracker/lib/kinect_azure_body_tracker/kinect_azure_body_tracker_node_simplified
-- Set runtime path of "/home/robogait/azure_kinect_ws/install/kinect_azure_body_tracker/lib/kinect_azure_body_tracker/kinect_azure_body_tracker_node_simplified" to ""
-- Up-to-date: /home/robogait/azure_kinect_ws/install/kinect_azure_body_tracker/share/ament_index/resource_index/package_run_dependencies/kinect_azure_body_tracker
-- Installing: /home/robogait/azure_kinect_ws/install/kinect_azure_body_tracker/share/ament_index/resource_index/parent_prefix_path/kinect_azure_body_tracker
-- Up-to-date: /home/robogait/azure_kinect_ws/install/kinect_azure_body_tracker/share/kinect_azure_body_tracker/environment/ament_prefix_path.sh
-- Installing: /home/robogait/azure_kinect_ws/install/kinect_azure_body_tracker/share/kinect_azure_body_tracker/environment/ament_prefix_path.dsv
-- Up-to-date: /home/robogait/azure_kinect_ws/install/kinect_azure_body_tracker/share/kinect_azure_body_tracker/environment/path.sh
-- Installing: /home/robogait/azure_kinect_ws/install/kinect_azure_body_tracker/share/kinect_azure_body_tracker/environment/path.dsv
-- Up-to-date: /home/robogait/azure_kinect_ws/install/kinect_azure_body_tracker/share/kinect_azure_body_tracker/local_setup.bash
-- Up-to-date: /home/robogait/azure_kinect_ws/install/kinect_azure_body_tracker/share/kinect_azure_body_tracker/local_setup.sh
-- Up-to-date: /home/robogait/azure_kinect_ws/install/kinect_azure_body_tracker/share/kinect_azure_body_tracker/local_setup.zsh
-- Installing: /home/robogait/azure_kinect_ws/install/kinect_azure_body_tracker/share/kinect_azure_body_tracker/local_setup.dsv
-- Installing: /home/robogait/azure_kinect_ws/install/kinect_azure_body_tracker/share/kinect_azure_body_tracker/package.dsv
-- Up-to-date: /home/robogait/azure_kinect_ws/install/kinect_azure_body_tracker/share/ament_index/resource_index/packages/kinect_azure_body_tracker
-- Up-to-date: /home/robogait/azure_kinect_ws/install/kinect_azure_body_tracker/share/kinect_azure_body_tracker/cmake/kinect_azure_body_trackerConfig.cmake
-- Up-to-date: /home/robogait/azure_kinect_ws/install/kinect_azure_body_tracker/share/kinect_azure_body_tracker/cmake/kinect_azure_body_trackerConfig-version.cmake
-- Up-to-date: /home/robogait/azure_kinect_ws/install/kinect_azure_body_tracker/share/kinect_azure_body_tracker/package.xml
