[0.021s] Invoking command in '/home/robogait/azure_kinect_ws/build/kinect_azure_body_tracker': CMAKE_PREFIX_PATH=${CMAKE_PREFIX_PATH}:/home/robogait/nav2_ws/install/nav2_gazebo_spawner:/home/robogait/ros2_serial/install/ourbotmanager:/home/robogait/ros2_ws/install/nav2_project:/opt/ros/foxy /usr/bin/cmake --build /home/robogait/azure_kinect_ws/build/kinect_azure_body_tracker -- -j8 -l8
[0.064s] [35m[1mScanning dependencies of target kinect_azure_body_tracker_node_full_processing[0m
[0.090s] [ 20%] Built target kinect_azure_body_tracker_recording_node
[0.090s] [ 40%] Built target kinect_azure_body_tracker_node
[0.104s] [ 50%] [32mBuilding CXX object CMakeFiles/kinect_azure_body_tracker_node_full_processing.dir/src/kinectAzure_body_tracker_node_full_processing.cpp.o[0m
[0.110s] [ 70%] Built target kinect_azure_body_tracker_recording_node_simplified
[0.110s] [ 90%] Built target kinect_azure_body_tracker_node_simplified
[0.907s] In file included from [01m[K/home/robogait/azure_kinect_ws/src/kinect_azure_body_tracker/src/kinectAzure_body_tracker_node_full_processing.cpp:23[m[K:
[0.908s] [01m[K/home/robogait/azure_kinect_ws/src/kinect_azure_body_tracker/src/csvProcessing.cpp:[m[K In function ‘[01m[Kbool predict_joints(char*, int, int, k4abt_tracker_t, k4a_capture_t)[m[K’:
[0.908s] [01m[K/home/robogait/azure_kinect_ws/src/kinect_azure_body_tracker/src/csvProcessing.cpp:56:9:[m[K [01;31m[Kerror: [m[K‘[01m[KVERIFY[m[K’ was not declared in this scope
[0.908s]    56 |         [01;31m[KVERIFY[m[K(k4abt_frame_get_body_skeleton(body_frame, i, &skeleton), "Get body from body frame failed!");
[0.908s]       |         [01;31m[K^~~~~~[m[K
[0.912s] [01m[K/home/robogait/azure_kinect_ws/src/kinect_azure_body_tracker/src/csvProcessing.cpp:57:13:[m[K [01;35m[Kwarning: [m[Kunused variable ‘[01m[Kbody_id[m[K’ [[01;35m[K-Wunused-variable[m[K]
[0.912s]    57 |         int [01;35m[Kbody_id[m[K = k4abt_frame_get_body_id(body_frame, i);
[0.912s]       |             [01;35m[K^~~~~~~[m[K
[0.912s] In file included from [01m[K/home/robogait/azure_kinect_ws/src/kinect_azure_body_tracker/src/kinectAzure_body_tracker_node_full_processing.cpp:23[m[K:
[0.912s] [01m[K/home/robogait/azure_kinect_ws/src/kinect_azure_body_tracker/src/csvProcessing.cpp:34:14:[m[K [01;35m[Kwarning: [m[Kunused variable ‘[01m[Knum_bodies[m[K’ [[01;35m[K-Wunused-variable[m[K]
[0.912s]    34 |     uint32_t [01;35m[Knum_bodies[m[K = k4abt_frame_get_num_bodies(body_frame);
[0.912s]       |              [01;35m[K^~~~~~~~~~[m[K
[0.912s] [01m[K/home/robogait/azure_kinect_ws/src/kinect_azure_body_tracker/src/csvProcessing.cpp:17:44:[m[K [01;35m[Kwarning: [m[Kunused parameter ‘[01m[Kframe_count[m[K’ [[01;35m[K-Wunused-parameter[m[K]
[0.912s]    17 | bool predict_joints(char* myfile_name, [01;35m[Kint frame_count[m[K, int cabecera, k4abt_tracker_t tracker, k4a_capture_t capture_handle)
[0.913s]       |                                        [01;35m[K~~~~^~~~~~~~~~~[m[K
[1.443s] At global scope:
[1.443s] [01m[Kcc1plus:[m[K [01;35m[Kwarning: [m[Kunrecognized command line option ‘[01m[K-Wno-dev[m[K’
[1.450s] make[2]: *** [CMakeFiles/kinect_azure_body_tracker_node_full_processing.dir/build.make:63: CMakeFiles/kinect_azure_body_tracker_node_full_processing.dir/src/kinectAzure_body_tracker_node_full_processing.cpp.o] Error 1
[1.450s] make[1]: *** [CMakeFiles/Makefile2:86: CMakeFiles/kinect_azure_body_tracker_node_full_processing.dir/all] Error 2
[1.450s] make: *** [Makefile:141: all] Error 2
[1.452s] Invoked command in '/home/robogait/azure_kinect_ws/build/kinect_azure_body_tracker' returned '2': CMAKE_PREFIX_PATH=${CMAKE_PREFIX_PATH}:/home/robogait/nav2_ws/install/nav2_gazebo_spawner:/home/robogait/ros2_serial/install/ourbotmanager:/home/robogait/ros2_ws/install/nav2_project:/opt/ros/foxy /usr/bin/cmake --build /home/robogait/azure_kinect_ws/build/kinect_azure_body_tracker -- -j8 -l8
