[0.019s] Invoking command in '/home/robogait/azure_kinect_ws/build/kinect_azure_body_tracker': CMAKE_PREFIX_PATH=${CMAKE_PREFIX_PATH}:/home/robogait/nav2_ws/install/nav2_gazebo_spawner:/home/robogait/ros2_serial/install/ourbotmanager:/home/robogait/ros2_ws/install/nav2_project:/opt/ros/foxy /usr/bin/cmake --build /home/robogait/azure_kinect_ws/build/kinect_azure_body_tracker -- -j8 -l8
[0.062s] [35m[1mScanning dependencies of target kinect_azure_body_tracker_recording_node[0m
[0.084s] [ 33%] Built target kinect_azure_body_tracker_node_simplified
[0.085s] [ 66%] Built target kinect_azure_body_tracker_node
[0.096s] [ 83%] [32mBuilding CXX object CMakeFiles/kinect_azure_body_tracker_recording_node.dir/src/kinectAzure_body_tracker_node_plus_recording_simplified.cpp.o[0m
[1.819s] [100%] [32m[1mLinking CXX executable kinect_azure_body_tracker_recording_node[0m
[1.923s] [100%] Built target kinect_azure_body_tracker_recording_node
[1.933s] Invoked command in '/home/robogait/azure_kinect_ws/build/kinect_azure_body_tracker' returned '0': CMAKE_PREFIX_PATH=${CMAKE_PREFIX_PATH}:/home/robogait/nav2_ws/install/nav2_gazebo_spawner:/home/robogait/ros2_serial/install/ourbotmanager:/home/robogait/ros2_ws/install/nav2_project:/opt/ros/foxy /usr/bin/cmake --build /home/robogait/azure_kinect_ws/build/kinect_azure_body_tracker -- -j8 -l8
[1.978s] Invoking command in '/home/robogait/azure_kinect_ws/build/kinect_azure_body_tracker': CMAKE_PREFIX_PATH=${CMAKE_PREFIX_PATH}:/home/robogait/nav2_ws/install/nav2_gazebo_spawner:/home/robogait/ros2_serial/install/ourbotmanager:/home/robogait/ros2_ws/install/nav2_project:/opt/ros/foxy /usr/bin/cmake --install /home/robogait/azure_kinect_ws/build/kinect_azure_body_tracker
[1.987s] -- Install configuration: ""
[1.987s] -- Up-to-date: /home/robogait/azure_kinect_ws/install/kinect_azure_body_tracker/lib/kinect_azure_body_tracker/kinect_azure_body_tracker_node
[1.987s] -- Installing: /home/robogait/azure_kinect_ws/install/kinect_azure_body_tracker/lib/kinect_azure_body_tracker/kinect_azure_body_tracker_recording_node
[1.988s] -- Set runtime path of "/home/robogait/azure_kinect_ws/install/kinect_azure_body_tracker/lib/kinect_azure_body_tracker/kinect_azure_body_tracker_recording_node" to ""
[1.988s] -- Up-to-date: /home/robogait/azure_kinect_ws/install/kinect_azure_body_tracker/lib/kinect_azure_body_tracker/kinect_azure_body_tracker_node
[1.988s] -- Up-to-date: /home/robogait/azure_kinect_ws/install/kinect_azure_body_tracker/lib/kinect_azure_body_tracker/kinect_azure_body_tracker_recording_node
[1.988s] -- Up-to-date: /home/robogait/azure_kinect_ws/install/kinect_azure_body_tracker/lib/kinect_azure_body_tracker/kinect_azure_body_tracker_node_simplified
[1.988s] -- Up-to-date: /home/robogait/azure_kinect_ws/install/kinect_azure_body_tracker/share/ament_index/resource_index/package_run_dependencies/kinect_azure_body_tracker
[1.988s] -- Up-to-date: /home/robogait/azure_kinect_ws/install/kinect_azure_body_tracker/share/ament_index/resource_index/parent_prefix_path/kinect_azure_body_tracker
[1.988s] -- Up-to-date: /home/robogait/azure_kinect_ws/install/kinect_azure_body_tracker/share/kinect_azure_body_tracker/environment/ament_prefix_path.sh
[1.988s] -- Up-to-date: /home/robogait/azure_kinect_ws/install/kinect_azure_body_tracker/share/kinect_azure_body_tracker/environment/ament_prefix_path.dsv
[1.988s] -- Up-to-date: /home/robogait/azure_kinect_ws/install/kinect_azure_body_tracker/share/kinect_azure_body_tracker/environment/path.sh
[1.989s] -- Up-to-date: /home/robogait/azure_kinect_ws/install/kinect_azure_body_tracker/share/kinect_azure_body_tracker/environment/path.dsv
[1.989s] -- Up-to-date: /home/robogait/azure_kinect_ws/install/kinect_azure_body_tracker/share/kinect_azure_body_tracker/local_setup.bash
[1.989s] -- Up-to-date: /home/robogait/azure_kinect_ws/install/kinect_azure_body_tracker/share/kinect_azure_body_tracker/local_setup.sh
[1.989s] -- Up-to-date: /home/robogait/azure_kinect_ws/install/kinect_azure_body_tracker/share/kinect_azure_body_tracker/local_setup.zsh
[1.989s] -- Up-to-date: /home/robogait/azure_kinect_ws/install/kinect_azure_body_tracker/share/kinect_azure_body_tracker/local_setup.dsv
[1.989s] -- Installing: /home/robogait/azure_kinect_ws/install/kinect_azure_body_tracker/share/kinect_azure_body_tracker/package.dsv
[1.989s] -- Up-to-date: /home/robogait/azure_kinect_ws/install/kinect_azure_body_tracker/share/ament_index/resource_index/packages/kinect_azure_body_tracker
[1.989s] -- Up-to-date: /home/robogait/azure_kinect_ws/install/kinect_azure_body_tracker/share/kinect_azure_body_tracker/cmake/kinect_azure_body_trackerConfig.cmake
[1.989s] -- Up-to-date: /home/robogait/azure_kinect_ws/install/kinect_azure_body_tracker/share/kinect_azure_body_tracker/cmake/kinect_azure_body_trackerConfig-version.cmake
[1.989s] -- Up-to-date: /home/robogait/azure_kinect_ws/install/kinect_azure_body_tracker/share/kinect_azure_body_tracker/package.xml
[1.991s] Invoked command in '/home/robogait/azure_kinect_ws/build/kinect_azure_body_tracker' returned '0': CMAKE_PREFIX_PATH=${CMAKE_PREFIX_PATH}:/home/robogait/nav2_ws/install/nav2_gazebo_spawner:/home/robogait/ros2_serial/install/ourbotmanager:/home/robogait/ros2_ws/install/nav2_project:/opt/ros/foxy /usr/bin/cmake --install /home/robogait/azure_kinect_ws/build/kinect_azure_body_tracker
