[0.029s] Invoking command in '/home/robogait/azure_kinect_ws/build/body_tracker_msgs': CMAKE_PREFIX_PATH=${CMAKE_PREFIX_PATH}:/home/robogait/ros2_ws/install/nav2_project:/home/robogait/nav2_ws/install/nav2_gazebo_spawner:/home/robogait/ros2_serial/install/ourbotmanager:/opt/ros/foxy /usr/bin/cmake --build /home/robogait/azure_kinect_ws/build/body_tracker_msgs -- -j8 -l8
[0.055s] -- Found ament_cmake: 0.9.9 (/opt/ros/foxy/share/ament_cmake/cmake)
[0.081s] -- Found PythonInterp: /usr/bin/python3 (found suitable version "3.8.10", minimum required is "3") 
[0.081s] -- Using PYTHON_EXECUTABLE: /usr/bin/python3
[0.216s] -- Override CMake install command with custom implementation using symlinks instead of copying resources
[0.220s] -- Found rclcpp: 2.4.1 (/opt/ros/foxy/share/rclcpp/cmake)
[0.246s] -- Using all available rosidl_typesupport_c: rosidl_typesupport_fastrtps_c;rosidl_typesupport_introspection_c
[0.248s] -- Found rosidl_adapter: 1.2.1 (/opt/ros/foxy/share/rosidl_adapter/cmake)
[0.346s] -- Using all available rosidl_typesupport_cpp: rosidl_typesupport_fastrtps_cpp;rosidl_typesupport_introspection_cpp
[0.376s] -- Found rmw_implementation_cmake: 1.0.3 (/opt/ros/foxy/share/rmw_implementation_cmake/cmake)
[0.378s] -- Using RMW implementation 'rmw_fastrtps_cpp' as default
[0.465s] -- Found geometry_msgs: 2.0.5 (/opt/ros/foxy/share/geometry_msgs/cmake)
[0.506s] -- Found PythonInterp: /usr/bin/python3 (found version "3.8.10") 
[0.638s] CMake Error at /opt/ros/foxy/share/rosidl_adapter/cmake/rosidl_adapt_interfaces.cmake:60 (message):
[0.638s]   execute_process(/usr/bin/python3 -m rosidl_adapter --package-name
[0.638s]   body_tracker_msgs --arguments-file
[0.638s]   /home/robogait/azure_kinect_ws/build/body_tracker_msgs/rosidl_adapter__arguments__body_tracker_msgs.json
[0.638s]   --output-dir
[0.638s]   /home/robogait/azure_kinect_ws/build/body_tracker_msgs/rosidl_adapter/body_tracker_msgs
[0.638s]   --output-file
[0.639s]   /home/robogait/azure_kinect_ws/build/body_tracker_msgs/rosidl_adapter/body_tracker_msgs.idls)
[0.639s]   returned error code 1:
[0.639s] 
[0.639s]   Error processing 'double tiempo' of 'body_tracker_msgs/SpineBottom':
[0.639s]   ''double' is an invalid message name.  It should have the pattern
[0.639s]   '^[A-Z][A-Za-z0-9]*$''
[0.639s] 
[0.639s]   Traceback (most recent call last):
[0.639s] 
[0.639s]     File "/usr/lib/python3.8/runpy.py", line 194, in _run_module_as_main
[0.639s]       return _run_code(code, main_globals, None,
[0.639s]     File "/usr/lib/python3.8/runpy.py", line 87, in _run_code
[0.639s]       exec(code, run_globals)
[0.639s]     File "/opt/ros/foxy/lib/python3.8/site-packages/rosidl_adapter/__main__.py", line 19, in <module>
[0.639s]       sys.exit(main())
[0.639s]     File "/opt/ros/foxy/lib/python3.8/site-packages/rosidl_adapter/main.py", line 53, in main
[0.639s]       abs_idl_file = convert_to_idl(
[0.639s]     File "/opt/ros/foxy/lib/python3.8/site-packages/rosidl_adapter/__init__.py", line 19, in convert_to_idl
[0.639s]       return convert_msg_to_idl(
[0.639s]     File "/opt/ros/foxy/lib/python3.8/site-packages/rosidl_adapter/msg/__init__.py", line 28, in convert_msg_to_idl
[0.639s]       msg = parse_message_string(package_name, input_file.stem, content)
[0.639s]     File "/opt/ros/foxy/lib/python3.8/site-packages/rosidl_adapter/parser.py", line 516, in parse_message_string
[0.639s]       Type(type_string, context_package_name=pkg_name),
[0.639s]     File "/opt/ros/foxy/lib/python3.8/site-packages/rosidl_adapter/parser.py", line 276, in __init__
[0.639s]       super(Type, self).__init__(
[0.640s]     File "/opt/ros/foxy/lib/python3.8/site-packages/rosidl_adapter/parser.py", line 204, in __init__
[0.640s]       raise InvalidResourceName(
[0.640s] 
[0.640s]   rosidl_adapter.parser.InvalidResourceName: 'double' is an invalid message
[0.640s]   name.  It should have the pattern '^[A-Z][A-Za-z0-9]*$'
[0.640s] 
[0.640s] Call Stack (most recent call first):
[0.640s]   /opt/ros/foxy/share/rosidl_cmake/cmake/rosidl_generate_interfaces.cmake:130 (rosidl_adapt_interfaces)
[0.640s]   CMakeLists.txt:27 (rosidl_generate_interfaces)
[0.640s] 
[0.640s] 
[0.640s] -- Configuring incomplete, errors occurred!
[0.640s] See also "/home/robogait/azure_kinect_ws/build/body_tracker_msgs/CMakeFiles/CMakeOutput.log".
[0.640s] See also "/home/robogait/azure_kinect_ws/build/body_tracker_msgs/CMakeFiles/CMakeError.log".
[0.645s] make: *** [Makefile:978: cmake_check_build_system] Error 1
[0.647s] Invoked command in '/home/robogait/azure_kinect_ws/build/body_tracker_msgs' returned '2': CMAKE_PREFIX_PATH=${CMAKE_PREFIX_PATH}:/home/robogait/ros2_ws/install/nav2_project:/home/robogait/nav2_ws/install/nav2_gazebo_spawner:/home/robogait/ros2_serial/install/ourbotmanager:/opt/ros/foxy /usr/bin/cmake --build /home/robogait/azure_kinect_ws/build/body_tracker_msgs -- -j8 -l8
