[0.011s] Invoking command in '/home/robogait/azure_kinect_ws/build/body_tracking': CMAKE_PREFIX_PATH=${CMAKE_PREFIX_PATH}:/home/robogait/ros2_serial/install/ourbotmanager:/opt/ros/foxy /usr/bin/cmake --build /home/robogait/azure_kinect_ws/build/body_tracking -- -j8 -l8
[0.029s] -- Found ament_cmake: 0.9.9 (/opt/ros/foxy/share/ament_cmake/cmake)
[0.044s] -- Found PythonInterp: /usr/bin/python3 (found suitable version "3.8.10", minimum required is "3") 
[0.045s] -- Using PYTHON_EXECUTABLE: /usr/bin/python3
[0.152s] -- Found rclcpp: 2.4.1 (/opt/ros/foxy/share/rclcpp/cmake)
[0.171s] -- Using all available rosidl_typesupport_c: rosidl_typesupport_fastrtps_c;rosidl_typesupport_introspection_c
[0.173s] -- Found rosidl_adapter: 1.2.1 (/opt/ros/foxy/share/rosidl_adapter/cmake)
[0.245s] -- Using all available rosidl_typesupport_cpp: rosidl_typesupport_fastrtps_cpp;rosidl_typesupport_introspection_cpp
[0.273s] -- Found rmw_implementation_cmake: 1.0.3 (/opt/ros/foxy/share/rmw_implementation_cmake/cmake)
[0.274s] -- Using RMW implementation 'rmw_fastrtps_cpp' as default
[0.356s] -- Found body_tracking: 0.0.0 (/home/robogait/azure_kinect_ws/install/body_tracking/share/body_tracking/cmake)
[0.360s] -- Found rosidl_default_generators: 1.0.1 (/opt/ros/foxy/share/rosidl_default_generators/cmake)
[0.381s] -- Found PythonInterp: /usr/bin/python3 (found version "3.8.10") 
[0.454s] -- Found ament_cmake_ros: 0.9.2 (/opt/ros/foxy/share/ament_cmake_ros/cmake)
[0.510s] -- Using all available rosidl_typesupport_c: rosidl_typesupport_fastrtps_c;rosidl_typesupport_introspection_c
[0.514s] -- Using all available rosidl_typesupport_cpp: rosidl_typesupport_fastrtps_cpp;rosidl_typesupport_introspection_cpp
[0.529s] -- Found PythonInterp: /usr/bin/python3 (found suitable version "3.8.10", minimum required is "3.5") 
[0.529s] -- Found python_cmake_module: 0.8.1 (/opt/ros/foxy/share/python_cmake_module/cmake)
[0.544s] -- Using PYTHON_EXECUTABLE: /usr/bin/python3
[0.544s] -- Using PYTHON_INCLUDE_DIRS: /usr/include/python3.8
[0.544s] -- Using PYTHON_LIBRARIES: /usr/lib/x86_64-linux-gnu/libpython3.8.so
[0.552s] -- Found ament_lint_auto: 0.9.6 (/opt/ros/foxy/share/ament_lint_auto/cmake)
[0.558s] -- Added test 'copyright' to check source files copyright and LICENSE
[0.558s] -- Added test 'cppcheck' to perform static code analysis on C / C++ code
[0.559s] -- Configured cppcheck include dirs: $<BUILD_INTERFACE:/home/robogait/azure_kinect_ws/src/body_tracking/include>
[0.559s] -- Configured cppcheck exclude dirs and/or files: 
[0.559s] -- Added test 'cpplint' to check C / C++ code against the Google style
[0.560s] -- Configured cpplint exclude dirs and/or files: 
[0.560s] -- Added test 'lint_cmake' to check CMake code style
[0.560s] -- Added test 'uncrustify' to check C / C++ code style
[0.561s] -- Configured uncrustify additional arguments: 
[0.561s] -- Added test 'xmllint' to check XML markup files
[0.563s] -- Configuring done
[0.584s] -- Generating done
[0.586s] -- Build files have been written to: /home/robogait/azure_kinect_ws/build/body_tracking
[0.608s] [35m[1mScanning dependencies of target prueba_talker[0m
[0.613s] [  5%] Built target body_tracking_node
[0.613s] [  7%] Built target body_tracking__cpp
[0.614s] [ 15%] Built target body_tracking__rosidl_generator_c
[0.616s] [ 20%] Built target listener
[0.617s] [ 25%] Built target talker
[0.627s] [ 28%] [32mBuilding CXX object CMakeFiles/prueba_talker.dir/src/main.cpp.o[0m
[0.629s] [ 35%] Built target body_tracking__rosidl_typesupport_cpp
[0.631s] [ 51%] Built target body_tracking__rosidl_typesupport_c
[0.631s] [ 51%] Built target body_tracking__rosidl_typesupport_introspection_c
[0.631s] [ 58%] Built target body_tracking__rosidl_typesupport_introspection_cpp
[0.634s] [ 66%] Built target body_tracking__rosidl_typesupport_fastrtps_cpp
[0.651s] [ 74%] Built target body_tracking__rosidl_typesupport_fastrtps_c
[0.664s] [ 74%] Built target body_tracking
[0.677s] [ 76%] Built target body_tracking__py
[0.694s] [ 82%] Built target body_tracking__python
[0.710s] [ 97%] Built target body_tracking__rosidl_typesupport_fastrtps_c__pyext
[0.711s] [ 97%] Built target body_tracking__rosidl_typesupport_c__pyext
[0.711s] [ 97%] Built target body_tracking__rosidl_typesupport_introspection_c__pyext
[1.600s] [100%] [32m[1mLinking CXX executable prueba_talker[0m
[1.656s] [100%] Built target prueba_talker
[1.663s] Invoked command in '/home/robogait/azure_kinect_ws/build/body_tracking' returned '0': CMAKE_PREFIX_PATH=${CMAKE_PREFIX_PATH}:/home/robogait/ros2_serial/install/ourbotmanager:/opt/ros/foxy /usr/bin/cmake --build /home/robogait/azure_kinect_ws/build/body_tracking -- -j8 -l8
[1.711s] Invoking command in '/home/robogait/azure_kinect_ws/build/body_tracking': CMAKE_PREFIX_PATH=${CMAKE_PREFIX_PATH}:/home/robogait/ros2_serial/install/ourbotmanager:/opt/ros/foxy /usr/bin/cmake --install /home/robogait/azure_kinect_ws/build/body_tracking
[1.718s] -- Install configuration: ""
[1.718s] -- Up-to-date: /home/robogait/azure_kinect_ws/install/body_tracking/lib/body_tracking/body_tracking_node
[1.718s] -- Installing: /home/robogait/azure_kinect_ws/install/body_tracking/lib/body_tracking/prueba_talker
[1.718s] -- Set runtime path of "/home/robogait/azure_kinect_ws/install/body_tracking/lib/body_tracking/prueba_talker" to ""
[1.718s] -- Up-to-date: /home/robogait/azure_kinect_ws/install/body_tracking/lib/body_tracking/talker
[1.718s] -- Up-to-date: /home/robogait/azure_kinect_ws/install/body_tracking/lib/body_tracking/listener
[1.718s] -- Up-to-date: /home/robogait/azure_kinect_ws/install/body_tracking/lib/body_tracking/prueba_talker
[1.718s] -- Up-to-date: /home/robogait/azure_kinect_ws/install/body_tracking/share/ament_index/resource_index/rosidl_interfaces/body_tracking
[1.718s] -- Up-to-date: /home/robogait/azure_kinect_ws/install/body_tracking/include/body_tracking
[1.718s] -- Up-to-date: /home/robogait/azure_kinect_ws/install/body_tracking/include/body_tracking/msg
[1.719s] -- Up-to-date: /home/robogait/azure_kinect_ws/install/body_tracking/include/body_tracking/msg/rosidl_generator_c__visibility_control.h
[1.719s] -- Up-to-date: /home/robogait/azure_kinect_ws/install/body_tracking/include/body_tracking/msg/detail
[1.719s] -- Up-to-date: /home/robogait/azure_kinect_ws/install/body_tracking/include/body_tracking/msg/detail/num__functions.c
[1.719s] -- Up-to-date: /home/robogait/azure_kinect_ws/install/body_tracking/include/body_tracking/msg/detail/hip_coordinates__functions.c
[1.719s] -- Up-to-date: /home/robogait/azure_kinect_ws/install/body_tracking/include/body_tracking/msg/detail/num__type_support.h
[1.719s] -- Up-to-date: /home/robogait/azure_kinect_ws/install/body_tracking/include/body_tracking/msg/detail/hip_coordinates__functions.h
[1.719s] -- Up-to-date: /home/robogait/azure_kinect_ws/install/body_tracking/include/body_tracking/msg/detail/num__functions.h
[1.719s] -- Up-to-date: /home/robogait/azure_kinect_ws/install/body_tracking/include/body_tracking/msg/detail/hip_coordinates__struct.h
[1.719s] -- Up-to-date: /home/robogait/azure_kinect_ws/install/body_tracking/include/body_tracking/msg/detail/num__struct.h
[1.719s] -- Up-to-date: /home/robogait/azure_kinect_ws/install/body_tracking/include/body_tracking/msg/detail/hip_coordinates__type_support.h
[1.719s] -- Up-to-date: /home/robogait/azure_kinect_ws/install/body_tracking/include/body_tracking/msg/hip_coordinates.h
[1.719s] -- Up-to-date: /home/robogait/azure_kinect_ws/install/body_tracking/include/body_tracking/msg/num.h
[1.719s] -- Up-to-date: /home/robogait/azure_kinect_ws/install/body_tracking/share/body_tracking/environment/library_path.sh
[1.719s] -- Installing: /home/robogait/azure_kinect_ws/install/body_tracking/share/body_tracking/environment/library_path.dsv
[1.719s] -- Up-to-date: /home/robogait/azure_kinect_ws/install/body_tracking/lib/libbody_tracking__rosidl_generator_c.so
[1.719s] -- Up-to-date: /home/robogait/azure_kinect_ws/install/body_tracking/include/body_tracking
[1.719s] -- Up-to-date: /home/robogait/azure_kinect_ws/install/body_tracking/include/body_tracking/msg
[1.719s] -- Up-to-date: /home/robogait/azure_kinect_ws/install/body_tracking/include/body_tracking/msg/detail
[1.720s] -- Up-to-date: /home/robogait/azure_kinect_ws/install/body_tracking/include/body_tracking/msg/detail/hip_coordinates__rosidl_typesupport_fastrtps_c.h
[1.720s] -- Up-to-date: /home/robogait/azure_kinect_ws/install/body_tracking/include/body_tracking/msg/detail/num__rosidl_typesupport_fastrtps_c.h
[1.720s] -- Up-to-date: /home/robogait/azure_kinect_ws/install/body_tracking/include/body_tracking/msg/rosidl_typesupport_fastrtps_c__visibility_control.h
[1.720s] -- Up-to-date: /home/robogait/azure_kinect_ws/install/body_tracking/lib/libbody_tracking__rosidl_typesupport_fastrtps_c.so
[1.720s] -- Up-to-date: /home/robogait/azure_kinect_ws/install/body_tracking/include/body_tracking
[1.720s] -- Up-to-date: /home/robogait/azure_kinect_ws/install/body_tracking/include/body_tracking/msg
[1.720s] -- Up-to-date: /home/robogait/azure_kinect_ws/install/body_tracking/include/body_tracking/msg/detail
[1.720s] -- Up-to-date: /home/robogait/azure_kinect_ws/install/body_tracking/include/body_tracking/msg/detail/dds_fastrtps
[1.720s] -- Up-to-date: /home/robogait/azure_kinect_ws/install/body_tracking/include/body_tracking/msg/detail/hip_coordinates__rosidl_typesupport_fastrtps_cpp.hpp
[1.720s] -- Up-to-date: /home/robogait/azure_kinect_ws/install/body_tracking/include/body_tracking/msg/detail/num__rosidl_typesupport_fastrtps_cpp.hpp
[1.720s] -- Up-to-date: /home/robogait/azure_kinect_ws/install/body_tracking/include/body_tracking/msg/rosidl_typesupport_fastrtps_cpp__visibility_control.h
[1.720s] -- Up-to-date: /home/robogait/azure_kinect_ws/install/body_tracking/lib/libbody_tracking__rosidl_typesupport_fastrtps_cpp.so
[1.720s] -- Up-to-date: /home/robogait/azure_kinect_ws/install/body_tracking/include/body_tracking
[1.720s] -- Up-to-date: /home/robogait/azure_kinect_ws/install/body_tracking/include/body_tracking/msg
[1.720s] -- Up-to-date: /home/robogait/azure_kinect_ws/install/body_tracking/include/body_tracking/msg/rosidl_typesupport_introspection_c__visibility_control.h
[1.720s] -- Up-to-date: /home/robogait/azure_kinect_ws/install/body_tracking/include/body_tracking/msg/detail
[1.720s] -- Up-to-date: /home/robogait/azure_kinect_ws/install/body_tracking/include/body_tracking/msg/detail/hip_coordinates__rosidl_typesupport_introspection_c.h
[1.720s] -- Up-to-date: /home/robogait/azure_kinect_ws/install/body_tracking/include/body_tracking/msg/detail/num__rosidl_typesupport_introspection_c.h
[1.720s] -- Up-to-date: /home/robogait/azure_kinect_ws/install/body_tracking/include/body_tracking/msg/detail/hip_coordinates__type_support.c
[1.720s] -- Up-to-date: /home/robogait/azure_kinect_ws/install/body_tracking/include/body_tracking/msg/detail/num__type_support.c
[1.720s] -- Up-to-date: /home/robogait/azure_kinect_ws/install/body_tracking/lib/libbody_tracking__rosidl_typesupport_introspection_c.so
[1.720s] -- Up-to-date: /home/robogait/azure_kinect_ws/install/body_tracking/lib/libbody_tracking__rosidl_typesupport_c.so
[1.721s] -- Up-to-date: /home/robogait/azure_kinect_ws/install/body_tracking/include/body_tracking
[1.721s] -- Up-to-date: /home/robogait/azure_kinect_ws/install/body_tracking/include/body_tracking/msg
[1.721s] -- Up-to-date: /home/robogait/azure_kinect_ws/install/body_tracking/include/body_tracking/msg/num.hpp
[1.721s] -- Up-to-date: /home/robogait/azure_kinect_ws/install/body_tracking/include/body_tracking/msg/detail
[1.721s] -- Up-to-date: /home/robogait/azure_kinect_ws/install/body_tracking/include/body_tracking/msg/detail/hip_coordinates__builder.hpp
[1.721s] -- Up-to-date: /home/robogait/azure_kinect_ws/install/body_tracking/include/body_tracking/msg/detail/num__builder.hpp
[1.721s] -- Up-to-date: /home/robogait/azure_kinect_ws/install/body_tracking/include/body_tracking/msg/detail/hip_coordinates__traits.hpp
[1.721s] -- Up-to-date: /home/robogait/azure_kinect_ws/install/body_tracking/include/body_tracking/msg/detail/num__traits.hpp
[1.721s] -- Up-to-date: /home/robogait/azure_kinect_ws/install/body_tracking/include/body_tracking/msg/detail/num__struct.hpp
[1.721s] -- Up-to-date: /home/robogait/azure_kinect_ws/install/body_tracking/include/body_tracking/msg/detail/hip_coordinates__struct.hpp
[1.721s] -- Up-to-date: /home/robogait/azure_kinect_ws/install/body_tracking/include/body_tracking/msg/hip_coordinates.hpp
[1.721s] -- Up-to-date: /home/robogait/azure_kinect_ws/install/body_tracking/include/body_tracking
[1.721s] -- Up-to-date: /home/robogait/azure_kinect_ws/install/body_tracking/include/body_tracking/msg
[1.721s] -- Up-to-date: /home/robogait/azure_kinect_ws/install/body_tracking/include/body_tracking/msg/detail
[1.721s] -- Up-to-date: /home/robogait/azure_kinect_ws/install/body_tracking/include/body_tracking/msg/detail/num__type_support.cpp
[1.721s] -- Up-to-date: /home/robogait/azure_kinect_ws/install/body_tracking/include/body_tracking/msg/detail/hip_coordinates__type_support.cpp
[1.721s] -- Up-to-date: /home/robogait/azure_kinect_ws/install/body_tracking/include/body_tracking/msg/detail/hip_coordinates__rosidl_typesupport_introspection_cpp.hpp
[1.721s] -- Up-to-date: /home/robogait/azure_kinect_ws/install/body_tracking/include/body_tracking/msg/detail/num__rosidl_typesupport_introspection_cpp.hpp
[1.721s] -- Up-to-date: /home/robogait/azure_kinect_ws/install/body_tracking/lib/libbody_tracking__rosidl_typesupport_introspection_cpp.so
[1.721s] -- Up-to-date: /home/robogait/azure_kinect_ws/install/body_tracking/lib/libbody_tracking__rosidl_typesupport_cpp.so
[1.721s] -- Up-to-date: /home/robogait/azure_kinect_ws/install/body_tracking/share/body_tracking/environment/pythonpath.sh
[1.721s] -- Installing: /home/robogait/azure_kinect_ws/install/body_tracking/share/body_tracking/environment/pythonpath.dsv
[1.721s] -- Installing: /home/robogait/azure_kinect_ws/install/body_tracking/lib/python3.8/site-packages/body_tracking/__init__.py
[1.741s] Compiling '/home/robogait/azure_kinect_ws/install/body_tracking/lib/python3.8/site-packages/body_tracking/__init__.py'...
[1.744s] -- Up-to-date: /home/robogait/azure_kinect_ws/install/body_tracking/lib/python3.8/site-packages/body_tracking/msg
[1.744s] -- Up-to-date: /home/robogait/azure_kinect_ws/install/body_tracking/lib/python3.8/site-packages/body_tracking/msg/_hip_coordinates.py
[1.744s] -- Up-to-date: /home/robogait/azure_kinect_ws/install/body_tracking/lib/python3.8/site-packages/body_tracking/msg/_num_s.c
[1.744s] -- Up-to-date: /home/robogait/azure_kinect_ws/install/body_tracking/lib/python3.8/site-packages/body_tracking/msg/_hip_coordinates_s.c
[1.744s] -- Up-to-date: /home/robogait/azure_kinect_ws/install/body_tracking/lib/python3.8/site-packages/body_tracking/msg/__init__.py
[1.744s] -- Up-to-date: /home/robogait/azure_kinect_ws/install/body_tracking/lib/python3.8/site-packages/body_tracking/msg/_num.py
[1.744s] -- Up-to-date: /home/robogait/azure_kinect_ws/install/body_tracking/lib/python3.8/site-packages/body_tracking/body_tracking_s__rosidl_typesupport_fastrtps_c.cpython-38-x86_64-linux-gnu.so
[1.744s] -- Up-to-date: /home/robogait/azure_kinect_ws/install/body_tracking/lib/python3.8/site-packages/body_tracking/body_tracking_s__rosidl_typesupport_introspection_c.cpython-38-x86_64-linux-gnu.so
[1.745s] -- Up-to-date: /home/robogait/azure_kinect_ws/install/body_tracking/lib/python3.8/site-packages/body_tracking/body_tracking_s__rosidl_typesupport_c.cpython-38-x86_64-linux-gnu.so
[1.745s] -- Up-to-date: /home/robogait/azure_kinect_ws/install/body_tracking/lib/libbody_tracking__python.so
[1.745s] -- Up-to-date: /home/robogait/azure_kinect_ws/install/body_tracking/share/body_tracking/msg/HipCoordinates.idl
[1.745s] -- Up-to-date: /home/robogait/azure_kinect_ws/install/body_tracking/share/body_tracking/msg/HipCoordinates.msg
[1.745s] -- Up-to-date: /home/robogait/azure_kinect_ws/install/body_tracking/share/ament_index/resource_index/package_run_dependencies/body_tracking
[1.746s] -- Up-to-date: /home/robogait/azure_kinect_ws/install/body_tracking/share/ament_index/resource_index/parent_prefix_path/body_tracking
[1.746s] -- Up-to-date: /home/robogait/azure_kinect_ws/install/body_tracking/share/body_tracking/environment/ament_prefix_path.sh
[1.746s] -- Installing: /home/robogait/azure_kinect_ws/install/body_tracking/share/body_tracking/environment/ament_prefix_path.dsv
[1.746s] -- Up-to-date: /home/robogait/azure_kinect_ws/install/body_tracking/share/body_tracking/environment/path.sh
[1.746s] -- Installing: /home/robogait/azure_kinect_ws/install/body_tracking/share/body_tracking/environment/path.dsv
[1.746s] -- Up-to-date: /home/robogait/azure_kinect_ws/install/body_tracking/share/body_tracking/local_setup.bash
[1.746s] -- Up-to-date: /home/robogait/azure_kinect_ws/install/body_tracking/share/body_tracking/local_setup.sh
[1.746s] -- Up-to-date: /home/robogait/azure_kinect_ws/install/body_tracking/share/body_tracking/local_setup.zsh
[1.746s] -- Installing: /home/robogait/azure_kinect_ws/install/body_tracking/share/body_tracking/local_setup.dsv
[1.746s] -- Installing: /home/robogait/azure_kinect_ws/install/body_tracking/share/body_tracking/package.dsv
[1.746s] -- Up-to-date: /home/robogait/azure_kinect_ws/install/body_tracking/share/ament_index/resource_index/packages/body_tracking
[1.746s] -- Up-to-date: /home/robogait/azure_kinect_ws/install/body_tracking/share/body_tracking/cmake/body_tracking__rosidl_generator_cExport.cmake
[1.746s] -- Installing: /home/robogait/azure_kinect_ws/install/body_tracking/share/body_tracking/cmake/body_tracking__rosidl_generator_cExport-noconfig.cmake
[1.746s] -- Up-to-date: /home/robogait/azure_kinect_ws/install/body_tracking/share/body_tracking/cmake/body_tracking__rosidl_typesupport_introspection_cExport.cmake
[1.746s] -- Installing: /home/robogait/azure_kinect_ws/install/body_tracking/share/body_tracking/cmake/body_tracking__rosidl_typesupport_introspection_cExport-noconfig.cmake
[1.746s] -- Up-to-date: /home/robogait/azure_kinect_ws/install/body_tracking/share/body_tracking/cmake/body_tracking__rosidl_typesupport_cExport.cmake
[1.746s] -- Installing: /home/robogait/azure_kinect_ws/install/body_tracking/share/body_tracking/cmake/body_tracking__rosidl_typesupport_cExport-noconfig.cmake
[1.746s] -- Up-to-date: /home/robogait/azure_kinect_ws/install/body_tracking/share/body_tracking/cmake/body_tracking__rosidl_generator_cppExport.cmake
[1.747s] -- Up-to-date: /home/robogait/azure_kinect_ws/install/body_tracking/share/body_tracking/cmake/body_tracking__rosidl_typesupport_introspection_cppExport.cmake
[1.747s] -- Installing: /home/robogait/azure_kinect_ws/install/body_tracking/share/body_tracking/cmake/body_tracking__rosidl_typesupport_introspection_cppExport-noconfig.cmake
[1.747s] -- Up-to-date: /home/robogait/azure_kinect_ws/install/body_tracking/share/body_tracking/cmake/body_tracking__rosidl_typesupport_cppExport.cmake
[1.747s] -- Installing: /home/robogait/azure_kinect_ws/install/body_tracking/share/body_tracking/cmake/body_tracking__rosidl_typesupport_cppExport-noconfig.cmake
[1.747s] -- Up-to-date: /home/robogait/azure_kinect_ws/install/body_tracking/share/body_tracking/cmake/rosidl_cmake-extras.cmake
[1.747s] -- Up-to-date: /home/robogait/azure_kinect_ws/install/body_tracking/share/body_tracking/cmake/ament_cmake_export_dependencies-extras.cmake
[1.747s] -- Up-to-date: /home/robogait/azure_kinect_ws/install/body_tracking/share/body_tracking/cmake/ament_cmake_export_libraries-extras.cmake
[1.747s] -- Up-to-date: /home/robogait/azure_kinect_ws/install/body_tracking/share/body_tracking/cmake/ament_cmake_export_targets-extras.cmake
[1.747s] -- Up-to-date: /home/robogait/azure_kinect_ws/install/body_tracking/share/body_tracking/cmake/ament_cmake_export_include_directories-extras.cmake
[1.747s] -- Up-to-date: /home/robogait/azure_kinect_ws/install/body_tracking/share/body_tracking/cmake/rosidl_cmake_export_typesupport_libraries-extras.cmake
[1.747s] -- Up-to-date: /home/robogait/azure_kinect_ws/install/body_tracking/share/body_tracking/cmake/rosidl_cmake_export_typesupport_targets-extras.cmake
[1.747s] -- Up-to-date: /home/robogait/azure_kinect_ws/install/body_tracking/share/body_tracking/cmake/body_trackingConfig.cmake
[1.747s] -- Up-to-date: /home/robogait/azure_kinect_ws/install/body_tracking/share/body_tracking/cmake/body_trackingConfig-version.cmake
[1.747s] -- Up-to-date: /home/robogait/azure_kinect_ws/install/body_tracking/share/body_tracking/package.xml
[1.749s] Invoked command in '/home/robogait/azure_kinect_ws/build/body_tracking' returned '0': CMAKE_PREFIX_PATH=${CMAKE_PREFIX_PATH}:/home/robogait/ros2_serial/install/ourbotmanager:/opt/ros/foxy /usr/bin/cmake --install /home/robogait/azure_kinect_ws/build/body_tracking
