[0.014s] Invoking command in '/home/robogait/ros2_serial_cpp/build/ros2_serial_cpp': CMAKE_PREFIX_PATH=${CMAKE_PREFIX_PATH}:/home/robogait/nav2_ws/install/nav2_gazebo_spawner:/home/robogait/ros2_serial/install/ourbotmanager:/home/robogait/ros2_ws/install/nav2_project:/opt/ros/foxy /usr/bin/cmake --build /home/robogait/ros2_serial_cpp/build/ros2_serial_cpp -- -j8 -l8
[0.055s] [35m[1mScanning dependencies of target driver_controller[0m
[0.075s] [ 50%] [32mBuilding CXX object CMakeFiles/driver_controller.dir/src/driver_controller.cpp.o[0m
[0.857s] [01m[K/home/robogait/ros2_serial_cpp/src/driver_controller.cpp:[m[K In member function ‘[01m[Kvoid driver_controller::loop()[m[K’:
[0.857s] [01m[K/home/robogait/ros2_serial_cpp/src/driver_controller.cpp:131:42:[m[K [01;31m[Kerror: [m[Kno match for ‘[01m[Koperator=[m[K’ (operand types are ‘[01m[Kstd_msgs::msg::Header_<std::allocator<void> >::_stamp_type[m[K’ {aka ‘[01m[Kbuiltin_interfaces::msg::Time_<std::allocator<void> >[m[K’} and ‘[01m[Krclcpp::Clock::SharedPtr[m[K’ {aka ‘[01m[Kstd::shared_ptr<rclcpp::Clock>[m[K’})
[0.857s]   131 |    odom_msg.header.stamp=this->get_clock([01;31m[K)[m[K;
[0.858s]       |                                          [01;31m[K^[m[K
[0.858s] In file included from [01m[K/opt/ros/foxy/include/builtin_interfaces/msg/time.hpp:7[m[K,
[0.858s]                  from [01m[K/opt/ros/foxy/include/rclcpp/time.hpp:18[m[K,
[0.858s]                  from [01m[K/opt/ros/foxy/include/rclcpp/clock.hpp:23[m[K,
[0.858s]                  from [01m[K/opt/ros/foxy/include/rclcpp/timer.hpp:27[m[K,
[0.858s]                  from [01m[K/opt/ros/foxy/include/rclcpp/callback_group.hpp:27[m[K,
[0.858s]                  from [01m[K/opt/ros/foxy/include/rclcpp/any_executable.hpp:20[m[K,
[0.858s]                  from [01m[K/opt/ros/foxy/include/rclcpp/memory_strategy.hpp:24[m[K,
[0.858s]                  from [01m[K/opt/ros/foxy/include/rclcpp/memory_strategies.hpp:18[m[K,
[0.858s]                  from [01m[K/opt/ros/foxy/include/rclcpp/executor_options.hpp:20[m[K,
[0.858s]                  from [01m[K/opt/ros/foxy/include/rclcpp/executor.hpp:33[m[K,
[0.858s]                  from [01m[K/opt/ros/foxy/include/rclcpp/executors/multi_threaded_executor.hpp:26[m[K,
[0.858s]                  from [01m[K/opt/ros/foxy/include/rclcpp/executors.hpp:21[m[K,
[0.858s]                  from [01m[K/opt/ros/foxy/include/rclcpp/rclcpp.hpp:146[m[K,
[0.858s]                  from [01m[K/home/robogait/ros2_serial_cpp/src/driver_controller.cpp:13[m[K:
[0.858s] [01m[K/opt/ros/foxy/include/builtin_interfaces/msg/detail/time__struct.hpp:31:8:[m[K [01;36m[Knote: [m[Kcandidate: ‘[01m[Kconstexpr builtin_interfaces::msg::Time_<std::allocator<void> >& builtin_interfaces::msg::Time_<std::allocator<void> >::operator=(const builtin_interfaces::msg::Time_<std::allocator<void> >&)[m[K’
[0.858s]    31 | struct [01;36m[KTime_[m[K
[0.858s]       |        [01;36m[K^~~~~[m[K
[0.858s] [01m[K/opt/ros/foxy/include/builtin_interfaces/msg/detail/time__struct.hpp:31:8:[m[K [01;36m[Knote: [m[K  no known conversion for argument 1 from ‘[01m[Krclcpp::Clock::SharedPtr[m[K’ {aka ‘[01m[Kstd::shared_ptr<rclcpp::Clock>[m[K’} to ‘[01m[Kconst builtin_interfaces::msg::Time_<std::allocator<void> >&[m[K’
[0.858s] [01m[K/opt/ros/foxy/include/builtin_interfaces/msg/detail/time__struct.hpp:31:8:[m[K [01;36m[Knote: [m[Kcandidate: ‘[01m[Kconstexpr builtin_interfaces::msg::Time_<std::allocator<void> >& builtin_interfaces::msg::Time_<std::allocator<void> >::operator=(builtin_interfaces::msg::Time_<std::allocator<void> >&&)[m[K’
[0.858s] [01m[K/opt/ros/foxy/include/builtin_interfaces/msg/detail/time__struct.hpp:31:8:[m[K [01;36m[Knote: [m[K  no known conversion for argument 1 from ‘[01m[Krclcpp::Clock::SharedPtr[m[K’ {aka ‘[01m[Kstd::shared_ptr<rclcpp::Clock>[m[K’} to ‘[01m[Kbuiltin_interfaces::msg::Time_<std::allocator<void> >&&[m[K’
[1.928s] make[2]: *** [CMakeFiles/driver_controller.dir/build.make:63: CMakeFiles/driver_controller.dir/src/driver_controller.cpp.o] Error 1
[1.928s] make[1]: *** [CMakeFiles/Makefile2:78: CMakeFiles/driver_controller.dir/all] Error 2
[1.928s] make: *** [Makefile:141: all] Error 2
[1.930s] Invoked command in '/home/robogait/ros2_serial_cpp/build/ros2_serial_cpp' returned '2': CMAKE_PREFIX_PATH=${CMAKE_PREFIX_PATH}:/home/robogait/nav2_ws/install/nav2_gazebo_spawner:/home/robogait/ros2_serial/install/ourbotmanager:/home/robogait/ros2_ws/install/nav2_project:/opt/ros/foxy /usr/bin/cmake --build /home/robogait/ros2_serial_cpp/build/ros2_serial_cpp -- -j8 -l8
