[0.009s] Invoking command in '/home/robogait/azure_kinect_ws/build/body_tracking': CMAKE_PREFIX_PATH=${CMAKE_PREFIX_PATH}:/home/robogait/ros2_serial/install/ourbotmanager:/opt/ros/foxy /usr/bin/cmake --build /home/robogait/azure_kinect_ws/build/body_tracking -- -j8 -l8
[0.029s] -- Found ament_cmake: 0.9.9 (/opt/ros/foxy/share/ament_cmake/cmake)
[0.043s] -- Found PythonInterp: /usr/bin/python3 (found suitable version "3.8.10", minimum required is "3") 
[0.043s] -- Using PYTHON_EXECUTABLE: /usr/bin/python3
[0.152s] -- Found rclcpp: 2.4.1 (/opt/ros/foxy/share/rclcpp/cmake)
[0.171s] -- Using all available rosidl_typesupport_c: rosidl_typesupport_fastrtps_c;rosidl_typesupport_introspection_c
[0.173s] -- Found rosidl_adapter: 1.2.1 (/opt/ros/foxy/share/rosidl_adapter/cmake)
[0.244s] -- Using all available rosidl_typesupport_cpp: rosidl_typesupport_fastrtps_cpp;rosidl_typesupport_introspection_cpp
[0.272s] -- Found rmw_implementation_cmake: 1.0.3 (/opt/ros/foxy/share/rmw_implementation_cmake/cmake)
[0.273s] -- Using RMW implementation 'rmw_fastrtps_cpp' as default
[0.357s] -- Found body_tracking: 0.0.0 (/home/robogait/azure_kinect_ws/install/body_tracking/share/body_tracking/cmake)
[0.361s] -- Found rosidl_default_generators: 1.0.1 (/opt/ros/foxy/share/rosidl_default_generators/cmake)
[0.382s] -- Found PythonInterp: /usr/bin/python3 (found version "3.8.10") 
[0.457s] -- Found ament_cmake_ros: 0.9.2 (/opt/ros/foxy/share/ament_cmake_ros/cmake)
[0.513s] -- Using all available rosidl_typesupport_c: rosidl_typesupport_fastrtps_c;rosidl_typesupport_introspection_c
[0.517s] -- Using all available rosidl_typesupport_cpp: rosidl_typesupport_fastrtps_cpp;rosidl_typesupport_introspection_cpp
[0.532s] -- Found PythonInterp: /usr/bin/python3 (found suitable version "3.8.10", minimum required is "3.5") 
[0.532s] -- Found python_cmake_module: 0.8.1 (/opt/ros/foxy/share/python_cmake_module/cmake)
[0.547s] -- Using PYTHON_EXECUTABLE: /usr/bin/python3
[0.547s] -- Using PYTHON_INCLUDE_DIRS: /usr/include/python3.8
[0.548s] -- Using PYTHON_LIBRARIES: /usr/lib/x86_64-linux-gnu/libpython3.8.so
[0.556s] -- Found ament_lint_auto: 0.9.6 (/opt/ros/foxy/share/ament_lint_auto/cmake)
[0.561s] -- Added test 'copyright' to check source files copyright and LICENSE
[0.562s] -- Added test 'cppcheck' to perform static code analysis on C / C++ code
[0.563s] -- Configured cppcheck include dirs: $<BUILD_INTERFACE:/home/robogait/azure_kinect_ws/src/body_tracking/include>;$<BUILD_INTERFACE:/home/robogait/azure_kinect_ws/src/body_tracking/include/body_tracking>
[0.563s] -- Configured cppcheck exclude dirs and/or files: 
[0.563s] -- Added test 'cpplint' to check C / C++ code against the Google style
[0.563s] -- Configured cpplint exclude dirs and/or files: 
[0.563s] -- Added test 'lint_cmake' to check CMake code style
[0.564s] -- Added test 'uncrustify' to check C / C++ code style
[0.564s] -- Configured uncrustify additional arguments: 
[0.564s] -- Added test 'xmllint' to check XML markup files
[0.567s] -- Configuring done
[0.588s] -- Generating done
[0.590s] -- Build files have been written to: /home/robogait/azure_kinect_ws/build/body_tracking
[0.617s] [  5%] Built target body_tracking__cpp
[0.617s] [  5%] [32mBuilding C object CMakeFiles/prueba_talker.dir/src/main.c.o[0m
[0.618s] [  7%] [32mBuilding CXX object CMakeFiles/listener.dir/src/subscriber_member_function.cpp.o[0m
[0.618s] [ 10%] [32mBuilding CXX object CMakeFiles/body_tracking_node.dir/src/body_tracking_node.cpp.o[0m
[0.619s] [ 17%] Built target body_tracking__rosidl_generator_c
[0.619s] [ 20%] [32mBuilding CXX object CMakeFiles/talker.dir/src/publisher_member_function.cpp.o[0m
[0.638s] [ 43%] Built target body_tracking__rosidl_typesupport_introspection_c
[0.638s] [ 43%] Built target body_tracking__rosidl_typesupport_introspection_cpp
[0.638s] [ 43%] Built target body_tracking__rosidl_typesupport_cpp
[0.645s] [ 46%] [32mBuilding CXX object CMakeFiles/body_tracking__rosidl_typesupport_fastrtps_cpp.dir/rosidl_typesupport_fastrtps_cpp/body_tracking/msg/detail/dds_fastrtps/hip_coordinates__type_support.cpp.o[0m
[0.645s] [ 48%] [32m[1mLinking CXX executable body_tracking_node[0m
[0.652s] [ 56%] Built target body_tracking__rosidl_typesupport_c
[0.658s] [ 58%] [32m[1mLinking C executable prueba_talker[0m
[0.681s] /usr/bin/ld: CMakeFiles/prueba_talker.dir/src/main.c.o: in function `print_body_index_map_middle_line':
[0.681s] main.c:(.text+0x12a): undefined reference to `k4a_image_get_buffer'
[0.682s] /usr/bin/ld: main.c:(.text+0x13a): undefined reference to `k4a_image_get_stride_bytes'
[0.682s] /usr/bin/ld: main.c:(.text+0x148): undefined reference to `k4a_image_get_width_pixels'
[0.682s] /usr/bin/ld: main.c:(.text+0x177): undefined reference to `k4a_image_get_height_pixels'
[0.682s] /usr/bin/ld: main.c:(.text+0x18f): undefined reference to `k4a_image_get_width_pixels'
[0.682s] /usr/bin/ld: main.c:(.text+0x1ea): undefined reference to `k4a_image_get_width_pixels'
[0.682s] /usr/bin/ld: CMakeFiles/prueba_talker.dir/src/main.c.o: in function `main':
[0.682s] main.c:(.text+0x27a): undefined reference to `k4a_device_get_installed_count'
[0.682s] /usr/bin/ld: main.c:(.text+0x2ad): undefined reference to `k4a_device_open'
[0.682s] /usr/bin/ld: main.c:(.text+0x2e0): undefined reference to `k4a_device_start_cameras'
[0.682s] /usr/bin/ld: main.c:(.text+0x31e): undefined reference to `k4a_device_get_calibration'
[0.682s] /usr/bin/ld: main.c:(.text+0x3b1): undefined reference to `k4abt_tracker_create'
[0.682s] /usr/bin/ld: main.c:(.text+0x417): undefined reference to `k4a_device_get_capture'
[0.682s] /usr/bin/ld: main.c:(.text+0x474): undefined reference to `k4abt_tracker_enqueue_capture'
[0.682s] /usr/bin/ld: main.c:(.text+0x489): undefined reference to `k4a_capture_release'
[0.682s] /usr/bin/ld: main.c:(.text+0x4e6): undefined reference to `k4abt_tracker_pop_result'
[0.682s] /usr/bin/ld: main.c:(.text+0x577): undefined reference to `k4abt_frame_get_num_bodies'
[0.682s] /usr/bin/ld: main.c:(.text+0x5d3): undefined reference to `k4abt_frame_get_body_skeleton'
[0.682s] /usr/bin/ld: main.c:(.text+0x604): undefined reference to `k4abt_frame_get_body_id'
[0.682s] /usr/bin/ld: main.c:(.text+0x676): undefined reference to `k4abt_frame_get_body_index_map'
[0.682s] /usr/bin/ld: main.c:(.text+0x6a5): undefined reference to `k4a_image_release'
[0.682s] /usr/bin/ld: main.c:(.text+0x6c2): undefined reference to `k4abt_frame_release'
[0.682s] /usr/bin/ld: main.c:(.text+0x7c4): undefined reference to `k4abt_tracker_shutdown'
[0.682s] /usr/bin/ld: main.c:(.text+0x7d3): undefined reference to `k4abt_tracker_destroy'
[0.683s] /usr/bin/ld: main.c:(.text+0x7e2): undefined reference to `k4a_device_stop_cameras'
[0.683s] /usr/bin/ld: main.c:(.text+0x7f1): undefined reference to `k4a_device_close'
[0.683s] collect2: error: ld returned 1 exit status
[0.683s] make[2]: *** [CMakeFiles/prueba_talker.dir/build.make:136: prueba_talker] Error 1
[0.683s] make[1]: *** [CMakeFiles/Makefile2:325: CMakeFiles/prueba_talker.dir/all] Error 2
[0.683s] make[1]: *** Waiting for unfinished jobs....
[0.687s] [ 58%] Built target body_tracking_node
[0.909s] [ 61%] [32m[1mLinking CXX shared library libbody_tracking__rosidl_typesupport_fastrtps_cpp.so[0m
[0.967s] [ 64%] Built target body_tracking__rosidl_typesupport_fastrtps_cpp
[2.603s] [ 66%] [32m[1mLinking CXX executable talker[0m
[2.707s] [ 66%] Built target talker
[3.595s] [ 69%] [32m[1mLinking CXX executable listener[0m
[3.732s] [ 69%] Built target listener
[3.732s] make: *** [Makefile:141: all] Error 2
[3.734s] Invoked command in '/home/robogait/azure_kinect_ws/build/body_tracking' returned '2': CMAKE_PREFIX_PATH=${CMAKE_PREFIX_PATH}:/home/robogait/ros2_serial/install/ourbotmanager:/opt/ros/foxy /usr/bin/cmake --build /home/robogait/azure_kinect_ws/build/body_tracking -- -j8 -l8
