[0.010s] Invoking command in '/home/robogait/azure_kinect_ws/build/body_tracking': CMAKE_PREFIX_PATH=${CMAKE_PREFIX_PATH}:/home/robogait/ros2_serial/install/ourbotmanager:/opt/ros/foxy /usr/bin/cmake --build /home/robogait/azure_kinect_ws/build/body_tracking -- -j8 -l8
[0.044s] [35m[1mScanning dependencies of target prueba_talker[0m
[0.049s] [  5%] Built target body_tracking_node
[0.050s] [  7%] Built target body_tracking__cpp
[0.050s] [ 15%] Built target body_tracking__rosidl_generator_c
[0.052s] [ 20%] Built target talker
[0.053s] [ 25%] Built target listener
[0.064s] [ 28%] [32mBuilding CXX object CMakeFiles/prueba_talker.dir/src/main.cpp.o[0m
[0.066s] [ 35%] Built target body_tracking__rosidl_typesupport_introspection_cpp
[0.067s] [ 43%] Built target body_tracking__rosidl_typesupport_introspection_c
[0.067s] [ 51%] Built target body_tracking__rosidl_typesupport_cpp
[0.069s] [ 58%] Built target body_tracking__rosidl_typesupport_c
[0.070s] [ 66%] Built target body_tracking__rosidl_typesupport_fastrtps_cpp
[0.086s] [ 74%] Built target body_tracking__rosidl_typesupport_fastrtps_c
[0.099s] [ 74%] Built target body_tracking
[0.114s] [ 76%] Built target body_tracking__py
[0.128s] [01m[K/home/robogait/azure_kinect_ws/src/body_tracking/src/main.cpp:17:10:[m[K [01;31m[Kfatal error: [m[Kbody_tracking/msg/HipCoordinates.hpp: No such file or directory
[0.128s]    17 | #include [01;31m[K"body_tracking/msg/HipCoordinates.hpp"[m[K
[0.128s]       |          [01;31m[K^~~~~~~~~~~~~~~~~~~~~~~~~~~~~~~~~~~~~~[m[K
[0.128s] compilation terminated.
[0.132s] [ 82%] Built target body_tracking__python
[0.132s] make[2]: *** [CMakeFiles/prueba_talker.dir/build.make:63: CMakeFiles/prueba_talker.dir/src/main.cpp.o] Error 1
[0.132s] make[1]: *** [CMakeFiles/Makefile2:325: CMakeFiles/prueba_talker.dir/all] Error 2
[0.132s] make[1]: *** Waiting for unfinished jobs....
[0.132s] make: *** [Makefile:141: all] Error 2
[0.135s] Invoked command in '/home/robogait/azure_kinect_ws/build/body_tracking' returned '2': CMAKE_PREFIX_PATH=${CMAKE_PREFIX_PATH}:/home/robogait/ros2_serial/install/ourbotmanager:/opt/ros/foxy /usr/bin/cmake --build /home/robogait/azure_kinect_ws/build/body_tracking -- -j8 -l8
