[0.011s] Invoking command in '/home/robogait/azure_kinect_ws/build/body_tracking': CMAKE_PREFIX_PATH=${CMAKE_PREFIX_PATH}:/home/robogait/ros2_serial/install/ourbotmanager:/opt/ros/foxy /usr/bin/cmake --build /home/robogait/azure_kinect_ws/build/body_tracking -- -j8 -l8
[0.056s] -- Found ament_cmake: 0.9.9 (/opt/ros/foxy/share/ament_cmake/cmake)
[0.073s] -- Found PythonInterp: /usr/bin/python3 (found suitable version "3.8.10", minimum required is "3") 
[0.073s] -- Using PYTHON_EXECUTABLE: /usr/bin/python3
[0.183s] -- Found rclcpp: 2.4.1 (/opt/ros/foxy/share/rclcpp/cmake)
[0.211s] -- Using all available rosidl_typesupport_c: rosidl_typesupport_fastrtps_c;rosidl_typesupport_introspection_c
[0.213s] -- Found rosidl_adapter: 1.2.1 (/opt/ros/foxy/share/rosidl_adapter/cmake)
[0.292s] -- Using all available rosidl_typesupport_cpp: rosidl_typesupport_fastrtps_cpp;rosidl_typesupport_introspection_cpp
[0.327s] -- Found rmw_implementation_cmake: 1.0.3 (/opt/ros/foxy/share/rmw_implementation_cmake/cmake)
[0.328s] -- Using RMW implementation 'rmw_fastrtps_cpp' as default
[0.418s] -- Found body_tracking: 0.0.0 (/home/robogait/azure_kinect_ws/install/body_tracking/share/body_tracking/cmake)
[0.424s] -- Found rosidl_default_generators: 1.0.1 (/opt/ros/foxy/share/rosidl_default_generators/cmake)
[0.447s] -- Found PythonInterp: /usr/bin/python3 (found version "3.8.10") 
[0.518s] -- Found ament_cmake_ros: 0.9.2 (/opt/ros/foxy/share/ament_cmake_ros/cmake)
[0.579s] -- Using all available rosidl_typesupport_c: rosidl_typesupport_fastrtps_c;rosidl_typesupport_introspection_c
[0.584s] -- Using all available rosidl_typesupport_cpp: rosidl_typesupport_fastrtps_cpp;rosidl_typesupport_introspection_cpp
[0.598s] -- Found PythonInterp: /usr/bin/python3 (found suitable version "3.8.10", minimum required is "3.5") 
[0.599s] -- Found python_cmake_module: 0.8.1 (/opt/ros/foxy/share/python_cmake_module/cmake)
[0.614s] -- Using PYTHON_EXECUTABLE: /usr/bin/python3
[0.614s] -- Using PYTHON_INCLUDE_DIRS: /usr/include/python3.8
[0.614s] -- Using PYTHON_LIBRARIES: /usr/lib/x86_64-linux-gnu/libpython3.8.so
[0.623s] -- Found ament_lint_auto: 0.9.6 (/opt/ros/foxy/share/ament_lint_auto/cmake)
[0.634s] -- Added test 'copyright' to check source files copyright and LICENSE
[0.635s] -- Added test 'cppcheck' to perform static code analysis on C / C++ code
[0.636s] -- Configured cppcheck include dirs: 
[0.636s] -- Configured cppcheck exclude dirs and/or files: 
[0.636s] -- Added test 'cpplint' to check C / C++ code against the Google style
[0.637s] -- Configured cpplint exclude dirs and/or files: 
[0.637s] -- Added test 'lint_cmake' to check CMake code style
[0.638s] -- Added test 'uncrustify' to check C / C++ code style
[0.638s] -- Configured uncrustify additional arguments: 
[0.638s] -- Added test 'xmllint' to check XML markup files
[0.642s] -- Configuring done
[0.672s] -- Generating done
[0.674s] -- Build files have been written to: /home/robogait/azure_kinect_ws/build/body_tracking
[0.699s] [  6%] Built target body_tracking__cpp
[0.699s] [ 12%] Built target body_tracking__rosidl_generator_c
[0.700s] [35m[1mScanning dependencies of target body_tracking_node[0m
[0.714s] [ 21%] Built target body_tracking__rosidl_typesupport_cpp
[0.715s] [ 30%] Built target body_tracking__rosidl_typesupport_c
[0.716s] [ 39%] Built target body_tracking__rosidl_typesupport_introspection_c
[0.717s] [ 48%] Built target body_tracking__rosidl_typesupport_introspection_cpp
[0.719s] [ 57%] Built target body_tracking__rosidl_typesupport_fastrtps_cpp
[0.719s] [ 60%] [32mBuilding CXX object CMakeFiles/body_tracking_node.dir/src/kinectAzure_body_tracker_node.cpp.o[0m
[0.735s] [ 69%] Built target body_tracking__rosidl_typesupport_fastrtps_c
[0.748s] [ 69%] Built target body_tracking
[0.761s] [ 72%] Built target body_tracking__py
[0.778s] [ 78%] Built target body_tracking__python
[0.795s] [ 96%] Built target body_tracking__rosidl_typesupport_introspection_c__pyext
[0.795s] [ 96%] Built target body_tracking__rosidl_typesupport_fastrtps_c__pyext
[0.795s] [ 96%] Built target body_tracking__rosidl_typesupport_c__pyext
[1.530s] [01m[K/home/robogait/azure_kinect_ws/src/body_tracking/src/kinectAzure_body_tracker_node.cpp:[m[K In member function ‘[01m[Kvoid MinimalPublisher::Run()[m[K’:
[1.530s] [01m[K/home/robogait/azure_kinect_ws/src/body_tracking/src/kinectAzure_body_tracker_node.cpp:48:10:[m[K [01;31m[Kerror: [m[K‘[01m[Kros[m[K’ has not been declared
[1.531s]    48 |          [01;31m[Kros[m[K::Rate r(60); // hz
[1.531s]       |          [01;31m[K^~~[m[K
[1.531s] In file included from [01m[K/opt/ros/foxy/include/rclcpp/service.hpp:34[m[K,
[1.531s]                  from [01m[K/opt/ros/foxy/include/rclcpp/callback_group.hpp:25[m[K,
[1.531s]                  from [01m[K/opt/ros/foxy/include/rclcpp/any_executable.hpp:20[m[K,
[1.531s]                  from [01m[K/opt/ros/foxy/include/rclcpp/memory_strategy.hpp:24[m[K,
[1.531s]                  from [01m[K/opt/ros/foxy/include/rclcpp/memory_strategies.hpp:18[m[K,
[1.531s]                  from [01m[K/opt/ros/foxy/include/rclcpp/executor_options.hpp:20[m[K,
[1.531s]                  from [01m[K/opt/ros/foxy/include/rclcpp/executor.hpp:33[m[K,
[1.531s]                  from [01m[K/opt/ros/foxy/include/rclcpp/executors/multi_threaded_executor.hpp:26[m[K,
[1.531s]                  from [01m[K/opt/ros/foxy/include/rclcpp/executors.hpp:21[m[K,
[1.531s]                  from [01m[K/opt/ros/foxy/include/rclcpp/rclcpp.hpp:146[m[K,
[1.531s]                  from [01m[K/home/robogait/azure_kinect_ws/src/body_tracking/src/kinectAzure_body_tracker_node.cpp:16[m[K:
[1.531s] [01m[K/home/robogait/azure_kinect_ws/src/body_tracking/src/kinectAzure_body_tracker_node.cpp:49:4:[m[K [01;31m[Kerror: [m[Kstatic assertion failed: First argument to logging macros must be an rclcpp::Logger
[1.531s]    49 |    [01;31m[KRCLCPP_INFO[m[K("Waiting for person to be detected...");
[1.531s]       |    [01;31m[K^~~~~~~~~~~[m[K
[1.531s] In file included from [01m[K/opt/ros/foxy/include/rclcpp/client.hpp:40[m[K,
[1.531s]                  from [01m[K/opt/ros/foxy/include/rclcpp/callback_group.hpp:23[m[K,
[1.531s]                  from [01m[K/opt/ros/foxy/include/rclcpp/any_executable.hpp:20[m[K,
[1.531s]                  from [01m[K/opt/ros/foxy/include/rclcpp/memory_strategy.hpp:24[m[K,
[1.531s]                  from [01m[K/opt/ros/foxy/include/rclcpp/memory_strategies.hpp:18[m[K,
[1.531s]                  from [01m[K/opt/ros/foxy/include/rclcpp/executor_options.hpp:20[m[K,
[1.531s]                  from [01m[K/opt/ros/foxy/include/rclcpp/executor.hpp:33[m[K,
[1.531s]                  from [01m[K/opt/ros/foxy/include/rclcpp/executors/multi_threaded_executor.hpp:26[m[K,
[1.531s]                  from [01m[K/opt/ros/foxy/include/rclcpp/executors.hpp:21[m[K,
[1.531s]                  from [01m[K/opt/ros/foxy/include/rclcpp/rclcpp.hpp:146[m[K,
[1.531s]                  from [01m[K/home/robogait/azure_kinect_ws/src/body_tracking/src/kinectAzure_body_tracker_node.cpp:16[m[K:
[1.532s] [01m[K/home/robogait/azure_kinect_ws/src/body_tracking/src/kinectAzure_body_tracker_node.cpp:49:4:[m[K [01;31m[Kerror: [m[Krequest for member ‘[01m[Kget_name[m[K’ in ‘[01m[K"Waiting for person to be detected..."[m[K’, which is of non-class type ‘[01m[Kconst char [37][m[K’
[1.532s]    49 |    [01;31m[KRCLCPP_INFO[m[K("Waiting for person to be detected...");
[1.532s]       |    [01;31m[K^~~~~~~~~~~[m[K
[1.532s] [01m[K/home/robogait/azure_kinect_ws/src/body_tracking/src/kinectAzure_body_tracker_node.cpp:49:4:[m[K [01;31m[Kerror: [m[Krequest for member ‘[01m[Kget_name[m[K’ in ‘[01m[K"Waiting for person to be detected..."[m[K’, which is of non-class type ‘[01m[Kconst char [37][m[K’
[1.532s]    49 |    [01;31m[KRCLCPP_INFO[m[K("Waiting for person to be detected...");
[1.532s]       |    [01;31m[K^~~~~~~~~~~[m[K
[1.532s] [01m[K/home/robogait/azure_kinect_ws/src/body_tracking/src/kinectAzure_body_tracker_node.cpp:49:4:[m[K [01;31m[Kerror: [m[Kno matching function for call to ‘[01m[Kget_c_string()[m[K’
[1.532s]    49 |    [01;31m[KRCLCPP_INFO[m[K("Waiting for person to be detected...");
[1.532s]       |    [01;31m[K^~~~~~~~~~~[m[K
[1.532s] In file included from [01m[K/opt/ros/foxy/include/rclcpp/client.hpp:36[m[K,
[1.532s]                  from [01m[K/opt/ros/foxy/include/rclcpp/callback_group.hpp:23[m[K,
[1.532s]                  from [01m[K/opt/ros/foxy/include/rclcpp/any_executable.hpp:20[m[K,
[1.532s]                  from [01m[K/opt/ros/foxy/include/rclcpp/memory_strategy.hpp:24[m[K,
[1.532s]                  from [01m[K/opt/ros/foxy/include/rclcpp/memory_strategies.hpp:18[m[K,
[1.532s]                  from [01m[K/opt/ros/foxy/include/rclcpp/executor_options.hpp:20[m[K,
[1.532s]                  from [01m[K/opt/ros/foxy/include/rclcpp/executor.hpp:33[m[K,
[1.532s]                  from [01m[K/opt/ros/foxy/include/rclcpp/executors/multi_threaded_executor.hpp:26[m[K,
[1.532s]                  from [01m[K/opt/ros/foxy/include/rclcpp/executors.hpp:21[m[K,
[1.532s]                  from [01m[K/opt/ros/foxy/include/rclcpp/rclcpp.hpp:146[m[K,
[1.532s]                  from [01m[K/home/robogait/azure_kinect_ws/src/body_tracking/src/kinectAzure_body_tracker_node.cpp:16[m[K:
[1.532s] [01m[K/opt/ros/foxy/include/rclcpp/utilities.hpp:296:1:[m[K [01;36m[Knote: [m[Kcandidate: ‘[01m[Kconst char* rclcpp::get_c_string(const char*)[m[K’
[1.532s]   296 | [01;36m[Kget_c_string[m[K(const char * string_in);
[1.532s]       | [01;36m[K^~~~~~~~~~~~[m[K
[1.532s] [01m[K/opt/ros/foxy/include/rclcpp/utilities.hpp:296:1:[m[K [01;36m[Knote: [m[K  candidate expects 1 argument, 0 provided
[1.532s] [01m[K/opt/ros/foxy/include/rclcpp/utilities.hpp:305:1:[m[K [01;36m[Knote: [m[Kcandidate: ‘[01m[Kconst char* rclcpp::get_c_string(const string&)[m[K’
[1.532s]   305 | [01;36m[Kget_c_string[m[K(const std::string & string_in);
[1.532s]       | [01;36m[K^~~~~~~~~~~~[m[K
[1.532s] [01m[K/opt/ros/foxy/include/rclcpp/utilities.hpp:305:1:[m[K [01;36m[Knote: [m[K  candidate expects 1 argument, 0 provided
[2.062s] At global scope:
[2.063s] [01m[Kcc1plus:[m[K [01;35m[Kwarning: [m[Kunrecognized command line option ‘[01m[K-Wno-dev[m[K’
[2.069s] make[2]: *** [CMakeFiles/body_tracking_node.dir/build.make:63: CMakeFiles/body_tracking_node.dir/src/kinectAzure_body_tracker_node.cpp.o] Error 1
[2.070s] make[1]: *** [CMakeFiles/Makefile2:208: CMakeFiles/body_tracking_node.dir/all] Error 2
[2.070s] make: *** [Makefile:141: all] Error 2
[2.071s] Invoked command in '/home/robogait/azure_kinect_ws/build/body_tracking' returned '2': CMAKE_PREFIX_PATH=${CMAKE_PREFIX_PATH}:/home/robogait/ros2_serial/install/ourbotmanager:/opt/ros/foxy /usr/bin/cmake --build /home/robogait/azure_kinect_ws/build/body_tracking -- -j8 -l8
