[0.015s] Invoking command in '/home/robogait/catkin_ws/build/pkg_navigation': CMAKE_PREFIX_PATH=${CMAKE_PREFIX_PATH}:/home/robogait/nav2_ws/install/nav2_gazebo_spawner:/home/robogait/ros2_serial/install/ourbotmanager:/home/robogait/ros2_ws/install/nav2_project:/opt/ros/foxy /usr/bin/cmake --build /home/robogait/catkin_ws/build/pkg_navigation -- -j8 -l8
[0.087s] [  9%] Built target publisher_initial_pose
[0.088s] [ 18%] Built target tf2_broadcaster
[0.088s] [ 27%] Built target robot_controller
[0.088s] [ 36%] Built target publisher_subscriber
[0.088s] [ 54%] Built target tf2_broadcaster_person
[0.088s] [ 54%] Built target robot_odom_tf2_listener
[0.089s] [ 63%] Built target tf2_broadcaster_camera
[0.091s] [ 72%] Built target robot_controller_position
[0.101s] [35m[1mScanning dependencies of target camera_controller[0m
[0.119s] [ 81%] Built target person_odom_tf2_listener
[0.119s] [ 90%] Built target robot_controller_straight
[0.123s] [ 95%] [32mBuilding CXX object CMakeFiles/camera_controller.dir/src/camera_controller.cpp.o[0m
[0.938s] [01m[K/home/robogait/catkin_ws/src/pkg_navigation/src/camera_controller.cpp:98:9:[m[K [01;31m[Kerror: [m[Kexpected ‘[01m[K;[m[K’ after class definition
[0.938s]    98 |        }
[0.938s]       |         [01;31m[K^[m[K
[0.939s]       |         [32m[K;[m[K
[0.953s] [01m[K/home/robogait/catkin_ws/src/pkg_navigation/src/camera_controller.cpp:[m[K In member function ‘[01m[Kvoid generic::callback_camera_position(std_msgs::msg::Float32_<std::allocator<void> >::SharedPtr)[m[K’:
[0.953s] [01m[K/home/robogait/catkin_ws/src/pkg_navigation/src/camera_controller.cpp:66:10:[m[K [01;31m[Kerror: [m[K‘[01m[Kcamera_position[m[K’ was not declared in this scope
[0.953s]    66 |          [01;31m[Kcamera_position[m[K=msg->data;
[0.953s]       |          [01;31m[K^~~~~~~~~~~~~~~[m[K
[0.954s] [01m[K/home/robogait/catkin_ws/src/pkg_navigation/src/camera_controller.cpp:[m[K In member function ‘[01m[Kvoid generic::topic_callback_spine_bottom(body_tracker_msgs::msg::SpineBottom_<std::allocator<void> >::SharedPtr)[m[K’:
[0.954s] [01m[K/home/robogait/catkin_ws/src/pkg_navigation/src/camera_controller.cpp:75:9:[m[K [01;31m[Kerror: [m[K‘[01m[Kangle_person[m[K’ was not declared in this scope
[0.954s]    75 |         [01;31m[Kangle_person[m[K=atan(personx/personz);
[0.954s]       |         [01;31m[K^~~~~~~~~~~~[m[K
[0.957s] [01m[K/home/robogait/catkin_ws/src/pkg_navigation/src/camera_controller.cpp:[m[K In member function ‘[01m[Kvoid generic::controller()[m[K’:
[0.957s] [01m[K/home/robogait/catkin_ws/src/pkg_navigation/src/camera_controller.cpp:86:24:[m[K [01;31m[Kerror: [m[K‘[01m[Kangle_person[m[K’ was not declared in this scope
[0.957s]    86 |         float control=-[01;31m[Kangle_person[m[K;
[0.957s]       |                        [01;31m[K^~~~~~~~~~~~[m[K
[0.958s] [01m[K/home/robogait/catkin_ws/src/pkg_navigation/src/camera_controller.cpp:90:21:[m[K [01;31m[Kerror: [m[K‘[01m[Kmax_speed[m[K’ was not declared in this scope
[0.958s]    90 |         if(control<-[01;31m[Kmax_speed[m[K){
[0.958s]       |                     [01;31m[K^~~~~~~~~[m[K
[0.959s] [01m[K/home/robogait/catkin_ws/src/pkg_navigation/src/camera_controller.cpp:94:9:[m[K [01;31m[Kerror: [m[K‘[01m[Kcamera_msg[m[K’ was not declared in this scope
[0.960s]    94 |         [01;31m[Kcamera_msg[m[K.data=control;
[0.960s]       |         [01;31m[K^~~~~~~~~~[m[K
[0.960s] [01m[K/home/robogait/catkin_ws/src/pkg_navigation/src/camera_controller.cpp:[m[K In function ‘[01m[Kfloat mean_filter(float)[m[K’:
[0.960s] [01m[K/home/robogait/catkin_ws/src/pkg_navigation/src/camera_controller.cpp:105:27:[m[K [01;31m[Kerror: [m[Kmissing template arguments before ‘[01m[K)[m[K’ token
[0.960s]   105 |        size = sizeof(array[01;31m[K)[m[K / sizeof(array[0]);
[0.960s]       |                           [01;31m[K^[m[K
[0.960s] [01m[K/home/robogait/catkin_ws/src/pkg_navigation/src/camera_controller.cpp:105:43:[m[K [01;31m[Kerror: [m[Kmissing template arguments before ‘[01m[K[[m[K’ token
[0.960s]   105 |        size = sizeof(array) / sizeof(array[01;31m[K[[m[K0]);
[0.960s]       |                                           [01;31m[K^[m[K
[0.960s] [01m[K/home/robogait/catkin_ws/src/pkg_navigation/src/camera_controller.cpp:107:22:[m[K [01;31m[Kerror: [m[Kmissing template arguments before ‘[01m[K[[m[K’ token
[0.960s]   107 |        memmove(&array[01;31m[K[[m[K0], &array[1], (size - 1) * sizeof(array[0]));
[0.960s]       |                      [01;31m[K^[m[K
[0.960s] [01m[K/home/robogait/catkin_ws/src/pkg_navigation/src/camera_controller.cpp:107:33:[m[K [01;31m[Kerror: [m[Kmissing template arguments before ‘[01m[K[[m[K’ token
[0.960s]   107 |        memmove(&array[0], &array[01;31m[K[[m[K1], (size - 1) * sizeof(array[0]));
[0.960s]       |                                 [01;31m[K^[m[K
[0.960s] [01m[K/home/robogait/catkin_ws/src/pkg_navigation/src/camera_controller.cpp:107:63:[m[K [01;31m[Kerror: [m[Kmissing template arguments before ‘[01m[K[[m[K’ token
[0.960s]   107 |        memmove(&array[0], &array[1], (size - 1) * sizeof(array[01;31m[K[[m[K0]));
[0.960s]       |                                                               [01;31m[K^[m[K
[0.960s] [01m[K/home/robogait/catkin_ws/src/pkg_navigation/src/camera_controller.cpp:108:13:[m[K [01;31m[Kerror: [m[Kmissing template arguments before ‘[01m[K[[m[K’ token
[0.960s]   108 |        array[01;31m[K[[m[Ksize - 1] = new_data;
[0.960s]       |             [01;31m[K^[m[K
[0.960s] [01m[K/home/robogait/catkin_ws/src/pkg_navigation/src/camera_controller.cpp:110:34:[m[K [01;31m[Kerror: [m[Kmissing template arguments before ‘[01m[K)[m[K’ token
[0.960s]   110 |        for (const auto& e : array[01;31m[K)[m[K {
[0.960s]       |                                  [01;31m[K^[m[K
[0.960s] [01m[K/home/robogait/catkin_ws/src/pkg_navigation/src/camera_controller.cpp:118:15:[m[K [01;31m[Kerror: [m[Kmissing template arguments before ‘[01m[K[[m[K’ token
[0.961s]   118 |   sum += array[01;31m[K[[m[Ki];
[0.961s]       |               [01;31m[K^[m[K
[0.961s] [01m[K/home/robogait/catkin_ws/src/pkg_navigation/src/camera_controller.cpp:[m[K At global scope:
[0.961s] [01m[K/home/robogait/catkin_ws/src/pkg_navigation/src/camera_controller.cpp:130:1:[m[K [01;31m[Kerror: [m[Kexpected declaration before ‘[01m[K}[m[K’ token
[0.961s]   130 | [01;31m[K}[m[K;
[0.961s]       | [01;31m[K^[m[K
[2.188s] make[2]: *** [CMakeFiles/camera_controller.dir/build.make:63: CMakeFiles/camera_controller.dir/src/camera_controller.cpp.o] Error 1
[2.188s] make[1]: *** [CMakeFiles/Makefile2:422: CMakeFiles/camera_controller.dir/all] Error 2
[2.188s] make: *** [Makefile:141: all] Error 2
[2.190s] Invoked command in '/home/robogait/catkin_ws/build/pkg_navigation' returned '2': CMAKE_PREFIX_PATH=${CMAKE_PREFIX_PATH}:/home/robogait/nav2_ws/install/nav2_gazebo_spawner:/home/robogait/ros2_serial/install/ourbotmanager:/home/robogait/ros2_ws/install/nav2_project:/opt/ros/foxy /usr/bin/cmake --build /home/robogait/catkin_ws/build/pkg_navigation -- -j8 -l8
