[0.010s] Invoking command in '/home/robogait/azure_kinect_ws/build/body_tracking': CMAKE_PREFIX_PATH=${CMAKE_PREFIX_PATH}:/home/robogait/ros2_serial/install/ourbotmanager:/opt/ros/foxy /usr/bin/cmake --build /home/robogait/azure_kinect_ws/build/body_tracking -- -j8 -l8
[0.042s] [35m[1mScanning dependencies of target prueba_talker[0m
[0.051s] [  5%] Built target talker
[0.051s] [ 12%] Built target body_tracking__rosidl_generator_c
[0.051s] [ 17%] Built target body_tracking__cpp
[0.051s] [ 20%] Built target body_tracking_node
[0.056s] [ 25%] Built target listener
[0.068s] [ 33%] Built target body_tracking__rosidl_typesupport_cpp
[0.068s] [ 41%] Built target body_tracking__rosidl_typesupport_introspection_c
[0.068s] [ 48%] Built target body_tracking__rosidl_typesupport_c
[0.069s] [ 56%] Built target body_tracking__rosidl_typesupport_introspection_cpp
[0.069s] [ 64%] Built target body_tracking__rosidl_typesupport_fastrtps_cpp
[0.070s] [ 66%] [32mBuilding CXX object CMakeFiles/prueba_talker.dir/src/main.cpp.o[0m
[0.086s] [ 74%] Built target body_tracking__rosidl_typesupport_fastrtps_c
[0.099s] [ 74%] Built target body_tracking
[0.114s] [ 76%] Built target body_tracking__py
[0.133s] [ 82%] Built target body_tracking__python
[0.150s] [ 94%] Built target body_tracking__rosidl_typesupport_fastrtps_c__pyext
[0.150s] [ 94%] Built target body_tracking__rosidl_typesupport_introspection_c__pyext
[0.150s] [ 97%] Built target body_tracking__rosidl_typesupport_c__pyext
[0.805s] [01m[K/home/robogait/azure_kinect_ws/src/body_tracking/src/main.cpp:[m[K In member function ‘[01m[Kvoid MinimalPublisher::timer_callback()[m[K’:
[0.805s] [01m[K/home/robogait/azure_kinect_ws/src/body_tracking/src/main.cpp:43:65:[m[K [01;31m[Kerror: [m[K‘[01m[Kdevice[m[K’ was not declared in this scope
[0.805s]    43 |   k4a_wait_result_t get_capture_result = k4a_device_get_capture([01;31m[Kdevice[m[K, &sensor_capture, K4A_WAIT_INFINITE);
[0.805s]       |                                                                 [01;31m[K^~~~~~[m[K
[0.806s] [01m[K/home/robogait/azure_kinect_ws/src/body_tracking/src/main.cpp:46:7:[m[K [01;31m[Kerror: [m[K‘[01m[Kframe_count[m[K’ was not declared in this scope
[0.806s]    46 |       [01;31m[Kframe_count[m[K++;
[0.806s]       |       [01;31m[K^~~~~~~~~~~[m[K
[0.807s] [01m[K/home/robogait/azure_kinect_ws/src/body_tracking/src/main.cpp:52:78:[m[K [01;31m[Kerror: [m[K‘[01m[Ktracker[m[K’ was not declared in this scope
[0.807s]    52 |       k4a_wait_result_t queue_capture_result = k4abt_tracker_enqueue_capture([01;31m[Ktracker[m[K, sensor_capture, K4A_WAIT_INFINITE);
[0.807s]       |                                                                              [01;31m[K^~~~~~~[m[K
[0.808s] [01m[K/home/robogait/azure_kinect_ws/src/body_tracking/src/main.cpp:59:11:[m[K [01;31m[Kerror: [m[Kbreak statement not within loop or switch
[0.808s]    59 |           [01;31m[Kbreak[m[K;
[0.808s]       |           [01;31m[K^~~~~[m[K
[0.808s] [01m[K/home/robogait/azure_kinect_ws/src/body_tracking/src/main.cpp:64:11:[m[K [01;31m[Kerror: [m[Kbreak statement not within loop or switch
[0.808s]    64 |           [01;31m[Kbreak[m[K;
[0.808s]       |           [01;31m[K^~~~~[m[K
[0.812s] [01m[K/home/robogait/azure_kinect_ws/src/body_tracking/src/main.cpp:73:11:[m[K [01;31m[Kerror: [m[K‘[01m[Ktotal_success_tracker_time[m[K’ was not declared in this scope
[0.812s]    73 |           [01;31m[Ktotal_success_tracker_time[m[K += time_spent;
[0.812s]       |           [01;31m[K^~~~~~~~~~~~~~~~~~~~~~~~~~[m[K
[0.815s] [01m[K/home/robogait/azure_kinect_ws/src/body_tracking/src/main.cpp:74:11:[m[K [01;31m[Kerror: [m[K‘[01m[Ksuccess_frame_count[m[K’ was not declared in this scope
[0.815s]    74 |           [01;31m[Ksuccess_frame_count[m[K++;
[0.815s]       |           [01;31m[K^~~~~~~~~~~~~~~~~~~[m[K
[0.819s] [01m[K/home/robogait/azure_kinect_ws/src/body_tracking/src/main.cpp:80:11:[m[K [01;31m[Kerror: [m[K‘[01m[Ktotal_success_body_count[m[K’ was not declared in this scope
[0.819s]    80 |           [01;31m[Ktotal_success_body_count[m[K += num_bodies;
[0.819s]       |           [01;31m[K^~~~~~~~~~~~~~~~~~~~~~~~[m[K
[0.819s] [01m[K/home/robogait/azure_kinect_ws/src/body_tracking/src/main.cpp:111:11:[m[K [01;31m[Kerror: [m[Kbreak statement not within loop or switch
[0.819s]   111 |           [01;31m[Kbreak[m[K;
[0.819s]       |           [01;31m[K^~~~~[m[K
[0.819s] [01m[K/home/robogait/azure_kinect_ws/src/body_tracking/src/main.cpp:116:11:[m[K [01;31m[Kerror: [m[Kbreak statement not within loop or switch
[0.819s]   116 |           [01;31m[Kbreak[m[K;
[0.819s]       |           [01;31m[K^~~~~[m[K
[0.819s] [01m[K/home/robogait/azure_kinect_ws/src/body_tracking/src/main.cpp:123:7:[m[K [01;31m[Kerror: [m[Kbreak statement not within loop or switch
[0.819s]   123 |       [01;31m[Kbreak[m[K;
[0.819s]       |       [01;31m[K^~~~~[m[K
[0.819s] [01m[K/home/robogait/azure_kinect_ws/src/body_tracking/src/main.cpp:128:7:[m[K [01;31m[Kerror: [m[Kbreak statement not within loop or switch
[0.819s]   128 |       [01;31m[Kbreak[m[K;
[0.819s]       |       [01;31m[K^~~~~[m[K
[0.820s] [01m[K/home/robogait/azure_kinect_ws/src/body_tracking/src/main.cpp:133:27:[m[K [01;31m[Kerror: [m[K‘[01m[Kbody[m[K’ was not declared in this scope
[0.820s]   133 |   k4a_float3_t position = [01;31m[Kbody[m[K.skeleton.joints[coordenadaCadera].position;
[0.820s]       |                           [01;31m[K^~~~[m[K
[1.358s] make[2]: *** [CMakeFiles/prueba_talker.dir/build.make:63: CMakeFiles/prueba_talker.dir/src/main.cpp.o] Error 1
[1.359s] make[1]: *** [CMakeFiles/Makefile2:325: CMakeFiles/prueba_talker.dir/all] Error 2
[1.359s] make: *** [Makefile:141: all] Error 2
[1.360s] Invoked command in '/home/robogait/azure_kinect_ws/build/body_tracking' returned '2': CMAKE_PREFIX_PATH=${CMAKE_PREFIX_PATH}:/home/robogait/ros2_serial/install/ourbotmanager:/opt/ros/foxy /usr/bin/cmake --build /home/robogait/azure_kinect_ws/build/body_tracking -- -j8 -l8
