[0.013s] Invoking command in '/home/robogait/azure_kinect_ws/build/body_tracking': CMAKE_PREFIX_PATH=${CMAKE_PREFIX_PATH}:/home/robogait/ros2_serial/install/ourbotmanager:/opt/ros/foxy /usr/bin/cmake --build /home/robogait/azure_kinect_ws/build/body_tracking -- -j8 -l8
[0.040s] [35m[1mScanning dependencies of target body_tracking_recording_node[0m
[0.055s] [ 50%] Built target body_tracking_node
[0.060s] [ 75%] [32mBuilding CXX object CMakeFiles/body_tracking_recording_node.dir/src/kinectAzure_body_tracker_node_plus_recording.cpp.o[0m
[1.835s] [100%] [32m[1mLinking CXX executable body_tracking_recording_node[0m
[1.938s] [100%] Built target body_tracking_recording_node
[1.946s] Invoked command in '/home/robogait/azure_kinect_ws/build/body_tracking' returned '0': CMAKE_PREFIX_PATH=${CMAKE_PREFIX_PATH}:/home/robogait/ros2_serial/install/ourbotmanager:/opt/ros/foxy /usr/bin/cmake --build /home/robogait/azure_kinect_ws/build/body_tracking -- -j8 -l8
[1.966s] Invoking command in '/home/robogait/azure_kinect_ws/build/body_tracking': CMAKE_PREFIX_PATH=${CMAKE_PREFIX_PATH}:/home/robogait/ros2_serial/install/ourbotmanager:/opt/ros/foxy /usr/bin/cmake --install /home/robogait/azure_kinect_ws/build/body_tracking
[1.972s] -- Install configuration: ""
[1.972s] -- Execute custom install script
[1.972s] -- Up-to-date symlink: /home/robogait/azure_kinect_ws/install/body_tracking/lib/body_tracking/body_tracking_node
[1.972s] -- Up-to-date symlink: /home/robogait/azure_kinect_ws/install/body_tracking/lib/body_tracking/body_tracking_recording_node
[1.972s] -- Up-to-date symlink: /home/robogait/azure_kinect_ws/install/body_tracking/lib/body_tracking/body_tracking_node
[1.972s] -- Up-to-date symlink: /home/robogait/azure_kinect_ws/install/body_tracking/lib/body_tracking/body_tracking_recording_node
[1.973s] -- Up-to-date symlink: /home/robogait/azure_kinect_ws/install/body_tracking/share/ament_index/resource_index/package_run_dependencies/body_tracking
[1.973s] -- Up-to-date symlink: /home/robogait/azure_kinect_ws/install/body_tracking/share/ament_index/resource_index/parent_prefix_path/body_tracking
[1.973s] -- Up-to-date symlink: /home/robogait/azure_kinect_ws/install/body_tracking/share/body_tracking/environment/ament_prefix_path.sh
[1.973s] -- Up-to-date symlink: /home/robogait/azure_kinect_ws/install/body_tracking/share/body_tracking/environment/ament_prefix_path.dsv
[1.973s] -- Up-to-date symlink: /home/robogait/azure_kinect_ws/install/body_tracking/share/body_tracking/environment/path.sh
[1.973s] -- Up-to-date symlink: /home/robogait/azure_kinect_ws/install/body_tracking/share/body_tracking/environment/path.dsv
[1.973s] -- Up-to-date symlink: /home/robogait/azure_kinect_ws/install/body_tracking/share/body_tracking/local_setup.bash
[1.974s] -- Up-to-date symlink: /home/robogait/azure_kinect_ws/install/body_tracking/share/body_tracking/local_setup.sh
[1.974s] -- Up-to-date symlink: /home/robogait/azure_kinect_ws/install/body_tracking/share/body_tracking/local_setup.zsh
[1.974s] -- Up-to-date symlink: /home/robogait/azure_kinect_ws/install/body_tracking/share/body_tracking/local_setup.dsv
[1.974s] -- Symlinking: /home/robogait/azure_kinect_ws/install/body_tracking/share/body_tracking/package.dsv
[1.980s] -- Up-to-date symlink: /home/robogait/azure_kinect_ws/install/body_tracking/share/ament_index/resource_index/packages/body_tracking
[1.980s] -- Up-to-date symlink: /home/robogait/azure_kinect_ws/install/body_tracking/share/body_tracking/cmake/body_trackingConfig.cmake
[1.980s] -- Up-to-date symlink: /home/robogait/azure_kinect_ws/install/body_tracking/share/body_tracking/cmake/body_trackingConfig-version.cmake
[1.980s] -- Up-to-date symlink: /home/robogait/azure_kinect_ws/install/body_tracking/share/body_tracking/package.xml
[1.982s] Invoked command in '/home/robogait/azure_kinect_ws/build/body_tracking' returned '0': CMAKE_PREFIX_PATH=${CMAKE_PREFIX_PATH}:/home/robogait/ros2_serial/install/ourbotmanager:/opt/ros/foxy /usr/bin/cmake --install /home/robogait/azure_kinect_ws/build/body_tracking
