[0.013s] Invoking command in '/home/robogait/catkin_ws/build/pkg_navigation': CMAKE_PREFIX_PATH=${CMAKE_PREFIX_PATH}:/home/robogait/nav2_ws/install/nav2_gazebo_spawner:/home/robogait/ros2_serial/install/ourbotmanager:/opt/ros/foxy /usr/bin/cmake --build /home/robogait/catkin_ws/build/pkg_navigation -- -j8 -l8
[0.051s] [35m[1mScanning dependencies of target publisher_subscriber[0m
[0.067s] [ 50%] Built target tf2_broadcaster
[0.069s] [ 75%] [32mBuilding CXX object CMakeFiles/publisher_subscriber.dir/src/publisher_subscriber.cpp.o[0m
[3.607s] [100%] [32m[1mLinking CXX executable publisher_subscriber[0m
[3.787s] [100%] Built target publisher_subscriber
[3.797s] Invoked command in '/home/robogait/catkin_ws/build/pkg_navigation' returned '0': CMAKE_PREFIX_PATH=${CMAKE_PREFIX_PATH}:/home/robogait/nav2_ws/install/nav2_gazebo_spawner:/home/robogait/ros2_serial/install/ourbotmanager:/opt/ros/foxy /usr/bin/cmake --build /home/robogait/catkin_ws/build/pkg_navigation -- -j8 -l8
[3.847s] Invoking command in '/home/robogait/catkin_ws/build/pkg_navigation': CMAKE_PREFIX_PATH=${CMAKE_PREFIX_PATH}:/home/robogait/nav2_ws/install/nav2_gazebo_spawner:/home/robogait/ros2_serial/install/ourbotmanager:/opt/ros/foxy /usr/bin/cmake --install /home/robogait/catkin_ws/build/pkg_navigation
[3.858s] -- Install configuration: ""
[3.858s] -- Installing: /home/robogait/catkin_ws/install/pkg_navigation/lib/pkg_navigation/publisher_subscriber
[3.859s] -- Set runtime path of "/home/robogait/catkin_ws/install/pkg_navigation/lib/pkg_navigation/publisher_subscriber" to ""
[3.859s] -- Up-to-date: /home/robogait/catkin_ws/install/pkg_navigation/lib/pkg_navigation/tf2_broadcaster
[3.860s] -- Up-to-date: /home/robogait/catkin_ws/install/pkg_navigation/share/pkg_navigation/launch
[3.860s] -- Up-to-date: /home/robogait/catkin_ws/install/pkg_navigation/share/pkg_navigation/launch/map_server_launch.py
[3.860s] -- Up-to-date: /home/robogait/catkin_ws/install/pkg_navigation/share/pkg_navigation/launch/__pycache__
[3.860s] -- Up-to-date: /home/robogait/catkin_ws/install/pkg_navigation/share/pkg_navigation/launch/__pycache__/turtlesim_mimic_launch.cpython-38.pyc
[3.860s] -- Up-to-date: /home/robogait/catkin_ws/install/pkg_navigation/share/pkg_navigation/launch/online_async_launch.py
[3.860s] -- Up-to-date: /home/robogait/catkin_ws/install/pkg_navigation/share/pkg_navigation/launch/mapping_launch.py
[3.860s] -- Up-to-date: /home/robogait/catkin_ws/install/pkg_navigation/share/pkg_navigation/rviz
[3.860s] -- Up-to-date: /home/robogait/catkin_ws/install/pkg_navigation/share/pkg_navigation/rviz/rviz_config.rviz
[3.860s] -- Up-to-date: /home/robogait/catkin_ws/install/pkg_navigation/share/pkg_navigation/config
[3.860s] -- Up-to-date: /home/robogait/catkin_ws/install/pkg_navigation/share/pkg_navigation/config/mapper_params_online_async.yaml
[3.860s] -- Up-to-date: /home/robogait/catkin_ws/install/pkg_navigation/share/pkg_navigation/maps
[3.860s] -- Up-to-date: /home/robogait/catkin_ws/install/pkg_navigation/share/pkg_navigation/maps/map_laboratory.pgm
[3.860s] -- Up-to-date: /home/robogait/catkin_ws/install/pkg_navigation/share/pkg_navigation/maps/map_laboratory.yaml
[3.860s] -- Up-to-date: /home/robogait/catkin_ws/install/pkg_navigation/share/pkg_navigation/maps/test_map.pgm
[3.860s] -- Up-to-date: /home/robogait/catkin_ws/install/pkg_navigation/share/pkg_navigation/maps/test_map.yaml
[3.860s] -- Up-to-date: /home/robogait/catkin_ws/install/pkg_navigation/share/ament_index/resource_index/package_run_dependencies/pkg_navigation
[3.860s] -- Up-to-date: /home/robogait/catkin_ws/install/pkg_navigation/share/ament_index/resource_index/parent_prefix_path/pkg_navigation
[3.861s] -- Up-to-date: /home/robogait/catkin_ws/install/pkg_navigation/share/pkg_navigation/environment/ament_prefix_path.sh
[3.861s] -- Up-to-date: /home/robogait/catkin_ws/install/pkg_navigation/share/pkg_navigation/environment/ament_prefix_path.dsv
[3.861s] -- Up-to-date: /home/robogait/catkin_ws/install/pkg_navigation/share/pkg_navigation/environment/path.sh
[3.861s] -- Up-to-date: /home/robogait/catkin_ws/install/pkg_navigation/share/pkg_navigation/environment/path.dsv
[3.861s] -- Up-to-date: /home/robogait/catkin_ws/install/pkg_navigation/share/pkg_navigation/local_setup.bash
[3.861s] -- Up-to-date: /home/robogait/catkin_ws/install/pkg_navigation/share/pkg_navigation/local_setup.sh
[3.861s] -- Up-to-date: /home/robogait/catkin_ws/install/pkg_navigation/share/pkg_navigation/local_setup.zsh
[3.861s] -- Up-to-date: /home/robogait/catkin_ws/install/pkg_navigation/share/pkg_navigation/local_setup.dsv
[3.861s] -- Installing: /home/robogait/catkin_ws/install/pkg_navigation/share/pkg_navigation/package.dsv
[3.862s] -- Up-to-date: /home/robogait/catkin_ws/install/pkg_navigation/share/ament_index/resource_index/packages/pkg_navigation
[3.862s] -- Up-to-date: /home/robogait/catkin_ws/install/pkg_navigation/share/pkg_navigation/cmake/pkg_navigationConfig.cmake
[3.862s] -- Up-to-date: /home/robogait/catkin_ws/install/pkg_navigation/share/pkg_navigation/cmake/pkg_navigationConfig-version.cmake
[3.862s] -- Up-to-date: /home/robogait/catkin_ws/install/pkg_navigation/share/pkg_navigation/package.xml
[3.862s] Invoked command in '/home/robogait/catkin_ws/build/pkg_navigation' returned '0': CMAKE_PREFIX_PATH=${CMAKE_PREFIX_PATH}:/home/robogait/nav2_ws/install/nav2_gazebo_spawner:/home/robogait/ros2_serial/install/ourbotmanager:/opt/ros/foxy /usr/bin/cmake --install /home/robogait/catkin_ws/build/pkg_navigation
