[35m[1mScanning dependencies of target body_tracking_node[0m
[  2%] Built target body_tracking__cpp
[ 12%] Built target body_tracking__rosidl_generator_c
[ 14%] [32mBuilding CXX object CMakeFiles/body_tracking_node.dir/src/kinectAzure_body_tracker_node.cpp.o[0m
[ 24%] Built target body_tracking__rosidl_typesupport_introspection_cpp
[ 34%] Built target body_tracking__rosidl_typesupport_cpp
[ 43%] Built target body_tracking__rosidl_typesupport_c
[ 53%] Built target body_tracking__rosidl_typesupport_introspection_c
[ 63%] Built target body_tracking__rosidl_typesupport_fastrtps_cpp
[ 73%] Built target body_tracking__rosidl_typesupport_fastrtps_c
[ 73%] Built target body_tracking
[ 75%] Built target body_tracking__py
[ 82%] Built target body_tracking__python
[ 92%] Built target body_tracking__rosidl_typesupport_c__pyext
[ 92%] Built target body_tracking__rosidl_typesupport_fastrtps_c__pyext
[ 97%] Built target body_tracking__rosidl_typesupport_introspection_c__pyext
[01m[K/home/robogait/azure_kinect_ws/src/body_tracking/src/kinectAzure_body_tracker_node.cpp:[m[K In member function ‘[01m[Kvoid MinimalPublisher::body_tracking()[m[K’:
[01m[K/home/robogait/azure_kinect_ws/src/body_tracking/src/kinectAzure_body_tracker_node.cpp:81:42:[m[K [01;31m[Kerror: [m[Kcannot call member function ‘[01m[Krclcpp::Time rclcpp::Clock::now()[m[K’ without object
   81 |           t_muestra = rclcpp::Clock::now([01;31m[K)[m[K;;
      |                                          [01;31m[K^[m[K
[01m[K/home/robogait/azure_kinect_ws/src/body_tracking/src/kinectAzure_body_tracker_node.cpp:143:36:[m[K [01;31m[Kerror: [m[Kcannot convert ‘[01m[Krclcpp::Duration[m[K’ to ‘[01m[Kbody_tracking::msg::Skeleton_<std::allocator<void> >::_tiempo_type[m[K’ {aka ‘[01m[Kdouble[m[K’} in assignment
  143 |   skeleton_data.tiempo = [01;31m[Kt_muestra - t_inicial[m[K;
      |                          [01;31m[K~~~~~~~~~~^~~~~~~~~~~[m[K
      |                                    [01;31m[K|[m[K
      |                                    [01;31m[Krclcpp::Duration[m[K
[01m[K/home/robogait/azure_kinect_ws/src/body_tracking/src/kinectAzure_body_tracker_node.cpp:[m[K In member function ‘[01m[Kvoid MinimalPublisher::Init()[m[K’:
[01m[K/home/robogait/azure_kinect_ws/src/body_tracking/src/kinectAzure_body_tracker_node.cpp:299:34:[m[K [01;31m[Kerror: [m[Kcannot call member function ‘[01m[Krclcpp::Time rclcpp::Clock::now()[m[K’ without object
  299 |   t_inicial = rclcpp::Clock::now([01;31m[K)[m[K;
      |                                  [01;31m[K^[m[K
At global scope:
[01m[Kcc1plus:[m[K [01;35m[Kwarning: [m[Kunrecognized command line option ‘[01m[K-Wno-dev[m[K’
make[2]: *** [CMakeFiles/body_tracking_node.dir/build.make:63: CMakeFiles/body_tracking_node.dir/src/kinectAzure_body_tracker_node.cpp.o] Error 1
make[1]: *** [CMakeFiles/Makefile2:208: CMakeFiles/body_tracking_node.dir/all] Error 2
make: *** [Makefile:141: all] Error 2
