/usr/bin/ld: CMakeFiles/prueba_talker.dir/src/kinectAzure_body_tracker_node.cpp.o: in function `MinimalPublisher::timer_callback()':
kinectAzure_body_tracker_node.cpp:(.text._ZN16MinimalPublisher14timer_callbackEv[_ZN16MinimalPublisher14timer_callbackEv]+0x50): undefined reference to `k4a_device_get_capture'
/usr/bin/ld: kinectAzure_body_tracker_node.cpp:(.text._ZN16MinimalPublisher14timer_callbackEv[_ZN16MinimalPublisher14timer_callbackEv]+0xaa): undefined reference to `k4abt_tracker_enqueue_capture'
/usr/bin/ld: kinectAzure_body_tracker_node.cpp:(.text._ZN16MinimalPublisher14timer_callbackEv[_ZN16MinimalPublisher14timer_callbackEv]+0xc6): undefined reference to `k4a_capture_release'
/usr/bin/ld: kinectAzure_body_tracker_node.cpp:(.text._ZN16MinimalPublisher14timer_callbackEv[_ZN16MinimalPublisher14timer_callbackEv]+0x12a): undefined reference to `k4abt_tracker_pop_result'
/usr/bin/ld: kinectAzure_body_tracker_node.cpp:(.text._ZN16MinimalPublisher14timer_callbackEv[_ZN16MinimalPublisher14timer_callbackEv]+0x19c): undefined reference to `k4abt_frame_get_num_bodies'
/usr/bin/ld: kinectAzure_body_tracker_node.cpp:(.text._ZN16MinimalPublisher14timer_callbackEv[_ZN16MinimalPublisher14timer_callbackEv]+0x1e3): undefined reference to `k4abt_frame_get_body_skeleton'
/usr/bin/ld: kinectAzure_body_tracker_node.cpp:(.text._ZN16MinimalPublisher14timer_callbackEv[_ZN16MinimalPublisher14timer_callbackEv]+0x219): undefined reference to `k4abt_frame_get_body_id'
/usr/bin/ld: kinectAzure_body_tracker_node.cpp:(.text._ZN16MinimalPublisher14timer_callbackEv[_ZN16MinimalPublisher14timer_callbackEv]+0x28a): undefined reference to `k4abt_frame_get_body_index_map'
/usr/bin/ld: kinectAzure_body_tracker_node.cpp:(.text._ZN16MinimalPublisher14timer_callbackEv[_ZN16MinimalPublisher14timer_callbackEv]+0x2c3): undefined reference to `k4a_image_release'
/usr/bin/ld: kinectAzure_body_tracker_node.cpp:(.text._ZN16MinimalPublisher14timer_callbackEv[_ZN16MinimalPublisher14timer_callbackEv]+0x2e0): undefined reference to `k4abt_frame_release'
/usr/bin/ld: CMakeFiles/prueba_talker.dir/src/kinectAzure_body_tracker_node.cpp.o: in function `MinimalPublisher::print_body_index_map_middle_line(_k4a_image_t*)':
kinectAzure_body_tracker_node.cpp:(.text._ZN16MinimalPublisher32print_body_index_map_middle_lineEP12_k4a_image_t[_ZN16MinimalPublisher32print_body_index_map_middle_lineEP12_k4a_image_t]+0x1d): undefined reference to `k4a_image_get_buffer'
/usr/bin/ld: kinectAzure_body_tracker_node.cpp:(.text._ZN16MinimalPublisher32print_body_index_map_middle_lineEP12_k4a_image_t[_ZN16MinimalPublisher32print_body_index_map_middle_lineEP12_k4a_image_t]+0x2d): undefined reference to `k4a_image_get_stride_bytes'
/usr/bin/ld: kinectAzure_body_tracker_node.cpp:(.text._ZN16MinimalPublisher32print_body_index_map_middle_lineEP12_k4a_image_t[_ZN16MinimalPublisher32print_body_index_map_middle_lineEP12_k4a_image_t]+0x3b): undefined reference to `k4a_image_get_width_pixels'
/usr/bin/ld: kinectAzure_body_tracker_node.cpp:(.text._ZN16MinimalPublisher32print_body_index_map_middle_lineEP12_k4a_image_t[_ZN16MinimalPublisher32print_body_index_map_middle_lineEP12_k4a_image_t]+0x6a): undefined reference to `k4a_image_get_height_pixels'
/usr/bin/ld: kinectAzure_body_tracker_node.cpp:(.text._ZN16MinimalPublisher32print_body_index_map_middle_lineEP12_k4a_image_t[_ZN16MinimalPublisher32print_body_index_map_middle_lineEP12_k4a_image_t]+0x82): undefined reference to `k4a_image_get_width_pixels'
/usr/bin/ld: kinectAzure_body_tracker_node.cpp:(.text._ZN16MinimalPublisher32print_body_index_map_middle_lineEP12_k4a_image_t[_ZN16MinimalPublisher32print_body_index_map_middle_lineEP12_k4a_image_t]+0xb5): undefined reference to `k4a_image_get_width_pixels'
/usr/bin/ld: CMakeFiles/prueba_talker.dir/src/kinectAzure_body_tracker_node.cpp.o: in function `MinimalPublisher::Init()':
kinectAzure_body_tracker_node.cpp:(.text._ZN16MinimalPublisher4InitEv[_ZN16MinimalPublisher4InitEv]+0x79): undefined reference to `k4a_device_open'
/usr/bin/ld: kinectAzure_body_tracker_node.cpp:(.text._ZN16MinimalPublisher4InitEv[_ZN16MinimalPublisher4InitEv]+0xb9): undefined reference to `k4a_device_start_cameras'
/usr/bin/ld: kinectAzure_body_tracker_node.cpp:(.text._ZN16MinimalPublisher4InitEv[_ZN16MinimalPublisher4InitEv]+0x108): undefined reference to `k4a_device_get_calibration'
/usr/bin/ld: kinectAzure_body_tracker_node.cpp:(.text._ZN16MinimalPublisher4InitEv[_ZN16MinimalPublisher4InitEv]+0x1c4): undefined reference to `k4abt_tracker_create'
collect2: error: ld returned 1 exit status
make[2]: *** [CMakeFiles/prueba_talker.dir/build.make:136: prueba_talker] Error 1
make[1]: *** [CMakeFiles/Makefile2:208: CMakeFiles/prueba_talker.dir/all] Error 2
make: *** [Makefile:141: all] Error 2
