[0.013s] Invoking command in '/home/robogait/catkin_ws/build/pkg_navigation': CMAKE_PREFIX_PATH=${CMAKE_PREFIX_PATH}:/home/robogait/nav2_ws/install/nav2_gazebo_spawner:/home/robogait/ros2_serial/install/ourbotmanager:/home/robogait/ros2_ws/install/nav2_project:/opt/ros/foxy /usr/bin/cmake --build /home/robogait/catkin_ws/build/pkg_navigation -- -j8 -l8
[0.058s] [35m[1mScanning dependencies of target robot_controller_position[0m
[0.079s] [ 16%] Built target publisher_initial_pose
[0.079s] [ 33%] Built target tf2_broadcaster
[0.081s] [ 50%] Built target robot_controller
[0.081s] [ 58%] [32mBuilding CXX object CMakeFiles/robot_controller_position.dir/src/robot_controller_position.cpp.o[0m
[0.082s] [ 75%] Built target robot_odom_tf2_listener
[0.082s] [ 91%] Built target publisher_subscriber
[0.884s] [01m[K/home/robogait/catkin_ws/src/pkg_navigation/src/robot_controller_position.cpp:173:79:[m[K [01;31m[Kerror: [m[Kcould not convert ‘[01m[Kstd::chrono::_V2::system_clock::now()[m[K’ from ‘[01m[Kstd::chrono::_V2::system_clock::time_point[m[K’ {aka ‘[01m[Kstd::chrono::time_point<std::chrono::_V2::system_clock, std::chrono::duration<long int, std::ratio<1, 1000000000> > >[m[K’} to ‘[01m[Kstd::chrono::duration<double>[m[K’
[0.885s]   173 |        std::chrono::duration<double> ant_time = [01;31m[Kstd::chrono::system_clock::now()[m[K;
[0.885s]       |                                                 [01;31m[K~~~~~~~~~~~~~~~~~~~~~~~~~~~~~~^~[m[K
[0.885s]       |                                                                               [01;31m[K|[m[K
[0.885s]       |                                                                               [01;31m[Kstd::chrono::_V2::system_clock::time_point {aka std::chrono::time_point<std::chrono::_V2::system_clock, std::chrono::duration<long int, std::ratio<1, 1000000000> > >}[m[K
[0.900s] [01m[K/home/robogait/catkin_ws/src/pkg_navigation/src/robot_controller_position.cpp:[m[K In member function ‘[01m[Kvoid generic::callback_keyboard(geometry_msgs::msg::Twist_<std::allocator<void> >::SharedPtr)[m[K’:
[0.900s] [01m[K/home/robogait/catkin_ws/src/pkg_navigation/src/robot_controller_position.cpp:133:79:[m[K [01;31m[Kerror: [m[Kconversion from ‘[01m[Kstd::chrono::_V2::system_clock::time_point[m[K’ {aka ‘[01m[Kstd::chrono::time_point<std::chrono::_V2::system_clock, std::chrono::duration<long int, std::ratio<1, 1000000000> > >[m[K’} to non-scalar type ‘[01m[Kstd::chrono::duration<double>[m[K’ requested
[0.900s]   133 |        std::chrono::duration<double> time_now = [01;31m[Kstd::chrono::system_clock::now()[m[K;
[0.900s]       |                                                 [01;31m[K~~~~~~~~~~~~~~~~~~~~~~~~~~~~~~^~[m[K
[0.901s] [01m[K/home/robogait/catkin_ws/src/pkg_navigation/src/robot_controller_position.cpp:126:74:[m[K [01;35m[Kwarning: [m[Kunused parameter ‘[01m[Kmsg[m[K’ [[01;35m[K-Wunused-parameter[m[K]
[0.901s]   126 |        void callback_keyboard([01;35m[Kconst geometry_msgs::msg::Twist::SharedPtr msg[m[K)
[0.901s]       |                               [01;35m[K~~~~~~~~~~~~~~~~~~~~~~~~~~~~~~~~~~~~~~~~~~~^~~[m[K
[2.122s] make[2]: *** [CMakeFiles/robot_controller_position.dir/build.make:63: CMakeFiles/robot_controller_position.dir/src/robot_controller_position.cpp.o] Error 1
[2.122s] make[1]: *** [CMakeFiles/Makefile2:277: CMakeFiles/robot_controller_position.dir/all] Error 2
[2.122s] make: *** [Makefile:141: all] Error 2
[2.123s] Invoked command in '/home/robogait/catkin_ws/build/pkg_navigation' returned '2': CMAKE_PREFIX_PATH=${CMAKE_PREFIX_PATH}:/home/robogait/nav2_ws/install/nav2_gazebo_spawner:/home/robogait/ros2_serial/install/ourbotmanager:/home/robogait/ros2_ws/install/nav2_project:/opt/ros/foxy /usr/bin/cmake --build /home/robogait/catkin_ws/build/pkg_navigation -- -j8 -l8
