[0.019s] Invoking command in '/home/robogait/azure_kinect_ws/build/kinect_azure_body_tracker': CMAKE_PREFIX_PATH=${CMAKE_PREFIX_PATH}:/home/robogait/nav2_ws/install/nav2_gazebo_spawner:/home/robogait/ros2_serial/install/ourbotmanager:/home/robogait/ros2_ws/install/nav2_project:/opt/ros/foxy /usr/bin/cmake --build /home/robogait/azure_kinect_ws/build/kinect_azure_body_tracker -- -j8 -l8
[0.064s] [35m[1mScanning dependencies of target kinect_azure_body_tracker_node_full_processing[0m
[0.089s] [ 20%] Built target kinect_azure_body_tracker_recording_node
[0.090s] [ 40%] Built target kinect_azure_body_tracker_node
[0.106s] [ 50%] [32mBuilding CXX object CMakeFiles/kinect_azure_body_tracker_node_full_processing.dir/src/kinectAzure_body_tracker_node_full_processing.cpp.o[0m
[0.107s] [ 70%] Built target kinect_azure_body_tracker_node_simplified
[0.110s] [ 90%] Built target kinect_azure_body_tracker_recording_node_simplified
[0.918s] In file included from [01m[K/home/robogait/azure_kinect_ws/src/kinect_azure_body_tracker/src/kinectAzure_body_tracker_node_full_processing.cpp:23[m[K:
[0.918s] [01m[K/home/robogait/azure_kinect_ws/src/kinect_azure_body_tracker/src/csvProcessing.cpp:[m[K In function ‘[01m[Kint processVideo(const char*, const char*)[m[K’:
[0.918s] [01m[K/home/robogait/azure_kinect_ws/src/kinect_azure_body_tracker/src/csvProcessing.cpp:247:32:[m[K [01;31m[Kerror: [m[Kexpected primary-expression before ‘[01m[Kconst[m[K’
[0.918s]   247 |     return process_mkv_offline([01;31m[Kconst[m[K char* input_path, const char* output_path, tracker_config) ? 0 : -1;
[0.918s]       |                                [01;31m[K^~~~~[m[K
[0.918s] [01m[K/home/robogait/azure_kinect_ws/src/kinect_azure_body_tracker/src/csvProcessing.cpp:247:56:[m[K [01;31m[Kerror: [m[Kexpected primary-expression before ‘[01m[Kconst[m[K’
[0.918s]   247 |     return process_mkv_offline(const char* input_path, [01;31m[Kconst[m[K char* output_path, tracker_config) ? 0 : -1;
[0.918s]       |                                                        [01;31m[K^~~~~[m[K
[0.918s] [01m[K/home/robogait/azure_kinect_ws/src/kinect_azure_body_tracker/src/csvProcessing.cpp:243:30:[m[K [01;35m[Kwarning: [m[Kunused parameter ‘[01m[Kinput_path[m[K’ [[01;35m[K-Wunused-parameter[m[K]
[0.918s]   243 | int processVideo([01;35m[Kconst char* input_path[m[K, const char* output_path)
[0.918s]       |                  [01;35m[K~~~~~~~~~~~~^~~~~~~~~~[m[K
[0.919s] [01m[K/home/robogait/azure_kinect_ws/src/kinect_azure_body_tracker/src/csvProcessing.cpp:243:54:[m[K [01;35m[Kwarning: [m[Kunused parameter ‘[01m[Koutput_path[m[K’ [[01;35m[K-Wunused-parameter[m[K]
[0.919s]   243 | int processVideo(const char* input_path, [01;35m[Kconst char* output_path[m[K)
[0.919s]       |                                          [01;35m[K~~~~~~~~~~~~^~~~~~~~~~~[m[K
[1.449s] At global scope:
[1.449s] [01m[Kcc1plus:[m[K [01;35m[Kwarning: [m[Kunrecognized command line option ‘[01m[K-Wno-dev[m[K’
[1.456s] make[2]: *** [CMakeFiles/kinect_azure_body_tracker_node_full_processing.dir/build.make:63: CMakeFiles/kinect_azure_body_tracker_node_full_processing.dir/src/kinectAzure_body_tracker_node_full_processing.cpp.o] Error 1
[1.456s] make[1]: *** [CMakeFiles/Makefile2:86: CMakeFiles/kinect_azure_body_tracker_node_full_processing.dir/all] Error 2
[1.456s] make: *** [Makefile:141: all] Error 2
[1.459s] Invoked command in '/home/robogait/azure_kinect_ws/build/kinect_azure_body_tracker' returned '2': CMAKE_PREFIX_PATH=${CMAKE_PREFIX_PATH}:/home/robogait/nav2_ws/install/nav2_gazebo_spawner:/home/robogait/ros2_serial/install/ourbotmanager:/home/robogait/ros2_ws/install/nav2_project:/opt/ros/foxy /usr/bin/cmake --build /home/robogait/azure_kinect_ws/build/kinect_azure_body_tracker -- -j8 -l8
