[0.015s] Invoking command in '/home/robogait/catkin_ws/build/pkg_navigation': CMAKE_PREFIX_PATH=${CMAKE_PREFIX_PATH}:/home/robogait/nav2_ws/install/nav2_gazebo_spawner:/home/robogait/ros2_serial/install/ourbotmanager:/home/robogait/ros2_ws/install/nav2_project:/opt/ros/foxy /usr/bin/cmake --build /home/robogait/catkin_ws/build/pkg_navigation -- -j8 -l8
[0.074s] [ 16%] Built target robot_odom_tf2_listener
[0.075s] [ 33%] Built target robot_controller
[0.077s] [ 50%] Built target robot_controller_position
[0.079s] [ 75%] Built target publisher_initial_pose
[0.079s] [ 83%] Built target tf2_broadcaster
[0.080s] [100%] Built target publisher_subscriber
[0.090s] Invoked command in '/home/robogait/catkin_ws/build/pkg_navigation' returned '0': CMAKE_PREFIX_PATH=${CMAKE_PREFIX_PATH}:/home/robogait/nav2_ws/install/nav2_gazebo_spawner:/home/robogait/ros2_serial/install/ourbotmanager:/home/robogait/ros2_ws/install/nav2_project:/opt/ros/foxy /usr/bin/cmake --build /home/robogait/catkin_ws/build/pkg_navigation -- -j8 -l8
[0.147s] Invoking command in '/home/robogait/catkin_ws/build/pkg_navigation': CMAKE_PREFIX_PATH=${CMAKE_PREFIX_PATH}:/home/robogait/nav2_ws/install/nav2_gazebo_spawner:/home/robogait/ros2_serial/install/ourbotmanager:/home/robogait/ros2_ws/install/nav2_project:/opt/ros/foxy /usr/bin/cmake --install /home/robogait/catkin_ws/build/pkg_navigation
[0.155s] -- Install configuration: ""
[0.155s] -- Execute custom install script
[0.155s] -- Up-to-date symlink: /home/robogait/catkin_ws/install/pkg_navigation/lib/pkg_navigation/publisher_subscriber
[0.155s] -- Up-to-date symlink: /home/robogait/catkin_ws/install/pkg_navigation/lib/pkg_navigation/tf2_broadcaster
[0.155s] -- Up-to-date symlink: /home/robogait/catkin_ws/install/pkg_navigation/lib/pkg_navigation/publisher_initial_pose
[0.155s] -- Up-to-date symlink: /home/robogait/catkin_ws/install/pkg_navigation/lib/pkg_navigation/robot_odom_tf2_listener
[0.156s] -- Up-to-date symlink: /home/robogait/catkin_ws/install/pkg_navigation/lib/pkg_navigation/robot_controller
[0.156s] -- Up-to-date symlink: /home/robogait/catkin_ws/install/pkg_navigation/lib/pkg_navigation/robot_controller_position
[0.156s] -- Up-to-date symlink: /home/robogait/catkin_ws/install/pkg_navigation/share/pkg_navigation/launch/__pycache__/turtlesim_mimic_launch.cpython-38.pyc
[0.156s] -- Up-to-date symlink: /home/robogait/catkin_ws/install/pkg_navigation/share/pkg_navigation/launch/realsense_pointcloud_launch.py
[0.157s] -- Up-to-date symlink: /home/robogait/catkin_ws/install/pkg_navigation/share/pkg_navigation/launch/robogait_launch_states.py
[0.157s] -- Up-to-date symlink: /home/robogait/catkin_ws/install/pkg_navigation/share/pkg_navigation/launch/robogait_map_server_launch.py
[0.158s] -- Up-to-date symlink: /home/robogait/catkin_ws/install/pkg_navigation/share/pkg_navigation/launch/robogait_mapping_launch (copy).py
[0.158s] -- Up-to-date symlink: /home/robogait/catkin_ws/install/pkg_navigation/share/pkg_navigation/launch/robogait_mapping_launch.py
[0.158s] -- Up-to-date symlink: /home/robogait/catkin_ws/install/pkg_navigation/share/pkg_navigation/launch/robogait_online_async_launch.py
[0.158s] -- Up-to-date symlink: /home/robogait/catkin_ws/install/pkg_navigation/share/pkg_navigation/launch/robogait_state_publisher.py
[0.158s] -- Up-to-date symlink: /home/robogait/catkin_ws/install/pkg_navigation/share/pkg_navigation/launch/rviz_launch.py
[0.158s] -- Up-to-date symlink: /home/robogait/catkin_ws/install/pkg_navigation/share/pkg_navigation/launch/teb_nav2_bringup_launch.py
[0.158s] -- Up-to-date symlink: /home/robogait/catkin_ws/install/pkg_navigation/share/pkg_navigation/launch/teb_tb3_simulation_launch.py
[0.158s] -- Up-to-date symlink: /home/robogait/catkin_ws/install/pkg_navigation/share/pkg_navigation/rviz/rviz_config.rviz
[0.158s] -- Up-to-date symlink: /home/robogait/catkin_ws/install/pkg_navigation/share/pkg_navigation/rviz/rviz_config_map_server.rviz
[0.158s] -- Up-to-date symlink: /home/robogait/catkin_ws/install/pkg_navigation/share/pkg_navigation/rviz/rviz_config_nav2_teb.rviz
[0.159s] -- Up-to-date symlink: /home/robogait/catkin_ws/install/pkg_navigation/share/pkg_navigation/config/map_server_params.yaml
[0.159s] -- Up-to-date symlink: /home/robogait/catkin_ws/install/pkg_navigation/share/pkg_navigation/config/mapper_params_online_async.yaml
[0.159s] -- Up-to-date symlink: /home/robogait/catkin_ws/install/pkg_navigation/share/pkg_navigation/config/nav2.yaml
[0.159s] -- Up-to-date symlink: /home/robogait/catkin_ws/install/pkg_navigation/share/pkg_navigation/config/nav2_params.yaml
[0.159s] -- Up-to-date symlink: /home/robogait/catkin_ws/install/pkg_navigation/share/pkg_navigation/config/teb_params (copy).yaml
[0.159s] -- Up-to-date symlink: /home/robogait/catkin_ws/install/pkg_navigation/share/pkg_navigation/config/teb_params.yaml
[0.159s] -- Up-to-date symlink: /home/robogait/catkin_ws/install/pkg_navigation/share/pkg_navigation/maps/map.pgm
[0.159s] -- Up-to-date symlink: /home/robogait/catkin_ws/install/pkg_navigation/share/pkg_navigation/maps/map.yaml
[0.159s] -- Up-to-date symlink: /home/robogait/catkin_ws/install/pkg_navigation/share/pkg_navigation/maps/map_laboratory.pgm
[0.159s] -- Up-to-date symlink: /home/robogait/catkin_ws/install/pkg_navigation/share/pkg_navigation/maps/map_laboratory.yaml
[0.160s] -- Up-to-date symlink: /home/robogait/catkin_ws/install/pkg_navigation/share/ament_index/resource_index/package_run_dependencies/pkg_navigation
[0.160s] -- Up-to-date symlink: /home/robogait/catkin_ws/install/pkg_navigation/share/ament_index/resource_index/parent_prefix_path/pkg_navigation
[0.160s] -- Up-to-date symlink: /home/robogait/catkin_ws/install/pkg_navigation/share/pkg_navigation/environment/ament_prefix_path.sh
[0.160s] -- Up-to-date symlink: /home/robogait/catkin_ws/install/pkg_navigation/share/pkg_navigation/environment/ament_prefix_path.dsv
[0.160s] -- Up-to-date symlink: /home/robogait/catkin_ws/install/pkg_navigation/share/pkg_navigation/environment/path.sh
[0.160s] -- Up-to-date symlink: /home/robogait/catkin_ws/install/pkg_navigation/share/pkg_navigation/environment/path.dsv
[0.160s] -- Up-to-date symlink: /home/robogait/catkin_ws/install/pkg_navigation/share/pkg_navigation/local_setup.bash
[0.161s] -- Up-to-date symlink: /home/robogait/catkin_ws/install/pkg_navigation/share/pkg_navigation/local_setup.sh
[0.161s] -- Up-to-date symlink: /home/robogait/catkin_ws/install/pkg_navigation/share/pkg_navigation/local_setup.zsh
[0.161s] -- Up-to-date symlink: /home/robogait/catkin_ws/install/pkg_navigation/share/pkg_navigation/local_setup.dsv
[0.161s] -- Symlinking: /home/robogait/catkin_ws/install/pkg_navigation/share/pkg_navigation/package.dsv
[0.170s] -- Up-to-date symlink: /home/robogait/catkin_ws/install/pkg_navigation/share/ament_index/resource_index/packages/pkg_navigation
[0.170s] -- Up-to-date symlink: /home/robogait/catkin_ws/install/pkg_navigation/share/pkg_navigation/cmake/pkg_navigationConfig.cmake
[0.170s] -- Up-to-date symlink: /home/robogait/catkin_ws/install/pkg_navigation/share/pkg_navigation/cmake/pkg_navigationConfig-version.cmake
[0.170s] -- Up-to-date symlink: /home/robogait/catkin_ws/install/pkg_navigation/share/pkg_navigation/package.xml
[0.172s] Invoked command in '/home/robogait/catkin_ws/build/pkg_navigation' returned '0': CMAKE_PREFIX_PATH=${CMAKE_PREFIX_PATH}:/home/robogait/nav2_ws/install/nav2_gazebo_spawner:/home/robogait/ros2_serial/install/ourbotmanager:/home/robogait/ros2_ws/install/nav2_project:/opt/ros/foxy /usr/bin/cmake --install /home/robogait/catkin_ws/build/pkg_navigation
