[0.014s] Invoking command in '/home/robogait/catkin_ws/build/pkg_navigation': CMAKE_PREFIX_PATH=${CMAKE_PREFIX_PATH}:/home/robogait/nav2_ws/install/nav2_gazebo_spawner:/home/robogait/ros2_serial/install/ourbotmanager:/home/robogait/ros2_ws/install/nav2_project:/opt/ros/foxy /usr/bin/cmake --build /home/robogait/catkin_ws/build/pkg_navigation -- -j8 -l8
[0.072s] [35m[1mScanning dependencies of target robot_controller[0m
[0.091s] [ 10%] Built target tf2_broadcaster_person
[0.097s] [ 20%] Built target publisher_initial_pose
[0.097s] [ 30%] Built target tf2_broadcaster
[0.097s] [ 40%] Built target publisher_subscriber
[0.106s] [ 60%] Built target robot_controller_straight
[0.106s] [ 60%] Built target robot_odom_tf2_listener
[0.109s] [ 75%] Built target robot_controller_position
[0.110s] [ 75%] [32mBuilding CXX object CMakeFiles/robot_controller.dir/src/robot_controller.cpp.o[0m
[0.111s] make[2]: *** No rule to make target '/home/robogait/catkin_ws/src/pkg_navigation/src/robot_controller_center_person.cpp', needed by 'CMakeFiles/robot_controller_center_person.dir/src/robot_controller_center_person.cpp.o'.  Stop.
[0.111s] make[1]: *** [CMakeFiles/Makefile2:393: CMakeFiles/robot_controller_center_person.dir/all] Error 2
[0.111s] make[1]: *** Waiting for unfinished jobs....
[0.135s] [ 85%] Built target person_odom_tf2_listener
[1.032s] [01m[K/home/robogait/catkin_ws/src/pkg_navigation/src/robot_controller.cpp:[m[K In member function ‘[01m[Kvoid generic::lane_controller()[m[K’:
[1.033s] [01m[K/home/robogait/catkin_ws/src/pkg_navigation/src/robot_controller.cpp:96:14:[m[K [01;35m[Kwarning: [m[Kunused variable ‘[01m[Kyaw_error[m[K’ [[01;35m[K-Wunused-variable[m[K]
[1.033s]    96 |        float [01;35m[Kyaw_error[m[K= (float)calculate_yaw_error(q_goal,q_robot);
[1.033s]       |              [01;35m[K^~~~~~~~~[m[K
[5.904s] [ 90%] [32m[1mLinking CXX executable robot_controller[0m
[6.216s] [ 90%] Built target robot_controller
[6.217s] make: *** [Makefile:141: all] Error 2
[6.219s] Invoked command in '/home/robogait/catkin_ws/build/pkg_navigation' returned '2': CMAKE_PREFIX_PATH=${CMAKE_PREFIX_PATH}:/home/robogait/nav2_ws/install/nav2_gazebo_spawner:/home/robogait/ros2_serial/install/ourbotmanager:/home/robogait/ros2_ws/install/nav2_project:/opt/ros/foxy /usr/bin/cmake --build /home/robogait/catkin_ws/build/pkg_navigation -- -j8 -l8
