[0.036s] Invoking command in '/home/robogait/catkin_ws/build/pkg_navigation': CMAKE_PREFIX_PATH=${CMAKE_PREFIX_PATH}:/home/robogait/nav2_ws/install/nav2_gazebo_spawner:/home/robogait/ros2_serial/install/ourbotmanager:/home/robogait/ros2_ws/install/nav2_project:/opt/ros/foxy /usr/bin/cmake --build /home/robogait/catkin_ws/build/pkg_navigation -- -j8 -l8
[0.188s] [35m[1mScanning dependencies of target robot_controller[0m
[0.262s] [  4%] [32mBuilding CXX object CMakeFiles/robot_controller.dir/src/robot_controller.cpp.o[0m
[0.281s] [ 13%] Built target tf2_broadcaster_camera
[0.286s] [ 22%] Built target tf2_broadcaster_person
[0.296s] [ 40%] Built target robot_controller_position
[0.305s] [ 50%] Built target publisher_initial_pose
[0.306s] [ 40%] Built target publisher_subscriber
[0.317s] [ 59%] Built target tf2_broadcaster
[0.318s] [ 68%] Built target robot_odom_tf2_listener
[0.381s] [ 77%] Built target person_odom_tf2_listener
[0.402s] [ 86%] Built target robot_controller_straight
[0.420s] [ 95%] Built target camera_controller
[2.286s] [01m[K/home/robogait/catkin_ws/src/pkg_navigation/src/robot_controller.cpp:[m[K In member function ‘[01m[Kvoid generic::callback_keyboard(geometry_msgs::msg::Twist_<std::allocator<void> >::SharedPtr)[m[K’:
[2.286s] [01m[K/home/robogait/catkin_ws/src/pkg_navigation/src/robot_controller.cpp:80:8:[m[K [01;31m[Kerror: [m[K‘[01m[Klinear_vel[m[K’ was not declared in this scope
[2.286s]    80 |        [01;31m[Klinear_vel[m[K = msg->linear.x;
[2.286s]       |        [01;31m[K^~~~~~~~~~[m[K
[2.286s] [01m[K/home/robogait/catkin_ws/src/pkg_navigation/src/robot_controller.cpp:[m[K In member function ‘[01m[Kvoid generic::callback_control_nav(geometry_msgs::msg::Twist_<std::allocator<void> >::SharedPtr)[m[K’:
[2.286s] [01m[K/home/robogait/catkin_ws/src/pkg_navigation/src/robot_controller.cpp:84:75:[m[K [01;35m[Kwarning: [m[Kunused parameter ‘[01m[Kmsg[m[K’ [[01;35m[K-Wunused-parameter[m[K]
[2.286s]    84 |      void callback_control_nav([01;35m[Kconst geometry_msgs::msg::Twist::SharedPtr msg[m[K)
[2.286s]       |                                [01;35m[K~~~~~~~~~~~~~~~~~~~~~~~~~~~~~~~~~~~~~~~~~~~^~~[m[K
[2.301s] [01m[K/home/robogait/catkin_ws/src/pkg_navigation/src/robot_controller.cpp:[m[K In member function ‘[01m[Kvoid generic::lane_controller()[m[K’:
[2.301s] [01m[K/home/robogait/catkin_ws/src/pkg_navigation/src/robot_controller.cpp:126:8:[m[K [01;31m[Kerror: [m[K‘[01m[Kangular_vel[m[K’ was not declared in this scope
[2.301s]   126 |        [01;31m[Kangular_vel[m[K=control_yaw;
[2.301s]       |        [01;31m[K^~~~~~~~~~~[m[K
[2.304s] [01m[K/home/robogait/catkin_ws/src/pkg_navigation/src/robot_controller.cpp:130:35:[m[K [01;31m[Kerror: [m[K‘[01m[Klinear_vel[m[K’ was not declared in this scope
[2.304s]   130 |         cmd_velrobot_msg.linear.x=[01;31m[Klinear_vel[m[K;
[2.304s]       |                                   [01;31m[K^~~~~~~~~~[m[K
[5.789s] make[2]: *** [CMakeFiles/robot_controller.dir/build.make:63: CMakeFiles/robot_controller.dir/src/robot_controller.cpp.o] Error 1
[5.790s] make[1]: *** [CMakeFiles/Makefile2:314: CMakeFiles/robot_controller.dir/all] Error 2
[5.790s] make: *** [Makefile:141: all] Error 2
[5.791s] Invoked command in '/home/robogait/catkin_ws/build/pkg_navigation' returned '2': CMAKE_PREFIX_PATH=${CMAKE_PREFIX_PATH}:/home/robogait/nav2_ws/install/nav2_gazebo_spawner:/home/robogait/ros2_serial/install/ourbotmanager:/home/robogait/ros2_ws/install/nav2_project:/opt/ros/foxy /usr/bin/cmake --build /home/robogait/catkin_ws/build/pkg_navigation -- -j8 -l8
