[0.014s] Invoking command in '/home/robogait/catkin_ws/build/pkg_navigation': CMAKE_PREFIX_PATH=${CMAKE_PREFIX_PATH}:/home/robogait/nav2_ws/install/nav2_gazebo_spawner:/home/robogait/ros2_serial/install/ourbotmanager:/home/robogait/ros2_ws/install/nav2_project:/opt/ros/foxy /usr/bin/cmake --build /home/robogait/catkin_ws/build/pkg_navigation -- -j8 -l8
[0.064s] [35m[1mScanning dependencies of target robot_controller_position[0m
[0.081s] [ 16%] Built target robot_controller
[0.081s] [ 33%] Built target publisher_subscriber
[0.081s] [ 50%] Built target tf2_broadcaster
[0.084s] [ 66%] Built target publisher_initial_pose
[0.086s] [ 83%] Built target robot_odom_tf2_listener
[0.087s] [ 91%] [32mBuilding CXX object CMakeFiles/robot_controller_position.dir/src/robot_controller_position.cpp.o[0m
[0.887s] [01m[K/home/robogait/catkin_ws/src/pkg_navigation/src/robot_controller_position.cpp:173:55:[m[K [01;31m[Kerror: [m[Kcannot convert ‘[01m[Kstd::chrono::_V2::system_clock::time_point[m[K’ {aka ‘[01m[Kstd::chrono::time_point<std::chrono::_V2::system_clock, std::chrono::duration<long int, std::ratio<1, 1000000000> > >[m[K’} to ‘[01m[Kfloat[m[K’ in initialization
[0.887s]   173 |        float ant_time = [01;31m[Kstd::chrono::system_clock::now()[m[K;
[0.887s]       |                         [01;31m[K~~~~~~~~~~~~~~~~~~~~~~~~~~~~~~^~[m[K
[0.887s]       |                                                       [01;31m[K|[m[K
[0.887s]       |                                                       [01;31m[Kstd::chrono::_V2::system_clock::time_point {aka std::chrono::time_point<std::chrono::_V2::system_clock, std::chrono::duration<long int, std::ratio<1, 1000000000> > >}[m[K
[0.903s] [01m[K/home/robogait/catkin_ws/src/pkg_navigation/src/robot_controller_position.cpp:[m[K In member function ‘[01m[Kvoid generic::callback_keyboard(geometry_msgs::msg::Twist_<std::allocator<void> >::SharedPtr)[m[K’:
[0.903s] [01m[K/home/robogait/catkin_ws/src/pkg_navigation/src/robot_controller_position.cpp:134:64:[m[K [01;31m[Kerror: [m[Kno match for ‘[01m[Koperator-[m[K’ (operand types are ‘[01m[Kstd::chrono::time_point<std::chrono::_V2::system_clock, std::chrono::duration<long int, std::ratio<1, 1000000000> > >[m[K’ and ‘[01m[Kfloat[m[K’)
[0.903s]   134 |        std::chrono::duration<double> elapsed_seconds = [32m[Ktime_now[m[K[01;31m[K-[m[K[34m[Kant_time[m[K;
[0.903s]       |                                                        [32m[K~~~~~~~~[m[K[01;31m[K^[m[K[34m[K~~~~~~~~[m[K
[0.903s]       |                                                        [32m[K|[m[K        [34m[K|[m[K
[0.903s]       |                                                        [32m[K|[m[K        [34m[Kfloat[m[K
[0.903s]       |                                                        [32m[Kstd::chrono::time_point<std::chrono::_V2::system_clock, std::chrono::duration<long int, std::ratio<1, 1000000000> > >[m[K
[0.903s] In file included from [01m[K/usr/include/c++/9/bits/stl_algobase.h:67[m[K,
[0.903s]                  from [01m[K/usr/include/c++/9/bits/char_traits.h:39[m[K,
[0.903s]                  from [01m[K/usr/include/c++/9/string:40[m[K,
[0.903s]                  from [01m[K/usr/include/c++/9/stdexcept:39[m[K,
[0.903s]                  from [01m[K/usr/include/c++/9/array:39[m[K,
[0.903s]                  from [01m[K/usr/include/c++/9/tuple:39[m[K,
[0.904s]                  from [01m[K/usr/include/c++/9/functional:54[m[K,
[0.904s]                  from [01m[K/home/robogait/catkin_ws/src/pkg_navigation/src/robot_controller_position.cpp:2[m[K:
[0.904s] [01m[K/usr/include/c++/9/bits/stl_iterator.h:415:5:[m[K [01;36m[Knote: [m[Kcandidate: ‘[01m[Ktemplate<class _IteratorL, class _IteratorR> decltype ((__y.base() - __x.base())) std::operator-(const std::reverse_iterator<_Iterator>&, const std::reverse_iterator<_IteratorR>&)[m[K’
[0.904s]   415 |     [01;36m[Koperator[m[K-(const reverse_iterator<_IteratorL>& __x,
[0.904s]       |     [01;36m[K^~~~~~~~[m[K
[0.904s] [01m[K/usr/include/c++/9/bits/stl_iterator.h:415:5:[m[K [01;36m[Knote: [m[K  template argument deduction/substitution failed:
[0.904s] [01m[K/home/robogait/catkin_ws/src/pkg_navigation/src/robot_controller_position.cpp:134:65:[m[K [01;36m[Knote: [m[K  ‘[01m[Kstd::chrono::time_point<std::chrono::_V2::system_clock, std::chrono::duration<long int, std::ratio<1, 1000000000> > >[m[K’ is not derived from ‘[01m[Kconst std::reverse_iterator<_Iterator>[m[K’
[0.904s]   134 |        std::chrono::duration<double> elapsed_seconds = time_now-[01;36m[Kant_time[m[K;
[0.904s]       |                                                                 [01;36m[K^~~~~~~~[m[K
[0.904s] In file included from [01m[K/usr/include/c++/9/bits/stl_algobase.h:67[m[K,
[0.904s]                  from [01m[K/usr/include/c++/9/bits/char_traits.h:39[m[K,
[0.904s]                  from [01m[K/usr/include/c++/9/string:40[m[K,
[0.904s]                  from [01m[K/usr/include/c++/9/stdexcept:39[m[K,
[0.904s]                  from [01m[K/usr/include/c++/9/array:39[m[K,
[0.904s]                  from [01m[K/usr/include/c++/9/tuple:39[m[K,
[0.904s]                  from [01m[K/usr/include/c++/9/functional:54[m[K,
[0.904s]                  from [01m[K/home/robogait/catkin_ws/src/pkg_navigation/src/robot_controller_position.cpp:2[m[K:
[0.904s] [01m[K/usr/include/c++/9/bits/stl_iterator.h:1209:5:[m[K [01;36m[Knote: [m[Kcandidate: ‘[01m[Ktemplate<class _IteratorL, class _IteratorR> decltype ((__x.base() - __y.base())) std::operator-(const std::move_iterator<_IteratorL>&, const std::move_iterator<_IteratorR>&)[m[K’
[0.904s]  1209 |     [01;36m[Koperator[m[K-(const move_iterator<_IteratorL>& __x,
[0.904s]       |     [01;36m[K^~~~~~~~[m[K
[0.904s] [01m[K/usr/include/c++/9/bits/stl_iterator.h:1209:5:[m[K [01;36m[Knote: [m[K  template argument deduction/substitution failed:
[0.904s] [01m[K/home/robogait/catkin_ws/src/pkg_navigation/src/robot_controller_position.cpp:134:65:[m[K [01;36m[Knote: [m[K  ‘[01m[Kstd::chrono::time_point<std::chrono::_V2::system_clock, std::chrono::duration<long int, std::ratio<1, 1000000000> > >[m[K’ is not derived from ‘[01m[Kconst std::move_iterator<_IteratorL>[m[K’
[0.904s]   134 |        std::chrono::duration<double> elapsed_seconds = time_now-[01;36m[Kant_time[m[K;
[0.904s]       |                                                                 [01;36m[K^~~~~~~~[m[K
[0.904s] In file included from [01m[K/usr/include/c++/9/vector:68[m[K,
[0.904s]                  from [01m[K/opt/ros/foxy/include/rclcpp/executor.hpp:27[m[K,
[0.904s]                  from [01m[K/opt/ros/foxy/include/rclcpp/executors/multi_threaded_executor.hpp:26[m[K,
[0.904s]                  from [01m[K/opt/ros/foxy/include/rclcpp/executors.hpp:21[m[K,
[0.904s]                  from [01m[K/opt/ros/foxy/include/rclcpp/rclcpp.hpp:146[m[K,
[0.905s]                  from [01m[K/home/robogait/catkin_ws/src/pkg_navigation/src/robot_controller_position.cpp:12[m[K:
[0.905s] [01m[K/usr/include/c++/9/bits/stl_bvector.h:214:3:[m[K [01;36m[Knote: [m[Kcandidate: ‘[01m[Kstd::ptrdiff_t std::operator-(const std::_Bit_iterator_base&, const std::_Bit_iterator_base&)[m[K’
[0.905s]   214 |   [01;36m[Koperator[m[K-(const _Bit_iterator_base& __x, const _Bit_iterator_base& __y)
[0.905s]       |   [01;36m[K^~~~~~~~[m[K
[0.905s] [01m[K/usr/include/c++/9/bits/stl_bvector.h:214:39:[m[K [01;36m[Knote: [m[K  no known conversion for argument 1 from ‘[01m[Kstd::chrono::time_point<std::chrono::_V2::system_clock, std::chrono::duration<long int, std::ratio<1, 1000000000> > >[m[K’ to ‘[01m[Kconst std::_Bit_iterator_base&[m[K’
[0.905s]   214 |   operator-([01;36m[Kconst _Bit_iterator_base& __x[m[K, const _Bit_iterator_base& __y)
[0.905s]       |             [01;36m[K~~~~~~~~~~~~~~~~~~~~~~~~~~^~~[m[K
[0.905s] In file included from [01m[K/home/robogait/catkin_ws/src/pkg_navigation/src/robot_controller_position.cpp:1[m[K:
[0.905s] [01m[K/usr/include/c++/9/chrono:463:7:[m[K [01;36m[Knote: [m[Kcandidate: ‘[01m[Ktemplate<class _Rep1, class _Period1, class _Rep2, class _Period2> constexpr typename std::common_type<std::chrono::duration<_Rep1, _Period1>, std::chrono::duration<_Rep2, _Period2> >::type std::chrono::operator-(const std::chrono::duration<_Rep1, _Period1>&, const std::chrono::duration<_Rep2, _Period2>&)[m[K’
[0.905s]   463 |       [01;36m[Koperator[m[K-(const duration<_Rep1, _Period1>& __lhs,
[0.905s]       |       [01;36m[K^~~~~~~~[m[K
[0.905s] [01m[K/usr/include/c++/9/chrono:463:7:[m[K [01;36m[Knote: [m[K  template argument deduction/substitution failed:
[0.905s] [01m[K/home/robogait/catkin_ws/src/pkg_navigation/src/robot_controller_position.cpp:134:65:[m[K [01;36m[Knote: [m[K  ‘[01m[Kstd::chrono::time_point<std::chrono::_V2::system_clock, std::chrono::duration<long int, std::ratio<1, 1000000000> > >[m[K’ is not derived from ‘[01m[Kconst std::chrono::duration<_Rep1, _Period1>[m[K’
[0.905s]   134 |        std::chrono::duration<double> elapsed_seconds = time_now-[01;36m[Kant_time[m[K;
[0.905s]       |                                                                 [01;36m[K^~~~~~~~[m[K
[0.905s] In file included from [01m[K/home/robogait/catkin_ws/src/pkg_navigation/src/robot_controller_position.cpp:1[m[K:
[0.905s] [01m[K/usr/include/c++/9/chrono:751:7:[m[K [01;36m[Knote: [m[Kcandidate: ‘[01m[Ktemplate<class _Clock, class _Dur1, class _Rep2, class _Period2> constexpr std::chrono::time_point<_Clock, typename std::common_type<_Dur1, std::chrono::duration<_Rep2, _Period2> >::type> std::chrono::operator-(const std::chrono::time_point<_Clock, _Duration1>&, const std::chrono::duration<_Rep2, _Period2>&)[m[K’
[0.905s]   751 |       [01;36m[Koperator[m[K-(const time_point<_Clock, _Dur1>& __lhs,
[0.905s]       |       [01;36m[K^~~~~~~~[m[K
[0.905s] [01m[K/usr/include/c++/9/chrono:751:7:[m[K [01;36m[Knote: [m[K  template argument deduction/substitution failed:
[0.905s] [01m[K/home/robogait/catkin_ws/src/pkg_navigation/src/robot_controller_position.cpp:134:65:[m[K [01;36m[Knote: [m[K  mismatched types ‘[01m[Kconst std::chrono::duration<_Rep2, _Period2>[m[K’ and ‘[01m[Kfloat[m[K’
[0.905s]   134 |        std::chrono::duration<double> elapsed_seconds = time_now-[01;36m[Kant_time[m[K;
[0.905s]       |                                                                 [01;36m[K^~~~~~~~[m[K
[0.905s] In file included from [01m[K/home/robogait/catkin_ws/src/pkg_navigation/src/robot_controller_position.cpp:1[m[K:
[0.905s] [01m[K/usr/include/c++/9/chrono:762:7:[m[K [01;36m[Knote: [m[Kcandidate: ‘[01m[Ktemplate<class _Clock, class _Dur1, class _Dur2> constexpr typename std::common_type<_Duration1, _Duration2>::type std::chrono::operator-(const std::chrono::time_point<_Clock, _Duration1>&, const std::chrono::time_point<_Clock, _Duration2>&)[m[K’
[0.905s]   762 |       [01;36m[Koperator[m[K-(const time_point<_Clock, _Dur1>& __lhs,
[0.905s]       |       [01;36m[K^~~~~~~~[m[K
[0.905s] [01m[K/usr/include/c++/9/chrono:762:7:[m[K [01;36m[Knote: [m[K  template argument deduction/substitution failed:
[0.906s] [01m[K/home/robogait/catkin_ws/src/pkg_navigation/src/robot_controller_position.cpp:134:65:[m[K [01;36m[Knote: [m[K  mismatched types ‘[01m[Kconst std::chrono::time_point<_Clock, _Duration2>[m[K’ and ‘[01m[Kfloat[m[K’
[0.906s]   134 |        std::chrono::duration<double> elapsed_seconds = time_now-[01;36m[Kant_time[m[K;
[0.906s]       |                                                                 [01;36m[K^~~~~~~~[m[K
[0.906s] [01m[K/home/robogait/catkin_ws/src/pkg_navigation/src/robot_controller_position.cpp:135:17:[m[K [01;31m[Kerror: [m[Kcannot convert ‘[01m[Kstd::chrono::time_point<std::chrono::_V2::system_clock, std::chrono::duration<long int, std::ratio<1, 1000000000> > >[m[K’ to ‘[01m[Kfloat[m[K’ in assignment
[0.906s]   135 |        ant_time=[01;31m[Ktime_now[m[K;
[0.906s]       |                 [01;31m[K^~~~~~~~[m[K
[0.906s]       |                 [01;31m[K|[m[K
[0.906s]       |                 [01;31m[Kstd::chrono::time_point<std::chrono::_V2::system_clock, std::chrono::duration<long int, std::ratio<1, 1000000000> > >[m[K
[0.906s] [01m[K/home/robogait/catkin_ws/src/pkg_navigation/src/robot_controller_position.cpp:126:74:[m[K [01;35m[Kwarning: [m[Kunused parameter ‘[01m[Kmsg[m[K’ [[01;35m[K-Wunused-parameter[m[K]
[0.906s]   126 |        void callback_keyboard([01;35m[Kconst geometry_msgs::msg::Twist::SharedPtr msg[m[K)
[0.906s]       |                               [01;35m[K~~~~~~~~~~~~~~~~~~~~~~~~~~~~~~~~~~~~~~~~~~~^~~[m[K
[2.112s] make[2]: *** [CMakeFiles/robot_controller_position.dir/build.make:63: CMakeFiles/robot_controller_position.dir/src/robot_controller_position.cpp.o] Error 1
[2.112s] make[1]: *** [CMakeFiles/Makefile2:277: CMakeFiles/robot_controller_position.dir/all] Error 2
[2.112s] make: *** [Makefile:141: all] Error 2
[2.114s] Invoked command in '/home/robogait/catkin_ws/build/pkg_navigation' returned '2': CMAKE_PREFIX_PATH=${CMAKE_PREFIX_PATH}:/home/robogait/nav2_ws/install/nav2_gazebo_spawner:/home/robogait/ros2_serial/install/ourbotmanager:/home/robogait/ros2_ws/install/nav2_project:/opt/ros/foxy /usr/bin/cmake --build /home/robogait/catkin_ws/build/pkg_navigation -- -j8 -l8
