[0.010s] Invoking command in '/home/robogait/azure_kinect_ws/build/body_tracking': CMAKE_PREFIX_PATH=${CMAKE_PREFIX_PATH}:/home/robogait/ros2_serial/install/ourbotmanager:/opt/ros/foxy /usr/bin/cmake --build /home/robogait/azure_kinect_ws/build/body_tracking -- -j8 -l8
[0.029s] -- Found ament_cmake: 0.9.9 (/opt/ros/foxy/share/ament_cmake/cmake)
[0.043s] -- Found PythonInterp: /usr/bin/python3 (found suitable version "3.8.10", minimum required is "3") 
[0.044s] -- Using PYTHON_EXECUTABLE: /usr/bin/python3
[0.145s] -- Found rclcpp: 2.4.1 (/opt/ros/foxy/share/rclcpp/cmake)
[0.164s] -- Using all available rosidl_typesupport_c: rosidl_typesupport_fastrtps_c;rosidl_typesupport_introspection_c
[0.166s] -- Found rosidl_adapter: 1.2.1 (/opt/ros/foxy/share/rosidl_adapter/cmake)
[0.236s] -- Using all available rosidl_typesupport_cpp: rosidl_typesupport_fastrtps_cpp;rosidl_typesupport_introspection_cpp
[0.264s] -- Found rmw_implementation_cmake: 1.0.3 (/opt/ros/foxy/share/rmw_implementation_cmake/cmake)
[0.265s] -- Using RMW implementation 'rmw_fastrtps_cpp' as default
[0.347s] -- Found body_tracking: 0.0.0 (/home/robogait/azure_kinect_ws/install/body_tracking/share/body_tracking/cmake)
[0.351s] -- Found rosidl_default_generators: 1.0.1 (/opt/ros/foxy/share/rosidl_default_generators/cmake)
[0.371s] -- Found PythonInterp: /usr/bin/python3 (found version "3.8.10") 
[0.439s] -- Found ament_cmake_ros: 0.9.2 (/opt/ros/foxy/share/ament_cmake_ros/cmake)
[0.495s] -- Using all available rosidl_typesupport_c: rosidl_typesupport_fastrtps_c;rosidl_typesupport_introspection_c
[0.498s] -- Using all available rosidl_typesupport_cpp: rosidl_typesupport_fastrtps_cpp;rosidl_typesupport_introspection_cpp
[0.512s] -- Found PythonInterp: /usr/bin/python3 (found suitable version "3.8.10", minimum required is "3.5") 
[0.512s] -- Found python_cmake_module: 0.8.1 (/opt/ros/foxy/share/python_cmake_module/cmake)
[0.526s] -- Using PYTHON_EXECUTABLE: /usr/bin/python3
[0.526s] -- Using PYTHON_INCLUDE_DIRS: /usr/include/python3.8
[0.526s] -- Using PYTHON_LIBRARIES: /usr/lib/x86_64-linux-gnu/libpython3.8.so
[0.535s] -- Found ament_lint_auto: 0.9.6 (/opt/ros/foxy/share/ament_lint_auto/cmake)
[0.541s] -- Added test 'copyright' to check source files copyright and LICENSE
[0.541s] -- Added test 'cppcheck' to perform static code analysis on C / C++ code
[0.542s] -- Configured cppcheck include dirs: $<BUILD_INTERFACE:/home/robogait/azure_kinect_ws/src/body_tracking/include>
[0.542s] -- Configured cppcheck exclude dirs and/or files: 
[0.543s] -- Added test 'cpplint' to check C / C++ code against the Google style
[0.543s] -- Configured cpplint exclude dirs and/or files: 
[0.543s] -- Added test 'lint_cmake' to check CMake code style
[0.543s] -- Added test 'uncrustify' to check C / C++ code style
[0.543s] -- Configured uncrustify additional arguments: 
[0.543s] -- Added test 'xmllint' to check XML markup files
[0.546s] -- Configuring done
[0.566s] -- Generating done
[0.567s] -- Build files have been written to: /home/robogait/azure_kinect_ws/build/body_tracking
[0.585s] [35m[1mScanning dependencies of target body_tracking__cpp[0m
[0.591s] [35m[1mScanning dependencies of target body_tracking__rosidl_generator_c[0m
[0.592s] [  2%] Built target body_tracking__cpp
[0.595s] [  8%] Built target body_tracking_node
[0.597s] [ 10%] [32mBuilding CXX object CMakeFiles/listener.dir/src/subscriber_member_function.cpp.o[0m
[0.599s] [35m[1mScanning dependencies of target body_tracking__rosidl_typesupport_fastrtps_cpp[0m
[0.600s] [35m[1mScanning dependencies of target body_tracking__rosidl_typesupport_introspection_cpp[0m
[0.600s] [ 13%] [32mBuilding C object CMakeFiles/body_tracking__rosidl_generator_c.dir/rosidl_generator_c/body_tracking/msg/detail/hip_coordinates__functions.c.o[0m
[0.601s] [35m[1mScanning dependencies of target body_tracking__rosidl_typesupport_cpp[0m
[0.603s] [ 16%] [32mBuilding CXX object CMakeFiles/talker.dir/src/publisher_member_function.cpp.o[0m
[0.609s] [ 18%] [32m[1mLinking CXX shared library libbody_tracking__rosidl_typesupport_fastrtps_cpp.so[0m
[0.610s] [ 24%] [32m[1mLinking CXX shared library libbody_tracking__rosidl_typesupport_introspection_cpp.so[0m
[0.610s] [ 24%] [32m[1mLinking CXX shared library libbody_tracking__rosidl_typesupport_cpp.so[0m
[0.632s] [ 27%] [32m[1mLinking C shared library libbody_tracking__rosidl_generator_c.so[0m
[0.644s] [ 32%] Built target body_tracking__rosidl_typesupport_cpp
[0.646s] [ 37%] Built target body_tracking__rosidl_typesupport_introspection_cpp
[0.660s] [ 40%] Built target body_tracking__rosidl_generator_c
[0.670s] [35m[1mScanning dependencies of target body_tracking__rosidl_typesupport_c[0m
[0.673s] [35m[1mScanning dependencies of target body_tracking__rosidl_typesupport_introspection_c[0m
[0.675s] [01m[K/home/robogait/azure_kinect_ws/src/body_tracking/src/publisher_member_function.cpp:5:10:[m[K [01;31m[Kfatal error: [m[Kbody_tracking/msg/hip_coordinates.hpp: No such file or directory
[0.676s]     5 | #include [01;31m[K"body_tracking/msg/hip_coordinates.hpp"[m[K
[0.676s]       |          [01;31m[K^~~~~~~~~~~~~~~~~~~~~~~~~~~~~~~~~~~~~~~[m[K
[0.676s] compilation terminated.
[0.676s] make[2]: *** [CMakeFiles/talker.dir/build.make:63: CMakeFiles/talker.dir/src/publisher_member_function.cpp.o] Error 1
[0.677s] make[1]: *** [CMakeFiles/Makefile2:323: CMakeFiles/talker.dir/all] Error 2
[0.677s] make[1]: *** Waiting for unfinished jobs....
[0.678s] [01m[K/home/robogait/azure_kinect_ws/src/body_tracking/src/subscriber_member_function.cpp:4:10:[m[K [01;31m[Kfatal error: [m[Kbody_tracking/msg/hip_coordinates.hpp: No such file or directory
[0.678s]     4 | #include [01;31m[K"body_tracking/msg/hip_coordinates.hpp"[m[K
[0.678s]       |          [01;31m[K^~~~~~~~~~~~~~~~~~~~~~~~~~~~~~~~~~~~~~~[m[K
[0.678s] compilation terminated.
[0.679s] [ 43%] [32m[1mLinking CXX shared library libbody_tracking__rosidl_typesupport_c.so[0m
[0.679s] make[2]: *** [CMakeFiles/listener.dir/build.make:63: CMakeFiles/listener.dir/src/subscriber_member_function.cpp.o] Error 1
[0.679s] make[1]: *** [CMakeFiles/Makefile2:296: CMakeFiles/listener.dir/all] Error 2
[0.682s] [ 48%] Built target body_tracking__rosidl_typesupport_fastrtps_cpp
[0.682s] [ 51%] [32mBuilding C object CMakeFiles/body_tracking__rosidl_typesupport_introspection_c.dir/rosidl_typesupport_introspection_c/body_tracking/msg/detail/hip_coordinates__type_support.c.o[0m
[0.702s] [ 54%] [32m[1mLinking C shared library libbody_tracking__rosidl_typesupport_introspection_c.so[0m
[0.703s] [ 59%] Built target body_tracking__rosidl_typesupport_c
[0.721s] [ 62%] Built target body_tracking__rosidl_typesupport_introspection_c
[0.721s] make: *** [Makefile:141: all] Error 2
[0.724s] Invoked command in '/home/robogait/azure_kinect_ws/build/body_tracking' returned '2': CMAKE_PREFIX_PATH=${CMAKE_PREFIX_PATH}:/home/robogait/ros2_serial/install/ourbotmanager:/opt/ros/foxy /usr/bin/cmake --build /home/robogait/azure_kinect_ws/build/body_tracking -- -j8 -l8
