[0.015s] Invoking command in '/home/robogait/azure_kinect_ws/build/body_tracker_msgs': CMAKE_PREFIX_PATH=${CMAKE_PREFIX_PATH}:/home/robogait/ros2_serial/install/ourbotmanager:/opt/ros/foxy /usr/bin/cmake --build /home/robogait/azure_kinect_ws/build/body_tracker_msgs -- -j8 -l8
[0.041s] Invoked command in '/home/robogait/azure_kinect_ws/build/body_tracker_msgs' returned '0': CMAKE_PREFIX_PATH=${CMAKE_PREFIX_PATH}:/home/robogait/ros2_serial/install/ourbotmanager:/opt/ros/foxy /usr/bin/cmake --build /home/robogait/azure_kinect_ws/build/body_tracker_msgs -- -j8 -l8
[0.063s] Invoking command in '/home/robogait/azure_kinect_ws/build/body_tracker_msgs': CMAKE_PREFIX_PATH=${CMAKE_PREFIX_PATH}:/home/robogait/ros2_serial/install/ourbotmanager:/opt/ros/foxy /usr/bin/cmake --install /home/robogait/azure_kinect_ws/build/body_tracker_msgs
[0.069s] -- Install configuration: ""
[0.069s] -- Up-to-date: /home/robogait/azure_kinect_ws/install/body_tracker_msgs/share/ament_index/resource_index/package_run_dependencies/body_tracker_msgs
[0.069s] -- Up-to-date: /home/robogait/azure_kinect_ws/install/body_tracker_msgs/share/ament_index/resource_index/parent_prefix_path/body_tracker_msgs
[0.069s] -- Up-to-date: /home/robogait/azure_kinect_ws/install/body_tracker_msgs/share/body_tracker_msgs/environment/ament_prefix_path.sh
[0.069s] -- Up-to-date: /home/robogait/azure_kinect_ws/install/body_tracker_msgs/share/body_tracker_msgs/environment/ament_prefix_path.dsv
[0.069s] -- Up-to-date: /home/robogait/azure_kinect_ws/install/body_tracker_msgs/share/body_tracker_msgs/environment/path.sh
[0.069s] -- Up-to-date: /home/robogait/azure_kinect_ws/install/body_tracker_msgs/share/body_tracker_msgs/environment/path.dsv
[0.069s] -- Up-to-date: /home/robogait/azure_kinect_ws/install/body_tracker_msgs/share/body_tracker_msgs/local_setup.bash
[0.069s] -- Up-to-date: /home/robogait/azure_kinect_ws/install/body_tracker_msgs/share/body_tracker_msgs/local_setup.sh
[0.069s] -- Up-to-date: /home/robogait/azure_kinect_ws/install/body_tracker_msgs/share/body_tracker_msgs/local_setup.zsh
[0.069s] -- Up-to-date: /home/robogait/azure_kinect_ws/install/body_tracker_msgs/share/body_tracker_msgs/local_setup.dsv
[0.069s] -- Installing: /home/robogait/azure_kinect_ws/install/body_tracker_msgs/share/body_tracker_msgs/package.dsv
[0.069s] -- Up-to-date: /home/robogait/azure_kinect_ws/install/body_tracker_msgs/share/ament_index/resource_index/packages/body_tracker_msgs
[0.069s] -- Up-to-date: /home/robogait/azure_kinect_ws/install/body_tracker_msgs/share/body_tracker_msgs/cmake/body_tracker_msgsConfig.cmake
[0.069s] -- Up-to-date: /home/robogait/azure_kinect_ws/install/body_tracker_msgs/share/body_tracker_msgs/cmake/body_tracker_msgsConfig-version.cmake
[0.069s] -- Up-to-date: /home/robogait/azure_kinect_ws/install/body_tracker_msgs/share/body_tracker_msgs/package.xml
[0.070s] Invoked command in '/home/robogait/azure_kinect_ws/build/body_tracker_msgs' returned '0': CMAKE_PREFIX_PATH=${CMAKE_PREFIX_PATH}:/home/robogait/ros2_serial/install/ourbotmanager:/opt/ros/foxy /usr/bin/cmake --install /home/robogait/azure_kinect_ws/build/body_tracker_msgs
