[0.011s] Invoking command in '/home/robogait/azure_kinect_ws/build/body_tracking': CMAKE_PREFIX_PATH=${CMAKE_PREFIX_PATH}:/home/robogait/ros2_serial/install/ourbotmanager:/opt/ros/foxy /usr/bin/cmake --build /home/robogait/azure_kinect_ws/build/body_tracking -- -j8 -l8
[0.029s] -- Found ament_cmake: 0.9.9 (/opt/ros/foxy/share/ament_cmake/cmake)
[0.043s] -- Found PythonInterp: /usr/bin/python3 (found suitable version "3.8.10", minimum required is "3") 
[0.043s] -- Using PYTHON_EXECUTABLE: /usr/bin/python3
[0.148s] -- Found rclcpp: 2.4.1 (/opt/ros/foxy/share/rclcpp/cmake)
[0.167s] -- Using all available rosidl_typesupport_c: rosidl_typesupport_fastrtps_c;rosidl_typesupport_introspection_c
[0.170s] -- Found rosidl_adapter: 1.2.1 (/opt/ros/foxy/share/rosidl_adapter/cmake)
[0.242s] -- Using all available rosidl_typesupport_cpp: rosidl_typesupport_fastrtps_cpp;rosidl_typesupport_introspection_cpp
[0.270s] -- Found rmw_implementation_cmake: 1.0.3 (/opt/ros/foxy/share/rmw_implementation_cmake/cmake)
[0.271s] -- Using RMW implementation 'rmw_fastrtps_cpp' as default
[0.355s] -- Found body_tracking: 0.0.0 (/home/robogait/azure_kinect_ws/install/body_tracking/share/body_tracking/cmake)
[0.359s] -- Found rosidl_default_generators: 1.0.1 (/opt/ros/foxy/share/rosidl_default_generators/cmake)
[0.365s] CMake Warning (dev) at CMakeLists.txt:41 (find_package):
[0.365s]   Policy CMP0074 is not set: find_package uses <PackageName>_ROOT variables.
[0.365s]   Run "cmake --help-policy CMP0074" for policy details.  Use the cmake_policy
[0.365s]   command to set the policy and suppress this warning.
[0.365s] 
[0.365s]   CMake variable k4abt_ROOT is set to:
[0.365s] 
[0.366s]     /usr
[0.366s] 
[0.366s]   For compatibility, CMake is ignoring the variable.
[0.366s] This warning is for project developers.  Use -Wno-dev to suppress it.
[0.366s] 
[0.366s] CMake Error at CMakeLists.txt:44 (target_link_libraries):
[0.366s]   Cannot specify link libraries for target "K4ABT" which is not built by this
[0.366s]   project.
[0.366s] 
[0.366s] 
[0.367s] -- Configuring incomplete, errors occurred!
[0.367s] See also "/home/robogait/azure_kinect_ws/build/body_tracking/CMakeFiles/CMakeOutput.log".
[0.367s] See also "/home/robogait/azure_kinect_ws/build/body_tracking/CMakeFiles/CMakeError.log".
[0.371s] make: *** [Makefile:924: cmake_check_build_system] Error 1
[0.373s] Invoked command in '/home/robogait/azure_kinect_ws/build/body_tracking' returned '2': CMAKE_PREFIX_PATH=${CMAKE_PREFIX_PATH}:/home/robogait/ros2_serial/install/ourbotmanager:/opt/ros/foxy /usr/bin/cmake --build /home/robogait/azure_kinect_ws/build/body_tracking -- -j8 -l8
