-- Found ament_cmake: 0.9.9 (/opt/ros/foxy/share/ament_cmake/cmake)
-- Using PYTHON_EXECUTABLE: /usr/bin/python3
-- Found rclcpp: 2.4.1 (/opt/ros/foxy/share/rclcpp/cmake)
-- Using all available rosidl_typesupport_c: rosidl_typesupport_fastrtps_c;rosidl_typesupport_introspection_c
-- Found rosidl_adapter: 1.2.1 (/opt/ros/foxy/share/rosidl_adapter/cmake)
-- Using all available rosidl_typesupport_cpp: rosidl_typesupport_fastrtps_cpp;rosidl_typesupport_introspection_cpp
-- Found rmw_implementation_cmake: 1.0.3 (/opt/ros/foxy/share/rmw_implementation_cmake/cmake)
-- Using RMW implementation 'rmw_fastrtps_cpp' as default
-- Found geometry_msgs: 2.0.5 (/opt/ros/foxy/share/geometry_msgs/cmake)
-- Found PythonInterp: /usr/bin/python3 (found version "3.8.10") 
-- Found ament_cmake_ros: 0.9.2 (/opt/ros/foxy/share/ament_cmake_ros/cmake)
-- Using all available rosidl_typesupport_c: rosidl_typesupport_fastrtps_c;rosidl_typesupport_introspection_c
-- Using all available rosidl_typesupport_cpp: rosidl_typesupport_fastrtps_cpp;rosidl_typesupport_introspection_cpp
-- Found ament_lint_auto: 0.9.6 (/opt/ros/foxy/share/ament_lint_auto/cmake)
-- Added test 'copyright' to check source files copyright and LICENSE
-- Added test 'lint_cmake' to check CMake code style
-- Added test 'xmllint' to check XML markup files
-- Configuring done
-- Generating done
-- Build files have been written to: /home/robogait/azure_kinect_ws/build/body_tracker_msgs
[  3%] [34m[1mGenerating C code for ROS interfaces[0m
[35m[1mScanning dependencies of target body_tracker_msgs__cpp[0m
[  6%] [34m[1mGenerating C++ code for ROS interfaces[0m
[35m[1mScanning dependencies of target body_tracker_msgs__rosidl_generator_c[0m
[  6%] Built target body_tracker_msgs__cpp
[ 17%] [34m[1mGenerating C++ introspection for ROS interfaces[0m
[ 17%] [34m[1mGenerating C++ type support for eProsima Fast-RTPS[0m
[ 17%] [34m[1mGenerating C++ type support dispatch for ROS interfaces[0m
[ 20%] [32mBuilding C object CMakeFiles/body_tracker_msgs__rosidl_generator_c.dir/rosidl_generator_c/body_tracker_msgs/msg/detail/hip_coordinates__functions.c.o[0m
[ 24%] [32mBuilding C object CMakeFiles/body_tracker_msgs__rosidl_generator_c.dir/rosidl_generator_c/body_tracker_msgs/msg/detail/skeleton__functions.c.o[0m
[ 27%] [32m[1mLinking C shared library libbody_tracker_msgs__rosidl_generator_c.so[0m
[ 27%] Built target body_tracker_msgs__rosidl_generator_c
[ 31%] [34m[1mGenerating C introspection for ROS interfaces[0m
[ 34%] [34m[1mGenerating C type support dispatch for ROS interfaces[0m
[35m[1mScanning dependencies of target body_tracker_msgs__rosidl_typesupport_cpp[0m
[35m[1mScanning dependencies of target body_tracker_msgs__rosidl_typesupport_introspection_cpp[0m
[ 37%] [32mBuilding CXX object CMakeFiles/body_tracker_msgs__rosidl_typesupport_cpp.dir/rosidl_typesupport_cpp/body_tracker_msgs/msg/hip_coordinates__type_support.cpp.o[0m
[ 41%] [32mBuilding CXX object CMakeFiles/body_tracker_msgs__rosidl_typesupport_cpp.dir/rosidl_typesupport_cpp/body_tracker_msgs/msg/skeleton__type_support.cpp.o[0m
[ 44%] [32mBuilding CXX object CMakeFiles/body_tracker_msgs__rosidl_typesupport_introspection_cpp.dir/rosidl_typesupport_introspection_cpp/body_tracker_msgs/msg/detail/hip_coordinates__type_support.cpp.o[0m
[ 48%] [32mBuilding CXX object CMakeFiles/body_tracker_msgs__rosidl_typesupport_introspection_cpp.dir/rosidl_typesupport_introspection_cpp/body_tracker_msgs/msg/detail/skeleton__type_support.cpp.o[0m
[35m[1mScanning dependencies of target body_tracker_msgs__rosidl_typesupport_introspection_c[0m
[ 51%] [32mBuilding C object CMakeFiles/body_tracker_msgs__rosidl_typesupport_introspection_c.dir/rosidl_typesupport_introspection_c/body_tracker_msgs/msg/detail/hip_coordinates__type_support.c.o[0m
[ 55%] [32mBuilding C object CMakeFiles/body_tracker_msgs__rosidl_typesupport_introspection_c.dir/rosidl_typesupport_introspection_c/body_tracker_msgs/msg/detail/skeleton__type_support.c.o[0m
[35m[1mScanning dependencies of target body_tracker_msgs__rosidl_typesupport_fastrtps_cpp[0m
[ 58%] [32m[1mLinking C shared library libbody_tracker_msgs__rosidl_typesupport_introspection_c.so[0m
[ 62%] [32mBuilding CXX object CMakeFiles/body_tracker_msgs__rosidl_typesupport_fastrtps_cpp.dir/rosidl_typesupport_fastrtps_cpp/body_tracker_msgs/msg/detail/dds_fastrtps/hip_coordinates__type_support.cpp.o[0m
[ 65%] [32mBuilding CXX object CMakeFiles/body_tracker_msgs__rosidl_typesupport_fastrtps_cpp.dir/rosidl_typesupport_fastrtps_cpp/body_tracker_msgs/msg/detail/dds_fastrtps/skeleton__type_support.cpp.o[0m
[ 65%] Built target body_tracker_msgs__rosidl_typesupport_introspection_c
[35m[1mScanning dependencies of target body_tracker_msgs__rosidl_typesupport_c[0m
[ 68%] [32mBuilding CXX object CMakeFiles/body_tracker_msgs__rosidl_typesupport_c.dir/rosidl_typesupport_c/body_tracker_msgs/msg/hip_coordinates__type_support.cpp.o[0m
[ 72%] [32mBuilding CXX object CMakeFiles/body_tracker_msgs__rosidl_typesupport_c.dir/rosidl_typesupport_c/body_tracker_msgs/msg/skeleton__type_support.cpp.o[0m
[ 75%] [32m[1mLinking CXX shared library libbody_tracker_msgs__rosidl_typesupport_c.so[0m
[ 79%] [32m[1mLinking CXX shared library libbody_tracker_msgs__rosidl_typesupport_cpp.so[0m
[ 82%] [32m[1mLinking CXX shared library libbody_tracker_msgs__rosidl_typesupport_introspection_cpp.so[0m
[ 82%] Built target body_tracker_msgs__rosidl_typesupport_c
[ 82%] Built target body_tracker_msgs__rosidl_typesupport_cpp
[ 82%] Built target body_tracker_msgs__rosidl_typesupport_introspection_cpp
[ 86%] [32m[1mLinking CXX shared library libbody_tracker_msgs__rosidl_typesupport_fastrtps_cpp.so[0m
[ 86%] Built target body_tracker_msgs__rosidl_typesupport_fastrtps_cpp
[ 89%] [34m[1mGenerating C type support for eProsima Fast-RTPS[0m
[35m[1mScanning dependencies of target body_tracker_msgs__rosidl_typesupport_fastrtps_c[0m
[ 96%] [32mBuilding CXX object CMakeFiles/body_tracker_msgs__rosidl_typesupport_fastrtps_c.dir/rosidl_typesupport_fastrtps_c/body_tracker_msgs/msg/detail/hip_coordinates__type_support_c.cpp.o[0m
[ 96%] [32mBuilding CXX object CMakeFiles/body_tracker_msgs__rosidl_typesupport_fastrtps_c.dir/rosidl_typesupport_fastrtps_c/body_tracker_msgs/msg/detail/skeleton__type_support_c.cpp.o[0m
[100%] [32m[1mLinking CXX shared library libbody_tracker_msgs__rosidl_typesupport_fastrtps_c.so[0m
[100%] Built target body_tracker_msgs__rosidl_typesupport_fastrtps_c
[35m[1mScanning dependencies of target body_tracker_msgs[0m
[100%] Built target body_tracker_msgs
