[0.015s] Invoking command in '/home/robogait/azure_kinect_ws/build/body_tracker_msgs': CMAKE_PREFIX_PATH=${CMAKE_PREFIX_PATH}:/home/robogait/ros2_serial/install/ourbotmanager:/opt/ros/foxy /usr/bin/cmake --build /home/robogait/azure_kinect_ws/build/body_tracker_msgs -- -j8 -l8
[0.033s] -- Found ament_cmake: 0.9.9 (/opt/ros/foxy/share/ament_cmake/cmake)
[0.047s] -- Using PYTHON_EXECUTABLE: /usr/bin/python3
[0.152s] -- Found rclcpp: 2.4.1 (/opt/ros/foxy/share/rclcpp/cmake)
[0.172s] -- Using all available rosidl_typesupport_c: rosidl_typesupport_fastrtps_c;rosidl_typesupport_introspection_c
[0.174s] -- Found rosidl_adapter: 1.2.1 (/opt/ros/foxy/share/rosidl_adapter/cmake)
[0.247s] -- Using all available rosidl_typesupport_cpp: rosidl_typesupport_fastrtps_cpp;rosidl_typesupport_introspection_cpp
[0.275s] -- Found rmw_implementation_cmake: 1.0.3 (/opt/ros/foxy/share/rmw_implementation_cmake/cmake)
[0.276s] -- Using RMW implementation 'rmw_fastrtps_cpp' as default
[0.360s] -- Found geometry_msgs: 2.0.5 (/opt/ros/foxy/share/geometry_msgs/cmake)
[0.393s] -- Found PythonInterp: /usr/bin/python3 (found version "3.8.10") 
[0.508s] -- Found ament_cmake_ros: 0.9.2 (/opt/ros/foxy/share/ament_cmake_ros/cmake)
[0.651s] -- Using all available rosidl_typesupport_c: rosidl_typesupport_fastrtps_c;rosidl_typesupport_introspection_c
[0.713s] -- Using all available rosidl_typesupport_cpp: rosidl_typesupport_fastrtps_cpp;rosidl_typesupport_introspection_cpp
[0.716s] -- Found ament_lint_auto: 0.9.6 (/opt/ros/foxy/share/ament_lint_auto/cmake)
[0.723s] -- Added test 'copyright' to check source files copyright and LICENSE
[0.723s] -- Added test 'lint_cmake' to check CMake code style
[0.724s] -- Added test 'xmllint' to check XML markup files
[0.726s] -- Configuring done
[0.748s] -- Generating done
[0.750s] -- Build files have been written to: /home/robogait/azure_kinect_ws/build/body_tracker_msgs
[0.766s] [  3%] [34m[1mGenerating C code for ROS interfaces[0m
[0.766s] [35m[1mScanning dependencies of target body_tracker_msgs__cpp[0m
[0.773s] [  6%] [34m[1mGenerating C++ code for ROS interfaces[0m
[1.043s] [35m[1mScanning dependencies of target body_tracker_msgs__rosidl_generator_c[0m
[1.043s] [  6%] Built target body_tracker_msgs__cpp
[1.051s] [ 17%] [34m[1mGenerating C++ introspection for ROS interfaces[0m
[1.051s] [ 17%] [34m[1mGenerating C++ type support for eProsima Fast-RTPS[0m
[1.051s] [ 17%] [34m[1mGenerating C++ type support dispatch for ROS interfaces[0m
[1.056s] [ 20%] [32mBuilding C object CMakeFiles/body_tracker_msgs__rosidl_generator_c.dir/rosidl_generator_c/body_tracker_msgs/msg/detail/hip_coordinates__functions.c.o[0m
[1.060s] [ 24%] [32mBuilding C object CMakeFiles/body_tracker_msgs__rosidl_generator_c.dir/rosidl_generator_c/body_tracker_msgs/msg/detail/skeleton__functions.c.o[0m
[1.097s] [ 27%] [32m[1mLinking C shared library libbody_tracker_msgs__rosidl_generator_c.so[0m
[1.125s] [ 27%] Built target body_tracker_msgs__rosidl_generator_c
[1.132s] [ 31%] [34m[1mGenerating C introspection for ROS interfaces[0m
[1.135s] [ 34%] [34m[1mGenerating C type support dispatch for ROS interfaces[0m
[1.319s] [35m[1mScanning dependencies of target body_tracker_msgs__rosidl_typesupport_cpp[0m
[1.323s] [35m[1mScanning dependencies of target body_tracker_msgs__rosidl_typesupport_introspection_cpp[0m
[1.331s] [ 37%] [32mBuilding CXX object CMakeFiles/body_tracker_msgs__rosidl_typesupport_cpp.dir/rosidl_typesupport_cpp/body_tracker_msgs/msg/hip_coordinates__type_support.cpp.o[0m
[1.331s] [ 41%] [32mBuilding CXX object CMakeFiles/body_tracker_msgs__rosidl_typesupport_cpp.dir/rosidl_typesupport_cpp/body_tracker_msgs/msg/skeleton__type_support.cpp.o[0m
[1.334s] [ 44%] [32mBuilding CXX object CMakeFiles/body_tracker_msgs__rosidl_typesupport_introspection_cpp.dir/rosidl_typesupport_introspection_cpp/body_tracker_msgs/msg/detail/hip_coordinates__type_support.cpp.o[0m
[1.334s] [ 48%] [32mBuilding CXX object CMakeFiles/body_tracker_msgs__rosidl_typesupport_introspection_cpp.dir/rosidl_typesupport_introspection_cpp/body_tracker_msgs/msg/detail/skeleton__type_support.cpp.o[0m
[1.474s] [35m[1mScanning dependencies of target body_tracker_msgs__rosidl_typesupport_introspection_c[0m
[1.492s] [ 51%] [32mBuilding C object CMakeFiles/body_tracker_msgs__rosidl_typesupport_introspection_c.dir/rosidl_typesupport_introspection_c/body_tracker_msgs/msg/detail/hip_coordinates__type_support.c.o[0m
[1.500s] [ 55%] [32mBuilding C object CMakeFiles/body_tracker_msgs__rosidl_typesupport_introspection_c.dir/rosidl_typesupport_introspection_c/body_tracker_msgs/msg/detail/skeleton__type_support.c.o[0m
[1.533s] [35m[1mScanning dependencies of target body_tracker_msgs__rosidl_typesupport_fastrtps_cpp[0m
[1.548s] [ 58%] [32m[1mLinking C shared library libbody_tracker_msgs__rosidl_typesupport_introspection_c.so[0m
[1.549s] [ 62%] [32mBuilding CXX object CMakeFiles/body_tracker_msgs__rosidl_typesupport_fastrtps_cpp.dir/rosidl_typesupport_fastrtps_cpp/body_tracker_msgs/msg/detail/dds_fastrtps/hip_coordinates__type_support.cpp.o[0m
[1.552s] [ 65%] [32mBuilding CXX object CMakeFiles/body_tracker_msgs__rosidl_typesupport_fastrtps_cpp.dir/rosidl_typesupport_fastrtps_cpp/body_tracker_msgs/msg/detail/dds_fastrtps/skeleton__type_support.cpp.o[0m
[1.574s] [ 65%] Built target body_tracker_msgs__rosidl_typesupport_introspection_c
[1.575s] [35m[1mScanning dependencies of target body_tracker_msgs__rosidl_typesupport_c[0m
[1.584s] [ 68%] [32mBuilding CXX object CMakeFiles/body_tracker_msgs__rosidl_typesupport_c.dir/rosidl_typesupport_c/body_tracker_msgs/msg/hip_coordinates__type_support.cpp.o[0m
[1.586s] [ 72%] [32mBuilding CXX object CMakeFiles/body_tracker_msgs__rosidl_typesupport_c.dir/rosidl_typesupport_c/body_tracker_msgs/msg/skeleton__type_support.cpp.o[0m
[1.607s] [ 75%] [32m[1mLinking CXX shared library libbody_tracker_msgs__rosidl_typesupport_c.so[0m
[1.608s] [ 79%] [32m[1mLinking CXX shared library libbody_tracker_msgs__rosidl_typesupport_cpp.so[0m
[1.621s] [ 82%] [32m[1mLinking CXX shared library libbody_tracker_msgs__rosidl_typesupport_introspection_cpp.so[0m
[1.635s] [ 82%] Built target body_tracker_msgs__rosidl_typesupport_c
[1.636s] [ 82%] Built target body_tracker_msgs__rosidl_typesupport_cpp
[1.663s] [ 82%] Built target body_tracker_msgs__rosidl_typesupport_introspection_cpp
[1.837s] [ 86%] [32m[1mLinking CXX shared library libbody_tracker_msgs__rosidl_typesupport_fastrtps_cpp.so[0m
[1.893s] [ 86%] Built target body_tracker_msgs__rosidl_typesupport_fastrtps_cpp
[1.900s] [ 89%] [34m[1mGenerating C type support for eProsima Fast-RTPS[0m
[2.160s] [35m[1mScanning dependencies of target body_tracker_msgs__rosidl_typesupport_fastrtps_c[0m
[2.173s] [ 96%] [32mBuilding CXX object CMakeFiles/body_tracker_msgs__rosidl_typesupport_fastrtps_c.dir/rosidl_typesupport_fastrtps_c/body_tracker_msgs/msg/detail/hip_coordinates__type_support_c.cpp.o[0m
[2.173s] [ 96%] [32mBuilding CXX object CMakeFiles/body_tracker_msgs__rosidl_typesupport_fastrtps_c.dir/rosidl_typesupport_fastrtps_c/body_tracker_msgs/msg/detail/skeleton__type_support_c.cpp.o[0m
[2.380s] [100%] [32m[1mLinking CXX shared library libbody_tracker_msgs__rosidl_typesupport_fastrtps_c.so[0m
[2.434s] [100%] Built target body_tracker_msgs__rosidl_typesupport_fastrtps_c
[2.441s] [35m[1mScanning dependencies of target body_tracker_msgs[0m
[2.447s] [100%] Built target body_tracker_msgs
