[0.106s] DEBUG:colcon:Command line arguments: ['/usr/bin/colcon', 'build']
[0.106s] DEBUG:colcon:Parsed command line arguments: Namespace(allow_overriding=[], ament_cmake_args=None, base_paths=['.'], build_base='build', catkin_cmake_args=None, catkin_skip_building_tests=False, cmake_args=None, cmake_clean_cache=False, cmake_clean_first=False, cmake_force_configure=False, cmake_target=None, cmake_target_skip_unavailable=False, continue_on_error=False, event_handlers=None, executor='parallel', ignore_user_meta=False, install_base='install', log_base=None, log_level=None, main=<bound method BuildVerb.main of <colcon_core.verb.build.BuildVerb object at 0x7fcd6bf544f0>>, merge_install=False, metas=['./colcon.meta'], packages_above=None, packages_above_and_dependencies=None, packages_above_depth=None, packages_end=None, packages_ignore=None, packages_ignore_regex=None, packages_select=None, packages_select_build_failed=False, packages_select_by_dep=None, packages_select_regex=None, packages_select_test_failures=False, packages_skip=None, packages_skip_build_finished=False, packages_skip_by_dep=None, packages_skip_regex=None, packages_skip_test_passed=False, packages_skip_up_to=None, packages_start=None, packages_up_to=None, packages_up_to_regex=None, parallel_workers=8, paths=None, symlink_install=False, test_result_base=None, verb_extension=<colcon_core.verb.build.BuildVerb object at 0x7fcd6bf544f0>, verb_name='build', verb_parser=<colcon_defaults.argument_parser.defaults.DefaultArgumentsDecorator object at 0x7fcd6bf54a30>)
[0.129s] Level 1:colcon.colcon_core.package_discovery:discover_packages(colcon_meta) check parameters
[0.129s] Level 1:colcon.colcon_core.package_discovery:discover_packages(recursive) check parameters
[0.129s] Level 1:colcon.colcon_core.package_discovery:discover_packages(ignore) check parameters
[0.129s] Level 1:colcon.colcon_core.package_discovery:discover_packages(path) check parameters
[0.129s] Level 1:colcon.colcon_core.package_discovery:discover_packages(colcon_meta) discover
[0.129s] Level 1:colcon.colcon_core.package_discovery:discover_packages(recursive) discover
[0.129s] INFO:colcon.colcon_core.package_discovery:Crawling recursively for packages in '/home/robogait/azure_kinect_ws'
[0.129s] Level 1:colcon.colcon_core.package_identification:_identify(.) by extensions ['ignore', 'ignore_ament_install']
[0.129s] Level 1:colcon.colcon_core.package_identification:_identify(.) by extension 'ignore'
[0.129s] Level 1:colcon.colcon_core.package_identification:_identify(.) by extension 'ignore_ament_install'
[0.129s] Level 1:colcon.colcon_core.package_identification:_identify(.) by extensions ['colcon_pkg']
[0.129s] Level 1:colcon.colcon_core.package_identification:_identify(.) by extension 'colcon_pkg'
[0.129s] Level 1:colcon.colcon_core.package_identification:_identify(.) by extensions ['colcon_meta']
[0.129s] Level 1:colcon.colcon_core.package_identification:_identify(.) by extension 'colcon_meta'
[0.129s] Level 1:colcon.colcon_core.package_identification:_identify(.) by extensions ['ros']
[0.129s] Level 1:colcon.colcon_core.package_identification:_identify(.) by extension 'ros'
[0.137s] Level 1:colcon.colcon_core.package_identification:_identify(.) by extensions ['cmake', 'python']
[0.137s] Level 1:colcon.colcon_core.package_identification:_identify(.) by extension 'cmake'
[0.137s] Level 1:colcon.colcon_core.package_identification:_identify(.) by extension 'python'
[0.137s] Level 1:colcon.colcon_core.package_identification:_identify(.) by extensions ['python_setup_py']
[0.137s] Level 1:colcon.colcon_core.package_identification:_identify(.) by extension 'python_setup_py'
[0.137s] Level 1:colcon.colcon_core.package_identification:_identify(build) by extensions ['ignore', 'ignore_ament_install']
[0.137s] Level 1:colcon.colcon_core.package_identification:_identify(build) by extension 'ignore'
[0.137s] Level 1:colcon.colcon_core.package_identification:_identify(build) ignored
[0.137s] Level 1:colcon.colcon_core.package_identification:_identify(install) by extensions ['ignore', 'ignore_ament_install']
[0.137s] Level 1:colcon.colcon_core.package_identification:_identify(install) by extension 'ignore'
[0.137s] Level 1:colcon.colcon_core.package_identification:_identify(install) ignored
[0.137s] Level 1:colcon.colcon_core.package_identification:_identify(log) by extensions ['ignore', 'ignore_ament_install']
[0.137s] Level 1:colcon.colcon_core.package_identification:_identify(log) by extension 'ignore'
[0.137s] Level 1:colcon.colcon_core.package_identification:_identify(log) ignored
[0.138s] Level 1:colcon.colcon_core.package_identification:_identify(src) by extensions ['ignore', 'ignore_ament_install']
[0.138s] Level 1:colcon.colcon_core.package_identification:_identify(src) by extension 'ignore'
[0.138s] Level 1:colcon.colcon_core.package_identification:_identify(src) by extension 'ignore_ament_install'
[0.138s] Level 1:colcon.colcon_core.package_identification:_identify(src) by extensions ['colcon_pkg']
[0.138s] Level 1:colcon.colcon_core.package_identification:_identify(src) by extension 'colcon_pkg'
[0.138s] Level 1:colcon.colcon_core.package_identification:_identify(src) by extensions ['colcon_meta']
[0.138s] Level 1:colcon.colcon_core.package_identification:_identify(src) by extension 'colcon_meta'
[0.138s] Level 1:colcon.colcon_core.package_identification:_identify(src) by extensions ['ros']
[0.138s] Level 1:colcon.colcon_core.package_identification:_identify(src) by extension 'ros'
[0.138s] Level 1:colcon.colcon_core.package_identification:_identify(src) by extensions ['cmake', 'python']
[0.138s] Level 1:colcon.colcon_core.package_identification:_identify(src) by extension 'cmake'
[0.138s] Level 1:colcon.colcon_core.package_identification:_identify(src) by extension 'python'
[0.138s] Level 1:colcon.colcon_core.package_identification:_identify(src) by extensions ['python_setup_py']
[0.138s] Level 1:colcon.colcon_core.package_identification:_identify(src) by extension 'python_setup_py'
[0.138s] Level 1:colcon.colcon_core.package_identification:_identify(src/body_tracker_msgs) by extensions ['ignore', 'ignore_ament_install']
[0.138s] Level 1:colcon.colcon_core.package_identification:_identify(src/body_tracker_msgs) by extension 'ignore'
[0.138s] Level 1:colcon.colcon_core.package_identification:_identify(src/body_tracker_msgs) by extension 'ignore_ament_install'
[0.138s] Level 1:colcon.colcon_core.package_identification:_identify(src/body_tracker_msgs) by extensions ['colcon_pkg']
[0.138s] Level 1:colcon.colcon_core.package_identification:_identify(src/body_tracker_msgs) by extension 'colcon_pkg'
[0.138s] Level 1:colcon.colcon_core.package_identification:_identify(src/body_tracker_msgs) by extensions ['colcon_meta']
[0.138s] Level 1:colcon.colcon_core.package_identification:_identify(src/body_tracker_msgs) by extension 'colcon_meta'
[0.138s] Level 1:colcon.colcon_core.package_identification:_identify(src/body_tracker_msgs) by extensions ['ros']
[0.138s] Level 1:colcon.colcon_core.package_identification:_identify(src/body_tracker_msgs) by extension 'ros'
[0.140s] DEBUG:colcon.colcon_core.package_identification:Package 'src/body_tracker_msgs' with type 'ros.ament_cmake' and name 'body_tracker_msgs'
[0.140s] Level 1:colcon.colcon_core.package_identification:_identify(src/body_tracking) by extensions ['ignore', 'ignore_ament_install']
[0.140s] Level 1:colcon.colcon_core.package_identification:_identify(src/body_tracking) by extension 'ignore'
[0.140s] Level 1:colcon.colcon_core.package_identification:_identify(src/body_tracking) by extension 'ignore_ament_install'
[0.140s] Level 1:colcon.colcon_core.package_identification:_identify(src/body_tracking) by extensions ['colcon_pkg']
[0.140s] Level 1:colcon.colcon_core.package_identification:_identify(src/body_tracking) by extension 'colcon_pkg'
[0.140s] Level 1:colcon.colcon_core.package_identification:_identify(src/body_tracking) by extensions ['colcon_meta']
[0.140s] Level 1:colcon.colcon_core.package_identification:_identify(src/body_tracking) by extension 'colcon_meta'
[0.140s] Level 1:colcon.colcon_core.package_identification:_identify(src/body_tracking) by extensions ['ros']
[0.140s] Level 1:colcon.colcon_core.package_identification:_identify(src/body_tracking) by extension 'ros'
[0.141s] DEBUG:colcon.colcon_core.package_identification:Package 'src/body_tracking' with type 'ros.ament_cmake' and name 'body_tracking'
[0.141s] Level 1:colcon.colcon_core.package_identification:_identify(src/kinect_azure_body_tracker) by extensions ['ignore', 'ignore_ament_install']
[0.141s] Level 1:colcon.colcon_core.package_identification:_identify(src/kinect_azure_body_tracker) by extension 'ignore'
[0.141s] Level 1:colcon.colcon_core.package_identification:_identify(src/kinect_azure_body_tracker) by extension 'ignore_ament_install'
[0.141s] Level 1:colcon.colcon_core.package_identification:_identify(src/kinect_azure_body_tracker) by extensions ['colcon_pkg']
[0.141s] Level 1:colcon.colcon_core.package_identification:_identify(src/kinect_azure_body_tracker) by extension 'colcon_pkg'
[0.141s] Level 1:colcon.colcon_core.package_identification:_identify(src/kinect_azure_body_tracker) by extensions ['colcon_meta']
[0.141s] Level 1:colcon.colcon_core.package_identification:_identify(src/kinect_azure_body_tracker) by extension 'colcon_meta'
[0.141s] Level 1:colcon.colcon_core.package_identification:_identify(src/kinect_azure_body_tracker) by extensions ['ros']
[0.141s] Level 1:colcon.colcon_core.package_identification:_identify(src/kinect_azure_body_tracker) by extension 'ros'
[0.141s] DEBUG:colcon.colcon_core.package_identification:Package 'src/kinect_azure_body_tracker' with type 'ros.ament_cmake' and name 'kinect_azure_body_tracker'
[0.141s] Level 1:colcon.colcon_core.package_discovery:discover_packages(recursive) using defaults
[0.141s] Level 1:colcon.colcon_core.package_discovery:discover_packages(ignore) discover
[0.141s] Level 1:colcon.colcon_core.package_discovery:discover_packages(ignore) using defaults
[0.141s] Level 1:colcon.colcon_core.package_discovery:discover_packages(path) discover
[0.141s] Level 1:colcon.colcon_core.package_discovery:discover_packages(path) using defaults
[0.155s] Level 1:colcon.colcon_core.package_discovery:discover_packages(prefix_path) check parameters
[0.155s] Level 1:colcon.colcon_core.package_discovery:discover_packages(prefix_path) discover
[0.158s] DEBUG:colcon.colcon_installed_package_information.package_discovery:Found 4 installed packages in /home/robogait/azure_kinect_ws/install
[0.159s] DEBUG:colcon.colcon_installed_package_information.package_discovery:Found 3 installed packages in /home/robogait/ros2_ws_realsense/install
[0.159s] DEBUG:colcon.colcon_installed_package_information.package_discovery:Found 4 installed packages in /home/robogait/nav2_teb/install
[0.160s] DEBUG:colcon.colcon_installed_package_information.package_discovery:Found 31 installed packages in /home/robogait/nav2_ws/install
[0.160s] DEBUG:colcon.colcon_installed_package_information.package_discovery:Found 1 installed packages in /home/robogait/ros2_serial_cpp/install
[0.160s] DEBUG:colcon.colcon_installed_package_information.package_discovery:Found 1 installed packages in /home/robogait/serial_cpp/install
[0.160s] DEBUG:colcon.colcon_installed_package_information.package_discovery:Found 1 installed packages in /home/robogait/ros2_serial/install
[0.161s] DEBUG:colcon.colcon_installed_package_information.package_discovery:Found 2 installed packages in /home/robogait/rplidar/install
[0.161s] DEBUG:colcon.colcon_installed_package_information.package_discovery:Found 2 installed packages in /home/robogait/catkin_ws/install
[0.161s] DEBUG:colcon.colcon_installed_package_information.package_discovery:Found 1 installed packages in /home/robogait/tutorials_ros2/install
[0.161s] DEBUG:colcon.colcon_installed_package_information.package_discovery:Found 2 installed packages in /home/robogait/ros2_ws/install
[0.162s] DEBUG:colcon.colcon_installed_package_information.package_discovery:Found 323 installed packages in /opt/ros/foxy
[0.164s] Level 1:colcon.colcon_core.package_discovery:discover_packages(prefix_path) using defaults
[0.233s] Level 5:colcon.colcon_core.verb:set package 'body_tracker_msgs' build argument 'cmake_args' from command line to 'None'
[0.233s] Level 5:colcon.colcon_core.verb:set package 'body_tracker_msgs' build argument 'cmake_target' from command line to 'None'
[0.233s] Level 5:colcon.colcon_core.verb:set package 'body_tracker_msgs' build argument 'cmake_target_skip_unavailable' from command line to 'False'
[0.233s] Level 5:colcon.colcon_core.verb:set package 'body_tracker_msgs' build argument 'cmake_clean_cache' from command line to 'False'
[0.233s] Level 5:colcon.colcon_core.verb:set package 'body_tracker_msgs' build argument 'cmake_clean_first' from command line to 'False'
[0.233s] Level 5:colcon.colcon_core.verb:set package 'body_tracker_msgs' build argument 'cmake_force_configure' from command line to 'False'
[0.233s] Level 5:colcon.colcon_core.verb:set package 'body_tracker_msgs' build argument 'ament_cmake_args' from command line to 'None'
[0.233s] Level 5:colcon.colcon_core.verb:set package 'body_tracker_msgs' build argument 'catkin_cmake_args' from command line to 'None'
[0.233s] Level 5:colcon.colcon_core.verb:set package 'body_tracker_msgs' build argument 'catkin_skip_building_tests' from command line to 'False'
[0.233s] DEBUG:colcon.colcon_core.verb:Building package 'body_tracker_msgs' with the following arguments: {'ament_cmake_args': None, 'build_base': '/home/robogait/azure_kinect_ws/build/body_tracker_msgs', 'catkin_cmake_args': None, 'catkin_skip_building_tests': False, 'cmake_args': None, 'cmake_clean_cache': False, 'cmake_clean_first': False, 'cmake_force_configure': False, 'cmake_target': None, 'cmake_target_skip_unavailable': False, 'install_base': '/home/robogait/azure_kinect_ws/install/body_tracker_msgs', 'merge_install': False, 'path': '/home/robogait/azure_kinect_ws/src/body_tracker_msgs', 'symlink_install': False, 'test_result_base': None}
[0.233s] Level 5:colcon.colcon_core.verb:set package 'body_tracking' build argument 'cmake_args' from command line to 'None'
[0.233s] Level 5:colcon.colcon_core.verb:set package 'body_tracking' build argument 'cmake_target' from command line to 'None'
[0.233s] Level 5:colcon.colcon_core.verb:set package 'body_tracking' build argument 'cmake_target_skip_unavailable' from command line to 'False'
[0.234s] Level 5:colcon.colcon_core.verb:set package 'body_tracking' build argument 'cmake_clean_cache' from command line to 'False'
[0.234s] Level 5:colcon.colcon_core.verb:set package 'body_tracking' build argument 'cmake_clean_first' from command line to 'False'
[0.234s] Level 5:colcon.colcon_core.verb:set package 'body_tracking' build argument 'cmake_force_configure' from command line to 'False'
[0.234s] Level 5:colcon.colcon_core.verb:set package 'body_tracking' build argument 'ament_cmake_args' from command line to 'None'
[0.234s] Level 5:colcon.colcon_core.verb:set package 'body_tracking' build argument 'catkin_cmake_args' from command line to 'None'
[0.234s] Level 5:colcon.colcon_core.verb:set package 'body_tracking' build argument 'catkin_skip_building_tests' from command line to 'False'
[0.234s] DEBUG:colcon.colcon_core.verb:Building package 'body_tracking' with the following arguments: {'ament_cmake_args': None, 'build_base': '/home/robogait/azure_kinect_ws/build/body_tracking', 'catkin_cmake_args': None, 'catkin_skip_building_tests': False, 'cmake_args': None, 'cmake_clean_cache': False, 'cmake_clean_first': False, 'cmake_force_configure': False, 'cmake_target': None, 'cmake_target_skip_unavailable': False, 'install_base': '/home/robogait/azure_kinect_ws/install/body_tracking', 'merge_install': False, 'path': '/home/robogait/azure_kinect_ws/src/body_tracking', 'symlink_install': False, 'test_result_base': None}
[0.234s] Level 5:colcon.colcon_core.verb:set package 'kinect_azure_body_tracker' build argument 'cmake_args' from command line to 'None'
[0.234s] Level 5:colcon.colcon_core.verb:set package 'kinect_azure_body_tracker' build argument 'cmake_target' from command line to 'None'
[0.234s] Level 5:colcon.colcon_core.verb:set package 'kinect_azure_body_tracker' build argument 'cmake_target_skip_unavailable' from command line to 'False'
[0.234s] Level 5:colcon.colcon_core.verb:set package 'kinect_azure_body_tracker' build argument 'cmake_clean_cache' from command line to 'False'
[0.234s] Level 5:colcon.colcon_core.verb:set package 'kinect_azure_body_tracker' build argument 'cmake_clean_first' from command line to 'False'
[0.234s] Level 5:colcon.colcon_core.verb:set package 'kinect_azure_body_tracker' build argument 'cmake_force_configure' from command line to 'False'
[0.234s] Level 5:colcon.colcon_core.verb:set package 'kinect_azure_body_tracker' build argument 'ament_cmake_args' from command line to 'None'
[0.234s] Level 5:colcon.colcon_core.verb:set package 'kinect_azure_body_tracker' build argument 'catkin_cmake_args' from command line to 'None'
[0.234s] Level 5:colcon.colcon_core.verb:set package 'kinect_azure_body_tracker' build argument 'catkin_skip_building_tests' from command line to 'False'
[0.234s] DEBUG:colcon.colcon_core.verb:Building package 'kinect_azure_body_tracker' with the following arguments: {'ament_cmake_args': None, 'build_base': '/home/robogait/azure_kinect_ws/build/kinect_azure_body_tracker', 'catkin_cmake_args': None, 'catkin_skip_building_tests': False, 'cmake_args': None, 'cmake_clean_cache': False, 'cmake_clean_first': False, 'cmake_force_configure': False, 'cmake_target': None, 'cmake_target_skip_unavailable': False, 'install_base': '/home/robogait/azure_kinect_ws/install/kinect_azure_body_tracker', 'merge_install': False, 'path': '/home/robogait/azure_kinect_ws/src/kinect_azure_body_tracker', 'symlink_install': False, 'test_result_base': None}
[0.234s] INFO:colcon.colcon_core.executor:Executing jobs using 'parallel' executor
[0.235s] DEBUG:colcon.colcon_parallel_executor.executor.parallel:run_until_complete
[0.236s] INFO:colcon.colcon_ros.task.ament_cmake.build:Building ROS package in '/home/robogait/azure_kinect_ws/src/body_tracker_msgs' with build type 'ament_cmake'
[0.236s] INFO:colcon.colcon_cmake.task.cmake.build:Building CMake package in '/home/robogait/azure_kinect_ws/src/body_tracker_msgs'
[0.239s] INFO:colcon.colcon_core.plugin_system:Skipping extension 'colcon_core.shell.bat': Not used on non-Windows systems
[0.239s] INFO:colcon.colcon_core.shell:Skip shell extension 'powershell' for command environment: Not usable outside of PowerShell
[0.239s] DEBUG:colcon.colcon_core.shell:Skip shell extension 'dsv' for command environment
[0.246s] INFO:colcon.colcon_ros.task.ament_cmake.build:Building ROS package in '/home/robogait/azure_kinect_ws/src/body_tracking' with build type 'ament_cmake'
[0.246s] INFO:colcon.colcon_cmake.task.cmake.build:Building CMake package in '/home/robogait/azure_kinect_ws/src/body_tracking'
[0.247s] INFO:colcon.colcon_core.shell:Skip shell extension 'powershell' for command environment: Not usable outside of PowerShell
[0.247s] DEBUG:colcon.colcon_core.shell:Skip shell extension 'dsv' for command environment
[0.254s] INFO:colcon.colcon_ros.task.ament_cmake.build:Building ROS package in '/home/robogait/azure_kinect_ws/src/kinect_azure_body_tracker' with build type 'ament_cmake'
[0.254s] INFO:colcon.colcon_cmake.task.cmake.build:Building CMake package in '/home/robogait/azure_kinect_ws/src/kinect_azure_body_tracker'
[0.255s] INFO:colcon.colcon_core.shell:Skip shell extension 'powershell' for command environment: Not usable outside of PowerShell
[0.255s] DEBUG:colcon.colcon_core.shell:Skip shell extension 'dsv' for command environment
[0.265s] DEBUG:colcon.colcon_core.event_handler.log_command:Invoking command in '/home/robogait/azure_kinect_ws/build/body_tracker_msgs': CMAKE_PREFIX_PATH=${CMAKE_PREFIX_PATH}:/home/robogait/nav2_ws/install/nav2_gazebo_spawner:/home/robogait/ros2_serial/install/ourbotmanager:/home/robogait/ros2_ws/install/nav2_project:/opt/ros/foxy /usr/bin/cmake --build /home/robogait/azure_kinect_ws/build/body_tracker_msgs -- -j8 -l8
[0.271s] DEBUG:colcon.colcon_core.event_handler.log_command:Invoking command in '/home/robogait/azure_kinect_ws/build/body_tracking': CMAKE_PREFIX_PATH=${CMAKE_PREFIX_PATH}:/home/robogait/nav2_ws/install/nav2_gazebo_spawner:/home/robogait/ros2_serial/install/ourbotmanager:/home/robogait/ros2_ws/install/nav2_project:/opt/ros/foxy /usr/bin/cmake --build /home/robogait/azure_kinect_ws/build/body_tracking -- -j8 -l8
[0.276s] DEBUG:colcon.colcon_core.event_handler.log_command:Invoking command in '/home/robogait/azure_kinect_ws/build/kinect_azure_body_tracker': CMAKE_PREFIX_PATH=${CMAKE_PREFIX_PATH}:/home/robogait/nav2_ws/install/nav2_gazebo_spawner:/home/robogait/ros2_serial/install/ourbotmanager:/home/robogait/ros2_ws/install/nav2_project:/opt/ros/foxy /usr/bin/cmake --build /home/robogait/azure_kinect_ws/build/kinect_azure_body_tracker -- -j8 -l8
[0.374s] DEBUG:colcon.colcon_core.event_handler.log_command:Invoked command in '/home/robogait/azure_kinect_ws/build/body_tracking' returned '0': CMAKE_PREFIX_PATH=${CMAKE_PREFIX_PATH}:/home/robogait/nav2_ws/install/nav2_gazebo_spawner:/home/robogait/ros2_serial/install/ourbotmanager:/home/robogait/ros2_ws/install/nav2_project:/opt/ros/foxy /usr/bin/cmake --build /home/robogait/azure_kinect_ws/build/body_tracking -- -j8 -l8
[0.416s] DEBUG:colcon.colcon_core.event_handler.log_command:Invoking command in '/home/robogait/azure_kinect_ws/build/body_tracking': CMAKE_PREFIX_PATH=${CMAKE_PREFIX_PATH}:/home/robogait/nav2_ws/install/nav2_gazebo_spawner:/home/robogait/ros2_serial/install/ourbotmanager:/home/robogait/ros2_ws/install/nav2_project:/opt/ros/foxy /usr/bin/cmake --install /home/robogait/azure_kinect_ws/build/body_tracking
[0.440s] Level 1:colcon.colcon_core.environment:create_environment_scripts_only(body_tracking)
[0.441s] DEBUG:colcon.colcon_core.event_handler.log_command:Invoked command in '/home/robogait/azure_kinect_ws/build/body_tracking' returned '0': CMAKE_PREFIX_PATH=${CMAKE_PREFIX_PATH}:/home/robogait/nav2_ws/install/nav2_gazebo_spawner:/home/robogait/ros2_serial/install/ourbotmanager:/home/robogait/ros2_ws/install/nav2_project:/opt/ros/foxy /usr/bin/cmake --install /home/robogait/azure_kinect_ws/build/body_tracking
[0.445s] Level 1:colcon.colcon_core.environment:checking '/home/robogait/azure_kinect_ws/install/body_tracking' for CMake module files
[0.446s] Level 1:colcon.colcon_core.environment:checking '/home/robogait/azure_kinect_ws/install/body_tracking' for CMake config files
[0.447s] Level 1:colcon.colcon_core.shell:create_environment_hook('body_tracking', 'cmake_prefix_path')
[0.447s] INFO:colcon.colcon_core.shell:Creating environment hook '/home/robogait/azure_kinect_ws/install/body_tracking/share/body_tracking/hook/cmake_prefix_path.ps1'
[0.448s] INFO:colcon.colcon_core.shell:Creating environment descriptor '/home/robogait/azure_kinect_ws/install/body_tracking/share/body_tracking/hook/cmake_prefix_path.dsv'
[0.448s] INFO:colcon.colcon_core.shell:Creating environment hook '/home/robogait/azure_kinect_ws/install/body_tracking/share/body_tracking/hook/cmake_prefix_path.sh'
[0.449s] Level 1:colcon.colcon_core.environment:checking '/home/robogait/azure_kinect_ws/install/body_tracking/lib'
[0.449s] Level 1:colcon.colcon_core.shell:create_environment_hook('body_tracking', 'ld_library_path_lib')
[0.449s] INFO:colcon.colcon_core.shell:Creating environment hook '/home/robogait/azure_kinect_ws/install/body_tracking/share/body_tracking/hook/ld_library_path_lib.ps1'
[0.449s] INFO:colcon.colcon_core.shell:Creating environment descriptor '/home/robogait/azure_kinect_ws/install/body_tracking/share/body_tracking/hook/ld_library_path_lib.dsv'
[0.449s] INFO:colcon.colcon_core.shell:Creating environment hook '/home/robogait/azure_kinect_ws/install/body_tracking/share/body_tracking/hook/ld_library_path_lib.sh'
[0.449s] Level 1:colcon.colcon_core.environment:checking '/home/robogait/azure_kinect_ws/install/body_tracking/bin'
[0.450s] Level 1:colcon.colcon_core.environment:checking '/home/robogait/azure_kinect_ws/install/body_tracking/lib/pkgconfig/body_tracking.pc'
[0.450s] Level 1:colcon.colcon_core.environment:checking '/home/robogait/azure_kinect_ws/install/body_tracking/lib/python3.8/site-packages'
[0.450s] Level 1:colcon.colcon_core.shell:create_environment_hook('body_tracking', 'pythonpath')
[0.450s] INFO:colcon.colcon_core.shell:Creating environment hook '/home/robogait/azure_kinect_ws/install/body_tracking/share/body_tracking/hook/pythonpath.ps1'
[0.450s] INFO:colcon.colcon_core.shell:Creating environment descriptor '/home/robogait/azure_kinect_ws/install/body_tracking/share/body_tracking/hook/pythonpath.dsv'
[0.450s] INFO:colcon.colcon_core.shell:Creating environment hook '/home/robogait/azure_kinect_ws/install/body_tracking/share/body_tracking/hook/pythonpath.sh'
[0.451s] Level 1:colcon.colcon_core.environment:checking '/home/robogait/azure_kinect_ws/install/body_tracking/bin'
[0.451s] INFO:colcon.colcon_core.shell:Creating package script '/home/robogait/azure_kinect_ws/install/body_tracking/share/body_tracking/package.ps1'
[0.452s] INFO:colcon.colcon_core.shell:Creating package descriptor '/home/robogait/azure_kinect_ws/install/body_tracking/share/body_tracking/package.dsv'
[0.452s] INFO:colcon.colcon_core.shell:Creating package script '/home/robogait/azure_kinect_ws/install/body_tracking/share/body_tracking/package.sh'
[0.453s] INFO:colcon.colcon_core.shell:Creating package script '/home/robogait/azure_kinect_ws/install/body_tracking/share/body_tracking/package.bash'
[0.453s] INFO:colcon.colcon_core.shell:Creating package script '/home/robogait/azure_kinect_ws/install/body_tracking/share/body_tracking/package.zsh'
[0.454s] Level 1:colcon.colcon_core.environment:create_file_with_runtime_dependencies(/home/robogait/azure_kinect_ws/install/body_tracking/share/colcon-core/packages/body_tracking)
[0.457s] DEBUG:colcon.colcon_core.event_handler.log_command:Invoked command in '/home/robogait/azure_kinect_ws/build/body_tracker_msgs' returned '0': CMAKE_PREFIX_PATH=${CMAKE_PREFIX_PATH}:/home/robogait/nav2_ws/install/nav2_gazebo_spawner:/home/robogait/ros2_serial/install/ourbotmanager:/home/robogait/ros2_ws/install/nav2_project:/opt/ros/foxy /usr/bin/cmake --build /home/robogait/azure_kinect_ws/build/body_tracker_msgs -- -j8 -l8
[0.487s] Level 1:colcon.colcon_core.environment:create_environment_scripts_only(body_tracking)
[0.487s] Level 1:colcon.colcon_core.environment:checking '/home/robogait/azure_kinect_ws/install/body_tracking' for CMake module files
[0.488s] Level 1:colcon.colcon_core.environment:checking '/home/robogait/azure_kinect_ws/install/body_tracking' for CMake config files
[0.489s] Level 1:colcon.colcon_core.shell:create_environment_hook('body_tracking', 'cmake_prefix_path')
[0.489s] INFO:colcon.colcon_core.shell:Creating environment hook '/home/robogait/azure_kinect_ws/install/body_tracking/share/body_tracking/hook/cmake_prefix_path.ps1'
[0.489s] INFO:colcon.colcon_core.shell:Creating environment descriptor '/home/robogait/azure_kinect_ws/install/body_tracking/share/body_tracking/hook/cmake_prefix_path.dsv'
[0.489s] INFO:colcon.colcon_core.shell:Creating environment hook '/home/robogait/azure_kinect_ws/install/body_tracking/share/body_tracking/hook/cmake_prefix_path.sh'
[0.490s] Level 1:colcon.colcon_core.environment:checking '/home/robogait/azure_kinect_ws/install/body_tracking/lib'
[0.490s] Level 1:colcon.colcon_core.shell:create_environment_hook('body_tracking', 'ld_library_path_lib')
[0.490s] INFO:colcon.colcon_core.shell:Creating environment hook '/home/robogait/azure_kinect_ws/install/body_tracking/share/body_tracking/hook/ld_library_path_lib.ps1'
[0.490s] INFO:colcon.colcon_core.shell:Creating environment descriptor '/home/robogait/azure_kinect_ws/install/body_tracking/share/body_tracking/hook/ld_library_path_lib.dsv'
[0.490s] INFO:colcon.colcon_core.shell:Creating environment hook '/home/robogait/azure_kinect_ws/install/body_tracking/share/body_tracking/hook/ld_library_path_lib.sh'
[0.491s] Level 1:colcon.colcon_core.environment:checking '/home/robogait/azure_kinect_ws/install/body_tracking/bin'
[0.491s] Level 1:colcon.colcon_core.environment:checking '/home/robogait/azure_kinect_ws/install/body_tracking/lib/pkgconfig/body_tracking.pc'
[0.491s] Level 1:colcon.colcon_core.environment:checking '/home/robogait/azure_kinect_ws/install/body_tracking/lib/python3.8/site-packages'
[0.491s] Level 1:colcon.colcon_core.shell:create_environment_hook('body_tracking', 'pythonpath')
[0.491s] INFO:colcon.colcon_core.shell:Creating environment hook '/home/robogait/azure_kinect_ws/install/body_tracking/share/body_tracking/hook/pythonpath.ps1'
[0.491s] INFO:colcon.colcon_core.shell:Creating environment descriptor '/home/robogait/azure_kinect_ws/install/body_tracking/share/body_tracking/hook/pythonpath.dsv'
[0.491s] INFO:colcon.colcon_core.shell:Creating environment hook '/home/robogait/azure_kinect_ws/install/body_tracking/share/body_tracking/hook/pythonpath.sh'
[0.492s] Level 1:colcon.colcon_core.environment:checking '/home/robogait/azure_kinect_ws/install/body_tracking/bin'
[0.492s] INFO:colcon.colcon_core.shell:Creating package script '/home/robogait/azure_kinect_ws/install/body_tracking/share/body_tracking/package.ps1'
[0.493s] INFO:colcon.colcon_core.shell:Creating package descriptor '/home/robogait/azure_kinect_ws/install/body_tracking/share/body_tracking/package.dsv'
[0.493s] INFO:colcon.colcon_core.shell:Creating package script '/home/robogait/azure_kinect_ws/install/body_tracking/share/body_tracking/package.sh'
[0.493s] INFO:colcon.colcon_core.shell:Creating package script '/home/robogait/azure_kinect_ws/install/body_tracking/share/body_tracking/package.bash'
[0.494s] INFO:colcon.colcon_core.shell:Creating package script '/home/robogait/azure_kinect_ws/install/body_tracking/share/body_tracking/package.zsh'
[0.494s] Level 1:colcon.colcon_core.environment:create_file_with_runtime_dependencies(/home/robogait/azure_kinect_ws/install/body_tracking/share/colcon-core/packages/body_tracking)
[0.549s] DEBUG:colcon.colcon_core.event_handler.log_command:Invoking command in '/home/robogait/azure_kinect_ws/build/body_tracker_msgs': CMAKE_PREFIX_PATH=${CMAKE_PREFIX_PATH}:/home/robogait/nav2_ws/install/nav2_gazebo_spawner:/home/robogait/ros2_serial/install/ourbotmanager:/home/robogait/ros2_ws/install/nav2_project:/opt/ros/foxy /usr/bin/cmake --install /home/robogait/azure_kinect_ws/build/body_tracker_msgs
[0.585s] Level 1:colcon.colcon_core.environment:create_environment_scripts_only(body_tracker_msgs)
[0.586s] Level 1:colcon.colcon_core.environment:checking '/home/robogait/azure_kinect_ws/install/body_tracker_msgs' for CMake module files
[0.587s] DEBUG:colcon.colcon_core.event_handler.log_command:Invoked command in '/home/robogait/azure_kinect_ws/build/body_tracker_msgs' returned '0': CMAKE_PREFIX_PATH=${CMAKE_PREFIX_PATH}:/home/robogait/nav2_ws/install/nav2_gazebo_spawner:/home/robogait/ros2_serial/install/ourbotmanager:/home/robogait/ros2_ws/install/nav2_project:/opt/ros/foxy /usr/bin/cmake --install /home/robogait/azure_kinect_ws/build/body_tracker_msgs
[0.587s] Level 1:colcon.colcon_core.environment:checking '/home/robogait/azure_kinect_ws/install/body_tracker_msgs' for CMake config files
[0.587s] Level 1:colcon.colcon_core.shell:create_environment_hook('body_tracker_msgs', 'cmake_prefix_path')
[0.588s] INFO:colcon.colcon_core.shell:Creating environment hook '/home/robogait/azure_kinect_ws/install/body_tracker_msgs/share/body_tracker_msgs/hook/cmake_prefix_path.ps1'
[0.588s] INFO:colcon.colcon_core.shell:Creating environment descriptor '/home/robogait/azure_kinect_ws/install/body_tracker_msgs/share/body_tracker_msgs/hook/cmake_prefix_path.dsv'
[0.588s] INFO:colcon.colcon_core.shell:Creating environment hook '/home/robogait/azure_kinect_ws/install/body_tracker_msgs/share/body_tracker_msgs/hook/cmake_prefix_path.sh'
[0.589s] Level 1:colcon.colcon_core.environment:checking '/home/robogait/azure_kinect_ws/install/body_tracker_msgs/lib'
[0.589s] Level 1:colcon.colcon_core.shell:create_environment_hook('body_tracker_msgs', 'ld_library_path_lib')
[0.589s] INFO:colcon.colcon_core.shell:Creating environment hook '/home/robogait/azure_kinect_ws/install/body_tracker_msgs/share/body_tracker_msgs/hook/ld_library_path_lib.ps1'
[0.589s] INFO:colcon.colcon_core.shell:Creating environment descriptor '/home/robogait/azure_kinect_ws/install/body_tracker_msgs/share/body_tracker_msgs/hook/ld_library_path_lib.dsv'
[0.589s] INFO:colcon.colcon_core.shell:Creating environment hook '/home/robogait/azure_kinect_ws/install/body_tracker_msgs/share/body_tracker_msgs/hook/ld_library_path_lib.sh'
[0.589s] Level 1:colcon.colcon_core.environment:checking '/home/robogait/azure_kinect_ws/install/body_tracker_msgs/bin'
[0.590s] Level 1:colcon.colcon_core.environment:checking '/home/robogait/azure_kinect_ws/install/body_tracker_msgs/lib/pkgconfig/body_tracker_msgs.pc'
[0.590s] Level 1:colcon.colcon_core.environment:checking '/home/robogait/azure_kinect_ws/install/body_tracker_msgs/lib/python3.8/site-packages'
[0.590s] Level 1:colcon.colcon_core.environment:checking '/home/robogait/azure_kinect_ws/install/body_tracker_msgs/bin'
[0.590s] INFO:colcon.colcon_core.shell:Creating package script '/home/robogait/azure_kinect_ws/install/body_tracker_msgs/share/body_tracker_msgs/package.ps1'
[0.590s] INFO:colcon.colcon_core.shell:Creating package descriptor '/home/robogait/azure_kinect_ws/install/body_tracker_msgs/share/body_tracker_msgs/package.dsv'
[0.591s] INFO:colcon.colcon_core.shell:Creating package script '/home/robogait/azure_kinect_ws/install/body_tracker_msgs/share/body_tracker_msgs/package.sh'
[0.591s] INFO:colcon.colcon_core.shell:Creating package script '/home/robogait/azure_kinect_ws/install/body_tracker_msgs/share/body_tracker_msgs/package.bash'
[0.591s] INFO:colcon.colcon_core.shell:Creating package script '/home/robogait/azure_kinect_ws/install/body_tracker_msgs/share/body_tracker_msgs/package.zsh'
[0.591s] Level 1:colcon.colcon_core.environment:create_file_with_runtime_dependencies(/home/robogait/azure_kinect_ws/install/body_tracker_msgs/share/colcon-core/packages/body_tracker_msgs)
[0.679s] Level 1:colcon.colcon_core.environment:create_environment_scripts_only(body_tracker_msgs)
[0.679s] Level 1:colcon.colcon_core.environment:checking '/home/robogait/azure_kinect_ws/install/body_tracker_msgs' for CMake module files
[0.680s] Level 1:colcon.colcon_core.environment:checking '/home/robogait/azure_kinect_ws/install/body_tracker_msgs' for CMake config files
[0.680s] Level 1:colcon.colcon_core.shell:create_environment_hook('body_tracker_msgs', 'cmake_prefix_path')
[0.680s] INFO:colcon.colcon_core.shell:Creating environment hook '/home/robogait/azure_kinect_ws/install/body_tracker_msgs/share/body_tracker_msgs/hook/cmake_prefix_path.ps1'
[0.681s] INFO:colcon.colcon_core.shell:Creating environment descriptor '/home/robogait/azure_kinect_ws/install/body_tracker_msgs/share/body_tracker_msgs/hook/cmake_prefix_path.dsv'
[0.681s] INFO:colcon.colcon_core.shell:Creating environment hook '/home/robogait/azure_kinect_ws/install/body_tracker_msgs/share/body_tracker_msgs/hook/cmake_prefix_path.sh'
[0.681s] Level 1:colcon.colcon_core.environment:checking '/home/robogait/azure_kinect_ws/install/body_tracker_msgs/lib'
[0.681s] Level 1:colcon.colcon_core.shell:create_environment_hook('body_tracker_msgs', 'ld_library_path_lib')
[0.681s] INFO:colcon.colcon_core.shell:Creating environment hook '/home/robogait/azure_kinect_ws/install/body_tracker_msgs/share/body_tracker_msgs/hook/ld_library_path_lib.ps1'
[0.682s] INFO:colcon.colcon_core.shell:Creating environment descriptor '/home/robogait/azure_kinect_ws/install/body_tracker_msgs/share/body_tracker_msgs/hook/ld_library_path_lib.dsv'
[0.682s] INFO:colcon.colcon_core.shell:Creating environment hook '/home/robogait/azure_kinect_ws/install/body_tracker_msgs/share/body_tracker_msgs/hook/ld_library_path_lib.sh'
[0.682s] Level 1:colcon.colcon_core.environment:checking '/home/robogait/azure_kinect_ws/install/body_tracker_msgs/bin'
[0.682s] Level 1:colcon.colcon_core.environment:checking '/home/robogait/azure_kinect_ws/install/body_tracker_msgs/lib/pkgconfig/body_tracker_msgs.pc'
[0.682s] Level 1:colcon.colcon_core.environment:checking '/home/robogait/azure_kinect_ws/install/body_tracker_msgs/lib/python3.8/site-packages'
[0.682s] Level 1:colcon.colcon_core.environment:checking '/home/robogait/azure_kinect_ws/install/body_tracker_msgs/bin'
[0.683s] INFO:colcon.colcon_core.shell:Creating package script '/home/robogait/azure_kinect_ws/install/body_tracker_msgs/share/body_tracker_msgs/package.ps1'
[0.683s] INFO:colcon.colcon_core.shell:Creating package descriptor '/home/robogait/azure_kinect_ws/install/body_tracker_msgs/share/body_tracker_msgs/package.dsv'
[0.683s] INFO:colcon.colcon_core.shell:Creating package script '/home/robogait/azure_kinect_ws/install/body_tracker_msgs/share/body_tracker_msgs/package.sh'
[0.683s] INFO:colcon.colcon_core.shell:Creating package script '/home/robogait/azure_kinect_ws/install/body_tracker_msgs/share/body_tracker_msgs/package.bash'
[0.684s] INFO:colcon.colcon_core.shell:Creating package script '/home/robogait/azure_kinect_ws/install/body_tracker_msgs/share/body_tracker_msgs/package.zsh'
[0.684s] Level 1:colcon.colcon_core.environment:create_file_with_runtime_dependencies(/home/robogait/azure_kinect_ws/install/body_tracker_msgs/share/colcon-core/packages/body_tracker_msgs)
[2.911s] DEBUG:colcon.colcon_core.event_handler.log_command:Invoked command in '/home/robogait/azure_kinect_ws/build/kinect_azure_body_tracker' returned '0': CMAKE_PREFIX_PATH=${CMAKE_PREFIX_PATH}:/home/robogait/nav2_ws/install/nav2_gazebo_spawner:/home/robogait/ros2_serial/install/ourbotmanager:/home/robogait/ros2_ws/install/nav2_project:/opt/ros/foxy /usr/bin/cmake --build /home/robogait/azure_kinect_ws/build/kinect_azure_body_tracker -- -j8 -l8
[2.955s] DEBUG:colcon.colcon_core.event_handler.log_command:Invoking command in '/home/robogait/azure_kinect_ws/build/kinect_azure_body_tracker': CMAKE_PREFIX_PATH=${CMAKE_PREFIX_PATH}:/home/robogait/nav2_ws/install/nav2_gazebo_spawner:/home/robogait/ros2_serial/install/ourbotmanager:/home/robogait/ros2_ws/install/nav2_project:/opt/ros/foxy /usr/bin/cmake --install /home/robogait/azure_kinect_ws/build/kinect_azure_body_tracker
[2.967s] Level 1:colcon.colcon_core.environment:create_environment_scripts_only(kinect_azure_body_tracker)
[2.968s] Level 1:colcon.colcon_core.environment:checking '/home/robogait/azure_kinect_ws/install/kinect_azure_body_tracker' for CMake module files
[2.968s] DEBUG:colcon.colcon_core.event_handler.log_command:Invoked command in '/home/robogait/azure_kinect_ws/build/kinect_azure_body_tracker' returned '0': CMAKE_PREFIX_PATH=${CMAKE_PREFIX_PATH}:/home/robogait/nav2_ws/install/nav2_gazebo_spawner:/home/robogait/ros2_serial/install/ourbotmanager:/home/robogait/ros2_ws/install/nav2_project:/opt/ros/foxy /usr/bin/cmake --install /home/robogait/azure_kinect_ws/build/kinect_azure_body_tracker
[2.969s] Level 1:colcon.colcon_core.environment:checking '/home/robogait/azure_kinect_ws/install/kinect_azure_body_tracker' for CMake config files
[2.969s] Level 1:colcon.colcon_core.shell:create_environment_hook('kinect_azure_body_tracker', 'cmake_prefix_path')
[2.969s] INFO:colcon.colcon_core.shell:Creating environment hook '/home/robogait/azure_kinect_ws/install/kinect_azure_body_tracker/share/kinect_azure_body_tracker/hook/cmake_prefix_path.ps1'
[2.970s] INFO:colcon.colcon_core.shell:Creating environment descriptor '/home/robogait/azure_kinect_ws/install/kinect_azure_body_tracker/share/kinect_azure_body_tracker/hook/cmake_prefix_path.dsv'
[2.970s] INFO:colcon.colcon_core.shell:Creating environment hook '/home/robogait/azure_kinect_ws/install/kinect_azure_body_tracker/share/kinect_azure_body_tracker/hook/cmake_prefix_path.sh'
[2.970s] Level 1:colcon.colcon_core.environment:checking '/home/robogait/azure_kinect_ws/install/kinect_azure_body_tracker/lib'
[2.970s] Level 1:colcon.colcon_core.environment:checking '/home/robogait/azure_kinect_ws/install/kinect_azure_body_tracker/bin'
[2.970s] Level 1:colcon.colcon_core.environment:checking '/home/robogait/azure_kinect_ws/install/kinect_azure_body_tracker/lib/pkgconfig/kinect_azure_body_tracker.pc'
[2.971s] Level 1:colcon.colcon_core.environment:checking '/home/robogait/azure_kinect_ws/install/kinect_azure_body_tracker/lib/python3.8/site-packages'
[2.971s] Level 1:colcon.colcon_core.environment:checking '/home/robogait/azure_kinect_ws/install/kinect_azure_body_tracker/bin'
[2.971s] INFO:colcon.colcon_core.shell:Creating package script '/home/robogait/azure_kinect_ws/install/kinect_azure_body_tracker/share/kinect_azure_body_tracker/package.ps1'
[2.971s] INFO:colcon.colcon_core.shell:Creating package descriptor '/home/robogait/azure_kinect_ws/install/kinect_azure_body_tracker/share/kinect_azure_body_tracker/package.dsv'
[2.972s] INFO:colcon.colcon_core.shell:Creating package script '/home/robogait/azure_kinect_ws/install/kinect_azure_body_tracker/share/kinect_azure_body_tracker/package.sh'
[2.972s] INFO:colcon.colcon_core.shell:Creating package script '/home/robogait/azure_kinect_ws/install/kinect_azure_body_tracker/share/kinect_azure_body_tracker/package.bash'
[2.972s] INFO:colcon.colcon_core.shell:Creating package script '/home/robogait/azure_kinect_ws/install/kinect_azure_body_tracker/share/kinect_azure_body_tracker/package.zsh'
[2.972s] Level 1:colcon.colcon_core.environment:create_file_with_runtime_dependencies(/home/robogait/azure_kinect_ws/install/kinect_azure_body_tracker/share/colcon-core/packages/kinect_azure_body_tracker)
[3.016s] Level 1:colcon.colcon_core.environment:create_environment_scripts_only(kinect_azure_body_tracker)
[3.016s] Level 1:colcon.colcon_core.environment:checking '/home/robogait/azure_kinect_ws/install/kinect_azure_body_tracker' for CMake module files
[3.016s] Level 1:colcon.colcon_core.environment:checking '/home/robogait/azure_kinect_ws/install/kinect_azure_body_tracker' for CMake config files
[3.017s] Level 1:colcon.colcon_core.shell:create_environment_hook('kinect_azure_body_tracker', 'cmake_prefix_path')
[3.017s] INFO:colcon.colcon_core.shell:Creating environment hook '/home/robogait/azure_kinect_ws/install/kinect_azure_body_tracker/share/kinect_azure_body_tracker/hook/cmake_prefix_path.ps1'
[3.017s] INFO:colcon.colcon_core.shell:Creating environment descriptor '/home/robogait/azure_kinect_ws/install/kinect_azure_body_tracker/share/kinect_azure_body_tracker/hook/cmake_prefix_path.dsv'
[3.017s] INFO:colcon.colcon_core.shell:Creating environment hook '/home/robogait/azure_kinect_ws/install/kinect_azure_body_tracker/share/kinect_azure_body_tracker/hook/cmake_prefix_path.sh'
[3.018s] Level 1:colcon.colcon_core.environment:checking '/home/robogait/azure_kinect_ws/install/kinect_azure_body_tracker/lib'
[3.018s] Level 1:colcon.colcon_core.environment:checking '/home/robogait/azure_kinect_ws/install/kinect_azure_body_tracker/bin'
[3.018s] Level 1:colcon.colcon_core.environment:checking '/home/robogait/azure_kinect_ws/install/kinect_azure_body_tracker/lib/pkgconfig/kinect_azure_body_tracker.pc'
[3.018s] Level 1:colcon.colcon_core.environment:checking '/home/robogait/azure_kinect_ws/install/kinect_azure_body_tracker/lib/python3.8/site-packages'
[3.018s] Level 1:colcon.colcon_core.environment:checking '/home/robogait/azure_kinect_ws/install/kinect_azure_body_tracker/bin'
[3.018s] INFO:colcon.colcon_core.shell:Creating package script '/home/robogait/azure_kinect_ws/install/kinect_azure_body_tracker/share/kinect_azure_body_tracker/package.ps1'
[3.019s] INFO:colcon.colcon_core.shell:Creating package descriptor '/home/robogait/azure_kinect_ws/install/kinect_azure_body_tracker/share/kinect_azure_body_tracker/package.dsv'
[3.019s] INFO:colcon.colcon_core.shell:Creating package script '/home/robogait/azure_kinect_ws/install/kinect_azure_body_tracker/share/kinect_azure_body_tracker/package.sh'
[3.019s] INFO:colcon.colcon_core.shell:Creating package script '/home/robogait/azure_kinect_ws/install/kinect_azure_body_tracker/share/kinect_azure_body_tracker/package.bash'
[3.019s] INFO:colcon.colcon_core.shell:Creating package script '/home/robogait/azure_kinect_ws/install/kinect_azure_body_tracker/share/kinect_azure_body_tracker/package.zsh'
[3.020s] Level 1:colcon.colcon_core.environment:create_file_with_runtime_dependencies(/home/robogait/azure_kinect_ws/install/kinect_azure_body_tracker/share/colcon-core/packages/kinect_azure_body_tracker)
[3.020s] DEBUG:colcon.colcon_parallel_executor.executor.parallel:closing loop
[3.020s] DEBUG:colcon.colcon_parallel_executor.executor.parallel:loop closed
[3.020s] DEBUG:colcon.colcon_parallel_executor.executor.parallel:run_until_complete finished with '0'
[3.020s] DEBUG:colcon.colcon_core.event_reactor:joining thread
[3.025s] INFO:colcon.colcon_core.plugin_system:Skipping extension 'colcon_notification.desktop_notification.terminal_notifier': Not used on non-Darwin systems
[3.026s] INFO:colcon.colcon_core.plugin_system:Skipping extension 'colcon_notification.desktop_notification.win32': Not used on non-Windows systems
[3.026s] INFO:colcon.colcon_notification.desktop_notification:Sending desktop notification using 'notify2'
[3.034s] DEBUG:colcon.colcon_core.event_reactor:joined thread
[3.034s] INFO:colcon.colcon_core.shell:Creating prefix script '/home/robogait/azure_kinect_ws/install/local_setup.ps1'
[3.035s] INFO:colcon.colcon_core.shell:Creating prefix util module '/home/robogait/azure_kinect_ws/install/_local_setup_util_ps1.py'
[3.036s] INFO:colcon.colcon_core.shell:Creating prefix chain script '/home/robogait/azure_kinect_ws/install/setup.ps1'
[3.038s] INFO:colcon.colcon_core.shell:Creating prefix script '/home/robogait/azure_kinect_ws/install/local_setup.sh'
[3.038s] INFO:colcon.colcon_core.shell:Creating prefix util module '/home/robogait/azure_kinect_ws/install/_local_setup_util_sh.py'
[3.039s] INFO:colcon.colcon_core.shell:Creating prefix chain script '/home/robogait/azure_kinect_ws/install/setup.sh'
[3.040s] INFO:colcon.colcon_core.shell:Creating prefix script '/home/robogait/azure_kinect_ws/install/local_setup.bash'
[3.041s] INFO:colcon.colcon_core.shell:Creating prefix chain script '/home/robogait/azure_kinect_ws/install/setup.bash'
[3.042s] INFO:colcon.colcon_core.shell:Creating prefix script '/home/robogait/azure_kinect_ws/install/local_setup.zsh'
[3.043s] INFO:colcon.colcon_core.shell:Creating prefix chain script '/home/robogait/azure_kinect_ws/install/setup.zsh'
