-- Found ament_cmake: 0.9.9 (/opt/ros/foxy/share/ament_cmake/cmake)
-- Using PYTHON_EXECUTABLE: /usr/bin/python3
-- Override CMake install command with custom implementation using symlinks instead of copying resources
-- Found rclcpp: 2.4.1 (/opt/ros/foxy/share/rclcpp/cmake)
-- Using all available rosidl_typesupport_c: rosidl_typesupport_fastrtps_c;rosidl_typesupport_introspection_c
-- Found rosidl_adapter: 1.2.1 (/opt/ros/foxy/share/rosidl_adapter/cmake)
-- Using all available rosidl_typesupport_cpp: rosidl_typesupport_fastrtps_cpp;rosidl_typesupport_introspection_cpp
-- Found rmw_implementation_cmake: 1.0.3 (/opt/ros/foxy/share/rmw_implementation_cmake/cmake)
-- Using RMW implementation 'rmw_fastrtps_cpp' as default
-- Found geometry_msgs: 2.0.5 (/opt/ros/foxy/share/geometry_msgs/cmake)
-- Found nav_msgs: 2.0.5 (/opt/ros/foxy/share/nav_msgs/cmake)
-- Found sensor_msgs: 2.0.5 (/opt/ros/foxy/share/sensor_msgs/cmake)
-- Found tf2: 0.13.13 (/opt/ros/foxy/share/tf2/cmake)
-- Found tf2_ros: 0.13.13 (/opt/ros/foxy/share/tf2_ros/cmake)
-- Found turtlesim: 1.2.5 (/home/robogait/tutorials_ros2/install/turtlesim/share/turtlesim/cmake)
-- Configuring done
-- Generating done
-- Build files have been written to: /home/robogait/catkin_ws/build/pkg_navigation
[35m[1mScanning dependencies of target robot_odom_tf2_listener[0m
[ 50%] Built target publisher_subscriber
[ 50%] Built target tf2_broadcaster
[ 75%] Built target publisher_initial_pose
[ 87%] [32mBuilding CXX object CMakeFiles/robot_odom_tf2_listener.dir/src/robot_odom_tf2_listener.cpp.o[0m
[01m[K/home/robogait/catkin_ws/src/pkg_navigation/src/robot_odom_tf2_listener.cpp:93:3:[m[K [01;31m[Kerror: [m[K‘[01m[KTimerBase[m[K’ does not name a type
   93 |   [01;31m[KTimerBase[m[K::SharedPtr timer_;
      |   [01;31m[K^~~~~~~~~[m[K
[01m[K/home/robogait/catkin_ws/src/pkg_navigation/src/robot_odom_tf2_listener.cpp:[m[K In member function ‘[01m[Kvoid FrameListener::on_timer()[m[K’:
[01m[K/home/robogait/catkin_ws/src/pkg_navigation/src/robot_odom_tf2_listener.cpp:82:69:[m[K [01;31m[Kerror: [m[K‘[01m[Kusing _transform_type = struct geometry_msgs::msg::Transform_<std::allocator<void> >[m[K’ {aka ‘[01m[Kstruct geometry_msgs::msg::Transform_<std::allocator<void> >[m[K’} has no member named ‘[01m[Korientation[m[K’; did you mean ‘[01m[Krotation[m[K’?
   82 |      odom_msg.pose.pose.orientation.x=transformStamped.transform.[01;31m[Korientation[m[K.x;
      |                                                                  [01;31m[K^~~~~~~~~~~[m[K
      |                                                                  [32m[Krotation[m[K
[01m[K/home/robogait/catkin_ws/src/pkg_navigation/src/robot_odom_tf2_listener.cpp:83:69:[m[K [01;31m[Kerror: [m[K‘[01m[Kusing _transform_type = struct geometry_msgs::msg::Transform_<std::allocator<void> >[m[K’ {aka ‘[01m[Kstruct geometry_msgs::msg::Transform_<std::allocator<void> >[m[K’} has no member named ‘[01m[Korientation[m[K’; did you mean ‘[01m[Krotation[m[K’?
   83 |      odom_msg.pose.pose.orientation.y=transformStamped.transform.[01;31m[Korientation[m[K.y;
      |                                                                  [01;31m[K^~~~~~~~~~~[m[K
      |                                                                  [32m[Krotation[m[K
[01m[K/home/robogait/catkin_ws/src/pkg_navigation/src/robot_odom_tf2_listener.cpp:84:69:[m[K [01;31m[Kerror: [m[K‘[01m[Kusing _transform_type = struct geometry_msgs::msg::Transform_<std::allocator<void> >[m[K’ {aka ‘[01m[Kstruct geometry_msgs::msg::Transform_<std::allocator<void> >[m[K’} has no member named ‘[01m[Korientation[m[K’; did you mean ‘[01m[Krotation[m[K’?
   84 |      odom_msg.pose.pose.orientation.z=transformStamped.transform.[01;31m[Korientation[m[K.z;
      |                                                                  [01;31m[K^~~~~~~~~~~[m[K
      |                                                                  [32m[Krotation[m[K
[01m[K/home/robogait/catkin_ws/src/pkg_navigation/src/robot_odom_tf2_listener.cpp:85:69:[m[K [01;31m[Kerror: [m[K‘[01m[Kusing _transform_type = struct geometry_msgs::msg::Transform_<std::allocator<void> >[m[K’ {aka ‘[01m[Kstruct geometry_msgs::msg::Transform_<std::allocator<void> >[m[K’} has no member named ‘[01m[Korientation[m[K’; did you mean ‘[01m[Krotation[m[K’?
   85 |      odom_msg.pose.pose.orientation.w=transformStamped.transform.[01;31m[Korientation[m[K.w;
      |                                                                  [01;31m[K^~~~~~~~~~~[m[K
      |                                                                  [32m[Krotation[m[K
make[2]: *** [CMakeFiles/robot_odom_tf2_listener.dir/build.make:63: CMakeFiles/robot_odom_tf2_listener.dir/src/robot_odom_tf2_listener.cpp.o] Error 1
make[1]: *** [CMakeFiles/Makefile2:138: CMakeFiles/robot_odom_tf2_listener.dir/all] Error 2
make: *** [Makefile:141: all] Error 2
