[0.013s] Invoking command in '/home/robogait/catkin_ws/build/pkg_navigation': CMAKE_PREFIX_PATH=${CMAKE_PREFIX_PATH}:/home/robogait/ros2_ws/install/nav2_project:/home/robogait/nav2_ws/install/nav2_gazebo_spawner:/home/robogait/ros2_serial/install/ourbotmanager:/opt/ros/foxy /usr/bin/cmake --build /home/robogait/catkin_ws/build/pkg_navigation -- -j8 -l8
[0.036s] -- Found ament_cmake: 0.9.9 (/opt/ros/foxy/share/ament_cmake/cmake)
[0.055s] -- Using PYTHON_EXECUTABLE: /usr/bin/python3
[0.160s] -- Override CMake install command with custom implementation using symlinks instead of copying resources
[0.164s] -- Found rclcpp: 2.4.1 (/opt/ros/foxy/share/rclcpp/cmake)
[0.187s] -- Using all available rosidl_typesupport_c: rosidl_typesupport_fastrtps_c;rosidl_typesupport_introspection_c
[0.188s] -- Found rosidl_adapter: 1.2.1 (/opt/ros/foxy/share/rosidl_adapter/cmake)
[0.272s] -- Using all available rosidl_typesupport_cpp: rosidl_typesupport_fastrtps_cpp;rosidl_typesupport_introspection_cpp
[0.301s] -- Found rmw_implementation_cmake: 1.0.3 (/opt/ros/foxy/share/rmw_implementation_cmake/cmake)
[0.303s] -- Using RMW implementation 'rmw_fastrtps_cpp' as default
[0.386s] -- Found geometry_msgs: 2.0.5 (/opt/ros/foxy/share/geometry_msgs/cmake)
[0.405s] -- Found nav_msgs: 2.0.5 (/opt/ros/foxy/share/nav_msgs/cmake)
[0.446s] -- Found sensor_msgs: 2.0.5 (/opt/ros/foxy/share/sensor_msgs/cmake)
[0.486s] -- Found tf2: 0.13.13 (/opt/ros/foxy/share/tf2/cmake)
[0.492s] -- Found tf2_ros: 0.13.13 (/opt/ros/foxy/share/tf2_ros/cmake)
[0.675s] -- Found turtlesim: 1.2.5 (/home/robogait/tutorials_ros2/install/turtlesim/share/turtlesim/cmake)
[0.759s] -- Configuring done
[0.780s] -- Generating done
[0.781s] -- Build files have been written to: /home/robogait/catkin_ws/build/pkg_navigation
[0.804s] [35m[1mScanning dependencies of target robot_odom_tf2_listener[0m
[0.830s] [ 50%] Built target publisher_subscriber
[0.830s] [ 50%] Built target tf2_broadcaster
[0.831s] [ 75%] Built target publisher_initial_pose
[0.861s] [ 87%] [32mBuilding CXX object CMakeFiles/robot_odom_tf2_listener.dir/src/robot_odom_tf2_listener.cpp.o[0m
[1.726s] [01m[K/home/robogait/catkin_ws/src/pkg_navigation/src/robot_odom_tf2_listener.cpp:93:3:[m[K [01;31m[Kerror: [m[K‘[01m[KTimerBase[m[K’ does not name a type
[1.726s]    93 |   [01;31m[KTimerBase[m[K::SharedPtr timer_;
[1.726s]       |   [01;31m[K^~~~~~~~~[m[K
[1.748s] [01m[K/home/robogait/catkin_ws/src/pkg_navigation/src/robot_odom_tf2_listener.cpp:[m[K In member function ‘[01m[Kvoid FrameListener::on_timer()[m[K’:
[1.748s] [01m[K/home/robogait/catkin_ws/src/pkg_navigation/src/robot_odom_tf2_listener.cpp:82:69:[m[K [01;31m[Kerror: [m[K‘[01m[Kusing _transform_type = struct geometry_msgs::msg::Transform_<std::allocator<void> >[m[K’ {aka ‘[01m[Kstruct geometry_msgs::msg::Transform_<std::allocator<void> >[m[K’} has no member named ‘[01m[Korientation[m[K’; did you mean ‘[01m[Krotation[m[K’?
[1.748s]    82 |      odom_msg.pose.pose.orientation.x=transformStamped.transform.[01;31m[Korientation[m[K.x;
[1.748s]       |                                                                  [01;31m[K^~~~~~~~~~~[m[K
[1.748s]       |                                                                  [32m[Krotation[m[K
[1.748s] [01m[K/home/robogait/catkin_ws/src/pkg_navigation/src/robot_odom_tf2_listener.cpp:83:69:[m[K [01;31m[Kerror: [m[K‘[01m[Kusing _transform_type = struct geometry_msgs::msg::Transform_<std::allocator<void> >[m[K’ {aka ‘[01m[Kstruct geometry_msgs::msg::Transform_<std::allocator<void> >[m[K’} has no member named ‘[01m[Korientation[m[K’; did you mean ‘[01m[Krotation[m[K’?
[1.748s]    83 |      odom_msg.pose.pose.orientation.y=transformStamped.transform.[01;31m[Korientation[m[K.y;
[1.748s]       |                                                                  [01;31m[K^~~~~~~~~~~[m[K
[1.748s]       |                                                                  [32m[Krotation[m[K
[1.748s] [01m[K/home/robogait/catkin_ws/src/pkg_navigation/src/robot_odom_tf2_listener.cpp:84:69:[m[K [01;31m[Kerror: [m[K‘[01m[Kusing _transform_type = struct geometry_msgs::msg::Transform_<std::allocator<void> >[m[K’ {aka ‘[01m[Kstruct geometry_msgs::msg::Transform_<std::allocator<void> >[m[K’} has no member named ‘[01m[Korientation[m[K’; did you mean ‘[01m[Krotation[m[K’?
[1.748s]    84 |      odom_msg.pose.pose.orientation.z=transformStamped.transform.[01;31m[Korientation[m[K.z;
[1.748s]       |                                                                  [01;31m[K^~~~~~~~~~~[m[K
[1.748s]       |                                                                  [32m[Krotation[m[K
[1.748s] [01m[K/home/robogait/catkin_ws/src/pkg_navigation/src/robot_odom_tf2_listener.cpp:85:69:[m[K [01;31m[Kerror: [m[K‘[01m[Kusing _transform_type = struct geometry_msgs::msg::Transform_<std::allocator<void> >[m[K’ {aka ‘[01m[Kstruct geometry_msgs::msg::Transform_<std::allocator<void> >[m[K’} has no member named ‘[01m[Korientation[m[K’; did you mean ‘[01m[Krotation[m[K’?
[1.748s]    85 |      odom_msg.pose.pose.orientation.w=transformStamped.transform.[01;31m[Korientation[m[K.w;
[1.748s]       |                                                                  [01;31m[K^~~~~~~~~~~[m[K
[1.748s]       |                                                                  [32m[Krotation[m[K
[2.354s] make[2]: *** [CMakeFiles/robot_odom_tf2_listener.dir/build.make:63: CMakeFiles/robot_odom_tf2_listener.dir/src/robot_odom_tf2_listener.cpp.o] Error 1
[2.354s] make[1]: *** [CMakeFiles/Makefile2:138: CMakeFiles/robot_odom_tf2_listener.dir/all] Error 2
[2.354s] make: *** [Makefile:141: all] Error 2
[2.356s] Invoked command in '/home/robogait/catkin_ws/build/pkg_navigation' returned '2': CMAKE_PREFIX_PATH=${CMAKE_PREFIX_PATH}:/home/robogait/ros2_ws/install/nav2_project:/home/robogait/nav2_ws/install/nav2_gazebo_spawner:/home/robogait/ros2_serial/install/ourbotmanager:/opt/ros/foxy /usr/bin/cmake --build /home/robogait/catkin_ws/build/pkg_navigation -- -j8 -l8
