[0.010s] Invoking command in '/home/robogait/azure_kinect_ws/build/body_tracking': CMAKE_PREFIX_PATH=${CMAKE_PREFIX_PATH}:/home/robogait/ros2_serial/install/ourbotmanager:/opt/ros/foxy /usr/bin/cmake --build /home/robogait/azure_kinect_ws/build/body_tracking -- -j8 -l8
[0.040s] [35m[1mScanning dependencies of target body_tracking_node[0m
[0.047s] [  2%] Built target body_tracking__cpp
[0.047s] [ 12%] Built target body_tracking__rosidl_generator_c
[0.058s] [ 14%] [32mBuilding CXX object CMakeFiles/body_tracking_node.dir/src/kinectAzure_body_tracker_node.cpp.o[0m
[0.065s] [ 24%] Built target body_tracking__rosidl_typesupport_fastrtps_cpp
[0.065s] [ 39%] Built target body_tracking__rosidl_typesupport_cpp
[0.065s] [ 43%] Built target body_tracking__rosidl_typesupport_introspection_c
[0.066s] [ 53%] Built target body_tracking__rosidl_typesupport_introspection_cpp
[0.066s] [ 63%] Built target body_tracking__rosidl_typesupport_c
[0.083s] [ 73%] Built target body_tracking__rosidl_typesupport_fastrtps_c
[0.096s] [ 73%] Built target body_tracking
[0.110s] [ 75%] Built target body_tracking__py
[0.128s] [ 82%] Built target body_tracking__python
[0.146s] [ 97%] Built target body_tracking__rosidl_typesupport_fastrtps_c__pyext
[0.146s] [ 97%] Built target body_tracking__rosidl_typesupport_c__pyext
[0.146s] [ 97%] Built target body_tracking__rosidl_typesupport_introspection_c__pyext
[1.796s] [100%] [32m[1mLinking CXX executable body_tracking_node[0m
[1.910s] [100%] Built target body_tracking_node
[1.917s] Invoked command in '/home/robogait/azure_kinect_ws/build/body_tracking' returned '0': CMAKE_PREFIX_PATH=${CMAKE_PREFIX_PATH}:/home/robogait/ros2_serial/install/ourbotmanager:/opt/ros/foxy /usr/bin/cmake --build /home/robogait/azure_kinect_ws/build/body_tracking -- -j8 -l8
[1.962s] Invoking command in '/home/robogait/azure_kinect_ws/build/body_tracking': CMAKE_PREFIX_PATH=${CMAKE_PREFIX_PATH}:/home/robogait/ros2_serial/install/ourbotmanager:/opt/ros/foxy /usr/bin/cmake --install /home/robogait/azure_kinect_ws/build/body_tracking
[1.968s] -- Install configuration: ""
[1.968s] -- Installing: /home/robogait/azure_kinect_ws/install/body_tracking/lib/body_tracking/body_tracking_node
[1.969s] -- Set runtime path of "/home/robogait/azure_kinect_ws/install/body_tracking/lib/body_tracking/body_tracking_node" to ""
[1.969s] -- Up-to-date: /home/robogait/azure_kinect_ws/install/body_tracking/lib/body_tracking/body_tracking_node
[1.969s] -- Up-to-date: /home/robogait/azure_kinect_ws/install/body_tracking/share/ament_index/resource_index/rosidl_interfaces/body_tracking
[1.969s] -- Up-to-date: /home/robogait/azure_kinect_ws/install/body_tracking/include/body_tracking
[1.969s] -- Up-to-date: /home/robogait/azure_kinect_ws/install/body_tracking/include/body_tracking/msg
[1.969s] -- Up-to-date: /home/robogait/azure_kinect_ws/install/body_tracking/include/body_tracking/msg/rosidl_generator_c__visibility_control.h
[1.969s] -- Up-to-date: /home/robogait/azure_kinect_ws/install/body_tracking/include/body_tracking/msg/detail
[1.969s] -- Up-to-date: /home/robogait/azure_kinect_ws/install/body_tracking/include/body_tracking/msg/detail/skeleton__functions.h
[1.969s] -- Up-to-date: /home/robogait/azure_kinect_ws/install/body_tracking/include/body_tracking/msg/detail/num__functions.c
[1.969s] -- Up-to-date: /home/robogait/azure_kinect_ws/install/body_tracking/include/body_tracking/msg/detail/hip_coordinates__functions.c
[1.969s] -- Up-to-date: /home/robogait/azure_kinect_ws/install/body_tracking/include/body_tracking/msg/detail/skeleton__functions.c
[1.969s] -- Up-to-date: /home/robogait/azure_kinect_ws/install/body_tracking/include/body_tracking/msg/detail/num__type_support.h
[1.969s] -- Up-to-date: /home/robogait/azure_kinect_ws/install/body_tracking/include/body_tracking/msg/detail/hip_coordinates__functions.h
[1.970s] -- Up-to-date: /home/robogait/azure_kinect_ws/install/body_tracking/include/body_tracking/msg/detail/skeleton__type_support.h
[1.970s] -- Up-to-date: /home/robogait/azure_kinect_ws/install/body_tracking/include/body_tracking/msg/detail/num__functions.h
[1.970s] -- Up-to-date: /home/robogait/azure_kinect_ws/install/body_tracking/include/body_tracking/msg/detail/hip_coordinates__struct.h
[1.970s] -- Up-to-date: /home/robogait/azure_kinect_ws/install/body_tracking/include/body_tracking/msg/detail/skeleton__struct.h
[1.970s] -- Up-to-date: /home/robogait/azure_kinect_ws/install/body_tracking/include/body_tracking/msg/detail/num__struct.h
[1.970s] -- Up-to-date: /home/robogait/azure_kinect_ws/install/body_tracking/include/body_tracking/msg/detail/hip_coordinates__type_support.h
[1.970s] -- Up-to-date: /home/robogait/azure_kinect_ws/install/body_tracking/include/body_tracking/msg/hip_coordinates.h
[1.970s] -- Up-to-date: /home/robogait/azure_kinect_ws/install/body_tracking/include/body_tracking/msg/skeleton.h
[1.970s] -- Up-to-date: /home/robogait/azure_kinect_ws/install/body_tracking/include/body_tracking/msg/num.h
[1.970s] -- Up-to-date: /home/robogait/azure_kinect_ws/install/body_tracking/share/body_tracking/environment/library_path.sh
[1.970s] -- Installing: /home/robogait/azure_kinect_ws/install/body_tracking/share/body_tracking/environment/library_path.dsv
[1.970s] -- Up-to-date: /home/robogait/azure_kinect_ws/install/body_tracking/lib/libbody_tracking__rosidl_generator_c.so
[1.970s] -- Up-to-date: /home/robogait/azure_kinect_ws/install/body_tracking/include/body_tracking
[1.970s] -- Up-to-date: /home/robogait/azure_kinect_ws/install/body_tracking/include/body_tracking/msg
[1.970s] -- Up-to-date: /home/robogait/azure_kinect_ws/install/body_tracking/include/body_tracking/msg/detail
[1.970s] -- Up-to-date: /home/robogait/azure_kinect_ws/install/body_tracking/include/body_tracking/msg/detail/skeleton__rosidl_typesupport_fastrtps_c.h
[1.970s] -- Up-to-date: /home/robogait/azure_kinect_ws/install/body_tracking/include/body_tracking/msg/detail/hip_coordinates__rosidl_typesupport_fastrtps_c.h
[1.970s] -- Up-to-date: /home/robogait/azure_kinect_ws/install/body_tracking/include/body_tracking/msg/detail/num__rosidl_typesupport_fastrtps_c.h
[1.970s] -- Up-to-date: /home/robogait/azure_kinect_ws/install/body_tracking/include/body_tracking/msg/rosidl_typesupport_fastrtps_c__visibility_control.h
[1.970s] -- Up-to-date: /home/robogait/azure_kinect_ws/install/body_tracking/lib/libbody_tracking__rosidl_typesupport_fastrtps_c.so
[1.970s] -- Up-to-date: /home/robogait/azure_kinect_ws/install/body_tracking/include/body_tracking
[1.970s] -- Up-to-date: /home/robogait/azure_kinect_ws/install/body_tracking/include/body_tracking/msg
[1.971s] -- Up-to-date: /home/robogait/azure_kinect_ws/install/body_tracking/include/body_tracking/msg/detail
[1.971s] -- Up-to-date: /home/robogait/azure_kinect_ws/install/body_tracking/include/body_tracking/msg/detail/dds_fastrtps
[1.971s] -- Up-to-date: /home/robogait/azure_kinect_ws/install/body_tracking/include/body_tracking/msg/detail/skeleton__rosidl_typesupport_fastrtps_cpp.hpp
[1.971s] -- Up-to-date: /home/robogait/azure_kinect_ws/install/body_tracking/include/body_tracking/msg/detail/hip_coordinates__rosidl_typesupport_fastrtps_cpp.hpp
[1.971s] -- Up-to-date: /home/robogait/azure_kinect_ws/install/body_tracking/include/body_tracking/msg/detail/num__rosidl_typesupport_fastrtps_cpp.hpp
[1.971s] -- Up-to-date: /home/robogait/azure_kinect_ws/install/body_tracking/include/body_tracking/msg/rosidl_typesupport_fastrtps_cpp__visibility_control.h
[1.971s] -- Up-to-date: /home/robogait/azure_kinect_ws/install/body_tracking/lib/libbody_tracking__rosidl_typesupport_fastrtps_cpp.so
[1.971s] -- Up-to-date: /home/robogait/azure_kinect_ws/install/body_tracking/include/body_tracking
[1.971s] -- Up-to-date: /home/robogait/azure_kinect_ws/install/body_tracking/include/body_tracking/msg
[1.971s] -- Up-to-date: /home/robogait/azure_kinect_ws/install/body_tracking/include/body_tracking/msg/rosidl_typesupport_introspection_c__visibility_control.h
[1.971s] -- Up-to-date: /home/robogait/azure_kinect_ws/install/body_tracking/include/body_tracking/msg/detail
[1.971s] -- Up-to-date: /home/robogait/azure_kinect_ws/install/body_tracking/include/body_tracking/msg/detail/hip_coordinates__rosidl_typesupport_introspection_c.h
[1.971s] -- Up-to-date: /home/robogait/azure_kinect_ws/install/body_tracking/include/body_tracking/msg/detail/skeleton__type_support.c
[1.971s] -- Up-to-date: /home/robogait/azure_kinect_ws/install/body_tracking/include/body_tracking/msg/detail/num__rosidl_typesupport_introspection_c.h
[1.971s] -- Up-to-date: /home/robogait/azure_kinect_ws/install/body_tracking/include/body_tracking/msg/detail/skeleton__rosidl_typesupport_introspection_c.h
[1.971s] -- Up-to-date: /home/robogait/azure_kinect_ws/install/body_tracking/include/body_tracking/msg/detail/hip_coordinates__type_support.c
[1.971s] -- Up-to-date: /home/robogait/azure_kinect_ws/install/body_tracking/include/body_tracking/msg/detail/num__type_support.c
[1.971s] -- Up-to-date: /home/robogait/azure_kinect_ws/install/body_tracking/lib/libbody_tracking__rosidl_typesupport_introspection_c.so
[1.971s] -- Up-to-date: /home/robogait/azure_kinect_ws/install/body_tracking/lib/libbody_tracking__rosidl_typesupport_c.so
[1.971s] -- Up-to-date: /home/robogait/azure_kinect_ws/install/body_tracking/include/body_tracking
[1.971s] -- Up-to-date: /home/robogait/azure_kinect_ws/install/body_tracking/include/body_tracking/msg
[1.972s] -- Up-to-date: /home/robogait/azure_kinect_ws/install/body_tracking/include/body_tracking/msg/num.hpp
[1.972s] -- Up-to-date: /home/robogait/azure_kinect_ws/install/body_tracking/include/body_tracking/msg/detail
[1.972s] -- Up-to-date: /home/robogait/azure_kinect_ws/install/body_tracking/include/body_tracking/msg/detail/skeleton__traits.hpp
[1.972s] -- Up-to-date: /home/robogait/azure_kinect_ws/install/body_tracking/include/body_tracking/msg/detail/hip_coordinates__builder.hpp
[1.972s] -- Up-to-date: /home/robogait/azure_kinect_ws/install/body_tracking/include/body_tracking/msg/detail/skeleton__struct.hpp
[1.972s] -- Up-to-date: /home/robogait/azure_kinect_ws/install/body_tracking/include/body_tracking/msg/detail/num__builder.hpp
[1.972s] -- Up-to-date: /home/robogait/azure_kinect_ws/install/body_tracking/include/body_tracking/msg/detail/hip_coordinates__traits.hpp
[1.972s] -- Up-to-date: /home/robogait/azure_kinect_ws/install/body_tracking/include/body_tracking/msg/detail/num__traits.hpp
[1.972s] -- Up-to-date: /home/robogait/azure_kinect_ws/install/body_tracking/include/body_tracking/msg/detail/num__struct.hpp
[1.972s] -- Up-to-date: /home/robogait/azure_kinect_ws/install/body_tracking/include/body_tracking/msg/detail/hip_coordinates__struct.hpp
[1.972s] -- Up-to-date: /home/robogait/azure_kinect_ws/install/body_tracking/include/body_tracking/msg/detail/skeleton__builder.hpp
[1.972s] -- Up-to-date: /home/robogait/azure_kinect_ws/install/body_tracking/include/body_tracking/msg/skeleton.hpp
[1.972s] -- Up-to-date: /home/robogait/azure_kinect_ws/install/body_tracking/include/body_tracking/msg/hip_coordinates.hpp
[1.972s] -- Up-to-date: /home/robogait/azure_kinect_ws/install/body_tracking/include/body_tracking
[1.972s] -- Up-to-date: /home/robogait/azure_kinect_ws/install/body_tracking/include/body_tracking/msg
[1.972s] -- Up-to-date: /home/robogait/azure_kinect_ws/install/body_tracking/include/body_tracking/msg/detail
[1.972s] -- Up-to-date: /home/robogait/azure_kinect_ws/install/body_tracking/include/body_tracking/msg/detail/num__type_support.cpp
[1.972s] -- Up-to-date: /home/robogait/azure_kinect_ws/install/body_tracking/include/body_tracking/msg/detail/skeleton__type_support.cpp
[1.972s] -- Up-to-date: /home/robogait/azure_kinect_ws/install/body_tracking/include/body_tracking/msg/detail/hip_coordinates__type_support.cpp
[1.972s] -- Up-to-date: /home/robogait/azure_kinect_ws/install/body_tracking/include/body_tracking/msg/detail/hip_coordinates__rosidl_typesupport_introspection_cpp.hpp
[1.972s] -- Up-to-date: /home/robogait/azure_kinect_ws/install/body_tracking/include/body_tracking/msg/detail/num__rosidl_typesupport_introspection_cpp.hpp
[1.972s] -- Up-to-date: /home/robogait/azure_kinect_ws/install/body_tracking/include/body_tracking/msg/detail/skeleton__rosidl_typesupport_introspection_cpp.hpp
[1.972s] -- Up-to-date: /home/robogait/azure_kinect_ws/install/body_tracking/lib/libbody_tracking__rosidl_typesupport_introspection_cpp.so
[1.973s] -- Up-to-date: /home/robogait/azure_kinect_ws/install/body_tracking/lib/libbody_tracking__rosidl_typesupport_cpp.so
[1.973s] -- Up-to-date: /home/robogait/azure_kinect_ws/install/body_tracking/share/body_tracking/environment/pythonpath.sh
[1.973s] -- Installing: /home/robogait/azure_kinect_ws/install/body_tracking/share/body_tracking/environment/pythonpath.dsv
[1.973s] -- Installing: /home/robogait/azure_kinect_ws/install/body_tracking/lib/python3.8/site-packages/body_tracking/__init__.py
[1.994s] Compiling '/home/robogait/azure_kinect_ws/install/body_tracking/lib/python3.8/site-packages/body_tracking/__init__.py'...
[1.996s] -- Up-to-date: /home/robogait/azure_kinect_ws/install/body_tracking/lib/python3.8/site-packages/body_tracking/msg
[1.996s] -- Up-to-date: /home/robogait/azure_kinect_ws/install/body_tracking/lib/python3.8/site-packages/body_tracking/msg/_hip_coordinates.py
[1.996s] -- Up-to-date: /home/robogait/azure_kinect_ws/install/body_tracking/lib/python3.8/site-packages/body_tracking/msg/_skeleton_s.c
[1.996s] -- Up-to-date: /home/robogait/azure_kinect_ws/install/body_tracking/lib/python3.8/site-packages/body_tracking/msg/_skeleton.py
[1.996s] -- Up-to-date: /home/robogait/azure_kinect_ws/install/body_tracking/lib/python3.8/site-packages/body_tracking/msg/_num_s.c
[1.996s] -- Up-to-date: /home/robogait/azure_kinect_ws/install/body_tracking/lib/python3.8/site-packages/body_tracking/msg/_hip_coordinates_s.c
[1.996s] -- Up-to-date: /home/robogait/azure_kinect_ws/install/body_tracking/lib/python3.8/site-packages/body_tracking/msg/__init__.py
[1.996s] -- Up-to-date: /home/robogait/azure_kinect_ws/install/body_tracking/lib/python3.8/site-packages/body_tracking/msg/_num.py
[1.996s] -- Up-to-date: /home/robogait/azure_kinect_ws/install/body_tracking/lib/python3.8/site-packages/body_tracking/body_tracking_s__rosidl_typesupport_fastrtps_c.cpython-38-x86_64-linux-gnu.so
[1.997s] -- Up-to-date: /home/robogait/azure_kinect_ws/install/body_tracking/lib/python3.8/site-packages/body_tracking/body_tracking_s__rosidl_typesupport_introspection_c.cpython-38-x86_64-linux-gnu.so
[1.997s] -- Up-to-date: /home/robogait/azure_kinect_ws/install/body_tracking/lib/python3.8/site-packages/body_tracking/body_tracking_s__rosidl_typesupport_c.cpython-38-x86_64-linux-gnu.so
[1.997s] -- Up-to-date: /home/robogait/azure_kinect_ws/install/body_tracking/lib/libbody_tracking__python.so
[1.997s] -- Up-to-date: /home/robogait/azure_kinect_ws/install/body_tracking/share/body_tracking/msg/HipCoordinates.idl
[1.997s] -- Up-to-date: /home/robogait/azure_kinect_ws/install/body_tracking/share/body_tracking/msg/Skeleton.idl
[1.997s] -- Up-to-date: /home/robogait/azure_kinect_ws/install/body_tracking/share/body_tracking/msg/HipCoordinates.msg
[1.998s] -- Up-to-date: /home/robogait/azure_kinect_ws/install/body_tracking/share/body_tracking/msg/Skeleton.msg
[1.998s] -- Up-to-date: /home/robogait/azure_kinect_ws/install/body_tracking/share/ament_index/resource_index/package_run_dependencies/body_tracking
[1.998s] -- Installing: /home/robogait/azure_kinect_ws/install/body_tracking/share/ament_index/resource_index/parent_prefix_path/body_tracking
[1.998s] -- Up-to-date: /home/robogait/azure_kinect_ws/install/body_tracking/share/body_tracking/environment/ament_prefix_path.sh
[1.998s] -- Installing: /home/robogait/azure_kinect_ws/install/body_tracking/share/body_tracking/environment/ament_prefix_path.dsv
[1.998s] -- Up-to-date: /home/robogait/azure_kinect_ws/install/body_tracking/share/body_tracking/environment/path.sh
[1.998s] -- Installing: /home/robogait/azure_kinect_ws/install/body_tracking/share/body_tracking/environment/path.dsv
[1.998s] -- Up-to-date: /home/robogait/azure_kinect_ws/install/body_tracking/share/body_tracking/local_setup.bash
[1.998s] -- Up-to-date: /home/robogait/azure_kinect_ws/install/body_tracking/share/body_tracking/local_setup.sh
[1.998s] -- Up-to-date: /home/robogait/azure_kinect_ws/install/body_tracking/share/body_tracking/local_setup.zsh
[1.998s] -- Installing: /home/robogait/azure_kinect_ws/install/body_tracking/share/body_tracking/local_setup.dsv
[1.998s] -- Installing: /home/robogait/azure_kinect_ws/install/body_tracking/share/body_tracking/package.dsv
[1.998s] -- Up-to-date: /home/robogait/azure_kinect_ws/install/body_tracking/share/ament_index/resource_index/packages/body_tracking
[1.998s] -- Up-to-date: /home/robogait/azure_kinect_ws/install/body_tracking/share/body_tracking/cmake/body_tracking__rosidl_generator_cExport.cmake
[1.998s] -- Installing: /home/robogait/azure_kinect_ws/install/body_tracking/share/body_tracking/cmake/body_tracking__rosidl_generator_cExport-noconfig.cmake
[1.998s] -- Up-to-date: /home/robogait/azure_kinect_ws/install/body_tracking/share/body_tracking/cmake/body_tracking__rosidl_typesupport_introspection_cExport.cmake
[1.999s] -- Installing: /home/robogait/azure_kinect_ws/install/body_tracking/share/body_tracking/cmake/body_tracking__rosidl_typesupport_introspection_cExport-noconfig.cmake
[1.999s] -- Up-to-date: /home/robogait/azure_kinect_ws/install/body_tracking/share/body_tracking/cmake/body_tracking__rosidl_typesupport_cExport.cmake
[1.999s] -- Installing: /home/robogait/azure_kinect_ws/install/body_tracking/share/body_tracking/cmake/body_tracking__rosidl_typesupport_cExport-noconfig.cmake
[1.999s] -- Up-to-date: /home/robogait/azure_kinect_ws/install/body_tracking/share/body_tracking/cmake/body_tracking__rosidl_generator_cppExport.cmake
[1.999s] -- Up-to-date: /home/robogait/azure_kinect_ws/install/body_tracking/share/body_tracking/cmake/body_tracking__rosidl_typesupport_introspection_cppExport.cmake
[1.999s] -- Installing: /home/robogait/azure_kinect_ws/install/body_tracking/share/body_tracking/cmake/body_tracking__rosidl_typesupport_introspection_cppExport-noconfig.cmake
[1.999s] -- Up-to-date: /home/robogait/azure_kinect_ws/install/body_tracking/share/body_tracking/cmake/body_tracking__rosidl_typesupport_cppExport.cmake
[1.999s] -- Installing: /home/robogait/azure_kinect_ws/install/body_tracking/share/body_tracking/cmake/body_tracking__rosidl_typesupport_cppExport-noconfig.cmake
[1.999s] -- Up-to-date: /home/robogait/azure_kinect_ws/install/body_tracking/share/body_tracking/cmake/rosidl_cmake-extras.cmake
[1.999s] -- Up-to-date: /home/robogait/azure_kinect_ws/install/body_tracking/share/body_tracking/cmake/ament_cmake_export_dependencies-extras.cmake
[1.999s] -- Up-to-date: /home/robogait/azure_kinect_ws/install/body_tracking/share/body_tracking/cmake/ament_cmake_export_libraries-extras.cmake
[1.999s] -- Up-to-date: /home/robogait/azure_kinect_ws/install/body_tracking/share/body_tracking/cmake/ament_cmake_export_targets-extras.cmake
[1.999s] -- Up-to-date: /home/robogait/azure_kinect_ws/install/body_tracking/share/body_tracking/cmake/ament_cmake_export_include_directories-extras.cmake
[2.000s] -- Up-to-date: /home/robogait/azure_kinect_ws/install/body_tracking/share/body_tracking/cmake/rosidl_cmake_export_typesupport_libraries-extras.cmake
[2.000s] -- Up-to-date: /home/robogait/azure_kinect_ws/install/body_tracking/share/body_tracking/cmake/rosidl_cmake_export_typesupport_targets-extras.cmake
[2.000s] -- Up-to-date: /home/robogait/azure_kinect_ws/install/body_tracking/share/body_tracking/cmake/body_trackingConfig.cmake
[2.000s] -- Up-to-date: /home/robogait/azure_kinect_ws/install/body_tracking/share/body_tracking/cmake/body_trackingConfig-version.cmake
[2.000s] -- Up-to-date: /home/robogait/azure_kinect_ws/install/body_tracking/share/body_tracking/package.xml
[2.002s] Invoked command in '/home/robogait/azure_kinect_ws/build/body_tracking' returned '0': CMAKE_PREFIX_PATH=${CMAKE_PREFIX_PATH}:/home/robogait/ros2_serial/install/ourbotmanager:/opt/ros/foxy /usr/bin/cmake --install /home/robogait/azure_kinect_ws/build/body_tracking
