[0.010s] Invoking command in '/home/robogait/azure_kinect_ws/build/body_tracking': CMAKE_PREFIX_PATH=${CMAKE_PREFIX_PATH}:/home/robogait/ros2_serial/install/ourbotmanager:/opt/ros/foxy /usr/bin/cmake --build /home/robogait/azure_kinect_ws/build/body_tracking -- -j8 -l8
[0.026s] -- Found ament_cmake: 0.9.9 (/opt/ros/foxy/share/ament_cmake/cmake)
[0.040s] -- Using PYTHON_EXECUTABLE: /usr/bin/python3
[0.142s] -- Found rclcpp: 2.4.1 (/opt/ros/foxy/share/rclcpp/cmake)
[0.161s] -- Using all available rosidl_typesupport_c: rosidl_typesupport_fastrtps_c;rosidl_typesupport_introspection_c
[0.163s] -- Found rosidl_adapter: 1.2.1 (/opt/ros/foxy/share/rosidl_adapter/cmake)
[0.232s] -- Using all available rosidl_typesupport_cpp: rosidl_typesupport_fastrtps_cpp;rosidl_typesupport_introspection_cpp
[0.261s] -- Found rmw_implementation_cmake: 1.0.3 (/opt/ros/foxy/share/rmw_implementation_cmake/cmake)
[0.262s] -- Using RMW implementation 'rmw_fastrtps_cpp' as default
[0.347s] -- Found rosidl_default_generators: 1.0.1 (/opt/ros/foxy/share/rosidl_default_generators/cmake)
[0.370s] -- Found PythonInterp: /usr/bin/python3 (found version "3.8.10") 
[0.440s] -- Found ament_cmake_ros: 0.9.2 (/opt/ros/foxy/share/ament_cmake_ros/cmake)
[0.501s] -- Using all available rosidl_typesupport_c: rosidl_typesupport_fastrtps_c;rosidl_typesupport_introspection_c
[0.506s] -- Using all available rosidl_typesupport_cpp: rosidl_typesupport_fastrtps_cpp;rosidl_typesupport_introspection_cpp
[0.520s] -- Found PythonInterp: /usr/bin/python3 (found suitable version "3.8.10", minimum required is "3.5") 
[0.521s] -- Found python_cmake_module: 0.8.1 (/opt/ros/foxy/share/python_cmake_module/cmake)
[0.540s] -- Found PythonLibs: /usr/lib/x86_64-linux-gnu/libpython3.8.so (found suitable version "3.8.10", minimum required is "3.5") 
[0.540s] -- Using PYTHON_EXECUTABLE: /usr/bin/python3
[0.540s] -- Using PYTHON_INCLUDE_DIRS: /usr/include/python3.8
[0.540s] -- Using PYTHON_LIBRARIES: /usr/lib/x86_64-linux-gnu/libpython3.8.so
[0.555s] -- Found PythonExtra: .so  
[0.579s] -- Found ament_lint_auto: 0.9.6 (/opt/ros/foxy/share/ament_lint_auto/cmake)
[0.585s] -- Added test 'copyright' to check source files copyright and LICENSE
[0.586s] -- Added test 'cppcheck' to perform static code analysis on C / C++ code
[0.587s] -- Configured cppcheck include dirs: $<BUILD_INTERFACE:/home/robogait/azure_kinect_ws/src/body_tracking/include>
[0.587s] -- Configured cppcheck exclude dirs and/or files: 
[0.587s] -- Added test 'cpplint' to check C / C++ code against the Google style
[0.587s] -- Configured cpplint exclude dirs and/or files: 
[0.587s] -- Added test 'lint_cmake' to check CMake code style
[0.588s] -- Added test 'uncrustify' to check C / C++ code style
[0.588s] -- Configured uncrustify additional arguments: 
[0.588s] -- Added test 'xmllint' to check XML markup files
[0.590s] -- Configuring done
[0.609s] -- Generating done
[0.611s] -- Build files have been written to: /home/robogait/azure_kinect_ws/build/body_tracking
[0.628s] [35m[1mScanning dependencies of target body_tracking__cpp[0m
[0.628s] [35m[1mScanning dependencies of target body_tracking_node[0m
[0.629s] [35m[1mScanning dependencies of target listener[0m
[0.629s] [  2%] [34m[1mGenerating C code for ROS interfaces[0m
[0.631s] [35m[1mScanning dependencies of target talker[0m
[0.635s] [  5%] [32mBuilding CXX object CMakeFiles/body_tracking_node.dir/src/body_tracking_node.cpp.o[0m
[0.636s] [  8%] [34m[1mGenerating C++ code for ROS interfaces[0m
[0.641s] [ 10%] [32mBuilding CXX object CMakeFiles/listener.dir/src/subscriber_member_function.cpp.o[0m
[0.643s] [ 13%] [32mBuilding CXX object CMakeFiles/talker.dir/src/publisher_member_function.cpp.o[0m
[0.663s] [ 16%] [32m[1mLinking CXX executable body_tracking_node[0m
[0.706s] [ 16%] Built target body_tracking_node
[0.777s] [35m[1mScanning dependencies of target body_tracking__rosidl_generator_c[0m
[0.785s] [ 18%] [32mBuilding C object CMakeFiles/body_tracking__rosidl_generator_c.dir/rosidl_generator_c/body_tracking/msg/detail/num__functions.c.o[0m
[0.796s] [ 18%] Built target body_tracking__cpp
[0.803s] [ 24%] [34m[1mGenerating C++ introspection for ROS interfaces[0m
[0.803s] [ 24%] [34m[1mGenerating C++ type support for eProsima Fast-RTPS[0m
[0.803s] [ 27%] [34m[1mGenerating C++ type support dispatch for ROS interfaces[0m
[0.815s] [ 29%] [32m[1mLinking C shared library libbody_tracking__rosidl_generator_c.so[0m
[0.849s] [ 29%] Built target body_tracking__rosidl_generator_c
[0.859s] [ 35%] [34m[1mGenerating C introspection for ROS interfaces[0m
[0.859s] [ 35%] [34m[1mGenerating C type support dispatch for ROS interfaces[0m
[0.934s] [35m[1mScanning dependencies of target body_tracking__rosidl_typesupport_cpp[0m
[0.943s] [ 37%] [32mBuilding CXX object CMakeFiles/body_tracking__rosidl_typesupport_cpp.dir/rosidl_typesupport_cpp/body_tracking/msg/num__type_support.cpp.o[0m
[1.009s] [35m[1mScanning dependencies of target body_tracking__rosidl_typesupport_fastrtps_cpp[0m
[1.010s] [35m[1mScanning dependencies of target body_tracking__rosidl_typesupport_introspection_cpp[0m
[1.022s] [ 40%] [32mBuilding CXX object CMakeFiles/body_tracking__rosidl_typesupport_introspection_cpp.dir/rosidl_typesupport_introspection_cpp/body_tracking/msg/detail/num__type_support.cpp.o[0m
[1.030s] [ 43%] [32mBuilding CXX object CMakeFiles/body_tracking__rosidl_typesupport_fastrtps_cpp.dir/rosidl_typesupport_fastrtps_cpp/body_tracking/msg/detail/dds_fastrtps/num__type_support.cpp.o[0m
[1.051s] [35m[1mScanning dependencies of target body_tracking__rosidl_typesupport_c[0m
[1.063s] [ 45%] [32mBuilding CXX object CMakeFiles/body_tracking__rosidl_typesupport_c.dir/rosidl_typesupport_c/body_tracking/msg/num__type_support.cpp.o[0m
[1.071s] [35m[1mScanning dependencies of target body_tracking__rosidl_typesupport_introspection_c[0m
[1.083s] [ 48%] [32mBuilding C object CMakeFiles/body_tracking__rosidl_typesupport_introspection_c.dir/rosidl_typesupport_introspection_c/body_tracking/msg/detail/num__type_support.c.o[0m
[1.091s] [ 51%] [32m[1mLinking CXX shared library libbody_tracking__rosidl_typesupport_c.so[0m
[1.106s] [ 54%] [32m[1mLinking C shared library libbody_tracking__rosidl_typesupport_introspection_c.so[0m
[1.127s] [ 54%] Built target body_tracking__rosidl_typesupport_introspection_c
[1.129s] [ 54%] Built target body_tracking__rosidl_typesupport_c
[1.181s] [ 56%] [32m[1mLinking CXX shared library libbody_tracking__rosidl_typesupport_cpp.so[0m
[1.207s] [ 56%] Built target body_tracking__rosidl_typesupport_cpp
[1.216s] [ 59%] [32m[1mLinking CXX shared library libbody_tracking__rosidl_typesupport_introspection_cpp.so[0m
[1.242s] [ 59%] Built target body_tracking__rosidl_typesupport_introspection_cpp
[1.336s] [ 62%] [32m[1mLinking CXX shared library libbody_tracking__rosidl_typesupport_fastrtps_cpp.so[0m
[1.392s] [ 62%] Built target body_tracking__rosidl_typesupport_fastrtps_cpp
[1.399s] [ 64%] [34m[1mGenerating C type support for eProsima Fast-RTPS[0m
[1.535s] [35m[1mScanning dependencies of target body_tracking__rosidl_typesupport_fastrtps_c[0m
[1.545s] [ 67%] [32mBuilding CXX object CMakeFiles/body_tracking__rosidl_typesupport_fastrtps_c.dir/rosidl_typesupport_fastrtps_c/body_tracking/msg/detail/num__type_support_c.cpp.o[0m
[1.756s] [ 70%] [32m[1mLinking CXX shared library libbody_tracking__rosidl_typesupport_fastrtps_c.so[0m
[1.812s] [ 70%] Built target body_tracking__rosidl_typesupport_fastrtps_c
[1.819s] [35m[1mScanning dependencies of target body_tracking[0m
[1.826s] [ 70%] Built target body_tracking
[1.833s] [35m[1mScanning dependencies of target body_tracking__py[0m
[1.840s] [ 72%] [34m[1mGenerating Python code for ROS interfaces[0m
[2.076s] [ 72%] Built target body_tracking__py
[2.084s] [35m[1mScanning dependencies of target body_tracking__python[0m
[2.104s] [ 75%] [32mBuilding C object CMakeFiles/body_tracking__python.dir/rosidl_generator_py/body_tracking/msg/_num_s.c.o[0m
[2.165s] [ 78%] [32m[1mLinking C shared library rosidl_generator_py/body_tracking/libbody_tracking__python.so[0m
[2.191s] [ 78%] Built target body_tracking__python
[2.198s] [35m[1mScanning dependencies of target body_tracking__rosidl_typesupport_fastrtps_c__pyext[0m
[2.198s] [35m[1mScanning dependencies of target body_tracking__rosidl_typesupport_c__pyext[0m
[2.199s] [35m[1mScanning dependencies of target body_tracking__rosidl_typesupport_introspection_c__pyext[0m
[2.210s] [ 81%] [32mBuilding C object CMakeFiles/body_tracking__rosidl_typesupport_fastrtps_c__pyext.dir/rosidl_generator_py/body_tracking/_body_tracking_s.ep.rosidl_typesupport_fastrtps_c.c.o[0m
[2.210s] [ 83%] [32mBuilding C object CMakeFiles/body_tracking__rosidl_typesupport_c__pyext.dir/rosidl_generator_py/body_tracking/_body_tracking_s.ep.rosidl_typesupport_c.c.o[0m
[2.214s] [ 86%] [32mBuilding C object CMakeFiles/body_tracking__rosidl_typesupport_introspection_c__pyext.dir/rosidl_generator_py/body_tracking/_body_tracking_s.ep.rosidl_typesupport_introspection_c.c.o[0m
[2.263s] [ 89%] [32m[1mLinking C shared library rosidl_generator_py/body_tracking/body_tracking_s__rosidl_typesupport_c.cpython-38-x86_64-linux-gnu.so[0m
[2.286s] [ 89%] Built target body_tracking__rosidl_typesupport_c__pyext
[2.292s] [ 94%] [32m[1mLinking C shared library rosidl_generator_py/body_tracking/body_tracking_s__rosidl_typesupport_introspection_c.cpython-38-x86_64-linux-gnu.so[0m
[2.292s] [ 94%] [32m[1mLinking CXX shared library rosidl_generator_py/body_tracking/body_tracking_s__rosidl_typesupport_fastrtps_c.cpython-38-x86_64-linux-gnu.so[0m
[2.315s] [ 94%] Built target body_tracking__rosidl_typesupport_introspection_c__pyext
[2.334s] [ 94%] Built target body_tracking__rosidl_typesupport_fastrtps_c__pyext
[2.859s] [ 97%] [32m[1mLinking CXX executable talker[0m
[2.956s] [ 97%] Built target talker
[3.888s] [100%] [32m[1mLinking CXX executable listener[0m
[4.029s] [100%] Built target listener
[4.036s] Invoked command in '/home/robogait/azure_kinect_ws/build/body_tracking' returned '0': CMAKE_PREFIX_PATH=${CMAKE_PREFIX_PATH}:/home/robogait/ros2_serial/install/ourbotmanager:/opt/ros/foxy /usr/bin/cmake --build /home/robogait/azure_kinect_ws/build/body_tracking -- -j8 -l8
[4.081s] Invoking command in '/home/robogait/azure_kinect_ws/build/body_tracking': CMAKE_PREFIX_PATH=${CMAKE_PREFIX_PATH}:/home/robogait/ros2_serial/install/ourbotmanager:/opt/ros/foxy /usr/bin/cmake --install /home/robogait/azure_kinect_ws/build/body_tracking
[4.087s] -- Install configuration: ""
[4.087s] -- Installing: /home/robogait/azure_kinect_ws/install/body_tracking/lib/body_tracking/body_tracking_node
[4.087s] -- Installing: /home/robogait/azure_kinect_ws/install/body_tracking/lib/body_tracking/talker
[4.088s] -- Set runtime path of "/home/robogait/azure_kinect_ws/install/body_tracking/lib/body_tracking/talker" to ""
[4.088s] -- Installing: /home/robogait/azure_kinect_ws/install/body_tracking/lib/body_tracking/listener
[4.089s] -- Set runtime path of "/home/robogait/azure_kinect_ws/install/body_tracking/lib/body_tracking/listener" to ""
[4.089s] -- Installing: /home/robogait/azure_kinect_ws/install/body_tracking/share/ament_index/resource_index/rosidl_interfaces/body_tracking
[4.089s] -- Installing: /home/robogait/azure_kinect_ws/install/body_tracking/include/body_tracking
[4.089s] -- Installing: /home/robogait/azure_kinect_ws/install/body_tracking/include/body_tracking/msg
[4.089s] -- Installing: /home/robogait/azure_kinect_ws/install/body_tracking/include/body_tracking/msg/rosidl_generator_c__visibility_control.h
[4.089s] -- Installing: /home/robogait/azure_kinect_ws/install/body_tracking/include/body_tracking/msg/detail
[4.089s] -- Installing: /home/robogait/azure_kinect_ws/install/body_tracking/include/body_tracking/msg/detail/num__functions.c
[4.089s] -- Installing: /home/robogait/azure_kinect_ws/install/body_tracking/include/body_tracking/msg/detail/num__type_support.h
[4.089s] -- Installing: /home/robogait/azure_kinect_ws/install/body_tracking/include/body_tracking/msg/detail/num__functions.h
[4.089s] -- Installing: /home/robogait/azure_kinect_ws/install/body_tracking/include/body_tracking/msg/detail/num__struct.h
[4.089s] -- Installing: /home/robogait/azure_kinect_ws/install/body_tracking/include/body_tracking/msg/num.h
[4.090s] -- Installing: /home/robogait/azure_kinect_ws/install/body_tracking/share/body_tracking/environment/library_path.sh
[4.090s] -- Installing: /home/robogait/azure_kinect_ws/install/body_tracking/share/body_tracking/environment/library_path.dsv
[4.090s] -- Installing: /home/robogait/azure_kinect_ws/install/body_tracking/lib/libbody_tracking__rosidl_generator_c.so
[4.090s] -- Set runtime path of "/home/robogait/azure_kinect_ws/install/body_tracking/lib/libbody_tracking__rosidl_generator_c.so" to ""
[4.090s] -- Up-to-date: /home/robogait/azure_kinect_ws/install/body_tracking/include/body_tracking
[4.090s] -- Up-to-date: /home/robogait/azure_kinect_ws/install/body_tracking/include/body_tracking/msg
[4.090s] -- Up-to-date: /home/robogait/azure_kinect_ws/install/body_tracking/include/body_tracking/msg/detail
[4.090s] -- Installing: /home/robogait/azure_kinect_ws/install/body_tracking/include/body_tracking/msg/detail/num__rosidl_typesupport_fastrtps_c.h
[4.090s] -- Installing: /home/robogait/azure_kinect_ws/install/body_tracking/include/body_tracking/msg/rosidl_typesupport_fastrtps_c__visibility_control.h
[4.090s] -- Installing: /home/robogait/azure_kinect_ws/install/body_tracking/lib/libbody_tracking__rosidl_typesupport_fastrtps_c.so
[4.090s] -- Set runtime path of "/home/robogait/azure_kinect_ws/install/body_tracking/lib/libbody_tracking__rosidl_typesupport_fastrtps_c.so" to ""
[4.090s] -- Up-to-date: /home/robogait/azure_kinect_ws/install/body_tracking/include/body_tracking
[4.090s] -- Up-to-date: /home/robogait/azure_kinect_ws/install/body_tracking/include/body_tracking/msg
[4.090s] -- Up-to-date: /home/robogait/azure_kinect_ws/install/body_tracking/include/body_tracking/msg/detail
[4.090s] -- Installing: /home/robogait/azure_kinect_ws/install/body_tracking/include/body_tracking/msg/detail/dds_fastrtps
[4.090s] -- Installing: /home/robogait/azure_kinect_ws/install/body_tracking/include/body_tracking/msg/detail/num__rosidl_typesupport_fastrtps_cpp.hpp
[4.090s] -- Installing: /home/robogait/azure_kinect_ws/install/body_tracking/include/body_tracking/msg/rosidl_typesupport_fastrtps_cpp__visibility_control.h
[4.090s] -- Installing: /home/robogait/azure_kinect_ws/install/body_tracking/lib/libbody_tracking__rosidl_typesupport_fastrtps_cpp.so
[4.091s] -- Set runtime path of "/home/robogait/azure_kinect_ws/install/body_tracking/lib/libbody_tracking__rosidl_typesupport_fastrtps_cpp.so" to ""
[4.091s] -- Up-to-date: /home/robogait/azure_kinect_ws/install/body_tracking/include/body_tracking
[4.091s] -- Up-to-date: /home/robogait/azure_kinect_ws/install/body_tracking/include/body_tracking/msg
[4.091s] -- Installing: /home/robogait/azure_kinect_ws/install/body_tracking/include/body_tracking/msg/rosidl_typesupport_introspection_c__visibility_control.h
[4.091s] -- Up-to-date: /home/robogait/azure_kinect_ws/install/body_tracking/include/body_tracking/msg/detail
[4.091s] -- Installing: /home/robogait/azure_kinect_ws/install/body_tracking/include/body_tracking/msg/detail/num__rosidl_typesupport_introspection_c.h
[4.091s] -- Installing: /home/robogait/azure_kinect_ws/install/body_tracking/include/body_tracking/msg/detail/num__type_support.c
[4.091s] -- Installing: /home/robogait/azure_kinect_ws/install/body_tracking/lib/libbody_tracking__rosidl_typesupport_introspection_c.so
[4.091s] -- Set runtime path of "/home/robogait/azure_kinect_ws/install/body_tracking/lib/libbody_tracking__rosidl_typesupport_introspection_c.so" to ""
[4.091s] -- Installing: /home/robogait/azure_kinect_ws/install/body_tracking/lib/libbody_tracking__rosidl_typesupport_c.so
[4.091s] -- Set runtime path of "/home/robogait/azure_kinect_ws/install/body_tracking/lib/libbody_tracking__rosidl_typesupport_c.so" to ""
[4.091s] -- Up-to-date: /home/robogait/azure_kinect_ws/install/body_tracking/include/body_tracking
[4.091s] -- Up-to-date: /home/robogait/azure_kinect_ws/install/body_tracking/include/body_tracking/msg
[4.091s] -- Installing: /home/robogait/azure_kinect_ws/install/body_tracking/include/body_tracking/msg/num.hpp
[4.091s] -- Up-to-date: /home/robogait/azure_kinect_ws/install/body_tracking/include/body_tracking/msg/detail
[4.091s] -- Installing: /home/robogait/azure_kinect_ws/install/body_tracking/include/body_tracking/msg/detail/num__builder.hpp
[4.091s] -- Installing: /home/robogait/azure_kinect_ws/install/body_tracking/include/body_tracking/msg/detail/num__traits.hpp
[4.091s] -- Installing: /home/robogait/azure_kinect_ws/install/body_tracking/include/body_tracking/msg/detail/num__struct.hpp
[4.092s] -- Up-to-date: /home/robogait/azure_kinect_ws/install/body_tracking/include/body_tracking
[4.092s] -- Up-to-date: /home/robogait/azure_kinect_ws/install/body_tracking/include/body_tracking/msg
[4.092s] -- Up-to-date: /home/robogait/azure_kinect_ws/install/body_tracking/include/body_tracking/msg/detail
[4.092s] -- Installing: /home/robogait/azure_kinect_ws/install/body_tracking/include/body_tracking/msg/detail/num__type_support.cpp
[4.092s] -- Installing: /home/robogait/azure_kinect_ws/install/body_tracking/include/body_tracking/msg/detail/num__rosidl_typesupport_introspection_cpp.hpp
[4.092s] -- Installing: /home/robogait/azure_kinect_ws/install/body_tracking/lib/libbody_tracking__rosidl_typesupport_introspection_cpp.so
[4.092s] -- Set runtime path of "/home/robogait/azure_kinect_ws/install/body_tracking/lib/libbody_tracking__rosidl_typesupport_introspection_cpp.so" to ""
[4.092s] -- Installing: /home/robogait/azure_kinect_ws/install/body_tracking/lib/libbody_tracking__rosidl_typesupport_cpp.so
[4.092s] -- Set runtime path of "/home/robogait/azure_kinect_ws/install/body_tracking/lib/libbody_tracking__rosidl_typesupport_cpp.so" to ""
[4.092s] -- Installing: /home/robogait/azure_kinect_ws/install/body_tracking/share/body_tracking/environment/pythonpath.sh
[4.092s] -- Installing: /home/robogait/azure_kinect_ws/install/body_tracking/share/body_tracking/environment/pythonpath.dsv
[4.092s] -- Installing: /home/robogait/azure_kinect_ws/install/body_tracking/lib/python3.8/site-packages/body_tracking/__init__.py
[4.114s] Compiling '/home/robogait/azure_kinect_ws/install/body_tracking/lib/python3.8/site-packages/body_tracking/__init__.py'...
[4.117s] -- Installing: /home/robogait/azure_kinect_ws/install/body_tracking/lib/python3.8/site-packages/body_tracking/msg
[4.117s] -- Installing: /home/robogait/azure_kinect_ws/install/body_tracking/lib/python3.8/site-packages/body_tracking/msg/_num_s.c
[4.117s] -- Installing: /home/robogait/azure_kinect_ws/install/body_tracking/lib/python3.8/site-packages/body_tracking/msg/__init__.py
[4.117s] -- Installing: /home/robogait/azure_kinect_ws/install/body_tracking/lib/python3.8/site-packages/body_tracking/msg/_num.py
[4.117s] -- Installing: /home/robogait/azure_kinect_ws/install/body_tracking/lib/python3.8/site-packages/body_tracking/body_tracking_s__rosidl_typesupport_fastrtps_c.cpython-38-x86_64-linux-gnu.so
[4.117s] -- Set runtime path of "/home/robogait/azure_kinect_ws/install/body_tracking/lib/python3.8/site-packages/body_tracking/body_tracking_s__rosidl_typesupport_fastrtps_c.cpython-38-x86_64-linux-gnu.so" to ""
[4.117s] -- Installing: /home/robogait/azure_kinect_ws/install/body_tracking/lib/python3.8/site-packages/body_tracking/body_tracking_s__rosidl_typesupport_introspection_c.cpython-38-x86_64-linux-gnu.so
[4.118s] -- Set runtime path of "/home/robogait/azure_kinect_ws/install/body_tracking/lib/python3.8/site-packages/body_tracking/body_tracking_s__rosidl_typesupport_introspection_c.cpython-38-x86_64-linux-gnu.so" to ""
[4.118s] -- Installing: /home/robogait/azure_kinect_ws/install/body_tracking/lib/python3.8/site-packages/body_tracking/body_tracking_s__rosidl_typesupport_c.cpython-38-x86_64-linux-gnu.so
[4.118s] -- Set runtime path of "/home/robogait/azure_kinect_ws/install/body_tracking/lib/python3.8/site-packages/body_tracking/body_tracking_s__rosidl_typesupport_c.cpython-38-x86_64-linux-gnu.so" to ""
[4.118s] -- Installing: /home/robogait/azure_kinect_ws/install/body_tracking/lib/libbody_tracking__python.so
[4.118s] -- Set runtime path of "/home/robogait/azure_kinect_ws/install/body_tracking/lib/libbody_tracking__python.so" to ""
[4.118s] -- Installing: /home/robogait/azure_kinect_ws/install/body_tracking/share/body_tracking/msg/Num.idl
[4.118s] -- Installing: /home/robogait/azure_kinect_ws/install/body_tracking/share/body_tracking/msg/Num.msg
[4.119s] -- Installing: /home/robogait/azure_kinect_ws/install/body_tracking/share/ament_index/resource_index/package_run_dependencies/body_tracking
[4.119s] -- Up-to-date: /home/robogait/azure_kinect_ws/install/body_tracking/share/ament_index/resource_index/parent_prefix_path/body_tracking
[4.119s] -- Up-to-date: /home/robogait/azure_kinect_ws/install/body_tracking/share/body_tracking/environment/ament_prefix_path.sh
[4.119s] -- Installing: /home/robogait/azure_kinect_ws/install/body_tracking/share/body_tracking/environment/ament_prefix_path.dsv
[4.119s] -- Up-to-date: /home/robogait/azure_kinect_ws/install/body_tracking/share/body_tracking/environment/path.sh
[4.119s] -- Installing: /home/robogait/azure_kinect_ws/install/body_tracking/share/body_tracking/environment/path.dsv
[4.119s] -- Up-to-date: /home/robogait/azure_kinect_ws/install/body_tracking/share/body_tracking/local_setup.bash
[4.119s] -- Installing: /home/robogait/azure_kinect_ws/install/body_tracking/share/body_tracking/local_setup.sh
[4.119s] -- Up-to-date: /home/robogait/azure_kinect_ws/install/body_tracking/share/body_tracking/local_setup.zsh
[4.119s] -- Installing: /home/robogait/azure_kinect_ws/install/body_tracking/share/body_tracking/local_setup.dsv
[4.119s] -- Installing: /home/robogait/azure_kinect_ws/install/body_tracking/share/body_tracking/package.dsv
[4.119s] -- Up-to-date: /home/robogait/azure_kinect_ws/install/body_tracking/share/ament_index/resource_index/packages/body_tracking
[4.119s] -- Installing: /home/robogait/azure_kinect_ws/install/body_tracking/share/body_tracking/cmake/body_tracking__rosidl_generator_cExport.cmake
[4.119s] -- Installing: /home/robogait/azure_kinect_ws/install/body_tracking/share/body_tracking/cmake/body_tracking__rosidl_generator_cExport-noconfig.cmake
[4.119s] -- Installing: /home/robogait/azure_kinect_ws/install/body_tracking/share/body_tracking/cmake/body_tracking__rosidl_typesupport_introspection_cExport.cmake
[4.119s] -- Installing: /home/robogait/azure_kinect_ws/install/body_tracking/share/body_tracking/cmake/body_tracking__rosidl_typesupport_introspection_cExport-noconfig.cmake
[4.119s] -- Installing: /home/robogait/azure_kinect_ws/install/body_tracking/share/body_tracking/cmake/body_tracking__rosidl_typesupport_cExport.cmake
[4.120s] -- Installing: /home/robogait/azure_kinect_ws/install/body_tracking/share/body_tracking/cmake/body_tracking__rosidl_typesupport_cExport-noconfig.cmake
[4.120s] -- Installing: /home/robogait/azure_kinect_ws/install/body_tracking/share/body_tracking/cmake/body_tracking__rosidl_generator_cppExport.cmake
[4.120s] -- Installing: /home/robogait/azure_kinect_ws/install/body_tracking/share/body_tracking/cmake/body_tracking__rosidl_typesupport_introspection_cppExport.cmake
[4.120s] -- Installing: /home/robogait/azure_kinect_ws/install/body_tracking/share/body_tracking/cmake/body_tracking__rosidl_typesupport_introspection_cppExport-noconfig.cmake
[4.120s] -- Installing: /home/robogait/azure_kinect_ws/install/body_tracking/share/body_tracking/cmake/body_tracking__rosidl_typesupport_cppExport.cmake
[4.120s] -- Installing: /home/robogait/azure_kinect_ws/install/body_tracking/share/body_tracking/cmake/body_tracking__rosidl_typesupport_cppExport-noconfig.cmake
[4.120s] -- Installing: /home/robogait/azure_kinect_ws/install/body_tracking/share/body_tracking/cmake/rosidl_cmake-extras.cmake
[4.120s] -- Installing: /home/robogait/azure_kinect_ws/install/body_tracking/share/body_tracking/cmake/ament_cmake_export_dependencies-extras.cmake
[4.120s] -- Installing: /home/robogait/azure_kinect_ws/install/body_tracking/share/body_tracking/cmake/ament_cmake_export_libraries-extras.cmake
[4.120s] -- Installing: /home/robogait/azure_kinect_ws/install/body_tracking/share/body_tracking/cmake/ament_cmake_export_targets-extras.cmake
[4.120s] -- Installing: /home/robogait/azure_kinect_ws/install/body_tracking/share/body_tracking/cmake/ament_cmake_export_include_directories-extras.cmake
[4.120s] -- Installing: /home/robogait/azure_kinect_ws/install/body_tracking/share/body_tracking/cmake/rosidl_cmake_export_typesupport_libraries-extras.cmake
[4.120s] -- Installing: /home/robogait/azure_kinect_ws/install/body_tracking/share/body_tracking/cmake/rosidl_cmake_export_typesupport_targets-extras.cmake
[4.120s] -- Installing: /home/robogait/azure_kinect_ws/install/body_tracking/share/body_tracking/cmake/body_trackingConfig.cmake
[4.121s] -- Up-to-date: /home/robogait/azure_kinect_ws/install/body_tracking/share/body_tracking/cmake/body_trackingConfig-version.cmake
[4.121s] -- Installing: /home/robogait/azure_kinect_ws/install/body_tracking/share/body_tracking/package.xml
[4.123s] Invoked command in '/home/robogait/azure_kinect_ws/build/body_tracking' returned '0': CMAKE_PREFIX_PATH=${CMAKE_PREFIX_PATH}:/home/robogait/ros2_serial/install/ourbotmanager:/opt/ros/foxy /usr/bin/cmake --install /home/robogait/azure_kinect_ws/build/body_tracking
