[0.010s] Invoking command in '/home/robogait/azure_kinect_ws/build/body_tracking': CMAKE_PREFIX_PATH=${CMAKE_PREFIX_PATH}:/home/robogait/ros2_serial/install/ourbotmanager:/opt/ros/foxy /usr/bin/cmake --build /home/robogait/azure_kinect_ws/build/body_tracking -- -j8 -l8
[0.048s] [  8%] Built target body_tracking__rosidl_generator_c
[0.048s] [ 10%] Built target body_tracking__cpp
[0.048s] [ 13%] [32mBuilding CXX object CMakeFiles/listener.dir/src/subscriber_member_function.cpp.o[0m
[0.049s] [ 18%] Built target body_tracking_node
[0.054s] [ 24%] Built target talker
[0.065s] [ 32%] Built target body_tracking__rosidl_typesupport_cpp
[0.065s] [ 40%] Built target body_tracking__rosidl_typesupport_introspection_c
[0.066s] [ 48%] Built target body_tracking__rosidl_typesupport_c
[0.066s] [ 56%] Built target body_tracking__rosidl_typesupport_introspection_cpp
[0.070s] [ 64%] Built target body_tracking__rosidl_typesupport_fastrtps_cpp
[0.086s] [ 72%] Built target body_tracking__rosidl_typesupport_fastrtps_c
[0.099s] [ 72%] Built target body_tracking
[0.113s] [ 75%] Built target body_tracking__py
[0.132s] [ 81%] Built target body_tracking__python
[0.149s] [ 97%] Built target body_tracking__rosidl_typesupport_c__pyext
[0.149s] [ 97%] Built target body_tracking__rosidl_typesupport_introspection_c__pyext
[0.149s] [ 97%] Built target body_tracking__rosidl_typesupport_fastrtps_c__pyext
[0.963s] In file included from [01m[K/opt/ros/foxy/include/rclcpp/node_interfaces/node_topics_interface.hpp:32[m[K,
[0.963s]                  from [01m[K/opt/ros/foxy/include/rclcpp/node.hpp:55[m[K,
[0.963s]                  from [01m[K/opt/ros/foxy/include/rclcpp/executors/single_threaded_executor.hpp:28[m[K,
[0.963s]                  from [01m[K/opt/ros/foxy/include/rclcpp/executors.hpp:22[m[K,
[0.963s]                  from [01m[K/opt/ros/foxy/include/rclcpp/rclcpp.hpp:146[m[K,
[0.963s]                  from [01m[K/home/robogait/azure_kinect_ws/src/body_tracking/src/subscriber_member_function.cpp:3[m[K:
[0.963s] /opt/ros/foxy/include/rclcpp/subscription_factory.hpp: In instantiation of ‘[01m[Krclcpp::SubscriptionFactory rclcpp::create_subscription_factory(CallbackT&&, const rclcpp::SubscriptionOptionsWithAllocator<AllocatorT>&, typename MessageMemoryStrategyT::SharedPtr, std::shared_ptr<rclcpp::topic_statistics::SubscriptionTopicStatistics<CallbackMessageT> >) [with MessageT = body_tracking::msg::HipCoordinates_<std::allocator<void> >; CallbackT = std::_Bind<void (MinimalSubscriber::*(MinimalSubscriber*, std::_Placeholder<1>))(body_tracking::msg::HipCoordinates_<std::allocator<void> >) const>; AllocatorT = std::allocator<void>; CallbackMessageT = body_tracking::msg::HipCoordinates_<std::allocator<void> >; SubscriptionT = rclcpp::Subscription<body_tracking::msg::HipCoordinates_<std::allocator<void> > >; MessageMemoryStrategyT = rclcpp::message_memory_strategy::MessageMemoryStrategy<body_tracking::msg::HipCoordinates_<std::allocator<void> >, std::allocator<void> >; typename MessageMemoryStrategyT::SharedPtr = std::shared_ptr<rclcpp::message_memory_strategy::MessageMemoryStrategy<body_tracking::msg::HipCoordinates_<std::allocator<void> >, std::allocator<void> > >][m[K’:
[0.963s] [01m[K/opt/ros/foxy/include/rclcpp/create_subscription.hpp:144:63:[m[K   required from ‘[01m[Kstd::shared_ptr<SubscriptionT> rclcpp::create_subscription(NodeT&&, const string&, const rclcpp::QoS&, CallbackT&&, const rclcpp::SubscriptionOptionsWithAllocator<AllocatorT>&, typename MessageMemoryStrategyT::SharedPtr) [with MessageT = body_tracking::msg::HipCoordinates_<std::allocator<void> >; CallbackT = std::_Bind<void (MinimalSubscriber::*(MinimalSubscriber*, std::_Placeholder<1>))(body_tracking::msg::HipCoordinates_<std::allocator<void> >) const>; AllocatorT = std::allocator<void>; CallbackMessageT = body_tracking::msg::HipCoordinates_<std::allocator<void> >; SubscriptionT = rclcpp::Subscription<body_tracking::msg::HipCoordinates_<std::allocator<void> > >; MessageMemoryStrategyT = rclcpp::message_memory_strategy::MessageMemoryStrategy<body_tracking::msg::HipCoordinates_<std::allocator<void> >, std::allocator<void> >; NodeT = rclcpp::Node&; std::string = std::__cxx11::basic_string<char>; typename MessageMemoryStrategyT::SharedPtr = std::shared_ptr<rclcpp::message_memory_strategy::MessageMemoryStrategy<body_tracking::msg::HipCoordinates_<std::allocator<void> >, std::allocator<void> > >][m[K’
[0.963s] [01m[K/opt/ros/foxy/include/rclcpp/node_impl.hpp:98:47:[m[K   required from ‘[01m[Kstd::shared_ptr<SubscriptionT> rclcpp::Node::create_subscription(const string&, const rclcpp::QoS&, CallbackT&&, const rclcpp::SubscriptionOptionsWithAllocator<AllocatorT>&, typename MessageMemoryStrategyT::SharedPtr) [with MessageT = body_tracking::msg::HipCoordinates_<std::allocator<void> >; CallbackT = std::_Bind<void (MinimalSubscriber::*(MinimalSubscriber*, std::_Placeholder<1>))(body_tracking::msg::HipCoordinates_<std::allocator<void> >) const>; AllocatorT = std::allocator<void>; CallbackMessageT = body_tracking::msg::HipCoordinates_<std::allocator<void> >; SubscriptionT = rclcpp::Subscription<body_tracking::msg::HipCoordinates_<std::allocator<void> > >; MessageMemoryStrategyT = rclcpp::message_memory_strategy::MessageMemoryStrategy<body_tracking::msg::HipCoordinates_<std::allocator<void> >, std::allocator<void> >; std::string = std::__cxx11::basic_string<char>; typename MessageMemoryStrategyT::SharedPtr = std::shared_ptr<rclcpp::message_memory_strategy::MessageMemoryStrategy<body_tracking::msg::HipCoordinates_<std::allocator<void> >, std::allocator<void> > >][m[K’
[0.963s] [01m[K/home/robogait/azure_kinect_ws/src/body_tracking/src/subscriber_member_function.cpp:16:75:[m[K   required from here
[0.963s] [01m[K/opt/ros/foxy/include/rclcpp/subscription_factory.hpp:97:3:[m[K [01;31m[Kerror: [m[Kno matching function for call to ‘[01m[Krclcpp::AnySubscriptionCallback<body_tracking::msg::HipCoordinates_<std::allocator<void> >, std::allocator<void> >::set(std::_Bind<void (MinimalSubscriber::*(MinimalSubscriber*, std::_Placeholder<1>))(body_tracking::msg::HipCoordinates_<std::allocator<void> >) const>)[m[K’
[0.963s]    97 |   [01;31m[Kany_subscription_callback[m[K.set(std::forward<CallbackT>(callback));
[0.963s]       |   [01;31m[K^~~~~~~~~~~~~~~~~~~~~~~~~[m[K
[0.963s] In file included from [01m[K/opt/ros/foxy/include/rclcpp/subscription_base.hpp:29[m[K,
[0.963s]                  from [01m[K/opt/ros/foxy/include/rclcpp/callback_group.hpp:26[m[K,
[0.963s]                  from [01m[K/opt/ros/foxy/include/rclcpp/any_executable.hpp:20[m[K,
[0.963s]                  from [01m[K/opt/ros/foxy/include/rclcpp/memory_strategy.hpp:24[m[K,
[0.963s]                  from [01m[K/opt/ros/foxy/include/rclcpp/memory_strategies.hpp:18[m[K,
[0.963s]                  from [01m[K/opt/ros/foxy/include/rclcpp/executor_options.hpp:20[m[K,
[0.963s]                  from [01m[K/opt/ros/foxy/include/rclcpp/executor.hpp:33[m[K,
[0.963s]                  from [01m[K/opt/ros/foxy/include/rclcpp/executors/multi_threaded_executor.hpp:26[m[K,
[0.963s]                  from [01m[K/opt/ros/foxy/include/rclcpp/executors.hpp:21[m[K,
[0.963s]                  from [01m[K/opt/ros/foxy/include/rclcpp/rclcpp.hpp:146[m[K,
[0.963s]                  from [01m[K/home/robogait/azure_kinect_ws/src/body_tracking/src/subscriber_member_function.cpp:3[m[K:
[0.963s] [01m[K/opt/ros/foxy/include/rclcpp/any_subscription_callback.hpp:83:8:[m[K [01;36m[Knote: [m[Kcandidate: ‘[01m[Ktemplate<class CallbackT, typename std::enable_if<rclcpp::function_traits::same_arguments<CallbackT, std::function<void(std::shared_ptr<body_tracking::msg::HipCoordinates_<std::allocator<void> > >)> >::value, void>::type* <anonymous> > void rclcpp::AnySubscriptionCallback<MessageT, Alloc>::set(CallbackT) [with CallbackT = CallbackT; typename std::enable_if<rclcpp::function_traits::same_arguments<CallbackT, std::function<void(std::shared_ptr<_Tp>)> >::value>::type* <anonymous> = <enumerator>; MessageT = body_tracking::msg::HipCoordinates_<std::allocator<void> >; Alloc = std::allocator<void>][m[K’
[0.964s]    83 |   void [01;36m[Kset[m[K(CallbackT callback)
[0.964s]       |        [01;36m[K^~~[m[K
[0.964s] [01m[K/opt/ros/foxy/include/rclcpp/any_subscription_callback.hpp:83:8:[m[K [01;36m[Knote: [m[K  template argument deduction/substitution failed:
[0.964s] [01m[K/opt/ros/foxy/include/rclcpp/any_subscription_callback.hpp:81:17:[m[K [01;31m[Kerror: [m[Kno type named ‘[01m[Ktype[m[K’ in ‘[01m[Kstruct std::enable_if<false, void>[m[K’
[0.964s]    81 |     >::type * = [01;31m[Knullptr[m[K
[0.964s]       |                 [01;31m[K^~~~~~~[m[K
[0.964s] [01m[K/opt/ros/foxy/include/rclcpp/any_subscription_callback.hpp:97:8:[m[K [01;36m[Knote: [m[Kcandidate: ‘[01m[Ktemplate<class CallbackT, typename std::enable_if<rclcpp::function_traits::same_arguments<CallbackT, std::function<void(std::shared_ptr<body_tracking::msg::HipCoordinates_<std::allocator<void> > >, const rclcpp::MessageInfo&)> >::value, void>::type* <anonymous> > void rclcpp::AnySubscriptionCallback<MessageT, Alloc>::set(CallbackT) [with CallbackT = CallbackT; typename std::enable_if<rclcpp::function_traits::same_arguments<CallbackT, std::function<void(std::shared_ptr<_Tp>, const rclcpp::MessageInfo&)> >::value>::type* <anonymous> = <enumerator>; MessageT = body_tracking::msg::HipCoordinates_<std::allocator<void> >; Alloc = std::allocator<void>][m[K’
[0.964s]    97 |   void [01;36m[Kset[m[K(CallbackT callback)
[0.964s]       |        [01;36m[K^~~[m[K
[0.964s] [01m[K/opt/ros/foxy/include/rclcpp/any_subscription_callback.hpp:97:8:[m[K [01;36m[Knote: [m[K  template argument deduction/substitution failed:
[0.964s] [01m[K/opt/ros/foxy/include/rclcpp/any_subscription_callback.hpp:95:17:[m[K [01;31m[Kerror: [m[Kno type named ‘[01m[Ktype[m[K’ in ‘[01m[Kstruct std::enable_if<false, void>[m[K’
[0.964s]    95 |     >::type * = [01;31m[Knullptr[m[K
[0.964s]       |                 [01;31m[K^~~~~~~[m[K
[0.964s] [01m[K/opt/ros/foxy/include/rclcpp/any_subscription_callback.hpp:111:8:[m[K [01;36m[Knote: [m[Kcandidate: ‘[01m[Ktemplate<class CallbackT, typename std::enable_if<rclcpp::function_traits::same_arguments<CallbackT, std::function<void(std::shared_ptr<const body_tracking::msg::HipCoordinates_<std::allocator<void> > >)> >::value, void>::type* <anonymous> > void rclcpp::AnySubscriptionCallback<MessageT, Alloc>::set(CallbackT) [with CallbackT = CallbackT; typename std::enable_if<rclcpp::function_traits::same_arguments<CallbackT, std::function<void(std::shared_ptr<const _Tp>)> >::value>::type* <anonymous> = <enumerator>; MessageT = body_tracking::msg::HipCoordinates_<std::allocator<void> >; Alloc = std::allocator<void>][m[K’
[0.964s]   111 |   void [01;36m[Kset[m[K(CallbackT callback)
[0.964s]       |        [01;36m[K^~~[m[K
[0.964s] [01m[K/opt/ros/foxy/include/rclcpp/any_subscription_callback.hpp:111:8:[m[K [01;36m[Knote: [m[K  template argument deduction/substitution failed:
[0.964s] [01m[K/opt/ros/foxy/include/rclcpp/any_subscription_callback.hpp:109:17:[m[K [01;31m[Kerror: [m[Kno type named ‘[01m[Ktype[m[K’ in ‘[01m[Kstruct std::enable_if<false, void>[m[K’
[0.964s]   109 |     >::type * = [01;31m[Knullptr[m[K
[0.964s]       |                 [01;31m[K^~~~~~~[m[K
[0.964s] [01m[K/opt/ros/foxy/include/rclcpp/any_subscription_callback.hpp:125:8:[m[K [01;36m[Knote: [m[Kcandidate: ‘[01m[Ktemplate<class CallbackT, typename std::enable_if<rclcpp::function_traits::same_arguments<CallbackT, std::function<void(std::shared_ptr<const body_tracking::msg::HipCoordinates_<std::allocator<void> > >, const rclcpp::MessageInfo&)> >::value, void>::type* <anonymous> > void rclcpp::AnySubscriptionCallback<MessageT, Alloc>::set(CallbackT) [with CallbackT = CallbackT; typename std::enable_if<rclcpp::function_traits::same_arguments<CallbackT, std::function<void(std::shared_ptr<const _Tp>, const rclcpp::MessageInfo&)> >::value>::type* <anonymous> = <enumerator>; MessageT = body_tracking::msg::HipCoordinates_<std::allocator<void> >; Alloc = std::allocator<void>][m[K’
[0.964s]   125 |   void [01;36m[Kset[m[K(CallbackT callback)
[0.964s]       |        [01;36m[K^~~[m[K
[0.964s] [01m[K/opt/ros/foxy/include/rclcpp/any_subscription_callback.hpp:125:8:[m[K [01;36m[Knote: [m[K  template argument deduction/substitution failed:
[0.964s] [01m[K/opt/ros/foxy/include/rclcpp/any_subscription_callback.hpp:123:17:[m[K [01;31m[Kerror: [m[Kno type named ‘[01m[Ktype[m[K’ in ‘[01m[Kstruct std::enable_if<false, void>[m[K’
[0.964s]   123 |     >::type * = [01;31m[Knullptr[m[K
[0.964s]       |                 [01;31m[K^~~~~~~[m[K
[0.964s] [01m[K/opt/ros/foxy/include/rclcpp/any_subscription_callback.hpp:139:8:[m[K [01;36m[Knote: [m[Kcandidate: ‘[01m[Ktemplate<class CallbackT, typename std::enable_if<rclcpp::function_traits::same_arguments<CallbackT, std::function<void(std::unique_ptr<body_tracking::msg::HipCoordinates_<std::allocator<void> >, std::default_delete<body_tracking::msg::HipCoordinates_<std::allocator<void> > > >)> >::value, void>::type* <anonymous> > void rclcpp::AnySubscriptionCallback<MessageT, Alloc>::set(CallbackT) [with CallbackT = CallbackT; typename std::enable_if<rclcpp::function_traits::same_arguments<CallbackT, std::function<void(std::unique_ptr<MessageT, typename std::conditional<std::is_same<typename std::allocator_traits<typename std::allocator_traits<_Alloc>::rebind_traits<MessageT>::allocator_type>::rebind_alloc<MessageT>, typename std::allocator<void>::rebind<_Tp1>::other>::value, std::default_delete<_Tp>, rclcpp::allocator::AllocatorDeleter<typename std::allocator_traits<_Alloc>::rebind_traits<MessageT>::allocator_type> >::type>)> >::value>::type* <anonymous> = <enumerator>; MessageT = body_tracking::msg::HipCoordinates_<std::allocator<void> >; Alloc = std::allocator<void>][m[K’
[0.965s]   139 |   void [01;36m[Kset[m[K(CallbackT callback)
[0.965s]       |        [01;36m[K^~~[m[K
[0.965s] [01m[K/opt/ros/foxy/include/rclcpp/any_subscription_callback.hpp:139:8:[m[K [01;36m[Knote: [m[K  template argument deduction/substitution failed:
[0.965s] [01m[K/opt/ros/foxy/include/rclcpp/any_subscription_callback.hpp:137:17:[m[K [01;31m[Kerror: [m[Kno type named ‘[01m[Ktype[m[K’ in ‘[01m[Kstruct std::enable_if<false, void>[m[K’
[0.965s]   137 |     >::type * = [01;31m[Knullptr[m[K
[0.965s]       |                 [01;31m[K^~~~~~~[m[K
[0.965s] [01m[K/opt/ros/foxy/include/rclcpp/any_subscription_callback.hpp:153:8:[m[K [01;36m[Knote: [m[Kcandidate: ‘[01m[Ktemplate<class CallbackT, typename std::enable_if<rclcpp::function_traits::same_arguments<CallbackT, std::function<void(std::unique_ptr<body_tracking::msg::HipCoordinates_<std::allocator<void> >, std::default_delete<body_tracking::msg::HipCoordinates_<std::allocator<void> > > >, const rclcpp::MessageInfo&)> >::value, void>::type* <anonymous> > void rclcpp::AnySubscriptionCallback<MessageT, Alloc>::set(CallbackT) [with CallbackT = CallbackT; typename std::enable_if<rclcpp::function_traits::same_arguments<CallbackT, std::function<void(std::unique_ptr<MessageT, typename std::conditional<std::is_same<typename std::allocator_traits<typename std::allocator_traits<_Alloc>::rebind_traits<MessageT>::allocator_type>::rebind_alloc<MessageT>, typename std::allocator<void>::rebind<_Tp1>::other>::value, std::default_delete<_Tp>, rclcpp::allocator::AllocatorDeleter<typename std::allocator_traits<_Alloc>::rebind_traits<MessageT>::allocator_type> >::type>, const rclcpp::MessageInfo&)> >::value>::type* <anonymous> = <enumerator>; MessageT = body_tracking::msg::HipCoordinates_<std::allocator<void> >; Alloc = std::allocator<void>][m[K’
[0.965s]   153 |   void [01;36m[Kset[m[K(CallbackT callback)
[0.965s]       |        [01;36m[K^~~[m[K
[0.965s] [01m[K/opt/ros/foxy/include/rclcpp/any_subscription_callback.hpp:153:8:[m[K [01;36m[Knote: [m[K  template argument deduction/substitution failed:
[0.965s] [01m[K/opt/ros/foxy/include/rclcpp/any_subscription_callback.hpp:151:17:[m[K [01;31m[Kerror: [m[Kno type named ‘[01m[Ktype[m[K’ in ‘[01m[Kstruct std::enable_if<false, void>[m[K’
[0.965s]   151 |     >::type * = [01;31m[Knullptr[m[K
[0.965s]       |                 [01;31m[K^~~~~~~[m[K
[1.420s] In file included from [01m[K/usr/include/c++/9/future:48[m[K,
[1.420s]                  from [01m[K/opt/ros/foxy/include/rclcpp/executors.hpp:18[m[K,
[1.420s]                  from [01m[K/opt/ros/foxy/include/rclcpp/rclcpp.hpp:146[m[K,
[1.420s]                  from [01m[K/home/robogait/azure_kinect_ws/src/body_tracking/src/subscriber_member_function.cpp:3[m[K:
[1.420s] [01m[K/usr/include/c++/9/bits/std_function.h:667:7:[m[K [01;31m[Kerror: [m[K‘[01m[Kstd::function<_Res(_ArgTypes ...)>::function(_Functor) [with _Functor = rclcpp::create_subscription_factory(CallbackT&&, const rclcpp::SubscriptionOptionsWithAllocator<AllocatorT>&, typename MessageMemoryStrategyT::SharedPtr, std::shared_ptr<rclcpp::topic_statistics::SubscriptionTopicStatistics<CallbackMessageT> >) [with MessageT = body_tracking::msg::HipCoordinates_<std::allocator<void> >; CallbackT = std::_Bind<void (MinimalSubscriber::*(MinimalSubscriber*, std::_Placeholder<1>))(body_tracking::msg::HipCoordinates_<std::allocator<void> >) const>; AllocatorT = std::allocator<void>; CallbackMessageT = body_tracking::msg::HipCoordinates_<std::allocator<void> >; SubscriptionT = rclcpp::Subscription<body_tracking::msg::HipCoordinates_<std::allocator<void> > >; MessageMemoryStrategyT = rclcpp::message_memory_strategy::MessageMemoryStrategy<body_tracking::msg::HipCoordinates_<std::allocator<void> >, std::allocator<void> >; typename MessageMemoryStrategyT::SharedPtr = std::shared_ptr<rclcpp::message_memory_strategy::MessageMemoryStrategy<body_tracking::msg::HipCoordinates_<std::allocator<void> >, std::allocator<void> > >]::<lambda(rclcpp::node_interfaces::NodeBaseInterface*, const string&, const rclcpp::QoS&)>; <template-parameter-2-2> = void; <template-parameter-2-3> = void; _Res = std::shared_ptr<rclcpp::SubscriptionBase>; _ArgTypes = {rclcpp::node_interfaces::NodeBaseInterface*, const std::__cxx11::basic_string<char, std::char_traits<char>, std::allocator<char> >&, const rclcpp::QoS&}][m[K’, declared using local type ‘[01m[Krclcpp::create_subscription_factory(CallbackT&&, const rclcpp::SubscriptionOptionsWithAllocator<AllocatorT>&, typename MessageMemoryStrategyT::SharedPtr, std::shared_ptr<rclcpp::topic_statistics::SubscriptionTopicStatistics<CallbackMessageT> >) [with MessageT = body_tracking::msg::HipCoordinates_<std::allocator<void> >; CallbackT = std::_Bind<void (MinimalSubscriber::*(MinimalSubscriber*, std::_Placeholder<1>))(body_tracking::msg::HipCoordinates_<std::allocator<void> >) const>; AllocatorT = std::allocator<void>; CallbackMessageT = body_tracking::msg::HipCoordinates_<std::allocator<void> >; SubscriptionT = rclcpp::Subscription<body_tracking::msg::HipCoordinates_<std::allocator<void> > >; MessageMemoryStrategyT = rclcpp::message_memory_strategy::MessageMemoryStrategy<body_tracking::msg::HipCoordinates_<std::allocator<void> >, std::allocator<void> >; typename MessageMemoryStrategyT::SharedPtr = std::shared_ptr<rclcpp::message_memory_strategy::MessageMemoryStrategy<body_tracking::msg::HipCoordinates_<std::allocator<void> >, std::allocator<void> > >]::<lambda(rclcpp::node_interfaces::NodeBaseInterface*, const string&, const rclcpp::QoS&)>[m[K’, is used but never defined [[01;31m[K-fpermissive[m[K]
[1.420s]   667 |       [01;31m[Kfunction<_Res(_ArgTypes...)>[m[K::
[1.421s]       |       [01;31m[K^~~~~~~~~~~~~~~~~~~~~~~~~~~~[m[K
[1.513s] make[2]: *** [CMakeFiles/listener.dir/build.make:63: CMakeFiles/listener.dir/src/subscriber_member_function.cpp.o] Error 1
[1.513s] make[1]: *** [CMakeFiles/Makefile2:296: CMakeFiles/listener.dir/all] Error 2
[1.514s] make: *** [Makefile:141: all] Error 2
[1.516s] Invoked command in '/home/robogait/azure_kinect_ws/build/body_tracking' returned '2': CMAKE_PREFIX_PATH=${CMAKE_PREFIX_PATH}:/home/robogait/ros2_serial/install/ourbotmanager:/opt/ros/foxy /usr/bin/cmake --build /home/robogait/azure_kinect_ws/build/body_tracking -- -j8 -l8
