[0.014s] Invoking command in '/home/robogait/azure_kinect_ws/build/body_tracker_msgs': CMAKE_PREFIX_PATH=${CMAKE_PREFIX_PATH}:/home/robogait/ros2_serial/install/ourbotmanager:/opt/ros/foxy /usr/bin/cmake /home/robogait/azure_kinect_ws/src/body_tracker_msgs -DAMENT_CMAKE_SYMLINK_INSTALL=1 -DCMAKE_INSTALL_PREFIX=/home/robogait/azure_kinect_ws/install/body_tracker_msgs
[0.026s] -- Found ament_cmake: 0.9.9 (/opt/ros/foxy/share/ament_cmake/cmake)
[0.040s] -- Found PythonInterp: /usr/bin/python3 (found suitable version "3.8.10", minimum required is "3") 
[0.040s] -- Using PYTHON_EXECUTABLE: /usr/bin/python3
[0.140s] -- Override CMake install command with custom implementation using symlinks instead of copying resources
[0.145s] -- Found rclcpp: 2.4.1 (/opt/ros/foxy/share/rclcpp/cmake)
[0.165s] -- Using all available rosidl_typesupport_c: rosidl_typesupport_fastrtps_c;rosidl_typesupport_introspection_c
[0.167s] -- Found rosidl_adapter: 1.2.1 (/opt/ros/foxy/share/rosidl_adapter/cmake)
[0.243s] -- Using all available rosidl_typesupport_cpp: rosidl_typesupport_fastrtps_cpp;rosidl_typesupport_introspection_cpp
[0.273s] -- Found rmw_implementation_cmake: 1.0.3 (/opt/ros/foxy/share/rmw_implementation_cmake/cmake)
[0.274s] -- Using RMW implementation 'rmw_fastrtps_cpp' as default
[0.362s] -- Found geometry_msgs: 2.0.5 (/opt/ros/foxy/share/geometry_msgs/cmake)
[0.397s] -- Found PythonInterp: /usr/bin/python3 (found version "3.8.10") 
[0.506s] -- Found ament_cmake_ros: 0.9.2 (/opt/ros/foxy/share/ament_cmake_ros/cmake)
[0.653s] -- Using all available rosidl_typesupport_c: rosidl_typesupport_fastrtps_c;rosidl_typesupport_introspection_c
[0.722s] -- Using all available rosidl_typesupport_cpp: rosidl_typesupport_fastrtps_cpp;rosidl_typesupport_introspection_cpp
[0.726s] -- Found ament_lint_auto: 0.9.6 (/opt/ros/foxy/share/ament_lint_auto/cmake)
[0.733s] -- Added test 'copyright' to check source files copyright and LICENSE
[0.734s] -- Added test 'lint_cmake' to check CMake code style
[0.734s] -- Added test 'xmllint' to check XML markup files
[0.738s] -- Configuring done
[0.758s] -- Generating done
[0.759s] -- Build files have been written to: /home/robogait/azure_kinect_ws/build/body_tracker_msgs
[0.765s] Invoked command in '/home/robogait/azure_kinect_ws/build/body_tracker_msgs' returned '0': CMAKE_PREFIX_PATH=${CMAKE_PREFIX_PATH}:/home/robogait/ros2_serial/install/ourbotmanager:/opt/ros/foxy /usr/bin/cmake /home/robogait/azure_kinect_ws/src/body_tracker_msgs -DAMENT_CMAKE_SYMLINK_INSTALL=1 -DCMAKE_INSTALL_PREFIX=/home/robogait/azure_kinect_ws/install/body_tracker_msgs
[0.767s] Invoking command in '/home/robogait/azure_kinect_ws/build/body_tracker_msgs': CMAKE_PREFIX_PATH=${CMAKE_PREFIX_PATH}:/home/robogait/ros2_serial/install/ourbotmanager:/opt/ros/foxy /usr/bin/cmake --build /home/robogait/azure_kinect_ws/build/body_tracker_msgs -- -j8 -l8
[0.802s] [ 17%] Built target body_tracker_msgs__cpp
[0.802s] [ 17%] Built target body_tracker_msgs__rosidl_generator_c
[0.817s] [ 44%] Built target body_tracker_msgs__rosidl_typesupport_cpp
[0.817s] [ 44%] Built target body_tracker_msgs__rosidl_typesupport_c
[0.820s] [ 48%] [32m[1mLinking CXX shared library libbody_tracker_msgs__rosidl_typesupport_fastrtps_cpp.so[0m
[0.820s] [ 62%] Built target body_tracker_msgs__rosidl_typesupport_introspection_cpp
[0.833s] [ 75%] Built target body_tracker_msgs__rosidl_typesupport_introspection_c
[0.877s] [ 86%] Built target body_tracker_msgs__rosidl_typesupport_fastrtps_cpp
[0.894s] [ 89%] [32m[1mLinking CXX shared library libbody_tracker_msgs__rosidl_typesupport_fastrtps_c.so[0m
[0.954s] [100%] Built target body_tracker_msgs__rosidl_typesupport_fastrtps_c
[0.967s] [100%] Built target body_tracker_msgs
[0.975s] Invoked command in '/home/robogait/azure_kinect_ws/build/body_tracker_msgs' returned '0': CMAKE_PREFIX_PATH=${CMAKE_PREFIX_PATH}:/home/robogait/ros2_serial/install/ourbotmanager:/opt/ros/foxy /usr/bin/cmake --build /home/robogait/azure_kinect_ws/build/body_tracker_msgs -- -j8 -l8
[1.011s] Invoking command in '/home/robogait/azure_kinect_ws/build/body_tracker_msgs': CMAKE_PREFIX_PATH=${CMAKE_PREFIX_PATH}:/home/robogait/ros2_serial/install/ourbotmanager:/opt/ros/foxy /usr/bin/cmake --install /home/robogait/azure_kinect_ws/build/body_tracker_msgs
[1.017s] -- Install configuration: ""
[1.017s] -- Execute custom install script
[1.017s] -- Symlinking: /home/robogait/azure_kinect_ws/install/body_tracker_msgs/share/ament_index/resource_index/rosidl_interfaces/body_tracker_msgs
[1.024s] -- Symlinking: /home/robogait/azure_kinect_ws/install/body_tracker_msgs/include/body_tracker_msgs/msg/detail/hip_coordinates__functions.h
[1.029s] -- Symlinking: /home/robogait/azure_kinect_ws/install/body_tracker_msgs/include/body_tracker_msgs/msg/detail/hip_coordinates__struct.h
[1.035s] -- Symlinking: /home/robogait/azure_kinect_ws/install/body_tracker_msgs/include/body_tracker_msgs/msg/detail/hip_coordinates__type_support.h
[1.043s] -- Symlinking: /home/robogait/azure_kinect_ws/install/body_tracker_msgs/include/body_tracker_msgs/msg/detail/skeleton__functions.h
[1.050s] -- Symlinking: /home/robogait/azure_kinect_ws/install/body_tracker_msgs/include/body_tracker_msgs/msg/detail/skeleton__struct.h
[1.057s] -- Symlinking: /home/robogait/azure_kinect_ws/install/body_tracker_msgs/include/body_tracker_msgs/msg/detail/skeleton__type_support.h
[1.063s] -- Symlinking: /home/robogait/azure_kinect_ws/install/body_tracker_msgs/include/body_tracker_msgs/msg/hip_coordinates.h
[1.068s] -- Symlinking: /home/robogait/azure_kinect_ws/install/body_tracker_msgs/include/body_tracker_msgs/msg/rosidl_generator_c__visibility_control.h
[1.074s] -- Symlinking: /home/robogait/azure_kinect_ws/install/body_tracker_msgs/include/body_tracker_msgs/msg/skeleton.h
[1.079s] -- Symlinking: /home/robogait/azure_kinect_ws/install/body_tracker_msgs/share/body_tracker_msgs/environment/library_path.sh
[1.084s] -- Symlinking: /home/robogait/azure_kinect_ws/install/body_tracker_msgs/share/body_tracker_msgs/environment/library_path.dsv
[1.090s] -- Symlinking: /home/robogait/azure_kinect_ws/install/body_tracker_msgs/include/body_tracker_msgs/msg/detail/hip_coordinates__rosidl_typesupport_fastrtps_c.h
[1.095s] -- Symlinking: /home/robogait/azure_kinect_ws/install/body_tracker_msgs/include/body_tracker_msgs/msg/detail/skeleton__rosidl_typesupport_fastrtps_c.h
[1.100s] -- Symlinking: /home/robogait/azure_kinect_ws/install/body_tracker_msgs/include/body_tracker_msgs/msg/rosidl_typesupport_fastrtps_c__visibility_control.h
[1.106s] -- Symlinking: /home/robogait/azure_kinect_ws/install/body_tracker_msgs/lib/libbody_tracker_msgs__rosidl_typesupport_fastrtps_c.so
[1.111s] -- Symlinking: /home/robogait/azure_kinect_ws/install/body_tracker_msgs/include/body_tracker_msgs/msg/detail/hip_coordinates__rosidl_typesupport_fastrtps_cpp.hpp
[1.117s] -- Symlinking: /home/robogait/azure_kinect_ws/install/body_tracker_msgs/include/body_tracker_msgs/msg/detail/skeleton__rosidl_typesupport_fastrtps_cpp.hpp
[1.122s] -- Symlinking: /home/robogait/azure_kinect_ws/install/body_tracker_msgs/include/body_tracker_msgs/msg/rosidl_typesupport_fastrtps_cpp__visibility_control.h
[1.127s] -- Symlinking: /home/robogait/azure_kinect_ws/install/body_tracker_msgs/lib/libbody_tracker_msgs__rosidl_typesupport_fastrtps_cpp.so
[1.133s] -- Symlinking: /home/robogait/azure_kinect_ws/install/body_tracker_msgs/include/body_tracker_msgs/msg/detail/hip_coordinates__rosidl_typesupport_introspection_c.h
[1.139s] -- Symlinking: /home/robogait/azure_kinect_ws/install/body_tracker_msgs/include/body_tracker_msgs/msg/detail/skeleton__rosidl_typesupport_introspection_c.h
[1.144s] -- Symlinking: /home/robogait/azure_kinect_ws/install/body_tracker_msgs/include/body_tracker_msgs/msg/rosidl_typesupport_introspection_c__visibility_control.h
[1.150s] -- Symlinking: /home/robogait/azure_kinect_ws/install/body_tracker_msgs/include/body_tracker_msgs/msg/detail/hip_coordinates__builder.hpp
[1.155s] -- Symlinking: /home/robogait/azure_kinect_ws/install/body_tracker_msgs/include/body_tracker_msgs/msg/detail/hip_coordinates__struct.hpp
[1.160s] -- Symlinking: /home/robogait/azure_kinect_ws/install/body_tracker_msgs/include/body_tracker_msgs/msg/detail/hip_coordinates__traits.hpp
[1.165s] -- Symlinking: /home/robogait/azure_kinect_ws/install/body_tracker_msgs/include/body_tracker_msgs/msg/detail/skeleton__builder.hpp
[1.171s] -- Symlinking: /home/robogait/azure_kinect_ws/install/body_tracker_msgs/include/body_tracker_msgs/msg/detail/skeleton__struct.hpp
[1.176s] -- Symlinking: /home/robogait/azure_kinect_ws/install/body_tracker_msgs/include/body_tracker_msgs/msg/detail/skeleton__traits.hpp
[1.181s] -- Symlinking: /home/robogait/azure_kinect_ws/install/body_tracker_msgs/include/body_tracker_msgs/msg/hip_coordinates.hpp
[1.187s] -- Symlinking: /home/robogait/azure_kinect_ws/install/body_tracker_msgs/include/body_tracker_msgs/msg/skeleton.hpp
[1.192s] -- Symlinking: /home/robogait/azure_kinect_ws/install/body_tracker_msgs/include/body_tracker_msgs/msg/detail/hip_coordinates__rosidl_typesupport_introspection_cpp.hpp
[1.197s] -- Symlinking: /home/robogait/azure_kinect_ws/install/body_tracker_msgs/include/body_tracker_msgs/msg/detail/skeleton__rosidl_typesupport_introspection_cpp.hpp
[1.202s] -- Symlinking: /home/robogait/azure_kinect_ws/install/body_tracker_msgs/share/body_tracker_msgs/msg/HipCoordinates.idl
[1.208s] -- Symlinking: /home/robogait/azure_kinect_ws/install/body_tracker_msgs/share/body_tracker_msgs/msg/Skeleton.idl
[1.213s] -- Symlinking: /home/robogait/azure_kinect_ws/install/body_tracker_msgs/share/body_tracker_msgs/msg/HipCoordinates.msg
[1.218s] -- Symlinking: /home/robogait/azure_kinect_ws/install/body_tracker_msgs/share/body_tracker_msgs/msg/Skeleton.msg
[1.223s] -- Symlinking: /home/robogait/azure_kinect_ws/install/body_tracker_msgs/share/ament_index/resource_index/package_run_dependencies/body_tracker_msgs
[1.229s] -- Symlinking: /home/robogait/azure_kinect_ws/install/body_tracker_msgs/share/ament_index/resource_index/parent_prefix_path/body_tracker_msgs
[1.234s] -- Symlinking: /home/robogait/azure_kinect_ws/install/body_tracker_msgs/share/body_tracker_msgs/environment/ament_prefix_path.sh
[1.240s] -- Symlinking: /home/robogait/azure_kinect_ws/install/body_tracker_msgs/share/body_tracker_msgs/environment/ament_prefix_path.dsv
[1.246s] -- Symlinking: /home/robogait/azure_kinect_ws/install/body_tracker_msgs/share/body_tracker_msgs/environment/path.sh
[1.252s] -- Symlinking: /home/robogait/azure_kinect_ws/install/body_tracker_msgs/share/body_tracker_msgs/environment/path.dsv
[1.257s] -- Symlinking: /home/robogait/azure_kinect_ws/install/body_tracker_msgs/share/body_tracker_msgs/local_setup.bash
[1.263s] -- Symlinking: /home/robogait/azure_kinect_ws/install/body_tracker_msgs/share/body_tracker_msgs/local_setup.sh
[1.268s] -- Symlinking: /home/robogait/azure_kinect_ws/install/body_tracker_msgs/share/body_tracker_msgs/local_setup.zsh
[1.274s] -- Symlinking: /home/robogait/azure_kinect_ws/install/body_tracker_msgs/share/body_tracker_msgs/local_setup.dsv
[1.280s] -- Symlinking: /home/robogait/azure_kinect_ws/install/body_tracker_msgs/share/body_tracker_msgs/package.dsv
[1.285s] -- Symlinking: /home/robogait/azure_kinect_ws/install/body_tracker_msgs/share/ament_index/resource_index/packages/body_tracker_msgs
[1.291s] -- Symlinking: /home/robogait/azure_kinect_ws/install/body_tracker_msgs/share/body_tracker_msgs/cmake/rosidl_cmake-extras.cmake
[1.296s] -- Symlinking: /home/robogait/azure_kinect_ws/install/body_tracker_msgs/share/body_tracker_msgs/cmake/ament_cmake_export_dependencies-extras.cmake
[1.303s] -- Symlinking: /home/robogait/azure_kinect_ws/install/body_tracker_msgs/share/body_tracker_msgs/cmake/ament_cmake_export_libraries-extras.cmake
[1.309s] -- Symlinking: /home/robogait/azure_kinect_ws/install/body_tracker_msgs/share/body_tracker_msgs/cmake/ament_cmake_export_targets-extras.cmake
[1.314s] -- Symlinking: /home/robogait/azure_kinect_ws/install/body_tracker_msgs/share/body_tracker_msgs/cmake/ament_cmake_export_include_directories-extras.cmake
[1.320s] -- Symlinking: /home/robogait/azure_kinect_ws/install/body_tracker_msgs/share/body_tracker_msgs/cmake/rosidl_cmake_export_typesupport_libraries-extras.cmake
[1.325s] -- Symlinking: /home/robogait/azure_kinect_ws/install/body_tracker_msgs/share/body_tracker_msgs/cmake/rosidl_cmake_export_typesupport_targets-extras.cmake
[1.331s] -- Symlinking: /home/robogait/azure_kinect_ws/install/body_tracker_msgs/share/body_tracker_msgs/cmake/body_tracker_msgsConfig.cmake
[1.336s] -- Symlinking: /home/robogait/azure_kinect_ws/install/body_tracker_msgs/share/body_tracker_msgs/cmake/body_tracker_msgsConfig-version.cmake
[1.342s] -- Symlinking: /home/robogait/azure_kinect_ws/install/body_tracker_msgs/share/body_tracker_msgs/package.xml
[1.347s] -- Up-to-date: /home/robogait/azure_kinect_ws/install/body_tracker_msgs/lib/libbody_tracker_msgs__rosidl_generator_c.so
[1.347s] -- Up-to-date: /home/robogait/azure_kinect_ws/install/body_tracker_msgs/lib/libbody_tracker_msgs__rosidl_typesupport_introspection_c.so
[1.348s] -- Up-to-date: /home/robogait/azure_kinect_ws/install/body_tracker_msgs/lib/libbody_tracker_msgs__rosidl_typesupport_c.so
[1.348s] -- Up-to-date: /home/robogait/azure_kinect_ws/install/body_tracker_msgs/lib/libbody_tracker_msgs__rosidl_typesupport_introspection_cpp.so
[1.348s] -- Up-to-date: /home/robogait/azure_kinect_ws/install/body_tracker_msgs/lib/libbody_tracker_msgs__rosidl_typesupport_cpp.so
[1.348s] -- Up-to-date: /home/robogait/azure_kinect_ws/install/body_tracker_msgs/share/body_tracker_msgs/cmake/body_tracker_msgs__rosidl_generator_cExport.cmake
[1.348s] -- Installing: /home/robogait/azure_kinect_ws/install/body_tracker_msgs/share/body_tracker_msgs/cmake/body_tracker_msgs__rosidl_generator_cExport-noconfig.cmake
[1.349s] -- Up-to-date: /home/robogait/azure_kinect_ws/install/body_tracker_msgs/share/body_tracker_msgs/cmake/body_tracker_msgs__rosidl_typesupport_introspection_cExport.cmake
[1.349s] -- Installing: /home/robogait/azure_kinect_ws/install/body_tracker_msgs/share/body_tracker_msgs/cmake/body_tracker_msgs__rosidl_typesupport_introspection_cExport-noconfig.cmake
[1.349s] -- Up-to-date: /home/robogait/azure_kinect_ws/install/body_tracker_msgs/share/body_tracker_msgs/cmake/body_tracker_msgs__rosidl_typesupport_cExport.cmake
[1.349s] -- Installing: /home/robogait/azure_kinect_ws/install/body_tracker_msgs/share/body_tracker_msgs/cmake/body_tracker_msgs__rosidl_typesupport_cExport-noconfig.cmake
[1.349s] -- Up-to-date: /home/robogait/azure_kinect_ws/install/body_tracker_msgs/share/body_tracker_msgs/cmake/body_tracker_msgs__rosidl_generator_cppExport.cmake
[1.349s] -- Up-to-date: /home/robogait/azure_kinect_ws/install/body_tracker_msgs/share/body_tracker_msgs/cmake/body_tracker_msgs__rosidl_typesupport_introspection_cppExport.cmake
[1.349s] -- Installing: /home/robogait/azure_kinect_ws/install/body_tracker_msgs/share/body_tracker_msgs/cmake/body_tracker_msgs__rosidl_typesupport_introspection_cppExport-noconfig.cmake
[1.349s] -- Up-to-date: /home/robogait/azure_kinect_ws/install/body_tracker_msgs/share/body_tracker_msgs/cmake/body_tracker_msgs__rosidl_typesupport_cppExport.cmake
[1.350s] -- Installing: /home/robogait/azure_kinect_ws/install/body_tracker_msgs/share/body_tracker_msgs/cmake/body_tracker_msgs__rosidl_typesupport_cppExport-noconfig.cmake
[1.352s] Invoked command in '/home/robogait/azure_kinect_ws/build/body_tracker_msgs' returned '0': CMAKE_PREFIX_PATH=${CMAKE_PREFIX_PATH}:/home/robogait/ros2_serial/install/ourbotmanager:/opt/ros/foxy /usr/bin/cmake --install /home/robogait/azure_kinect_ws/build/body_tracker_msgs
