[0.020s] Invoking command in '/home/robogait/azure_kinect_ws/build/kinect_azure_body_tracker': CMAKE_PREFIX_PATH=${CMAKE_PREFIX_PATH}:/home/robogait/nav2_ws/install/nav2_gazebo_spawner:/home/robogait/ros2_serial/install/ourbotmanager:/home/robogait/ros2_ws/install/nav2_project:/opt/ros/foxy /usr/bin/cmake --build /home/robogait/azure_kinect_ws/build/kinect_azure_body_tracker -- -j8 -l8
[0.064s] [35m[1mScanning dependencies of target kinect_azure_body_tracker_node_full_processing[0m
[0.094s] [ 20%] Built target kinect_azure_body_tracker_node_simplified
[0.094s] [ 40%] Built target kinect_azure_body_tracker_node
[0.098s] [ 60%] Built target kinect_azure_body_tracker_recording_node
[0.103s] [ 70%] [32mBuilding CXX object CMakeFiles/kinect_azure_body_tracker_node_full_processing.dir/src/kinectAzure_body_tracker_node_full_processing.cpp.o[0m
[0.106s] [ 90%] Built target kinect_azure_body_tracker_recording_node_simplified
[0.914s] [01m[K/home/robogait/azure_kinect_ws/src/kinect_azure_body_tracker/src/kinectAzure_body_tracker_node_full_processing.cpp:[m[K In constructor ‘[01m[KMinimalPublisher::MinimalPublisher()[m[K’:
[0.914s] [01m[K/home/robogait/azure_kinect_ws/src/kinect_azure_body_tracker/src/kinectAzure_body_tracker_node_full_processing.cpp:46:108:[m[K [01;31m[Kerror: [m[K‘[01m[KprocessingName[m[K’ was not declared in this scope; did you mean ‘[01m[KprocessedName[m[K’?
[0.914s]    46 |   printf("Ha acabado la grabación, ahora paso a procesarla generando un archivo csv, almacenado en %s\n", [01;31m[KprocessingName[m[K);
[0.914s]       |                                                                                                            [01;31m[K^~~~~~~~~~~~~~[m[K
[0.914s]       |                                                                                                            [32m[KprocessedName[m[K
[0.915s] [01m[K/home/robogait/azure_kinect_ws/src/kinect_azure_body_tracker/src/kinectAzure_body_tracker_node_full_processing.cpp:47:16:[m[K [01;31m[Kerror: [m[K‘[01m[KrecordingName[m[K’ was not declared in this scope; did you mean ‘[01m[KrecordName[m[K’?
[0.915s]    47 |   processVideo([01;31m[KrecordingName[m[K, processingName);
[0.915s]       |                [01;31m[K^~~~~~~~~~~~~[m[K
[0.915s]       |                [32m[KrecordName[m[K
[0.923s] [01m[K/home/robogait/azure_kinect_ws/src/kinect_azure_body_tracker/src/kinectAzure_body_tracker_node_full_processing.cpp:[m[K In member function ‘[01m[Kvoid MinimalPublisher::Init()[m[K’:
[0.923s] [01m[K/home/robogait/azure_kinect_ws/src/kinect_azure_body_tracker/src/kinectAzure_body_tracker_node_full_processing.cpp:242:11:[m[K [01;31m[Kerror: [m[K‘[01m[KrecordingName[m[K’ was not declared in this scope; did you mean ‘[01m[KrecordName[m[K’?
[0.923s]   242 |   sprintf([01;31m[KrecordingName[m[K, "%s%s.mkv", recordingPath, fileName);
[0.923s]       |           [01;31m[K^~~~~~~~~~~~~[m[K
[0.923s]       |           [32m[KrecordName[m[K
[0.924s] [01m[K/home/robogait/azure_kinect_ws/src/kinect_azure_body_tracker/src/kinectAzure_body_tracker_node_full_processing.cpp:254:11:[m[K [01;31m[Kerror: [m[K‘[01m[KprocessingName[m[K’ was not declared in this scope; did you mean ‘[01m[KprocessedName[m[K’?
[0.924s]   254 |   sprintf([01;31m[KprocessingName[m[K, "%s%s.csv", processingPath, fileName);
[0.924s]       |           [01;31m[K^~~~~~~~~~~~~~[m[K
[0.924s]       |           [32m[KprocessedName[m[K
[1.439s] At global scope:
[1.439s] [01m[Kcc1plus:[m[K [01;35m[Kwarning: [m[Kunrecognized command line option ‘[01m[K-Wno-dev[m[K’
[1.445s] make[2]: *** [CMakeFiles/kinect_azure_body_tracker_node_full_processing.dir/build.make:63: CMakeFiles/kinect_azure_body_tracker_node_full_processing.dir/src/kinectAzure_body_tracker_node_full_processing.cpp.o] Error 1
[1.446s] make[1]: *** [CMakeFiles/Makefile2:86: CMakeFiles/kinect_azure_body_tracker_node_full_processing.dir/all] Error 2
[1.446s] make: *** [Makefile:141: all] Error 2
[1.448s] Invoked command in '/home/robogait/azure_kinect_ws/build/kinect_azure_body_tracker' returned '2': CMAKE_PREFIX_PATH=${CMAKE_PREFIX_PATH}:/home/robogait/nav2_ws/install/nav2_gazebo_spawner:/home/robogait/ros2_serial/install/ourbotmanager:/home/robogait/ros2_ws/install/nav2_project:/opt/ros/foxy /usr/bin/cmake --build /home/robogait/azure_kinect_ws/build/kinect_azure_body_tracker -- -j8 -l8
