[35m[1mScanning dependencies of target body_tracking_node[0m
[  2%] Built target body_tracking__cpp
[ 12%] Built target body_tracking__rosidl_generator_c
[ 14%] [32mBuilding CXX object CMakeFiles/body_tracking_node.dir/src/kinectAzure_body_tracker_node.cpp.o[0m
[ 24%] Built target body_tracking__rosidl_typesupport_c
[ 34%] Built target body_tracking__rosidl_typesupport_introspection_c
[ 43%] Built target body_tracking__rosidl_typesupport_cpp
[ 53%] Built target body_tracking__rosidl_typesupport_introspection_cpp
[ 63%] Built target body_tracking__rosidl_typesupport_fastrtps_cpp
[ 73%] Built target body_tracking__rosidl_typesupport_fastrtps_c
[ 73%] Built target body_tracking
[ 75%] Built target body_tracking__py
[ 82%] Built target body_tracking__python
[ 97%] Built target body_tracking__rosidl_typesupport_introspection_c__pyext
[ 97%] Built target body_tracking__rosidl_typesupport_fastrtps_c__pyext
[ 97%] Built target body_tracking__rosidl_typesupport_c__pyext
[01m[K/home/robogait/azure_kinect_ws/src/body_tracking/src/kinectAzure_body_tracker_node.cpp:[m[K In member function ‘[01m[Kvoid MinimalPublisher::body_tracking()[m[K’:
[01m[K/home/robogait/azure_kinect_ws/src/body_tracking/src/kinectAzure_body_tracker_node.cpp:157:53:[m[K [01;31m[Kerror: [m[Kno match for ‘[01m[Koperator+[m[K’ (operand types are ‘[01m[Kk4a_float3_t[m[K’ and ‘[01m[Kk4a_float3_t[m[K’)
  157 |     position[i] = ([32m[Kbody.skeleton.joints[4].position[m[K [01;31m[K+[m[K [34m[Kbody.skeleton.joints[11].position[m[K) / 2;
      |                    [32m[K~~~~~~~~~~~~~~~~~~~~~~~~~~~~~~~~[m[K [01;31m[K^[m[K [34m[K~~~~~~~~~~~~~~~~~~~~~~~~~~~~~~~~~[m[K
      |                                            [32m[K|[m[K                                   [34m[K|[m[K
      |                                            [32m[Kk4a_float3_t[m[K                        [34m[Kk4a_float3_t[m[K
At global scope:
[01m[Kcc1plus:[m[K [01;35m[Kwarning: [m[Kunrecognized command line option ‘[01m[K-Wno-dev[m[K’
make[2]: *** [CMakeFiles/body_tracking_node.dir/build.make:63: CMakeFiles/body_tracking_node.dir/src/kinectAzure_body_tracker_node.cpp.o] Error 1
make[1]: *** [CMakeFiles/Makefile2:208: CMakeFiles/body_tracking_node.dir/all] Error 2
make: *** [Makefile:141: all] Error 2
