[0.010s] Invoking command in '/home/robogait/azure_kinect_ws/build/body_tracking': CMAKE_PREFIX_PATH=${CMAKE_PREFIX_PATH}:/home/robogait/ros2_serial/install/ourbotmanager:/opt/ros/foxy /usr/bin/cmake --build /home/robogait/azure_kinect_ws/build/body_tracking -- -j8 -l8
[0.040s] [35m[1mScanning dependencies of target body_tracking_node[0m
[0.046s] [  2%] Built target body_tracking__cpp
[0.047s] [ 12%] Built target body_tracking__rosidl_generator_c
[0.060s] [ 14%] [32mBuilding CXX object CMakeFiles/body_tracking_node.dir/src/kinectAzure_body_tracker_node.cpp.o[0m
[0.063s] [ 24%] Built target body_tracking__rosidl_typesupport_c
[0.063s] [ 34%] Built target body_tracking__rosidl_typesupport_introspection_c
[0.064s] [ 43%] Built target body_tracking__rosidl_typesupport_cpp
[0.064s] [ 53%] Built target body_tracking__rosidl_typesupport_introspection_cpp
[0.066s] [ 63%] Built target body_tracking__rosidl_typesupport_fastrtps_cpp
[0.083s] [ 73%] Built target body_tracking__rosidl_typesupport_fastrtps_c
[0.096s] [ 73%] Built target body_tracking
[0.110s] [ 75%] Built target body_tracking__py
[0.127s] [ 82%] Built target body_tracking__python
[0.146s] [ 97%] Built target body_tracking__rosidl_typesupport_introspection_c__pyext
[0.146s] [ 97%] Built target body_tracking__rosidl_typesupport_fastrtps_c__pyext
[0.146s] [ 97%] Built target body_tracking__rosidl_typesupport_c__pyext
[0.807s] [01m[K/home/robogait/azure_kinect_ws/src/body_tracking/src/kinectAzure_body_tracker_node.cpp:[m[K In member function ‘[01m[Kvoid MinimalPublisher::body_tracking()[m[K’:
[0.807s] [01m[K/home/robogait/azure_kinect_ws/src/body_tracking/src/kinectAzure_body_tracker_node.cpp:157:53:[m[K [01;31m[Kerror: [m[Kno match for ‘[01m[Koperator+[m[K’ (operand types are ‘[01m[Kk4a_float3_t[m[K’ and ‘[01m[Kk4a_float3_t[m[K’)
[0.807s]   157 |     position[i] = ([32m[Kbody.skeleton.joints[4].position[m[K [01;31m[K+[m[K [34m[Kbody.skeleton.joints[11].position[m[K) / 2;
[0.807s]       |                    [32m[K~~~~~~~~~~~~~~~~~~~~~~~~~~~~~~~~[m[K [01;31m[K^[m[K [34m[K~~~~~~~~~~~~~~~~~~~~~~~~~~~~~~~~~[m[K
[0.807s]       |                                            [32m[K|[m[K                                   [34m[K|[m[K
[0.807s]       |                                            [32m[Kk4a_float3_t[m[K                        [34m[Kk4a_float3_t[m[K
[1.330s] At global scope:
[1.330s] [01m[Kcc1plus:[m[K [01;35m[Kwarning: [m[Kunrecognized command line option ‘[01m[K-Wno-dev[m[K’
[1.342s] make[2]: *** [CMakeFiles/body_tracking_node.dir/build.make:63: CMakeFiles/body_tracking_node.dir/src/kinectAzure_body_tracker_node.cpp.o] Error 1
[1.342s] make[1]: *** [CMakeFiles/Makefile2:208: CMakeFiles/body_tracking_node.dir/all] Error 2
[1.342s] make: *** [Makefile:141: all] Error 2
[1.345s] Invoked command in '/home/robogait/azure_kinect_ws/build/body_tracking' returned '2': CMAKE_PREFIX_PATH=${CMAKE_PREFIX_PATH}:/home/robogait/ros2_serial/install/ourbotmanager:/opt/ros/foxy /usr/bin/cmake --build /home/robogait/azure_kinect_ws/build/body_tracking -- -j8 -l8
