[0.010s] Invoking command in '/home/robogait/azure_kinect_ws/build/body_tracking': CMAKE_PREFIX_PATH=${CMAKE_PREFIX_PATH}:/home/robogait/ros2_serial/install/ourbotmanager:/opt/ros/foxy /usr/bin/cmake --build /home/robogait/azure_kinect_ws/build/body_tracking -- -j8 -l8
[0.028s] -- Found ament_cmake: 0.9.9 (/opt/ros/foxy/share/ament_cmake/cmake)
[0.042s] -- Found PythonInterp: /usr/bin/python3 (found suitable version "3.8.10", minimum required is "3") 
[0.043s] -- Using PYTHON_EXECUTABLE: /usr/bin/python3
[0.145s] -- Found rclcpp: 2.4.1 (/opt/ros/foxy/share/rclcpp/cmake)
[0.164s] -- Using all available rosidl_typesupport_c: rosidl_typesupport_fastrtps_c;rosidl_typesupport_introspection_c
[0.166s] -- Found rosidl_adapter: 1.2.1 (/opt/ros/foxy/share/rosidl_adapter/cmake)
[0.237s] -- Using all available rosidl_typesupport_cpp: rosidl_typesupport_fastrtps_cpp;rosidl_typesupport_introspection_cpp
[0.265s] -- Found rmw_implementation_cmake: 1.0.3 (/opt/ros/foxy/share/rmw_implementation_cmake/cmake)
[0.266s] -- Using RMW implementation 'rmw_fastrtps_cpp' as default
[0.349s] -- Found body_tracking: 0.0.0 (/home/robogait/azure_kinect_ws/install/body_tracking/share/body_tracking/cmake)
[0.353s] -- Found rosidl_default_generators: 1.0.1 (/opt/ros/foxy/share/rosidl_default_generators/cmake)
[0.373s] -- Found PythonInterp: /usr/bin/python3 (found version "3.8.10") 
[0.443s] -- Found ament_cmake_ros: 0.9.2 (/opt/ros/foxy/share/ament_cmake_ros/cmake)
[0.500s] -- Using all available rosidl_typesupport_c: rosidl_typesupport_fastrtps_c;rosidl_typesupport_introspection_c
[0.504s] -- Using all available rosidl_typesupport_cpp: rosidl_typesupport_fastrtps_cpp;rosidl_typesupport_introspection_cpp
[0.518s] -- Found PythonInterp: /usr/bin/python3 (found suitable version "3.8.10", minimum required is "3.5") 
[0.518s] -- Found python_cmake_module: 0.8.1 (/opt/ros/foxy/share/python_cmake_module/cmake)
[0.534s] -- Using PYTHON_EXECUTABLE: /usr/bin/python3
[0.534s] -- Using PYTHON_INCLUDE_DIRS: /usr/include/python3.8
[0.534s] -- Using PYTHON_LIBRARIES: /usr/lib/x86_64-linux-gnu/libpython3.8.so
[0.543s] -- Found ament_lint_auto: 0.9.6 (/opt/ros/foxy/share/ament_lint_auto/cmake)
[0.548s] -- Added test 'copyright' to check source files copyright and LICENSE
[0.549s] -- Added test 'cppcheck' to perform static code analysis on C / C++ code
[0.550s] -- Configured cppcheck include dirs: $<BUILD_INTERFACE:/home/robogait/azure_kinect_ws/src/body_tracking/include>
[0.550s] -- Configured cppcheck exclude dirs and/or files: 
[0.550s] -- Added test 'cpplint' to check C / C++ code against the Google style
[0.550s] -- Configured cpplint exclude dirs and/or files: 
[0.551s] -- Added test 'lint_cmake' to check CMake code style
[0.551s] -- Added test 'uncrustify' to check C / C++ code style
[0.551s] -- Configured uncrustify additional arguments: 
[0.551s] -- Added test 'xmllint' to check XML markup files
[0.554s] -- Configuring done
[0.575s] -- Generating done
[0.576s] -- Build files have been written to: /home/robogait/azure_kinect_ws/build/body_tracking
[0.595s] [35m[1mScanning dependencies of target listener[0m
[0.596s] [35m[1mScanning dependencies of target talker[0m
[0.603s] [  2%] [32mBuilding CXX object CMakeFiles/listener.dir/src/subscriber_member_function.cpp.o[0m
[0.604s] [ 10%] Built target body_tracking__rosidl_generator_c
[0.604s] [ 15%] Built target body_tracking_node
[0.605s] [ 17%] Built target body_tracking__cpp
[0.605s] [ 20%] [32mBuilding CXX object CMakeFiles/talker.dir/src/publisher_member_function.cpp.o[0m
[0.612s] [ 23%] [32m[1mLinking CXX executable prueba_talker[0m
[0.622s] [ 38%] Built target body_tracking__rosidl_typesupport_cpp
[0.623s] [ 41%] Built target body_tracking__rosidl_typesupport_c
[0.623s] [ 46%] Built target body_tracking__rosidl_typesupport_introspection_cpp
[0.623s] [ 53%] Built target body_tracking__rosidl_typesupport_introspection_c
[0.633s] [ 61%] Built target body_tracking__rosidl_typesupport_fastrtps_cpp
[0.653s] [ 69%] Built target body_tracking__rosidl_typesupport_fastrtps_c
[0.668s] [ 69%] Built target body_tracking
[0.675s] [ 71%] Built target prueba_talker
[0.682s] [ 74%] Built target body_tracking__py
[0.700s] [ 79%] Built target body_tracking__python
[0.717s] [ 84%] Built target body_tracking__rosidl_typesupport_introspection_c__pyext
[0.719s] [ 89%] Built target body_tracking__rosidl_typesupport_c__pyext
[0.720s] [ 94%] Built target body_tracking__rosidl_typesupport_fastrtps_c__pyext
[2.485s] [ 97%] [32m[1mLinking CXX executable talker[0m
[2.584s] [ 97%] Built target talker
[3.617s] [100%] [32m[1mLinking CXX executable listener[0m
[3.757s] [100%] Built target listener
[3.765s] Invoked command in '/home/robogait/azure_kinect_ws/build/body_tracking' returned '0': CMAKE_PREFIX_PATH=${CMAKE_PREFIX_PATH}:/home/robogait/ros2_serial/install/ourbotmanager:/opt/ros/foxy /usr/bin/cmake --build /home/robogait/azure_kinect_ws/build/body_tracking -- -j8 -l8
[3.809s] Invoking command in '/home/robogait/azure_kinect_ws/build/body_tracking': CMAKE_PREFIX_PATH=${CMAKE_PREFIX_PATH}:/home/robogait/ros2_serial/install/ourbotmanager:/opt/ros/foxy /usr/bin/cmake --install /home/robogait/azure_kinect_ws/build/body_tracking
[3.815s] -- Install configuration: ""
[3.815s] -- Up-to-date: /home/robogait/azure_kinect_ws/install/body_tracking/lib/body_tracking/body_tracking_node
[3.815s] -- Installing: /home/robogait/azure_kinect_ws/install/body_tracking/lib/body_tracking/prueba_talker
[3.815s] -- Set runtime path of "/home/robogait/azure_kinect_ws/install/body_tracking/lib/body_tracking/prueba_talker" to ""
[3.815s] -- Installing: /home/robogait/azure_kinect_ws/install/body_tracking/lib/body_tracking/talker
[3.816s] -- Set runtime path of "/home/robogait/azure_kinect_ws/install/body_tracking/lib/body_tracking/talker" to ""
[3.816s] -- Installing: /home/robogait/azure_kinect_ws/install/body_tracking/lib/body_tracking/listener
[3.817s] -- Set runtime path of "/home/robogait/azure_kinect_ws/install/body_tracking/lib/body_tracking/listener" to ""
[3.817s] -- Up-to-date: /home/robogait/azure_kinect_ws/install/body_tracking/lib/body_tracking/prueba_talker
[3.817s] -- Up-to-date: /home/robogait/azure_kinect_ws/install/body_tracking/share/ament_index/resource_index/rosidl_interfaces/body_tracking
[3.817s] -- Up-to-date: /home/robogait/azure_kinect_ws/install/body_tracking/include/body_tracking
[3.817s] -- Up-to-date: /home/robogait/azure_kinect_ws/install/body_tracking/include/body_tracking/msg
[3.817s] -- Up-to-date: /home/robogait/azure_kinect_ws/install/body_tracking/include/body_tracking/msg/rosidl_generator_c__visibility_control.h
[3.817s] -- Up-to-date: /home/robogait/azure_kinect_ws/install/body_tracking/include/body_tracking/msg/detail
[3.817s] -- Up-to-date: /home/robogait/azure_kinect_ws/install/body_tracking/include/body_tracking/msg/detail/num__functions.c
[3.817s] -- Up-to-date: /home/robogait/azure_kinect_ws/install/body_tracking/include/body_tracking/msg/detail/hip_coordinates__functions.c
[3.817s] -- Up-to-date: /home/robogait/azure_kinect_ws/install/body_tracking/include/body_tracking/msg/detail/num__type_support.h
[3.818s] -- Up-to-date: /home/robogait/azure_kinect_ws/install/body_tracking/include/body_tracking/msg/detail/hip_coordinates__functions.h
[3.818s] -- Up-to-date: /home/robogait/azure_kinect_ws/install/body_tracking/include/body_tracking/msg/detail/num__functions.h
[3.818s] -- Up-to-date: /home/robogait/azure_kinect_ws/install/body_tracking/include/body_tracking/msg/detail/hip_coordinates__struct.h
[3.818s] -- Up-to-date: /home/robogait/azure_kinect_ws/install/body_tracking/include/body_tracking/msg/detail/num__struct.h
[3.818s] -- Up-to-date: /home/robogait/azure_kinect_ws/install/body_tracking/include/body_tracking/msg/detail/hip_coordinates__type_support.h
[3.818s] -- Up-to-date: /home/robogait/azure_kinect_ws/install/body_tracking/include/body_tracking/msg/hip_coordinates.h
[3.818s] -- Up-to-date: /home/robogait/azure_kinect_ws/install/body_tracking/include/body_tracking/msg/num.h
[3.818s] -- Up-to-date: /home/robogait/azure_kinect_ws/install/body_tracking/share/body_tracking/environment/library_path.sh
[3.818s] -- Installing: /home/robogait/azure_kinect_ws/install/body_tracking/share/body_tracking/environment/library_path.dsv
[3.818s] -- Up-to-date: /home/robogait/azure_kinect_ws/install/body_tracking/lib/libbody_tracking__rosidl_generator_c.so
[3.818s] -- Up-to-date: /home/robogait/azure_kinect_ws/install/body_tracking/include/body_tracking
[3.818s] -- Up-to-date: /home/robogait/azure_kinect_ws/install/body_tracking/include/body_tracking/msg
[3.818s] -- Up-to-date: /home/robogait/azure_kinect_ws/install/body_tracking/include/body_tracking/msg/detail
[3.818s] -- Up-to-date: /home/robogait/azure_kinect_ws/install/body_tracking/include/body_tracking/msg/detail/hip_coordinates__rosidl_typesupport_fastrtps_c.h
[3.818s] -- Up-to-date: /home/robogait/azure_kinect_ws/install/body_tracking/include/body_tracking/msg/detail/num__rosidl_typesupport_fastrtps_c.h
[3.818s] -- Up-to-date: /home/robogait/azure_kinect_ws/install/body_tracking/include/body_tracking/msg/rosidl_typesupport_fastrtps_c__visibility_control.h
[3.818s] -- Up-to-date: /home/robogait/azure_kinect_ws/install/body_tracking/lib/libbody_tracking__rosidl_typesupport_fastrtps_c.so
[3.818s] -- Up-to-date: /home/robogait/azure_kinect_ws/install/body_tracking/include/body_tracking
[3.818s] -- Up-to-date: /home/robogait/azure_kinect_ws/install/body_tracking/include/body_tracking/msg
[3.818s] -- Up-to-date: /home/robogait/azure_kinect_ws/install/body_tracking/include/body_tracking/msg/detail
[3.818s] -- Up-to-date: /home/robogait/azure_kinect_ws/install/body_tracking/include/body_tracking/msg/detail/dds_fastrtps
[3.818s] -- Up-to-date: /home/robogait/azure_kinect_ws/install/body_tracking/include/body_tracking/msg/detail/hip_coordinates__rosidl_typesupport_fastrtps_cpp.hpp
[3.819s] -- Up-to-date: /home/robogait/azure_kinect_ws/install/body_tracking/include/body_tracking/msg/detail/num__rosidl_typesupport_fastrtps_cpp.hpp
[3.819s] -- Up-to-date: /home/robogait/azure_kinect_ws/install/body_tracking/include/body_tracking/msg/rosidl_typesupport_fastrtps_cpp__visibility_control.h
[3.819s] -- Up-to-date: /home/robogait/azure_kinect_ws/install/body_tracking/lib/libbody_tracking__rosidl_typesupport_fastrtps_cpp.so
[3.819s] -- Up-to-date: /home/robogait/azure_kinect_ws/install/body_tracking/include/body_tracking
[3.819s] -- Up-to-date: /home/robogait/azure_kinect_ws/install/body_tracking/include/body_tracking/msg
[3.819s] -- Up-to-date: /home/robogait/azure_kinect_ws/install/body_tracking/include/body_tracking/msg/rosidl_typesupport_introspection_c__visibility_control.h
[3.819s] -- Up-to-date: /home/robogait/azure_kinect_ws/install/body_tracking/include/body_tracking/msg/detail
[3.819s] -- Up-to-date: /home/robogait/azure_kinect_ws/install/body_tracking/include/body_tracking/msg/detail/hip_coordinates__rosidl_typesupport_introspection_c.h
[3.819s] -- Up-to-date: /home/robogait/azure_kinect_ws/install/body_tracking/include/body_tracking/msg/detail/num__rosidl_typesupport_introspection_c.h
[3.819s] -- Up-to-date: /home/robogait/azure_kinect_ws/install/body_tracking/include/body_tracking/msg/detail/hip_coordinates__type_support.c
[3.819s] -- Up-to-date: /home/robogait/azure_kinect_ws/install/body_tracking/include/body_tracking/msg/detail/num__type_support.c
[3.819s] -- Up-to-date: /home/robogait/azure_kinect_ws/install/body_tracking/lib/libbody_tracking__rosidl_typesupport_introspection_c.so
[3.819s] -- Up-to-date: /home/robogait/azure_kinect_ws/install/body_tracking/lib/libbody_tracking__rosidl_typesupport_c.so
[3.819s] -- Up-to-date: /home/robogait/azure_kinect_ws/install/body_tracking/include/body_tracking
[3.819s] -- Up-to-date: /home/robogait/azure_kinect_ws/install/body_tracking/include/body_tracking/msg
[3.819s] -- Up-to-date: /home/robogait/azure_kinect_ws/install/body_tracking/include/body_tracking/msg/num.hpp
[3.819s] -- Up-to-date: /home/robogait/azure_kinect_ws/install/body_tracking/include/body_tracking/msg/detail
[3.819s] -- Up-to-date: /home/robogait/azure_kinect_ws/install/body_tracking/include/body_tracking/msg/detail/hip_coordinates__builder.hpp
[3.819s] -- Up-to-date: /home/robogait/azure_kinect_ws/install/body_tracking/include/body_tracking/msg/detail/num__builder.hpp
[3.819s] -- Up-to-date: /home/robogait/azure_kinect_ws/install/body_tracking/include/body_tracking/msg/detail/hip_coordinates__traits.hpp
[3.819s] -- Up-to-date: /home/robogait/azure_kinect_ws/install/body_tracking/include/body_tracking/msg/detail/num__traits.hpp
[3.819s] -- Up-to-date: /home/robogait/azure_kinect_ws/install/body_tracking/include/body_tracking/msg/detail/num__struct.hpp
[3.820s] -- Up-to-date: /home/robogait/azure_kinect_ws/install/body_tracking/include/body_tracking/msg/detail/hip_coordinates__struct.hpp
[3.820s] -- Up-to-date: /home/robogait/azure_kinect_ws/install/body_tracking/include/body_tracking/msg/hip_coordinates.hpp
[3.820s] -- Up-to-date: /home/robogait/azure_kinect_ws/install/body_tracking/include/body_tracking
[3.820s] -- Up-to-date: /home/robogait/azure_kinect_ws/install/body_tracking/include/body_tracking/msg
[3.820s] -- Up-to-date: /home/robogait/azure_kinect_ws/install/body_tracking/include/body_tracking/msg/detail
[3.820s] -- Up-to-date: /home/robogait/azure_kinect_ws/install/body_tracking/include/body_tracking/msg/detail/num__type_support.cpp
[3.820s] -- Up-to-date: /home/robogait/azure_kinect_ws/install/body_tracking/include/body_tracking/msg/detail/hip_coordinates__type_support.cpp
[3.820s] -- Up-to-date: /home/robogait/azure_kinect_ws/install/body_tracking/include/body_tracking/msg/detail/hip_coordinates__rosidl_typesupport_introspection_cpp.hpp
[3.820s] -- Up-to-date: /home/robogait/azure_kinect_ws/install/body_tracking/include/body_tracking/msg/detail/num__rosidl_typesupport_introspection_cpp.hpp
[3.820s] -- Up-to-date: /home/robogait/azure_kinect_ws/install/body_tracking/lib/libbody_tracking__rosidl_typesupport_introspection_cpp.so
[3.820s] -- Up-to-date: /home/robogait/azure_kinect_ws/install/body_tracking/lib/libbody_tracking__rosidl_typesupport_cpp.so
[3.820s] -- Up-to-date: /home/robogait/azure_kinect_ws/install/body_tracking/share/body_tracking/environment/pythonpath.sh
[3.820s] -- Installing: /home/robogait/azure_kinect_ws/install/body_tracking/share/body_tracking/environment/pythonpath.dsv
[3.820s] -- Installing: /home/robogait/azure_kinect_ws/install/body_tracking/lib/python3.8/site-packages/body_tracking/__init__.py
[3.840s] Compiling '/home/robogait/azure_kinect_ws/install/body_tracking/lib/python3.8/site-packages/body_tracking/__init__.py'...
[3.842s] -- Up-to-date: /home/robogait/azure_kinect_ws/install/body_tracking/lib/python3.8/site-packages/body_tracking/msg
[3.842s] -- Up-to-date: /home/robogait/azure_kinect_ws/install/body_tracking/lib/python3.8/site-packages/body_tracking/msg/_hip_coordinates.py
[3.842s] -- Up-to-date: /home/robogait/azure_kinect_ws/install/body_tracking/lib/python3.8/site-packages/body_tracking/msg/_num_s.c
[3.842s] -- Up-to-date: /home/robogait/azure_kinect_ws/install/body_tracking/lib/python3.8/site-packages/body_tracking/msg/_hip_coordinates_s.c
[3.843s] -- Up-to-date: /home/robogait/azure_kinect_ws/install/body_tracking/lib/python3.8/site-packages/body_tracking/msg/__init__.py
[3.843s] -- Up-to-date: /home/robogait/azure_kinect_ws/install/body_tracking/lib/python3.8/site-packages/body_tracking/msg/_num.py
[3.843s] -- Up-to-date: /home/robogait/azure_kinect_ws/install/body_tracking/lib/python3.8/site-packages/body_tracking/body_tracking_s__rosidl_typesupport_fastrtps_c.cpython-38-x86_64-linux-gnu.so
[3.843s] -- Up-to-date: /home/robogait/azure_kinect_ws/install/body_tracking/lib/python3.8/site-packages/body_tracking/body_tracking_s__rosidl_typesupport_introspection_c.cpython-38-x86_64-linux-gnu.so
[3.843s] -- Up-to-date: /home/robogait/azure_kinect_ws/install/body_tracking/lib/python3.8/site-packages/body_tracking/body_tracking_s__rosidl_typesupport_c.cpython-38-x86_64-linux-gnu.so
[3.844s] -- Up-to-date: /home/robogait/azure_kinect_ws/install/body_tracking/lib/libbody_tracking__python.so
[3.844s] -- Up-to-date: /home/robogait/azure_kinect_ws/install/body_tracking/share/body_tracking/msg/HipCoordinates.idl
[3.844s] -- Up-to-date: /home/robogait/azure_kinect_ws/install/body_tracking/share/body_tracking/msg/HipCoordinates.msg
[3.844s] -- Up-to-date: /home/robogait/azure_kinect_ws/install/body_tracking/share/ament_index/resource_index/package_run_dependencies/body_tracking
[3.844s] -- Installing: /home/robogait/azure_kinect_ws/install/body_tracking/share/ament_index/resource_index/parent_prefix_path/body_tracking
[3.844s] -- Up-to-date: /home/robogait/azure_kinect_ws/install/body_tracking/share/body_tracking/environment/ament_prefix_path.sh
[3.844s] -- Installing: /home/robogait/azure_kinect_ws/install/body_tracking/share/body_tracking/environment/ament_prefix_path.dsv
[3.844s] -- Up-to-date: /home/robogait/azure_kinect_ws/install/body_tracking/share/body_tracking/environment/path.sh
[3.844s] -- Installing: /home/robogait/azure_kinect_ws/install/body_tracking/share/body_tracking/environment/path.dsv
[3.844s] -- Up-to-date: /home/robogait/azure_kinect_ws/install/body_tracking/share/body_tracking/local_setup.bash
[3.844s] -- Up-to-date: /home/robogait/azure_kinect_ws/install/body_tracking/share/body_tracking/local_setup.sh
[3.844s] -- Up-to-date: /home/robogait/azure_kinect_ws/install/body_tracking/share/body_tracking/local_setup.zsh
[3.844s] -- Installing: /home/robogait/azure_kinect_ws/install/body_tracking/share/body_tracking/local_setup.dsv
[3.844s] -- Installing: /home/robogait/azure_kinect_ws/install/body_tracking/share/body_tracking/package.dsv
[3.844s] -- Up-to-date: /home/robogait/azure_kinect_ws/install/body_tracking/share/ament_index/resource_index/packages/body_tracking
[3.844s] -- Up-to-date: /home/robogait/azure_kinect_ws/install/body_tracking/share/body_tracking/cmake/body_tracking__rosidl_generator_cExport.cmake
[3.844s] -- Installing: /home/robogait/azure_kinect_ws/install/body_tracking/share/body_tracking/cmake/body_tracking__rosidl_generator_cExport-noconfig.cmake
[3.845s] -- Up-to-date: /home/robogait/azure_kinect_ws/install/body_tracking/share/body_tracking/cmake/body_tracking__rosidl_typesupport_introspection_cExport.cmake
[3.845s] -- Installing: /home/robogait/azure_kinect_ws/install/body_tracking/share/body_tracking/cmake/body_tracking__rosidl_typesupport_introspection_cExport-noconfig.cmake
[3.845s] -- Up-to-date: /home/robogait/azure_kinect_ws/install/body_tracking/share/body_tracking/cmake/body_tracking__rosidl_typesupport_cExport.cmake
[3.845s] -- Installing: /home/robogait/azure_kinect_ws/install/body_tracking/share/body_tracking/cmake/body_tracking__rosidl_typesupport_cExport-noconfig.cmake
[3.845s] -- Up-to-date: /home/robogait/azure_kinect_ws/install/body_tracking/share/body_tracking/cmake/body_tracking__rosidl_generator_cppExport.cmake
[3.845s] -- Up-to-date: /home/robogait/azure_kinect_ws/install/body_tracking/share/body_tracking/cmake/body_tracking__rosidl_typesupport_introspection_cppExport.cmake
[3.845s] -- Installing: /home/robogait/azure_kinect_ws/install/body_tracking/share/body_tracking/cmake/body_tracking__rosidl_typesupport_introspection_cppExport-noconfig.cmake
[3.845s] -- Up-to-date: /home/robogait/azure_kinect_ws/install/body_tracking/share/body_tracking/cmake/body_tracking__rosidl_typesupport_cppExport.cmake
[3.845s] -- Installing: /home/robogait/azure_kinect_ws/install/body_tracking/share/body_tracking/cmake/body_tracking__rosidl_typesupport_cppExport-noconfig.cmake
[3.845s] -- Up-to-date: /home/robogait/azure_kinect_ws/install/body_tracking/share/body_tracking/cmake/rosidl_cmake-extras.cmake
[3.845s] -- Up-to-date: /home/robogait/azure_kinect_ws/install/body_tracking/share/body_tracking/cmake/ament_cmake_export_dependencies-extras.cmake
[3.845s] -- Up-to-date: /home/robogait/azure_kinect_ws/install/body_tracking/share/body_tracking/cmake/ament_cmake_export_libraries-extras.cmake
[3.845s] -- Up-to-date: /home/robogait/azure_kinect_ws/install/body_tracking/share/body_tracking/cmake/ament_cmake_export_targets-extras.cmake
[3.845s] -- Up-to-date: /home/robogait/azure_kinect_ws/install/body_tracking/share/body_tracking/cmake/ament_cmake_export_include_directories-extras.cmake
[3.846s] -- Up-to-date: /home/robogait/azure_kinect_ws/install/body_tracking/share/body_tracking/cmake/rosidl_cmake_export_typesupport_libraries-extras.cmake
[3.846s] -- Up-to-date: /home/robogait/azure_kinect_ws/install/body_tracking/share/body_tracking/cmake/rosidl_cmake_export_typesupport_targets-extras.cmake
[3.846s] -- Up-to-date: /home/robogait/azure_kinect_ws/install/body_tracking/share/body_tracking/cmake/body_trackingConfig.cmake
[3.846s] -- Up-to-date: /home/robogait/azure_kinect_ws/install/body_tracking/share/body_tracking/cmake/body_trackingConfig-version.cmake
[3.846s] -- Up-to-date: /home/robogait/azure_kinect_ws/install/body_tracking/share/body_tracking/package.xml
[3.847s] Invoked command in '/home/robogait/azure_kinect_ws/build/body_tracking' returned '0': CMAKE_PREFIX_PATH=${CMAKE_PREFIX_PATH}:/home/robogait/ros2_serial/install/ourbotmanager:/opt/ros/foxy /usr/bin/cmake --install /home/robogait/azure_kinect_ws/build/body_tracking
