[0.017s] Invoking command in '/home/robogait/catkin_ws/build/pkg_navigation': CMAKE_PREFIX_PATH=${CMAKE_PREFIX_PATH}:/home/robogait/nav2_ws/install/nav2_gazebo_spawner:/home/robogait/ros2_serial/install/ourbotmanager:/opt/ros/foxy /usr/bin/cmake --build /home/robogait/catkin_ws/build/pkg_navigation -- -j8 -l8
[0.072s] [100%] Built target tf2_broadcaster
[0.072s] [100%] Built target publisher_subscriber
[0.081s] Invoked command in '/home/robogait/catkin_ws/build/pkg_navigation' returned '0': CMAKE_PREFIX_PATH=${CMAKE_PREFIX_PATH}:/home/robogait/nav2_ws/install/nav2_gazebo_spawner:/home/robogait/ros2_serial/install/ourbotmanager:/opt/ros/foxy /usr/bin/cmake --build /home/robogait/catkin_ws/build/pkg_navigation -- -j8 -l8
[0.118s] Invoking command in '/home/robogait/catkin_ws/build/pkg_navigation': CMAKE_PREFIX_PATH=${CMAKE_PREFIX_PATH}:/home/robogait/nav2_ws/install/nav2_gazebo_spawner:/home/robogait/ros2_serial/install/ourbotmanager:/opt/ros/foxy /usr/bin/cmake --install /home/robogait/catkin_ws/build/pkg_navigation
[0.127s] -- Install configuration: ""
[0.127s] -- Up-to-date: /home/robogait/catkin_ws/install/pkg_navigation/lib/pkg_navigation/publisher_subscriber
[0.127s] -- Up-to-date: /home/robogait/catkin_ws/install/pkg_navigation/lib/pkg_navigation/tf2_broadcaster
[0.127s] -- Installing: /home/robogait/catkin_ws/install/pkg_navigation/share/pkg_navigation/launch
[0.127s] -- Installing: /home/robogait/catkin_ws/install/pkg_navigation/share/pkg_navigation/launch/map_server_launch.py
[0.127s] -- Installing: /home/robogait/catkin_ws/install/pkg_navigation/share/pkg_navigation/launch/__pycache__
[0.127s] -- Installing: /home/robogait/catkin_ws/install/pkg_navigation/share/pkg_navigation/launch/__pycache__/turtlesim_mimic_launch.cpython-38.pyc
[0.127s] -- Installing: /home/robogait/catkin_ws/install/pkg_navigation/share/pkg_navigation/launch/online_async_launch.py
[0.128s] -- Installing: /home/robogait/catkin_ws/install/pkg_navigation/share/pkg_navigation/launch/mapping_launch.py
[0.128s] -- Installing: /home/robogait/catkin_ws/install/pkg_navigation/share/pkg_navigation/rviz
[0.128s] -- Installing: /home/robogait/catkin_ws/install/pkg_navigation/share/pkg_navigation/rviz/rviz_config.rviz
[0.128s] CMake Error at cmake_install.cmake:81 (file):
[0.128s]   file INSTALL cannot find
[0.128s]   "/home/robogait/catkin_ws/src/pkg_navigation/config": No such file or
[0.128s]   directory.
[0.128s] 
[0.128s] 
[0.128s] Invoked command in '/home/robogait/catkin_ws/build/pkg_navigation' returned '1': CMAKE_PREFIX_PATH=${CMAKE_PREFIX_PATH}:/home/robogait/nav2_ws/install/nav2_gazebo_spawner:/home/robogait/ros2_serial/install/ourbotmanager:/opt/ros/foxy /usr/bin/cmake --install /home/robogait/catkin_ws/build/pkg_navigation
