[0.011s] Invoking command in '/home/robogait/azure_kinect_ws/build/body_tracking': CMAKE_PREFIX_PATH=${CMAKE_PREFIX_PATH}:/home/robogait/ros2_serial/install/ourbotmanager:/opt/ros/foxy /usr/bin/cmake --build /home/robogait/azure_kinect_ws/build/body_tracking -- -j8 -l8
[0.029s] -- Found ament_cmake: 0.9.9 (/opt/ros/foxy/share/ament_cmake/cmake)
[0.043s] -- Found PythonInterp: /usr/bin/python3 (found suitable version "3.8.10", minimum required is "3") 
[0.043s] -- Using PYTHON_EXECUTABLE: /usr/bin/python3
[0.149s] -- Found rclcpp: 2.4.1 (/opt/ros/foxy/share/rclcpp/cmake)
[0.168s] -- Using all available rosidl_typesupport_c: rosidl_typesupport_fastrtps_c;rosidl_typesupport_introspection_c
[0.170s] -- Found rosidl_adapter: 1.2.1 (/opt/ros/foxy/share/rosidl_adapter/cmake)
[0.240s] -- Using all available rosidl_typesupport_cpp: rosidl_typesupport_fastrtps_cpp;rosidl_typesupport_introspection_cpp
[0.268s] -- Found rmw_implementation_cmake: 1.0.3 (/opt/ros/foxy/share/rmw_implementation_cmake/cmake)
[0.269s] -- Using RMW implementation 'rmw_fastrtps_cpp' as default
[0.353s] -- Found body_tracking: 0.0.0 (/home/robogait/azure_kinect_ws/install/body_tracking/share/body_tracking/cmake)
[0.357s] -- Found rosidl_default_generators: 1.0.1 (/opt/ros/foxy/share/rosidl_default_generators/cmake)
[0.364s] CMake Error at CMakeLists.txt:40 (execute_process):
[0.364s]   execute_process given unknown argument "cmake".
[0.364s] 
[0.364s] 
[0.365s] CMake Warning (dev) at CMakeLists.txt:42 (find_package):
[0.365s]   Policy CMP0074 is not set: find_package uses <PackageName>_ROOT variables.
[0.365s]   Run "cmake --help-policy CMP0074" for policy details.  Use the cmake_policy
[0.365s]   command to set the policy and suppress this warning.
[0.365s] 
[0.365s]   CMake variable k4abt_ROOT is set to:
[0.365s] 
[0.365s]     /usr
[0.365s] 
[0.365s]   For compatibility, CMake is ignoring the variable.
[0.365s] This warning is for project developers.  Use -Wno-dev to suppress it.
[0.365s] 
[0.381s] -- Found PythonInterp: /usr/bin/python3 (found version "3.8.10") 
[0.453s] -- Found ament_cmake_ros: 0.9.2 (/opt/ros/foxy/share/ament_cmake_ros/cmake)
[0.509s] -- Using all available rosidl_typesupport_c: rosidl_typesupport_fastrtps_c;rosidl_typesupport_introspection_c
[0.513s] -- Using all available rosidl_typesupport_cpp: rosidl_typesupport_fastrtps_cpp;rosidl_typesupport_introspection_cpp
[0.528s] -- Found PythonInterp: /usr/bin/python3 (found suitable version "3.8.10", minimum required is "3.5") 
[0.528s] -- Found python_cmake_module: 0.8.1 (/opt/ros/foxy/share/python_cmake_module/cmake)
[0.542s] -- Using PYTHON_EXECUTABLE: /usr/bin/python3
[0.542s] -- Using PYTHON_INCLUDE_DIRS: /usr/include/python3.8
[0.542s] -- Using PYTHON_LIBRARIES: /usr/lib/x86_64-linux-gnu/libpython3.8.so
[0.551s] -- Found ament_lint_auto: 0.9.6 (/opt/ros/foxy/share/ament_lint_auto/cmake)
[0.557s] -- Added test 'copyright' to check source files copyright and LICENSE
[0.557s] -- Added test 'cppcheck' to perform static code analysis on C / C++ code
[0.558s] -- Configured cppcheck include dirs: $<BUILD_INTERFACE:/home/robogait/azure_kinect_ws/src/body_tracking/include>
[0.558s] -- Configured cppcheck exclude dirs and/or files: 
[0.558s] -- Added test 'cpplint' to check C / C++ code against the Google style
[0.558s] -- Configured cpplint exclude dirs and/or files: 
[0.559s] -- Added test 'lint_cmake' to check CMake code style
[0.559s] -- Added test 'uncrustify' to check C / C++ code style
[0.559s] -- Configured uncrustify additional arguments: 
[0.559s] -- Added test 'xmllint' to check XML markup files
[0.562s] -- Configuring incomplete, errors occurred!
[0.562s] See also "/home/robogait/azure_kinect_ws/build/body_tracking/CMakeFiles/CMakeOutput.log".
[0.562s] See also "/home/robogait/azure_kinect_ws/build/body_tracking/CMakeFiles/CMakeError.log".
[0.567s] make: *** [Makefile:924: cmake_check_build_system] Error 1
[0.569s] Invoked command in '/home/robogait/azure_kinect_ws/build/body_tracking' returned '2': CMAKE_PREFIX_PATH=${CMAKE_PREFIX_PATH}:/home/robogait/ros2_serial/install/ourbotmanager:/opt/ros/foxy /usr/bin/cmake --build /home/robogait/azure_kinect_ws/build/body_tracking -- -j8 -l8
