[0.010s] Invoking command in '/home/robogait/azure_kinect_ws/build/body_tracking': CMAKE_PREFIX_PATH=${CMAKE_PREFIX_PATH}:/home/robogait/ros2_serial/install/ourbotmanager:/opt/ros/foxy /usr/bin/cmake --build /home/robogait/azure_kinect_ws/build/body_tracking -- -j8 -l8
[0.028s] -- Found ament_cmake: 0.9.9 (/opt/ros/foxy/share/ament_cmake/cmake)
[0.042s] -- Found PythonInterp: /usr/bin/python3 (found suitable version "3.8.10", minimum required is "3") 
[0.043s] -- Using PYTHON_EXECUTABLE: /usr/bin/python3
[0.146s] -- Found rclcpp: 2.4.1 (/opt/ros/foxy/share/rclcpp/cmake)
[0.165s] -- Using all available rosidl_typesupport_c: rosidl_typesupport_fastrtps_c;rosidl_typesupport_introspection_c
[0.167s] -- Found rosidl_adapter: 1.2.1 (/opt/ros/foxy/share/rosidl_adapter/cmake)
[0.237s] -- Using all available rosidl_typesupport_cpp: rosidl_typesupport_fastrtps_cpp;rosidl_typesupport_introspection_cpp
[0.266s] -- Found rmw_implementation_cmake: 1.0.3 (/opt/ros/foxy/share/rmw_implementation_cmake/cmake)
[0.266s] -- Using RMW implementation 'rmw_fastrtps_cpp' as default
[0.348s] -- Found body_tracking: 0.0.0 (/home/robogait/azure_kinect_ws/install/body_tracking/share/body_tracking/cmake)
[0.352s] -- Found rosidl_default_generators: 1.0.1 (/opt/ros/foxy/share/rosidl_default_generators/cmake)
[0.372s] -- Found PythonInterp: /usr/bin/python3 (found version "3.8.10") 
[0.442s] -- Found ament_cmake_ros: 0.9.2 (/opt/ros/foxy/share/ament_cmake_ros/cmake)
[0.497s] -- Using all available rosidl_typesupport_c: rosidl_typesupport_fastrtps_c;rosidl_typesupport_introspection_c
[0.501s] -- Using all available rosidl_typesupport_cpp: rosidl_typesupport_fastrtps_cpp;rosidl_typesupport_introspection_cpp
[0.515s] -- Found PythonInterp: /usr/bin/python3 (found suitable version "3.8.10", minimum required is "3.5") 
[0.516s] -- Found python_cmake_module: 0.8.1 (/opt/ros/foxy/share/python_cmake_module/cmake)
[0.530s] -- Using PYTHON_EXECUTABLE: /usr/bin/python3
[0.530s] -- Using PYTHON_INCLUDE_DIRS: /usr/include/python3.8
[0.530s] -- Using PYTHON_LIBRARIES: /usr/lib/x86_64-linux-gnu/libpython3.8.so
[0.538s] -- Found ament_lint_auto: 0.9.6 (/opt/ros/foxy/share/ament_lint_auto/cmake)
[0.543s] -- Added test 'copyright' to check source files copyright and LICENSE
[0.544s] -- Added test 'cppcheck' to perform static code analysis on C / C++ code
[0.545s] -- Configured cppcheck include dirs: $<BUILD_INTERFACE:/home/robogait/azure_kinect_ws/src/body_tracking/include>
[0.545s] -- Configured cppcheck exclude dirs and/or files: 
[0.545s] -- Added test 'cpplint' to check C / C++ code against the Google style
[0.545s] -- Configured cpplint exclude dirs and/or files: 
[0.545s] -- Added test 'lint_cmake' to check CMake code style
[0.546s] -- Added test 'uncrustify' to check C / C++ code style
[0.546s] -- Configured uncrustify additional arguments: 
[0.546s] -- Added test 'xmllint' to check XML markup files
[0.548s] -- Configuring done
[0.567s] -- Generating done
[0.569s] -- Build files have been written to: /home/robogait/azure_kinect_ws/build/body_tracking
[0.587s] [  2%] [34m[1mGenerating C code for ROS interfaces[0m
[0.595s] [  8%] Built target body_tracking_node
[0.595s] [ 13%] [34m[1mGenerating C++ code for ROS interfaces[0m
[0.595s] [ 13%] [32mBuilding CXX object CMakeFiles/talker.dir/src/publisher_member_function.cpp.o[0m
[0.596s] [ 16%] [32mBuilding CXX object CMakeFiles/listener.dir/src/subscriber_member_function.cpp.o[0m
[0.733s] [35m[1mScanning dependencies of target body_tracking__rosidl_generator_c[0m
[0.739s] [ 16%] Built target body_tracking__cpp
[0.740s] [ 18%] [32mBuilding C object CMakeFiles/body_tracking__rosidl_generator_c.dir/rosidl_generator_c/body_tracking/msg/detail/hip_coordinates__functions.c.o[0m
[0.748s] [ 27%] [34m[1mGenerating C++ type support dispatch for ROS interfaces[0m
[0.748s] [ 27%] [34m[1mGenerating C++ introspection for ROS interfaces[0m
[0.748s] [ 27%] [34m[1mGenerating C++ type support for eProsima Fast-RTPS[0m
[0.767s] [ 29%] [32m[1mLinking C shared library libbody_tracking__rosidl_generator_c.so[0m
[0.791s] [ 29%] Built target body_tracking__rosidl_generator_c
[0.801s] [ 35%] [34m[1mGenerating C introspection for ROS interfaces[0m
[0.801s] [ 35%] [34m[1mGenerating C type support dispatch for ROS interfaces[0m
[0.924s] [35m[1mScanning dependencies of target body_tracking__rosidl_typesupport_c[0m
[0.933s] [ 37%] [32mBuilding CXX object CMakeFiles/body_tracking__rosidl_typesupport_c.dir/rosidl_typesupport_c/body_tracking/msg/hip_coordinates__type_support.cpp.o[0m
[0.954s] [ 40%] [32m[1mLinking CXX shared library libbody_tracking__rosidl_typesupport_c.so[0m
[0.965s] [35m[1mScanning dependencies of target body_tracking__rosidl_typesupport_cpp[0m
[0.977s] [ 43%] [32mBuilding CXX object CMakeFiles/body_tracking__rosidl_typesupport_cpp.dir/rosidl_typesupport_cpp/body_tracking/msg/hip_coordinates__type_support.cpp.o[0m
[0.982s] [35m[1mScanning dependencies of target body_tracking__rosidl_typesupport_introspection_cpp[0m
[0.989s] [ 43%] Built target body_tracking__rosidl_typesupport_c
[0.991s] [35m[1mScanning dependencies of target body_tracking__rosidl_typesupport_fastrtps_cpp[0m
[0.993s] [ 45%] [32mBuilding CXX object CMakeFiles/body_tracking__rosidl_typesupport_introspection_cpp.dir/rosidl_typesupport_introspection_cpp/body_tracking/msg/detail/hip_coordinates__type_support.cpp.o[0m
[1.004s] [ 48%] [32mBuilding CXX object CMakeFiles/body_tracking__rosidl_typesupport_fastrtps_cpp.dir/rosidl_typesupport_fastrtps_cpp/body_tracking/msg/detail/dds_fastrtps/hip_coordinates__type_support.cpp.o[0m
[1.052s] [35m[1mScanning dependencies of target body_tracking__rosidl_typesupport_introspection_c[0m
[1.065s] [ 51%] [32mBuilding C object CMakeFiles/body_tracking__rosidl_typesupport_introspection_c.dir/rosidl_typesupport_introspection_c/body_tracking/msg/detail/hip_coordinates__type_support.c.o[0m
[1.097s] [ 54%] [32m[1mLinking C shared library libbody_tracking__rosidl_typesupport_introspection_c.so[0m
[1.127s] [ 54%] Built target body_tracking__rosidl_typesupport_introspection_c
[1.178s] [ 56%] [32m[1mLinking CXX shared library libbody_tracking__rosidl_typesupport_cpp.so[0m
[1.205s] [ 56%] Built target body_tracking__rosidl_typesupport_cpp
[1.257s] [ 59%] [32m[1mLinking CXX shared library libbody_tracking__rosidl_typesupport_introspection_cpp.so[0m
[1.283s] [ 59%] Built target body_tracking__rosidl_typesupport_introspection_cpp
[1.349s] [ 62%] [32m[1mLinking CXX shared library libbody_tracking__rosidl_typesupport_fastrtps_cpp.so[0m
[1.406s] [ 62%] Built target body_tracking__rosidl_typesupport_fastrtps_cpp
[1.414s] [ 64%] [34m[1mGenerating C type support for eProsima Fast-RTPS[0m
[1.550s] [35m[1mScanning dependencies of target body_tracking__rosidl_typesupport_fastrtps_c[0m
[1.558s] [ 67%] [32mBuilding CXX object CMakeFiles/body_tracking__rosidl_typesupport_fastrtps_c.dir/rosidl_typesupport_fastrtps_c/body_tracking/msg/detail/hip_coordinates__type_support_c.cpp.o[0m
[1.562s] [01m[K/home/robogait/azure_kinect_ws/src/body_tracking/src/publisher_member_function.cpp:[m[K In member function ‘[01m[Kvoid MinimalPublisher::timer_callback()[m[K’:
[1.562s] [01m[K/home/robogait/azure_kinect_ws/src/body_tracking/src/publisher_member_function.cpp:26:13:[m[K [01;31m[Kerror: [m[K‘[01m[Kstruct body_tracking::msg::HipCoordinates_<std::allocator<void> >[m[K’ has no member named ‘[01m[Ky[m[K’
[1.562s]    26 |     message.[01;31m[Ky[m[K = 1;
[1.562s]       |             [01;31m[K^[m[K
[1.562s] [01m[K/home/robogait/azure_kinect_ws/src/body_tracking/src/publisher_member_function.cpp:27:13:[m[K [01;31m[Kerror: [m[K‘[01m[Kstruct body_tracking::msg::HipCoordinates_<std::allocator<void> >[m[K’ has no member named ‘[01m[Kz[m[K’
[1.562s]    27 |     message.[01;31m[Kz[m[K = 1;
[1.562s]       |             [01;31m[K^[m[K
[1.562s] In file included from [01m[K/opt/ros/foxy/include/rclcpp/client.hpp:40[m[K,
[1.562s]                  from [01m[K/opt/ros/foxy/include/rclcpp/callback_group.hpp:23[m[K,
[1.562s]                  from [01m[K/opt/ros/foxy/include/rclcpp/any_executable.hpp:20[m[K,
[1.563s]                  from [01m[K/opt/ros/foxy/include/rclcpp/memory_strategy.hpp:24[m[K,
[1.563s]                  from [01m[K/opt/ros/foxy/include/rclcpp/memory_strategies.hpp:18[m[K,
[1.563s]                  from [01m[K/opt/ros/foxy/include/rclcpp/executor_options.hpp:20[m[K,
[1.563s]                  from [01m[K/opt/ros/foxy/include/rclcpp/executor.hpp:33[m[K,
[1.563s]                  from [01m[K/opt/ros/foxy/include/rclcpp/executors/multi_threaded_executor.hpp:26[m[K,
[1.563s]                  from [01m[K/opt/ros/foxy/include/rclcpp/executors.hpp:21[m[K,
[1.563s]                  from [01m[K/opt/ros/foxy/include/rclcpp/rclcpp.hpp:146[m[K,
[1.563s]                  from [01m[K/home/robogait/azure_kinect_ws/src/body_tracking/src/publisher_member_function.cpp:4[m[K:
[1.563s] [01m[K/home/robogait/azure_kinect_ws/src/body_tracking/src/publisher_member_function.cpp:28:115:[m[K [01;31m[Kerror: [m[K‘[01m[Kstruct body_tracking::msg::HipCoordinates_<std::allocator<void> >[m[K’ has no member named ‘[01m[Ky[m[K’
[1.563s]    28 |     RCLCPP_INFO(this->get_logger(), "Publishing hip coordinates: x->'%f' ; y->'%f' ; z->'%f'", message.x, message.[01;31m[Ky[m[K, message.z);
[1.563s]       |                                                                                                                   [01;31m[K^[m[K
[1.563s] [01m[K/home/robogait/azure_kinect_ws/src/body_tracking/src/publisher_member_function.cpp:28:126:[m[K [01;31m[Kerror: [m[K‘[01m[Kstruct body_tracking::msg::HipCoordinates_<std::allocator<void> >[m[K’ has no member named ‘[01m[Kz[m[K’
[1.563s]    28 |     RCLCPP_INFO(this->get_logger(), "Publishing hip coordinates: x->'%f' ; y->'%f' ; z->'%f'", message.x, message.y, message.[01;31m[Kz[m[K);
[1.563s]       |                                                                                                                              [01;31m[K^[m[K
[1.563s] In file included from [01m[K/opt/ros/foxy/include/rclcpp/client.hpp:40[m[K,
[1.563s]                  from [01m[K/opt/ros/foxy/include/rclcpp/callback_group.hpp:23[m[K,
[1.563s]                  from [01m[K/opt/ros/foxy/include/rclcpp/any_executable.hpp:20[m[K,
[1.563s]                  from [01m[K/opt/ros/foxy/include/rclcpp/memory_strategy.hpp:24[m[K,
[1.563s]                  from [01m[K/opt/ros/foxy/include/rclcpp/memory_strategies.hpp:18[m[K,
[1.563s]                  from [01m[K/opt/ros/foxy/include/rclcpp/executor_options.hpp:20[m[K,
[1.563s]                  from [01m[K/opt/ros/foxy/include/rclcpp/executor.hpp:33[m[K,
[1.563s]                  from [01m[K/opt/ros/foxy/include/rclcpp/executors/multi_threaded_executor.hpp:26[m[K,
[1.563s]                  from [01m[K/opt/ros/foxy/include/rclcpp/executors.hpp:21[m[K,
[1.564s]                  from [01m[K/opt/ros/foxy/include/rclcpp/rclcpp.hpp:146[m[K,
[1.564s]                  from [01m[K/home/robogait/azure_kinect_ws/src/body_tracking/src/subscriber_member_function.cpp:3[m[K:
[1.564s] [01m[K/home/robogait/azure_kinect_ws/src/body_tracking/src/subscriber_member_function.cpp:[m[K In member function ‘[01m[Kvoid MinimalSubscriber::topic_callback(body_tracking::msg::HipCoordinates_<std::allocator<void> >::SharedPtr) const[m[K’:
[1.564s] [01m[K/home/robogait/azure_kinect_ws/src/body_tracking/src/subscriber_member_function.cpp:22:97:[m[K [01;31m[Kerror: [m[K‘[01m[Kconst SharedPtr[m[K’ {aka ‘[01m[Kconst class std::shared_ptr<body_tracking::msg::HipCoordinates_<std::allocator<void> > >[m[K’} has no member named ‘[01m[Kx[m[K’
[1.564s]    22 |     RCLCPP_INFO(this->get_logger(), "I heard hip coordinates: x->'%f' ; y->'%f' ; z->'%f'", msg.[01;31m[Kx[m[K, msg.y, msg.z);
[1.564s]       |                                                                                                 [01;31m[K^[m[K
[1.564s] [01m[K/home/robogait/azure_kinect_ws/src/body_tracking/src/subscriber_member_function.cpp:22:104:[m[K [01;31m[Kerror: [m[K‘[01m[Kconst SharedPtr[m[K’ {aka ‘[01m[Kconst class std::shared_ptr<body_tracking::msg::HipCoordinates_<std::allocator<void> > >[m[K’} has no member named ‘[01m[Ky[m[K’
[1.564s]    22 |     RCLCPP_INFO(this->get_logger(), "I heard hip coordinates: x->'%f' ; y->'%f' ; z->'%f'", msg.x, msg.[01;31m[Ky[m[K, msg.z);
[1.564s]       |                                                                                                        [01;31m[K^[m[K
[1.564s] [01m[K/home/robogait/azure_kinect_ws/src/body_tracking/src/subscriber_member_function.cpp:22:111:[m[K [01;31m[Kerror: [m[K‘[01m[Kconst SharedPtr[m[K’ {aka ‘[01m[Kconst class std::shared_ptr<body_tracking::msg::HipCoordinates_<std::allocator<void> > >[m[K’} has no member named ‘[01m[Kz[m[K’
[1.564s]    22 |     RCLCPP_INFO(this->get_logger(), "I heard hip coordinates: x->'%f' ; y->'%f' ; z->'%f'", msg.x, msg.y, msg.[01;31m[Kz[m[K);
[1.564s]       |                                                                                                               [01;31m[K^[m[K
[1.769s] [ 70%] [32m[1mLinking CXX shared library libbody_tracking__rosidl_typesupport_fastrtps_c.so[0m
[1.827s] [ 70%] Built target body_tracking__rosidl_typesupport_fastrtps_c
[1.841s] [ 70%] Built target body_tracking
[1.856s] [ 72%] [34m[1mGenerating Python code for ROS interfaces[0m
[2.097s] [ 72%] Built target body_tracking__py
[2.105s] [35m[1mScanning dependencies of target body_tracking__python[0m
[2.115s] [ 75%] [32mBuilding C object CMakeFiles/body_tracking__python.dir/rosidl_generator_py/body_tracking/msg/_hip_coordinates_s.c.o[0m
[2.173s] [ 78%] [32m[1mLinking C shared library rosidl_generator_py/body_tracking/libbody_tracking__python.so[0m
[2.200s] [ 78%] Built target body_tracking__python
[2.204s] make[2]: *** [CMakeFiles/talker.dir/build.make:63: CMakeFiles/talker.dir/src/publisher_member_function.cpp.o] Error 1
[2.205s] make[1]: *** [CMakeFiles/Makefile2:323: CMakeFiles/talker.dir/all] Error 2
[2.205s] make[1]: *** Waiting for unfinished jobs....
[2.208s] [35m[1mScanning dependencies of target body_tracking__rosidl_typesupport_introspection_c__pyext[0m
[2.208s] [35m[1mScanning dependencies of target body_tracking__rosidl_typesupport_fastrtps_c__pyext[0m
[2.209s] [35m[1mScanning dependencies of target body_tracking__rosidl_typesupport_c__pyext[0m
[2.217s] [ 81%] [32mBuilding C object CMakeFiles/body_tracking__rosidl_typesupport_introspection_c__pyext.dir/rosidl_generator_py/body_tracking/_body_tracking_s.ep.rosidl_typesupport_introspection_c.c.o[0m
[2.218s] [ 83%] [32mBuilding C object CMakeFiles/body_tracking__rosidl_typesupport_fastrtps_c__pyext.dir/rosidl_generator_py/body_tracking/_body_tracking_s.ep.rosidl_typesupport_fastrtps_c.c.o[0m
[2.219s] [ 86%] [32mBuilding C object CMakeFiles/body_tracking__rosidl_typesupport_c__pyext.dir/rosidl_generator_py/body_tracking/_body_tracking_s.ep.rosidl_typesupport_c.c.o[0m
[2.268s] [ 89%] [32m[1mLinking C shared library rosidl_generator_py/body_tracking/body_tracking_s__rosidl_typesupport_introspection_c.cpython-38-x86_64-linux-gnu.so[0m
[2.269s] [ 94%] [32m[1mLinking C shared library rosidl_generator_py/body_tracking/body_tracking_s__rosidl_typesupport_c.cpython-38-x86_64-linux-gnu.so[0m
[2.269s] [ 94%] [32m[1mLinking CXX shared library rosidl_generator_py/body_tracking/body_tracking_s__rosidl_typesupport_fastrtps_c.cpython-38-x86_64-linux-gnu.so[0m
[2.290s] [ 94%] Built target body_tracking__rosidl_typesupport_introspection_c__pyext
[2.290s] [ 94%] Built target body_tracking__rosidl_typesupport_c__pyext
[2.309s] [ 94%] Built target body_tracking__rosidl_typesupport_fastrtps_c__pyext
[2.601s] make[2]: *** [CMakeFiles/listener.dir/build.make:63: CMakeFiles/listener.dir/src/subscriber_member_function.cpp.o] Error 1
[2.601s] make[1]: *** [CMakeFiles/Makefile2:296: CMakeFiles/listener.dir/all] Error 2
[2.601s] make: *** [Makefile:141: all] Error 2
[2.603s] Invoked command in '/home/robogait/azure_kinect_ws/build/body_tracking' returned '2': CMAKE_PREFIX_PATH=${CMAKE_PREFIX_PATH}:/home/robogait/ros2_serial/install/ourbotmanager:/opt/ros/foxy /usr/bin/cmake --build /home/robogait/azure_kinect_ws/build/body_tracking -- -j8 -l8
