[0.021s] Invoking command in '/home/robogait/azure_kinect_ws/build/kinect_azure_body_tracker': CMAKE_PREFIX_PATH=${CMAKE_PREFIX_PATH}:/home/robogait/ros2_ws/install/nav2_project:/home/robogait/nav2_ws/install/nav2_gazebo_spawner:/home/robogait/ros2_serial/install/ourbotmanager:/opt/ros/foxy /usr/bin/cmake --build /home/robogait/azure_kinect_ws/build/kinect_azure_body_tracker -- -j8 -l8
[0.062s] [35m[1mScanning dependencies of target kinect_azure_body_tracker_node_simplified[0m
[0.092s] [ 33%] Built target kinect_azure_body_tracker_recording_node
[0.100s] [ 66%] [32mBuilding CXX object CMakeFiles/kinect_azure_body_tracker_node_simplified.dir/src/kinectAzure_body_tracker_node_simplified.cpp.o[0m
[0.100s] [ 83%] Built target kinect_azure_body_tracker_node
[0.886s] [01m[K/home/robogait/azure_kinect_ws/src/kinect_azure_body_tracker/src/kinectAzure_body_tracker_node_simplified.cpp:[m[K In member function ‘[01m[Kvoid MinimalPublisher::body_tracking()[m[K’:
[0.886s] [01m[K/home/robogait/azure_kinect_ws/src/kinect_azure_body_tracker/src/kinectAzure_body_tracker_node_simplified.cpp:135:47:[m[K [01;31m[Kerror: [m[Kno match for ‘[01m[Koperator=[m[K’ (operand types are ‘[01m[Krclcpp::Time[m[K’ and ‘[01m[Krcl_time_point_value_t[m[K’ {aka ‘[01m[Klong int[m[K’})
[0.886s]   135 |   t_final = rclcpp::Clock().now().nanoseconds([01;31m[K)[m[K;
[0.886s]       |                                               [01;31m[K^[m[K
[0.886s] In file included from [01m[K/opt/ros/foxy/include/rclcpp/clock.hpp:23[m[K,
[0.886s]                  from [01m[K/opt/ros/foxy/include/rclcpp/timer.hpp:27[m[K,
[0.887s]                  from [01m[K/opt/ros/foxy/include/rclcpp/callback_group.hpp:27[m[K,
[0.887s]                  from [01m[K/opt/ros/foxy/include/rclcpp/any_executable.hpp:20[m[K,
[0.887s]                  from [01m[K/opt/ros/foxy/include/rclcpp/memory_strategy.hpp:24[m[K,
[0.887s]                  from [01m[K/opt/ros/foxy/include/rclcpp/memory_strategies.hpp:18[m[K,
[0.887s]                  from [01m[K/opt/ros/foxy/include/rclcpp/executor_options.hpp:20[m[K,
[0.887s]                  from [01m[K/opt/ros/foxy/include/rclcpp/executor.hpp:33[m[K,
[0.887s]                  from [01m[K/opt/ros/foxy/include/rclcpp/executors/multi_threaded_executor.hpp:26[m[K,
[0.887s]                  from [01m[K/opt/ros/foxy/include/rclcpp/executors.hpp:21[m[K,
[0.887s]                  from [01m[K/opt/ros/foxy/include/rclcpp/rclcpp.hpp:146[m[K,
[0.887s]                  from [01m[K/home/robogait/azure_kinect_ws/src/kinect_azure_body_tracker/src/kinectAzure_body_tracker_node_simplified.cpp:16[m[K:
[0.887s] [01m[K/opt/ros/foxy/include/rclcpp/time.hpp:91:3:[m[K [01;36m[Knote: [m[Kcandidate: ‘[01m[Krclcpp::Time& rclcpp::Time::operator=(const rclcpp::Time&)[m[K’
[0.887s]    91 |   [01;36m[Koperator[m[K=(const Time & rhs);
[0.887s]       |   [01;36m[K^~~~~~~~[m[K
[0.887s] [01m[K/opt/ros/foxy/include/rclcpp/time.hpp:91:26:[m[K [01;36m[Knote: [m[K  no known conversion for argument 1 from ‘[01m[Krcl_time_point_value_t[m[K’ {aka ‘[01m[Klong int[m[K’} to ‘[01m[Kconst rclcpp::Time&[m[K’
[0.887s]    91 |   operator=([01;36m[Kconst Time & rhs[m[K);
[0.887s]       |             [01;36m[K~~~~~~~~~~~~~^~~[m[K
[0.887s] [01m[K/opt/ros/foxy/include/rclcpp/time.hpp:101:3:[m[K [01;36m[Knote: [m[Kcandidate: ‘[01m[Krclcpp::Time& rclcpp::Time::operator=(const Time&)[m[K’
[0.887s]   101 |   [01;36m[Koperator[m[K=(const builtin_interfaces::msg::Time & time_msg);
[0.887s]       |   [01;36m[K^~~~~~~~[m[K
[0.887s] [01m[K/opt/ros/foxy/include/rclcpp/time.hpp:101:51:[m[K [01;36m[Knote: [m[K  no known conversion for argument 1 from ‘[01m[Krcl_time_point_value_t[m[K’ {aka ‘[01m[Klong int[m[K’} to ‘[01m[Kconst Time&[m[K’ {aka ‘[01m[Kconst builtin_interfaces::msg::Time_<std::allocator<void> >&[m[K’}
[0.887s]   101 |   operator=([01;36m[Kconst builtin_interfaces::msg::Time & time_msg[m[K);
[0.887s]       |             [01;36m[K~~~~~~~~~~~~~~~~~~~~~~~~~~~~~~~~~~~~~~^~~~~~~~[m[K
[0.890s] [01m[K/home/robogait/azure_kinect_ws/src/kinect_azure_body_tracker/src/kinectAzure_body_tracker_node_simplified.cpp:[m[K In member function ‘[01m[Kvoid MinimalPublisher::Init()[m[K’:
[0.890s] [01m[K/home/robogait/azure_kinect_ws/src/kinect_azure_body_tracker/src/kinectAzure_body_tracker_node_simplified.cpp:152:49:[m[K [01;31m[Kerror: [m[Kno match for ‘[01m[Koperator=[m[K’ (operand types are ‘[01m[Krclcpp::Time[m[K’ and ‘[01m[Krcl_time_point_value_t[m[K’ {aka ‘[01m[Klong int[m[K’})
[0.890s]   152 |   t_inicial = rclcpp::Clock().now().nanoseconds([01;31m[K)[m[K;
[0.890s]       |                                                 [01;31m[K^[m[K
[0.890s] In file included from [01m[K/opt/ros/foxy/include/rclcpp/clock.hpp:23[m[K,
[0.890s]                  from [01m[K/opt/ros/foxy/include/rclcpp/timer.hpp:27[m[K,
[0.890s]                  from [01m[K/opt/ros/foxy/include/rclcpp/callback_group.hpp:27[m[K,
[0.890s]                  from [01m[K/opt/ros/foxy/include/rclcpp/any_executable.hpp:20[m[K,
[0.890s]                  from [01m[K/opt/ros/foxy/include/rclcpp/memory_strategy.hpp:24[m[K,
[0.890s]                  from [01m[K/opt/ros/foxy/include/rclcpp/memory_strategies.hpp:18[m[K,
[0.890s]                  from [01m[K/opt/ros/foxy/include/rclcpp/executor_options.hpp:20[m[K,
[0.890s]                  from [01m[K/opt/ros/foxy/include/rclcpp/executor.hpp:33[m[K,
[0.890s]                  from [01m[K/opt/ros/foxy/include/rclcpp/executors/multi_threaded_executor.hpp:26[m[K,
[0.890s]                  from [01m[K/opt/ros/foxy/include/rclcpp/executors.hpp:21[m[K,
[0.890s]                  from [01m[K/opt/ros/foxy/include/rclcpp/rclcpp.hpp:146[m[K,
[0.890s]                  from [01m[K/home/robogait/azure_kinect_ws/src/kinect_azure_body_tracker/src/kinectAzure_body_tracker_node_simplified.cpp:16[m[K:
[0.890s] [01m[K/opt/ros/foxy/include/rclcpp/time.hpp:91:3:[m[K [01;36m[Knote: [m[Kcandidate: ‘[01m[Krclcpp::Time& rclcpp::Time::operator=(const rclcpp::Time&)[m[K’
[0.890s]    91 |   [01;36m[Koperator[m[K=(const Time & rhs);
[0.890s]       |   [01;36m[K^~~~~~~~[m[K
[0.890s] [01m[K/opt/ros/foxy/include/rclcpp/time.hpp:91:26:[m[K [01;36m[Knote: [m[K  no known conversion for argument 1 from ‘[01m[Krcl_time_point_value_t[m[K’ {aka ‘[01m[Klong int[m[K’} to ‘[01m[Kconst rclcpp::Time&[m[K’
[0.890s]    91 |   operator=([01;36m[Kconst Time & rhs[m[K);
[0.890s]       |             [01;36m[K~~~~~~~~~~~~~^~~[m[K
[0.890s] [01m[K/opt/ros/foxy/include/rclcpp/time.hpp:101:3:[m[K [01;36m[Knote: [m[Kcandidate: ‘[01m[Krclcpp::Time& rclcpp::Time::operator=(const Time&)[m[K’
[0.891s]   101 |   [01;36m[Koperator[m[K=(const builtin_interfaces::msg::Time & time_msg);
[0.891s]       |   [01;36m[K^~~~~~~~[m[K
[0.891s] [01m[K/opt/ros/foxy/include/rclcpp/time.hpp:101:51:[m[K [01;36m[Knote: [m[K  no known conversion for argument 1 from ‘[01m[Krcl_time_point_value_t[m[K’ {aka ‘[01m[Klong int[m[K’} to ‘[01m[Kconst Time&[m[K’ {aka ‘[01m[Kconst builtin_interfaces::msg::Time_<std::allocator<void> >&[m[K’}
[0.891s]   101 |   operator=([01;36m[Kconst builtin_interfaces::msg::Time & time_msg[m[K);
[0.891s]       |             [01;36m[K~~~~~~~~~~~~~~~~~~~~~~~~~~~~~~~~~~~~~~^~~~~~~~[m[K
[1.422s] At global scope:
[1.422s] [01m[Kcc1plus:[m[K [01;35m[Kwarning: [m[Kunrecognized command line option ‘[01m[K-Wno-dev[m[K’
[1.431s] make[2]: *** [CMakeFiles/kinect_azure_body_tracker_node_simplified.dir/build.make:63: CMakeFiles/kinect_azure_body_tracker_node_simplified.dir/src/kinectAzure_body_tracker_node_simplified.cpp.o] Error 1
[1.431s] make[1]: *** [CMakeFiles/Makefile2:82: CMakeFiles/kinect_azure_body_tracker_node_simplified.dir/all] Error 2
[1.431s] make: *** [Makefile:141: all] Error 2
[1.433s] Invoked command in '/home/robogait/azure_kinect_ws/build/kinect_azure_body_tracker' returned '2': CMAKE_PREFIX_PATH=${CMAKE_PREFIX_PATH}:/home/robogait/ros2_ws/install/nav2_project:/home/robogait/nav2_ws/install/nav2_gazebo_spawner:/home/robogait/ros2_serial/install/ourbotmanager:/opt/ros/foxy /usr/bin/cmake --build /home/robogait/azure_kinect_ws/build/kinect_azure_body_tracker -- -j8 -l8
