[0.010s] Invoking command in '/home/robogait/azure_kinect_ws/build/body_tracking': CMAKE_PREFIX_PATH=${CMAKE_PREFIX_PATH}:/home/robogait/ros2_serial/install/ourbotmanager:/opt/ros/foxy /usr/bin/cmake --build /home/robogait/azure_kinect_ws/build/body_tracking -- -j8 -l8
[0.028s] -- Found ament_cmake: 0.9.9 (/opt/ros/foxy/share/ament_cmake/cmake)
[0.043s] -- Found PythonInterp: /usr/bin/python3 (found suitable version "3.8.10", minimum required is "3") 
[0.043s] -- Using PYTHON_EXECUTABLE: /usr/bin/python3
[0.148s] -- Found rclcpp: 2.4.1 (/opt/ros/foxy/share/rclcpp/cmake)
[0.168s] -- Using all available rosidl_typesupport_c: rosidl_typesupport_fastrtps_c;rosidl_typesupport_introspection_c
[0.170s] -- Found rosidl_adapter: 1.2.1 (/opt/ros/foxy/share/rosidl_adapter/cmake)
[0.240s] -- Using all available rosidl_typesupport_cpp: rosidl_typesupport_fastrtps_cpp;rosidl_typesupport_introspection_cpp
[0.268s] -- Found rmw_implementation_cmake: 1.0.3 (/opt/ros/foxy/share/rmw_implementation_cmake/cmake)
[0.269s] -- Using RMW implementation 'rmw_fastrtps_cpp' as default
[0.351s] -- Found body_tracking: 0.0.0 (/home/robogait/azure_kinect_ws/install/body_tracking/share/body_tracking/cmake)
[0.355s] -- Found rosidl_default_generators: 1.0.1 (/opt/ros/foxy/share/rosidl_default_generators/cmake)
[0.375s] -- Found PythonInterp: /usr/bin/python3 (found version "3.8.10") 
[0.443s] -- Found ament_cmake_ros: 0.9.2 (/opt/ros/foxy/share/ament_cmake_ros/cmake)
[0.501s] -- Using all available rosidl_typesupport_c: rosidl_typesupport_fastrtps_c;rosidl_typesupport_introspection_c
[0.505s] -- Using all available rosidl_typesupport_cpp: rosidl_typesupport_fastrtps_cpp;rosidl_typesupport_introspection_cpp
[0.519s] -- Found PythonInterp: /usr/bin/python3 (found suitable version "3.8.10", minimum required is "3.5") 
[0.519s] -- Found python_cmake_module: 0.8.1 (/opt/ros/foxy/share/python_cmake_module/cmake)
[0.533s] -- Using PYTHON_EXECUTABLE: /usr/bin/python3
[0.533s] -- Using PYTHON_INCLUDE_DIRS: /usr/include/python3.8
[0.533s] -- Using PYTHON_LIBRARIES: /usr/lib/x86_64-linux-gnu/libpython3.8.so
[0.542s] -- Found ament_lint_auto: 0.9.6 (/opt/ros/foxy/share/ament_lint_auto/cmake)
[0.547s] -- Added test 'copyright' to check source files copyright and LICENSE
[0.547s] -- Added test 'cppcheck' to perform static code analysis on C / C++ code
[0.548s] -- Configured cppcheck include dirs: $<BUILD_INTERFACE:/home/robogait/azure_kinect_ws/src/body_tracking/include>
[0.548s] -- Configured cppcheck exclude dirs and/or files: 
[0.549s] -- Added test 'cpplint' to check C / C++ code against the Google style
[0.549s] -- Configured cpplint exclude dirs and/or files: 
[0.549s] -- Added test 'lint_cmake' to check CMake code style
[0.549s] -- Added test 'uncrustify' to check C / C++ code style
[0.549s] -- Configured uncrustify additional arguments: 
[0.549s] -- Added test 'xmllint' to check XML markup files
[0.552s] -- Configuring done
[0.570s] -- Generating done
[0.572s] -- Build files have been written to: /home/robogait/azure_kinect_ws/build/body_tracking
[0.591s] [35m[1mScanning dependencies of target listener[0m
[0.592s] [35m[1mScanning dependencies of target talker[0m
[0.596s] [  2%] Built target body_tracking__cpp
[0.597s] [  8%] Built target body_tracking_node
[0.598s] [ 16%] Built target body_tracking__rosidl_generator_c
[0.614s] [ 24%] Built target body_tracking__rosidl_typesupport_introspection_cpp
[0.614s] [ 40%] Built target body_tracking__rosidl_typesupport_introspection_c
[0.614s] [ 40%] Built target body_tracking__rosidl_typesupport_cpp
[0.615s] [ 48%] Built target body_tracking__rosidl_typesupport_c
[0.615s] [ 51%] [32mBuilding CXX object CMakeFiles/listener.dir/src/subscriber_member_function.cpp.o[0m
[0.616s] [ 59%] Built target body_tracking__rosidl_typesupport_fastrtps_cpp
[0.621s] [ 62%] [32mBuilding CXX object CMakeFiles/talker.dir/src/publisher_member_function.cpp.o[0m
[0.632s] [ 70%] Built target body_tracking__rosidl_typesupport_fastrtps_c
[0.646s] [ 70%] Built target body_tracking
[0.660s] [ 72%] Built target body_tracking__py
[0.676s] [ 78%] Built target body_tracking__python
[0.678s] [01m[K/home/robogait/azure_kinect_ws/src/body_tracking/src/subscriber_member_function.cpp:4:10:[m[K [01;31m[Kfatal error: [m[Kbody_tracking/msg/num.hpp: No such file or directory
[0.678s]     4 | #include [01;31m[K"body_tracking/msg/num.hpp"[m[K
[0.678s]       |          [01;31m[K^~~~~~~~~~~~~~~~~~~~~~~~~~~[m[K
[0.678s] compilation terminated.
[0.679s] make[2]: *** [CMakeFiles/listener.dir/build.make:63: CMakeFiles/listener.dir/src/subscriber_member_function.cpp.o] Error 1
[0.679s] make[1]: *** [CMakeFiles/Makefile2:296: CMakeFiles/listener.dir/all] Error 2
[0.679s] make[1]: *** Waiting for unfinished jobs....
[0.684s] [01m[K/home/robogait/azure_kinect_ws/src/body_tracking/src/publisher_member_function.cpp:5:10:[m[K [01;31m[Kfatal error: [m[Kbody_tracking/msg/num.hpp: No such file or directory
[0.684s]     5 | #include [01;31m[K"body_tracking/msg/num.hpp"[m[K
[0.684s]       |          [01;31m[K^~~~~~~~~~~~~~~~~~~~~~~~~~~[m[K
[0.684s] compilation terminated.
[0.685s] make[2]: *** [CMakeFiles/talker.dir/build.make:63: CMakeFiles/talker.dir/src/publisher_member_function.cpp.o] Error 1
[0.685s] make[1]: *** [CMakeFiles/Makefile2:323: CMakeFiles/talker.dir/all] Error 2
[0.693s] [ 83%] Built target body_tracking__rosidl_typesupport_c__pyext
[0.695s] [ 94%] Built target body_tracking__rosidl_typesupport_introspection_c__pyext
[0.695s] [ 94%] Built target body_tracking__rosidl_typesupport_fastrtps_c__pyext
[0.696s] make: *** [Makefile:141: all] Error 2
[0.697s] Invoked command in '/home/robogait/azure_kinect_ws/build/body_tracking' returned '2': CMAKE_PREFIX_PATH=${CMAKE_PREFIX_PATH}:/home/robogait/ros2_serial/install/ourbotmanager:/opt/ros/foxy /usr/bin/cmake --build /home/robogait/azure_kinect_ws/build/body_tracking -- -j8 -l8
