[01m[K/home/robogait/azure_kinect_ws/src/body_tracking/src/main.c:[m[K In function ‘[01m[Kmain[m[K’:
[01m[K/home/robogait/azure_kinect_ws/src/body_tracking/src/main.c:16:81:[m[K [01;35m[Kwarning: [m[KISO C does not support ‘[01m[K__FUNCTION__[m[K’ predefined identifier [[01;35m[K-Wpedantic[m[K]
   16 |         printf("%s \n - (File: %s, Function: %s, Line: %d)\n", error, __FILE__, [01;35m[K__FUNCTION__[m[K, __LINE__); \
      |                                                                                 [01;35m[K^~~~~~~~~~~~[m[K
[01m[K/home/robogait/azure_kinect_ws/src/body_tracking/src/main.c:64:5:[m[K [01;36m[Knote: [m[Kin expansion of macro ‘[01m[KVERIFY[m[K’
   64 |     [01;36m[KVERIFY[m[K(k4a_device_open(0, &device), "Open K4A Device failed!");
      |     [01;36m[K^~~~~~[m[K
[01m[K/home/robogait/azure_kinect_ws/src/body_tracking/src/main.c:16:81:[m[K [01;35m[Kwarning: [m[KISO C does not support ‘[01m[K__FUNCTION__[m[K’ predefined identifier [[01;35m[K-Wpedantic[m[K]
   16 |         printf("%s \n - (File: %s, Function: %s, Line: %d)\n", error, __FILE__, [01;35m[K__FUNCTION__[m[K, __LINE__); \
      |                                                                                 [01;35m[K^~~~~~~~~~~~[m[K
[01m[K/home/robogait/azure_kinect_ws/src/body_tracking/src/main.c:65:5:[m[K [01;36m[Knote: [m[Kin expansion of macro ‘[01m[KVERIFY[m[K’
   65 |     [01;36m[KVERIFY[m[K(k4a_device_start_cameras(device, &device_config), "Start K4A cameras failed!");
      |     [01;36m[K^~~~~~[m[K
[01m[K/home/robogait/azure_kinect_ws/src/body_tracking/src/main.c:16:81:[m[K [01;35m[Kwarning: [m[KISO C does not support ‘[01m[K__FUNCTION__[m[K’ predefined identifier [[01;35m[K-Wpedantic[m[K]
   16 |         printf("%s \n - (File: %s, Function: %s, Line: %d)\n", error, __FILE__, [01;35m[K__FUNCTION__[m[K, __LINE__); \
      |                                                                                 [01;35m[K^~~~~~~~~~~~[m[K
[01m[K/home/robogait/azure_kinect_ws/src/body_tracking/src/main.c:68:5:[m[K [01;36m[Knote: [m[Kin expansion of macro ‘[01m[KVERIFY[m[K’
   68 |     [01;36m[KVERIFY[m[K(k4a_device_get_calibration(device, device_config.depth_mode, K4A_COLOR_RESOLUTION_OFF, &sensor_calibration),
      |     [01;36m[K^~~~~~[m[K
[01m[K/home/robogait/azure_kinect_ws/src/body_tracking/src/main.c:16:81:[m[K [01;35m[Kwarning: [m[KISO C does not support ‘[01m[K__FUNCTION__[m[K’ predefined identifier [[01;35m[K-Wpedantic[m[K]
   16 |         printf("%s \n - (File: %s, Function: %s, Line: %d)\n", error, __FILE__, [01;35m[K__FUNCTION__[m[K, __LINE__); \
      |                                                                                 [01;35m[K^~~~~~~~~~~~[m[K
[01m[K/home/robogait/azure_kinect_ws/src/body_tracking/src/main.c:75:5:[m[K [01;36m[Knote: [m[Kin expansion of macro ‘[01m[KVERIFY[m[K’
   75 |     [01;36m[KVERIFY[m[K(k4abt_tracker_create(&sensor_calibration, tracker_config, &tracker), "Body tracker initialization failed!");
      |     [01;36m[K^~~~~~[m[K
[01m[K/home/robogait/azure_kinect_ws/src/body_tracking/src/main.c:16:81:[m[K [01;35m[Kwarning: [m[KISO C does not support ‘[01m[K__FUNCTION__[m[K’ predefined identifier [[01;35m[K-Wpedantic[m[K]
   16 |         printf("%s \n - (File: %s, Function: %s, Line: %d)\n", error, __FILE__, [01;35m[K__FUNCTION__[m[K, __LINE__); \
      |                                                                                 [01;35m[K^~~~~~~~~~~~[m[K
[01m[K/home/robogait/azure_kinect_ws/src/body_tracking/src/main.c:127:21:[m[K [01;36m[Knote: [m[Kin expansion of macro ‘[01m[KVERIFY[m[K’
  127 |                     [01;36m[KVERIFY[m[K(k4abt_frame_get_body_skeleton(body_frame, i, &body.skeleton), "Get body from body frame failed!");
      |                     [01;36m[K^~~~~~[m[K
/usr/bin/ld: CMakeFiles/prueba_talker.dir/src/main.c.o: in function `print_body_index_map_middle_line':
main.c:(.text+0x12a): undefined reference to `k4a_image_get_buffer'
/usr/bin/ld: main.c:(.text+0x13a): undefined reference to `k4a_image_get_stride_bytes'
/usr/bin/ld: main.c:(.text+0x148): undefined reference to `k4a_image_get_width_pixels'
/usr/bin/ld: main.c:(.text+0x177): undefined reference to `k4a_image_get_height_pixels'
/usr/bin/ld: main.c:(.text+0x18f): undefined reference to `k4a_image_get_width_pixels'
/usr/bin/ld: main.c:(.text+0x1ea): undefined reference to `k4a_image_get_width_pixels'
/usr/bin/ld: CMakeFiles/prueba_talker.dir/src/main.c.o: in function `main':
main.c:(.text+0x27a): undefined reference to `k4a_device_get_installed_count'
/usr/bin/ld: main.c:(.text+0x2ad): undefined reference to `k4a_device_open'
/usr/bin/ld: main.c:(.text+0x300): undefined reference to `k4a_device_start_cameras'
/usr/bin/ld: main.c:(.text+0x35e): undefined reference to `k4a_device_get_calibration'
/usr/bin/ld: main.c:(.text+0x411): undefined reference to `k4abt_tracker_create'
/usr/bin/ld: main.c:(.text+0x497): undefined reference to `k4a_device_get_capture'
/usr/bin/ld: main.c:(.text+0x4f4): undefined reference to `k4abt_tracker_enqueue_capture'
/usr/bin/ld: main.c:(.text+0x509): undefined reference to `k4a_capture_release'
/usr/bin/ld: main.c:(.text+0x566): undefined reference to `k4abt_tracker_pop_result'
/usr/bin/ld: main.c:(.text+0x5f7): undefined reference to `k4abt_frame_get_num_bodies'
/usr/bin/ld: main.c:(.text+0x653): undefined reference to `k4abt_frame_get_body_skeleton'
/usr/bin/ld: main.c:(.text+0x6a4): undefined reference to `k4abt_frame_get_body_id'
/usr/bin/ld: main.c:(.text+0x716): undefined reference to `k4abt_frame_get_body_index_map'
/usr/bin/ld: main.c:(.text+0x745): undefined reference to `k4a_image_release'
/usr/bin/ld: main.c:(.text+0x762): undefined reference to `k4abt_frame_release'
/usr/bin/ld: main.c:(.text+0x864): undefined reference to `k4abt_tracker_shutdown'
/usr/bin/ld: main.c:(.text+0x873): undefined reference to `k4abt_tracker_destroy'
/usr/bin/ld: main.c:(.text+0x882): undefined reference to `k4a_device_stop_cameras'
/usr/bin/ld: main.c:(.text+0x891): undefined reference to `k4a_device_close'
collect2: error: ld returned 1 exit status
make[2]: *** [CMakeFiles/prueba_talker.dir/build.make:84: prueba_talker] Error 1
make[1]: *** [CMakeFiles/Makefile2:325: CMakeFiles/prueba_talker.dir/all] Error 2
make[1]: *** Waiting for unfinished jobs....
make: *** [Makefile:141: all] Error 2
