[0.010s] Invoking command in '/home/robogait/azure_kinect_ws/build/body_tracking': CMAKE_PREFIX_PATH=${CMAKE_PREFIX_PATH}:/home/robogait/ros2_serial/install/ourbotmanager:/opt/ros/foxy /usr/bin/cmake --build /home/robogait/azure_kinect_ws/build/body_tracking -- -j8 -l8
[0.028s] -- Found ament_cmake: 0.9.9 (/opt/ros/foxy/share/ament_cmake/cmake)
[0.041s] -- Found PythonInterp: /usr/bin/python3 (found suitable version "3.8.10", minimum required is "3") 
[0.041s] -- Using PYTHON_EXECUTABLE: /usr/bin/python3
[0.142s] -- Found rclcpp: 2.4.1 (/opt/ros/foxy/share/rclcpp/cmake)
[0.162s] -- Using all available rosidl_typesupport_c: rosidl_typesupport_fastrtps_c;rosidl_typesupport_introspection_c
[0.164s] -- Found rosidl_adapter: 1.2.1 (/opt/ros/foxy/share/rosidl_adapter/cmake)
[0.234s] -- Using all available rosidl_typesupport_cpp: rosidl_typesupport_fastrtps_cpp;rosidl_typesupport_introspection_cpp
[0.262s] -- Found rmw_implementation_cmake: 1.0.3 (/opt/ros/foxy/share/rmw_implementation_cmake/cmake)
[0.263s] -- Using RMW implementation 'rmw_fastrtps_cpp' as default
[0.344s] -- Found body_tracking: 0.0.0 (/home/robogait/azure_kinect_ws/install/body_tracking/share/body_tracking/cmake)
[0.348s] -- Found rosidl_default_generators: 1.0.1 (/opt/ros/foxy/share/rosidl_default_generators/cmake)
[0.369s] -- Found PythonInterp: /usr/bin/python3 (found version "3.8.10") 
[0.440s] -- Found ament_cmake_ros: 0.9.2 (/opt/ros/foxy/share/ament_cmake_ros/cmake)
[0.496s] -- Using all available rosidl_typesupport_c: rosidl_typesupport_fastrtps_c;rosidl_typesupport_introspection_c
[0.499s] -- Using all available rosidl_typesupport_cpp: rosidl_typesupport_fastrtps_cpp;rosidl_typesupport_introspection_cpp
[0.514s] -- Found PythonInterp: /usr/bin/python3 (found suitable version "3.8.10", minimum required is "3.5") 
[0.514s] -- Found python_cmake_module: 0.8.1 (/opt/ros/foxy/share/python_cmake_module/cmake)
[0.528s] -- Using PYTHON_EXECUTABLE: /usr/bin/python3
[0.528s] -- Using PYTHON_INCLUDE_DIRS: /usr/include/python3.8
[0.528s] -- Using PYTHON_LIBRARIES: /usr/lib/x86_64-linux-gnu/libpython3.8.so
[0.537s] -- Found ament_lint_auto: 0.9.6 (/opt/ros/foxy/share/ament_lint_auto/cmake)
[0.543s] -- Added test 'copyright' to check source files copyright and LICENSE
[0.543s] -- Added test 'cppcheck' to perform static code analysis on C / C++ code
[0.544s] -- Configured cppcheck include dirs: $<BUILD_INTERFACE:/home/robogait/azure_kinect_ws/src/body_tracking/include>
[0.544s] -- Configured cppcheck exclude dirs and/or files: 
[0.544s] -- Added test 'cpplint' to check C / C++ code against the Google style
[0.544s] -- Configured cpplint exclude dirs and/or files: 
[0.545s] -- Added test 'lint_cmake' to check CMake code style
[0.545s] -- Added test 'uncrustify' to check C / C++ code style
[0.545s] -- Configured uncrustify additional arguments: 
[0.545s] -- Added test 'xmllint' to check XML markup files
[0.548s] -- Configuring done
[0.567s] -- Generating done
[0.569s] -- Build files have been written to: /home/robogait/azure_kinect_ws/build/body_tracking
[0.587s] [35m[1mScanning dependencies of target prueba_talker[0m
[0.594s] [  2%] [32mBuilding C object CMakeFiles/prueba_talker.dir/src/main.c.o[0m
[0.595s] [  5%] Built target body_tracking__cpp
[0.596s] [ 10%] Built target body_tracking_node
[0.596s] [ 17%] Built target body_tracking__rosidl_generator_c
[0.599s] [ 23%] Built target listener
[0.600s] [ 28%] Built target talker
[0.611s] [01m[K/home/robogait/azure_kinect_ws/src/body_tracking/src/main.c:[m[K In function ‘[01m[Kmain[m[K’:
[0.611s] [ 35%] Built target body_tracking__rosidl_typesupport_c
[0.612s] [01m[K/home/robogait/azure_kinect_ws/src/body_tracking/src/main.c:16:81:[m[K [01;35m[Kwarning: [m[KISO C does not support ‘[01m[K__FUNCTION__[m[K’ predefined identifier [[01;35m[K-Wpedantic[m[K]
[0.612s]    16 |         printf("%s \n - (File: %s, Function: %s, Line: %d)\n", error, __FILE__, [01;35m[K__FUNCTION__[m[K, __LINE__); \
[0.612s]       |                                                                                 [01;35m[K^~~~~~~~~~~~[m[K
[0.612s] [01m[K/home/robogait/azure_kinect_ws/src/body_tracking/src/main.c:64:5:[m[K [01;36m[Knote: [m[Kin expansion of macro ‘[01m[KVERIFY[m[K’
[0.612s]    64 |     [01;36m[KVERIFY[m[K(k4a_device_open(0, &device), "Open K4A Device failed!");
[0.612s]       |     [01;36m[K^~~~~~[m[K
[0.612s] [01m[K/home/robogait/azure_kinect_ws/src/body_tracking/src/main.c:16:81:[m[K [01;35m[Kwarning: [m[KISO C does not support ‘[01m[K__FUNCTION__[m[K’ predefined identifier [[01;35m[K-Wpedantic[m[K]
[0.612s]    16 |         printf("%s \n - (File: %s, Function: %s, Line: %d)\n", error, __FILE__, [01;35m[K__FUNCTION__[m[K, __LINE__); \
[0.612s]       |                                                                                 [01;35m[K^~~~~~~~~~~~[m[K
[0.612s] [01m[K/home/robogait/azure_kinect_ws/src/body_tracking/src/main.c:65:5:[m[K [01;36m[Knote: [m[Kin expansion of macro ‘[01m[KVERIFY[m[K’
[0.612s]    65 |     [01;36m[KVERIFY[m[K(k4a_device_start_cameras(device, &device_config), "Start K4A cameras failed!");
[0.612s]       |     [01;36m[K^~~~~~[m[K
[0.612s] [ 43%] Built target body_tracking__rosidl_typesupport_cpp
[0.612s] [01m[K/home/robogait/azure_kinect_ws/src/body_tracking/src/main.c:16:81:[m[K [01;35m[Kwarning: [m[KISO C does not support ‘[01m[K__FUNCTION__[m[K’ predefined identifier [[01;35m[K-Wpedantic[m[K]
[0.612s]    16 |         printf("%s \n - (File: %s, Function: %s, Line: %d)\n", error, __FILE__, [01;35m[K__FUNCTION__[m[K, __LINE__); \
[0.612s]       |                                                                                 [01;35m[K^~~~~~~~~~~~[m[K
[0.612s] [01m[K/home/robogait/azure_kinect_ws/src/body_tracking/src/main.c:68:5:[m[K [01;36m[Knote: [m[Kin expansion of macro ‘[01m[KVERIFY[m[K’
[0.613s]    68 |     [01;36m[KVERIFY[m[K(k4a_device_get_calibration(device, device_config.depth_mode, K4A_COLOR_RESOLUTION_OFF, &sensor_calibration),
[0.613s]       |     [01;36m[K^~~~~~[m[K
[0.613s] [01m[K/home/robogait/azure_kinect_ws/src/body_tracking/src/main.c:16:81:[m[K [01;35m[Kwarning: [m[KISO C does not support ‘[01m[K__FUNCTION__[m[K’ predefined identifier [[01;35m[K-Wpedantic[m[K]
[0.613s]    16 |         printf("%s \n - (File: %s, Function: %s, Line: %d)\n", error, __FILE__, [01;35m[K__FUNCTION__[m[K, __LINE__); \
[0.613s]       |                                                                                 [01;35m[K^~~~~~~~~~~~[m[K
[0.613s] [01m[K/home/robogait/azure_kinect_ws/src/body_tracking/src/main.c:75:5:[m[K [01;36m[Knote: [m[Kin expansion of macro ‘[01m[KVERIFY[m[K’
[0.613s]    75 |     [01;36m[KVERIFY[m[K(k4abt_tracker_create(&sensor_calibration, tracker_config, &tracker), "Body tracker initialization failed!");
[0.613s]       |     [01;36m[K^~~~~~[m[K
[0.613s] [01m[K/home/robogait/azure_kinect_ws/src/body_tracking/src/main.c:16:81:[m[K [01;35m[Kwarning: [m[KISO C does not support ‘[01m[K__FUNCTION__[m[K’ predefined identifier [[01;35m[K-Wpedantic[m[K]
[0.613s]    16 |         printf("%s \n - (File: %s, Function: %s, Line: %d)\n", error, __FILE__, [01;35m[K__FUNCTION__[m[K, __LINE__); \
[0.613s]       |                                                                                 [01;35m[K^~~~~~~~~~~~[m[K
[0.613s] [01m[K/home/robogait/azure_kinect_ws/src/body_tracking/src/main.c:127:21:[m[K [01;36m[Knote: [m[Kin expansion of macro ‘[01m[KVERIFY[m[K’
[0.613s]   127 |                     [01;36m[KVERIFY[m[K(k4abt_frame_get_body_skeleton(body_frame, i, &body.skeleton), "Get body from body frame failed!");
[0.613s]       |                     [01;36m[K^~~~~~[m[K
[0.613s] [ 51%] Built target body_tracking__rosidl_typesupport_introspection_cpp
[0.615s] [ 58%] Built target body_tracking__rosidl_typesupport_fastrtps_cpp
[0.618s] [ 66%] Built target body_tracking__rosidl_typesupport_introspection_c
[0.630s] [ 69%] [32m[1mLinking C executable prueba_talker[0m
[0.632s] [ 76%] Built target body_tracking__rosidl_typesupport_fastrtps_c
[0.645s] [ 76%] Built target body_tracking
[0.646s] /usr/bin/ld: CMakeFiles/prueba_talker.dir/src/main.c.o: in function `print_body_index_map_middle_line':
[0.646s] main.c:(.text+0x12a): undefined reference to `k4a_image_get_buffer'
[0.646s] /usr/bin/ld: main.c:(.text+0x13a): undefined reference to `k4a_image_get_stride_bytes'
[0.646s] /usr/bin/ld: main.c:(.text+0x148): undefined reference to `k4a_image_get_width_pixels'
[0.646s] /usr/bin/ld: main.c:(.text+0x177): undefined reference to `k4a_image_get_height_pixels'
[0.646s] /usr/bin/ld: main.c:(.text+0x18f): undefined reference to `k4a_image_get_width_pixels'
[0.646s] /usr/bin/ld: main.c:(.text+0x1ea): undefined reference to `k4a_image_get_width_pixels'
[0.646s] /usr/bin/ld: CMakeFiles/prueba_talker.dir/src/main.c.o: in function `main':
[0.646s] main.c:(.text+0x27a): undefined reference to `k4a_device_get_installed_count'
[0.646s] /usr/bin/ld: main.c:(.text+0x2ad): undefined reference to `k4a_device_open'
[0.646s] /usr/bin/ld: main.c:(.text+0x300): undefined reference to `k4a_device_start_cameras'
[0.647s] /usr/bin/ld: main.c:(.text+0x35e): undefined reference to `k4a_device_get_calibration'
[0.647s] /usr/bin/ld: main.c:(.text+0x411): undefined reference to `k4abt_tracker_create'
[0.647s] /usr/bin/ld: main.c:(.text+0x497): undefined reference to `k4a_device_get_capture'
[0.647s] /usr/bin/ld: main.c:(.text+0x4f4): undefined reference to `k4abt_tracker_enqueue_capture'
[0.647s] /usr/bin/ld: main.c:(.text+0x509): undefined reference to `k4a_capture_release'
[0.647s] /usr/bin/ld: main.c:(.text+0x566): undefined reference to `k4abt_tracker_pop_result'
[0.647s] /usr/bin/ld: main.c:(.text+0x5f7): undefined reference to `k4abt_frame_get_num_bodies'
[0.647s] /usr/bin/ld: main.c:(.text+0x653): undefined reference to `k4abt_frame_get_body_skeleton'
[0.647s] /usr/bin/ld: main.c:(.text+0x6a4): undefined reference to `k4abt_frame_get_body_id'
[0.647s] /usr/bin/ld: main.c:(.text+0x716): undefined reference to `k4abt_frame_get_body_index_map'
[0.647s] /usr/bin/ld: main.c:(.text+0x745): undefined reference to `k4a_image_release'
[0.647s] /usr/bin/ld: main.c:(.text+0x762): undefined reference to `k4abt_frame_release'
[0.647s] /usr/bin/ld: main.c:(.text+0x864): undefined reference to `k4abt_tracker_shutdown'
[0.647s] /usr/bin/ld: main.c:(.text+0x873): undefined reference to `k4abt_tracker_destroy'
[0.647s] /usr/bin/ld: main.c:(.text+0x882): undefined reference to `k4a_device_stop_cameras'
[0.647s] /usr/bin/ld: main.c:(.text+0x891): undefined reference to `k4a_device_close'
[0.647s] collect2: error: ld returned 1 exit status
[0.647s] make[2]: *** [CMakeFiles/prueba_talker.dir/build.make:84: prueba_talker] Error 1
[0.647s] make[1]: *** [CMakeFiles/Makefile2:325: CMakeFiles/prueba_talker.dir/all] Error 2
[0.648s] make[1]: *** Waiting for unfinished jobs....
[0.658s] [ 79%] Built target body_tracking__py
[0.658s] make: *** [Makefile:141: all] Error 2
[0.660s] Invoked command in '/home/robogait/azure_kinect_ws/build/body_tracking' returned '2': CMAKE_PREFIX_PATH=${CMAKE_PREFIX_PATH}:/home/robogait/ros2_serial/install/ourbotmanager:/opt/ros/foxy /usr/bin/cmake --build /home/robogait/azure_kinect_ws/build/body_tracking -- -j8 -l8
