[0.021s] Invoking command in '/home/robogait/azure_kinect_ws/build/kinect_azure_body_tracker': CMAKE_PREFIX_PATH=${CMAKE_PREFIX_PATH}:/home/robogait/ros2_ws/install/nav2_project:/home/robogait/nav2_ws/install/nav2_gazebo_spawner:/home/robogait/ros2_serial/install/ourbotmanager:/opt/ros/foxy /usr/bin/cmake --build /home/robogait/azure_kinect_ws/build/kinect_azure_body_tracker -- -j8 -l8
[0.043s] -- Found ament_cmake: 0.9.9 (/opt/ros/foxy/share/ament_cmake/cmake)
[0.065s] -- Using PYTHON_EXECUTABLE: /usr/bin/python3
[0.200s] -- Found rclcpp: 2.4.1 (/opt/ros/foxy/share/rclcpp/cmake)
[0.226s] -- Using all available rosidl_typesupport_c: rosidl_typesupport_fastrtps_c;rosidl_typesupport_introspection_c
[0.229s] -- Found rosidl_adapter: 1.2.1 (/opt/ros/foxy/share/rosidl_adapter/cmake)
[0.325s] -- Using all available rosidl_typesupport_cpp: rosidl_typesupport_fastrtps_cpp;rosidl_typesupport_introspection_cpp
[0.357s] -- Found rmw_implementation_cmake: 1.0.3 (/opt/ros/foxy/share/rmw_implementation_cmake/cmake)
[0.359s] -- Using RMW implementation 'rmw_fastrtps_cpp' as default
[0.449s] -- Found geometry_msgs: 2.0.5 (/opt/ros/foxy/share/geometry_msgs/cmake)
[0.469s] -- Found body_tracker_msgs: 0.0.0 (/home/robogait/azure_kinect_ws/install/body_tracker_msgs/share/body_tracker_msgs/cmake)
[0.504s] -- Found rosidl_default_generators: 1.0.1 (/opt/ros/foxy/share/rosidl_default_generators/cmake)
[0.522s] -- Found ament_lint_auto: 0.9.6 (/opt/ros/foxy/share/ament_lint_auto/cmake)
[0.571s] -- Added test 'copyright' to check source files copyright and LICENSE
[0.572s] -- Added test 'cppcheck' to perform static code analysis on C / C++ code
[0.572s] -- Configured cppcheck include dirs: 
[0.572s] -- Configured cppcheck exclude dirs and/or files: 
[0.573s] -- Added test 'cpplint' to check C / C++ code against the Google style
[0.573s] -- Configured cpplint exclude dirs and/or files: 
[0.573s] -- Added test 'lint_cmake' to check CMake code style
[0.574s] -- Added test 'uncrustify' to check C / C++ code style
[0.574s] -- Configured uncrustify additional arguments: 
[0.574s] -- Added test 'xmllint' to check XML markup files
[0.576s] -- Configuring done
[0.585s] -- Generating done
[0.587s] -- Build files have been written to: /home/robogait/azure_kinect_ws/build/kinect_azure_body_tracker
[0.611s] [35m[1mScanning dependencies of target kinect_azure_body_tracker_node_simplified[0m
[0.627s] [ 33%] Built target kinect_azure_body_tracker_recording_node
[0.633s] [ 50%] [32mBuilding CXX object CMakeFiles/kinect_azure_body_tracker_node_simplified.dir/src/kinectAzure_body_tracker_node_simplified.cpp.o[0m
[0.636s] [ 83%] Built target kinect_azure_body_tracker_node
[1.375s] [01m[K/home/robogait/azure_kinect_ws/src/kinect_azure_body_tracker/src/kinectAzure_body_tracker_node_simplified.cpp:[m[K In member function ‘[01m[Kvoid MinimalPublisher::body_tracking()[m[K’:
[1.375s] [01m[K/home/robogait/azure_kinect_ws/src/kinect_azure_body_tracker/src/kinectAzure_body_tracker_node_simplified.cpp:136:15:[m[K [01;31m[Kerror: [m[Kexpected primary-expression before ‘[01m[K;[m[K’ token
[1.375s]   136 |   fs = t1 - t0[01;31m[K;[m[K
[1.376s]       |               [01;31m[K^[m[K
[1.376s] [01m[K/home/robogait/azure_kinect_ws/src/kinect_azure_body_tracker/src/kinectAzure_body_tracker_node_simplified.cpp:137:23:[m[K [01;31m[Kerror: [m[Kcannot convert ‘[01m[KMinimalPublisher::fsec[m[K’ {aka ‘[01m[Kstd::chrono::duration<float>[m[K’} to ‘[01m[Kbody_tracker_msgs::msg::SpineBottom_<std::allocator<void> >::_tiempo_type[m[K’ {aka ‘[01m[Kdouble[m[K’} in assignment
[1.376s]   137 |   pelvis_data.tiempo= [01;31m[Kfs[m[K;
[1.376s]       |                       [01;31m[K^~[m[K
[1.376s]       |                       [01;31m[K|[m[K
[1.376s]       |                       [01;31m[KMinimalPublisher::fsec {aka std::chrono::duration<float>}[m[K
[1.380s] [01m[K/home/robogait/azure_kinect_ws/src/kinect_azure_body_tracker/src/kinectAzure_body_tracker_node_simplified.cpp:[m[K In member function ‘[01m[Kvoid MinimalPublisher::Init()[m[K’:
[1.380s] [01m[K/home/robogait/azure_kinect_ws/src/kinect_azure_body_tracker/src/kinectAzure_body_tracker_node_simplified.cpp:153:6:[m[K [01;31m[Kerror: [m[Kexpected unqualified-id before ‘[01m[K=[m[K’ token
[1.380s]   153 |   t0 [01;31m[K=[m[K Time::now();
[1.380s]       |      [01;31m[K^[m[K
[1.897s] At global scope:
[1.897s] [01m[Kcc1plus:[m[K [01;35m[Kwarning: [m[Kunrecognized command line option ‘[01m[K-Wno-dev[m[K’
[1.904s] make[2]: *** [CMakeFiles/kinect_azure_body_tracker_node_simplified.dir/build.make:63: CMakeFiles/kinect_azure_body_tracker_node_simplified.dir/src/kinectAzure_body_tracker_node_simplified.cpp.o] Error 1
[1.904s] make[1]: *** [CMakeFiles/Makefile2:82: CMakeFiles/kinect_azure_body_tracker_node_simplified.dir/all] Error 2
[1.905s] make: *** [Makefile:141: all] Error 2
[1.906s] Invoked command in '/home/robogait/azure_kinect_ws/build/kinect_azure_body_tracker' returned '2': CMAKE_PREFIX_PATH=${CMAKE_PREFIX_PATH}:/home/robogait/ros2_ws/install/nav2_project:/home/robogait/nav2_ws/install/nav2_gazebo_spawner:/home/robogait/ros2_serial/install/ourbotmanager:/opt/ros/foxy /usr/bin/cmake --build /home/robogait/azure_kinect_ws/build/kinect_azure_body_tracker -- -j8 -l8
