[0.012s] Invoking command in '/home/robogait/azure_kinect_ws/build/body_tracking': CMAKE_PREFIX_PATH=${CMAKE_PREFIX_PATH}:/home/robogait/ros2_serial/install/ourbotmanager:/opt/ros/foxy /usr/bin/cmake /home/robogait/azure_kinect_ws/src/body_tracking -DCMAKE_INSTALL_PREFIX=/home/robogait/azure_kinect_ws/install/body_tracking
[0.021s] -- Found ament_cmake: 0.9.9 (/opt/ros/foxy/share/ament_cmake/cmake)
[0.036s] -- Using PYTHON_EXECUTABLE: /usr/bin/python3
[0.147s] -- Override CMake install command with custom implementation using symlinks instead of copying resources
[0.153s] -- Found rclcpp: 2.4.1 (/opt/ros/foxy/share/rclcpp/cmake)
[0.176s] -- Using all available rosidl_typesupport_c: rosidl_typesupport_fastrtps_c;rosidl_typesupport_introspection_c
[0.178s] -- Found rosidl_adapter: 1.2.1 (/opt/ros/foxy/share/rosidl_adapter/cmake)
[0.252s] -- Using all available rosidl_typesupport_cpp: rosidl_typesupport_fastrtps_cpp;rosidl_typesupport_introspection_cpp
[0.281s] -- Found rmw_implementation_cmake: 1.0.3 (/opt/ros/foxy/share/rmw_implementation_cmake/cmake)
[0.282s] -- Using RMW implementation 'rmw_fastrtps_cpp' as default
[0.364s] -- Found geometry_msgs: 2.0.5 (/opt/ros/foxy/share/geometry_msgs/cmake)
[0.384s] -- Found body_tracker_msgs: 0.0.0 (/home/robogait/azure_kinect_ws/install/body_tracker_msgs/share/body_tracker_msgs/cmake)
[0.417s] -- Found rosidl_default_generators: 1.0.1 (/opt/ros/foxy/share/rosidl_default_generators/cmake)
[0.427s] -- Found ament_lint_auto: 0.9.6 (/opt/ros/foxy/share/ament_lint_auto/cmake)
[0.464s] -- Added test 'copyright' to check source files copyright and LICENSE
[0.465s] -- Added test 'cppcheck' to perform static code analysis on C / C++ code
[0.465s] -- Configured cppcheck include dirs: 
[0.465s] -- Configured cppcheck exclude dirs and/or files: 
[0.466s] -- Added test 'cpplint' to check C / C++ code against the Google style
[0.466s] -- Configured cpplint exclude dirs and/or files: 
[0.466s] -- Added test 'lint_cmake' to check CMake code style
[0.467s] -- Added test 'uncrustify' to check C / C++ code style
[0.467s] -- Configured uncrustify additional arguments: 
[0.467s] -- Added test 'xmllint' to check XML markup files
[0.469s] -- Configuring done
[0.475s] -- Generating done
[0.476s] -- Build files have been written to: /home/robogait/azure_kinect_ws/build/body_tracking
[0.482s] Invoked command in '/home/robogait/azure_kinect_ws/build/body_tracking' returned '0': CMAKE_PREFIX_PATH=${CMAKE_PREFIX_PATH}:/home/robogait/ros2_serial/install/ourbotmanager:/opt/ros/foxy /usr/bin/cmake /home/robogait/azure_kinect_ws/src/body_tracking -DCMAKE_INSTALL_PREFIX=/home/robogait/azure_kinect_ws/install/body_tracking
[0.483s] Invoking command in '/home/robogait/azure_kinect_ws/build/body_tracking': CMAKE_PREFIX_PATH=${CMAKE_PREFIX_PATH}:/home/robogait/ros2_serial/install/ourbotmanager:/opt/ros/foxy /usr/bin/cmake --build /home/robogait/azure_kinect_ws/build/body_tracking -- -j8 -l8
[0.507s] [35m[1mScanning dependencies of target body_tracking_recording_node[0m
[0.507s] [35m[1mScanning dependencies of target body_tracking_node[0m
[0.513s] [ 25%] [32mBuilding CXX object CMakeFiles/body_tracking_recording_node.dir/src/kinectAzure_body_tracker_node_plus_recording.cpp.o[0m
[0.518s] [ 50%] [32mBuilding CXX object CMakeFiles/body_tracking_node.dir/src/kinectAzure_body_tracker_node.cpp.o[0m
[0.536s] [01m[K/home/robogait/azure_kinect_ws/src/body_tracking/src/kinectAzure_body_tracker_node_plus_recording.cpp:16:10:[m[K [01;31m[Kfatal error: [m[Krclcpp/rclcpp.hpp: No such file or directory
[0.536s]    16 | #include [01;31m[K"rclcpp/rclcpp.hpp"[m[K
[0.536s]       |          [01;31m[K^~~~~~~~~~~~~~~~~~~[m[K
[0.536s] compilation terminated.
[0.537s] make[2]: *** [CMakeFiles/body_tracking_recording_node.dir/build.make:63: CMakeFiles/body_tracking_recording_node.dir/src/kinectAzure_body_tracker_node_plus_recording.cpp.o] Error 1
[0.537s] make[1]: *** [CMakeFiles/Makefile2:80: CMakeFiles/body_tracking_recording_node.dir/all] Error 2
[0.537s] make[1]: *** Waiting for unfinished jobs....
[2.200s] [ 75%] [32m[1mLinking CXX executable body_tracking_node[0m
[2.295s] [ 75%] Built target body_tracking_node
[2.296s] make: *** [Makefile:141: all] Error 2
[2.298s] Invoked command in '/home/robogait/azure_kinect_ws/build/body_tracking' returned '2': CMAKE_PREFIX_PATH=${CMAKE_PREFIX_PATH}:/home/robogait/ros2_serial/install/ourbotmanager:/opt/ros/foxy /usr/bin/cmake --build /home/robogait/azure_kinect_ws/build/body_tracking -- -j8 -l8
