[0.014s] Invoking command in '/home/robogait/azure_kinect_ws/build/body_tracker_msgs': CMAKE_PREFIX_PATH=${CMAKE_PREFIX_PATH}:/home/robogait/ros2_serial/install/ourbotmanager:/opt/ros/foxy /usr/bin/cmake --build /home/robogait/azure_kinect_ws/build/body_tracker_msgs -- -j8 -l8
[0.033s] -- Found ament_cmake: 0.9.9 (/opt/ros/foxy/share/ament_cmake/cmake)
[0.048s] -- Found PythonInterp: /usr/bin/python3 (found suitable version "3.8.10", minimum required is "3") 
[0.048s] -- Using PYTHON_EXECUTABLE: /usr/bin/python3
[0.151s] -- Found rclcpp: 2.4.1 (/opt/ros/foxy/share/rclcpp/cmake)
[0.170s] -- Using all available rosidl_typesupport_c: rosidl_typesupport_fastrtps_c;rosidl_typesupport_introspection_c
[0.173s] -- Found rosidl_adapter: 1.2.1 (/opt/ros/foxy/share/rosidl_adapter/cmake)
[0.246s] -- Using all available rosidl_typesupport_cpp: rosidl_typesupport_fastrtps_cpp;rosidl_typesupport_introspection_cpp
[0.274s] -- Found rmw_implementation_cmake: 1.0.3 (/opt/ros/foxy/share/rmw_implementation_cmake/cmake)
[0.275s] -- Using RMW implementation 'rmw_fastrtps_cpp' as default
[0.359s] -- Found geometry_msgs: 2.0.5 (/opt/ros/foxy/share/geometry_msgs/cmake)
[0.392s] -- Found PythonInterp: /usr/bin/python3 (found version "3.8.10") 
[0.499s] -- Found ament_cmake_ros: 0.9.2 (/opt/ros/foxy/share/ament_cmake_ros/cmake)
[0.638s] -- Using all available rosidl_typesupport_c: rosidl_typesupport_fastrtps_c;rosidl_typesupport_introspection_c
[0.699s] -- Using all available rosidl_typesupport_cpp: rosidl_typesupport_fastrtps_cpp;rosidl_typesupport_introspection_cpp
[0.702s] -- Found ament_lint_auto: 0.9.6 (/opt/ros/foxy/share/ament_lint_auto/cmake)
[0.707s] -- Added test 'copyright' to check source files copyright and LICENSE
[0.708s] -- Added test 'lint_cmake' to check CMake code style
[0.708s] -- Added test 'xmllint' to check XML markup files
[0.711s] -- Configuring done
[0.729s] -- Generating done
[0.731s] -- Build files have been written to: /home/robogait/azure_kinect_ws/build/body_tracker_msgs
[0.753s] [  6%] Built target body_tracker_msgs__cpp
[0.754s] [ 17%] Built target body_tracker_msgs__rosidl_generator_c
[0.769s] [ 31%] Built target body_tracker_msgs__rosidl_typesupport_introspection_c
[0.769s] [ 55%] Built target body_tracker_msgs__rosidl_typesupport_introspection_cpp
[0.769s] [ 58%] Built target body_tracker_msgs__rosidl_typesupport_cpp
[0.770s] [ 72%] Built target body_tracker_msgs__rosidl_typesupport_c
[0.772s] [ 86%] Built target body_tracker_msgs__rosidl_typesupport_fastrtps_cpp
[0.789s] [100%] Built target body_tracker_msgs__rosidl_typesupport_fastrtps_c
[0.803s] [100%] Built target body_tracker_msgs
