[0.021s] Invoking command in '/home/robogait/azure_kinect_ws/build/kinect_azure_body_tracker': CMAKE_PREFIX_PATH=${CMAKE_PREFIX_PATH}:/home/robogait/nav2_ws/install/nav2_gazebo_spawner:/home/robogait/ros2_serial/install/ourbotmanager:/home/robogait/ros2_ws/install/nav2_project:/opt/ros/foxy /usr/bin/cmake --build /home/robogait/azure_kinect_ws/build/kinect_azure_body_tracker -- -j8 -l8
[0.065s] [35m[1mScanning dependencies of target kinect_azure_body_tracker_node_simplified[0m
[0.067s] [35m[1mScanning dependencies of target kinect_azure_body_tracker_recording_node[0m
[0.096s] [ 16%] [32mBuilding CXX object CMakeFiles/kinect_azure_body_tracker_node_simplified.dir/src/kinectAzure_body_tracker_node_simplified.cpp.o[0m
[0.098s] [ 50%] Built target kinect_azure_body_tracker_node
[0.110s] [ 66%] [32mBuilding CXX object CMakeFiles/kinect_azure_body_tracker_recording_node.dir/src/kinectAzure_body_tracker_node_plus_recording_simplified.cpp.o[0m
[0.947s] [01m[K/home/robogait/azure_kinect_ws/src/kinect_azure_body_tracker/src/kinectAzure_body_tracker_node_plus_recording_simplified.cpp:[m[K In member function ‘[01m[Kvoid MinimalPublisher::body_tracking()[m[K’:
[0.948s] [01m[K/home/robogait/azure_kinect_ws/src/kinect_azure_body_tracker/src/kinectAzure_body_tracker_node_plus_recording_simplified.cpp:142:3:[m[K [01;31m[Kerror: [m[K‘[01m[Kt_final[m[K’ was not declared in this scope
[0.948s]   142 |   [01;31m[Kt_final[m[K = rclcpp::Clock().now().nanoseconds();
[0.948s]       |   [01;31m[K^~~~~~~[m[K
[0.950s] In file included from [01m[K/opt/ros/foxy/include/rclcpp/client.hpp:40[m[K,
[0.950s]                  from [01m[K/opt/ros/foxy/include/rclcpp/callback_group.hpp:23[m[K,
[0.950s]                  from [01m[K/opt/ros/foxy/include/rclcpp/any_executable.hpp:20[m[K,
[0.950s]                  from [01m[K/opt/ros/foxy/include/rclcpp/memory_strategy.hpp:24[m[K,
[0.950s]                  from [01m[K/opt/ros/foxy/include/rclcpp/memory_strategies.hpp:18[m[K,
[0.950s]                  from [01m[K/opt/ros/foxy/include/rclcpp/executor_options.hpp:20[m[K,
[0.950s]                  from [01m[K/opt/ros/foxy/include/rclcpp/executor.hpp:33[m[K,
[0.950s]                  from [01m[K/opt/ros/foxy/include/rclcpp/executors/multi_threaded_executor.hpp:26[m[K,
[0.950s]                  from [01m[K/opt/ros/foxy/include/rclcpp/executors.hpp:21[m[K,
[0.950s]                  from [01m[K/opt/ros/foxy/include/rclcpp/rclcpp.hpp:146[m[K,
[0.950s]                  from [01m[K/home/robogait/azure_kinect_ws/src/kinect_azure_body_tracker/src/kinectAzure_body_tracker_node_plus_recording_simplified.cpp:17[m[K:
[0.950s] [01m[K/home/robogait/azure_kinect_ws/src/kinect_azure_body_tracker/src/kinectAzure_body_tracker_node_plus_recording_simplified.cpp:155:140:[m[K [01;31m[Kerror: [m[K‘[01m[Kskeleton_data[m[K’ was not declared in this scope
[0.950s]   155 |   RCLCPP_INFO(this->get_logger(), "Publishing skeleton coordinates. Pelvis coodinates are: tiempo -> '%f' || x->'%f' ; y->'%f' ; z->'%f'", [01;31m[Kskeleton_data[m[K.tiempo,  skeleton_data.joint_position_spine_bottom.x, skeleton_data.joint_position_spine_bottom.y, skeleton_data.joint_position_spine_bottom.x);
[0.950s]       |                                                                                                                                            [01;31m[K^~~~~~~~~~~~~[m[K
[0.952s] [01m[K/home/robogait/azure_kinect_ws/src/kinect_azure_body_tracker/src/kinectAzure_body_tracker_node_plus_recording_simplified.cpp:156:23:[m[K [01;31m[Kerror: [m[K‘[01m[Kskeleton_data[m[K’ was not declared in this scope
[0.952s]   156 |   publisher_->publish([01;31m[Kskeleton_data[m[K);
[0.952s]       |                       [01;31m[K^~~~~~~~~~~~~[m[K
[1.509s] At global scope:
[1.509s] [01m[Kcc1plus:[m[K [01;35m[Kwarning: [m[Kunrecognized command line option ‘[01m[K-Wno-dev[m[K’
[1.516s] make[2]: *** [CMakeFiles/kinect_azure_body_tracker_recording_node.dir/build.make:63: CMakeFiles/kinect_azure_body_tracker_recording_node.dir/src/kinectAzure_body_tracker_node_plus_recording_simplified.cpp.o] Error 1
[1.516s] make[1]: *** [CMakeFiles/Makefile2:109: CMakeFiles/kinect_azure_body_tracker_recording_node.dir/all] Error 2
[1.516s] make[1]: *** Waiting for unfinished jobs....
[1.970s] [ 83%] [32m[1mLinking CXX executable kinect_azure_body_tracker_node_simplified[0m
[2.073s] [ 83%] Built target kinect_azure_body_tracker_node_simplified
[2.073s] make: *** [Makefile:141: all] Error 2
[2.076s] Invoked command in '/home/robogait/azure_kinect_ws/build/kinect_azure_body_tracker' returned '2': CMAKE_PREFIX_PATH=${CMAKE_PREFIX_PATH}:/home/robogait/nav2_ws/install/nav2_gazebo_spawner:/home/robogait/ros2_serial/install/ourbotmanager:/home/robogait/ros2_ws/install/nav2_project:/opt/ros/foxy /usr/bin/cmake --build /home/robogait/azure_kinect_ws/build/kinect_azure_body_tracker -- -j8 -l8
