[0.010s] Invoking command in '/home/robogait/azure_kinect_ws/build/body_tracking': CMAKE_PREFIX_PATH=${CMAKE_PREFIX_PATH}:/home/robogait/ros2_serial/install/ourbotmanager:/opt/ros/foxy /usr/bin/cmake --build /home/robogait/azure_kinect_ws/build/body_tracking -- -j8 -l8
[0.028s] -- Found ament_cmake: 0.9.9 (/opt/ros/foxy/share/ament_cmake/cmake)
[0.042s] -- Found PythonInterp: /usr/bin/python3 (found suitable version "3.8.10", minimum required is "3") 
[0.042s] -- Using PYTHON_EXECUTABLE: /usr/bin/python3
[0.152s] -- Found rclcpp: 2.4.1 (/opt/ros/foxy/share/rclcpp/cmake)
[0.172s] -- Using all available rosidl_typesupport_c: rosidl_typesupport_fastrtps_c;rosidl_typesupport_introspection_c
[0.174s] -- Found rosidl_adapter: 1.2.1 (/opt/ros/foxy/share/rosidl_adapter/cmake)
[0.245s] -- Using all available rosidl_typesupport_cpp: rosidl_typesupport_fastrtps_cpp;rosidl_typesupport_introspection_cpp
[0.273s] -- Found rmw_implementation_cmake: 1.0.3 (/opt/ros/foxy/share/rmw_implementation_cmake/cmake)
[0.274s] -- Using RMW implementation 'rmw_fastrtps_cpp' as default
[0.357s] -- Found body_tracking: 0.0.0 (/home/robogait/azure_kinect_ws/install/body_tracking/share/body_tracking/cmake)
[0.361s] -- Found rosidl_default_generators: 1.0.1 (/opt/ros/foxy/share/rosidl_default_generators/cmake)
[0.382s] -- Found PythonInterp: /usr/bin/python3 (found version "3.8.10") 
[0.457s] -- Found ament_cmake_ros: 0.9.2 (/opt/ros/foxy/share/ament_cmake_ros/cmake)
[0.514s] -- Using all available rosidl_typesupport_c: rosidl_typesupport_fastrtps_c;rosidl_typesupport_introspection_c
[0.518s] -- Using all available rosidl_typesupport_cpp: rosidl_typesupport_fastrtps_cpp;rosidl_typesupport_introspection_cpp
[0.532s] -- Found PythonInterp: /usr/bin/python3 (found suitable version "3.8.10", minimum required is "3.5") 
[0.532s] -- Found python_cmake_module: 0.8.1 (/opt/ros/foxy/share/python_cmake_module/cmake)
[0.547s] -- Using PYTHON_EXECUTABLE: /usr/bin/python3
[0.547s] -- Using PYTHON_INCLUDE_DIRS: /usr/include/python3.8
[0.547s] -- Using PYTHON_LIBRARIES: /usr/lib/x86_64-linux-gnu/libpython3.8.so
[0.557s] -- Found ament_lint_auto: 0.9.6 (/opt/ros/foxy/share/ament_lint_auto/cmake)
[0.562s] -- Added test 'copyright' to check source files copyright and LICENSE
[0.563s] -- Added test 'cppcheck' to perform static code analysis on C / C++ code
[0.563s] -- Configured cppcheck include dirs: 
[0.563s] -- Configured cppcheck exclude dirs and/or files: 
[0.564s] -- Added test 'cpplint' to check C / C++ code against the Google style
[0.564s] -- Configured cpplint exclude dirs and/or files: 
[0.564s] -- Added test 'lint_cmake' to check CMake code style
[0.565s] -- Added test 'uncrustify' to check C / C++ code style
[0.565s] -- Configured uncrustify additional arguments: 
[0.565s] -- Added test 'xmllint' to check XML markup files
[0.568s] -- Configuring done
[0.586s] -- Generating done
[0.588s] -- Build files have been written to: /home/robogait/azure_kinect_ws/build/body_tracking
[0.606s] [  2%] [34m[1mGenerating C code for ROS interfaces[0m
[0.606s] [35m[1mScanning dependencies of target body_tracking_node[0m
[0.612s] [  4%] [34m[1mGenerating C++ code for ROS interfaces[0m
[0.623s] [  7%] [32mBuilding CXX object CMakeFiles/body_tracking_node.dir/src/kinectAzure_body_tracker_node.cpp.o[0m
[0.900s] [35m[1mScanning dependencies of target body_tracking__rosidl_generator_c[0m
[0.910s] [  9%] [32mBuilding C object CMakeFiles/body_tracking__rosidl_generator_c.dir/rosidl_generator_c/body_tracking/msg/detail/hip_coordinates__functions.c.o[0m
[0.916s] [ 12%] [32mBuilding C object CMakeFiles/body_tracking__rosidl_generator_c.dir/rosidl_generator_c/body_tracking/msg/detail/skeleton__functions.c.o[0m
[0.922s] [ 12%] Built target body_tracking__cpp
[0.931s] [ 14%] [34m[1mGenerating C++ introspection for ROS interfaces[0m
[0.931s] [ 17%] [34m[1mGenerating C++ type support dispatch for ROS interfaces[0m
[0.931s] [ 19%] [34m[1mGenerating C++ type support for eProsima Fast-RTPS[0m
[0.947s] [ 21%] [32m[1mLinking C shared library libbody_tracking__rosidl_generator_c.so[0m
[0.972s] [ 21%] Built target body_tracking__rosidl_generator_c
[0.980s] [ 24%] [34m[1mGenerating C type support dispatch for ROS interfaces[0m
[0.982s] [ 26%] [34m[1mGenerating C introspection for ROS interfaces[0m
[1.289s] [35m[1mScanning dependencies of target body_tracking__rosidl_typesupport_introspection_cpp[0m
[1.299s] [ 31%] [32mBuilding CXX object CMakeFiles/body_tracking__rosidl_typesupport_introspection_cpp.dir/rosidl_typesupport_introspection_cpp/body_tracking/msg/detail/skeleton__type_support.cpp.o[0m
[1.299s] [ 31%] [32mBuilding CXX object CMakeFiles/body_tracking__rosidl_typesupport_introspection_cpp.dir/rosidl_typesupport_introspection_cpp/body_tracking/msg/detail/hip_coordinates__type_support.cpp.o[0m
[1.408s] [35m[1mScanning dependencies of target body_tracking__rosidl_typesupport_cpp[0m
[1.420s] [ 36%] [32mBuilding CXX object CMakeFiles/body_tracking__rosidl_typesupport_cpp.dir/rosidl_typesupport_cpp/body_tracking/msg/hip_coordinates__type_support.cpp.o[0m
[1.421s] [ 36%] [32mBuilding CXX object CMakeFiles/body_tracking__rosidl_typesupport_cpp.dir/rosidl_typesupport_cpp/body_tracking/msg/skeleton__type_support.cpp.o[0m
[1.468s] [35m[1mScanning dependencies of target body_tracking__rosidl_typesupport_fastrtps_cpp[0m
[1.482s] [ 39%] [32mBuilding CXX object CMakeFiles/body_tracking__rosidl_typesupport_fastrtps_cpp.dir/rosidl_typesupport_fastrtps_cpp/body_tracking/msg/detail/dds_fastrtps/hip_coordinates__type_support.cpp.o[0m
[1.510s] [01m[K/home/robogait/azure_kinect_ws/src/body_tracking/src/kinectAzure_body_tracker_node.cpp:[m[K In member function ‘[01m[Kvoid MinimalPublisher::body_tracking()[m[K’:
[1.510s] [01m[K/home/robogait/azure_kinect_ws/src/body_tracking/src/kinectAzure_body_tracker_node.cpp:150:4:[m[K [01;31m[Kerror: [m[K‘[01m[Kelseif[m[K’ was not declared in this scope
[1.510s]   150 |    [01;31m[Kelseif[m[K (i == 1){
[1.510s]       |    [01;31m[K^~~~~~[m[K
[1.518s] [01m[K/home/robogait/azure_kinect_ws/src/body_tracking/src/kinectAzure_body_tracker_node.cpp:255:36:[m[K [01;31m[Kerror: [m[Kno matching function for call to ‘[01m[Krclcpp::Publisher<body_tracking::msg::HipCoordinates_<std::allocator<void> > >::publish(body_tracking::msg::Skeleton_<std::allocator<void> >&)[m[K’
[1.518s]   255 |   publisher_->publish(skeleton_data[01;31m[K)[m[K;
[1.519s]       |                                    [01;31m[K^[m[K
[1.519s] In file included from [01m[K/opt/ros/foxy/include/rclcpp/topic_statistics/subscription_topic_statistics.hpp:31[m[K,
[1.519s]                  from [01m[K/opt/ros/foxy/include/rclcpp/subscription.hpp:50[m[K,
[1.519s]                  from [01m[K/opt/ros/foxy/include/rclcpp/any_executable.hpp:25[m[K,
[1.519s]                  from [01m[K/opt/ros/foxy/include/rclcpp/memory_strategy.hpp:24[m[K,
[1.519s]                  from [01m[K/opt/ros/foxy/include/rclcpp/memory_strategies.hpp:18[m[K,
[1.519s]                  from [01m[K/opt/ros/foxy/include/rclcpp/executor_options.hpp:20[m[K,
[1.520s]                  from [01m[K/opt/ros/foxy/include/rclcpp/executor.hpp:33[m[K,
[1.520s]                  from [01m[K/opt/ros/foxy/include/rclcpp/executors/multi_threaded_executor.hpp:26[m[K,
[1.520s]                  from [01m[K/opt/ros/foxy/include/rclcpp/executors.hpp:21[m[K,
[1.520s]                  from [01m[K/opt/ros/foxy/include/rclcpp/rclcpp.hpp:146[m[K,
[1.520s]                  from [01m[K/home/robogait/azure_kinect_ws/src/body_tracking/src/kinectAzure_body_tracker_node.cpp:16[m[K:
[1.520s] [01m[K/opt/ros/foxy/include/rclcpp/publisher.hpp:185:3:[m[K [01;36m[Knote: [m[Kcandidate: ‘[01m[Kvoid rclcpp::Publisher<MessageT, AllocatorT>::publish(std::unique_ptr<MessageT, typename std::conditional<std::is_same<typename std::allocator_traits<typename std::allocator_traits<_Alloc>::rebind_traits<MessageT>::allocator_type>::rebind_alloc<MessageT>, typename std::allocator<void>::rebind<_Tp1>::other>::value, std::default_delete<_Tp>, rclcpp::allocator::AllocatorDeleter<typename std::allocator_traits<_Alloc>::rebind_traits<MessageT>::allocator_type> >::type>) [with MessageT = body_tracking::msg::HipCoordinates_<std::allocator<void> >; AllocatorT = std::allocator<void>; typename std::conditional<std::is_same<typename std::allocator_traits<typename std::allocator_traits<_Alloc>::rebind_traits<MessageT>::allocator_type>::rebind_alloc<MessageT>, typename std::allocator<void>::rebind<_Tp1>::other>::value, std::default_delete<_Tp>, rclcpp::allocator::AllocatorDeleter<typename std::allocator_traits<_Alloc>::rebind_traits<MessageT>::allocator_type> >::type = std::default_delete<body_tracking::msg::HipCoordinates_<std::allocator<void> > >][m[K’
[1.520s]   185 |   [01;36m[Kpublish[m[K(std::unique_ptr<MessageT, MessageDeleter> msg)
[1.520s]       |   [01;36m[K^~~~~~~[m[K
[1.520s] [01m[K/opt/ros/foxy/include/rclcpp/publisher.hpp:185:53:[m[K [01;36m[Knote: [m[K  no known conversion for argument 1 from ‘[01m[Kbody_tracking::msg::Skeleton_<std::allocator<void> >[m[K’ to ‘[01m[Kstd::unique_ptr<body_tracking::msg::HipCoordinates_<std::allocator<void> >, std::default_delete<body_tracking::msg::HipCoordinates_<std::allocator<void> > > >[m[K’
[1.521s]   185 |   publish([01;36m[Kstd::unique_ptr<MessageT, MessageDeleter> msg[m[K)
[1.521s]       |           [01;36m[K~~~~~~~~~~~~~~~~~~~~~~~~~~~~~~~~~~~~~~~~~~^~~[m[K
[1.521s] [01m[K/opt/ros/foxy/include/rclcpp/publisher.hpp:209:3:[m[K [01;36m[Knote: [m[Kcandidate: ‘[01m[Kvoid rclcpp::Publisher<MessageT, AllocatorT>::publish(const MessageT&) [with MessageT = body_tracking::msg::HipCoordinates_<std::allocator<void> >; AllocatorT = std::allocator<void>][m[K’
[1.521s]   209 |   [01;36m[Kpublish[m[K(const MessageT & msg)
[1.521s]       |   [01;36m[K^~~~~~~[m[K
[1.521s] [01m[K/opt/ros/foxy/include/rclcpp/publisher.hpp:209:28:[m[K [01;36m[Knote: [m[K  no known conversion for argument 1 from ‘[01m[Kbody_tracking::msg::Skeleton_<std::allocator<void> >[m[K’ to ‘[01m[Kconst body_tracking::msg::HipCoordinates_<std::allocator<void> >&[m[K’
[1.521s]   209 |   publish([01;36m[Kconst MessageT & msg[m[K)
[1.521s]       |           [01;36m[K~~~~~~~~~~~~~~~~~^~~[m[K
[1.522s] [01m[K/opt/ros/foxy/include/rclcpp/publisher.hpp:226:3:[m[K [01;36m[Knote: [m[Kcandidate: ‘[01m[Kvoid rclcpp::Publisher<MessageT, AllocatorT>::publish(const rcl_serialized_message_t&) [with MessageT = body_tracking::msg::HipCoordinates_<std::allocator<void> >; AllocatorT = std::allocator<void>; rcl_serialized_message_t = rcutils_uint8_array_t][m[K’
[1.522s]   226 |   [01;36m[Kpublish[m[K(const rcl_serialized_message_t & serialized_msg)
[1.522s]       |   [01;36m[K^~~~~~~[m[K
[1.522s] [01m[K/opt/ros/foxy/include/rclcpp/publisher.hpp:226:44:[m[K [01;36m[Knote: [m[K  no known conversion for argument 1 from ‘[01m[Kbody_tracking::msg::Skeleton_<std::allocator<void> >[m[K’ to ‘[01m[Kconst rcl_serialized_message_t&[m[K’ {aka ‘[01m[Kconst rcutils_uint8_array_t&[m[K’}
[1.522s]   226 |   publish([01;36m[Kconst rcl_serialized_message_t & serialized_msg[m[K)
[1.522s]       |           [01;36m[K~~~~~~~~~~~~~~~~~~~~~~~~~~~~~~~~~^~~~~~~~~~~~~~[m[K
[1.522s] [01m[K/opt/ros/foxy/include/rclcpp/publisher.hpp:232:3:[m[K [01;36m[Knote: [m[Kcandidate: ‘[01m[Kvoid rclcpp::Publisher<MessageT, AllocatorT>::publish(const rclcpp::SerializedMessage&) [with MessageT = body_tracking::msg::HipCoordinates_<std::allocator<void> >; AllocatorT = std::allocator<void>][m[K’
[1.522s]   232 |   [01;36m[Kpublish[m[K(const SerializedMessage & serialized_msg)
[1.522s]       |   [01;36m[K^~~~~~~[m[K
[1.522s] [01m[K/opt/ros/foxy/include/rclcpp/publisher.hpp:232:37:[m[K [01;36m[Knote: [m[K  no known conversion for argument 1 from ‘[01m[Kbody_tracking::msg::Skeleton_<std::allocator<void> >[m[K’ to ‘[01m[Kconst rclcpp::SerializedMessage&[m[K’
[1.523s]   232 |   publish([01;36m[Kconst SerializedMessage & serialized_msg[m[K)
[1.523s]       |           [01;36m[K~~~~~~~~~~~~~~~~~~~~~~~~~~^~~~~~~~~~~~~~[m[K
[1.523s] [01m[K/opt/ros/foxy/include/rclcpp/publisher.hpp:246:3:[m[K [01;36m[Knote: [m[Kcandidate: ‘[01m[Kvoid rclcpp::Publisher<MessageT, AllocatorT>::publish(rclcpp::LoanedMessage<MessageT, AllocatorT>&&) [with MessageT = body_tracking::msg::HipCoordinates_<std::allocator<void> >; AllocatorT = std::allocator<void>][m[K’
[1.523s]   246 |   [01;36m[Kpublish[m[K(rclcpp::LoanedMessage<MessageT, AllocatorT> && loaned_msg)
[1.523s]       |   [01;36m[K^~~~~~~[m[K
[1.523s] [01m[K/opt/ros/foxy/include/rclcpp/publisher.hpp:246:58:[m[K [01;36m[Knote: [m[K  no known conversion for argument 1 from ‘[01m[Kbody_tracking::msg::Skeleton_<std::allocator<void> >[m[K’ to ‘[01m[Krclcpp::LoanedMessage<body_tracking::msg::HipCoordinates_<std::allocator<void> >, std::allocator<void> >&&[m[K’
[1.523s]   246 |   publish([01;36m[Krclcpp::LoanedMessage<MessageT, AllocatorT> && loaned_msg[m[K)
[1.523s]       |           [01;36m[K~~~~~~~~~~~~~~~~~~~~~~~~~~~~~~~~~~~~~~~~~~~~~~~^~~~~~~~~~[m[K
[1.526s] [35m[1mScanning dependencies of target body_tracking__rosidl_typesupport_introspection_c[0m
[1.530s] [35m[1mScanning dependencies of target body_tracking__rosidl_typesupport_c[0m
[1.539s] [ 41%] [32mBuilding C object CMakeFiles/body_tracking__rosidl_typesupport_introspection_c.dir/rosidl_typesupport_introspection_c/body_tracking/msg/detail/hip_coordinates__type_support.c.o[0m
[1.543s] [ 43%] [32mBuilding CXX object CMakeFiles/body_tracking__rosidl_typesupport_c.dir/rosidl_typesupport_c/body_tracking/msg/hip_coordinates__type_support.cpp.o[0m
[1.575s] [ 46%] [32mBuilding C object CMakeFiles/body_tracking__rosidl_typesupport_introspection_c.dir/rosidl_typesupport_introspection_c/body_tracking/msg/detail/skeleton__type_support.c.o[0m
[1.576s] [ 48%] [32mBuilding CXX object CMakeFiles/body_tracking__rosidl_typesupport_c.dir/rosidl_typesupport_c/body_tracking/msg/skeleton__type_support.cpp.o[0m
[1.587s] [ 51%] [32mBuilding CXX object CMakeFiles/body_tracking__rosidl_typesupport_fastrtps_cpp.dir/rosidl_typesupport_fastrtps_cpp/body_tracking/msg/detail/dds_fastrtps/skeleton__type_support.cpp.o[0m
[1.595s] [ 53%] [32m[1mLinking CXX shared library libbody_tracking__rosidl_typesupport_introspection_cpp.so[0m
[1.609s] [ 56%] [32m[1mLinking CXX shared library libbody_tracking__rosidl_typesupport_c.so[0m
[1.612s] [ 58%] [32m[1mLinking C shared library libbody_tracking__rosidl_typesupport_introspection_c.so[0m
[1.651s] [ 58%] Built target body_tracking__rosidl_typesupport_introspection_c
[1.653s] [ 58%] Built target body_tracking__rosidl_typesupport_c
[1.656s] [ 58%] Built target body_tracking__rosidl_typesupport_introspection_cpp
[1.716s] [ 60%] [32m[1mLinking CXX shared library libbody_tracking__rosidl_typesupport_cpp.so[0m
[1.744s] [ 60%] Built target body_tracking__rosidl_typesupport_cpp
[1.872s] [ 63%] [32m[1mLinking CXX shared library libbody_tracking__rosidl_typesupport_fastrtps_cpp.so[0m
[1.928s] [ 63%] Built target body_tracking__rosidl_typesupport_fastrtps_cpp
[1.935s] [ 65%] [34m[1mGenerating C type support for eProsima Fast-RTPS[0m
[2.164s] At global scope:
[2.164s] [01m[Kcc1plus:[m[K [01;35m[Kwarning: [m[Kunrecognized command line option ‘[01m[K-Wno-dev[m[K’
[2.179s] make[2]: *** [CMakeFiles/body_tracking_node.dir/build.make:63: CMakeFiles/body_tracking_node.dir/src/kinectAzure_body_tracker_node.cpp.o] Error 1
[2.179s] make[1]: *** [CMakeFiles/Makefile2:208: CMakeFiles/body_tracking_node.dir/all] Error 2
[2.179s] make[1]: *** Waiting for unfinished jobs....
[2.199s] [35m[1mScanning dependencies of target body_tracking__rosidl_typesupport_fastrtps_c[0m
[2.207s] [ 70%] [32mBuilding CXX object CMakeFiles/body_tracking__rosidl_typesupport_fastrtps_c.dir/rosidl_typesupport_fastrtps_c/body_tracking/msg/detail/skeleton__type_support_c.cpp.o[0m
[2.207s] [ 70%] [32mBuilding CXX object CMakeFiles/body_tracking__rosidl_typesupport_fastrtps_c.dir/rosidl_typesupport_fastrtps_c/body_tracking/msg/detail/hip_coordinates__type_support_c.cpp.o[0m
[2.410s] [ 73%] [32m[1mLinking CXX shared library libbody_tracking__rosidl_typesupport_fastrtps_c.so[0m
[2.464s] [ 73%] Built target body_tracking__rosidl_typesupport_fastrtps_c
[2.464s] make: *** [Makefile:141: all] Error 2
[2.466s] Invoked command in '/home/robogait/azure_kinect_ws/build/body_tracking' returned '2': CMAKE_PREFIX_PATH=${CMAKE_PREFIX_PATH}:/home/robogait/ros2_serial/install/ourbotmanager:/opt/ros/foxy /usr/bin/cmake --build /home/robogait/azure_kinect_ws/build/body_tracking -- -j8 -l8
