[0.013s] Invoking command in '/home/robogait/catkin_ws/build/pkg_navigation': CMAKE_PREFIX_PATH=${CMAKE_PREFIX_PATH}:/home/robogait/nav2_ws/install/nav2_gazebo_spawner:/home/robogait/ros2_serial/install/ourbotmanager:/home/robogait/ros2_ws/install/nav2_project:/opt/ros/foxy /usr/bin/cmake --build /home/robogait/catkin_ws/build/pkg_navigation -- -j8 -l8
[0.060s] [35m[1mScanning dependencies of target robot_controller[0m
[0.086s] [ 33%] Built target person_odom_tf2_listener
[0.086s] [ 33%] Built target tf2_broadcaster_person
[0.086s] [ 55%] Built target tf2_broadcaster
[0.086s] [ 33%] Built target publisher_subscriber
[0.086s] [ 66%] Built target robot_controller_position
[0.086s] [ 77%] Built target robot_odom_tf2_listener
[0.087s] [ 55%] Built target publisher_initial_pose
[0.092s] [ 83%] [32mBuilding CXX object CMakeFiles/robot_controller.dir/src/robot_controller.cpp.o[0m
[0.118s] [ 94%] Built target robot_controller_straight
[0.903s] [01m[K/home/robogait/catkin_ws/src/pkg_navigation/src/robot_controller.cpp:[m[K In constructor ‘[01m[Kgeneric::generic()[m[K’:
[0.903s] [01m[K/home/robogait/catkin_ws/src/pkg_navigation/src/robot_controller.cpp:56:141:[m[K [01;31m[Kerror: [m[Kno match for ‘[01m[Koperator=[m[K’ (operand types are ‘[01m[Krclcpp::Subscription<nav_msgs::msg::Odometry_<std::allocator<void> > >::SharedPtr[m[K’ {aka ‘[01m[Kstd::shared_ptr<rclcpp::Subscription<nav_msgs::msg::Odometry_<std::allocator<void> > > >[m[K’} and ‘[01m[Kstd::shared_ptr<rclcpp::Subscription<std_msgs::msg::Float32_<std::allocator<void> >, std::allocator<void>, rclcpp::message_memory_strategy::MessageMemoryStrategy<std_msgs::msg::Float32_<std::allocator<void> >, std::allocator<void> > > >[m[K’)
[0.903s]    56 |   subscription_angle_test = this->create_subscription<std_msgs::msg::Float32>("angle",10, std::bind(&generic::callback_angle_test, this, _1)[01;31m[K)[m[K;
[0.903s]       |                                                                                                                                             [01;31m[K^[m[K
[0.903s] In file included from [01m[K/usr/include/c++/9/memory:81[m[K,
[0.903s]                  from [01m[K/home/robogait/catkin_ws/src/pkg_navigation/src/robot_controller.cpp:3[m[K:
[0.903s] [01m[K/usr/include/c++/9/bits/shared_ptr.h:309:19:[m[K [01;36m[Knote: [m[Kcandidate: ‘[01m[Kstd::shared_ptr<_Tp>& std::shared_ptr<_Tp>::operator=(const std::shared_ptr<_Tp>&) [with _Tp = rclcpp::Subscription<nav_msgs::msg::Odometry_<std::allocator<void> > >][m[K’
[0.903s]   309 |       shared_ptr& [01;36m[Koperator[m[K=(const shared_ptr&) noexcept = default;
[0.903s]       |                   [01;36m[K^~~~~~~~[m[K
[0.903s] [01m[K/usr/include/c++/9/bits/shared_ptr.h:309:29:[m[K [01;36m[Knote: [m[K  no known conversion for argument 1 from ‘[01m[Kstd::shared_ptr<rclcpp::Subscription<std_msgs::msg::Float32_<std::allocator<void> >, std::allocator<void>, rclcpp::message_memory_strategy::MessageMemoryStrategy<std_msgs::msg::Float32_<std::allocator<void> >, std::allocator<void> > > >[m[K’ to ‘[01m[Kconst std::shared_ptr<rclcpp::Subscription<nav_msgs::msg::Odometry_<std::allocator<void> > > >&[m[K’
[0.903s]   309 |       shared_ptr& operator=([01;36m[Kconst shared_ptr&[m[K) noexcept = default;
[0.903s]       |                             [01;36m[K^~~~~~~~~~~~~~~~~[m[K
[0.903s] [01m[K/usr/include/c++/9/bits/shared_ptr.h:313:2:[m[K [01;36m[Knote: [m[Kcandidate: ‘[01m[Ktemplate<class _Yp> std::shared_ptr<_Tp>::_Assignable<const std::shared_ptr<_Yp>&> std::shared_ptr<_Tp>::operator=(const std::shared_ptr<_Yp>&) [with _Yp = _Yp; _Tp = rclcpp::Subscription<nav_msgs::msg::Odometry_<std::allocator<void> > >][m[K’
[0.903s]   313 |  [01;36m[Koperator[m[K=(const shared_ptr<_Yp>& __r) noexcept
[0.903s]       |  [01;36m[K^~~~~~~~[m[K
[0.903s] [01m[K/usr/include/c++/9/bits/shared_ptr.h:313:2:[m[K [01;36m[Knote: [m[K  template argument deduction/substitution failed:
[0.904s] /usr/include/c++/9/bits/shared_ptr.h: In substitution of ‘[01m[Ktemplate<class _Tp> template<class _Arg> using _Assignable = typename std::enable_if<std::is_assignable<std::__shared_ptr<_Tp>&, _Arg>::value, std::shared_ptr<_Tp>&>::type [with _Arg = const std::shared_ptr<rclcpp::Subscription<std_msgs::msg::Float32_<std::allocator<void> >, std::allocator<void>, rclcpp::message_memory_strategy::MessageMemoryStrategy<std_msgs::msg::Float32_<std::allocator<void> >, std::allocator<void> > > >&; _Tp = rclcpp::Subscription<nav_msgs::msg::Odometry_<std::allocator<void> > >][m[K’:
[0.904s] [01m[K/usr/include/c++/9/bits/shared_ptr.h:313:2:[m[K   required by substitution of ‘[01m[Ktemplate<class _Yp> std::shared_ptr<rclcpp::Subscription<nav_msgs::msg::Odometry_<std::allocator<void> > > >::_Assignable<const std::shared_ptr<_Tp>&> std::shared_ptr<rclcpp::Subscription<nav_msgs::msg::Odometry_<std::allocator<void> > > >::operator=<_Yp>(const std::shared_ptr<_Tp>&) [with _Yp = rclcpp::Subscription<std_msgs::msg::Float32_<std::allocator<void> >, std::allocator<void>, rclcpp::message_memory_strategy::MessageMemoryStrategy<std_msgs::msg::Float32_<std::allocator<void> >, std::allocator<void> > >][m[K’
[0.904s] [01m[K/home/robogait/catkin_ws/src/pkg_navigation/src/robot_controller.cpp:56:141:[m[K   required from here
[0.904s] [01m[K/usr/include/c++/9/bits/shared_ptr.h:111:8:[m[K [01;31m[Kerror: [m[Kno type named ‘[01m[Ktype[m[K’ in ‘[01m[Kstruct std::enable_if<false, std::shared_ptr<rclcpp::Subscription<nav_msgs::msg::Odometry_<std::allocator<void> > > >&>[m[K’
[0.904s]   111 |  using [01;31m[K_Assignable[m[K = typename enable_if<
[0.904s]       |        [01;31m[K^~~~~~~~~~~[m[K
[0.904s] [01m[K/usr/include/c++/9/bits/shared_ptr.h:324:2:[m[K [01;36m[Knote: [m[Kcandidate: ‘[01m[Ktemplate<class _Yp> std::shared_ptr<_Tp>::_Assignable<std::auto_ptr<_Up> > std::shared_ptr<_Tp>::operator=(std::auto_ptr<_Up>&&) [with _Yp = _Yp; _Tp = rclcpp::Subscription<nav_msgs::msg::Odometry_<std::allocator<void> > >][m[K’
[0.904s]   324 |  [01;36m[Koperator[m[K=(auto_ptr<_Yp>&& __r)
[0.904s]       |  [01;36m[K^~~~~~~~[m[K
[0.904s] [01m[K/usr/include/c++/9/bits/shared_ptr.h:324:2:[m[K [01;36m[Knote: [m[K  template argument deduction/substitution failed:
[0.904s] [01m[K/home/robogait/catkin_ws/src/pkg_navigation/src/robot_controller.cpp:56:141:[m[K [01;36m[Knote: [m[K  ‘[01m[Kstd::shared_ptr<rclcpp::Subscription<std_msgs::msg::Float32_<std::allocator<void> >, std::allocator<void>, rclcpp::message_memory_strategy::MessageMemoryStrategy<std_msgs::msg::Float32_<std::allocator<void> >, std::allocator<void> > > >[m[K’ is not derived from ‘[01m[Kstd::auto_ptr<_Up>[m[K’
[0.904s]    56 |   subscription_angle_test = this->create_subscription<std_msgs::msg::Float32>("angle",10, std::bind(&generic::callback_angle_test, this, _1)[01;36m[K)[m[K;
[0.904s]       |                                                                                                                                             [01;36m[K^[m[K
[0.904s] In file included from [01m[K/usr/include/c++/9/memory:81[m[K,
[0.904s]                  from [01m[K/home/robogait/catkin_ws/src/pkg_navigation/src/robot_controller.cpp:3[m[K:
[0.904s] [01m[K/usr/include/c++/9/bits/shared_ptr.h:333:7:[m[K [01;36m[Knote: [m[Kcandidate: ‘[01m[Kstd::shared_ptr<_Tp>& std::shared_ptr<_Tp>::operator=(std::shared_ptr<_Tp>&&) [with _Tp = rclcpp::Subscription<nav_msgs::msg::Odometry_<std::allocator<void> > >][m[K’
[0.904s]   333 |       [01;36m[Koperator[m[K=(shared_ptr&& __r) noexcept
[0.904s]       |       [01;36m[K^~~~~~~~[m[K
[0.904s] [01m[K/usr/include/c++/9/bits/shared_ptr.h:333:30:[m[K [01;36m[Knote: [m[K  no known conversion for argument 1 from ‘[01m[Kstd::shared_ptr<rclcpp::Subscription<std_msgs::msg::Float32_<std::allocator<void> >, std::allocator<void>, rclcpp::message_memory_strategy::MessageMemoryStrategy<std_msgs::msg::Float32_<std::allocator<void> >, std::allocator<void> > > >[m[K’ to ‘[01m[Kstd::shared_ptr<rclcpp::Subscription<nav_msgs::msg::Odometry_<std::allocator<void> > > >&&[m[K’
[0.904s]   333 |       operator=([01;36m[Kshared_ptr&& __r[m[K) noexcept
[0.904s]       |                 [01;36m[K~~~~~~~~~~~~~^~~[m[K
[0.904s] [01m[K/usr/include/c++/9/bits/shared_ptr.h:341:2:[m[K [01;36m[Knote: [m[Kcandidate: ‘[01m[Ktemplate<class _Yp> std::shared_ptr<_Tp>::_Assignable<std::shared_ptr<_Yp> > std::shared_ptr<_Tp>::operator=(std::shared_ptr<_Yp>&&) [with _Yp = _Yp; _Tp = rclcpp::Subscription<nav_msgs::msg::Odometry_<std::allocator<void> > >][m[K’
[0.904s]   341 |  [01;36m[Koperator[m[K=(shared_ptr<_Yp>&& __r) noexcept
[0.904s]       |  [01;36m[K^~~~~~~~[m[K
[0.904s] [01m[K/usr/include/c++/9/bits/shared_ptr.h:341:2:[m[K [01;36m[Knote: [m[K  template argument deduction/substitution failed:
[0.904s] /usr/include/c++/9/bits/shared_ptr.h: In substitution of ‘[01m[Ktemplate<class _Tp> template<class _Arg> using _Assignable = typename std::enable_if<std::is_assignable<std::__shared_ptr<_Tp>&, _Arg>::value, std::shared_ptr<_Tp>&>::type [with _Arg = std::shared_ptr<rclcpp::Subscription<std_msgs::msg::Float32_<std::allocator<void> >, std::allocator<void>, rclcpp::message_memory_strategy::MessageMemoryStrategy<std_msgs::msg::Float32_<std::allocator<void> >, std::allocator<void> > > >; _Tp = rclcpp::Subscription<nav_msgs::msg::Odometry_<std::allocator<void> > >][m[K’:
[0.904s] [01m[K/usr/include/c++/9/bits/shared_ptr.h:341:2:[m[K   required by substitution of ‘[01m[Ktemplate<class _Yp> std::shared_ptr<rclcpp::Subscription<nav_msgs::msg::Odometry_<std::allocator<void> > > >::_Assignable<std::shared_ptr<_Tp> > std::shared_ptr<rclcpp::Subscription<nav_msgs::msg::Odometry_<std::allocator<void> > > >::operator=<_Yp>(std::shared_ptr<_Tp>&&) [with _Yp = rclcpp::Subscription<std_msgs::msg::Float32_<std::allocator<void> >, std::allocator<void>, rclcpp::message_memory_strategy::MessageMemoryStrategy<std_msgs::msg::Float32_<std::allocator<void> >, std::allocator<void> > >][m[K’
[0.905s] [01m[K/home/robogait/catkin_ws/src/pkg_navigation/src/robot_controller.cpp:56:141:[m[K   required from here
[0.905s] [01m[K/usr/include/c++/9/bits/shared_ptr.h:111:8:[m[K [01;31m[Kerror: [m[Kno type named ‘[01m[Ktype[m[K’ in ‘[01m[Kstruct std::enable_if<false, std::shared_ptr<rclcpp::Subscription<nav_msgs::msg::Odometry_<std::allocator<void> > > >&>[m[K’
[0.905s]   111 |  using [01;31m[K_Assignable[m[K = typename enable_if<
[0.905s]       |        [01;31m[K^~~~~~~~~~~[m[K
[0.905s] [01m[K/usr/include/c++/9/bits/shared_ptr.h:349:2:[m[K [01;36m[Knote: [m[Kcandidate: ‘[01m[Ktemplate<class _Yp, class _Del> std::shared_ptr<_Tp>::_Assignable<std::unique_ptr<_Up, _Ep> > std::shared_ptr<_Tp>::operator=(std::unique_ptr<_Up, _Ep>&&) [with _Yp = _Yp; _Del = _Del; _Tp = rclcpp::Subscription<nav_msgs::msg::Odometry_<std::allocator<void> > >][m[K’
[0.905s]   349 |  [01;36m[Koperator[m[K=(unique_ptr<_Yp, _Del>&& __r)
[0.905s]       |  [01;36m[K^~~~~~~~[m[K
[0.905s] [01m[K/usr/include/c++/9/bits/shared_ptr.h:349:2:[m[K [01;36m[Knote: [m[K  template argument deduction/substitution failed:
[0.905s] [01m[K/home/robogait/catkin_ws/src/pkg_navigation/src/robot_controller.cpp:56:141:[m[K [01;36m[Knote: [m[K  ‘[01m[Kstd::shared_ptr<rclcpp::Subscription<std_msgs::msg::Float32_<std::allocator<void> >, std::allocator<void>, rclcpp::message_memory_strategy::MessageMemoryStrategy<std_msgs::msg::Float32_<std::allocator<void> >, std::allocator<void> > > >[m[K’ is not derived from ‘[01m[Kstd::unique_ptr<_Tp, _Dp>[m[K’
[0.905s]    56 |   subscription_angle_test = this->create_subscription<std_msgs::msg::Float32>("angle",10, std::bind(&generic::callback_angle_test, this, _1)[01;36m[K)[m[K;
[0.905s]       |                                                                                                                                             [01;36m[K^[m[K
[3.014s] make[2]: *** [CMakeFiles/robot_controller.dir/build.make:63: CMakeFiles/robot_controller.dir/src/robot_controller.cpp.o] Error 1
[3.014s] make[1]: *** [CMakeFiles/Makefile2:256: CMakeFiles/robot_controller.dir/all] Error 2
[3.015s] make: *** [Makefile:141: all] Error 2
[3.017s] Invoked command in '/home/robogait/catkin_ws/build/pkg_navigation' returned '2': CMAKE_PREFIX_PATH=${CMAKE_PREFIX_PATH}:/home/robogait/nav2_ws/install/nav2_gazebo_spawner:/home/robogait/ros2_serial/install/ourbotmanager:/home/robogait/ros2_ws/install/nav2_project:/opt/ros/foxy /usr/bin/cmake --build /home/robogait/catkin_ws/build/pkg_navigation -- -j8 -l8
